[2022-06-12 17:22:19,286] {taskinstance.py:1159} INFO - Dependencies all met for <TaskInstance: ingest_data.get_data_to_ingest_from_local_file_task scheduled__2022-06-12T05:17:00+00:00 [queued]>
[2022-06-12 17:22:19,320] {taskinstance.py:1159} INFO - Dependencies all met for <TaskInstance: ingest_data.get_data_to_ingest_from_local_file_task scheduled__2022-06-12T05:17:00+00:00 [queued]>
[2022-06-12 17:22:19,321] {taskinstance.py:1356} INFO - 
--------------------------------------------------------------------------------
[2022-06-12 17:22:19,321] {taskinstance.py:1357} INFO - Starting attempt 1 of 1
[2022-06-12 17:22:19,322] {taskinstance.py:1358} INFO - 
--------------------------------------------------------------------------------
[2022-06-12 17:22:19,393] {taskinstance.py:1377} INFO - Executing <Task(_PythonDecoratedOperator): get_data_to_ingest_from_local_file_task> on 2022-06-12 05:17:00+00:00
[2022-06-12 17:22:19,399] {standard_task_runner.py:52} INFO - Started process 8464 to run task
[2022-06-12 17:22:19,435] {standard_task_runner.py:79} INFO - Running: ['airflow', 'tasks', 'run', 'ingest_data', 'get_data_to_ingest_from_local_file_task', 'scheduled__2022-06-12T05:17:00+00:00', '--job-id', '1028', '--raw', '--subdir', 'DAGS_FOLDER/ingestion_dag.py', '--cfg-path', '/tmp/tmpdb7s77l6', '--error-file', '/tmp/tmppnn4irsa']
[2022-06-12 17:22:19,438] {standard_task_runner.py:80} INFO - Job 1028: Subtask get_data_to_ingest_from_local_file_task
[2022-06-12 17:22:19,582] {task_command.py:370} INFO - Running <TaskInstance: ingest_data.get_data_to_ingest_from_local_file_task scheduled__2022-06-12T05:17:00+00:00 [running]> on host DESKTOP-GDPK8BL.localdomain
[2022-06-12 17:22:20,023] {taskinstance.py:1569} INFO - Exporting the following env vars:
AIRFLOW_CTX_DAG_OWNER=airflow
AIRFLOW_CTX_DAG_ID=ingest_data
AIRFLOW_CTX_TASK_ID=get_data_to_ingest_from_local_file_task
AIRFLOW_CTX_EXECUTION_DATE=2022-06-12T05:17:00+00:00
AIRFLOW_CTX_TRY_NUMBER=1
AIRFLOW_CTX_DAG_RUN_ID=scheduled__2022-06-12T05:17:00+00:00
[2022-06-12 17:22:20,098] {python.py:173} INFO - Done. Returned value was:           AT      V       AP     RH      PE
41571  20.77  43.77  1010.76  63.12  453.46
29984  16.46  61.27  1020.02  74.54  456.64
23317  20.28  63.86  1016.04  74.66  447.26
21062  15.23  37.87  1020.17  85.02  464.02
32889  17.21  52.90  1019.91  77.31  460.88
[2022-06-12 17:22:20,249] {taskinstance.py:1395} INFO - Marking task as SUCCESS. dag_id=ingest_data, task_id=get_data_to_ingest_from_local_file_task, execution_date=20220612T051700, start_date=20220612T152219, end_date=20220612T152220
[2022-06-12 17:22:20,330] {local_task_job.py:156} INFO - Task exited with return code 0
[2022-06-12 17:22:20,580] {local_task_job.py:273} INFO - 1 downstream tasks scheduled from follow-on schedule check
