[2022-06-12 17:32:56,739] {taskinstance.py:1159} INFO - Dependencies all met for <TaskInstance: ingest_data.get_data_to_ingest_from_local_file_task scheduled__2022-06-12T06:25:00+00:00 [queued]>
[2022-06-12 17:32:56,777] {taskinstance.py:1159} INFO - Dependencies all met for <TaskInstance: ingest_data.get_data_to_ingest_from_local_file_task scheduled__2022-06-12T06:25:00+00:00 [queued]>
[2022-06-12 17:32:56,777] {taskinstance.py:1356} INFO - 
--------------------------------------------------------------------------------
[2022-06-12 17:32:56,778] {taskinstance.py:1357} INFO - Starting attempt 1 of 1
[2022-06-12 17:32:56,778] {taskinstance.py:1358} INFO - 
--------------------------------------------------------------------------------
[2022-06-12 17:32:56,859] {taskinstance.py:1377} INFO - Executing <Task(_PythonDecoratedOperator): get_data_to_ingest_from_local_file_task> on 2022-06-12 06:25:00+00:00
[2022-06-12 17:32:56,865] {standard_task_runner.py:52} INFO - Started process 9460 to run task
[2022-06-12 17:32:56,875] {standard_task_runner.py:79} INFO - Running: ['airflow', 'tasks', 'run', 'ingest_data', 'get_data_to_ingest_from_local_file_task', 'scheduled__2022-06-12T06:25:00+00:00', '--job-id', '1163', '--raw', '--subdir', 'DAGS_FOLDER/ingestion_dag.py', '--cfg-path', '/tmp/tmp8f8xziru', '--error-file', '/tmp/tmphsgtcnjp']
[2022-06-12 17:32:56,877] {standard_task_runner.py:80} INFO - Job 1163: Subtask get_data_to_ingest_from_local_file_task
[2022-06-12 17:32:57,016] {task_command.py:370} INFO - Running <TaskInstance: ingest_data.get_data_to_ingest_from_local_file_task scheduled__2022-06-12T06:25:00+00:00 [running]> on host DESKTOP-GDPK8BL.localdomain
[2022-06-12 17:32:57,472] {taskinstance.py:1569} INFO - Exporting the following env vars:
AIRFLOW_CTX_DAG_OWNER=airflow
AIRFLOW_CTX_DAG_ID=ingest_data
AIRFLOW_CTX_TASK_ID=get_data_to_ingest_from_local_file_task
AIRFLOW_CTX_EXECUTION_DATE=2022-06-12T06:25:00+00:00
AIRFLOW_CTX_TRY_NUMBER=1
AIRFLOW_CTX_DAG_RUN_ID=scheduled__2022-06-12T06:25:00+00:00
[2022-06-12 17:32:57,544] {python.py:173} INFO - Done. Returned value was:           AT      V       AP     RH      PE
23239  31.27  73.91  1003.72  68.92  430.59
46446  14.03  49.15  1020.50  83.65  467.16
29559  26.56  52.30  1007.40  62.04  439.25
4104   22.65  60.93  1006.43  85.13  440.52
16625  16.00  48.78  1013.90  88.64  458.27
[2022-06-12 17:32:57,705] {taskinstance.py:1395} INFO - Marking task as SUCCESS. dag_id=ingest_data, task_id=get_data_to_ingest_from_local_file_task, execution_date=20220612T062500, start_date=20220612T153256, end_date=20220612T153257
[2022-06-12 17:32:57,817] {local_task_job.py:156} INFO - Task exited with return code 0
[2022-06-12 17:32:58,080] {local_task_job.py:273} INFO - 1 downstream tasks scheduled from follow-on schedule check
