[2022-06-12 16:23:30,221] {taskinstance.py:1159} INFO - Dependencies all met for <TaskInstance: ingest_data.get_data_to_ingest_from_local_file_task scheduled__2022-06-11T23:36:00+00:00 [queued]>
[2022-06-12 16:23:30,263] {taskinstance.py:1159} INFO - Dependencies all met for <TaskInstance: ingest_data.get_data_to_ingest_from_local_file_task scheduled__2022-06-11T23:36:00+00:00 [queued]>
[2022-06-12 16:23:30,264] {taskinstance.py:1356} INFO - 
--------------------------------------------------------------------------------
[2022-06-12 16:23:30,265] {taskinstance.py:1357} INFO - Starting attempt 1 of 1
[2022-06-12 16:23:30,266] {taskinstance.py:1358} INFO - 
--------------------------------------------------------------------------------
[2022-06-12 16:23:30,371] {taskinstance.py:1377} INFO - Executing <Task(_PythonDecoratedOperator): get_data_to_ingest_from_local_file_task> on 2022-06-11 23:36:00+00:00
[2022-06-12 16:23:30,387] {standard_task_runner.py:52} INFO - Started process 3396 to run task
[2022-06-12 16:23:30,394] {standard_task_runner.py:79} INFO - Running: ['airflow', 'tasks', 'run', 'ingest_data', 'get_data_to_ingest_from_local_file_task', 'scheduled__2022-06-11T23:36:00+00:00', '--job-id', '346', '--raw', '--subdir', 'DAGS_FOLDER/ingestion_dag.py', '--cfg-path', '/tmp/tmps9u2g5_l', '--error-file', '/tmp/tmpc94k5ix2']
[2022-06-12 16:23:30,396] {standard_task_runner.py:80} INFO - Job 346: Subtask get_data_to_ingest_from_local_file_task
[2022-06-12 16:23:30,522] {task_command.py:370} INFO - Running <TaskInstance: ingest_data.get_data_to_ingest_from_local_file_task scheduled__2022-06-11T23:36:00+00:00 [running]> on host DESKTOP-GDPK8BL.localdomain
[2022-06-12 16:23:30,934] {taskinstance.py:1569} INFO - Exporting the following env vars:
AIRFLOW_CTX_DAG_OWNER=airflow
AIRFLOW_CTX_DAG_ID=ingest_data
AIRFLOW_CTX_TASK_ID=get_data_to_ingest_from_local_file_task
AIRFLOW_CTX_EXECUTION_DATE=2022-06-11T23:36:00+00:00
AIRFLOW_CTX_TRY_NUMBER=1
AIRFLOW_CTX_DAG_RUN_ID=scheduled__2022-06-11T23:36:00+00:00
[2022-06-12 16:23:31,010] {python.py:173} INFO - Done. Returned value was:           AT      V       AP     RH      PE
8004   13.67  44.92  1023.60  85.35  467.71
17963  15.66  41.70  1018.00  77.00  452.58
3273   26.76  49.02  1007.96  70.05  439.40
35849  24.41  52.30  1006.28  70.33  442.62
538    14.30  54.30  1015.16  75.29  464.90
[2022-06-12 16:23:31,104] {taskinstance.py:1395} INFO - Marking task as SUCCESS. dag_id=ingest_data, task_id=get_data_to_ingest_from_local_file_task, execution_date=20220611T233600, start_date=20220612T142330, end_date=20220612T142331
[2022-06-12 16:23:31,175] {local_task_job.py:156} INFO - Task exited with return code 0
[2022-06-12 16:23:31,393] {local_task_job.py:273} INFO - 1 downstream tasks scheduled from follow-on schedule check
