[2022-06-12 19:43:50,988] {taskinstance.py:1159} INFO - Dependencies all met for <TaskInstance: ingest_data.get_data_to_ingest_from_local_file_task scheduled__2022-06-12T08:39:00+00:00 [queued]>
[2022-06-12 19:43:51,024] {taskinstance.py:1159} INFO - Dependencies all met for <TaskInstance: ingest_data.get_data_to_ingest_from_local_file_task scheduled__2022-06-12T08:39:00+00:00 [queued]>
[2022-06-12 19:43:51,025] {taskinstance.py:1356} INFO - 
--------------------------------------------------------------------------------
[2022-06-12 19:43:51,025] {taskinstance.py:1357} INFO - Starting attempt 1 of 1
[2022-06-12 19:43:51,026] {taskinstance.py:1358} INFO - 
--------------------------------------------------------------------------------
[2022-06-12 19:43:51,110] {taskinstance.py:1377} INFO - Executing <Task(_PythonDecoratedOperator): get_data_to_ingest_from_local_file_task> on 2022-06-12 08:39:00+00:00
[2022-06-12 19:43:51,116] {standard_task_runner.py:52} INFO - Started process 11443 to run task
[2022-06-12 19:43:51,122] {standard_task_runner.py:79} INFO - Running: ['airflow', 'tasks', 'run', 'ingest_data', 'get_data_to_ingest_from_local_file_task', 'scheduled__2022-06-12T08:39:00+00:00', '--job-id', '1431', '--raw', '--subdir', 'DAGS_FOLDER/ingestion_dag.py', '--cfg-path', '/tmp/tmphyfkqoxe', '--error-file', '/tmp/tmp03l7pmvy']
[2022-06-12 19:43:51,124] {standard_task_runner.py:80} INFO - Job 1431: Subtask get_data_to_ingest_from_local_file_task
[2022-06-12 19:43:51,264] {task_command.py:370} INFO - Running <TaskInstance: ingest_data.get_data_to_ingest_from_local_file_task scheduled__2022-06-12T08:39:00+00:00 [running]> on host DESKTOP-GDPK8BL.localdomain
[2022-06-12 19:43:51,662] {taskinstance.py:1569} INFO - Exporting the following env vars:
AIRFLOW_CTX_DAG_OWNER=airflow
AIRFLOW_CTX_DAG_ID=ingest_data
AIRFLOW_CTX_TASK_ID=get_data_to_ingest_from_local_file_task
AIRFLOW_CTX_EXECUTION_DATE=2022-06-12T08:39:00+00:00
AIRFLOW_CTX_TRY_NUMBER=1
AIRFLOW_CTX_DAG_RUN_ID=scheduled__2022-06-12T08:39:00+00:00
[2022-06-12 19:43:51,732] {python.py:173} INFO - Done. Returned value was:           AT      V       AP     RH      PE
44263  21.46  51.61  1010.91  76.41  457.28
38799  29.51  75.60  1017.92  50.61  431.18
37476   8.31  40.46  1020.07  78.18  476.72
21055  14.56  40.89  1010.94  79.57  467.53
32615  20.08  54.42  1011.79  89.35  457.14
[2022-06-12 19:43:51,868] {taskinstance.py:1395} INFO - Marking task as SUCCESS. dag_id=ingest_data, task_id=get_data_to_ingest_from_local_file_task, execution_date=20220612T083900, start_date=20220612T174350, end_date=20220612T174351
[2022-06-12 19:43:51,940] {local_task_job.py:156} INFO - Task exited with return code 0
[2022-06-12 19:43:52,171] {local_task_job.py:273} INFO - 1 downstream tasks scheduled from follow-on schedule check
