[2022-06-12 17:36:17,070] {taskinstance.py:1159} INFO - Dependencies all met for <TaskInstance: ingest_data.save_data_task scheduled__2022-06-12T06:45:00+00:00 [queued]>
[2022-06-12 17:36:17,108] {taskinstance.py:1159} INFO - Dependencies all met for <TaskInstance: ingest_data.save_data_task scheduled__2022-06-12T06:45:00+00:00 [queued]>
[2022-06-12 17:36:17,109] {taskinstance.py:1356} INFO - 
--------------------------------------------------------------------------------
[2022-06-12 17:36:17,109] {taskinstance.py:1357} INFO - Starting attempt 1 of 1
[2022-06-12 17:36:17,110] {taskinstance.py:1358} INFO - 
--------------------------------------------------------------------------------
[2022-06-12 17:36:17,174] {taskinstance.py:1377} INFO - Executing <Task(_PythonDecoratedOperator): save_data_task> on 2022-06-12 06:45:00+00:00
[2022-06-12 17:36:17,188] {standard_task_runner.py:79} INFO - Running: ['airflow', 'tasks', 'run', 'ingest_data', 'save_data_task', 'scheduled__2022-06-12T06:45:00+00:00', '--job-id', '1206', '--raw', '--subdir', 'DAGS_FOLDER/ingestion_dag.py', '--cfg-path', '/tmp/tmpgeici0rx', '--error-file', '/tmp/tmptajw5znl']
[2022-06-12 17:36:17,190] {standard_task_runner.py:80} INFO - Job 1206: Subtask save_data_task
[2022-06-12 17:36:17,181] {standard_task_runner.py:52} INFO - Started process 9778 to run task
[2022-06-12 17:36:17,351] {task_command.py:370} INFO - Running <TaskInstance: ingest_data.save_data_task scheduled__2022-06-12T06:45:00+00:00 [running]> on host DESKTOP-GDPK8BL.localdomain
[2022-06-12 17:36:17,908] {taskinstance.py:1569} INFO - Exporting the following env vars:
AIRFLOW_CTX_DAG_OWNER=airflow
AIRFLOW_CTX_DAG_ID=ingest_data
AIRFLOW_CTX_TASK_ID=save_data_task
AIRFLOW_CTX_EXECUTION_DATE=2022-06-12T06:45:00+00:00
AIRFLOW_CTX_TRY_NUMBER=1
AIRFLOW_CTX_DAG_RUN_ID=scheduled__2022-06-12T06:45:00+00:00
[2022-06-12 17:36:17,922] {python.py:173} INFO - Done. Returned value was: None
[2022-06-12 17:36:17,948] {taskinstance.py:1395} INFO - Marking task as SUCCESS. dag_id=ingest_data, task_id=save_data_task, execution_date=20220612T064500, start_date=20220612T153617, end_date=20220612T153617
[2022-06-12 17:36:18,054] {local_task_job.py:156} INFO - Task exited with return code 0
[2022-06-12 17:36:18,301] {local_task_job.py:273} INFO - 0 downstream tasks scheduled from follow-on schedule check
