[2022-06-12 16:13:38,461] {taskinstance.py:1159} INFO - Dependencies all met for <TaskInstance: ingest_data.get_data_to_ingest_from_local_file_task scheduled__2022-06-11T22:42:00+00:00 [queued]>
[2022-06-12 16:13:38,491] {taskinstance.py:1159} INFO - Dependencies all met for <TaskInstance: ingest_data.get_data_to_ingest_from_local_file_task scheduled__2022-06-11T22:42:00+00:00 [queued]>
[2022-06-12 16:13:38,492] {taskinstance.py:1356} INFO - 
--------------------------------------------------------------------------------
[2022-06-12 16:13:38,492] {taskinstance.py:1357} INFO - Starting attempt 1 of 1
[2022-06-12 16:13:38,493] {taskinstance.py:1358} INFO - 
--------------------------------------------------------------------------------
[2022-06-12 16:13:38,559] {taskinstance.py:1377} INFO - Executing <Task(_PythonDecoratedOperator): get_data_to_ingest_from_local_file_task> on 2022-06-11 22:42:00+00:00
[2022-06-12 16:13:38,565] {standard_task_runner.py:52} INFO - Started process 2478 to run task
[2022-06-12 16:13:38,571] {standard_task_runner.py:79} INFO - Running: ['airflow', 'tasks', 'run', 'ingest_data', 'get_data_to_ingest_from_local_file_task', 'scheduled__2022-06-11T22:42:00+00:00', '--job-id', '238', '--raw', '--subdir', 'DAGS_FOLDER/ingestion_dag.py', '--cfg-path', '/tmp/tmp4gpu07zu', '--error-file', '/tmp/tmpfzfedkkn']
[2022-06-12 16:13:38,572] {standard_task_runner.py:80} INFO - Job 238: Subtask get_data_to_ingest_from_local_file_task
[2022-06-12 16:13:38,724] {task_command.py:370} INFO - Running <TaskInstance: ingest_data.get_data_to_ingest_from_local_file_task scheduled__2022-06-11T22:42:00+00:00 [running]> on host DESKTOP-GDPK8BL.localdomain
[2022-06-12 16:13:39,110] {taskinstance.py:1569} INFO - Exporting the following env vars:
AIRFLOW_CTX_DAG_OWNER=airflow
AIRFLOW_CTX_DAG_ID=ingest_data
AIRFLOW_CTX_TASK_ID=get_data_to_ingest_from_local_file_task
AIRFLOW_CTX_EXECUTION_DATE=2022-06-11T22:42:00+00:00
AIRFLOW_CTX_TRY_NUMBER=1
AIRFLOW_CTX_DAG_RUN_ID=scheduled__2022-06-11T22:42:00+00:00
[2022-06-12 16:13:39,185] {python.py:173} INFO - Done. Returned value was:           AT      V       AP     RH      PE
43458  18.26  60.95  1016.94  78.91  457.03
12620  13.00  39.85  1012.57  61.56  477.71
29399  24.12  58.66  1011.55  58.96  450.69
22965  25.10  69.89  1015.42  85.81  434.98
20288  10.22  38.18  1018.01  70.70  474.07
[2022-06-12 16:13:39,301] {taskinstance.py:1395} INFO - Marking task as SUCCESS. dag_id=ingest_data, task_id=get_data_to_ingest_from_local_file_task, execution_date=20220611T224200, start_date=20220612T141338, end_date=20220612T141339
[2022-06-12 16:13:39,387] {local_task_job.py:156} INFO - Task exited with return code 0
[2022-06-12 16:13:39,606] {local_task_job.py:273} INFO - 1 downstream tasks scheduled from follow-on schedule check
