[2022-06-12 17:40:47,238] {taskinstance.py:1159} INFO - Dependencies all met for <TaskInstance: ingest_data.get_data_to_ingest_from_local_file_task scheduled__2022-06-12T07:15:00+00:00 [queued]>
[2022-06-12 17:40:47,271] {taskinstance.py:1159} INFO - Dependencies all met for <TaskInstance: ingest_data.get_data_to_ingest_from_local_file_task scheduled__2022-06-12T07:15:00+00:00 [queued]>
[2022-06-12 17:40:47,272] {taskinstance.py:1356} INFO - 
--------------------------------------------------------------------------------
[2022-06-12 17:40:47,273] {taskinstance.py:1357} INFO - Starting attempt 1 of 1
[2022-06-12 17:40:47,273] {taskinstance.py:1358} INFO - 
--------------------------------------------------------------------------------
[2022-06-12 17:40:47,325] {taskinstance.py:1377} INFO - Executing <Task(_PythonDecoratedOperator): get_data_to_ingest_from_local_file_task> on 2022-06-12 07:15:00+00:00
[2022-06-12 17:40:47,331] {standard_task_runner.py:52} INFO - Started process 10199 to run task
[2022-06-12 17:40:47,335] {standard_task_runner.py:79} INFO - Running: ['airflow', 'tasks', 'run', 'ingest_data', 'get_data_to_ingest_from_local_file_task', 'scheduled__2022-06-12T07:15:00+00:00', '--job-id', '1263', '--raw', '--subdir', 'DAGS_FOLDER/ingestion_dag.py', '--cfg-path', '/tmp/tmp1hxcoy28', '--error-file', '/tmp/tmp78kpansn']
[2022-06-12 17:40:47,337] {standard_task_runner.py:80} INFO - Job 1263: Subtask get_data_to_ingest_from_local_file_task
[2022-06-12 17:40:47,522] {task_command.py:370} INFO - Running <TaskInstance: ingest_data.get_data_to_ingest_from_local_file_task scheduled__2022-06-12T07:15:00+00:00 [running]> on host DESKTOP-GDPK8BL.localdomain
[2022-06-12 17:40:47,960] {taskinstance.py:1569} INFO - Exporting the following env vars:
AIRFLOW_CTX_DAG_OWNER=airflow
AIRFLOW_CTX_DAG_ID=ingest_data
AIRFLOW_CTX_TASK_ID=get_data_to_ingest_from_local_file_task
AIRFLOW_CTX_EXECUTION_DATE=2022-06-12T07:15:00+00:00
AIRFLOW_CTX_TRY_NUMBER=1
AIRFLOW_CTX_DAG_RUN_ID=scheduled__2022-06-12T07:15:00+00:00
[2022-06-12 17:40:48,031] {python.py:173} INFO - Done. Returned value was:           AT      V       AP     RH      PE
15492  21.12  47.24  1003.79  70.55  462.41
21948   8.83  43.56  1014.90  81.55  482.43
30395  11.82  41.74  1022.36  74.06  476.21
378    14.09  45.87  1009.05  84.09  465.60
26024  17.99  43.72  1008.64  75.04  453.02
[2022-06-12 17:40:48,191] {taskinstance.py:1395} INFO - Marking task as SUCCESS. dag_id=ingest_data, task_id=get_data_to_ingest_from_local_file_task, execution_date=20220612T071500, start_date=20220612T154047, end_date=20220612T154048
[2022-06-12 17:40:48,273] {local_task_job.py:156} INFO - Task exited with return code 0
[2022-06-12 17:40:48,502] {local_task_job.py:273} INFO - 1 downstream tasks scheduled from follow-on schedule check
