[2022-06-12 16:59:58,084] {taskinstance.py:1159} INFO - Dependencies all met for <TaskInstance: ingest_data.save_data_task scheduled__2022-06-12T03:07:00+00:00 [queued]>
[2022-06-12 16:59:58,119] {taskinstance.py:1159} INFO - Dependencies all met for <TaskInstance: ingest_data.save_data_task scheduled__2022-06-12T03:07:00+00:00 [queued]>
[2022-06-12 16:59:58,120] {taskinstance.py:1356} INFO - 
--------------------------------------------------------------------------------
[2022-06-12 16:59:58,121] {taskinstance.py:1357} INFO - Starting attempt 1 of 1
[2022-06-12 16:59:58,122] {taskinstance.py:1358} INFO - 
--------------------------------------------------------------------------------
[2022-06-12 16:59:58,214] {taskinstance.py:1377} INFO - Executing <Task(_PythonDecoratedOperator): save_data_task> on 2022-06-12 03:07:00+00:00
[2022-06-12 16:59:58,220] {standard_task_runner.py:52} INFO - Started process 6547 to run task
[2022-06-12 16:59:58,226] {standard_task_runner.py:79} INFO - Running: ['airflow', 'tasks', 'run', 'ingest_data', 'save_data_task', 'scheduled__2022-06-12T03:07:00+00:00', '--job-id', '770', '--raw', '--subdir', 'DAGS_FOLDER/ingestion_dag.py', '--cfg-path', '/tmp/tmpwvo4hsbw', '--error-file', '/tmp/tmpiir5d6vt']
[2022-06-12 16:59:58,229] {standard_task_runner.py:80} INFO - Job 770: Subtask save_data_task
[2022-06-12 16:59:58,379] {task_command.py:370} INFO - Running <TaskInstance: ingest_data.save_data_task scheduled__2022-06-12T03:07:00+00:00 [running]> on host DESKTOP-GDPK8BL.localdomain
[2022-06-12 16:59:58,870] {taskinstance.py:1569} INFO - Exporting the following env vars:
AIRFLOW_CTX_DAG_OWNER=airflow
AIRFLOW_CTX_DAG_ID=ingest_data
AIRFLOW_CTX_TASK_ID=save_data_task
AIRFLOW_CTX_EXECUTION_DATE=2022-06-12T03:07:00+00:00
AIRFLOW_CTX_TRY_NUMBER=1
AIRFLOW_CTX_DAG_RUN_ID=scheduled__2022-06-12T03:07:00+00:00
[2022-06-12 16:59:58,886] {python.py:173} INFO - Done. Returned value was: None
[2022-06-12 16:59:58,913] {taskinstance.py:1395} INFO - Marking task as SUCCESS. dag_id=ingest_data, task_id=save_data_task, execution_date=20220612T030700, start_date=20220612T145958, end_date=20220612T145958
[2022-06-12 16:59:59,008] {local_task_job.py:156} INFO - Task exited with return code 0
[2022-06-12 16:59:59,188] {local_task_job.py:273} INFO - 0 downstream tasks scheduled from follow-on schedule check
