[2022-06-12 16:08:59,205] {taskinstance.py:1159} INFO - Dependencies all met for <TaskInstance: ingest_data.get_data_to_ingest_from_local_file_task scheduled__2022-06-11T22:15:00+00:00 [queued]>
[2022-06-12 16:08:59,242] {taskinstance.py:1159} INFO - Dependencies all met for <TaskInstance: ingest_data.get_data_to_ingest_from_local_file_task scheduled__2022-06-11T22:15:00+00:00 [queued]>
[2022-06-12 16:08:59,243] {taskinstance.py:1356} INFO - 
--------------------------------------------------------------------------------
[2022-06-12 16:08:59,244] {taskinstance.py:1357} INFO - Starting attempt 1 of 1
[2022-06-12 16:08:59,245] {taskinstance.py:1358} INFO - 
--------------------------------------------------------------------------------
[2022-06-12 16:08:59,309] {taskinstance.py:1377} INFO - Executing <Task(_PythonDecoratedOperator): get_data_to_ingest_from_local_file_task> on 2022-06-11 22:15:00+00:00
[2022-06-12 16:08:59,316] {standard_task_runner.py:52} INFO - Started process 2019 to run task
[2022-06-12 16:08:59,324] {standard_task_runner.py:79} INFO - Running: ['airflow', 'tasks', 'run', 'ingest_data', 'get_data_to_ingest_from_local_file_task', 'scheduled__2022-06-11T22:15:00+00:00', '--job-id', '184', '--raw', '--subdir', 'DAGS_FOLDER/ingestion_dag.py', '--cfg-path', '/tmp/tmprz5q0a6l', '--error-file', '/tmp/tmp4__sr9vg']
[2022-06-12 16:08:59,325] {standard_task_runner.py:80} INFO - Job 184: Subtask get_data_to_ingest_from_local_file_task
[2022-06-12 16:08:59,463] {task_command.py:370} INFO - Running <TaskInstance: ingest_data.get_data_to_ingest_from_local_file_task scheduled__2022-06-11T22:15:00+00:00 [running]> on host DESKTOP-GDPK8BL.localdomain
[2022-06-12 16:08:59,848] {taskinstance.py:1569} INFO - Exporting the following env vars:
AIRFLOW_CTX_DAG_OWNER=airflow
AIRFLOW_CTX_DAG_ID=ingest_data
AIRFLOW_CTX_TASK_ID=get_data_to_ingest_from_local_file_task
AIRFLOW_CTX_EXECUTION_DATE=2022-06-11T22:15:00+00:00
AIRFLOW_CTX_TRY_NUMBER=1
AIRFLOW_CTX_DAG_RUN_ID=scheduled__2022-06-11T22:15:00+00:00
[2022-06-12 16:08:59,923] {python.py:173} INFO - Done. Returned value was:           AT      V       AP     RH      PE
37765  18.99  59.27  1012.15  89.39  453.40
8      14.64  45.00  1021.78  41.25  475.98
5751   22.77  59.92  1009.67  94.09  437.90
1388    9.42  41.40  1029.60  87.43  478.12
46030  29.23  75.60  1017.72  52.26  438.92
[2022-06-12 16:09:00,044] {taskinstance.py:1395} INFO - Marking task as SUCCESS. dag_id=ingest_data, task_id=get_data_to_ingest_from_local_file_task, execution_date=20220611T221500, start_date=20220612T140859, end_date=20220612T140900
[2022-06-12 16:09:00,142] {local_task_job.py:156} INFO - Task exited with return code 0
[2022-06-12 16:09:00,364] {local_task_job.py:273} INFO - 1 downstream tasks scheduled from follow-on schedule check
