[2022-06-12 14:46:24,461] {taskinstance.py:1159} INFO - Dependencies all met for <TaskInstance: ingest_data.get_data_to_ingest_from_local_file_task scheduled__2022-06-11T21:13:00+00:00 [queued]>
[2022-06-12 14:46:24,486] {taskinstance.py:1159} INFO - Dependencies all met for <TaskInstance: ingest_data.get_data_to_ingest_from_local_file_task scheduled__2022-06-11T21:13:00+00:00 [queued]>
[2022-06-12 14:46:24,486] {taskinstance.py:1356} INFO - 
--------------------------------------------------------------------------------
[2022-06-12 14:46:24,487] {taskinstance.py:1357} INFO - Starting attempt 1 of 1
[2022-06-12 14:46:24,487] {taskinstance.py:1358} INFO - 
--------------------------------------------------------------------------------
[2022-06-12 14:46:24,544] {taskinstance.py:1377} INFO - Executing <Task(_PythonDecoratedOperator): get_data_to_ingest_from_local_file_task> on 2022-06-11 21:13:00+00:00
[2022-06-12 14:46:24,553] {standard_task_runner.py:52} INFO - Started process 966 to run task
[2022-06-12 14:46:24,557] {standard_task_runner.py:79} INFO - Running: ['airflow', 'tasks', 'run', 'ingest_data', 'get_data_to_ingest_from_local_file_task', 'scheduled__2022-06-11T21:13:00+00:00', '--job-id', '60', '--raw', '--subdir', 'DAGS_FOLDER/ingestion_dag.py', '--cfg-path', '/tmp/tmpr2mt6hw8', '--error-file', '/tmp/tmprlb2hnm8']
[2022-06-12 14:46:24,559] {standard_task_runner.py:80} INFO - Job 60: Subtask get_data_to_ingest_from_local_file_task
[2022-06-12 14:46:24,723] {task_command.py:370} INFO - Running <TaskInstance: ingest_data.get_data_to_ingest_from_local_file_task scheduled__2022-06-11T21:13:00+00:00 [running]> on host DESKTOP-GDPK8BL.localdomain
[2022-06-12 14:46:25,043] {taskinstance.py:1569} INFO - Exporting the following env vars:
AIRFLOW_CTX_DAG_OWNER=airflow
AIRFLOW_CTX_DAG_ID=ingest_data
AIRFLOW_CTX_TASK_ID=get_data_to_ingest_from_local_file_task
AIRFLOW_CTX_EXECUTION_DATE=2022-06-11T21:13:00+00:00
AIRFLOW_CTX_TRY_NUMBER=1
AIRFLOW_CTX_DAG_RUN_ID=scheduled__2022-06-11T21:13:00+00:00
[2022-06-12 14:46:25,113] {python.py:173} INFO - Done. Returned value was:           AT      V       AP     RH      PE
21982  24.23  49.30  1003.61  74.44  440.65
31436  10.11  42.49  1010.22  82.11  483.56
41719  11.01  43.69  1016.70  81.48  477.30
6203    6.38  40.07  1018.53  60.20  492.96
5166   28.94  71.64  1006.59  69.24  438.96
[2022-06-12 14:46:25,225] {taskinstance.py:1395} INFO - Marking task as SUCCESS. dag_id=ingest_data, task_id=get_data_to_ingest_from_local_file_task, execution_date=20220611T211300, start_date=20220612T124624, end_date=20220612T124625
[2022-06-12 14:46:25,297] {local_task_job.py:156} INFO - Task exited with return code 0
[2022-06-12 14:46:25,532] {local_task_job.py:273} INFO - 1 downstream tasks scheduled from follow-on schedule check
