[2022-06-12 17:29:30,386] {taskinstance.py:1159} INFO - Dependencies all met for <TaskInstance: ingest_data.get_data_to_ingest_from_local_file_task scheduled__2022-06-12T06:03:00+00:00 [queued]>
[2022-06-12 17:29:30,417] {taskinstance.py:1159} INFO - Dependencies all met for <TaskInstance: ingest_data.get_data_to_ingest_from_local_file_task scheduled__2022-06-12T06:03:00+00:00 [queued]>
[2022-06-12 17:29:30,418] {taskinstance.py:1356} INFO - 
--------------------------------------------------------------------------------
[2022-06-12 17:29:30,418] {taskinstance.py:1357} INFO - Starting attempt 1 of 1
[2022-06-12 17:29:30,419] {taskinstance.py:1358} INFO - 
--------------------------------------------------------------------------------
[2022-06-12 17:29:30,469] {taskinstance.py:1377} INFO - Executing <Task(_PythonDecoratedOperator): get_data_to_ingest_from_local_file_task> on 2022-06-12 06:03:00+00:00
[2022-06-12 17:29:30,475] {standard_task_runner.py:52} INFO - Started process 9136 to run task
[2022-06-12 17:29:30,481] {standard_task_runner.py:79} INFO - Running: ['airflow', 'tasks', 'run', 'ingest_data', 'get_data_to_ingest_from_local_file_task', 'scheduled__2022-06-12T06:03:00+00:00', '--job-id', '1119', '--raw', '--subdir', 'DAGS_FOLDER/ingestion_dag.py', '--cfg-path', '/tmp/tmpexbms1wn', '--error-file', '/tmp/tmp7mt_1gkl']
[2022-06-12 17:29:30,482] {standard_task_runner.py:80} INFO - Job 1119: Subtask get_data_to_ingest_from_local_file_task
[2022-06-12 17:29:30,655] {task_command.py:370} INFO - Running <TaskInstance: ingest_data.get_data_to_ingest_from_local_file_task scheduled__2022-06-12T06:03:00+00:00 [running]> on host DESKTOP-GDPK8BL.localdomain
[2022-06-12 17:29:31,080] {taskinstance.py:1569} INFO - Exporting the following env vars:
AIRFLOW_CTX_DAG_OWNER=airflow
AIRFLOW_CTX_DAG_ID=ingest_data
AIRFLOW_CTX_TASK_ID=get_data_to_ingest_from_local_file_task
AIRFLOW_CTX_EXECUTION_DATE=2022-06-12T06:03:00+00:00
AIRFLOW_CTX_TRY_NUMBER=1
AIRFLOW_CTX_DAG_RUN_ID=scheduled__2022-06-12T06:03:00+00:00
[2022-06-12 17:29:31,153] {python.py:173} INFO - Done. Returned value was:           AT      V       AP     RH      PE
16857  14.54  41.17  1015.15  67.78  470.19
22170  26.34  68.67  1006.54  72.48  437.52
11211  20.30  62.52  1017.96  75.17  451.86
21815  24.80  66.51  1016.74  65.72  441.34
3425   26.20  74.67  1016.69  84.38  430.22
[2022-06-12 17:29:31,308] {taskinstance.py:1395} INFO - Marking task as SUCCESS. dag_id=ingest_data, task_id=get_data_to_ingest_from_local_file_task, execution_date=20220612T060300, start_date=20220612T152930, end_date=20220612T152931
[2022-06-12 17:29:31,419] {local_task_job.py:156} INFO - Task exited with return code 0
[2022-06-12 17:29:31,644] {local_task_job.py:273} INFO - 1 downstream tasks scheduled from follow-on schedule check
