[2022-06-12 17:08:55,643] {taskinstance.py:1159} INFO - Dependencies all met for <TaskInstance: ingest_data.get_data_to_ingest_from_local_file_task scheduled__2022-06-12T04:00:00+00:00 [queued]>
[2022-06-12 17:08:55,676] {taskinstance.py:1159} INFO - Dependencies all met for <TaskInstance: ingest_data.get_data_to_ingest_from_local_file_task scheduled__2022-06-12T04:00:00+00:00 [queued]>
[2022-06-12 17:08:55,676] {taskinstance.py:1356} INFO - 
--------------------------------------------------------------------------------
[2022-06-12 17:08:55,677] {taskinstance.py:1357} INFO - Starting attempt 1 of 1
[2022-06-12 17:08:55,678] {taskinstance.py:1358} INFO - 
--------------------------------------------------------------------------------
[2022-06-12 17:08:55,746] {taskinstance.py:1377} INFO - Executing <Task(_PythonDecoratedOperator): get_data_to_ingest_from_local_file_task> on 2022-06-12 04:00:00+00:00
[2022-06-12 17:08:55,753] {standard_task_runner.py:52} INFO - Started process 7312 to run task
[2022-06-12 17:08:55,758] {standard_task_runner.py:79} INFO - Running: ['airflow', 'tasks', 'run', 'ingest_data', 'get_data_to_ingest_from_local_file_task', 'scheduled__2022-06-12T04:00:00+00:00', '--job-id', '873', '--raw', '--subdir', 'DAGS_FOLDER/ingestion_dag.py', '--cfg-path', '/tmp/tmp3l7xtprn', '--error-file', '/tmp/tmpuevvs3ts']
[2022-06-12 17:08:55,760] {standard_task_runner.py:80} INFO - Job 873: Subtask get_data_to_ingest_from_local_file_task
[2022-06-12 17:08:55,912] {task_command.py:370} INFO - Running <TaskInstance: ingest_data.get_data_to_ingest_from_local_file_task scheduled__2022-06-12T04:00:00+00:00 [running]> on host DESKTOP-GDPK8BL.localdomain
[2022-06-12 17:08:56,340] {taskinstance.py:1569} INFO - Exporting the following env vars:
AIRFLOW_CTX_DAG_OWNER=airflow
AIRFLOW_CTX_DAG_ID=ingest_data
AIRFLOW_CTX_TASK_ID=get_data_to_ingest_from_local_file_task
AIRFLOW_CTX_EXECUTION_DATE=2022-06-12T04:00:00+00:00
AIRFLOW_CTX_TRY_NUMBER=1
AIRFLOW_CTX_DAG_RUN_ID=scheduled__2022-06-12T04:00:00+00:00
[2022-06-12 17:08:56,418] {python.py:173} INFO - Done. Returned value was:           AT      V       AP     RH      PE
42316  24.33  77.54  1008.50  82.45  435.38
47113  16.64  45.87  1009.02  98.86  456.79
15393  11.91  41.49  1019.69  96.39  470.07
45954  12.19  41.06  1021.35  74.98  474.63
12258  29.81  73.67  1005.60  60.91  430.67
[2022-06-12 17:08:56,564] {taskinstance.py:1395} INFO - Marking task as SUCCESS. dag_id=ingest_data, task_id=get_data_to_ingest_from_local_file_task, execution_date=20220612T040000, start_date=20220612T150855, end_date=20220612T150856
[2022-06-12 17:08:56,655] {local_task_job.py:156} INFO - Task exited with return code 0
[2022-06-12 17:08:56,872] {local_task_job.py:273} INFO - 1 downstream tasks scheduled from follow-on schedule check
