[2022-06-12 16:48:37,673] {taskinstance.py:1159} INFO - Dependencies all met for <TaskInstance: ingest_data.save_data_task scheduled__2022-06-12T02:03:00+00:00 [queued]>
[2022-06-12 16:48:37,703] {taskinstance.py:1159} INFO - Dependencies all met for <TaskInstance: ingest_data.save_data_task scheduled__2022-06-12T02:03:00+00:00 [queued]>
[2022-06-12 16:48:37,704] {taskinstance.py:1356} INFO - 
--------------------------------------------------------------------------------
[2022-06-12 16:48:37,704] {taskinstance.py:1357} INFO - Starting attempt 1 of 1
[2022-06-12 16:48:37,705] {taskinstance.py:1358} INFO - 
--------------------------------------------------------------------------------
[2022-06-12 16:48:37,765] {taskinstance.py:1377} INFO - Executing <Task(_PythonDecoratedOperator): save_data_task> on 2022-06-12 02:03:00+00:00
[2022-06-12 16:48:37,773] {standard_task_runner.py:52} INFO - Started process 5596 to run task
[2022-06-12 16:48:37,781] {standard_task_runner.py:79} INFO - Running: ['airflow', 'tasks', 'run', 'ingest_data', 'save_data_task', 'scheduled__2022-06-12T02:03:00+00:00', '--job-id', '642', '--raw', '--subdir', 'DAGS_FOLDER/ingestion_dag.py', '--cfg-path', '/tmp/tmpcsqxor8_', '--error-file', '/tmp/tmpq3051b_m']
[2022-06-12 16:48:37,783] {standard_task_runner.py:80} INFO - Job 642: Subtask save_data_task
[2022-06-12 16:48:37,939] {task_command.py:370} INFO - Running <TaskInstance: ingest_data.save_data_task scheduled__2022-06-12T02:03:00+00:00 [running]> on host DESKTOP-GDPK8BL.localdomain
[2022-06-12 16:48:38,437] {taskinstance.py:1569} INFO - Exporting the following env vars:
AIRFLOW_CTX_DAG_OWNER=airflow
AIRFLOW_CTX_DAG_ID=ingest_data
AIRFLOW_CTX_TASK_ID=save_data_task
AIRFLOW_CTX_EXECUTION_DATE=2022-06-12T02:03:00+00:00
AIRFLOW_CTX_TRY_NUMBER=1
AIRFLOW_CTX_DAG_RUN_ID=scheduled__2022-06-12T02:03:00+00:00
[2022-06-12 16:48:38,454] {python.py:173} INFO - Done. Returned value was: None
[2022-06-12 16:48:38,486] {taskinstance.py:1395} INFO - Marking task as SUCCESS. dag_id=ingest_data, task_id=save_data_task, execution_date=20220612T020300, start_date=20220612T144837, end_date=20220612T144838
[2022-06-12 16:48:38,564] {local_task_job.py:156} INFO - Task exited with return code 0
[2022-06-12 16:48:38,784] {local_task_job.py:273} INFO - 0 downstream tasks scheduled from follow-on schedule check
