[2022-06-12 17:13:25,291] {taskinstance.py:1159} INFO - Dependencies all met for <TaskInstance: ingest_data.get_data_to_ingest_from_local_file_task scheduled__2022-06-12T04:25:00+00:00 [queued]>
[2022-06-12 17:13:25,327] {taskinstance.py:1159} INFO - Dependencies all met for <TaskInstance: ingest_data.get_data_to_ingest_from_local_file_task scheduled__2022-06-12T04:25:00+00:00 [queued]>
[2022-06-12 17:13:25,327] {taskinstance.py:1356} INFO - 
--------------------------------------------------------------------------------
[2022-06-12 17:13:25,328] {taskinstance.py:1357} INFO - Starting attempt 1 of 1
[2022-06-12 17:13:25,329] {taskinstance.py:1358} INFO - 
--------------------------------------------------------------------------------
[2022-06-12 17:13:25,393] {taskinstance.py:1377} INFO - Executing <Task(_PythonDecoratedOperator): get_data_to_ingest_from_local_file_task> on 2022-06-12 04:25:00+00:00
[2022-06-12 17:13:25,404] {standard_task_runner.py:52} INFO - Started process 7684 to run task
[2022-06-12 17:13:25,408] {standard_task_runner.py:79} INFO - Running: ['airflow', 'tasks', 'run', 'ingest_data', 'get_data_to_ingest_from_local_file_task', 'scheduled__2022-06-12T04:25:00+00:00', '--job-id', '923', '--raw', '--subdir', 'DAGS_FOLDER/ingestion_dag.py', '--cfg-path', '/tmp/tmp7vyvx269', '--error-file', '/tmp/tmp5sact9xv']
[2022-06-12 17:13:25,411] {standard_task_runner.py:80} INFO - Job 923: Subtask get_data_to_ingest_from_local_file_task
[2022-06-12 17:13:25,568] {task_command.py:370} INFO - Running <TaskInstance: ingest_data.get_data_to_ingest_from_local_file_task scheduled__2022-06-12T04:25:00+00:00 [running]> on host DESKTOP-GDPK8BL.localdomain
[2022-06-12 17:13:25,941] {taskinstance.py:1569} INFO - Exporting the following env vars:
AIRFLOW_CTX_DAG_OWNER=airflow
AIRFLOW_CTX_DAG_ID=ingest_data
AIRFLOW_CTX_TASK_ID=get_data_to_ingest_from_local_file_task
AIRFLOW_CTX_EXECUTION_DATE=2022-06-12T04:25:00+00:00
AIRFLOW_CTX_TRY_NUMBER=1
AIRFLOW_CTX_DAG_RUN_ID=scheduled__2022-06-12T04:25:00+00:00
[2022-06-12 17:13:26,011] {python.py:173} INFO - Done. Returned value was:           AT      V       AP     RH      PE
28908  11.11  40.55  1023.91  87.12  476.37
33429  27.96  73.42  1011.11  71.93  435.93
42529  17.73  43.72  1009.33  76.68  453.94
4900   22.07  60.08  1017.68  71.23  452.56
38778  28.93  72.99  1007.23  64.41  434.45
[2022-06-12 17:13:26,158] {taskinstance.py:1395} INFO - Marking task as SUCCESS. dag_id=ingest_data, task_id=get_data_to_ingest_from_local_file_task, execution_date=20220612T042500, start_date=20220612T151325, end_date=20220612T151326
[2022-06-12 17:13:26,229] {local_task_job.py:156} INFO - Task exited with return code 0
[2022-06-12 17:13:26,453] {local_task_job.py:273} INFO - 1 downstream tasks scheduled from follow-on schedule check
