[2022-06-12 17:21:39,864] {taskinstance.py:1159} INFO - Dependencies all met for <TaskInstance: ingest_data.get_data_to_ingest_from_local_file_task scheduled__2022-06-12T05:13:00+00:00 [queued]>
[2022-06-12 17:21:39,897] {taskinstance.py:1159} INFO - Dependencies all met for <TaskInstance: ingest_data.get_data_to_ingest_from_local_file_task scheduled__2022-06-12T05:13:00+00:00 [queued]>
[2022-06-12 17:21:39,898] {taskinstance.py:1356} INFO - 
--------------------------------------------------------------------------------
[2022-06-12 17:21:39,898] {taskinstance.py:1357} INFO - Starting attempt 1 of 1
[2022-06-12 17:21:39,899] {taskinstance.py:1358} INFO - 
--------------------------------------------------------------------------------
[2022-06-12 17:21:39,975] {taskinstance.py:1377} INFO - Executing <Task(_PythonDecoratedOperator): get_data_to_ingest_from_local_file_task> on 2022-06-12 05:13:00+00:00
[2022-06-12 17:21:39,988] {standard_task_runner.py:79} INFO - Running: ['airflow', 'tasks', 'run', 'ingest_data', 'get_data_to_ingest_from_local_file_task', 'scheduled__2022-06-12T05:13:00+00:00', '--job-id', '1020', '--raw', '--subdir', 'DAGS_FOLDER/ingestion_dag.py', '--cfg-path', '/tmp/tmpm1zchwo0', '--error-file', '/tmp/tmpyr5bhcdz']
[2022-06-12 17:21:39,993] {standard_task_runner.py:80} INFO - Job 1020: Subtask get_data_to_ingest_from_local_file_task
[2022-06-12 17:21:39,981] {standard_task_runner.py:52} INFO - Started process 8405 to run task
[2022-06-12 17:21:40,145] {task_command.py:370} INFO - Running <TaskInstance: ingest_data.get_data_to_ingest_from_local_file_task scheduled__2022-06-12T05:13:00+00:00 [running]> on host DESKTOP-GDPK8BL.localdomain
[2022-06-12 17:21:40,582] {taskinstance.py:1569} INFO - Exporting the following env vars:
AIRFLOW_CTX_DAG_OWNER=airflow
AIRFLOW_CTX_DAG_ID=ingest_data
AIRFLOW_CTX_TASK_ID=get_data_to_ingest_from_local_file_task
AIRFLOW_CTX_EXECUTION_DATE=2022-06-12T05:13:00+00:00
AIRFLOW_CTX_TRY_NUMBER=1
AIRFLOW_CTX_DAG_RUN_ID=scheduled__2022-06-12T05:13:00+00:00
[2022-06-12 17:21:40,656] {python.py:173} INFO - Done. Returned value was:           AT      V       AP     RH      PE
44702  22.79  69.13  1010.87  91.47  438.08
23549  14.07  42.86  1032.16  71.53  467.47
1037   10.94  39.69  1004.50  86.29  459.69
15873  15.75  39.39  1014.38  76.29  468.60
17995  23.33  73.18  1012.51  91.29  436.33
[2022-06-12 17:21:40,806] {taskinstance.py:1395} INFO - Marking task as SUCCESS. dag_id=ingest_data, task_id=get_data_to_ingest_from_local_file_task, execution_date=20220612T051300, start_date=20220612T152139, end_date=20220612T152140
[2022-06-12 17:21:40,913] {local_task_job.py:156} INFO - Task exited with return code 0
[2022-06-12 17:21:41,148] {local_task_job.py:273} INFO - 1 downstream tasks scheduled from follow-on schedule check
