[2022-06-12 16:34:55,510] {taskinstance.py:1159} INFO - Dependencies all met for <TaskInstance: ingest_data.get_data_to_ingest_from_local_file_task scheduled__2022-06-12T00:49:00+00:00 [queued]>
[2022-06-12 16:34:55,540] {taskinstance.py:1159} INFO - Dependencies all met for <TaskInstance: ingest_data.get_data_to_ingest_from_local_file_task scheduled__2022-06-12T00:49:00+00:00 [queued]>
[2022-06-12 16:34:55,541] {taskinstance.py:1356} INFO - 
--------------------------------------------------------------------------------
[2022-06-12 16:34:55,542] {taskinstance.py:1357} INFO - Starting attempt 1 of 1
[2022-06-12 16:34:55,542] {taskinstance.py:1358} INFO - 
--------------------------------------------------------------------------------
[2022-06-12 16:34:55,607] {taskinstance.py:1377} INFO - Executing <Task(_PythonDecoratedOperator): get_data_to_ingest_from_local_file_task> on 2022-06-12 00:49:00+00:00
[2022-06-12 16:34:55,618] {standard_task_runner.py:52} INFO - Started process 4469 to run task
[2022-06-12 16:34:55,627] {standard_task_runner.py:79} INFO - Running: ['airflow', 'tasks', 'run', 'ingest_data', 'get_data_to_ingest_from_local_file_task', 'scheduled__2022-06-12T00:49:00+00:00', '--job-id', '491', '--raw', '--subdir', 'DAGS_FOLDER/ingestion_dag.py', '--cfg-path', '/tmp/tmpxiozimup', '--error-file', '/tmp/tmp7vh_n6mr']
[2022-06-12 16:34:55,628] {standard_task_runner.py:80} INFO - Job 491: Subtask get_data_to_ingest_from_local_file_task
[2022-06-12 16:34:55,755] {task_command.py:370} INFO - Running <TaskInstance: ingest_data.get_data_to_ingest_from_local_file_task scheduled__2022-06-12T00:49:00+00:00 [running]> on host DESKTOP-GDPK8BL.localdomain
[2022-06-12 16:34:56,093] {taskinstance.py:1569} INFO - Exporting the following env vars:
AIRFLOW_CTX_DAG_OWNER=airflow
AIRFLOW_CTX_DAG_ID=ingest_data
AIRFLOW_CTX_TASK_ID=get_data_to_ingest_from_local_file_task
AIRFLOW_CTX_EXECUTION_DATE=2022-06-12T00:49:00+00:00
AIRFLOW_CTX_TRY_NUMBER=1
AIRFLOW_CTX_DAG_RUN_ID=scheduled__2022-06-12T00:49:00+00:00
[2022-06-12 16:34:56,172] {python.py:173} INFO - Done. Returned value was:           AT      V       AP     RH      PE
3713   21.04  74.87  1009.09  88.25  443.44
23998  10.31  40.67  1017.61  69.61  485.25
43350  12.57  43.80  1023.20  56.85  466.68
35443  23.17  51.19  1009.50  76.15  441.77
15002  21.31  49.39  1020.18  71.35  455.34
[2022-06-12 16:34:56,277] {taskinstance.py:1395} INFO - Marking task as SUCCESS. dag_id=ingest_data, task_id=get_data_to_ingest_from_local_file_task, execution_date=20220612T004900, start_date=20220612T143455, end_date=20220612T143456
[2022-06-12 16:34:56,363] {local_task_job.py:156} INFO - Task exited with return code 0
[2022-06-12 16:34:56,575] {local_task_job.py:273} INFO - 1 downstream tasks scheduled from follow-on schedule check
