[2022-06-12 16:43:59,092] {taskinstance.py:1159} INFO - Dependencies all met for <TaskInstance: ingest_data.get_data_to_ingest_from_local_file_task scheduled__2022-06-12T01:38:00+00:00 [queued]>
[2022-06-12 16:43:59,124] {taskinstance.py:1159} INFO - Dependencies all met for <TaskInstance: ingest_data.get_data_to_ingest_from_local_file_task scheduled__2022-06-12T01:38:00+00:00 [queued]>
[2022-06-12 16:43:59,125] {taskinstance.py:1356} INFO - 
--------------------------------------------------------------------------------
[2022-06-12 16:43:59,125] {taskinstance.py:1357} INFO - Starting attempt 1 of 1
[2022-06-12 16:43:59,126] {taskinstance.py:1358} INFO - 
--------------------------------------------------------------------------------
[2022-06-12 16:43:59,188] {taskinstance.py:1377} INFO - Executing <Task(_PythonDecoratedOperator): get_data_to_ingest_from_local_file_task> on 2022-06-12 01:38:00+00:00
[2022-06-12 16:43:59,196] {standard_task_runner.py:52} INFO - Started process 5202 to run task
[2022-06-12 16:43:59,202] {standard_task_runner.py:79} INFO - Running: ['airflow', 'tasks', 'run', 'ingest_data', 'get_data_to_ingest_from_local_file_task', 'scheduled__2022-06-12T01:38:00+00:00', '--job-id', '589', '--raw', '--subdir', 'DAGS_FOLDER/ingestion_dag.py', '--cfg-path', '/tmp/tmpbli9mknb', '--error-file', '/tmp/tmp23pwlkfd']
[2022-06-12 16:43:59,205] {standard_task_runner.py:80} INFO - Job 589: Subtask get_data_to_ingest_from_local_file_task
[2022-06-12 16:43:59,385] {task_command.py:370} INFO - Running <TaskInstance: ingest_data.get_data_to_ingest_from_local_file_task scheduled__2022-06-12T01:38:00+00:00 [running]> on host DESKTOP-GDPK8BL.localdomain
[2022-06-12 16:43:59,823] {taskinstance.py:1569} INFO - Exporting the following env vars:
AIRFLOW_CTX_DAG_OWNER=airflow
AIRFLOW_CTX_DAG_ID=ingest_data
AIRFLOW_CTX_TASK_ID=get_data_to_ingest_from_local_file_task
AIRFLOW_CTX_EXECUTION_DATE=2022-06-12T01:38:00+00:00
AIRFLOW_CTX_TRY_NUMBER=1
AIRFLOW_CTX_DAG_RUN_ID=scheduled__2022-06-12T01:38:00+00:00
[2022-06-12 16:43:59,902] {python.py:173} INFO - Done. Returned value was:           AT      V       AP     RH      PE
40310  14.07  43.34  1015.79  86.00  463.77
45790  22.51  59.21  1018.35  71.97  444.66
12120  18.23  60.95  1016.74  78.85  455.53
8476   22.28  58.12  1014.54  83.27  448.97
39986   4.62  38.44  1016.09  73.14  486.84
[2022-06-12 16:44:00,076] {taskinstance.py:1395} INFO - Marking task as SUCCESS. dag_id=ingest_data, task_id=get_data_to_ingest_from_local_file_task, execution_date=20220612T013800, start_date=20220612T144359, end_date=20220612T144400
[2022-06-12 16:44:00,181] {local_task_job.py:156} INFO - Task exited with return code 0
[2022-06-12 16:44:00,436] {local_task_job.py:273} INFO - 1 downstream tasks scheduled from follow-on schedule check
