[2022-06-12 16:06:35,568] {taskinstance.py:1159} INFO - Dependencies all met for <TaskInstance: ingest_data.get_data_to_ingest_from_local_file_task scheduled__2022-06-11T22:03:00+00:00 [queued]>
[2022-06-12 16:06:35,615] {taskinstance.py:1159} INFO - Dependencies all met for <TaskInstance: ingest_data.get_data_to_ingest_from_local_file_task scheduled__2022-06-11T22:03:00+00:00 [queued]>
[2022-06-12 16:06:35,616] {taskinstance.py:1356} INFO - 
--------------------------------------------------------------------------------
[2022-06-12 16:06:35,618] {taskinstance.py:1357} INFO - Starting attempt 1 of 1
[2022-06-12 16:06:35,619] {taskinstance.py:1358} INFO - 
--------------------------------------------------------------------------------
[2022-06-12 16:06:35,731] {taskinstance.py:1377} INFO - Executing <Task(_PythonDecoratedOperator): get_data_to_ingest_from_local_file_task> on 2022-06-11 22:03:00+00:00
[2022-06-12 16:06:35,739] {standard_task_runner.py:52} INFO - Started process 1815 to run task
[2022-06-12 16:06:35,747] {standard_task_runner.py:79} INFO - Running: ['airflow', 'tasks', 'run', 'ingest_data', 'get_data_to_ingest_from_local_file_task', 'scheduled__2022-06-11T22:03:00+00:00', '--job-id', '160', '--raw', '--subdir', 'DAGS_FOLDER/ingestion_dag.py', '--cfg-path', '/tmp/tmpc7ke86xs', '--error-file', '/tmp/tmpo41muane']
[2022-06-12 16:06:35,759] {standard_task_runner.py:80} INFO - Job 160: Subtask get_data_to_ingest_from_local_file_task
[2022-06-12 16:06:36,026] {task_command.py:370} INFO - Running <TaskInstance: ingest_data.get_data_to_ingest_from_local_file_task scheduled__2022-06-11T22:03:00+00:00 [running]> on host DESKTOP-GDPK8BL.localdomain
[2022-06-12 16:06:36,521] {taskinstance.py:1569} INFO - Exporting the following env vars:
AIRFLOW_CTX_DAG_OWNER=airflow
AIRFLOW_CTX_DAG_ID=ingest_data
AIRFLOW_CTX_TASK_ID=get_data_to_ingest_from_local_file_task
AIRFLOW_CTX_EXECUTION_DATE=2022-06-11T22:03:00+00:00
AIRFLOW_CTX_TRY_NUMBER=1
AIRFLOW_CTX_DAG_RUN_ID=scheduled__2022-06-11T22:03:00+00:00
[2022-06-12 16:06:36,759] {python.py:173} INFO - Done. Returned value was:           AT      V       AP     RH      PE
22987  29.52  64.79  1017.53  44.83  439.60
5623   25.33  71.32  1007.05  85.31  434.68
34867  14.08  39.31  1011.67  72.00  464.16
17884  24.49  49.82  1017.09  64.02  451.42
29183  31.67  69.89  1013.88  39.33  426.35
[2022-06-12 16:06:36,869] {taskinstance.py:1395} INFO - Marking task as SUCCESS. dag_id=ingest_data, task_id=get_data_to_ingest_from_local_file_task, execution_date=20220611T220300, start_date=20220612T140635, end_date=20220612T140636
[2022-06-12 16:06:36,974] {local_task_job.py:156} INFO - Task exited with return code 0
[2022-06-12 16:06:37,191] {local_task_job.py:273} INFO - 1 downstream tasks scheduled from follow-on schedule check
