[2022-06-12 17:47:31,985] {taskinstance.py:1159} INFO - Dependencies all met for <TaskInstance: ingest_data.get_data_to_ingest_from_local_file_task scheduled__2022-06-12T07:58:00+00:00 [queued]>
[2022-06-12 17:47:32,022] {taskinstance.py:1159} INFO - Dependencies all met for <TaskInstance: ingest_data.get_data_to_ingest_from_local_file_task scheduled__2022-06-12T07:58:00+00:00 [queued]>
[2022-06-12 17:47:32,023] {taskinstance.py:1356} INFO - 
--------------------------------------------------------------------------------
[2022-06-12 17:47:32,023] {taskinstance.py:1357} INFO - Starting attempt 1 of 1
[2022-06-12 17:47:32,024] {taskinstance.py:1358} INFO - 
--------------------------------------------------------------------------------
[2022-06-12 17:47:32,087] {taskinstance.py:1377} INFO - Executing <Task(_PythonDecoratedOperator): get_data_to_ingest_from_local_file_task> on 2022-06-12 07:58:00+00:00
[2022-06-12 17:47:32,099] {standard_task_runner.py:52} INFO - Started process 10834 to run task
[2022-06-12 17:47:32,100] {standard_task_runner.py:79} INFO - Running: ['airflow', 'tasks', 'run', 'ingest_data', 'get_data_to_ingest_from_local_file_task', 'scheduled__2022-06-12T07:58:00+00:00', '--job-id', '1349', '--raw', '--subdir', 'DAGS_FOLDER/ingestion_dag.py', '--cfg-path', '/tmp/tmpjvav0fi9', '--error-file', '/tmp/tmpdo4ohk3z']
[2022-06-12 17:47:32,103] {standard_task_runner.py:80} INFO - Job 1349: Subtask get_data_to_ingest_from_local_file_task
[2022-06-12 17:47:32,266] {task_command.py:370} INFO - Running <TaskInstance: ingest_data.get_data_to_ingest_from_local_file_task scheduled__2022-06-12T07:58:00+00:00 [running]> on host DESKTOP-GDPK8BL.localdomain
[2022-06-12 17:47:32,730] {taskinstance.py:1569} INFO - Exporting the following env vars:
AIRFLOW_CTX_DAG_OWNER=airflow
AIRFLOW_CTX_DAG_ID=ingest_data
AIRFLOW_CTX_TASK_ID=get_data_to_ingest_from_local_file_task
AIRFLOW_CTX_EXECUTION_DATE=2022-06-12T07:58:00+00:00
AIRFLOW_CTX_TRY_NUMBER=1
AIRFLOW_CTX_DAG_RUN_ID=scheduled__2022-06-12T07:58:00+00:00
[2022-06-12 17:47:32,806] {python.py:173} INFO - Done. Returned value was:           AT      V       AP     RH      PE
19501  23.79  48.06  1012.92  60.03  447.59
1701   29.10  73.90  1007.47  59.48  436.56
23126  24.70  58.82  1009.40  75.91  442.98
16764  21.19  42.48  1013.43  80.52  469.76
10661  15.03  35.71  1015.26  56.55  467.61
[2022-06-12 17:47:32,974] {taskinstance.py:1395} INFO - Marking task as SUCCESS. dag_id=ingest_data, task_id=get_data_to_ingest_from_local_file_task, execution_date=20220612T075800, start_date=20220612T154731, end_date=20220612T154732
[2022-06-12 17:47:33,089] {local_task_job.py:156} INFO - Task exited with return code 0
[2022-06-12 17:47:33,319] {local_task_job.py:273} INFO - 1 downstream tasks scheduled from follow-on schedule check
