[2022-06-12 16:07:11,585] {taskinstance.py:1159} INFO - Dependencies all met for <TaskInstance: ingest_data.save_data_task scheduled__2022-06-11T22:05:00+00:00 [queued]>
[2022-06-12 16:07:11,613] {taskinstance.py:1159} INFO - Dependencies all met for <TaskInstance: ingest_data.save_data_task scheduled__2022-06-11T22:05:00+00:00 [queued]>
[2022-06-12 16:07:11,614] {taskinstance.py:1356} INFO - 
--------------------------------------------------------------------------------
[2022-06-12 16:07:11,615] {taskinstance.py:1357} INFO - Starting attempt 1 of 1
[2022-06-12 16:07:11,615] {taskinstance.py:1358} INFO - 
--------------------------------------------------------------------------------
[2022-06-12 16:07:11,679] {taskinstance.py:1377} INFO - Executing <Task(_PythonDecoratedOperator): save_data_task> on 2022-06-11 22:05:00+00:00
[2022-06-12 16:07:11,687] {standard_task_runner.py:52} INFO - Started process 1857 to run task
[2022-06-12 16:07:11,692] {standard_task_runner.py:79} INFO - Running: ['airflow', 'tasks', 'run', 'ingest_data', 'save_data_task', 'scheduled__2022-06-11T22:05:00+00:00', '--job-id', '165', '--raw', '--subdir', 'DAGS_FOLDER/ingestion_dag.py', '--cfg-path', '/tmp/tmp3c60la65', '--error-file', '/tmp/tmpean1npu3']
[2022-06-12 16:07:11,693] {standard_task_runner.py:80} INFO - Job 165: Subtask save_data_task
[2022-06-12 16:07:11,833] {task_command.py:370} INFO - Running <TaskInstance: ingest_data.save_data_task scheduled__2022-06-11T22:05:00+00:00 [running]> on host DESKTOP-GDPK8BL.localdomain
[2022-06-12 16:07:12,261] {taskinstance.py:1569} INFO - Exporting the following env vars:
AIRFLOW_CTX_DAG_OWNER=airflow
AIRFLOW_CTX_DAG_ID=ingest_data
AIRFLOW_CTX_TASK_ID=save_data_task
AIRFLOW_CTX_EXECUTION_DATE=2022-06-11T22:05:00+00:00
AIRFLOW_CTX_TRY_NUMBER=1
AIRFLOW_CTX_DAG_RUN_ID=scheduled__2022-06-11T22:05:00+00:00
[2022-06-12 16:07:12,278] {python.py:173} INFO - Done. Returned value was: None
[2022-06-12 16:07:12,309] {taskinstance.py:1395} INFO - Marking task as SUCCESS. dag_id=ingest_data, task_id=save_data_task, execution_date=20220611T220500, start_date=20220612T140711, end_date=20220612T140712
[2022-06-12 16:07:12,389] {local_task_job.py:156} INFO - Task exited with return code 0
[2022-06-12 16:07:12,582] {local_task_job.py:273} INFO - 0 downstream tasks scheduled from follow-on schedule check
