[2022-06-12 19:45:36,787] {taskinstance.py:1159} INFO - Dependencies all met for <TaskInstance: ingest_data.get_data_to_ingest_from_local_file_task scheduled__2022-06-12T08:49:00+00:00 [queued]>
[2022-06-12 19:45:36,832] {taskinstance.py:1159} INFO - Dependencies all met for <TaskInstance: ingest_data.get_data_to_ingest_from_local_file_task scheduled__2022-06-12T08:49:00+00:00 [queued]>
[2022-06-12 19:45:36,833] {taskinstance.py:1356} INFO - 
--------------------------------------------------------------------------------
[2022-06-12 19:45:36,833] {taskinstance.py:1357} INFO - Starting attempt 1 of 1
[2022-06-12 19:45:36,834] {taskinstance.py:1358} INFO - 
--------------------------------------------------------------------------------
[2022-06-12 19:45:36,908] {taskinstance.py:1377} INFO - Executing <Task(_PythonDecoratedOperator): get_data_to_ingest_from_local_file_task> on 2022-06-12 08:49:00+00:00
[2022-06-12 19:45:36,921] {standard_task_runner.py:79} INFO - Running: ['airflow', 'tasks', 'run', 'ingest_data', 'get_data_to_ingest_from_local_file_task', 'scheduled__2022-06-12T08:49:00+00:00', '--job-id', '1452', '--raw', '--subdir', 'DAGS_FOLDER/ingestion_dag.py', '--cfg-path', '/tmp/tmpxqww7dww', '--error-file', '/tmp/tmp8n6drnkz']
[2022-06-12 19:45:36,927] {standard_task_runner.py:80} INFO - Job 1452: Subtask get_data_to_ingest_from_local_file_task
[2022-06-12 19:45:36,914] {standard_task_runner.py:52} INFO - Started process 11599 to run task
[2022-06-12 19:45:37,154] {task_command.py:370} INFO - Running <TaskInstance: ingest_data.get_data_to_ingest_from_local_file_task scheduled__2022-06-12T08:49:00+00:00 [running]> on host DESKTOP-GDPK8BL.localdomain
[2022-06-12 19:45:37,768] {taskinstance.py:1569} INFO - Exporting the following env vars:
AIRFLOW_CTX_DAG_OWNER=airflow
AIRFLOW_CTX_DAG_ID=ingest_data
AIRFLOW_CTX_TASK_ID=get_data_to_ingest_from_local_file_task
AIRFLOW_CTX_EXECUTION_DATE=2022-06-12T08:49:00+00:00
AIRFLOW_CTX_TRY_NUMBER=1
AIRFLOW_CTX_DAG_RUN_ID=scheduled__2022-06-12T08:49:00+00:00
[2022-06-12 19:45:37,865] {python.py:173} INFO - Done. Returned value was:           AT      V       AP     RH      PE
28654  13.08  41.74  1020.75  64.44  474.81
2098   19.31  60.07  1014.86  69.37  453.47
10426  26.56  52.30  1007.40  62.04  439.25
22309  29.41  64.05  1009.82  67.40  444.82
35696  20.28  62.52  1017.89  75.67  452.45
[2022-06-12 19:45:38,061] {taskinstance.py:1395} INFO - Marking task as SUCCESS. dag_id=ingest_data, task_id=get_data_to_ingest_from_local_file_task, execution_date=20220612T084900, start_date=20220612T174536, end_date=20220612T174538
[2022-06-12 19:45:38,149] {local_task_job.py:156} INFO - Task exited with return code 0
[2022-06-12 19:45:38,388] {local_task_job.py:273} INFO - 1 downstream tasks scheduled from follow-on schedule check
