[2022-06-12 16:04:46,747] {taskinstance.py:1159} INFO - Dependencies all met for <TaskInstance: ingest_data.get_data_to_ingest_from_local_file_task scheduled__2022-06-11T21:52:00+00:00 [queued]>
[2022-06-12 16:04:46,774] {taskinstance.py:1159} INFO - Dependencies all met for <TaskInstance: ingest_data.get_data_to_ingest_from_local_file_task scheduled__2022-06-11T21:52:00+00:00 [queued]>
[2022-06-12 16:04:46,775] {taskinstance.py:1356} INFO - 
--------------------------------------------------------------------------------
[2022-06-12 16:04:46,775] {taskinstance.py:1357} INFO - Starting attempt 1 of 1
[2022-06-12 16:04:46,776] {taskinstance.py:1358} INFO - 
--------------------------------------------------------------------------------
[2022-06-12 16:04:46,844] {taskinstance.py:1377} INFO - Executing <Task(_PythonDecoratedOperator): get_data_to_ingest_from_local_file_task> on 2022-06-11 21:52:00+00:00
[2022-06-12 16:04:46,852] {standard_task_runner.py:52} INFO - Started process 1628 to run task
[2022-06-12 16:04:46,858] {standard_task_runner.py:79} INFO - Running: ['airflow', 'tasks', 'run', 'ingest_data', 'get_data_to_ingest_from_local_file_task', 'scheduled__2022-06-11T21:52:00+00:00', '--job-id', '138', '--raw', '--subdir', 'DAGS_FOLDER/ingestion_dag.py', '--cfg-path', '/tmp/tmphl8w_ewy', '--error-file', '/tmp/tmpl9wof3k6']
[2022-06-12 16:04:46,860] {standard_task_runner.py:80} INFO - Job 138: Subtask get_data_to_ingest_from_local_file_task
[2022-06-12 16:04:47,004] {task_command.py:370} INFO - Running <TaskInstance: ingest_data.get_data_to_ingest_from_local_file_task scheduled__2022-06-11T21:52:00+00:00 [running]> on host DESKTOP-GDPK8BL.localdomain
[2022-06-12 16:04:47,319] {taskinstance.py:1569} INFO - Exporting the following env vars:
AIRFLOW_CTX_DAG_OWNER=airflow
AIRFLOW_CTX_DAG_ID=ingest_data
AIRFLOW_CTX_TASK_ID=get_data_to_ingest_from_local_file_task
AIRFLOW_CTX_EXECUTION_DATE=2022-06-11T21:52:00+00:00
AIRFLOW_CTX_TRY_NUMBER=1
AIRFLOW_CTX_DAG_RUN_ID=scheduled__2022-06-11T21:52:00+00:00
[2022-06-12 16:04:47,391] {python.py:173} INFO - Done. Returned value was:           AT      V       AP     RH      PE
28333  26.52  73.21  1002.30  95.38  437.02
38005  13.86  40.83  1008.76  82.40  470.37
4464   23.01  59.44  1012.82  82.62  445.72
3147    5.90  45.87  1013.25  87.00  481.27
37533  22.84  59.39  1014.61  80.36  443.71
[2022-06-12 16:04:47,502] {taskinstance.py:1395} INFO - Marking task as SUCCESS. dag_id=ingest_data, task_id=get_data_to_ingest_from_local_file_task, execution_date=20220611T215200, start_date=20220612T140446, end_date=20220612T140447
[2022-06-12 16:04:47,598] {local_task_job.py:156} INFO - Task exited with return code 0
[2022-06-12 16:04:47,899] {local_task_job.py:273} INFO - 1 downstream tasks scheduled from follow-on schedule check
