[2022-06-12 16:46:24,893] {taskinstance.py:1159} INFO - Dependencies all met for <TaskInstance: ingest_data.get_data_to_ingest_from_local_file_task scheduled__2022-06-12T01:52:00+00:00 [queued]>
[2022-06-12 16:46:24,928] {taskinstance.py:1159} INFO - Dependencies all met for <TaskInstance: ingest_data.get_data_to_ingest_from_local_file_task scheduled__2022-06-12T01:52:00+00:00 [queued]>
[2022-06-12 16:46:24,929] {taskinstance.py:1356} INFO - 
--------------------------------------------------------------------------------
[2022-06-12 16:46:24,930] {taskinstance.py:1357} INFO - Starting attempt 1 of 1
[2022-06-12 16:46:24,931] {taskinstance.py:1358} INFO - 
--------------------------------------------------------------------------------
[2022-06-12 16:46:24,997] {taskinstance.py:1377} INFO - Executing <Task(_PythonDecoratedOperator): get_data_to_ingest_from_local_file_task> on 2022-06-12 01:52:00+00:00
[2022-06-12 16:46:25,004] {standard_task_runner.py:52} INFO - Started process 5410 to run task
[2022-06-12 16:46:25,009] {standard_task_runner.py:79} INFO - Running: ['airflow', 'tasks', 'run', 'ingest_data', 'get_data_to_ingest_from_local_file_task', 'scheduled__2022-06-12T01:52:00+00:00', '--job-id', '617', '--raw', '--subdir', 'DAGS_FOLDER/ingestion_dag.py', '--cfg-path', '/tmp/tmpfdvgl2rz', '--error-file', '/tmp/tmpcyyojlfz']
[2022-06-12 16:46:25,011] {standard_task_runner.py:80} INFO - Job 617: Subtask get_data_to_ingest_from_local_file_task
[2022-06-12 16:46:25,165] {task_command.py:370} INFO - Running <TaskInstance: ingest_data.get_data_to_ingest_from_local_file_task scheduled__2022-06-12T01:52:00+00:00 [running]> on host DESKTOP-GDPK8BL.localdomain
[2022-06-12 16:46:25,552] {taskinstance.py:1569} INFO - Exporting the following env vars:
AIRFLOW_CTX_DAG_OWNER=airflow
AIRFLOW_CTX_DAG_ID=ingest_data
AIRFLOW_CTX_TASK_ID=get_data_to_ingest_from_local_file_task
AIRFLOW_CTX_EXECUTION_DATE=2022-06-12T01:52:00+00:00
AIRFLOW_CTX_TRY_NUMBER=1
AIRFLOW_CTX_DAG_RUN_ID=scheduled__2022-06-12T01:52:00+00:00
[2022-06-12 16:46:25,645] {python.py:173} INFO - Done. Returned value was:           AT      V       AP     RH      PE
41535  29.77  69.48  1009.80  52.60  432.69
20253  22.29  45.01  1012.40  51.58  449.08
36414  16.37  39.99  1007.05  80.61  464.69
26925  29.07  72.51  1009.24  58.38  439.80
31319  17.69  44.34  1019.31  61.12  464.13
[2022-06-12 16:46:25,817] {taskinstance.py:1395} INFO - Marking task as SUCCESS. dag_id=ingest_data, task_id=get_data_to_ingest_from_local_file_task, execution_date=20220612T015200, start_date=20220612T144624, end_date=20220612T144625
[2022-06-12 16:46:25,908] {local_task_job.py:156} INFO - Task exited with return code 0
[2022-06-12 16:46:26,126] {local_task_job.py:273} INFO - 1 downstream tasks scheduled from follow-on schedule check
