[2022-06-12 17:23:35,774] {taskinstance.py:1159} INFO - Dependencies all met for <TaskInstance: ingest_data.get_data_to_ingest_from_local_file_task scheduled__2022-06-12T05:25:00+00:00 [queued]>
[2022-06-12 17:23:35,809] {taskinstance.py:1159} INFO - Dependencies all met for <TaskInstance: ingest_data.get_data_to_ingest_from_local_file_task scheduled__2022-06-12T05:25:00+00:00 [queued]>
[2022-06-12 17:23:35,810] {taskinstance.py:1356} INFO - 
--------------------------------------------------------------------------------
[2022-06-12 17:23:35,810] {taskinstance.py:1357} INFO - Starting attempt 1 of 1
[2022-06-12 17:23:35,811] {taskinstance.py:1358} INFO - 
--------------------------------------------------------------------------------
[2022-06-12 17:23:35,888] {taskinstance.py:1377} INFO - Executing <Task(_PythonDecoratedOperator): get_data_to_ingest_from_local_file_task> on 2022-06-12 05:25:00+00:00
[2022-06-12 17:23:35,894] {standard_task_runner.py:52} INFO - Started process 8582 to run task
[2022-06-12 17:23:35,901] {standard_task_runner.py:79} INFO - Running: ['airflow', 'tasks', 'run', 'ingest_data', 'get_data_to_ingest_from_local_file_task', 'scheduled__2022-06-12T05:25:00+00:00', '--job-id', '1044', '--raw', '--subdir', 'DAGS_FOLDER/ingestion_dag.py', '--cfg-path', '/tmp/tmpczzcpjid', '--error-file', '/tmp/tmp3umf_89l']
[2022-06-12 17:23:35,912] {standard_task_runner.py:80} INFO - Job 1044: Subtask get_data_to_ingest_from_local_file_task
[2022-06-12 17:23:36,056] {task_command.py:370} INFO - Running <TaskInstance: ingest_data.get_data_to_ingest_from_local_file_task scheduled__2022-06-12T05:25:00+00:00 [running]> on host DESKTOP-GDPK8BL.localdomain
[2022-06-12 17:23:36,493] {taskinstance.py:1569} INFO - Exporting the following env vars:
AIRFLOW_CTX_DAG_OWNER=airflow
AIRFLOW_CTX_DAG_ID=ingest_data
AIRFLOW_CTX_TASK_ID=get_data_to_ingest_from_local_file_task
AIRFLOW_CTX_EXECUTION_DATE=2022-06-12T05:25:00+00:00
AIRFLOW_CTX_TRY_NUMBER=1
AIRFLOW_CTX_DAG_RUN_ID=scheduled__2022-06-12T05:25:00+00:00
[2022-06-12 17:23:36,568] {python.py:173} INFO - Done. Returned value was:           AT      V       AP     RH      PE
9360   28.17  72.43  1007.37  68.92  428.88
40351  12.99  41.93  1020.25  74.64  472.95
15573  24.30  69.23  1013.17  59.91  440.56
29831  21.03  44.78  1007.99  36.82  459.72
27860  30.20  71.80  1011.13  60.66  436.94
[2022-06-12 17:23:36,720] {taskinstance.py:1395} INFO - Marking task as SUCCESS. dag_id=ingest_data, task_id=get_data_to_ingest_from_local_file_task, execution_date=20220612T052500, start_date=20220612T152335, end_date=20220612T152336
[2022-06-12 17:23:36,808] {local_task_job.py:156} INFO - Task exited with return code 0
[2022-06-12 17:23:37,025] {local_task_job.py:273} INFO - 1 downstream tasks scheduled from follow-on schedule check
