[2022-06-15 19:10:43,850] {taskinstance.py:1159} INFO - Dependencies all met for <TaskInstance: loan_pred.get_data_to_ingest_from_local_file_task scheduled__2022-06-14T21:00:00+00:00 [queued]>
[2022-06-15 19:10:43,872] {taskinstance.py:1159} INFO - Dependencies all met for <TaskInstance: loan_pred.get_data_to_ingest_from_local_file_task scheduled__2022-06-14T21:00:00+00:00 [queued]>
[2022-06-15 19:10:43,872] {taskinstance.py:1356} INFO - 
--------------------------------------------------------------------------------
[2022-06-15 19:10:43,873] {taskinstance.py:1357} INFO - Starting attempt 1 of 1
[2022-06-15 19:10:43,873] {taskinstance.py:1358} INFO - 
--------------------------------------------------------------------------------
[2022-06-15 19:10:43,927] {taskinstance.py:1377} INFO - Executing <Task(_PythonDecoratedOperator): get_data_to_ingest_from_local_file_task> on 2022-06-14 21:00:00+00:00
[2022-06-15 19:10:43,932] {standard_task_runner.py:52} INFO - Started process 258 to run task
[2022-06-15 19:10:43,940] {standard_task_runner.py:79} INFO - Running: ['airflow', 'tasks', 'run', 'loan_pred', 'get_data_to_ingest_from_local_file_task', 'scheduled__2022-06-14T21:00:00+00:00', '--job-id', '1573', '--raw', '--subdir', 'DAGS_FOLDER/loan_pred.py', '--cfg-path', '/tmp/tmpgoyj9k7_', '--error-file', '/tmp/tmppzt0jedx']
[2022-06-15 19:10:43,943] {standard_task_runner.py:80} INFO - Job 1573: Subtask get_data_to_ingest_from_local_file_task
[2022-06-15 19:10:44,069] {task_command.py:370} INFO - Running <TaskInstance: loan_pred.get_data_to_ingest_from_local_file_task scheduled__2022-06-14T21:00:00+00:00 [running]> on host DESKTOP-GDPK8BL.localdomain
[2022-06-15 19:10:44,504] {taskinstance.py:1569} INFO - Exporting the following env vars:
AIRFLOW_CTX_DAG_OWNER=airflow
AIRFLOW_CTX_DAG_ID=loan_pred
AIRFLOW_CTX_TASK_ID=get_data_to_ingest_from_local_file_task
AIRFLOW_CTX_EXECUTION_DATE=2022-06-14T21:00:00+00:00
AIRFLOW_CTX_TRY_NUMBER=1
AIRFLOW_CTX_DAG_RUN_ID=scheduled__2022-06-14T21:00:00+00:00
[2022-06-15 19:10:44,534] {python.py:173} INFO - Done. Returned value was:       Loan_ID  Gender Married Dependents  ... LoanAmount Loan_Amount_Term  Credit_History  Property_Area
227  LP002270    Male     Yes          1  ...      100.0            360.0             1.0          Rural
272  LP002485    Male      No          1  ...      240.0            360.0             1.0      Semiurban
326  LP002803    Male     Yes          1  ...      122.0            360.0             1.0      Semiurban
234  LP002311  Female     Yes          0  ...      104.0            360.0             1.0          Urban
66   LP001352    Male     Yes          0  ...      135.0            360.0             0.0      Semiurban

[5 rows x 12 columns]
[2022-06-15 19:10:44,722] {taskinstance.py:1395} INFO - Marking task as SUCCESS. dag_id=loan_pred, task_id=get_data_to_ingest_from_local_file_task, execution_date=20220614T210000, start_date=20220615T171043, end_date=20220615T171044
[2022-06-15 19:10:44,797] {local_task_job.py:156} INFO - Task exited with return code 0
[2022-06-15 19:10:44,982] {local_task_job.py:273} INFO - 1 downstream tasks scheduled from follow-on schedule check
