[2022-06-12 17:17:02,300] {taskinstance.py:1159} INFO - Dependencies all met for <TaskInstance: ingest_data.get_data_to_ingest_from_local_file_task scheduled__2022-06-12T04:45:00+00:00 [queued]>
[2022-06-12 17:17:02,331] {taskinstance.py:1159} INFO - Dependencies all met for <TaskInstance: ingest_data.get_data_to_ingest_from_local_file_task scheduled__2022-06-12T04:45:00+00:00 [queued]>
[2022-06-12 17:17:02,332] {taskinstance.py:1356} INFO - 
--------------------------------------------------------------------------------
[2022-06-12 17:17:02,333] {taskinstance.py:1357} INFO - Starting attempt 1 of 1
[2022-06-12 17:17:02,333] {taskinstance.py:1358} INFO - 
--------------------------------------------------------------------------------
[2022-06-12 17:17:02,386] {taskinstance.py:1377} INFO - Executing <Task(_PythonDecoratedOperator): get_data_to_ingest_from_local_file_task> on 2022-06-12 04:45:00+00:00
[2022-06-12 17:17:02,392] {standard_task_runner.py:52} INFO - Started process 7982 to run task
[2022-06-12 17:17:02,407] {standard_task_runner.py:79} INFO - Running: ['airflow', 'tasks', 'run', 'ingest_data', 'get_data_to_ingest_from_local_file_task', 'scheduled__2022-06-12T04:45:00+00:00', '--job-id', '963', '--raw', '--subdir', 'DAGS_FOLDER/ingestion_dag.py', '--cfg-path', '/tmp/tmpqv3oe0em', '--error-file', '/tmp/tmpij88eo6f']
[2022-06-12 17:17:02,412] {standard_task_runner.py:80} INFO - Job 963: Subtask get_data_to_ingest_from_local_file_task
[2022-06-12 17:17:02,614] {task_command.py:370} INFO - Running <TaskInstance: ingest_data.get_data_to_ingest_from_local_file_task scheduled__2022-06-12T04:45:00+00:00 [running]> on host DESKTOP-GDPK8BL.localdomain
[2022-06-12 17:17:03,217] {taskinstance.py:1569} INFO - Exporting the following env vars:
AIRFLOW_CTX_DAG_OWNER=airflow
AIRFLOW_CTX_DAG_ID=ingest_data
AIRFLOW_CTX_TASK_ID=get_data_to_ingest_from_local_file_task
AIRFLOW_CTX_EXECUTION_DATE=2022-06-12T04:45:00+00:00
AIRFLOW_CTX_TRY_NUMBER=1
AIRFLOW_CTX_DAG_RUN_ID=scheduled__2022-06-12T04:45:00+00:00
[2022-06-12 17:17:03,300] {python.py:173} INFO - Done. Returned value was:           AT      V       AP     RH      PE
36446   7.23  41.22  1015.23  98.04  483.31
3127   22.89  74.78  1009.79  81.57  443.70
22907  12.49  41.62  1011.37  82.68  461.35
26471   4.04  35.47  1017.51  87.35  486.86
12583  33.72  74.33  1011.40  37.51  428.96
[2022-06-12 17:17:03,453] {taskinstance.py:1395} INFO - Marking task as SUCCESS. dag_id=ingest_data, task_id=get_data_to_ingest_from_local_file_task, execution_date=20220612T044500, start_date=20220612T151702, end_date=20220612T151703
[2022-06-12 17:17:03,587] {local_task_job.py:156} INFO - Task exited with return code 0
[2022-06-12 17:17:03,825] {local_task_job.py:273} INFO - 1 downstream tasks scheduled from follow-on schedule check
