[2022-06-12 16:07:58,191] {taskinstance.py:1159} INFO - Dependencies all met for <TaskInstance: ingest_data.get_data_to_ingest_from_local_file_task scheduled__2022-06-11T22:09:00+00:00 [queued]>
[2022-06-12 16:07:58,215] {taskinstance.py:1159} INFO - Dependencies all met for <TaskInstance: ingest_data.get_data_to_ingest_from_local_file_task scheduled__2022-06-11T22:09:00+00:00 [queued]>
[2022-06-12 16:07:58,215] {taskinstance.py:1356} INFO - 
--------------------------------------------------------------------------------
[2022-06-12 16:07:58,215] {taskinstance.py:1357} INFO - Starting attempt 1 of 1
[2022-06-12 16:07:58,216] {taskinstance.py:1358} INFO - 
--------------------------------------------------------------------------------
[2022-06-12 16:07:58,270] {taskinstance.py:1377} INFO - Executing <Task(_PythonDecoratedOperator): get_data_to_ingest_from_local_file_task> on 2022-06-11 22:09:00+00:00
[2022-06-12 16:07:58,286] {standard_task_runner.py:52} INFO - Started process 1917 to run task
[2022-06-12 16:07:58,285] {standard_task_runner.py:79} INFO - Running: ['airflow', 'tasks', 'run', 'ingest_data', 'get_data_to_ingest_from_local_file_task', 'scheduled__2022-06-11T22:09:00+00:00', '--job-id', '172', '--raw', '--subdir', 'DAGS_FOLDER/ingestion_dag.py', '--cfg-path', '/tmp/tmp6b8dmopr', '--error-file', '/tmp/tmpw98d3lum']
[2022-06-12 16:07:58,294] {standard_task_runner.py:80} INFO - Job 172: Subtask get_data_to_ingest_from_local_file_task
[2022-06-12 16:07:58,452] {task_command.py:370} INFO - Running <TaskInstance: ingest_data.get_data_to_ingest_from_local_file_task scheduled__2022-06-11T22:09:00+00:00 [running]> on host DESKTOP-GDPK8BL.localdomain
[2022-06-12 16:07:58,816] {taskinstance.py:1569} INFO - Exporting the following env vars:
AIRFLOW_CTX_DAG_OWNER=airflow
AIRFLOW_CTX_DAG_ID=ingest_data
AIRFLOW_CTX_TASK_ID=get_data_to_ingest_from_local_file_task
AIRFLOW_CTX_EXECUTION_DATE=2022-06-11T22:09:00+00:00
AIRFLOW_CTX_TRY_NUMBER=1
AIRFLOW_CTX_DAG_RUN_ID=scheduled__2022-06-11T22:09:00+00:00
[2022-06-12 16:07:58,884] {python.py:173} INFO - Done. Returned value was:           AT      V       AP     RH      PE
29715  24.99  58.79  1016.37  67.16  439.20
17541  29.67  66.51  1015.60  34.10  434.80
4609   23.05  58.86  1013.84  62.21  445.46
18406  10.90  41.46  1016.66  86.20  479.45
22372  12.33  45.51  1016.49  79.20  471.16
[2022-06-12 16:07:59,084] {taskinstance.py:1395} INFO - Marking task as SUCCESS. dag_id=ingest_data, task_id=get_data_to_ingest_from_local_file_task, execution_date=20220611T220900, start_date=20220612T140758, end_date=20220612T140759
[2022-06-12 16:07:59,200] {local_task_job.py:156} INFO - Task exited with return code 0
[2022-06-12 16:07:59,539] {local_task_job.py:273} INFO - 1 downstream tasks scheduled from follow-on schedule check
