[2022-06-12 16:17:20,040] {taskinstance.py:1159} INFO - Dependencies all met for <TaskInstance: ingest_data.get_data_to_ingest_from_local_file_task scheduled__2022-06-11T23:04:00+00:00 [queued]>
[2022-06-12 16:17:20,067] {taskinstance.py:1159} INFO - Dependencies all met for <TaskInstance: ingest_data.get_data_to_ingest_from_local_file_task scheduled__2022-06-11T23:04:00+00:00 [queued]>
[2022-06-12 16:17:20,068] {taskinstance.py:1356} INFO - 
--------------------------------------------------------------------------------
[2022-06-12 16:17:20,068] {taskinstance.py:1357} INFO - Starting attempt 1 of 1
[2022-06-12 16:17:20,069] {taskinstance.py:1358} INFO - 
--------------------------------------------------------------------------------
[2022-06-12 16:17:20,138] {taskinstance.py:1377} INFO - Executing <Task(_PythonDecoratedOperator): get_data_to_ingest_from_local_file_task> on 2022-06-11 23:04:00+00:00
[2022-06-12 16:17:20,146] {standard_task_runner.py:52} INFO - Started process 2852 to run task
[2022-06-12 16:17:20,151] {standard_task_runner.py:79} INFO - Running: ['airflow', 'tasks', 'run', 'ingest_data', 'get_data_to_ingest_from_local_file_task', 'scheduled__2022-06-11T23:04:00+00:00', '--job-id', '282', '--raw', '--subdir', 'DAGS_FOLDER/ingestion_dag.py', '--cfg-path', '/tmp/tmp5j9emur8', '--error-file', '/tmp/tmp01t6ipzv']
[2022-06-12 16:17:20,153] {standard_task_runner.py:80} INFO - Job 282: Subtask get_data_to_ingest_from_local_file_task
[2022-06-12 16:17:20,305] {task_command.py:370} INFO - Running <TaskInstance: ingest_data.get_data_to_ingest_from_local_file_task scheduled__2022-06-11T23:04:00+00:00 [running]> on host DESKTOP-GDPK8BL.localdomain
[2022-06-12 16:17:20,767] {taskinstance.py:1569} INFO - Exporting the following env vars:
AIRFLOW_CTX_DAG_OWNER=airflow
AIRFLOW_CTX_DAG_ID=ingest_data
AIRFLOW_CTX_TASK_ID=get_data_to_ingest_from_local_file_task
AIRFLOW_CTX_EXECUTION_DATE=2022-06-11T23:04:00+00:00
AIRFLOW_CTX_TRY_NUMBER=1
AIRFLOW_CTX_DAG_RUN_ID=scheduled__2022-06-11T23:04:00+00:00
[2022-06-12 16:17:20,834] {python.py:173} INFO - Done. Returned value was:           AT      V       AP     RH      PE
11324  10.61  43.79  1016.03  76.33  480.28
17999  27.31  65.12  1016.05  45.98  440.06
31571  21.84  64.69  1007.57  77.34  450.25
35338  14.22  44.99  1012.00  75.28  460.53
47216  22.20  63.94  1017.38  56.17  445.60
[2022-06-12 16:17:20,950] {taskinstance.py:1395} INFO - Marking task as SUCCESS. dag_id=ingest_data, task_id=get_data_to_ingest_from_local_file_task, execution_date=20220611T230400, start_date=20220612T141720, end_date=20220612T141720
[2022-06-12 16:17:21,049] {local_task_job.py:156} INFO - Task exited with return code 0
[2022-06-12 16:17:21,276] {local_task_job.py:273} INFO - 1 downstream tasks scheduled from follow-on schedule check
