[2022-06-12 16:24:56,401] {taskinstance.py:1159} INFO - Dependencies all met for <TaskInstance: ingest_data.get_data_to_ingest_from_local_file_task scheduled__2022-06-11T23:46:00+00:00 [queued]>
[2022-06-12 16:24:56,428] {taskinstance.py:1159} INFO - Dependencies all met for <TaskInstance: ingest_data.get_data_to_ingest_from_local_file_task scheduled__2022-06-11T23:46:00+00:00 [queued]>
[2022-06-12 16:24:56,429] {taskinstance.py:1356} INFO - 
--------------------------------------------------------------------------------
[2022-06-12 16:24:56,429] {taskinstance.py:1357} INFO - Starting attempt 1 of 1
[2022-06-12 16:24:56,430] {taskinstance.py:1358} INFO - 
--------------------------------------------------------------------------------
[2022-06-12 16:24:56,481] {taskinstance.py:1377} INFO - Executing <Task(_PythonDecoratedOperator): get_data_to_ingest_from_local_file_task> on 2022-06-11 23:46:00+00:00
[2022-06-12 16:24:56,489] {standard_task_runner.py:52} INFO - Started process 3536 to run task
[2022-06-12 16:24:56,495] {standard_task_runner.py:79} INFO - Running: ['airflow', 'tasks', 'run', 'ingest_data', 'get_data_to_ingest_from_local_file_task', 'scheduled__2022-06-11T23:46:00+00:00', '--job-id', '365', '--raw', '--subdir', 'DAGS_FOLDER/ingestion_dag.py', '--cfg-path', '/tmp/tmplwhju67u', '--error-file', '/tmp/tmpd_wtr827']
[2022-06-12 16:24:56,497] {standard_task_runner.py:80} INFO - Job 365: Subtask get_data_to_ingest_from_local_file_task
[2022-06-12 16:24:56,653] {task_command.py:370} INFO - Running <TaskInstance: ingest_data.get_data_to_ingest_from_local_file_task scheduled__2022-06-11T23:46:00+00:00 [running]> on host DESKTOP-GDPK8BL.localdomain
[2022-06-12 16:24:57,009] {taskinstance.py:1569} INFO - Exporting the following env vars:
AIRFLOW_CTX_DAG_OWNER=airflow
AIRFLOW_CTX_DAG_ID=ingest_data
AIRFLOW_CTX_TASK_ID=get_data_to_ingest_from_local_file_task
AIRFLOW_CTX_EXECUTION_DATE=2022-06-11T23:46:00+00:00
AIRFLOW_CTX_TRY_NUMBER=1
AIRFLOW_CTX_DAG_RUN_ID=scheduled__2022-06-11T23:46:00+00:00
[2022-06-12 16:24:57,091] {python.py:173} INFO - Done. Returned value was:           AT      V       AP     RH      PE
24598  28.18  73.88  1005.89  75.41  434.48
27318  14.93  39.16  1007.25  72.35  463.20
20163  24.54  60.23  1011.55  72.78  445.25
8091   18.17  66.86  1011.29  78.48  452.77
36492  13.35  39.18  1023.24  61.98  469.34
[2022-06-12 16:24:57,218] {taskinstance.py:1395} INFO - Marking task as SUCCESS. dag_id=ingest_data, task_id=get_data_to_ingest_from_local_file_task, execution_date=20220611T234600, start_date=20220612T142456, end_date=20220612T142457
[2022-06-12 16:24:57,312] {local_task_job.py:156} INFO - Task exited with return code 0
[2022-06-12 16:24:57,518] {local_task_job.py:273} INFO - 1 downstream tasks scheduled from follow-on schedule check
