[2022-06-12 17:24:26,832] {taskinstance.py:1159} INFO - Dependencies all met for <TaskInstance: ingest_data.get_data_to_ingest_from_local_file_task scheduled__2022-06-12T05:31:00+00:00 [queued]>
[2022-06-12 17:24:26,864] {taskinstance.py:1159} INFO - Dependencies all met for <TaskInstance: ingest_data.get_data_to_ingest_from_local_file_task scheduled__2022-06-12T05:31:00+00:00 [queued]>
[2022-06-12 17:24:26,864] {taskinstance.py:1356} INFO - 
--------------------------------------------------------------------------------
[2022-06-12 17:24:26,865] {taskinstance.py:1357} INFO - Starting attempt 1 of 1
[2022-06-12 17:24:26,866] {taskinstance.py:1358} INFO - 
--------------------------------------------------------------------------------
[2022-06-12 17:24:26,929] {taskinstance.py:1377} INFO - Executing <Task(_PythonDecoratedOperator): get_data_to_ingest_from_local_file_task> on 2022-06-12 05:31:00+00:00
[2022-06-12 17:24:26,935] {standard_task_runner.py:52} INFO - Started process 8662 to run task
[2022-06-12 17:24:26,943] {standard_task_runner.py:79} INFO - Running: ['airflow', 'tasks', 'run', 'ingest_data', 'get_data_to_ingest_from_local_file_task', 'scheduled__2022-06-12T05:31:00+00:00', '--job-id', '1055', '--raw', '--subdir', 'DAGS_FOLDER/ingestion_dag.py', '--cfg-path', '/tmp/tmpvr419fwx', '--error-file', '/tmp/tmp1ht4zjkx']
[2022-06-12 17:24:26,946] {standard_task_runner.py:80} INFO - Job 1055: Subtask get_data_to_ingest_from_local_file_task
[2022-06-12 17:24:27,105] {task_command.py:370} INFO - Running <TaskInstance: ingest_data.get_data_to_ingest_from_local_file_task scheduled__2022-06-12T05:31:00+00:00 [running]> on host DESKTOP-GDPK8BL.localdomain
[2022-06-12 17:24:27,552] {taskinstance.py:1569} INFO - Exporting the following env vars:
AIRFLOW_CTX_DAG_OWNER=airflow
AIRFLOW_CTX_DAG_ID=ingest_data
AIRFLOW_CTX_TASK_ID=get_data_to_ingest_from_local_file_task
AIRFLOW_CTX_EXECUTION_DATE=2022-06-12T05:31:00+00:00
AIRFLOW_CTX_TRY_NUMBER=1
AIRFLOW_CTX_DAG_RUN_ID=scheduled__2022-06-12T05:31:00+00:00
[2022-06-12 17:24:27,628] {python.py:173} INFO - Done. Returned value was:           AT      V       AP     RH      PE
23040  14.02  40.66  1017.05  84.14  465.39
38601   9.20  39.82  1013.19  91.25  482.89
7087   16.03  65.46  1013.96  87.56  455.17
5387   27.40  69.13  1001.40  82.47  426.18
32946  21.94  62.52  1015.99  74.56  449.87
[2022-06-12 17:24:27,783] {taskinstance.py:1395} INFO - Marking task as SUCCESS. dag_id=ingest_data, task_id=get_data_to_ingest_from_local_file_task, execution_date=20220612T053100, start_date=20220612T152426, end_date=20220612T152427
[2022-06-12 17:24:27,884] {local_task_job.py:156} INFO - Task exited with return code 0
[2022-06-12 17:24:28,133] {local_task_job.py:273} INFO - 1 downstream tasks scheduled from follow-on schedule check
