[2022-06-12 16:08:19,034] {taskinstance.py:1159} INFO - Dependencies all met for <TaskInstance: ingest_data.get_data_to_ingest_from_local_file_task scheduled__2022-06-11T22:11:00+00:00 [queued]>
[2022-06-12 16:08:19,063] {taskinstance.py:1159} INFO - Dependencies all met for <TaskInstance: ingest_data.get_data_to_ingest_from_local_file_task scheduled__2022-06-11T22:11:00+00:00 [queued]>
[2022-06-12 16:08:19,064] {taskinstance.py:1356} INFO - 
--------------------------------------------------------------------------------
[2022-06-12 16:08:19,064] {taskinstance.py:1357} INFO - Starting attempt 1 of 1
[2022-06-12 16:08:19,065] {taskinstance.py:1358} INFO - 
--------------------------------------------------------------------------------
[2022-06-12 16:08:19,147] {taskinstance.py:1377} INFO - Executing <Task(_PythonDecoratedOperator): get_data_to_ingest_from_local_file_task> on 2022-06-11 22:11:00+00:00
[2022-06-12 16:08:19,154] {standard_task_runner.py:52} INFO - Started process 1951 to run task
[2022-06-12 16:08:19,160] {standard_task_runner.py:79} INFO - Running: ['airflow', 'tasks', 'run', 'ingest_data', 'get_data_to_ingest_from_local_file_task', 'scheduled__2022-06-11T22:11:00+00:00', '--job-id', '176', '--raw', '--subdir', 'DAGS_FOLDER/ingestion_dag.py', '--cfg-path', '/tmp/tmp2v612z9t', '--error-file', '/tmp/tmplmspug_m']
[2022-06-12 16:08:19,162] {standard_task_runner.py:80} INFO - Job 176: Subtask get_data_to_ingest_from_local_file_task
[2022-06-12 16:08:19,314] {task_command.py:370} INFO - Running <TaskInstance: ingest_data.get_data_to_ingest_from_local_file_task scheduled__2022-06-11T22:11:00+00:00 [running]> on host DESKTOP-GDPK8BL.localdomain
[2022-06-12 16:08:19,648] {taskinstance.py:1569} INFO - Exporting the following env vars:
AIRFLOW_CTX_DAG_OWNER=airflow
AIRFLOW_CTX_DAG_ID=ingest_data
AIRFLOW_CTX_TASK_ID=get_data_to_ingest_from_local_file_task
AIRFLOW_CTX_EXECUTION_DATE=2022-06-11T22:11:00+00:00
AIRFLOW_CTX_TRY_NUMBER=1
AIRFLOW_CTX_DAG_RUN_ID=scheduled__2022-06-11T22:11:00+00:00
[2022-06-12 16:08:19,717] {python.py:173} INFO - Done. Returned value was:           AT      V       AP     RH      PE
33271  26.41  65.59  1010.69  73.78  441.49
39464  29.56  71.14  1011.42  53.18  432.09
34348  25.31  74.33  1015.04  79.88  436.21
37496  12.95  41.38  1021.97  53.83  474.46
23961  23.14  63.94  1017.49  53.19  446.57
[2022-06-12 16:08:19,829] {taskinstance.py:1395} INFO - Marking task as SUCCESS. dag_id=ingest_data, task_id=get_data_to_ingest_from_local_file_task, execution_date=20220611T221100, start_date=20220612T140819, end_date=20220612T140819
[2022-06-12 16:08:19,897] {local_task_job.py:156} INFO - Task exited with return code 0
[2022-06-12 16:08:20,124] {local_task_job.py:273} INFO - 1 downstream tasks scheduled from follow-on schedule check
