[2022-06-12 17:12:28,076] {taskinstance.py:1159} INFO - Dependencies all met for <TaskInstance: ingest_data.get_data_to_ingest_from_local_file_task scheduled__2022-06-12T04:20:00+00:00 [queued]>
[2022-06-12 17:12:28,115] {taskinstance.py:1159} INFO - Dependencies all met for <TaskInstance: ingest_data.get_data_to_ingest_from_local_file_task scheduled__2022-06-12T04:20:00+00:00 [queued]>
[2022-06-12 17:12:28,116] {taskinstance.py:1356} INFO - 
--------------------------------------------------------------------------------
[2022-06-12 17:12:28,116] {taskinstance.py:1357} INFO - Starting attempt 1 of 1
[2022-06-12 17:12:28,117] {taskinstance.py:1358} INFO - 
--------------------------------------------------------------------------------
[2022-06-12 17:12:28,182] {taskinstance.py:1377} INFO - Executing <Task(_PythonDecoratedOperator): get_data_to_ingest_from_local_file_task> on 2022-06-12 04:20:00+00:00
[2022-06-12 17:12:28,188] {standard_task_runner.py:52} INFO - Started process 7610 to run task
[2022-06-12 17:12:28,194] {standard_task_runner.py:79} INFO - Running: ['airflow', 'tasks', 'run', 'ingest_data', 'get_data_to_ingest_from_local_file_task', 'scheduled__2022-06-12T04:20:00+00:00', '--job-id', '913', '--raw', '--subdir', 'DAGS_FOLDER/ingestion_dag.py', '--cfg-path', '/tmp/tmpvak0660b', '--error-file', '/tmp/tmpsunx3v1v']
[2022-06-12 17:12:28,196] {standard_task_runner.py:80} INFO - Job 913: Subtask get_data_to_ingest_from_local_file_task
[2022-06-12 17:12:28,348] {task_command.py:370} INFO - Running <TaskInstance: ingest_data.get_data_to_ingest_from_local_file_task scheduled__2022-06-12T04:20:00+00:00 [running]> on host DESKTOP-GDPK8BL.localdomain
[2022-06-12 17:12:28,832] {taskinstance.py:1569} INFO - Exporting the following env vars:
AIRFLOW_CTX_DAG_OWNER=airflow
AIRFLOW_CTX_DAG_ID=ingest_data
AIRFLOW_CTX_TASK_ID=get_data_to_ingest_from_local_file_task
AIRFLOW_CTX_EXECUTION_DATE=2022-06-12T04:20:00+00:00
AIRFLOW_CTX_TRY_NUMBER=1
AIRFLOW_CTX_DAG_RUN_ID=scheduled__2022-06-12T04:20:00+00:00
[2022-06-12 17:12:28,935] {python.py:173} INFO - Done. Returned value was:           AT      V       AP     RH      PE
39708  14.22  45.08  1023.26  84.41  466.47
43198  28.13  56.90  1007.17  51.66  436.95
29020  12.08  40.75  1015.84  86.90  476.84
11783  29.79  67.69  1006.86  55.93  428.71
22634  21.03  70.02  1010.21  95.69  444.53
[2022-06-12 17:12:29,123] {taskinstance.py:1395} INFO - Marking task as SUCCESS. dag_id=ingest_data, task_id=get_data_to_ingest_from_local_file_task, execution_date=20220612T042000, start_date=20220612T151228, end_date=20220612T151229
[2022-06-12 17:12:29,216] {local_task_job.py:156} INFO - Task exited with return code 0
[2022-06-12 17:12:29,440] {local_task_job.py:273} INFO - 1 downstream tasks scheduled from follow-on schedule check
