[2022-06-12 17:28:53,960] {taskinstance.py:1159} INFO - Dependencies all met for <TaskInstance: ingest_data.get_data_to_ingest_from_local_file_task scheduled__2022-06-12T05:59:00+00:00 [queued]>
[2022-06-12 17:28:53,997] {taskinstance.py:1159} INFO - Dependencies all met for <TaskInstance: ingest_data.get_data_to_ingest_from_local_file_task scheduled__2022-06-12T05:59:00+00:00 [queued]>
[2022-06-12 17:28:53,998] {taskinstance.py:1356} INFO - 
--------------------------------------------------------------------------------
[2022-06-12 17:28:53,998] {taskinstance.py:1357} INFO - Starting attempt 1 of 1
[2022-06-12 17:28:53,999] {taskinstance.py:1358} INFO - 
--------------------------------------------------------------------------------
[2022-06-12 17:28:54,074] {taskinstance.py:1377} INFO - Executing <Task(_PythonDecoratedOperator): get_data_to_ingest_from_local_file_task> on 2022-06-12 05:59:00+00:00
[2022-06-12 17:28:54,080] {standard_task_runner.py:52} INFO - Started process 9077 to run task
[2022-06-12 17:28:54,100] {standard_task_runner.py:79} INFO - Running: ['airflow', 'tasks', 'run', 'ingest_data', 'get_data_to_ingest_from_local_file_task', 'scheduled__2022-06-12T05:59:00+00:00', '--job-id', '1111', '--raw', '--subdir', 'DAGS_FOLDER/ingestion_dag.py', '--cfg-path', '/tmp/tmp5xi5tt3s', '--error-file', '/tmp/tmpycuuj1ne']
[2022-06-12 17:28:54,102] {standard_task_runner.py:80} INFO - Job 1111: Subtask get_data_to_ingest_from_local_file_task
[2022-06-12 17:28:54,255] {task_command.py:370} INFO - Running <TaskInstance: ingest_data.get_data_to_ingest_from_local_file_task scheduled__2022-06-12T05:59:00+00:00 [running]> on host DESKTOP-GDPK8BL.localdomain
[2022-06-12 17:28:54,666] {taskinstance.py:1569} INFO - Exporting the following env vars:
AIRFLOW_CTX_DAG_OWNER=airflow
AIRFLOW_CTX_DAG_ID=ingest_data
AIRFLOW_CTX_TASK_ID=get_data_to_ingest_from_local_file_task
AIRFLOW_CTX_EXECUTION_DATE=2022-06-12T05:59:00+00:00
AIRFLOW_CTX_TRY_NUMBER=1
AIRFLOW_CTX_DAG_RUN_ID=scheduled__2022-06-12T05:59:00+00:00
[2022-06-12 17:28:54,739] {python.py:173} INFO - Done. Returned value was:           AT      V       AP     RH      PE
15832   5.94  39.90  1007.84  86.33  485.86
37800  18.35  57.76  1019.64  77.94  458.41
38517  13.50  44.92  1023.87  87.17  468.85
30181  26.58  70.98  1008.96  77.36  434.41
47044  12.56  43.41  1016.93  81.02  467.19
[2022-06-12 17:28:54,875] {taskinstance.py:1395} INFO - Marking task as SUCCESS. dag_id=ingest_data, task_id=get_data_to_ingest_from_local_file_task, execution_date=20220612T055900, start_date=20220612T152853, end_date=20220612T152854
[2022-06-12 17:28:54,950] {local_task_job.py:156} INFO - Task exited with return code 0
[2022-06-12 17:28:55,182] {local_task_job.py:273} INFO - 1 downstream tasks scheduled from follow-on schedule check
