[2022-06-15 19:14:12,832] {taskinstance.py:1159} INFO - Dependencies all met for <TaskInstance: loan_pred.save_data_task scheduled__2022-06-14T21:22:00+00:00 [queued]>
[2022-06-15 19:14:12,856] {taskinstance.py:1159} INFO - Dependencies all met for <TaskInstance: loan_pred.save_data_task scheduled__2022-06-14T21:22:00+00:00 [queued]>
[2022-06-15 19:14:12,857] {taskinstance.py:1356} INFO - 
--------------------------------------------------------------------------------
[2022-06-15 19:14:12,857] {taskinstance.py:1357} INFO - Starting attempt 1 of 1
[2022-06-15 19:14:12,858] {taskinstance.py:1358} INFO - 
--------------------------------------------------------------------------------
[2022-06-15 19:14:12,915] {taskinstance.py:1377} INFO - Executing <Task(_PythonDecoratedOperator): save_data_task> on 2022-06-14 21:22:00+00:00
[2022-06-15 19:14:12,920] {standard_task_runner.py:52} INFO - Started process 624 to run task
[2022-06-15 19:14:12,926] {standard_task_runner.py:79} INFO - Running: ['airflow', 'tasks', 'run', 'loan_pred', 'save_data_task', 'scheduled__2022-06-14T21:22:00+00:00', '--job-id', '1618', '--raw', '--subdir', 'DAGS_FOLDER/loan_pred.py', '--cfg-path', '/tmp/tmph4a24llj', '--error-file', '/tmp/tmp7u8pzdzp']
[2022-06-15 19:14:12,927] {standard_task_runner.py:80} INFO - Job 1618: Subtask save_data_task
[2022-06-15 19:14:13,048] {task_command.py:370} INFO - Running <TaskInstance: loan_pred.save_data_task scheduled__2022-06-14T21:22:00+00:00 [running]> on host DESKTOP-GDPK8BL.localdomain
[2022-06-15 19:14:13,579] {taskinstance.py:1569} INFO - Exporting the following env vars:
AIRFLOW_CTX_DAG_OWNER=airflow
AIRFLOW_CTX_DAG_ID=loan_pred
AIRFLOW_CTX_TASK_ID=save_data_task
AIRFLOW_CTX_EXECUTION_DATE=2022-06-14T21:22:00+00:00
AIRFLOW_CTX_TRY_NUMBER=1
AIRFLOW_CTX_DAG_RUN_ID=scheduled__2022-06-14T21:22:00+00:00
[2022-06-15 19:14:13,593] {python.py:173} INFO - Done. Returned value was: None
[2022-06-15 19:14:13,619] {taskinstance.py:1395} INFO - Marking task as SUCCESS. dag_id=loan_pred, task_id=save_data_task, execution_date=20220614T212200, start_date=20220615T171412, end_date=20220615T171413
[2022-06-15 19:14:13,704] {local_task_job.py:156} INFO - Task exited with return code 0
[2022-06-15 19:14:13,865] {local_task_job.py:273} INFO - 0 downstream tasks scheduled from follow-on schedule check
