[2022-06-12 16:33:08,021] {taskinstance.py:1159} INFO - Dependencies all met for <TaskInstance: ingest_data.get_data_to_ingest_from_local_file_task scheduled__2022-06-12T00:38:00+00:00 [queued]>
[2022-06-12 16:33:08,052] {taskinstance.py:1159} INFO - Dependencies all met for <TaskInstance: ingest_data.get_data_to_ingest_from_local_file_task scheduled__2022-06-12T00:38:00+00:00 [queued]>
[2022-06-12 16:33:08,053] {taskinstance.py:1356} INFO - 
--------------------------------------------------------------------------------
[2022-06-12 16:33:08,053] {taskinstance.py:1357} INFO - Starting attempt 1 of 1
[2022-06-12 16:33:08,054] {taskinstance.py:1358} INFO - 
--------------------------------------------------------------------------------
[2022-06-12 16:33:08,116] {taskinstance.py:1377} INFO - Executing <Task(_PythonDecoratedOperator): get_data_to_ingest_from_local_file_task> on 2022-06-12 00:38:00+00:00
[2022-06-12 16:33:08,122] {standard_task_runner.py:52} INFO - Started process 4306 to run task
[2022-06-12 16:33:08,128] {standard_task_runner.py:79} INFO - Running: ['airflow', 'tasks', 'run', 'ingest_data', 'get_data_to_ingest_from_local_file_task', 'scheduled__2022-06-12T00:38:00+00:00', '--job-id', '469', '--raw', '--subdir', 'DAGS_FOLDER/ingestion_dag.py', '--cfg-path', '/tmp/tmppoia0_34', '--error-file', '/tmp/tmpxo53myd6']
[2022-06-12 16:33:08,131] {standard_task_runner.py:80} INFO - Job 469: Subtask get_data_to_ingest_from_local_file_task
[2022-06-12 16:33:08,279] {task_command.py:370} INFO - Running <TaskInstance: ingest_data.get_data_to_ingest_from_local_file_task scheduled__2022-06-12T00:38:00+00:00 [running]> on host DESKTOP-GDPK8BL.localdomain
[2022-06-12 16:33:08,655] {taskinstance.py:1569} INFO - Exporting the following env vars:
AIRFLOW_CTX_DAG_OWNER=airflow
AIRFLOW_CTX_DAG_ID=ingest_data
AIRFLOW_CTX_TASK_ID=get_data_to_ingest_from_local_file_task
AIRFLOW_CTX_EXECUTION_DATE=2022-06-12T00:38:00+00:00
AIRFLOW_CTX_TRY_NUMBER=1
AIRFLOW_CTX_DAG_RUN_ID=scheduled__2022-06-12T00:38:00+00:00
[2022-06-12 16:33:08,721] {python.py:173} INFO - Done. Returned value was:           AT      V       AP     RH      PE
45077  23.39  63.94  1010.54  89.94  441.44
7359   13.90  39.59  1011.84  94.74  465.00
5791   14.55  40.73  1018.36  89.12  458.82
32106  30.28  70.98  1007.51  74.28  432.64
35177   7.73  37.80  1020.71  63.93  483.94
[2022-06-12 16:33:08,845] {taskinstance.py:1395} INFO - Marking task as SUCCESS. dag_id=ingest_data, task_id=get_data_to_ingest_from_local_file_task, execution_date=20220612T003800, start_date=20220612T143308, end_date=20220612T143308
[2022-06-12 16:33:08,912] {local_task_job.py:156} INFO - Task exited with return code 0
[2022-06-12 16:33:09,122] {local_task_job.py:273} INFO - 1 downstream tasks scheduled from follow-on schedule check
