[2022-06-12 17:03:33,733] {taskinstance.py:1159} INFO - Dependencies all met for <TaskInstance: ingest_data.get_data_to_ingest_from_local_file_task scheduled__2022-06-12T03:31:00+00:00 [queued]>
[2022-06-12 17:03:33,765] {taskinstance.py:1159} INFO - Dependencies all met for <TaskInstance: ingest_data.get_data_to_ingest_from_local_file_task scheduled__2022-06-12T03:31:00+00:00 [queued]>
[2022-06-12 17:03:33,765] {taskinstance.py:1356} INFO - 
--------------------------------------------------------------------------------
[2022-06-12 17:03:33,766] {taskinstance.py:1357} INFO - Starting attempt 1 of 1
[2022-06-12 17:03:33,767] {taskinstance.py:1358} INFO - 
--------------------------------------------------------------------------------
[2022-06-12 17:03:33,839] {taskinstance.py:1377} INFO - Executing <Task(_PythonDecoratedOperator): get_data_to_ingest_from_local_file_task> on 2022-06-12 03:31:00+00:00
[2022-06-12 17:03:33,844] {standard_task_runner.py:52} INFO - Started process 6880 to run task
[2022-06-12 17:03:33,851] {standard_task_runner.py:79} INFO - Running: ['airflow', 'tasks', 'run', 'ingest_data', 'get_data_to_ingest_from_local_file_task', 'scheduled__2022-06-12T03:31:00+00:00', '--job-id', '815', '--raw', '--subdir', 'DAGS_FOLDER/ingestion_dag.py', '--cfg-path', '/tmp/tmp5djtz084', '--error-file', '/tmp/tmp3demz2c7']
[2022-06-12 17:03:33,852] {standard_task_runner.py:80} INFO - Job 815: Subtask get_data_to_ingest_from_local_file_task
[2022-06-12 17:03:34,013] {task_command.py:370} INFO - Running <TaskInstance: ingest_data.get_data_to_ingest_from_local_file_task scheduled__2022-06-12T03:31:00+00:00 [running]> on host DESKTOP-GDPK8BL.localdomain
[2022-06-12 17:03:34,427] {taskinstance.py:1569} INFO - Exporting the following env vars:
AIRFLOW_CTX_DAG_OWNER=airflow
AIRFLOW_CTX_DAG_ID=ingest_data
AIRFLOW_CTX_TASK_ID=get_data_to_ingest_from_local_file_task
AIRFLOW_CTX_EXECUTION_DATE=2022-06-12T03:31:00+00:00
AIRFLOW_CTX_TRY_NUMBER=1
AIRFLOW_CTX_DAG_RUN_ID=scheduled__2022-06-12T03:31:00+00:00
[2022-06-12 17:03:34,505] {python.py:173} INFO - Done. Returned value was:           AT      V       AP     RH      PE
21167  31.00  77.95  1010.14  65.97  431.62
1056   30.97  67.90  1005.98  55.60  428.26
29627  13.18  43.80  1023.18  61.21  467.00
29511  32.39  74.16  1008.53  61.09  431.17
38845  20.79  65.59  1014.90  77.00  450.30
[2022-06-12 17:03:34,657] {taskinstance.py:1395} INFO - Marking task as SUCCESS. dag_id=ingest_data, task_id=get_data_to_ingest_from_local_file_task, execution_date=20220612T033100, start_date=20220612T150333, end_date=20220612T150334
[2022-06-12 17:03:34,749] {local_task_job.py:156} INFO - Task exited with return code 0
[2022-06-12 17:03:34,961] {local_task_job.py:273} INFO - 1 downstream tasks scheduled from follow-on schedule check
