[2022-06-12 17:31:49,038] {taskinstance.py:1159} INFO - Dependencies all met for <TaskInstance: ingest_data.get_data_to_ingest_from_local_file_task scheduled__2022-06-12T06:18:00+00:00 [queued]>
[2022-06-12 17:31:49,073] {taskinstance.py:1159} INFO - Dependencies all met for <TaskInstance: ingest_data.get_data_to_ingest_from_local_file_task scheduled__2022-06-12T06:18:00+00:00 [queued]>
[2022-06-12 17:31:49,074] {taskinstance.py:1356} INFO - 
--------------------------------------------------------------------------------
[2022-06-12 17:31:49,074] {taskinstance.py:1357} INFO - Starting attempt 1 of 1
[2022-06-12 17:31:49,075] {taskinstance.py:1358} INFO - 
--------------------------------------------------------------------------------
[2022-06-12 17:31:49,138] {taskinstance.py:1377} INFO - Executing <Task(_PythonDecoratedOperator): get_data_to_ingest_from_local_file_task> on 2022-06-12 06:18:00+00:00
[2022-06-12 17:31:49,144] {standard_task_runner.py:52} INFO - Started process 9356 to run task
[2022-06-12 17:31:49,150] {standard_task_runner.py:79} INFO - Running: ['airflow', 'tasks', 'run', 'ingest_data', 'get_data_to_ingest_from_local_file_task', 'scheduled__2022-06-12T06:18:00+00:00', '--job-id', '1149', '--raw', '--subdir', 'DAGS_FOLDER/ingestion_dag.py', '--cfg-path', '/tmp/tmpfl31ty7l', '--error-file', '/tmp/tmpo33a3fni']
[2022-06-12 17:31:49,152] {standard_task_runner.py:80} INFO - Job 1149: Subtask get_data_to_ingest_from_local_file_task
[2022-06-12 17:31:49,287] {task_command.py:370} INFO - Running <TaskInstance: ingest_data.get_data_to_ingest_from_local_file_task scheduled__2022-06-12T06:18:00+00:00 [running]> on host DESKTOP-GDPK8BL.localdomain
[2022-06-12 17:31:49,734] {taskinstance.py:1569} INFO - Exporting the following env vars:
AIRFLOW_CTX_DAG_OWNER=airflow
AIRFLOW_CTX_DAG_ID=ingest_data
AIRFLOW_CTX_TASK_ID=get_data_to_ingest_from_local_file_task
AIRFLOW_CTX_EXECUTION_DATE=2022-06-12T06:18:00+00:00
AIRFLOW_CTX_TRY_NUMBER=1
AIRFLOW_CTX_DAG_RUN_ID=scheduled__2022-06-12T06:18:00+00:00
[2022-06-12 17:31:49,800] {python.py:173} INFO - Done. Returned value was:           AT      V       AP     RH      PE
22441   7.55  42.85  1011.21  93.25  484.93
20109  27.58  71.97  1008.51  87.99  430.53
37723  18.62  59.15  1012.85  82.54  450.81
43601   6.59  39.37  1020.34  77.92  488.17
37539  17.14  41.66  1010.97  57.66  463.38
[2022-06-12 17:31:49,927] {taskinstance.py:1395} INFO - Marking task as SUCCESS. dag_id=ingest_data, task_id=get_data_to_ingest_from_local_file_task, execution_date=20220612T061800, start_date=20220612T153149, end_date=20220612T153149
[2022-06-12 17:31:50,008] {local_task_job.py:156} INFO - Task exited with return code 0
[2022-06-12 17:31:50,223] {local_task_job.py:273} INFO - 1 downstream tasks scheduled from follow-on schedule check
