[2022-06-12 17:21:53,851] {taskinstance.py:1159} INFO - Dependencies all met for <TaskInstance: ingest_data.get_data_to_ingest_from_local_file_task scheduled__2022-06-12T05:15:00+00:00 [queued]>
[2022-06-12 17:21:53,888] {taskinstance.py:1159} INFO - Dependencies all met for <TaskInstance: ingest_data.get_data_to_ingest_from_local_file_task scheduled__2022-06-12T05:15:00+00:00 [queued]>
[2022-06-12 17:21:53,889] {taskinstance.py:1356} INFO - 
--------------------------------------------------------------------------------
[2022-06-12 17:21:53,889] {taskinstance.py:1357} INFO - Starting attempt 1 of 1
[2022-06-12 17:21:53,890] {taskinstance.py:1358} INFO - 
--------------------------------------------------------------------------------
[2022-06-12 17:21:53,975] {taskinstance.py:1377} INFO - Executing <Task(_PythonDecoratedOperator): get_data_to_ingest_from_local_file_task> on 2022-06-12 05:15:00+00:00
[2022-06-12 17:21:53,981] {standard_task_runner.py:52} INFO - Started process 8426 to run task
[2022-06-12 17:21:53,987] {standard_task_runner.py:79} INFO - Running: ['airflow', 'tasks', 'run', 'ingest_data', 'get_data_to_ingest_from_local_file_task', 'scheduled__2022-06-12T05:15:00+00:00', '--job-id', '1023', '--raw', '--subdir', 'DAGS_FOLDER/ingestion_dag.py', '--cfg-path', '/tmp/tmp1mv4gr67', '--error-file', '/tmp/tmpwkl8hll0']
[2022-06-12 17:21:54,000] {standard_task_runner.py:80} INFO - Job 1023: Subtask get_data_to_ingest_from_local_file_task
[2022-06-12 17:21:54,145] {task_command.py:370} INFO - Running <TaskInstance: ingest_data.get_data_to_ingest_from_local_file_task scheduled__2022-06-12T05:15:00+00:00 [running]> on host DESKTOP-GDPK8BL.localdomain
[2022-06-12 17:21:54,568] {taskinstance.py:1569} INFO - Exporting the following env vars:
AIRFLOW_CTX_DAG_OWNER=airflow
AIRFLOW_CTX_DAG_ID=ingest_data
AIRFLOW_CTX_TASK_ID=get_data_to_ingest_from_local_file_task
AIRFLOW_CTX_EXECUTION_DATE=2022-06-12T05:15:00+00:00
AIRFLOW_CTX_TRY_NUMBER=1
AIRFLOW_CTX_DAG_RUN_ID=scheduled__2022-06-12T05:15:00+00:00
[2022-06-12 17:21:54,644] {python.py:173} INFO - Done. Returned value was:           AT      V       AP     RH      PE
44459  31.86  69.59  1008.61  59.74  435.72
14236  16.71  40.55  1004.45  81.64  464.13
13225  21.16  50.66  1014.13  72.77  455.86
39487  12.19  40.05  1014.65  85.10  472.68
21910  18.94  47.83  1005.18  78.59  455.19
[2022-06-12 17:21:54,804] {taskinstance.py:1395} INFO - Marking task as SUCCESS. dag_id=ingest_data, task_id=get_data_to_ingest_from_local_file_task, execution_date=20220612T051500, start_date=20220612T152153, end_date=20220612T152154
[2022-06-12 17:21:54,891] {local_task_job.py:156} INFO - Task exited with return code 0
[2022-06-12 17:21:55,116] {local_task_job.py:273} INFO - 1 downstream tasks scheduled from follow-on schedule check
