[2022-06-12 17:38:31,917] {taskinstance.py:1159} INFO - Dependencies all met for <TaskInstance: ingest_data.get_data_to_ingest_from_local_file_task scheduled__2022-06-12T07:01:00+00:00 [queued]>
[2022-06-12 17:38:31,952] {taskinstance.py:1159} INFO - Dependencies all met for <TaskInstance: ingest_data.get_data_to_ingest_from_local_file_task scheduled__2022-06-12T07:01:00+00:00 [queued]>
[2022-06-12 17:38:31,953] {taskinstance.py:1356} INFO - 
--------------------------------------------------------------------------------
[2022-06-12 17:38:31,953] {taskinstance.py:1357} INFO - Starting attempt 1 of 1
[2022-06-12 17:38:31,954] {taskinstance.py:1358} INFO - 
--------------------------------------------------------------------------------
[2022-06-12 17:38:32,026] {taskinstance.py:1377} INFO - Executing <Task(_PythonDecoratedOperator): get_data_to_ingest_from_local_file_task> on 2022-06-12 07:01:00+00:00
[2022-06-12 17:38:32,033] {standard_task_runner.py:52} INFO - Started process 9991 to run task
[2022-06-12 17:38:32,039] {standard_task_runner.py:79} INFO - Running: ['airflow', 'tasks', 'run', 'ingest_data', 'get_data_to_ingest_from_local_file_task', 'scheduled__2022-06-12T07:01:00+00:00', '--job-id', '1235', '--raw', '--subdir', 'DAGS_FOLDER/ingestion_dag.py', '--cfg-path', '/tmp/tmpkgovlq24', '--error-file', '/tmp/tmpxsoyin_z']
[2022-06-12 17:38:32,045] {standard_task_runner.py:80} INFO - Job 1235: Subtask get_data_to_ingest_from_local_file_task
[2022-06-12 17:38:32,200] {task_command.py:370} INFO - Running <TaskInstance: ingest_data.get_data_to_ingest_from_local_file_task scheduled__2022-06-12T07:01:00+00:00 [running]> on host DESKTOP-GDPK8BL.localdomain
[2022-06-12 17:38:32,646] {taskinstance.py:1569} INFO - Exporting the following env vars:
AIRFLOW_CTX_DAG_OWNER=airflow
AIRFLOW_CTX_DAG_ID=ingest_data
AIRFLOW_CTX_TASK_ID=get_data_to_ingest_from_local_file_task
AIRFLOW_CTX_EXECUTION_DATE=2022-06-12T07:01:00+00:00
AIRFLOW_CTX_TRY_NUMBER=1
AIRFLOW_CTX_DAG_RUN_ID=scheduled__2022-06-12T07:01:00+00:00
[2022-06-12 17:38:32,717] {python.py:173} INFO - Done. Returned value was:           AT      V       AP     RH      PE
5103    8.49  43.69  1016.93  85.63  483.62
5848   15.42  40.56  1021.23  59.37  469.33
4975   23.85  52.30  1005.90  70.95  441.99
22029  30.04  64.44  1014.46  52.19  437.95
43109  24.13  48.98  1014.74  40.13  460.38
[2022-06-12 17:38:32,880] {taskinstance.py:1395} INFO - Marking task as SUCCESS. dag_id=ingest_data, task_id=get_data_to_ingest_from_local_file_task, execution_date=20220612T070100, start_date=20220612T153831, end_date=20220612T153832
[2022-06-12 17:38:32,984] {local_task_job.py:156} INFO - Task exited with return code 0
[2022-06-12 17:38:33,219] {local_task_job.py:273} INFO - 1 downstream tasks scheduled from follow-on schedule check
