[2022-06-12 17:37:41,076] {taskinstance.py:1159} INFO - Dependencies all met for <TaskInstance: ingest_data.get_data_to_ingest_from_local_file_task scheduled__2022-06-12T06:55:00+00:00 [queued]>
[2022-06-12 17:37:41,133] {taskinstance.py:1159} INFO - Dependencies all met for <TaskInstance: ingest_data.get_data_to_ingest_from_local_file_task scheduled__2022-06-12T06:55:00+00:00 [queued]>
[2022-06-12 17:37:41,134] {taskinstance.py:1356} INFO - 
--------------------------------------------------------------------------------
[2022-06-12 17:37:41,134] {taskinstance.py:1357} INFO - Starting attempt 1 of 1
[2022-06-12 17:37:41,135] {taskinstance.py:1358} INFO - 
--------------------------------------------------------------------------------
[2022-06-12 17:37:41,194] {taskinstance.py:1377} INFO - Executing <Task(_PythonDecoratedOperator): get_data_to_ingest_from_local_file_task> on 2022-06-12 06:55:00+00:00
[2022-06-12 17:37:41,202] {standard_task_runner.py:52} INFO - Started process 9911 to run task
[2022-06-12 17:37:41,207] {standard_task_runner.py:79} INFO - Running: ['airflow', 'tasks', 'run', 'ingest_data', 'get_data_to_ingest_from_local_file_task', 'scheduled__2022-06-12T06:55:00+00:00', '--job-id', '1224', '--raw', '--subdir', 'DAGS_FOLDER/ingestion_dag.py', '--cfg-path', '/tmp/tmpfstfobpr', '--error-file', '/tmp/tmpjtsp3baw']
[2022-06-12 17:37:41,208] {standard_task_runner.py:80} INFO - Job 1224: Subtask get_data_to_ingest_from_local_file_task
[2022-06-12 17:37:41,327] {task_command.py:370} INFO - Running <TaskInstance: ingest_data.get_data_to_ingest_from_local_file_task scheduled__2022-06-12T06:55:00+00:00 [running]> on host DESKTOP-GDPK8BL.localdomain
[2022-06-12 17:37:41,714] {taskinstance.py:1569} INFO - Exporting the following env vars:
AIRFLOW_CTX_DAG_OWNER=airflow
AIRFLOW_CTX_DAG_ID=ingest_data
AIRFLOW_CTX_TASK_ID=get_data_to_ingest_from_local_file_task
AIRFLOW_CTX_EXECUTION_DATE=2022-06-12T06:55:00+00:00
AIRFLOW_CTX_TRY_NUMBER=1
AIRFLOW_CTX_DAG_RUN_ID=scheduled__2022-06-12T06:55:00+00:00
[2022-06-12 17:37:41,783] {python.py:173} INFO - Done. Returned value was:           AT      V       AP     RH      PE
39934  19.08  58.59  1013.42  68.88  451.05
10814  29.83  62.66  1007.98  47.07  438.71
3865   26.63  73.68  1015.15  85.13  428.80
23732  11.41  40.10  1014.27  91.17  476.81
45429  23.88  51.95  1005.37  75.25  449.52
[2022-06-12 17:37:41,916] {taskinstance.py:1395} INFO - Marking task as SUCCESS. dag_id=ingest_data, task_id=get_data_to_ingest_from_local_file_task, execution_date=20220612T065500, start_date=20220612T153741, end_date=20220612T153741
[2022-06-12 17:37:41,986] {local_task_job.py:156} INFO - Task exited with return code 0
[2022-06-12 17:37:42,217] {local_task_job.py:273} INFO - 1 downstream tasks scheduled from follow-on schedule check
