[2022-06-12 16:27:25,145] {taskinstance.py:1159} INFO - Dependencies all met for <TaskInstance: ingest_data.get_data_to_ingest_from_local_file_task scheduled__2022-06-12T00:03:00+00:00 [queued]>
[2022-06-12 16:27:25,172] {taskinstance.py:1159} INFO - Dependencies all met for <TaskInstance: ingest_data.get_data_to_ingest_from_local_file_task scheduled__2022-06-12T00:03:00+00:00 [queued]>
[2022-06-12 16:27:25,173] {taskinstance.py:1356} INFO - 
--------------------------------------------------------------------------------
[2022-06-12 16:27:25,173] {taskinstance.py:1357} INFO - Starting attempt 1 of 1
[2022-06-12 16:27:25,174] {taskinstance.py:1358} INFO - 
--------------------------------------------------------------------------------
[2022-06-12 16:27:25,234] {taskinstance.py:1377} INFO - Executing <Task(_PythonDecoratedOperator): get_data_to_ingest_from_local_file_task> on 2022-06-12 00:03:00+00:00
[2022-06-12 16:27:25,242] {standard_task_runner.py:52} INFO - Started process 3786 to run task
[2022-06-12 16:27:25,248] {standard_task_runner.py:79} INFO - Running: ['airflow', 'tasks', 'run', 'ingest_data', 'get_data_to_ingest_from_local_file_task', 'scheduled__2022-06-12T00:03:00+00:00', '--job-id', '399', '--raw', '--subdir', 'DAGS_FOLDER/ingestion_dag.py', '--cfg-path', '/tmp/tmpc286glo0', '--error-file', '/tmp/tmptgo_74xj']
[2022-06-12 16:27:25,253] {standard_task_runner.py:80} INFO - Job 399: Subtask get_data_to_ingest_from_local_file_task
[2022-06-12 16:27:25,394] {task_command.py:370} INFO - Running <TaskInstance: ingest_data.get_data_to_ingest_from_local_file_task scheduled__2022-06-12T00:03:00+00:00 [running]> on host DESKTOP-GDPK8BL.localdomain
[2022-06-12 16:27:25,746] {taskinstance.py:1569} INFO - Exporting the following env vars:
AIRFLOW_CTX_DAG_OWNER=airflow
AIRFLOW_CTX_DAG_ID=ingest_data
AIRFLOW_CTX_TASK_ID=get_data_to_ingest_from_local_file_task
AIRFLOW_CTX_EXECUTION_DATE=2022-06-12T00:03:00+00:00
AIRFLOW_CTX_TRY_NUMBER=1
AIRFLOW_CTX_DAG_RUN_ID=scheduled__2022-06-12T00:03:00+00:00
[2022-06-12 16:27:25,819] {python.py:173} INFO - Done. Returned value was:           AT      V       AP     RH      PE
13317  14.76  49.64  1026.31  75.67  461.16
1114   31.01  67.69  1005.06  46.16  426.64
23558  30.78  69.14  1007.27  62.77  433.96
8622   30.28  74.67  1016.45  55.76  428.27
16657  23.61  49.16  1002.39  65.63  443.50
[2022-06-12 16:27:25,948] {taskinstance.py:1395} INFO - Marking task as SUCCESS. dag_id=ingest_data, task_id=get_data_to_ingest_from_local_file_task, execution_date=20220612T000300, start_date=20220612T142725, end_date=20220612T142725
[2022-06-12 16:27:26,032] {local_task_job.py:156} INFO - Task exited with return code 0
[2022-06-12 16:27:26,237] {local_task_job.py:273} INFO - 1 downstream tasks scheduled from follow-on schedule check
