[2022-06-12 16:35:13,886] {taskinstance.py:1159} INFO - Dependencies all met for <TaskInstance: ingest_data.get_data_to_ingest_from_local_file_task scheduled__2022-06-12T00:51:00+00:00 [queued]>
[2022-06-12 16:35:13,918] {taskinstance.py:1159} INFO - Dependencies all met for <TaskInstance: ingest_data.get_data_to_ingest_from_local_file_task scheduled__2022-06-12T00:51:00+00:00 [queued]>
[2022-06-12 16:35:13,918] {taskinstance.py:1356} INFO - 
--------------------------------------------------------------------------------
[2022-06-12 16:35:13,919] {taskinstance.py:1357} INFO - Starting attempt 1 of 1
[2022-06-12 16:35:13,920] {taskinstance.py:1358} INFO - 
--------------------------------------------------------------------------------
[2022-06-12 16:35:13,988] {taskinstance.py:1377} INFO - Executing <Task(_PythonDecoratedOperator): get_data_to_ingest_from_local_file_task> on 2022-06-12 00:51:00+00:00
[2022-06-12 16:35:13,993] {standard_task_runner.py:52} INFO - Started process 4499 to run task
[2022-06-12 16:35:14,000] {standard_task_runner.py:79} INFO - Running: ['airflow', 'tasks', 'run', 'ingest_data', 'get_data_to_ingest_from_local_file_task', 'scheduled__2022-06-12T00:51:00+00:00', '--job-id', '495', '--raw', '--subdir', 'DAGS_FOLDER/ingestion_dag.py', '--cfg-path', '/tmp/tmp3tdd685l', '--error-file', '/tmp/tmp9c8dxz8_']
[2022-06-12 16:35:14,002] {standard_task_runner.py:80} INFO - Job 495: Subtask get_data_to_ingest_from_local_file_task
[2022-06-12 16:35:14,169] {task_command.py:370} INFO - Running <TaskInstance: ingest_data.get_data_to_ingest_from_local_file_task scheduled__2022-06-12T00:51:00+00:00 [running]> on host DESKTOP-GDPK8BL.localdomain
[2022-06-12 16:35:14,563] {taskinstance.py:1569} INFO - Exporting the following env vars:
AIRFLOW_CTX_DAG_OWNER=airflow
AIRFLOW_CTX_DAG_ID=ingest_data
AIRFLOW_CTX_TASK_ID=get_data_to_ingest_from_local_file_task
AIRFLOW_CTX_EXECUTION_DATE=2022-06-12T00:51:00+00:00
AIRFLOW_CTX_TRY_NUMBER=1
AIRFLOW_CTX_DAG_RUN_ID=scheduled__2022-06-12T00:51:00+00:00
[2022-06-12 16:35:14,637] {python.py:173} INFO - Done. Returned value was:           AT      V       AP     RH      PE
1444   19.66  51.43  1010.17  84.19  459.12
47151  20.32  49.16  1007.47  91.12  443.59
15928  30.92  59.57  1010.87  62.43  440.96
36899   9.25  41.26  1020.51  91.21  473.87
44593  14.51  49.83  1006.27  91.65  460.45
[2022-06-12 16:35:14,771] {taskinstance.py:1395} INFO - Marking task as SUCCESS. dag_id=ingest_data, task_id=get_data_to_ingest_from_local_file_task, execution_date=20220612T005100, start_date=20220612T143513, end_date=20220612T143514
[2022-06-12 16:35:14,858] {local_task_job.py:156} INFO - Task exited with return code 0
[2022-06-12 16:35:15,082] {local_task_job.py:273} INFO - 1 downstream tasks scheduled from follow-on schedule check
