[2022-06-13 13:48:42,427] {taskinstance.py:1159} INFO - Dependencies all met for <TaskInstance: ingest_data.get_data_to_ingest_from_local_file_task scheduled__2022-06-12T21:13:00+00:00 [queued]>
[2022-06-13 13:48:42,462] {taskinstance.py:1159} INFO - Dependencies all met for <TaskInstance: ingest_data.get_data_to_ingest_from_local_file_task scheduled__2022-06-12T21:13:00+00:00 [queued]>
[2022-06-13 13:48:42,462] {taskinstance.py:1356} INFO - 
--------------------------------------------------------------------------------
[2022-06-13 13:48:42,463] {taskinstance.py:1357} INFO - Starting attempt 1 of 1
[2022-06-13 13:48:42,463] {taskinstance.py:1358} INFO - 
--------------------------------------------------------------------------------
[2022-06-13 13:48:42,518] {taskinstance.py:1377} INFO - Executing <Task(_PythonDecoratedOperator): get_data_to_ingest_from_local_file_task> on 2022-06-12 21:13:00+00:00
[2022-06-13 13:48:42,523] {standard_task_runner.py:52} INFO - Started process 421 to run task
[2022-06-13 13:48:42,528] {standard_task_runner.py:79} INFO - Running: ['airflow', 'tasks', 'run', 'ingest_data', 'get_data_to_ingest_from_local_file_task', 'scheduled__2022-06-12T21:13:00+00:00', '--job-id', '1555', '--raw', '--subdir', 'DAGS_FOLDER/ingestion_dag.py', '--cfg-path', '/tmp/tmpxpu3yuag', '--error-file', '/tmp/tmpv4528n90']
[2022-06-13 13:48:42,530] {standard_task_runner.py:80} INFO - Job 1555: Subtask get_data_to_ingest_from_local_file_task
[2022-06-13 13:48:42,656] {task_command.py:370} INFO - Running <TaskInstance: ingest_data.get_data_to_ingest_from_local_file_task scheduled__2022-06-12T21:13:00+00:00 [running]> on host DESKTOP-GDPK8BL.localdomain
[2022-06-13 13:48:43,150] {taskinstance.py:1569} INFO - Exporting the following env vars:
AIRFLOW_CTX_DAG_OWNER=airflow
AIRFLOW_CTX_DAG_ID=ingest_data
AIRFLOW_CTX_TASK_ID=get_data_to_ingest_from_local_file_task
AIRFLOW_CTX_EXECUTION_DATE=2022-06-12T21:13:00+00:00
AIRFLOW_CTX_TRY_NUMBER=1
AIRFLOW_CTX_DAG_RUN_ID=scheduled__2022-06-12T21:13:00+00:00
[2022-06-13 13:48:43,238] {python.py:173} INFO - Done. Returned value was:           AT      V       AP     RH      PE
17553  14.94  42.77  1018.06  75.35  460.51
2       5.11  39.40  1012.16  92.14  488.56
24523  16.58  37.64  1015.23  81.59  460.48
38865  21.24  44.57  1008.72  72.57  447.03
30619  16.32  50.88  1013.37  97.19  458.28
[2022-06-13 13:48:43,449] {taskinstance.py:1395} INFO - Marking task as SUCCESS. dag_id=ingest_data, task_id=get_data_to_ingest_from_local_file_task, execution_date=20220612T211300, start_date=20220613T114842, end_date=20220613T114843
[2022-06-13 13:48:43,507] {local_task_job.py:156} INFO - Task exited with return code 0
[2022-06-13 13:48:43,739] {local_task_job.py:273} INFO - 1 downstream tasks scheduled from follow-on schedule check
