[2022-06-12 17:37:03,833] {taskinstance.py:1159} INFO - Dependencies all met for <TaskInstance: ingest_data.get_data_to_ingest_from_local_file_task scheduled__2022-06-12T06:51:00+00:00 [queued]>
[2022-06-12 17:37:03,870] {taskinstance.py:1159} INFO - Dependencies all met for <TaskInstance: ingest_data.get_data_to_ingest_from_local_file_task scheduled__2022-06-12T06:51:00+00:00 [queued]>
[2022-06-12 17:37:03,871] {taskinstance.py:1356} INFO - 
--------------------------------------------------------------------------------
[2022-06-12 17:37:03,871] {taskinstance.py:1357} INFO - Starting attempt 1 of 1
[2022-06-12 17:37:03,872] {taskinstance.py:1358} INFO - 
--------------------------------------------------------------------------------
[2022-06-12 17:37:03,939] {taskinstance.py:1377} INFO - Executing <Task(_PythonDecoratedOperator): get_data_to_ingest_from_local_file_task> on 2022-06-12 06:51:00+00:00
[2022-06-12 17:37:03,945] {standard_task_runner.py:52} INFO - Started process 9852 to run task
[2022-06-12 17:37:03,953] {standard_task_runner.py:79} INFO - Running: ['airflow', 'tasks', 'run', 'ingest_data', 'get_data_to_ingest_from_local_file_task', 'scheduled__2022-06-12T06:51:00+00:00', '--job-id', '1216', '--raw', '--subdir', 'DAGS_FOLDER/ingestion_dag.py', '--cfg-path', '/tmp/tmpz6xngshd', '--error-file', '/tmp/tmpinct4e5m']
[2022-06-12 17:37:03,956] {standard_task_runner.py:80} INFO - Job 1216: Subtask get_data_to_ingest_from_local_file_task
[2022-06-12 17:37:04,115] {task_command.py:370} INFO - Running <TaskInstance: ingest_data.get_data_to_ingest_from_local_file_task scheduled__2022-06-12T06:51:00+00:00 [running]> on host DESKTOP-GDPK8BL.localdomain
[2022-06-12 17:37:04,542] {taskinstance.py:1569} INFO - Exporting the following env vars:
AIRFLOW_CTX_DAG_OWNER=airflow
AIRFLOW_CTX_DAG_ID=ingest_data
AIRFLOW_CTX_TASK_ID=get_data_to_ingest_from_local_file_task
AIRFLOW_CTX_EXECUTION_DATE=2022-06-12T06:51:00+00:00
AIRFLOW_CTX_TRY_NUMBER=1
AIRFLOW_CTX_DAG_RUN_ID=scheduled__2022-06-12T06:51:00+00:00
[2022-06-12 17:37:04,605] {python.py:173} INFO - Done. Returned value was:           AT      V       AP     RH      PE
32393  11.06  36.71  1021.67  80.44  473.85
46952   9.96  41.26  1022.90  83.83  475.21
5371   28.33  68.14  1004.63  71.21  431.27
32126  32.91  73.68  1014.49  50.62  426.28
32276  27.50  49.30  1004.02  59.23  439.77
[2022-06-12 17:37:04,753] {taskinstance.py:1395} INFO - Marking task as SUCCESS. dag_id=ingest_data, task_id=get_data_to_ingest_from_local_file_task, execution_date=20220612T065100, start_date=20220612T153703, end_date=20220612T153704
[2022-06-12 17:37:04,815] {local_task_job.py:156} INFO - Task exited with return code 0
[2022-06-12 17:37:05,043] {local_task_job.py:273} INFO - 1 downstream tasks scheduled from follow-on schedule check
