[2022-06-12 16:28:32,249] {taskinstance.py:1159} INFO - Dependencies all met for <TaskInstance: ingest_data.get_data_to_ingest_from_local_file_task scheduled__2022-06-12T00:10:00+00:00 [queued]>
[2022-06-12 16:28:32,280] {taskinstance.py:1159} INFO - Dependencies all met for <TaskInstance: ingest_data.get_data_to_ingest_from_local_file_task scheduled__2022-06-12T00:10:00+00:00 [queued]>
[2022-06-12 16:28:32,280] {taskinstance.py:1356} INFO - 
--------------------------------------------------------------------------------
[2022-06-12 16:28:32,281] {taskinstance.py:1357} INFO - Starting attempt 1 of 1
[2022-06-12 16:28:32,282] {taskinstance.py:1358} INFO - 
--------------------------------------------------------------------------------
[2022-06-12 16:28:32,346] {taskinstance.py:1377} INFO - Executing <Task(_PythonDecoratedOperator): get_data_to_ingest_from_local_file_task> on 2022-06-12 00:10:00+00:00
[2022-06-12 16:28:32,352] {standard_task_runner.py:52} INFO - Started process 3890 to run task
[2022-06-12 16:28:32,359] {standard_task_runner.py:79} INFO - Running: ['airflow', 'tasks', 'run', 'ingest_data', 'get_data_to_ingest_from_local_file_task', 'scheduled__2022-06-12T00:10:00+00:00', '--job-id', '413', '--raw', '--subdir', 'DAGS_FOLDER/ingestion_dag.py', '--cfg-path', '/tmp/tmpc3pv00q0', '--error-file', '/tmp/tmp2wa7piy0']
[2022-06-12 16:28:32,362] {standard_task_runner.py:80} INFO - Job 413: Subtask get_data_to_ingest_from_local_file_task
[2022-06-12 16:28:32,509] {task_command.py:370} INFO - Running <TaskInstance: ingest_data.get_data_to_ingest_from_local_file_task scheduled__2022-06-12T00:10:00+00:00 [running]> on host DESKTOP-GDPK8BL.localdomain
[2022-06-12 16:28:32,872] {taskinstance.py:1569} INFO - Exporting the following env vars:
AIRFLOW_CTX_DAG_OWNER=airflow
AIRFLOW_CTX_DAG_ID=ingest_data
AIRFLOW_CTX_TASK_ID=get_data_to_ingest_from_local_file_task
AIRFLOW_CTX_EXECUTION_DATE=2022-06-12T00:10:00+00:00
AIRFLOW_CTX_TRY_NUMBER=1
AIRFLOW_CTX_DAG_RUN_ID=scheduled__2022-06-12T00:10:00+00:00
[2022-06-12 16:28:32,941] {python.py:173} INFO - Done. Returned value was:           AT      V       AP     RH      PE
10630  25.15  66.49  1012.71  63.46  436.00
14390  23.51  57.32  1012.55  53.60  444.58
47605   9.62  41.01  1019.43  97.99  467.34
11728  13.84  41.26  1020.92  74.74  462.46
10181  23.07  49.02  1009.07  84.10  444.22
[2022-06-12 16:28:33,057] {taskinstance.py:1395} INFO - Marking task as SUCCESS. dag_id=ingest_data, task_id=get_data_to_ingest_from_local_file_task, execution_date=20220612T001000, start_date=20220612T142832, end_date=20220612T142833
[2022-06-12 16:28:33,139] {local_task_job.py:156} INFO - Task exited with return code 0
[2022-06-12 16:28:33,353] {local_task_job.py:273} INFO - 1 downstream tasks scheduled from follow-on schedule check
