[2022-06-12 16:11:33,746] {taskinstance.py:1159} INFO - Dependencies all met for <TaskInstance: ingest_data.get_data_to_ingest_from_local_file_task scheduled__2022-06-11T22:30:00+00:00 [queued]>
[2022-06-12 16:11:33,773] {taskinstance.py:1159} INFO - Dependencies all met for <TaskInstance: ingest_data.get_data_to_ingest_from_local_file_task scheduled__2022-06-11T22:30:00+00:00 [queued]>
[2022-06-12 16:11:33,774] {taskinstance.py:1356} INFO - 
--------------------------------------------------------------------------------
[2022-06-12 16:11:33,774] {taskinstance.py:1357} INFO - Starting attempt 1 of 1
[2022-06-12 16:11:33,775] {taskinstance.py:1358} INFO - 
--------------------------------------------------------------------------------
[2022-06-12 16:11:33,845] {taskinstance.py:1377} INFO - Executing <Task(_PythonDecoratedOperator): get_data_to_ingest_from_local_file_task> on 2022-06-11 22:30:00+00:00
[2022-06-12 16:11:33,851] {standard_task_runner.py:52} INFO - Started process 2274 to run task
[2022-06-12 16:11:33,856] {standard_task_runner.py:79} INFO - Running: ['airflow', 'tasks', 'run', 'ingest_data', 'get_data_to_ingest_from_local_file_task', 'scheduled__2022-06-11T22:30:00+00:00', '--job-id', '214', '--raw', '--subdir', 'DAGS_FOLDER/ingestion_dag.py', '--cfg-path', '/tmp/tmp8lfb7hf1', '--error-file', '/tmp/tmpx8n5rb3p']
[2022-06-12 16:11:33,857] {standard_task_runner.py:80} INFO - Job 214: Subtask get_data_to_ingest_from_local_file_task
[2022-06-12 16:11:34,004] {task_command.py:370} INFO - Running <TaskInstance: ingest_data.get_data_to_ingest_from_local_file_task scheduled__2022-06-11T22:30:00+00:00 [running]> on host DESKTOP-GDPK8BL.localdomain
[2022-06-12 16:11:34,643] {taskinstance.py:1569} INFO - Exporting the following env vars:
AIRFLOW_CTX_DAG_OWNER=airflow
AIRFLOW_CTX_DAG_ID=ingest_data
AIRFLOW_CTX_TASK_ID=get_data_to_ingest_from_local_file_task
AIRFLOW_CTX_EXECUTION_DATE=2022-06-11T22:30:00+00:00
AIRFLOW_CTX_TRY_NUMBER=1
AIRFLOW_CTX_DAG_RUN_ID=scheduled__2022-06-11T22:30:00+00:00
[2022-06-12 16:11:34,723] {python.py:173} INFO - Done. Returned value was:           AT      V       AP     RH      PE
44267  14.26  44.47  1028.81  72.19  465.77
11656  14.24  39.99  1009.30  83.75  466.20
42115   7.92  41.66  1014.84  76.12  483.38
45122  25.37  66.75  1017.94  79.26  434.16
41409  27.77  63.87  1017.97  38.77  444.06
[2022-06-12 16:11:34,846] {taskinstance.py:1395} INFO - Marking task as SUCCESS. dag_id=ingest_data, task_id=get_data_to_ingest_from_local_file_task, execution_date=20220611T223000, start_date=20220612T141133, end_date=20220612T141134
[2022-06-12 16:11:34,956] {local_task_job.py:156} INFO - Task exited with return code 0
[2022-06-12 16:11:35,161] {local_task_job.py:273} INFO - 1 downstream tasks scheduled from follow-on schedule check
