[2022-06-12 16:52:07,766] {taskinstance.py:1159} INFO - Dependencies all met for <TaskInstance: ingest_data.get_data_to_ingest_from_local_file_task scheduled__2022-06-12T02:24:00+00:00 [queued]>
[2022-06-12 16:52:07,812] {taskinstance.py:1159} INFO - Dependencies all met for <TaskInstance: ingest_data.get_data_to_ingest_from_local_file_task scheduled__2022-06-12T02:24:00+00:00 [queued]>
[2022-06-12 16:52:07,812] {taskinstance.py:1356} INFO - 
--------------------------------------------------------------------------------
[2022-06-12 16:52:07,813] {taskinstance.py:1357} INFO - Starting attempt 1 of 1
[2022-06-12 16:52:07,814] {taskinstance.py:1358} INFO - 
--------------------------------------------------------------------------------
[2022-06-12 16:52:07,872] {taskinstance.py:1377} INFO - Executing <Task(_PythonDecoratedOperator): get_data_to_ingest_from_local_file_task> on 2022-06-12 02:24:00+00:00
[2022-06-12 16:52:07,883] {standard_task_runner.py:52} INFO - Started process 5892 to run task
[2022-06-12 16:52:07,899] {standard_task_runner.py:79} INFO - Running: ['airflow', 'tasks', 'run', 'ingest_data', 'get_data_to_ingest_from_local_file_task', 'scheduled__2022-06-12T02:24:00+00:00', '--job-id', '682', '--raw', '--subdir', 'DAGS_FOLDER/ingestion_dag.py', '--cfg-path', '/tmp/tmpg6id6cx5', '--error-file', '/tmp/tmp_cgb0jv3']
[2022-06-12 16:52:07,900] {standard_task_runner.py:80} INFO - Job 682: Subtask get_data_to_ingest_from_local_file_task
[2022-06-12 16:52:08,048] {task_command.py:370} INFO - Running <TaskInstance: ingest_data.get_data_to_ingest_from_local_file_task scheduled__2022-06-12T02:24:00+00:00 [running]> on host DESKTOP-GDPK8BL.localdomain
[2022-06-12 16:52:08,500] {taskinstance.py:1569} INFO - Exporting the following env vars:
AIRFLOW_CTX_DAG_OWNER=airflow
AIRFLOW_CTX_DAG_ID=ingest_data
AIRFLOW_CTX_TASK_ID=get_data_to_ingest_from_local_file_task
AIRFLOW_CTX_EXECUTION_DATE=2022-06-12T02:24:00+00:00
AIRFLOW_CTX_TRY_NUMBER=1
AIRFLOW_CTX_DAG_RUN_ID=scheduled__2022-06-12T02:24:00+00:00
[2022-06-12 16:52:08,582] {python.py:173} INFO - Done. Returned value was:           AT      V       AP     RH      PE
11730  11.46  39.82  1012.09  86.20  477.99
11447  28.95  66.75  1018.22  60.48  432.39
16151  14.69  53.82  1016.54  63.49  463.52
10256  16.77  50.90  1013.24  84.40  459.91
32891  15.94  44.85  1014.29  67.57  462.54
[2022-06-12 16:52:08,734] {taskinstance.py:1395} INFO - Marking task as SUCCESS. dag_id=ingest_data, task_id=get_data_to_ingest_from_local_file_task, execution_date=20220612T022400, start_date=20220612T145207, end_date=20220612T145208
[2022-06-12 16:52:08,830] {local_task_job.py:156} INFO - Task exited with return code 0
[2022-06-12 16:52:09,051] {local_task_job.py:273} INFO - 1 downstream tasks scheduled from follow-on schedule check
