[2022-06-12 16:36:25,735] {taskinstance.py:1159} INFO - Dependencies all met for <TaskInstance: ingest_data.get_data_to_ingest_from_local_file_task scheduled__2022-06-12T00:59:00+00:00 [queued]>
[2022-06-12 16:36:25,765] {taskinstance.py:1159} INFO - Dependencies all met for <TaskInstance: ingest_data.get_data_to_ingest_from_local_file_task scheduled__2022-06-12T00:59:00+00:00 [queued]>
[2022-06-12 16:36:25,766] {taskinstance.py:1356} INFO - 
--------------------------------------------------------------------------------
[2022-06-12 16:36:25,766] {taskinstance.py:1357} INFO - Starting attempt 1 of 1
[2022-06-12 16:36:25,767] {taskinstance.py:1358} INFO - 
--------------------------------------------------------------------------------
[2022-06-12 16:36:25,834] {taskinstance.py:1377} INFO - Executing <Task(_PythonDecoratedOperator): get_data_to_ingest_from_local_file_task> on 2022-06-12 00:59:00+00:00
[2022-06-12 16:36:25,839] {standard_task_runner.py:52} INFO - Started process 4617 to run task
[2022-06-12 16:36:25,846] {standard_task_runner.py:79} INFO - Running: ['airflow', 'tasks', 'run', 'ingest_data', 'get_data_to_ingest_from_local_file_task', 'scheduled__2022-06-12T00:59:00+00:00', '--job-id', '511', '--raw', '--subdir', 'DAGS_FOLDER/ingestion_dag.py', '--cfg-path', '/tmp/tmp678kir95', '--error-file', '/tmp/tmp8zv3jmrs']
[2022-06-12 16:36:25,848] {standard_task_runner.py:80} INFO - Job 511: Subtask get_data_to_ingest_from_local_file_task
[2022-06-12 16:36:25,989] {task_command.py:370} INFO - Running <TaskInstance: ingest_data.get_data_to_ingest_from_local_file_task scheduled__2022-06-12T00:59:00+00:00 [running]> on host DESKTOP-GDPK8BL.localdomain
[2022-06-12 16:36:26,342] {taskinstance.py:1569} INFO - Exporting the following env vars:
AIRFLOW_CTX_DAG_OWNER=airflow
AIRFLOW_CTX_DAG_ID=ingest_data
AIRFLOW_CTX_TASK_ID=get_data_to_ingest_from_local_file_task
AIRFLOW_CTX_EXECUTION_DATE=2022-06-12T00:59:00+00:00
AIRFLOW_CTX_TRY_NUMBER=1
AIRFLOW_CTX_DAG_RUN_ID=scheduled__2022-06-12T00:59:00+00:00
[2022-06-12 16:36:26,412] {python.py:173} INFO - Done. Returned value was:           AT      V       AP     RH      PE
23915  24.51  51.86  1014.64  67.57  446.74
17912  13.34  40.83  1008.09  85.85  471.82
3028   24.65  63.86  1018.37  56.15  442.89
17592  24.22  61.86  1013.39  80.11  442.65
109    13.51  40.89  1011.03  84.83  471.99
[2022-06-12 16:36:26,529] {taskinstance.py:1395} INFO - Marking task as SUCCESS. dag_id=ingest_data, task_id=get_data_to_ingest_from_local_file_task, execution_date=20220612T005900, start_date=20220612T143625, end_date=20220612T143626
[2022-06-12 16:36:26,627] {local_task_job.py:156} INFO - Task exited with return code 0
[2022-06-12 16:36:26,872] {local_task_job.py:273} INFO - 1 downstream tasks scheduled from follow-on schedule check
