[2022-06-12 17:40:42,598] {taskinstance.py:1159} INFO - Dependencies all met for <TaskInstance: ingest_data.get_data_to_ingest_from_local_file_task scheduled__2022-06-12T07:14:00+00:00 [queued]>
[2022-06-12 17:40:42,633] {taskinstance.py:1159} INFO - Dependencies all met for <TaskInstance: ingest_data.get_data_to_ingest_from_local_file_task scheduled__2022-06-12T07:14:00+00:00 [queued]>
[2022-06-12 17:40:42,634] {taskinstance.py:1356} INFO - 
--------------------------------------------------------------------------------
[2022-06-12 17:40:42,634] {taskinstance.py:1357} INFO - Starting attempt 1 of 1
[2022-06-12 17:40:42,635] {taskinstance.py:1358} INFO - 
--------------------------------------------------------------------------------
[2022-06-12 17:40:42,709] {taskinstance.py:1377} INFO - Executing <Task(_PythonDecoratedOperator): get_data_to_ingest_from_local_file_task> on 2022-06-12 07:14:00+00:00
[2022-06-12 17:40:42,722] {standard_task_runner.py:79} INFO - Running: ['airflow', 'tasks', 'run', 'ingest_data', 'get_data_to_ingest_from_local_file_task', 'scheduled__2022-06-12T07:14:00+00:00', '--job-id', '1262', '--raw', '--subdir', 'DAGS_FOLDER/ingestion_dag.py', '--cfg-path', '/tmp/tmp3g2bs2m1', '--error-file', '/tmp/tmp4xpf69c3']
[2022-06-12 17:40:42,715] {standard_task_runner.py:52} INFO - Started process 10192 to run task
[2022-06-12 17:40:42,724] {standard_task_runner.py:80} INFO - Job 1262: Subtask get_data_to_ingest_from_local_file_task
[2022-06-12 17:40:42,877] {task_command.py:370} INFO - Running <TaskInstance: ingest_data.get_data_to_ingest_from_local_file_task scheduled__2022-06-12T07:14:00+00:00 [running]> on host DESKTOP-GDPK8BL.localdomain
[2022-06-12 17:40:43,333] {taskinstance.py:1569} INFO - Exporting the following env vars:
AIRFLOW_CTX_DAG_OWNER=airflow
AIRFLOW_CTX_DAG_ID=ingest_data
AIRFLOW_CTX_TASK_ID=get_data_to_ingest_from_local_file_task
AIRFLOW_CTX_EXECUTION_DATE=2022-06-12T07:14:00+00:00
AIRFLOW_CTX_TRY_NUMBER=1
AIRFLOW_CTX_DAG_RUN_ID=scheduled__2022-06-12T07:14:00+00:00
[2022-06-12 17:40:43,404] {python.py:173} INFO - Done. Returned value was:           AT      V       AP     RH      PE
47330  30.44  56.24  1005.19  56.24  429.34
11797  23.25  69.45  1013.85  70.14  437.18
25102  15.62  41.76  1023.82  66.17  459.72
33549  31.87  68.67  1005.64  48.85  435.66
30570  24.74  63.87  1016.91  55.65  447.02
[2022-06-12 17:40:43,574] {taskinstance.py:1395} INFO - Marking task as SUCCESS. dag_id=ingest_data, task_id=get_data_to_ingest_from_local_file_task, execution_date=20220612T071400, start_date=20220612T154042, end_date=20220612T154043
[2022-06-12 17:40:43,665] {local_task_job.py:156} INFO - Task exited with return code 0
[2022-06-12 17:40:43,891] {local_task_job.py:273} INFO - 1 downstream tasks scheduled from follow-on schedule check
