[2022-06-12 16:45:10,244] {taskinstance.py:1159} INFO - Dependencies all met for <TaskInstance: ingest_data.get_data_to_ingest_from_local_file_task scheduled__2022-06-12T01:44:00+00:00 [queued]>
[2022-06-12 16:45:10,273] {taskinstance.py:1159} INFO - Dependencies all met for <TaskInstance: ingest_data.get_data_to_ingest_from_local_file_task scheduled__2022-06-12T01:44:00+00:00 [queued]>
[2022-06-12 16:45:10,273] {taskinstance.py:1356} INFO - 
--------------------------------------------------------------------------------
[2022-06-12 16:45:10,274] {taskinstance.py:1357} INFO - Starting attempt 1 of 1
[2022-06-12 16:45:10,275] {taskinstance.py:1358} INFO - 
--------------------------------------------------------------------------------
[2022-06-12 16:45:10,342] {taskinstance.py:1377} INFO - Executing <Task(_PythonDecoratedOperator): get_data_to_ingest_from_local_file_task> on 2022-06-12 01:44:00+00:00
[2022-06-12 16:45:10,348] {standard_task_runner.py:52} INFO - Started process 5299 to run task
[2022-06-12 16:45:10,357] {standard_task_runner.py:79} INFO - Running: ['airflow', 'tasks', 'run', 'ingest_data', 'get_data_to_ingest_from_local_file_task', 'scheduled__2022-06-12T01:44:00+00:00', '--job-id', '602', '--raw', '--subdir', 'DAGS_FOLDER/ingestion_dag.py', '--cfg-path', '/tmp/tmp7xt15m2v', '--error-file', '/tmp/tmpcsjrsto9']
[2022-06-12 16:45:10,359] {standard_task_runner.py:80} INFO - Job 602: Subtask get_data_to_ingest_from_local_file_task
[2022-06-12 16:45:10,533] {task_command.py:370} INFO - Running <TaskInstance: ingest_data.get_data_to_ingest_from_local_file_task scheduled__2022-06-12T01:44:00+00:00 [running]> on host DESKTOP-GDPK8BL.localdomain
[2022-06-12 16:45:10,997] {taskinstance.py:1569} INFO - Exporting the following env vars:
AIRFLOW_CTX_DAG_OWNER=airflow
AIRFLOW_CTX_DAG_ID=ingest_data
AIRFLOW_CTX_TASK_ID=get_data_to_ingest_from_local_file_task
AIRFLOW_CTX_EXECUTION_DATE=2022-06-12T01:44:00+00:00
AIRFLOW_CTX_TRY_NUMBER=1
AIRFLOW_CTX_DAG_RUN_ID=scheduled__2022-06-12T01:44:00+00:00
[2022-06-12 16:45:11,073] {python.py:173} INFO - Done. Returned value was:           AT      V       AP     RH      PE
44969  27.49  63.76  1010.09  62.80  436.73
8881   14.22  44.99  1012.00  75.28  460.53
19887  26.96  72.58  1009.23  89.62  429.03
34622   5.71  45.87  1012.04  93.42  482.49
3188    4.88  40.27  1012.66  74.51  491.29
[2022-06-12 16:45:11,264] {taskinstance.py:1395} INFO - Marking task as SUCCESS. dag_id=ingest_data, task_id=get_data_to_ingest_from_local_file_task, execution_date=20220612T014400, start_date=20220612T144510, end_date=20220612T144511
[2022-06-12 16:45:11,336] {local_task_job.py:156} INFO - Task exited with return code 0
[2022-06-12 16:45:11,783] {local_task_job.py:273} INFO - 1 downstream tasks scheduled from follow-on schedule check
