[2022-06-12 17:39:08,508] {taskinstance.py:1159} INFO - Dependencies all met for <TaskInstance: ingest_data.get_data_to_ingest_from_local_file_task scheduled__2022-06-12T07:05:00+00:00 [queued]>
[2022-06-12 17:39:08,547] {taskinstance.py:1159} INFO - Dependencies all met for <TaskInstance: ingest_data.get_data_to_ingest_from_local_file_task scheduled__2022-06-12T07:05:00+00:00 [queued]>
[2022-06-12 17:39:08,548] {taskinstance.py:1356} INFO - 
--------------------------------------------------------------------------------
[2022-06-12 17:39:08,548] {taskinstance.py:1357} INFO - Starting attempt 1 of 1
[2022-06-12 17:39:08,549] {taskinstance.py:1358} INFO - 
--------------------------------------------------------------------------------
[2022-06-12 17:39:08,622] {taskinstance.py:1377} INFO - Executing <Task(_PythonDecoratedOperator): get_data_to_ingest_from_local_file_task> on 2022-06-12 07:05:00+00:00
[2022-06-12 17:39:08,636] {standard_task_runner.py:52} INFO - Started process 10050 to run task
[2022-06-12 17:39:08,635] {standard_task_runner.py:79} INFO - Running: ['airflow', 'tasks', 'run', 'ingest_data', 'get_data_to_ingest_from_local_file_task', 'scheduled__2022-06-12T07:05:00+00:00', '--job-id', '1243', '--raw', '--subdir', 'DAGS_FOLDER/ingestion_dag.py', '--cfg-path', '/tmp/tmplai5c20x', '--error-file', '/tmp/tmpfqxhb8_p']
[2022-06-12 17:39:08,644] {standard_task_runner.py:80} INFO - Job 1243: Subtask get_data_to_ingest_from_local_file_task
[2022-06-12 17:39:08,809] {task_command.py:370} INFO - Running <TaskInstance: ingest_data.get_data_to_ingest_from_local_file_task scheduled__2022-06-12T07:05:00+00:00 [running]> on host DESKTOP-GDPK8BL.localdomain
[2022-06-12 17:39:09,286] {taskinstance.py:1569} INFO - Exporting the following env vars:
AIRFLOW_CTX_DAG_OWNER=airflow
AIRFLOW_CTX_DAG_ID=ingest_data
AIRFLOW_CTX_TASK_ID=get_data_to_ingest_from_local_file_task
AIRFLOW_CTX_EXECUTION_DATE=2022-06-12T07:05:00+00:00
AIRFLOW_CTX_TRY_NUMBER=1
AIRFLOW_CTX_DAG_RUN_ID=scheduled__2022-06-12T07:05:00+00:00
[2022-06-12 17:39:09,359] {python.py:173} INFO - Done. Returned value was:           AT      V       AP     RH      PE
42157  23.63  71.29  1008.01  70.07  442.65
19481   5.98  41.31  1001.66  89.50  484.51
19000  22.79  44.57  1007.31  69.36  448.91
11328  18.94  46.93  1010.22  75.45  441.41
28122  25.72  72.39  1003.01  86.38  432.77
[2022-06-12 17:39:09,533] {taskinstance.py:1395} INFO - Marking task as SUCCESS. dag_id=ingest_data, task_id=get_data_to_ingest_from_local_file_task, execution_date=20220612T070500, start_date=20220612T153908, end_date=20220612T153909
[2022-06-12 17:39:09,621] {local_task_job.py:156} INFO - Task exited with return code 0
[2022-06-12 17:39:09,858] {local_task_job.py:273} INFO - 1 downstream tasks scheduled from follow-on schedule check
