[2022-06-12 16:13:48,539] {taskinstance.py:1159} INFO - Dependencies all met for <TaskInstance: ingest_data.get_data_to_ingest_from_local_file_task scheduled__2022-06-11T22:43:00+00:00 [queued]>
[2022-06-12 16:13:48,568] {taskinstance.py:1159} INFO - Dependencies all met for <TaskInstance: ingest_data.get_data_to_ingest_from_local_file_task scheduled__2022-06-11T22:43:00+00:00 [queued]>
[2022-06-12 16:13:48,569] {taskinstance.py:1356} INFO - 
--------------------------------------------------------------------------------
[2022-06-12 16:13:48,569] {taskinstance.py:1357} INFO - Starting attempt 1 of 1
[2022-06-12 16:13:48,570] {taskinstance.py:1358} INFO - 
--------------------------------------------------------------------------------
[2022-06-12 16:13:48,641] {taskinstance.py:1377} INFO - Executing <Task(_PythonDecoratedOperator): get_data_to_ingest_from_local_file_task> on 2022-06-11 22:43:00+00:00
[2022-06-12 16:13:48,649] {standard_task_runner.py:52} INFO - Started process 2495 to run task
[2022-06-12 16:13:48,656] {standard_task_runner.py:79} INFO - Running: ['airflow', 'tasks', 'run', 'ingest_data', 'get_data_to_ingest_from_local_file_task', 'scheduled__2022-06-11T22:43:00+00:00', '--job-id', '240', '--raw', '--subdir', 'DAGS_FOLDER/ingestion_dag.py', '--cfg-path', '/tmp/tmpsbceva3l', '--error-file', '/tmp/tmp3a6te_uf']
[2022-06-12 16:13:48,657] {standard_task_runner.py:80} INFO - Job 240: Subtask get_data_to_ingest_from_local_file_task
[2022-06-12 16:13:48,807] {task_command.py:370} INFO - Running <TaskInstance: ingest_data.get_data_to_ingest_from_local_file_task scheduled__2022-06-11T22:43:00+00:00 [running]> on host DESKTOP-GDPK8BL.localdomain
[2022-06-12 16:13:49,157] {taskinstance.py:1569} INFO - Exporting the following env vars:
AIRFLOW_CTX_DAG_OWNER=airflow
AIRFLOW_CTX_DAG_ID=ingest_data
AIRFLOW_CTX_TASK_ID=get_data_to_ingest_from_local_file_task
AIRFLOW_CTX_EXECUTION_DATE=2022-06-11T22:43:00+00:00
AIRFLOW_CTX_TRY_NUMBER=1
AIRFLOW_CTX_DAG_RUN_ID=scheduled__2022-06-11T22:43:00+00:00
[2022-06-12 16:13:49,234] {python.py:173} INFO - Done. Returned value was:           AT      V       AP     RH      PE
15386   9.76  39.16  1014.19  85.40  482.38
31831  10.50  52.72  1026.32  85.04  468.01
4786   28.24  71.58  1010.10  67.92  434.01
32917  22.12  69.71  1009.70  90.22  434.42
31512  20.55  46.21  1013.21  73.18  448.66
[2022-06-12 16:13:49,346] {taskinstance.py:1395} INFO - Marking task as SUCCESS. dag_id=ingest_data, task_id=get_data_to_ingest_from_local_file_task, execution_date=20220611T224300, start_date=20220612T141348, end_date=20220612T141349
[2022-06-12 16:13:49,433] {local_task_job.py:156} INFO - Task exited with return code 0
[2022-06-12 16:13:49,637] {local_task_job.py:273} INFO - 1 downstream tasks scheduled from follow-on schedule check
