[2022-06-12 16:59:54,115] {taskinstance.py:1159} INFO - Dependencies all met for <TaskInstance: ingest_data.get_data_to_ingest_from_local_file_task scheduled__2022-06-12T03:08:00+00:00 [queued]>
[2022-06-12 16:59:54,148] {taskinstance.py:1159} INFO - Dependencies all met for <TaskInstance: ingest_data.get_data_to_ingest_from_local_file_task scheduled__2022-06-12T03:08:00+00:00 [queued]>
[2022-06-12 16:59:54,148] {taskinstance.py:1356} INFO - 
--------------------------------------------------------------------------------
[2022-06-12 16:59:54,149] {taskinstance.py:1357} INFO - Starting attempt 1 of 1
[2022-06-12 16:59:54,149] {taskinstance.py:1358} INFO - 
--------------------------------------------------------------------------------
[2022-06-12 16:59:54,219] {taskinstance.py:1377} INFO - Executing <Task(_PythonDecoratedOperator): get_data_to_ingest_from_local_file_task> on 2022-06-12 03:08:00+00:00
[2022-06-12 16:59:54,224] {standard_task_runner.py:52} INFO - Started process 6540 to run task
[2022-06-12 16:59:54,231] {standard_task_runner.py:79} INFO - Running: ['airflow', 'tasks', 'run', 'ingest_data', 'get_data_to_ingest_from_local_file_task', 'scheduled__2022-06-12T03:08:00+00:00', '--job-id', '769', '--raw', '--subdir', 'DAGS_FOLDER/ingestion_dag.py', '--cfg-path', '/tmp/tmp2nwq7u7k', '--error-file', '/tmp/tmpq880iabl']
[2022-06-12 16:59:54,233] {standard_task_runner.py:80} INFO - Job 769: Subtask get_data_to_ingest_from_local_file_task
[2022-06-12 16:59:54,351] {task_command.py:370} INFO - Running <TaskInstance: ingest_data.get_data_to_ingest_from_local_file_task scheduled__2022-06-12T03:08:00+00:00 [running]> on host DESKTOP-GDPK8BL.localdomain
[2022-06-12 16:59:54,724] {taskinstance.py:1569} INFO - Exporting the following env vars:
AIRFLOW_CTX_DAG_OWNER=airflow
AIRFLOW_CTX_DAG_ID=ingest_data
AIRFLOW_CTX_TASK_ID=get_data_to_ingest_from_local_file_task
AIRFLOW_CTX_EXECUTION_DATE=2022-06-12T03:08:00+00:00
AIRFLOW_CTX_TRY_NUMBER=1
AIRFLOW_CTX_DAG_RUN_ID=scheduled__2022-06-12T03:08:00+00:00
[2022-06-12 16:59:54,792] {python.py:173} INFO - Done. Returned value was:           AT      V       AP     RH      PE
13387  27.14  70.32  1007.08  73.08  427.21
47810   7.11  43.13  1018.96  87.82  486.11
45508  22.35  66.44  1011.19  65.41  445.27
37194  10.07  44.68  1023.44  90.95  477.52
25910  28.33  78.92  1011.15  70.04  432.67
[2022-06-12 16:59:54,920] {taskinstance.py:1395} INFO - Marking task as SUCCESS. dag_id=ingest_data, task_id=get_data_to_ingest_from_local_file_task, execution_date=20220612T030800, start_date=20220612T145954, end_date=20220612T145954
[2022-06-12 16:59:55,008] {local_task_job.py:156} INFO - Task exited with return code 0
[2022-06-12 16:59:55,230] {local_task_job.py:273} INFO - 1 downstream tasks scheduled from follow-on schedule check
