[2022-06-12 17:01:31,107] {taskinstance.py:1159} INFO - Dependencies all met for <TaskInstance: ingest_data.get_data_to_ingest_from_local_file_task scheduled__2022-06-12T03:18:00+00:00 [queued]>
[2022-06-12 17:01:31,137] {taskinstance.py:1159} INFO - Dependencies all met for <TaskInstance: ingest_data.get_data_to_ingest_from_local_file_task scheduled__2022-06-12T03:18:00+00:00 [queued]>
[2022-06-12 17:01:31,138] {taskinstance.py:1356} INFO - 
--------------------------------------------------------------------------------
[2022-06-12 17:01:31,138] {taskinstance.py:1357} INFO - Starting attempt 1 of 1
[2022-06-12 17:01:31,139] {taskinstance.py:1358} INFO - 
--------------------------------------------------------------------------------
[2022-06-12 17:01:31,204] {taskinstance.py:1377} INFO - Executing <Task(_PythonDecoratedOperator): get_data_to_ingest_from_local_file_task> on 2022-06-12 03:18:00+00:00
[2022-06-12 17:01:31,210] {standard_task_runner.py:52} INFO - Started process 6696 to run task
[2022-06-12 17:01:31,216] {standard_task_runner.py:79} INFO - Running: ['airflow', 'tasks', 'run', 'ingest_data', 'get_data_to_ingest_from_local_file_task', 'scheduled__2022-06-12T03:18:00+00:00', '--job-id', '790', '--raw', '--subdir', 'DAGS_FOLDER/ingestion_dag.py', '--cfg-path', '/tmp/tmphvpf4op0', '--error-file', '/tmp/tmpdaorkenw']
[2022-06-12 17:01:31,218] {standard_task_runner.py:80} INFO - Job 790: Subtask get_data_to_ingest_from_local_file_task
[2022-06-12 17:01:31,375] {task_command.py:370} INFO - Running <TaskInstance: ingest_data.get_data_to_ingest_from_local_file_task scheduled__2022-06-12T03:18:00+00:00 [running]> on host DESKTOP-GDPK8BL.localdomain
[2022-06-12 17:01:31,784] {taskinstance.py:1569} INFO - Exporting the following env vars:
AIRFLOW_CTX_DAG_OWNER=airflow
AIRFLOW_CTX_DAG_ID=ingest_data
AIRFLOW_CTX_TASK_ID=get_data_to_ingest_from_local_file_task
AIRFLOW_CTX_EXECUTION_DATE=2022-06-12T03:18:00+00:00
AIRFLOW_CTX_TRY_NUMBER=1
AIRFLOW_CTX_DAG_RUN_ID=scheduled__2022-06-12T03:18:00+00:00
[2022-06-12 17:01:31,858] {python.py:173} INFO - Done. Returned value was:           AT      V       AP     RH      PE
16507   6.50  38.68  1017.80  62.90  483.72
45292  21.44  62.96  1020.27  79.85  450.57
36479  25.06  78.92  1010.74  90.70  434.55
34994  12.85  40.92  1023.04  84.04  461.05
33722   4.16  35.47  1017.72  88.49  486.70
[2022-06-12 17:01:32,006] {taskinstance.py:1395} INFO - Marking task as SUCCESS. dag_id=ingest_data, task_id=get_data_to_ingest_from_local_file_task, execution_date=20220612T031800, start_date=20220612T150131, end_date=20220612T150132
[2022-06-12 17:01:32,077] {local_task_job.py:156} INFO - Task exited with return code 0
[2022-06-12 17:01:32,294] {local_task_job.py:273} INFO - 1 downstream tasks scheduled from follow-on schedule check
