[2022-06-12 16:38:37,287] {taskinstance.py:1159} INFO - Dependencies all met for <TaskInstance: ingest_data.get_data_to_ingest_from_local_file_task scheduled__2022-06-12T01:11:00+00:00 [queued]>
[2022-06-12 16:38:37,317] {taskinstance.py:1159} INFO - Dependencies all met for <TaskInstance: ingest_data.get_data_to_ingest_from_local_file_task scheduled__2022-06-12T01:11:00+00:00 [queued]>
[2022-06-12 16:38:37,318] {taskinstance.py:1356} INFO - 
--------------------------------------------------------------------------------
[2022-06-12 16:38:37,318] {taskinstance.py:1357} INFO - Starting attempt 1 of 1
[2022-06-12 16:38:37,319] {taskinstance.py:1358} INFO - 
--------------------------------------------------------------------------------
[2022-06-12 16:38:37,378] {taskinstance.py:1377} INFO - Executing <Task(_PythonDecoratedOperator): get_data_to_ingest_from_local_file_task> on 2022-06-12 01:11:00+00:00
[2022-06-12 16:38:37,385] {standard_task_runner.py:52} INFO - Started process 4802 to run task
[2022-06-12 16:38:37,392] {standard_task_runner.py:79} INFO - Running: ['airflow', 'tasks', 'run', 'ingest_data', 'get_data_to_ingest_from_local_file_task', 'scheduled__2022-06-12T01:11:00+00:00', '--job-id', '536', '--raw', '--subdir', 'DAGS_FOLDER/ingestion_dag.py', '--cfg-path', '/tmp/tmpv0irh2tg', '--error-file', '/tmp/tmp6xk91tq_']
[2022-06-12 16:38:37,400] {standard_task_runner.py:80} INFO - Job 536: Subtask get_data_to_ingest_from_local_file_task
[2022-06-12 16:38:37,553] {task_command.py:370} INFO - Running <TaskInstance: ingest_data.get_data_to_ingest_from_local_file_task scheduled__2022-06-12T01:11:00+00:00 [running]> on host DESKTOP-GDPK8BL.localdomain
[2022-06-12 16:38:37,991] {taskinstance.py:1569} INFO - Exporting the following env vars:
AIRFLOW_CTX_DAG_OWNER=airflow
AIRFLOW_CTX_DAG_ID=ingest_data
AIRFLOW_CTX_TASK_ID=get_data_to_ingest_from_local_file_task
AIRFLOW_CTX_EXECUTION_DATE=2022-06-12T01:11:00+00:00
AIRFLOW_CTX_TRY_NUMBER=1
AIRFLOW_CTX_DAG_RUN_ID=scheduled__2022-06-12T01:11:00+00:00
[2022-06-12 16:38:38,076] {python.py:173} INFO - Done. Returned value was:           AT      V       AP     RH      PE
28416   8.80  42.32  1017.91  86.80  483.88
40334  27.01  43.21  1011.71  77.84  434.09
7179   13.39  49.83  1007.14  90.88  466.04
36109  34.10  73.03  1014.01  41.26  437.65
43084  25.56  58.82  1010.44  70.23  441.00
[2022-06-12 16:38:38,235] {taskinstance.py:1395} INFO - Marking task as SUCCESS. dag_id=ingest_data, task_id=get_data_to_ingest_from_local_file_task, execution_date=20220612T011100, start_date=20220612T143837, end_date=20220612T143838
[2022-06-12 16:38:38,336] {local_task_job.py:156} INFO - Task exited with return code 0
[2022-06-12 16:38:38,581] {local_task_job.py:273} INFO - 1 downstream tasks scheduled from follow-on schedule check
