[2022-06-12 17:44:25,604] {taskinstance.py:1159} INFO - Dependencies all met for <TaskInstance: ingest_data.get_data_to_ingest_from_local_file_task scheduled__2022-06-12T07:38:00+00:00 [queued]>
[2022-06-12 17:44:25,642] {taskinstance.py:1159} INFO - Dependencies all met for <TaskInstance: ingest_data.get_data_to_ingest_from_local_file_task scheduled__2022-06-12T07:38:00+00:00 [queued]>
[2022-06-12 17:44:25,643] {taskinstance.py:1356} INFO - 
--------------------------------------------------------------------------------
[2022-06-12 17:44:25,644] {taskinstance.py:1357} INFO - Starting attempt 1 of 1
[2022-06-12 17:44:25,644] {taskinstance.py:1358} INFO - 
--------------------------------------------------------------------------------
[2022-06-12 17:44:25,712] {taskinstance.py:1377} INFO - Executing <Task(_PythonDecoratedOperator): get_data_to_ingest_from_local_file_task> on 2022-06-12 07:38:00+00:00
[2022-06-12 17:44:25,718] {standard_task_runner.py:52} INFO - Started process 10546 to run task
[2022-06-12 17:44:25,725] {standard_task_runner.py:79} INFO - Running: ['airflow', 'tasks', 'run', 'ingest_data', 'get_data_to_ingest_from_local_file_task', 'scheduled__2022-06-12T07:38:00+00:00', '--job-id', '1310', '--raw', '--subdir', 'DAGS_FOLDER/ingestion_dag.py', '--cfg-path', '/tmp/tmp795qqjha', '--error-file', '/tmp/tmpras2vay1']
[2022-06-12 17:44:25,726] {standard_task_runner.py:80} INFO - Job 1310: Subtask get_data_to_ingest_from_local_file_task
[2022-06-12 17:44:25,874] {task_command.py:370} INFO - Running <TaskInstance: ingest_data.get_data_to_ingest_from_local_file_task scheduled__2022-06-12T07:38:00+00:00 [running]> on host DESKTOP-GDPK8BL.localdomain
[2022-06-12 17:44:26,265] {taskinstance.py:1569} INFO - Exporting the following env vars:
AIRFLOW_CTX_DAG_OWNER=airflow
AIRFLOW_CTX_DAG_ID=ingest_data
AIRFLOW_CTX_TASK_ID=get_data_to_ingest_from_local_file_task
AIRFLOW_CTX_EXECUTION_DATE=2022-06-12T07:38:00+00:00
AIRFLOW_CTX_TRY_NUMBER=1
AIRFLOW_CTX_DAG_RUN_ID=scheduled__2022-06-12T07:38:00+00:00
[2022-06-12 17:44:26,332] {python.py:173} INFO - Done. Returned value was:           AT      V       AP     RH      PE
3748   27.56  63.90  1013.23  45.97  442.43
28860   9.38  40.46  1019.29  75.77  474.10
12839  20.86  63.73  1008.54  96.83  440.42
43061  14.38  40.66  1016.34  92.37  463.10
14327  26.13  71.64  1004.16  87.18  439.73
[2022-06-12 17:44:26,473] {taskinstance.py:1395} INFO - Marking task as SUCCESS. dag_id=ingest_data, task_id=get_data_to_ingest_from_local_file_task, execution_date=20220612T073800, start_date=20220612T154425, end_date=20220612T154426
[2022-06-12 17:44:26,542] {local_task_job.py:156} INFO - Task exited with return code 0
[2022-06-12 17:44:26,776] {local_task_job.py:273} INFO - 1 downstream tasks scheduled from follow-on schedule check
