[2022-06-15 19:13:29,902] {taskinstance.py:1159} INFO - Dependencies all met for <TaskInstance: loan_pred.get_data_to_ingest_from_local_file_task scheduled__2022-06-14T21:18:00+00:00 [queued]>
[2022-06-15 19:13:29,929] {taskinstance.py:1159} INFO - Dependencies all met for <TaskInstance: loan_pred.get_data_to_ingest_from_local_file_task scheduled__2022-06-14T21:18:00+00:00 [queued]>
[2022-06-15 19:13:29,930] {taskinstance.py:1356} INFO - 
--------------------------------------------------------------------------------
[2022-06-15 19:13:29,930] {taskinstance.py:1357} INFO - Starting attempt 1 of 1
[2022-06-15 19:13:29,931] {taskinstance.py:1358} INFO - 
--------------------------------------------------------------------------------
[2022-06-15 19:13:29,986] {taskinstance.py:1377} INFO - Executing <Task(_PythonDecoratedOperator): get_data_to_ingest_from_local_file_task> on 2022-06-14 21:18:00+00:00
[2022-06-15 19:13:29,991] {standard_task_runner.py:52} INFO - Started process 550 to run task
[2022-06-15 19:13:29,996] {standard_task_runner.py:79} INFO - Running: ['airflow', 'tasks', 'run', 'loan_pred', 'get_data_to_ingest_from_local_file_task', 'scheduled__2022-06-14T21:18:00+00:00', '--job-id', '1609', '--raw', '--subdir', 'DAGS_FOLDER/loan_pred.py', '--cfg-path', '/tmp/tmp3qipx18l', '--error-file', '/tmp/tmpgi255cn1']
[2022-06-15 19:13:29,998] {standard_task_runner.py:80} INFO - Job 1609: Subtask get_data_to_ingest_from_local_file_task
[2022-06-15 19:13:30,132] {task_command.py:370} INFO - Running <TaskInstance: loan_pred.get_data_to_ingest_from_local_file_task scheduled__2022-06-14T21:18:00+00:00 [running]> on host DESKTOP-GDPK8BL.localdomain
[2022-06-15 19:13:30,526] {taskinstance.py:1569} INFO - Exporting the following env vars:
AIRFLOW_CTX_DAG_OWNER=airflow
AIRFLOW_CTX_DAG_ID=loan_pred
AIRFLOW_CTX_TASK_ID=get_data_to_ingest_from_local_file_task
AIRFLOW_CTX_EXECUTION_DATE=2022-06-14T21:18:00+00:00
AIRFLOW_CTX_TRY_NUMBER=1
AIRFLOW_CTX_DAG_RUN_ID=scheduled__2022-06-14T21:18:00+00:00
[2022-06-15 19:13:30,542] {python.py:173} INFO - Done. Returned value was:       Loan_ID  Gender Married Dependents  ... LoanAmount Loan_Amount_Term  Credit_History  Property_Area
222  LP002245    Male     Yes          2  ...       80.0            480.0             1.0          Urban
192  LP002069    Male     Yes          2  ...      180.0            360.0             0.0          Rural
264  LP002440    Male     Yes          2  ...      184.0            360.0             1.0          Rural
105  LP001561  Female     Yes          0  ...      200.0            360.0             1.0      Semiurban
299  LP002639    Male     Yes          2  ...      128.0            360.0             1.0          Rural

[5 rows x 12 columns]
[2022-06-15 19:13:30,726] {taskinstance.py:1395} INFO - Marking task as SUCCESS. dag_id=loan_pred, task_id=get_data_to_ingest_from_local_file_task, execution_date=20220614T211800, start_date=20220615T171329, end_date=20220615T171330
[2022-06-15 19:13:30,814] {local_task_job.py:156} INFO - Task exited with return code 0
[2022-06-15 19:13:31,010] {local_task_job.py:273} INFO - 1 downstream tasks scheduled from follow-on schedule check
