[2022-06-12 16:56:36,169] {taskinstance.py:1159} INFO - Dependencies all met for <TaskInstance: ingest_data.get_data_to_ingest_from_local_file_task scheduled__2022-06-12T02:49:00+00:00 [queued]>
[2022-06-12 16:56:36,250] {taskinstance.py:1159} INFO - Dependencies all met for <TaskInstance: ingest_data.get_data_to_ingest_from_local_file_task scheduled__2022-06-12T02:49:00+00:00 [queued]>
[2022-06-12 16:56:36,253] {taskinstance.py:1356} INFO - 
--------------------------------------------------------------------------------
[2022-06-12 16:56:36,253] {taskinstance.py:1357} INFO - Starting attempt 1 of 1
[2022-06-12 16:56:36,255] {taskinstance.py:1358} INFO - 
--------------------------------------------------------------------------------
[2022-06-12 16:56:36,399] {taskinstance.py:1377} INFO - Executing <Task(_PythonDecoratedOperator): get_data_to_ingest_from_local_file_task> on 2022-06-12 02:49:00+00:00
[2022-06-12 16:56:36,411] {standard_task_runner.py:52} INFO - Started process 6263 to run task
[2022-06-12 16:56:36,419] {standard_task_runner.py:79} INFO - Running: ['airflow', 'tasks', 'run', 'ingest_data', 'get_data_to_ingest_from_local_file_task', 'scheduled__2022-06-12T02:49:00+00:00', '--job-id', '732', '--raw', '--subdir', 'DAGS_FOLDER/ingestion_dag.py', '--cfg-path', '/tmp/tmplsvm7ah6', '--error-file', '/tmp/tmpmc36n0yq']
[2022-06-12 16:56:36,431] {standard_task_runner.py:80} INFO - Job 732: Subtask get_data_to_ingest_from_local_file_task
[2022-06-12 16:56:36,775] {task_command.py:370} INFO - Running <TaskInstance: ingest_data.get_data_to_ingest_from_local_file_task scheduled__2022-06-12T02:49:00+00:00 [running]> on host DESKTOP-GDPK8BL.localdomain
[2022-06-12 16:56:37,448] {taskinstance.py:1569} INFO - Exporting the following env vars:
AIRFLOW_CTX_DAG_OWNER=airflow
AIRFLOW_CTX_DAG_ID=ingest_data
AIRFLOW_CTX_TASK_ID=get_data_to_ingest_from_local_file_task
AIRFLOW_CTX_EXECUTION_DATE=2022-06-12T02:49:00+00:00
AIRFLOW_CTX_TRY_NUMBER=1
AIRFLOW_CTX_DAG_RUN_ID=scheduled__2022-06-12T02:49:00+00:00
[2022-06-12 16:56:37,542] {python.py:173} INFO - Done. Returned value was:           AT      V       AP     RH      PE
14701  23.25  51.86  1013.54  78.34  450.22
244    24.78  58.46  1016.82  67.50  442.42
30438   9.75  52.72  1026.03  78.53  473.41
12105  23.01  58.79  1009.71  84.22  444.64
22265  31.07  73.50  1010.58  43.66  432.06
[2022-06-12 16:56:37,741] {taskinstance.py:1395} INFO - Marking task as SUCCESS. dag_id=ingest_data, task_id=get_data_to_ingest_from_local_file_task, execution_date=20220612T024900, start_date=20220612T145636, end_date=20220612T145637
[2022-06-12 16:56:37,821] {local_task_job.py:156} INFO - Task exited with return code 0
[2022-06-12 16:56:38,067] {local_task_job.py:273} INFO - 1 downstream tasks scheduled from follow-on schedule check
