[2022-06-12 16:24:51,758] {taskinstance.py:1159} INFO - Dependencies all met for <TaskInstance: ingest_data.get_data_to_ingest_from_local_file_task scheduled__2022-06-11T23:45:00+00:00 [queued]>
[2022-06-12 16:24:51,793] {taskinstance.py:1159} INFO - Dependencies all met for <TaskInstance: ingest_data.get_data_to_ingest_from_local_file_task scheduled__2022-06-11T23:45:00+00:00 [queued]>
[2022-06-12 16:24:51,794] {taskinstance.py:1356} INFO - 
--------------------------------------------------------------------------------
[2022-06-12 16:24:51,794] {taskinstance.py:1357} INFO - Starting attempt 1 of 1
[2022-06-12 16:24:51,795] {taskinstance.py:1358} INFO - 
--------------------------------------------------------------------------------
[2022-06-12 16:24:51,860] {taskinstance.py:1377} INFO - Executing <Task(_PythonDecoratedOperator): get_data_to_ingest_from_local_file_task> on 2022-06-11 23:45:00+00:00
[2022-06-12 16:24:51,867] {standard_task_runner.py:52} INFO - Started process 3528 to run task
[2022-06-12 16:24:51,874] {standard_task_runner.py:79} INFO - Running: ['airflow', 'tasks', 'run', 'ingest_data', 'get_data_to_ingest_from_local_file_task', 'scheduled__2022-06-11T23:45:00+00:00', '--job-id', '364', '--raw', '--subdir', 'DAGS_FOLDER/ingestion_dag.py', '--cfg-path', '/tmp/tmp0dg_xcpm', '--error-file', '/tmp/tmpbm_jws4h']
[2022-06-12 16:24:51,875] {standard_task_runner.py:80} INFO - Job 364: Subtask get_data_to_ingest_from_local_file_task
[2022-06-12 16:24:52,013] {task_command.py:370} INFO - Running <TaskInstance: ingest_data.get_data_to_ingest_from_local_file_task scheduled__2022-06-11T23:45:00+00:00 [running]> on host DESKTOP-GDPK8BL.localdomain
[2022-06-12 16:24:52,359] {taskinstance.py:1569} INFO - Exporting the following env vars:
AIRFLOW_CTX_DAG_OWNER=airflow
AIRFLOW_CTX_DAG_ID=ingest_data
AIRFLOW_CTX_TASK_ID=get_data_to_ingest_from_local_file_task
AIRFLOW_CTX_EXECUTION_DATE=2022-06-11T23:45:00+00:00
AIRFLOW_CTX_TRY_NUMBER=1
AIRFLOW_CTX_DAG_RUN_ID=scheduled__2022-06-11T23:45:00+00:00
[2022-06-12 16:24:52,437] {python.py:173} INFO - Done. Returned value was:           AT      V       AP     RH      PE
21697  28.37  67.07  1005.65  56.13  435.94
34644  28.53  49.30  1003.83  59.69  438.17
14524  24.22  56.89  1013.81  70.02  440.79
32563  17.92  44.20  1018.97  53.80  455.37
37123   8.64  38.56  1016.51  66.03  484.45
[2022-06-12 16:24:52,549] {taskinstance.py:1395} INFO - Marking task as SUCCESS. dag_id=ingest_data, task_id=get_data_to_ingest_from_local_file_task, execution_date=20220611T234500, start_date=20220612T142451, end_date=20220612T142452
[2022-06-12 16:24:52,613] {local_task_job.py:156} INFO - Task exited with return code 0
[2022-06-12 16:24:52,832] {local_task_job.py:273} INFO - 1 downstream tasks scheduled from follow-on schedule check
