[2022-06-15 19:12:44,758] {taskinstance.py:1159} INFO - Dependencies all met for <TaskInstance: loan_pred.get_data_to_ingest_from_local_file_task scheduled__2022-06-14T21:13:00+00:00 [queued]>
[2022-06-15 19:12:44,782] {taskinstance.py:1159} INFO - Dependencies all met for <TaskInstance: loan_pred.get_data_to_ingest_from_local_file_task scheduled__2022-06-14T21:13:00+00:00 [queued]>
[2022-06-15 19:12:44,783] {taskinstance.py:1356} INFO - 
--------------------------------------------------------------------------------
[2022-06-15 19:12:44,783] {taskinstance.py:1357} INFO - Starting attempt 1 of 1
[2022-06-15 19:12:44,784] {taskinstance.py:1358} INFO - 
--------------------------------------------------------------------------------
[2022-06-15 19:12:44,839] {taskinstance.py:1377} INFO - Executing <Task(_PythonDecoratedOperator): get_data_to_ingest_from_local_file_task> on 2022-06-14 21:13:00+00:00
[2022-06-15 19:12:44,844] {standard_task_runner.py:52} INFO - Started process 468 to run task
[2022-06-15 19:12:44,849] {standard_task_runner.py:79} INFO - Running: ['airflow', 'tasks', 'run', 'loan_pred', 'get_data_to_ingest_from_local_file_task', 'scheduled__2022-06-14T21:13:00+00:00', '--job-id', '1599', '--raw', '--subdir', 'DAGS_FOLDER/loan_pred.py', '--cfg-path', '/tmp/tmpykanoxqv', '--error-file', '/tmp/tmp2qt0nre6']
[2022-06-15 19:12:44,851] {standard_task_runner.py:80} INFO - Job 1599: Subtask get_data_to_ingest_from_local_file_task
[2022-06-15 19:12:44,994] {task_command.py:370} INFO - Running <TaskInstance: loan_pred.get_data_to_ingest_from_local_file_task scheduled__2022-06-14T21:13:00+00:00 [running]> on host DESKTOP-GDPK8BL.localdomain
[2022-06-15 19:12:45,492] {taskinstance.py:1569} INFO - Exporting the following env vars:
AIRFLOW_CTX_DAG_OWNER=airflow
AIRFLOW_CTX_DAG_ID=loan_pred
AIRFLOW_CTX_TASK_ID=get_data_to_ingest_from_local_file_task
AIRFLOW_CTX_EXECUTION_DATE=2022-06-14T21:13:00+00:00
AIRFLOW_CTX_TRY_NUMBER=1
AIRFLOW_CTX_DAG_RUN_ID=scheduled__2022-06-14T21:13:00+00:00
[2022-06-15 19:12:45,507] {python.py:173} INFO - Done. Returned value was:       Loan_ID Gender Married Dependents  ... LoanAmount Loan_Amount_Term  Credit_History  Property_Area
74   LP001386   Male     Yes          0  ...      144.0            360.0             1.0      Semiurban
305  LP002712   Male      No          2  ...      180.0            360.0             NaN      Semiurban
129  LP001695   Male     Yes          1  ...       70.0              NaN             1.0      Semiurban
15   LP001099   Male      No          1  ...      131.0            360.0             1.0          Urban
308  LP002744   Male     Yes          1  ...      162.0            360.0             1.0          Rural

[5 rows x 12 columns]
[2022-06-15 19:12:45,675] {taskinstance.py:1395} INFO - Marking task as SUCCESS. dag_id=loan_pred, task_id=get_data_to_ingest_from_local_file_task, execution_date=20220614T211300, start_date=20220615T171244, end_date=20220615T171245
[2022-06-15 19:12:45,748] {local_task_job.py:156} INFO - Task exited with return code 0
[2022-06-15 19:12:45,943] {local_task_job.py:273} INFO - 1 downstream tasks scheduled from follow-on schedule check
