[2022-06-12 17:11:04,598] {taskinstance.py:1159} INFO - Dependencies all met for <TaskInstance: ingest_data.get_data_to_ingest_from_local_file_task scheduled__2022-06-12T04:12:00+00:00 [queued]>
[2022-06-12 17:11:04,627] {taskinstance.py:1159} INFO - Dependencies all met for <TaskInstance: ingest_data.get_data_to_ingest_from_local_file_task scheduled__2022-06-12T04:12:00+00:00 [queued]>
[2022-06-12 17:11:04,628] {taskinstance.py:1356} INFO - 
--------------------------------------------------------------------------------
[2022-06-12 17:11:04,628] {taskinstance.py:1357} INFO - Starting attempt 1 of 1
[2022-06-12 17:11:04,629] {taskinstance.py:1358} INFO - 
--------------------------------------------------------------------------------
[2022-06-12 17:11:04,688] {taskinstance.py:1377} INFO - Executing <Task(_PythonDecoratedOperator): get_data_to_ingest_from_local_file_task> on 2022-06-12 04:12:00+00:00
[2022-06-12 17:11:04,693] {standard_task_runner.py:52} INFO - Started process 7490 to run task
[2022-06-12 17:11:04,699] {standard_task_runner.py:79} INFO - Running: ['airflow', 'tasks', 'run', 'ingest_data', 'get_data_to_ingest_from_local_file_task', 'scheduled__2022-06-12T04:12:00+00:00', '--job-id', '897', '--raw', '--subdir', 'DAGS_FOLDER/ingestion_dag.py', '--cfg-path', '/tmp/tmppomizeo9', '--error-file', '/tmp/tmpc1wodfs6']
[2022-06-12 17:11:04,701] {standard_task_runner.py:80} INFO - Job 897: Subtask get_data_to_ingest_from_local_file_task
[2022-06-12 17:11:04,867] {task_command.py:370} INFO - Running <TaskInstance: ingest_data.get_data_to_ingest_from_local_file_task scheduled__2022-06-12T04:12:00+00:00 [running]> on host DESKTOP-GDPK8BL.localdomain
[2022-06-12 17:11:05,295] {taskinstance.py:1569} INFO - Exporting the following env vars:
AIRFLOW_CTX_DAG_OWNER=airflow
AIRFLOW_CTX_DAG_ID=ingest_data
AIRFLOW_CTX_TASK_ID=get_data_to_ingest_from_local_file_task
AIRFLOW_CTX_EXECUTION_DATE=2022-06-12T04:12:00+00:00
AIRFLOW_CTX_TRY_NUMBER=1
AIRFLOW_CTX_DAG_RUN_ID=scheduled__2022-06-12T04:12:00+00:00
[2022-06-12 17:11:05,369] {python.py:173} INFO - Done. Returned value was:           AT      V       AP     RH      PE
11811  30.05  69.34  1008.26  61.50  436.82
24277   7.72  41.14  1025.11  96.75  478.34
28767  28.88  54.89  1007.16  46.60  440.99
36441  26.11  73.17  1009.80  65.18  434.94
27552  21.87  69.45  1014.04  71.19  439.97
[2022-06-12 17:11:05,501] {taskinstance.py:1395} INFO - Marking task as SUCCESS. dag_id=ingest_data, task_id=get_data_to_ingest_from_local_file_task, execution_date=20220612T041200, start_date=20220612T151104, end_date=20220612T151105
[2022-06-12 17:11:05,558] {local_task_job.py:156} INFO - Task exited with return code 0
[2022-06-12 17:11:05,775] {local_task_job.py:273} INFO - 1 downstream tasks scheduled from follow-on schedule check
