[2022-06-12 16:40:29,300] {taskinstance.py:1159} INFO - Dependencies all met for <TaskInstance: ingest_data.get_data_to_ingest_from_local_file_task scheduled__2022-06-12T01:21:00+00:00 [queued]>
[2022-06-12 16:40:29,334] {taskinstance.py:1159} INFO - Dependencies all met for <TaskInstance: ingest_data.get_data_to_ingest_from_local_file_task scheduled__2022-06-12T01:21:00+00:00 [queued]>
[2022-06-12 16:40:29,335] {taskinstance.py:1356} INFO - 
--------------------------------------------------------------------------------
[2022-06-12 16:40:29,335] {taskinstance.py:1357} INFO - Starting attempt 1 of 1
[2022-06-12 16:40:29,336] {taskinstance.py:1358} INFO - 
--------------------------------------------------------------------------------
[2022-06-12 16:40:29,409] {taskinstance.py:1377} INFO - Executing <Task(_PythonDecoratedOperator): get_data_to_ingest_from_local_file_task> on 2022-06-12 01:21:00+00:00
[2022-06-12 16:40:29,417] {standard_task_runner.py:52} INFO - Started process 4946 to run task
[2022-06-12 16:40:29,424] {standard_task_runner.py:79} INFO - Running: ['airflow', 'tasks', 'run', 'ingest_data', 'get_data_to_ingest_from_local_file_task', 'scheduled__2022-06-12T01:21:00+00:00', '--job-id', '555', '--raw', '--subdir', 'DAGS_FOLDER/ingestion_dag.py', '--cfg-path', '/tmp/tmpgsbv9qxy', '--error-file', '/tmp/tmpvuivg8ip']
[2022-06-12 16:40:29,428] {standard_task_runner.py:80} INFO - Job 555: Subtask get_data_to_ingest_from_local_file_task
[2022-06-12 16:40:29,601] {task_command.py:370} INFO - Running <TaskInstance: ingest_data.get_data_to_ingest_from_local_file_task scheduled__2022-06-12T01:21:00+00:00 [running]> on host DESKTOP-GDPK8BL.localdomain
[2022-06-12 16:40:30,029] {taskinstance.py:1569} INFO - Exporting the following env vars:
AIRFLOW_CTX_DAG_OWNER=airflow
AIRFLOW_CTX_DAG_ID=ingest_data
AIRFLOW_CTX_TASK_ID=get_data_to_ingest_from_local_file_task
AIRFLOW_CTX_EXECUTION_DATE=2022-06-12T01:21:00+00:00
AIRFLOW_CTX_TRY_NUMBER=1
AIRFLOW_CTX_DAG_RUN_ID=scheduled__2022-06-12T01:21:00+00:00
[2022-06-12 16:40:30,113] {python.py:173} INFO - Done. Returned value was:           AT      V       AP     RH      PE
5082   29.10  73.40  1011.35  57.31  436.85
36148  16.07  65.46  1013.88  87.11  450.54
37408  14.02  40.66  1017.05  84.14  465.39
18922  10.07  41.39  1019.89  70.53  480.54
30126  15.33  37.20  1013.40  78.99  466.81
[2022-06-12 16:40:30,281] {taskinstance.py:1395} INFO - Marking task as SUCCESS. dag_id=ingest_data, task_id=get_data_to_ingest_from_local_file_task, execution_date=20220612T012100, start_date=20220612T144029, end_date=20220612T144030
[2022-06-12 16:40:30,366] {local_task_job.py:156} INFO - Task exited with return code 0
[2022-06-12 16:40:30,604] {local_task_job.py:273} INFO - 1 downstream tasks scheduled from follow-on schedule check
