[2022-06-12 16:19:20,521] {taskinstance.py:1159} INFO - Dependencies all met for <TaskInstance: ingest_data.get_data_to_ingest_from_local_file_task scheduled__2022-06-11T23:16:00+00:00 [queued]>
[2022-06-12 16:19:20,549] {taskinstance.py:1159} INFO - Dependencies all met for <TaskInstance: ingest_data.get_data_to_ingest_from_local_file_task scheduled__2022-06-11T23:16:00+00:00 [queued]>
[2022-06-12 16:19:20,549] {taskinstance.py:1356} INFO - 
--------------------------------------------------------------------------------
[2022-06-12 16:19:20,550] {taskinstance.py:1357} INFO - Starting attempt 1 of 1
[2022-06-12 16:19:20,551] {taskinstance.py:1358} INFO - 
--------------------------------------------------------------------------------
[2022-06-12 16:19:20,616] {taskinstance.py:1377} INFO - Executing <Task(_PythonDecoratedOperator): get_data_to_ingest_from_local_file_task> on 2022-06-11 23:16:00+00:00
[2022-06-12 16:19:20,623] {standard_task_runner.py:52} INFO - Started process 3056 to run task
[2022-06-12 16:19:20,629] {standard_task_runner.py:79} INFO - Running: ['airflow', 'tasks', 'run', 'ingest_data', 'get_data_to_ingest_from_local_file_task', 'scheduled__2022-06-11T23:16:00+00:00', '--job-id', '306', '--raw', '--subdir', 'DAGS_FOLDER/ingestion_dag.py', '--cfg-path', '/tmp/tmp0fxujc4u', '--error-file', '/tmp/tmpybromtmq']
[2022-06-12 16:19:20,631] {standard_task_runner.py:80} INFO - Job 306: Subtask get_data_to_ingest_from_local_file_task
[2022-06-12 16:19:20,761] {task_command.py:370} INFO - Running <TaskInstance: ingest_data.get_data_to_ingest_from_local_file_task scheduled__2022-06-11T23:16:00+00:00 [running]> on host DESKTOP-GDPK8BL.localdomain
[2022-06-12 16:19:21,110] {taskinstance.py:1569} INFO - Exporting the following env vars:
AIRFLOW_CTX_DAG_OWNER=airflow
AIRFLOW_CTX_DAG_ID=ingest_data
AIRFLOW_CTX_TASK_ID=get_data_to_ingest_from_local_file_task
AIRFLOW_CTX_EXECUTION_DATE=2022-06-11T23:16:00+00:00
AIRFLOW_CTX_TRY_NUMBER=1
AIRFLOW_CTX_DAG_RUN_ID=scheduled__2022-06-11T23:16:00+00:00
[2022-06-12 16:19:21,179] {python.py:173} INFO - Done. Returned value was:           AT      V       AP     RH      PE
30710  10.67  42.02   996.55  99.94  472.65
44768   7.09  43.65  1019.60  72.10  483.42
32017  23.84  68.94  1007.45  71.35  436.05
14294  13.65  39.28  1012.97  79.64  471.91
43084  25.56  58.82  1010.44  70.23  441.00
[2022-06-12 16:19:21,295] {taskinstance.py:1395} INFO - Marking task as SUCCESS. dag_id=ingest_data, task_id=get_data_to_ingest_from_local_file_task, execution_date=20220611T231600, start_date=20220612T141920, end_date=20220612T141921
[2022-06-12 16:19:21,366] {local_task_job.py:156} INFO - Task exited with return code 0
[2022-06-12 16:19:21,637] {local_task_job.py:273} INFO - 1 downstream tasks scheduled from follow-on schedule check
