[2022-06-12 14:49:23,984] {taskinstance.py:1159} INFO - Dependencies all met for <TaskInstance: ingest_data.get_data_to_ingest_from_local_file_task scheduled__2022-06-11T21:30:00+00:00 [queued]>
[2022-06-12 14:49:24,059] {taskinstance.py:1159} INFO - Dependencies all met for <TaskInstance: ingest_data.get_data_to_ingest_from_local_file_task scheduled__2022-06-11T21:30:00+00:00 [queued]>
[2022-06-12 14:49:24,061] {taskinstance.py:1356} INFO - 
--------------------------------------------------------------------------------
[2022-06-12 14:49:24,062] {taskinstance.py:1357} INFO - Starting attempt 1 of 1
[2022-06-12 14:49:24,062] {taskinstance.py:1358} INFO - 
--------------------------------------------------------------------------------
[2022-06-12 14:49:24,127] {taskinstance.py:1377} INFO - Executing <Task(_PythonDecoratedOperator): get_data_to_ingest_from_local_file_task> on 2022-06-11 21:30:00+00:00
[2022-06-12 14:49:24,135] {standard_task_runner.py:52} INFO - Started process 1252 to run task
[2022-06-12 14:49:24,143] {standard_task_runner.py:79} INFO - Running: ['airflow', 'tasks', 'run', 'ingest_data', 'get_data_to_ingest_from_local_file_task', 'scheduled__2022-06-11T21:30:00+00:00', '--job-id', '94', '--raw', '--subdir', 'DAGS_FOLDER/ingestion_dag.py', '--cfg-path', '/tmp/tmp5ijcffu5', '--error-file', '/tmp/tmpavdoeb_g']
[2022-06-12 14:49:24,145] {standard_task_runner.py:80} INFO - Job 94: Subtask get_data_to_ingest_from_local_file_task
[2022-06-12 14:49:24,450] {task_command.py:370} INFO - Running <TaskInstance: ingest_data.get_data_to_ingest_from_local_file_task scheduled__2022-06-11T21:30:00+00:00 [running]> on host DESKTOP-GDPK8BL.localdomain
[2022-06-12 14:49:24,845] {taskinstance.py:1569} INFO - Exporting the following env vars:
AIRFLOW_CTX_DAG_OWNER=airflow
AIRFLOW_CTX_DAG_ID=ingest_data
AIRFLOW_CTX_TASK_ID=get_data_to_ingest_from_local_file_task
AIRFLOW_CTX_EXECUTION_DATE=2022-06-11T21:30:00+00:00
AIRFLOW_CTX_TRY_NUMBER=1
AIRFLOW_CTX_DAG_RUN_ID=scheduled__2022-06-11T21:30:00+00:00
[2022-06-12 14:49:24,925] {python.py:173} INFO - Done. Returned value was:           AT      V       AP      RH      PE
5372   19.53  50.32  1009.71   94.46  449.59
13267  16.70  46.18  1011.20   96.84  456.20
39053  23.03  65.12  1016.29   69.80  447.84
5099   18.06  52.08  1003.73  100.09  452.19
12321  21.79  61.45  1011.11   91.78  446.99
[2022-06-12 14:49:25,033] {taskinstance.py:1395} INFO - Marking task as SUCCESS. dag_id=ingest_data, task_id=get_data_to_ingest_from_local_file_task, execution_date=20220611T213000, start_date=20220612T124923, end_date=20220612T124925
[2022-06-12 14:49:25,122] {local_task_job.py:156} INFO - Task exited with return code 0
[2022-06-12 14:49:25,415] {local_task_job.py:273} INFO - 1 downstream tasks scheduled from follow-on schedule check
