[2022-06-12 17:34:12,065] {taskinstance.py:1159} INFO - Dependencies all met for <TaskInstance: ingest_data.get_data_to_ingest_from_local_file_task scheduled__2022-06-12T06:33:00+00:00 [queued]>
[2022-06-12 17:34:12,100] {taskinstance.py:1159} INFO - Dependencies all met for <TaskInstance: ingest_data.get_data_to_ingest_from_local_file_task scheduled__2022-06-12T06:33:00+00:00 [queued]>
[2022-06-12 17:34:12,100] {taskinstance.py:1356} INFO - 
--------------------------------------------------------------------------------
[2022-06-12 17:34:12,101] {taskinstance.py:1357} INFO - Starting attempt 1 of 1
[2022-06-12 17:34:12,102] {taskinstance.py:1358} INFO - 
--------------------------------------------------------------------------------
[2022-06-12 17:34:12,163] {taskinstance.py:1377} INFO - Executing <Task(_PythonDecoratedOperator): get_data_to_ingest_from_local_file_task> on 2022-06-12 06:33:00+00:00
[2022-06-12 17:34:12,169] {standard_task_runner.py:52} INFO - Started process 9578 to run task
[2022-06-12 17:34:12,175] {standard_task_runner.py:79} INFO - Running: ['airflow', 'tasks', 'run', 'ingest_data', 'get_data_to_ingest_from_local_file_task', 'scheduled__2022-06-12T06:33:00+00:00', '--job-id', '1179', '--raw', '--subdir', 'DAGS_FOLDER/ingestion_dag.py', '--cfg-path', '/tmp/tmp32fupiqj', '--error-file', '/tmp/tmpfr5fw_l4']
[2022-06-12 17:34:12,178] {standard_task_runner.py:80} INFO - Job 1179: Subtask get_data_to_ingest_from_local_file_task
[2022-06-12 17:34:12,340] {task_command.py:370} INFO - Running <TaskInstance: ingest_data.get_data_to_ingest_from_local_file_task scheduled__2022-06-12T06:33:00+00:00 [running]> on host DESKTOP-GDPK8BL.localdomain
[2022-06-12 17:34:12,778] {taskinstance.py:1569} INFO - Exporting the following env vars:
AIRFLOW_CTX_DAG_OWNER=airflow
AIRFLOW_CTX_DAG_ID=ingest_data
AIRFLOW_CTX_TASK_ID=get_data_to_ingest_from_local_file_task
AIRFLOW_CTX_EXECUTION_DATE=2022-06-12T06:33:00+00:00
AIRFLOW_CTX_TRY_NUMBER=1
AIRFLOW_CTX_DAG_RUN_ID=scheduled__2022-06-12T06:33:00+00:00
[2022-06-12 17:34:12,847] {python.py:173} INFO - Done. Returned value was:           AT      V       AP     RH      PE
28542  10.72  39.35  1015.35  86.43  480.18
39552   4.49  40.27  1012.01  76.50  494.24
5942   29.86  59.57  1011.24  64.02  439.44
38432  12.75  40.64  1020.44  83.17  466.93
36657   8.35  43.52  1022.78  97.34  479.31
[2022-06-12 17:34:12,996] {taskinstance.py:1395} INFO - Marking task as SUCCESS. dag_id=ingest_data, task_id=get_data_to_ingest_from_local_file_task, execution_date=20220612T063300, start_date=20220612T153412, end_date=20220612T153412
[2022-06-12 17:34:13,075] {local_task_job.py:156} INFO - Task exited with return code 0
[2022-06-12 17:34:13,316] {local_task_job.py:273} INFO - 1 downstream tasks scheduled from follow-on schedule check
