[2022-06-12 16:08:39,484] {taskinstance.py:1159} INFO - Dependencies all met for <TaskInstance: ingest_data.get_data_to_ingest_from_local_file_task scheduled__2022-06-11T22:13:00+00:00 [queued]>
[2022-06-12 16:08:39,507] {taskinstance.py:1159} INFO - Dependencies all met for <TaskInstance: ingest_data.get_data_to_ingest_from_local_file_task scheduled__2022-06-11T22:13:00+00:00 [queued]>
[2022-06-12 16:08:39,508] {taskinstance.py:1356} INFO - 
--------------------------------------------------------------------------------
[2022-06-12 16:08:39,508] {taskinstance.py:1357} INFO - Starting attempt 1 of 1
[2022-06-12 16:08:39,509] {taskinstance.py:1358} INFO - 
--------------------------------------------------------------------------------
[2022-06-12 16:08:39,561] {taskinstance.py:1377} INFO - Executing <Task(_PythonDecoratedOperator): get_data_to_ingest_from_local_file_task> on 2022-06-11 22:13:00+00:00
[2022-06-12 16:08:39,575] {standard_task_runner.py:79} INFO - Running: ['airflow', 'tasks', 'run', 'ingest_data', 'get_data_to_ingest_from_local_file_task', 'scheduled__2022-06-11T22:13:00+00:00', '--job-id', '180', '--raw', '--subdir', 'DAGS_FOLDER/ingestion_dag.py', '--cfg-path', '/tmp/tmpg_7umv06', '--error-file', '/tmp/tmpuzs5fmqm']
[2022-06-12 16:08:39,568] {standard_task_runner.py:52} INFO - Started process 1985 to run task
[2022-06-12 16:08:39,585] {standard_task_runner.py:80} INFO - Job 180: Subtask get_data_to_ingest_from_local_file_task
[2022-06-12 16:08:39,732] {task_command.py:370} INFO - Running <TaskInstance: ingest_data.get_data_to_ingest_from_local_file_task scheduled__2022-06-11T22:13:00+00:00 [running]> on host DESKTOP-GDPK8BL.localdomain
[2022-06-12 16:08:40,057] {taskinstance.py:1569} INFO - Exporting the following env vars:
AIRFLOW_CTX_DAG_OWNER=airflow
AIRFLOW_CTX_DAG_ID=ingest_data
AIRFLOW_CTX_TASK_ID=get_data_to_ingest_from_local_file_task
AIRFLOW_CTX_EXECUTION_DATE=2022-06-11T22:13:00+00:00
AIRFLOW_CTX_TRY_NUMBER=1
AIRFLOW_CTX_DAG_RUN_ID=scheduled__2022-06-11T22:13:00+00:00
[2022-06-12 16:08:40,131] {python.py:173} INFO - Done. Returned value was:           AT      V       AP     RH      PE
38819  26.17  59.92  1010.01  73.75  444.96
24617  14.85  39.39  1013.93  76.27  468.84
10865  12.93  38.73  1006.41  89.24  471.30
27472  23.48  60.23  1011.91  79.48  437.44
1380   27.25  50.05  1006.53  60.64  439.63
[2022-06-12 16:08:40,243] {taskinstance.py:1395} INFO - Marking task as SUCCESS. dag_id=ingest_data, task_id=get_data_to_ingest_from_local_file_task, execution_date=20220611T221300, start_date=20220612T140839, end_date=20220612T140840
[2022-06-12 16:08:40,320] {local_task_job.py:156} INFO - Task exited with return code 0
[2022-06-12 16:08:40,535] {local_task_job.py:273} INFO - 1 downstream tasks scheduled from follow-on schedule check
