[2022-06-12 16:27:12,607] {taskinstance.py:1159} INFO - Dependencies all met for <TaskInstance: ingest_data.get_data_to_ingest_from_local_file_task scheduled__2022-06-12T00:01:00+00:00 [queued]>
[2022-06-12 16:27:12,637] {taskinstance.py:1159} INFO - Dependencies all met for <TaskInstance: ingest_data.get_data_to_ingest_from_local_file_task scheduled__2022-06-12T00:01:00+00:00 [queued]>
[2022-06-12 16:27:12,638] {taskinstance.py:1356} INFO - 
--------------------------------------------------------------------------------
[2022-06-12 16:27:12,638] {taskinstance.py:1357} INFO - Starting attempt 1 of 1
[2022-06-12 16:27:12,639] {taskinstance.py:1358} INFO - 
--------------------------------------------------------------------------------
[2022-06-12 16:27:12,701] {taskinstance.py:1377} INFO - Executing <Task(_PythonDecoratedOperator): get_data_to_ingest_from_local_file_task> on 2022-06-12 00:01:00+00:00
[2022-06-12 16:27:12,710] {standard_task_runner.py:52} INFO - Started process 3765 to run task
[2022-06-12 16:27:12,716] {standard_task_runner.py:79} INFO - Running: ['airflow', 'tasks', 'run', 'ingest_data', 'get_data_to_ingest_from_local_file_task', 'scheduled__2022-06-12T00:01:00+00:00', '--job-id', '396', '--raw', '--subdir', 'DAGS_FOLDER/ingestion_dag.py', '--cfg-path', '/tmp/tmprhljbqh8', '--error-file', '/tmp/tmp8my1s6kk']
[2022-06-12 16:27:12,719] {standard_task_runner.py:80} INFO - Job 396: Subtask get_data_to_ingest_from_local_file_task
[2022-06-12 16:27:12,860] {task_command.py:370} INFO - Running <TaskInstance: ingest_data.get_data_to_ingest_from_local_file_task scheduled__2022-06-12T00:01:00+00:00 [running]> on host DESKTOP-GDPK8BL.localdomain
[2022-06-12 16:27:13,193] {taskinstance.py:1569} INFO - Exporting the following env vars:
AIRFLOW_CTX_DAG_OWNER=airflow
AIRFLOW_CTX_DAG_ID=ingest_data
AIRFLOW_CTX_TASK_ID=get_data_to_ingest_from_local_file_task
AIRFLOW_CTX_EXECUTION_DATE=2022-06-12T00:01:00+00:00
AIRFLOW_CTX_TRY_NUMBER=1
AIRFLOW_CTX_DAG_RUN_ID=scheduled__2022-06-12T00:01:00+00:00
[2022-06-12 16:27:13,272] {python.py:173} INFO - Done. Returned value was:           AT      V       AP     RH      PE
2423   28.52  57.82  1004.81  57.82  435.40
3814   29.51  75.60  1017.92  50.61  431.18
12219  15.50  44.92  1024.16  86.44  462.12
5564    6.25  39.48  1004.82  52.71  484.26
29569  11.21  39.85  1013.01  75.55  480.61
[2022-06-12 16:27:13,400] {taskinstance.py:1395} INFO - Marking task as SUCCESS. dag_id=ingest_data, task_id=get_data_to_ingest_from_local_file_task, execution_date=20220612T000100, start_date=20220612T142712, end_date=20220612T142713
[2022-06-12 16:27:13,498] {local_task_job.py:156} INFO - Task exited with return code 0
[2022-06-12 16:27:13,712] {local_task_job.py:273} INFO - 1 downstream tasks scheduled from follow-on schedule check
