[2022-06-15 19:14:38,759] {taskinstance.py:1159} INFO - Dependencies all met for <TaskInstance: loan_pred.save_data_task scheduled__2022-06-14T21:25:00+00:00 [queued]>
[2022-06-15 19:14:38,784] {taskinstance.py:1159} INFO - Dependencies all met for <TaskInstance: loan_pred.save_data_task scheduled__2022-06-14T21:25:00+00:00 [queued]>
[2022-06-15 19:14:38,784] {taskinstance.py:1356} INFO - 
--------------------------------------------------------------------------------
[2022-06-15 19:14:38,785] {taskinstance.py:1357} INFO - Starting attempt 1 of 1
[2022-06-15 19:14:38,785] {taskinstance.py:1358} INFO - 
--------------------------------------------------------------------------------
[2022-06-15 19:14:38,841] {taskinstance.py:1377} INFO - Executing <Task(_PythonDecoratedOperator): save_data_task> on 2022-06-14 21:25:00+00:00
[2022-06-15 19:14:38,846] {standard_task_runner.py:52} INFO - Started process 674 to run task
[2022-06-15 19:14:38,850] {standard_task_runner.py:79} INFO - Running: ['airflow', 'tasks', 'run', 'loan_pred', 'save_data_task', 'scheduled__2022-06-14T21:25:00+00:00', '--job-id', '1624', '--raw', '--subdir', 'DAGS_FOLDER/loan_pred.py', '--cfg-path', '/tmp/tmpy39mckrj', '--error-file', '/tmp/tmpivo78uaz']
[2022-06-15 19:14:38,851] {standard_task_runner.py:80} INFO - Job 1624: Subtask save_data_task
[2022-06-15 19:14:38,982] {task_command.py:370} INFO - Running <TaskInstance: loan_pred.save_data_task scheduled__2022-06-14T21:25:00+00:00 [running]> on host DESKTOP-GDPK8BL.localdomain
[2022-06-15 19:14:39,538] {taskinstance.py:1569} INFO - Exporting the following env vars:
AIRFLOW_CTX_DAG_OWNER=airflow
AIRFLOW_CTX_DAG_ID=loan_pred
AIRFLOW_CTX_TASK_ID=save_data_task
AIRFLOW_CTX_EXECUTION_DATE=2022-06-14T21:25:00+00:00
AIRFLOW_CTX_TRY_NUMBER=1
AIRFLOW_CTX_DAG_RUN_ID=scheduled__2022-06-14T21:25:00+00:00
[2022-06-15 19:14:39,554] {python.py:173} INFO - Done. Returned value was: None
[2022-06-15 19:14:39,580] {taskinstance.py:1395} INFO - Marking task as SUCCESS. dag_id=loan_pred, task_id=save_data_task, execution_date=20220614T212500, start_date=20220615T171438, end_date=20220615T171439
[2022-06-15 19:14:39,668] {local_task_job.py:156} INFO - Task exited with return code 0
[2022-06-15 19:14:39,820] {local_task_job.py:273} INFO - 0 downstream tasks scheduled from follow-on schedule check
