[2022-06-12 17:21:16,413] {taskinstance.py:1159} INFO - Dependencies all met for <TaskInstance: ingest_data.get_data_to_ingest_from_local_file_task scheduled__2022-06-12T05:11:00+00:00 [queued]>
[2022-06-12 17:21:16,449] {taskinstance.py:1159} INFO - Dependencies all met for <TaskInstance: ingest_data.get_data_to_ingest_from_local_file_task scheduled__2022-06-12T05:11:00+00:00 [queued]>
[2022-06-12 17:21:16,449] {taskinstance.py:1356} INFO - 
--------------------------------------------------------------------------------
[2022-06-12 17:21:16,450] {taskinstance.py:1357} INFO - Starting attempt 1 of 1
[2022-06-12 17:21:16,451] {taskinstance.py:1358} INFO - 
--------------------------------------------------------------------------------
[2022-06-12 17:21:16,526] {taskinstance.py:1377} INFO - Executing <Task(_PythonDecoratedOperator): get_data_to_ingest_from_local_file_task> on 2022-06-12 05:11:00+00:00
[2022-06-12 17:21:16,538] {standard_task_runner.py:52} INFO - Started process 8367 to run task
[2022-06-12 17:21:16,539] {standard_task_runner.py:79} INFO - Running: ['airflow', 'tasks', 'run', 'ingest_data', 'get_data_to_ingest_from_local_file_task', 'scheduled__2022-06-12T05:11:00+00:00', '--job-id', '1015', '--raw', '--subdir', 'DAGS_FOLDER/ingestion_dag.py', '--cfg-path', '/tmp/tmpwol3pggm', '--error-file', '/tmp/tmp1hg0nsob']
[2022-06-12 17:21:16,547] {standard_task_runner.py:80} INFO - Job 1015: Subtask get_data_to_ingest_from_local_file_task
[2022-06-12 17:21:16,705] {task_command.py:370} INFO - Running <TaskInstance: ingest_data.get_data_to_ingest_from_local_file_task scheduled__2022-06-12T05:11:00+00:00 [running]> on host DESKTOP-GDPK8BL.localdomain
[2022-06-12 17:21:17,141] {taskinstance.py:1569} INFO - Exporting the following env vars:
AIRFLOW_CTX_DAG_OWNER=airflow
AIRFLOW_CTX_DAG_ID=ingest_data
AIRFLOW_CTX_TASK_ID=get_data_to_ingest_from_local_file_task
AIRFLOW_CTX_EXECUTION_DATE=2022-06-12T05:11:00+00:00
AIRFLOW_CTX_TRY_NUMBER=1
AIRFLOW_CTX_DAG_RUN_ID=scheduled__2022-06-12T05:11:00+00:00
[2022-06-12 17:21:17,218] {python.py:173} INFO - Done. Returned value was:           AT      V       AP      RH      PE
15097  21.75  59.80  1016.65   72.94  453.17
35553   3.26  41.31   996.32  100.00  489.38
2522   16.69  46.18  1010.80   96.80  466.03
24174  25.88  61.47  1007.93   68.71  445.65
42763  25.09  65.46  1015.29   40.13  442.99
[2022-06-12 17:21:17,360] {taskinstance.py:1395} INFO - Marking task as SUCCESS. dag_id=ingest_data, task_id=get_data_to_ingest_from_local_file_task, execution_date=20220612T051100, start_date=20220612T152116, end_date=20220612T152117
[2022-06-12 17:21:17,449] {local_task_job.py:156} INFO - Task exited with return code 0
[2022-06-12 17:21:17,682] {local_task_job.py:273} INFO - 1 downstream tasks scheduled from follow-on schedule check
