[2022-06-12 17:02:30,225] {taskinstance.py:1159} INFO - Dependencies all met for <TaskInstance: ingest_data.get_data_to_ingest_from_local_file_task scheduled__2022-06-12T03:24:00+00:00 [queued]>
[2022-06-12 17:02:30,255] {taskinstance.py:1159} INFO - Dependencies all met for <TaskInstance: ingest_data.get_data_to_ingest_from_local_file_task scheduled__2022-06-12T03:24:00+00:00 [queued]>
[2022-06-12 17:02:30,255] {taskinstance.py:1356} INFO - 
--------------------------------------------------------------------------------
[2022-06-12 17:02:30,256] {taskinstance.py:1357} INFO - Starting attempt 1 of 1
[2022-06-12 17:02:30,256] {taskinstance.py:1358} INFO - 
--------------------------------------------------------------------------------
[2022-06-12 17:02:30,309] {taskinstance.py:1377} INFO - Executing <Task(_PythonDecoratedOperator): get_data_to_ingest_from_local_file_task> on 2022-06-12 03:24:00+00:00
[2022-06-12 17:02:30,315] {standard_task_runner.py:52} INFO - Started process 6778 to run task
[2022-06-12 17:02:30,321] {standard_task_runner.py:79} INFO - Running: ['airflow', 'tasks', 'run', 'ingest_data', 'get_data_to_ingest_from_local_file_task', 'scheduled__2022-06-12T03:24:00+00:00', '--job-id', '801', '--raw', '--subdir', 'DAGS_FOLDER/ingestion_dag.py', '--cfg-path', '/tmp/tmp1u8jxzn_', '--error-file', '/tmp/tmp3t5fi7lo']
[2022-06-12 17:02:30,323] {standard_task_runner.py:80} INFO - Job 801: Subtask get_data_to_ingest_from_local_file_task
[2022-06-12 17:02:30,480] {task_command.py:370} INFO - Running <TaskInstance: ingest_data.get_data_to_ingest_from_local_file_task scheduled__2022-06-12T03:24:00+00:00 [running]> on host DESKTOP-GDPK8BL.localdomain
[2022-06-12 17:02:30,870] {taskinstance.py:1569} INFO - Exporting the following env vars:
AIRFLOW_CTX_DAG_OWNER=airflow
AIRFLOW_CTX_DAG_ID=ingest_data
AIRFLOW_CTX_TASK_ID=get_data_to_ingest_from_local_file_task
AIRFLOW_CTX_EXECUTION_DATE=2022-06-12T03:24:00+00:00
AIRFLOW_CTX_TRY_NUMBER=1
AIRFLOW_CTX_DAG_RUN_ID=scheduled__2022-06-12T03:24:00+00:00
[2022-06-12 17:02:30,941] {python.py:173} INFO - Done. Returned value was:           AT      V       AP     RH      PE
10780  19.72  46.21  1010.54  77.74  449.33
2369   19.50  52.72  1025.21  50.21  457.26
25670  16.74  38.01  1022.63  69.19  463.61
23966  21.31  50.78  1008.68  85.28  445.17
36507  28.42  73.50  1011.23  72.79  435.59
[2022-06-12 17:02:31,079] {taskinstance.py:1395} INFO - Marking task as SUCCESS. dag_id=ingest_data, task_id=get_data_to_ingest_from_local_file_task, execution_date=20220612T032400, start_date=20220612T150230, end_date=20220612T150231
[2022-06-12 17:02:31,179] {local_task_job.py:156} INFO - Task exited with return code 0
[2022-06-12 17:02:31,418] {local_task_job.py:273} INFO - 1 downstream tasks scheduled from follow-on schedule check
