[2022-06-12 17:20:03,648] {taskinstance.py:1159} INFO - Dependencies all met for <TaskInstance: ingest_data.get_data_to_ingest_from_local_file_task scheduled__2022-06-12T05:03:00+00:00 [queued]>
[2022-06-12 17:20:03,683] {taskinstance.py:1159} INFO - Dependencies all met for <TaskInstance: ingest_data.get_data_to_ingest_from_local_file_task scheduled__2022-06-12T05:03:00+00:00 [queued]>
[2022-06-12 17:20:03,683] {taskinstance.py:1356} INFO - 
--------------------------------------------------------------------------------
[2022-06-12 17:20:03,684] {taskinstance.py:1357} INFO - Starting attempt 1 of 1
[2022-06-12 17:20:03,685] {taskinstance.py:1358} INFO - 
--------------------------------------------------------------------------------
[2022-06-12 17:20:03,747] {taskinstance.py:1377} INFO - Executing <Task(_PythonDecoratedOperator): get_data_to_ingest_from_local_file_task> on 2022-06-12 05:03:00+00:00
[2022-06-12 17:20:03,753] {standard_task_runner.py:52} INFO - Started process 8249 to run task
[2022-06-12 17:20:03,760] {standard_task_runner.py:79} INFO - Running: ['airflow', 'tasks', 'run', 'ingest_data', 'get_data_to_ingest_from_local_file_task', 'scheduled__2022-06-12T05:03:00+00:00', '--job-id', '999', '--raw', '--subdir', 'DAGS_FOLDER/ingestion_dag.py', '--cfg-path', '/tmp/tmpxd876e7b', '--error-file', '/tmp/tmp31tpcdlh']
[2022-06-12 17:20:03,766] {standard_task_runner.py:80} INFO - Job 999: Subtask get_data_to_ingest_from_local_file_task
[2022-06-12 17:20:03,934] {task_command.py:370} INFO - Running <TaskInstance: ingest_data.get_data_to_ingest_from_local_file_task scheduled__2022-06-12T05:03:00+00:00 [running]> on host DESKTOP-GDPK8BL.localdomain
[2022-06-12 17:20:04,362] {taskinstance.py:1569} INFO - Exporting the following env vars:
AIRFLOW_CTX_DAG_OWNER=airflow
AIRFLOW_CTX_DAG_ID=ingest_data
AIRFLOW_CTX_TASK_ID=get_data_to_ingest_from_local_file_task
AIRFLOW_CTX_EXECUTION_DATE=2022-06-12T05:03:00+00:00
AIRFLOW_CTX_TRY_NUMBER=1
AIRFLOW_CTX_DAG_RUN_ID=scheduled__2022-06-12T05:03:00+00:00
[2022-06-12 17:20:04,441] {python.py:173} INFO - Done. Returned value was:           AT      V       AP     RH      PE
18204  22.64  59.27  1012.58  83.55  446.20
15773  24.81  66.44  1011.19  69.96  435.79
34434  15.93  25.88  1009.45  72.83  462.70
7175    9.28  40.22  1009.23  88.43  480.73
34422  14.15  39.28  1013.50  77.63  471.23
[2022-06-12 17:20:04,590] {taskinstance.py:1395} INFO - Marking task as SUCCESS. dag_id=ingest_data, task_id=get_data_to_ingest_from_local_file_task, execution_date=20220612T050300, start_date=20220612T152003, end_date=20220612T152004
[2022-06-12 17:20:04,664] {local_task_job.py:156} INFO - Task exited with return code 0
[2022-06-12 17:20:04,893] {local_task_job.py:273} INFO - 1 downstream tasks scheduled from follow-on schedule check
