[2022-06-12 17:08:12,939] {taskinstance.py:1159} INFO - Dependencies all met for <TaskInstance: ingest_data.get_data_to_ingest_from_local_file_task scheduled__2022-06-12T03:56:00+00:00 [queued]>
[2022-06-12 17:08:12,968] {taskinstance.py:1159} INFO - Dependencies all met for <TaskInstance: ingest_data.get_data_to_ingest_from_local_file_task scheduled__2022-06-12T03:56:00+00:00 [queued]>
[2022-06-12 17:08:12,969] {taskinstance.py:1356} INFO - 
--------------------------------------------------------------------------------
[2022-06-12 17:08:12,969] {taskinstance.py:1357} INFO - Starting attempt 1 of 1
[2022-06-12 17:08:12,970] {taskinstance.py:1358} INFO - 
--------------------------------------------------------------------------------
[2022-06-12 17:08:13,026] {taskinstance.py:1377} INFO - Executing <Task(_PythonDecoratedOperator): get_data_to_ingest_from_local_file_task> on 2022-06-12 03:56:00+00:00
[2022-06-12 17:08:13,032] {standard_task_runner.py:52} INFO - Started process 7251 to run task
[2022-06-12 17:08:13,038] {standard_task_runner.py:79} INFO - Running: ['airflow', 'tasks', 'run', 'ingest_data', 'get_data_to_ingest_from_local_file_task', 'scheduled__2022-06-12T03:56:00+00:00', '--job-id', '865', '--raw', '--subdir', 'DAGS_FOLDER/ingestion_dag.py', '--cfg-path', '/tmp/tmplnc9c0yb', '--error-file', '/tmp/tmpfc0a8gt7']
[2022-06-12 17:08:13,040] {standard_task_runner.py:80} INFO - Job 865: Subtask get_data_to_ingest_from_local_file_task
[2022-06-12 17:08:13,191] {task_command.py:370} INFO - Running <TaskInstance: ingest_data.get_data_to_ingest_from_local_file_task scheduled__2022-06-12T03:56:00+00:00 [running]> on host DESKTOP-GDPK8BL.localdomain
[2022-06-12 17:08:13,614] {taskinstance.py:1569} INFO - Exporting the following env vars:
AIRFLOW_CTX_DAG_OWNER=airflow
AIRFLOW_CTX_DAG_ID=ingest_data
AIRFLOW_CTX_TASK_ID=get_data_to_ingest_from_local_file_task
AIRFLOW_CTX_EXECUTION_DATE=2022-06-12T03:56:00+00:00
AIRFLOW_CTX_TRY_NUMBER=1
AIRFLOW_CTX_DAG_RUN_ID=scheduled__2022-06-12T03:56:00+00:00
[2022-06-12 17:08:13,685] {python.py:173} INFO - Done. Returned value was:           AT      V       AP     RH      PE
16863  12.54  40.80  1024.56  68.97  479.65
12341  19.69  39.72  1001.49  60.34  456.55
15633  25.44  61.25  1012.57  87.65  441.77
3119   27.65  48.41  1008.54  58.25  440.94
22963  18.97  43.43  1012.72  75.69  453.20
[2022-06-12 17:08:13,828] {taskinstance.py:1395} INFO - Marking task as SUCCESS. dag_id=ingest_data, task_id=get_data_to_ingest_from_local_file_task, execution_date=20220612T035600, start_date=20220612T150812, end_date=20220612T150813
[2022-06-12 17:08:13,896] {local_task_job.py:156} INFO - Task exited with return code 0
[2022-06-12 17:08:14,121] {local_task_job.py:273} INFO - 1 downstream tasks scheduled from follow-on schedule check
