[2022-06-12 17:38:55,240] {taskinstance.py:1159} INFO - Dependencies all met for <TaskInstance: ingest_data.get_data_to_ingest_from_local_file_task scheduled__2022-06-12T07:03:00+00:00 [queued]>
[2022-06-12 17:38:55,276] {taskinstance.py:1159} INFO - Dependencies all met for <TaskInstance: ingest_data.get_data_to_ingest_from_local_file_task scheduled__2022-06-12T07:03:00+00:00 [queued]>
[2022-06-12 17:38:55,276] {taskinstance.py:1356} INFO - 
--------------------------------------------------------------------------------
[2022-06-12 17:38:55,277] {taskinstance.py:1357} INFO - Starting attempt 1 of 1
[2022-06-12 17:38:55,278] {taskinstance.py:1358} INFO - 
--------------------------------------------------------------------------------
[2022-06-12 17:38:55,360] {taskinstance.py:1377} INFO - Executing <Task(_PythonDecoratedOperator): get_data_to_ingest_from_local_file_task> on 2022-06-12 07:03:00+00:00
[2022-06-12 17:38:55,366] {standard_task_runner.py:52} INFO - Started process 10029 to run task
[2022-06-12 17:38:55,372] {standard_task_runner.py:79} INFO - Running: ['airflow', 'tasks', 'run', 'ingest_data', 'get_data_to_ingest_from_local_file_task', 'scheduled__2022-06-12T07:03:00+00:00', '--job-id', '1240', '--raw', '--subdir', 'DAGS_FOLDER/ingestion_dag.py', '--cfg-path', '/tmp/tmpuylzu0pp', '--error-file', '/tmp/tmpr0fpdt_n']
[2022-06-12 17:38:55,374] {standard_task_runner.py:80} INFO - Job 1240: Subtask get_data_to_ingest_from_local_file_task
[2022-06-12 17:38:55,534] {task_command.py:370} INFO - Running <TaskInstance: ingest_data.get_data_to_ingest_from_local_file_task scheduled__2022-06-12T07:03:00+00:00 [running]> on host DESKTOP-GDPK8BL.localdomain
[2022-06-12 17:38:55,999] {taskinstance.py:1569} INFO - Exporting the following env vars:
AIRFLOW_CTX_DAG_OWNER=airflow
AIRFLOW_CTX_DAG_ID=ingest_data
AIRFLOW_CTX_TASK_ID=get_data_to_ingest_from_local_file_task
AIRFLOW_CTX_EXECUTION_DATE=2022-06-12T07:03:00+00:00
AIRFLOW_CTX_TRY_NUMBER=1
AIRFLOW_CTX_DAG_RUN_ID=scheduled__2022-06-12T07:03:00+00:00
[2022-06-12 17:38:56,066] {python.py:173} INFO - Done. Returned value was:           AT      V       AP     RH      PE
12881  15.26  41.20  1016.00  76.06  467.98
41594  10.90  41.46  1016.66  86.20  479.45
43217  11.58  40.66  1017.00  97.13  466.42
20832  24.60  63.78  1017.25  60.33  448.65
28793  21.11  74.78  1009.71  84.35  442.68
[2022-06-12 17:38:56,209] {taskinstance.py:1395} INFO - Marking task as SUCCESS. dag_id=ingest_data, task_id=get_data_to_ingest_from_local_file_task, execution_date=20220612T070300, start_date=20220612T153855, end_date=20220612T153856
[2022-06-12 17:38:56,277] {local_task_job.py:156} INFO - Task exited with return code 0
[2022-06-12 17:38:56,510] {local_task_job.py:273} INFO - 1 downstream tasks scheduled from follow-on schedule check
