[2022-06-12 16:33:38,717] {taskinstance.py:1159} INFO - Dependencies all met for <TaskInstance: ingest_data.get_data_to_ingest_from_local_file_task scheduled__2022-06-12T00:41:00+00:00 [queued]>
[2022-06-12 16:33:38,741] {taskinstance.py:1159} INFO - Dependencies all met for <TaskInstance: ingest_data.get_data_to_ingest_from_local_file_task scheduled__2022-06-12T00:41:00+00:00 [queued]>
[2022-06-12 16:33:38,742] {taskinstance.py:1356} INFO - 
--------------------------------------------------------------------------------
[2022-06-12 16:33:38,742] {taskinstance.py:1357} INFO - Starting attempt 1 of 1
[2022-06-12 16:33:38,743] {taskinstance.py:1358} INFO - 
--------------------------------------------------------------------------------
[2022-06-12 16:33:38,796] {taskinstance.py:1377} INFO - Executing <Task(_PythonDecoratedOperator): get_data_to_ingest_from_local_file_task> on 2022-06-12 00:41:00+00:00
[2022-06-12 16:33:38,802] {standard_task_runner.py:52} INFO - Started process 4358 to run task
[2022-06-12 16:33:38,809] {standard_task_runner.py:79} INFO - Running: ['airflow', 'tasks', 'run', 'ingest_data', 'get_data_to_ingest_from_local_file_task', 'scheduled__2022-06-12T00:41:00+00:00', '--job-id', '476', '--raw', '--subdir', 'DAGS_FOLDER/ingestion_dag.py', '--cfg-path', '/tmp/tmpquhaoguo', '--error-file', '/tmp/tmpc_bv5i79']
[2022-06-12 16:33:38,811] {standard_task_runner.py:80} INFO - Job 476: Subtask get_data_to_ingest_from_local_file_task
[2022-06-12 16:33:38,961] {task_command.py:370} INFO - Running <TaskInstance: ingest_data.get_data_to_ingest_from_local_file_task scheduled__2022-06-12T00:41:00+00:00 [running]> on host DESKTOP-GDPK8BL.localdomain
[2022-06-12 16:33:39,396] {taskinstance.py:1569} INFO - Exporting the following env vars:
AIRFLOW_CTX_DAG_OWNER=airflow
AIRFLOW_CTX_DAG_ID=ingest_data
AIRFLOW_CTX_TASK_ID=get_data_to_ingest_from_local_file_task
AIRFLOW_CTX_EXECUTION_DATE=2022-06-12T00:41:00+00:00
AIRFLOW_CTX_TRY_NUMBER=1
AIRFLOW_CTX_DAG_RUN_ID=scheduled__2022-06-12T00:41:00+00:00
[2022-06-12 16:33:39,496] {python.py:173} INFO - Done. Returned value was:           AT      V       AP     RH      PE
5889   16.10  36.71  1013.58  74.41  471.46
8696   11.94  44.60  1018.69  85.33  468.53
32244  15.93  52.75  1024.57  58.71  457.92
43022  11.52  40.80  1024.31  73.49  479.56
37507  24.72  68.67  1006.74  79.02  443.06
[2022-06-12 16:33:39,730] {taskinstance.py:1395} INFO - Marking task as SUCCESS. dag_id=ingest_data, task_id=get_data_to_ingest_from_local_file_task, execution_date=20220612T004100, start_date=20220612T143338, end_date=20220612T143339
[2022-06-12 16:33:39,827] {local_task_job.py:156} INFO - Task exited with return code 0
[2022-06-12 16:33:40,096] {local_task_job.py:273} INFO - 1 downstream tasks scheduled from follow-on schedule check
