[2022-06-12 17:43:35,474] {taskinstance.py:1159} INFO - Dependencies all met for <TaskInstance: ingest_data.get_data_to_ingest_from_local_file_task scheduled__2022-06-12T07:33:00+00:00 [queued]>
[2022-06-12 17:43:35,504] {taskinstance.py:1159} INFO - Dependencies all met for <TaskInstance: ingest_data.get_data_to_ingest_from_local_file_task scheduled__2022-06-12T07:33:00+00:00 [queued]>
[2022-06-12 17:43:35,504] {taskinstance.py:1356} INFO - 
--------------------------------------------------------------------------------
[2022-06-12 17:43:35,504] {taskinstance.py:1357} INFO - Starting attempt 1 of 1
[2022-06-12 17:43:35,505] {taskinstance.py:1358} INFO - 
--------------------------------------------------------------------------------
[2022-06-12 17:43:35,560] {taskinstance.py:1377} INFO - Executing <Task(_PythonDecoratedOperator): get_data_to_ingest_from_local_file_task> on 2022-06-12 07:33:00+00:00
[2022-06-12 17:43:35,570] {standard_task_runner.py:52} INFO - Started process 10465 to run task
[2022-06-12 17:43:35,575] {standard_task_runner.py:79} INFO - Running: ['airflow', 'tasks', 'run', 'ingest_data', 'get_data_to_ingest_from_local_file_task', 'scheduled__2022-06-12T07:33:00+00:00', '--job-id', '1299', '--raw', '--subdir', 'DAGS_FOLDER/ingestion_dag.py', '--cfg-path', '/tmp/tmplnc1s6cy', '--error-file', '/tmp/tmpvn_qsywp']
[2022-06-12 17:43:35,577] {standard_task_runner.py:80} INFO - Job 1299: Subtask get_data_to_ingest_from_local_file_task
[2022-06-12 17:43:35,755] {task_command.py:370} INFO - Running <TaskInstance: ingest_data.get_data_to_ingest_from_local_file_task scheduled__2022-06-12T07:33:00+00:00 [running]> on host DESKTOP-GDPK8BL.localdomain
[2022-06-12 17:43:36,210] {taskinstance.py:1569} INFO - Exporting the following env vars:
AIRFLOW_CTX_DAG_OWNER=airflow
AIRFLOW_CTX_DAG_ID=ingest_data
AIRFLOW_CTX_TASK_ID=get_data_to_ingest_from_local_file_task
AIRFLOW_CTX_EXECUTION_DATE=2022-06-12T07:33:00+00:00
AIRFLOW_CTX_TRY_NUMBER=1
AIRFLOW_CTX_DAG_RUN_ID=scheduled__2022-06-12T07:33:00+00:00
[2022-06-12 17:43:36,280] {python.py:173} INFO - Done. Returned value was:           AT      V       AP     RH      PE
23098  13.80  39.82  1012.37  83.69  473.56
38284  29.30  70.04  1010.95  61.23  426.25
1498   23.23  71.77  1005.01  88.10  432.80
15402  16.14  44.21  1020.36  80.59  461.03
15721  26.82  65.27  1013.60  53.85  437.84
[2022-06-12 17:43:36,446] {taskinstance.py:1395} INFO - Marking task as SUCCESS. dag_id=ingest_data, task_id=get_data_to_ingest_from_local_file_task, execution_date=20220612T073300, start_date=20220612T154335, end_date=20220612T154336
[2022-06-12 17:43:36,518] {local_task_job.py:156} INFO - Task exited with return code 0
[2022-06-12 17:43:36,735] {local_task_job.py:273} INFO - 1 downstream tasks scheduled from follow-on schedule check
