[2022-06-12 16:14:08,207] {taskinstance.py:1159} INFO - Dependencies all met for <TaskInstance: ingest_data.get_data_to_ingest_from_local_file_task scheduled__2022-06-11T22:45:00+00:00 [queued]>
[2022-06-12 16:14:08,248] {taskinstance.py:1159} INFO - Dependencies all met for <TaskInstance: ingest_data.get_data_to_ingest_from_local_file_task scheduled__2022-06-11T22:45:00+00:00 [queued]>
[2022-06-12 16:14:08,248] {taskinstance.py:1356} INFO - 
--------------------------------------------------------------------------------
[2022-06-12 16:14:08,249] {taskinstance.py:1357} INFO - Starting attempt 1 of 1
[2022-06-12 16:14:08,250] {taskinstance.py:1358} INFO - 
--------------------------------------------------------------------------------
[2022-06-12 16:14:08,310] {taskinstance.py:1377} INFO - Executing <Task(_PythonDecoratedOperator): get_data_to_ingest_from_local_file_task> on 2022-06-11 22:45:00+00:00
[2022-06-12 16:14:08,316] {standard_task_runner.py:52} INFO - Started process 2529 to run task
[2022-06-12 16:14:08,322] {standard_task_runner.py:79} INFO - Running: ['airflow', 'tasks', 'run', 'ingest_data', 'get_data_to_ingest_from_local_file_task', 'scheduled__2022-06-11T22:45:00+00:00', '--job-id', '244', '--raw', '--subdir', 'DAGS_FOLDER/ingestion_dag.py', '--cfg-path', '/tmp/tmpu1a3hube', '--error-file', '/tmp/tmpo_ualis0']
[2022-06-12 16:14:08,324] {standard_task_runner.py:80} INFO - Job 244: Subtask get_data_to_ingest_from_local_file_task
[2022-06-12 16:14:08,457] {task_command.py:370} INFO - Running <TaskInstance: ingest_data.get_data_to_ingest_from_local_file_task scheduled__2022-06-11T22:45:00+00:00 [running]> on host DESKTOP-GDPK8BL.localdomain
[2022-06-12 16:14:08,886] {taskinstance.py:1569} INFO - Exporting the following env vars:
AIRFLOW_CTX_DAG_OWNER=airflow
AIRFLOW_CTX_DAG_ID=ingest_data
AIRFLOW_CTX_TASK_ID=get_data_to_ingest_from_local_file_task
AIRFLOW_CTX_EXECUTION_DATE=2022-06-11T22:45:00+00:00
AIRFLOW_CTX_TRY_NUMBER=1
AIRFLOW_CTX_DAG_RUN_ID=scheduled__2022-06-11T22:45:00+00:00
[2022-06-12 16:14:08,952] {python.py:173} INFO - Done. Returned value was:           AT      V       AP     RH      PE
21106  21.95  60.95  1015.22  75.09  450.38
4516   32.21  68.30  1014.94  49.38  429.66
24812  13.56  39.58  1011.05  73.62  473.16
25849  16.44  53.82  1015.40  63.16  462.09
14796  18.23  62.26  1011.48  91.35  448.64
[2022-06-12 16:14:09,055] {taskinstance.py:1395} INFO - Marking task as SUCCESS. dag_id=ingest_data, task_id=get_data_to_ingest_from_local_file_task, execution_date=20220611T224500, start_date=20220612T141408, end_date=20220612T141409
[2022-06-12 16:14:09,140] {local_task_job.py:156} INFO - Task exited with return code 0
[2022-06-12 16:14:09,380] {local_task_job.py:273} INFO - 1 downstream tasks scheduled from follow-on schedule check
