[2022-06-12 17:43:25,555] {taskinstance.py:1159} INFO - Dependencies all met for <TaskInstance: ingest_data.get_data_to_ingest_from_local_file_task scheduled__2022-06-12T07:32:00+00:00 [queued]>
[2022-06-12 17:43:25,593] {taskinstance.py:1159} INFO - Dependencies all met for <TaskInstance: ingest_data.get_data_to_ingest_from_local_file_task scheduled__2022-06-12T07:32:00+00:00 [queued]>
[2022-06-12 17:43:25,593] {taskinstance.py:1356} INFO - 
--------------------------------------------------------------------------------
[2022-06-12 17:43:25,594] {taskinstance.py:1357} INFO - Starting attempt 1 of 1
[2022-06-12 17:43:25,595] {taskinstance.py:1358} INFO - 
--------------------------------------------------------------------------------
[2022-06-12 17:43:25,665] {taskinstance.py:1377} INFO - Executing <Task(_PythonDecoratedOperator): get_data_to_ingest_from_local_file_task> on 2022-06-12 07:32:00+00:00
[2022-06-12 17:43:25,674] {standard_task_runner.py:52} INFO - Started process 10449 to run task
[2022-06-12 17:43:25,684] {standard_task_runner.py:79} INFO - Running: ['airflow', 'tasks', 'run', 'ingest_data', 'get_data_to_ingest_from_local_file_task', 'scheduled__2022-06-12T07:32:00+00:00', '--job-id', '1297', '--raw', '--subdir', 'DAGS_FOLDER/ingestion_dag.py', '--cfg-path', '/tmp/tmpsabuk74i', '--error-file', '/tmp/tmpqy7ew28d']
[2022-06-12 17:43:25,686] {standard_task_runner.py:80} INFO - Job 1297: Subtask get_data_to_ingest_from_local_file_task
[2022-06-12 17:43:25,842] {task_command.py:370} INFO - Running <TaskInstance: ingest_data.get_data_to_ingest_from_local_file_task scheduled__2022-06-12T07:32:00+00:00 [running]> on host DESKTOP-GDPK8BL.localdomain
[2022-06-12 17:43:26,327] {taskinstance.py:1569} INFO - Exporting the following env vars:
AIRFLOW_CTX_DAG_OWNER=airflow
AIRFLOW_CTX_DAG_ID=ingest_data
AIRFLOW_CTX_TASK_ID=get_data_to_ingest_from_local_file_task
AIRFLOW_CTX_EXECUTION_DATE=2022-06-12T07:32:00+00:00
AIRFLOW_CTX_TRY_NUMBER=1
AIRFLOW_CTX_DAG_RUN_ID=scheduled__2022-06-12T07:32:00+00:00
[2022-06-12 17:43:26,399] {python.py:173} INFO - Done. Returned value was:           AT      V       AP     RH      PE
20634  10.07  39.66  1015.37  83.78  479.64
12424  16.38  47.45  1010.08  88.86  450.69
22844  28.88  71.98  1005.37  74.24  428.61
2492   25.97  43.21  1011.90  88.73  434.83
14371  26.55  69.45  1013.88  55.39  435.64
[2022-06-12 17:43:26,564] {taskinstance.py:1395} INFO - Marking task as SUCCESS. dag_id=ingest_data, task_id=get_data_to_ingest_from_local_file_task, execution_date=20220612T073200, start_date=20220612T154325, end_date=20220612T154326
[2022-06-12 17:43:26,666] {local_task_job.py:156} INFO - Task exited with return code 0
[2022-06-12 17:43:26,942] {local_task_job.py:273} INFO - 1 downstream tasks scheduled from follow-on schedule check
