[2022-06-12 16:14:39,231] {taskinstance.py:1159} INFO - Dependencies all met for <TaskInstance: ingest_data.get_data_to_ingest_from_local_file_task scheduled__2022-06-11T22:48:00+00:00 [queued]>
[2022-06-12 16:14:39,260] {taskinstance.py:1159} INFO - Dependencies all met for <TaskInstance: ingest_data.get_data_to_ingest_from_local_file_task scheduled__2022-06-11T22:48:00+00:00 [queued]>
[2022-06-12 16:14:39,261] {taskinstance.py:1356} INFO - 
--------------------------------------------------------------------------------
[2022-06-12 16:14:39,262] {taskinstance.py:1357} INFO - Starting attempt 1 of 1
[2022-06-12 16:14:39,262] {taskinstance.py:1358} INFO - 
--------------------------------------------------------------------------------
[2022-06-12 16:14:39,331] {taskinstance.py:1377} INFO - Executing <Task(_PythonDecoratedOperator): get_data_to_ingest_from_local_file_task> on 2022-06-11 22:48:00+00:00
[2022-06-12 16:14:39,341] {standard_task_runner.py:52} INFO - Started process 2580 to run task
[2022-06-12 16:14:39,344] {standard_task_runner.py:79} INFO - Running: ['airflow', 'tasks', 'run', 'ingest_data', 'get_data_to_ingest_from_local_file_task', 'scheduled__2022-06-11T22:48:00+00:00', '--job-id', '250', '--raw', '--subdir', 'DAGS_FOLDER/ingestion_dag.py', '--cfg-path', '/tmp/tmpmxeg1esf', '--error-file', '/tmp/tmpjv5rnjc2']
[2022-06-12 16:14:39,346] {standard_task_runner.py:80} INFO - Job 250: Subtask get_data_to_ingest_from_local_file_task
[2022-06-12 16:14:39,488] {task_command.py:370} INFO - Running <TaskInstance: ingest_data.get_data_to_ingest_from_local_file_task scheduled__2022-06-11T22:48:00+00:00 [running]> on host DESKTOP-GDPK8BL.localdomain
[2022-06-12 16:14:39,829] {taskinstance.py:1569} INFO - Exporting the following env vars:
AIRFLOW_CTX_DAG_OWNER=airflow
AIRFLOW_CTX_DAG_ID=ingest_data
AIRFLOW_CTX_TASK_ID=get_data_to_ingest_from_local_file_task
AIRFLOW_CTX_EXECUTION_DATE=2022-06-11T22:48:00+00:00
AIRFLOW_CTX_TRY_NUMBER=1
AIRFLOW_CTX_DAG_RUN_ID=scheduled__2022-06-11T22:48:00+00:00
[2022-06-12 16:14:39,898] {python.py:173} INFO - Done. Returned value was:           AT      V       AP     RH      PE
14021  16.69  40.56  1019.92  51.43  469.90
42802  14.08  40.73  1017.52  91.49  461.58
22763   9.84  40.22  1009.50  85.38  479.65
32786  27.66  69.75  1009.71  84.27  439.18
17168  20.52  57.76  1017.03  81.19  453.64
[2022-06-12 16:14:40,025] {taskinstance.py:1395} INFO - Marking task as SUCCESS. dag_id=ingest_data, task_id=get_data_to_ingest_from_local_file_task, execution_date=20220611T224800, start_date=20220612T141439, end_date=20220612T141440
[2022-06-12 16:14:40,125] {local_task_job.py:156} INFO - Task exited with return code 0
[2022-06-12 16:14:40,350] {local_task_job.py:273} INFO - 1 downstream tasks scheduled from follow-on schedule check
