[2022-06-12 16:15:39,938] {taskinstance.py:1159} INFO - Dependencies all met for <TaskInstance: ingest_data.get_data_to_ingest_from_local_file_task scheduled__2022-06-11T22:54:00+00:00 [queued]>
[2022-06-12 16:15:39,963] {taskinstance.py:1159} INFO - Dependencies all met for <TaskInstance: ingest_data.get_data_to_ingest_from_local_file_task scheduled__2022-06-11T22:54:00+00:00 [queued]>
[2022-06-12 16:15:39,963] {taskinstance.py:1356} INFO - 
--------------------------------------------------------------------------------
[2022-06-12 16:15:39,964] {taskinstance.py:1357} INFO - Starting attempt 1 of 1
[2022-06-12 16:15:39,964] {taskinstance.py:1358} INFO - 
--------------------------------------------------------------------------------
[2022-06-12 16:15:40,032] {taskinstance.py:1377} INFO - Executing <Task(_PythonDecoratedOperator): get_data_to_ingest_from_local_file_task> on 2022-06-11 22:54:00+00:00
[2022-06-12 16:15:40,046] {standard_task_runner.py:79} INFO - Running: ['airflow', 'tasks', 'run', 'ingest_data', 'get_data_to_ingest_from_local_file_task', 'scheduled__2022-06-11T22:54:00+00:00', '--job-id', '262', '--raw', '--subdir', 'DAGS_FOLDER/ingestion_dag.py', '--cfg-path', '/tmp/tmpurfahbk0', '--error-file', '/tmp/tmpj36ik2nr']
[2022-06-12 16:15:40,040] {standard_task_runner.py:52} INFO - Started process 2682 to run task
[2022-06-12 16:15:40,048] {standard_task_runner.py:80} INFO - Job 262: Subtask get_data_to_ingest_from_local_file_task
[2022-06-12 16:15:40,195] {task_command.py:370} INFO - Running <TaskInstance: ingest_data.get_data_to_ingest_from_local_file_task scheduled__2022-06-11T22:54:00+00:00 [running]> on host DESKTOP-GDPK8BL.localdomain
[2022-06-12 16:15:40,532] {taskinstance.py:1569} INFO - Exporting the following env vars:
AIRFLOW_CTX_DAG_OWNER=airflow
AIRFLOW_CTX_DAG_ID=ingest_data
AIRFLOW_CTX_TASK_ID=get_data_to_ingest_from_local_file_task
AIRFLOW_CTX_EXECUTION_DATE=2022-06-11T22:54:00+00:00
AIRFLOW_CTX_TRY_NUMBER=1
AIRFLOW_CTX_DAG_RUN_ID=scheduled__2022-06-11T22:54:00+00:00
[2022-06-12 16:15:40,600] {python.py:173} INFO - Done. Returned value was:           AT      V       AP     RH      PE
22489  21.85  59.80  1016.89  75.28  454.26
20121  19.22  65.06  1015.05  82.50  446.98
241    10.03  41.62  1014.55  95.61  462.73
43950  26.19  73.77  1001.31  91.87  433.34
31829  23.36  62.52  1016.18  68.18  448.37
[2022-06-12 16:15:40,713] {taskinstance.py:1395} INFO - Marking task as SUCCESS. dag_id=ingest_data, task_id=get_data_to_ingest_from_local_file_task, execution_date=20220611T225400, start_date=20220612T141539, end_date=20220612T141540
[2022-06-12 16:15:40,787] {local_task_job.py:156} INFO - Task exited with return code 0
[2022-06-12 16:15:40,992] {local_task_job.py:273} INFO - 1 downstream tasks scheduled from follow-on schedule check
