[2022-06-12 14:43:35,440] {taskinstance.py:1159} INFO - Dependencies all met for <TaskInstance: example_2.task_2 scheduled__2022-06-12T01:08:00+00:00 [queued]>
[2022-06-12 14:43:35,463] {taskinstance.py:1159} INFO - Dependencies all met for <TaskInstance: example_2.task_2 scheduled__2022-06-12T01:08:00+00:00 [queued]>
[2022-06-12 14:43:35,464] {taskinstance.py:1356} INFO - 
--------------------------------------------------------------------------------
[2022-06-12 14:43:35,465] {taskinstance.py:1357} INFO - Starting attempt 1 of 1
[2022-06-12 14:43:35,466] {taskinstance.py:1358} INFO - 
--------------------------------------------------------------------------------
[2022-06-12 14:43:35,519] {taskinstance.py:1377} INFO - Executing <Task(_PythonDecoratedOperator): task_2> on 2022-06-12 01:08:00+00:00
[2022-06-12 14:43:35,523] {standard_task_runner.py:52} INFO - Started process 751 to run task
[2022-06-12 14:43:35,531] {standard_task_runner.py:79} INFO - Running: ['airflow', 'tasks', 'run', 'example_2', 'task_2', 'scheduled__2022-06-12T01:08:00+00:00', '--job-id', '25', '--raw', '--subdir', 'DAGS_FOLDER/dummy_dag.py', '--cfg-path', '/tmp/tmpwqypkpnb', '--error-file', '/tmp/tmp64kgsjxe']
[2022-06-12 14:43:35,533] {standard_task_runner.py:80} INFO - Job 25: Subtask task_2
[2022-06-12 14:43:35,726] {task_command.py:370} INFO - Running <TaskInstance: example_2.task_2 scheduled__2022-06-12T01:08:00+00:00 [running]> on host DESKTOP-GDPK8BL.localdomain
[2022-06-12 14:43:35,960] {taskinstance.py:1569} INFO - Exporting the following env vars:
AIRFLOW_CTX_DAG_OWNER=airflow
AIRFLOW_CTX_DAG_ID=example_2
AIRFLOW_CTX_TASK_ID=task_2
AIRFLOW_CTX_EXECUTION_DATE=2022-06-12T01:08:00+00:00
AIRFLOW_CTX_TRY_NUMBER=1
AIRFLOW_CTX_DAG_RUN_ID=scheduled__2022-06-12T01:08:00+00:00
[2022-06-12 14:43:35,962] {python.py:173} INFO - Done. Returned value was: 4
[2022-06-12 14:43:36,050] {taskinstance.py:1395} INFO - Marking task as SUCCESS. dag_id=example_2, task_id=task_2, execution_date=20220612T010800, start_date=20220612T124335, end_date=20220612T124336
[2022-06-12 14:43:36,151] {local_task_job.py:156} INFO - Task exited with return code 0
[2022-06-12 14:43:36,211] {local_task_job.py:273} INFO - 0 downstream tasks scheduled from follow-on schedule check
