[2022-06-12 17:11:14,555] {taskinstance.py:1159} INFO - Dependencies all met for <TaskInstance: ingest_data.get_data_to_ingest_from_local_file_task scheduled__2022-06-12T04:13:00+00:00 [queued]>
[2022-06-12 17:11:14,587] {taskinstance.py:1159} INFO - Dependencies all met for <TaskInstance: ingest_data.get_data_to_ingest_from_local_file_task scheduled__2022-06-12T04:13:00+00:00 [queued]>
[2022-06-12 17:11:14,587] {taskinstance.py:1356} INFO - 
--------------------------------------------------------------------------------
[2022-06-12 17:11:14,588] {taskinstance.py:1357} INFO - Starting attempt 1 of 1
[2022-06-12 17:11:14,588] {taskinstance.py:1358} INFO - 
--------------------------------------------------------------------------------
[2022-06-12 17:11:14,663] {taskinstance.py:1377} INFO - Executing <Task(_PythonDecoratedOperator): get_data_to_ingest_from_local_file_task> on 2022-06-12 04:13:00+00:00
[2022-06-12 17:11:14,671] {standard_task_runner.py:52} INFO - Started process 7504 to run task
[2022-06-12 17:11:14,678] {standard_task_runner.py:79} INFO - Running: ['airflow', 'tasks', 'run', 'ingest_data', 'get_data_to_ingest_from_local_file_task', 'scheduled__2022-06-12T04:13:00+00:00', '--job-id', '899', '--raw', '--subdir', 'DAGS_FOLDER/ingestion_dag.py', '--cfg-path', '/tmp/tmpa8a2mbjo', '--error-file', '/tmp/tmp5rgl6wbi']
[2022-06-12 17:11:14,680] {standard_task_runner.py:80} INFO - Job 899: Subtask get_data_to_ingest_from_local_file_task
[2022-06-12 17:11:14,828] {task_command.py:370} INFO - Running <TaskInstance: ingest_data.get_data_to_ingest_from_local_file_task scheduled__2022-06-12T04:13:00+00:00 [running]> on host DESKTOP-GDPK8BL.localdomain
[2022-06-12 17:11:15,286] {taskinstance.py:1569} INFO - Exporting the following env vars:
AIRFLOW_CTX_DAG_OWNER=airflow
AIRFLOW_CTX_DAG_ID=ingest_data
AIRFLOW_CTX_TASK_ID=get_data_to_ingest_from_local_file_task
AIRFLOW_CTX_EXECUTION_DATE=2022-06-12T04:13:00+00:00
AIRFLOW_CTX_TRY_NUMBER=1
AIRFLOW_CTX_DAG_RUN_ID=scheduled__2022-06-12T04:13:00+00:00
[2022-06-12 17:11:15,360] {python.py:173} INFO - Done. Returned value was:           AT      V       AP     RH      PE
24852   5.17  39.33  1009.68  94.19  485.46
43610  32.00  65.74  1011.22  46.16  440.26
26096  25.38  62.96  1019.98  56.88  444.83
45039  31.84  71.37  1003.51  46.22  432.04
34421   9.06  43.79  1016.05  81.32  482.80
[2022-06-12 17:11:15,507] {taskinstance.py:1395} INFO - Marking task as SUCCESS. dag_id=ingest_data, task_id=get_data_to_ingest_from_local_file_task, execution_date=20220612T041300, start_date=20220612T151114, end_date=20220612T151115
[2022-06-12 17:11:15,576] {local_task_job.py:156} INFO - Task exited with return code 0
[2022-06-12 17:11:15,791] {local_task_job.py:273} INFO - 1 downstream tasks scheduled from follow-on schedule check
