[2022-06-12 16:21:23,443] {taskinstance.py:1159} INFO - Dependencies all met for <TaskInstance: ingest_data.get_data_to_ingest_from_local_file_task scheduled__2022-06-11T23:28:00+00:00 [queued]>
[2022-06-12 16:21:23,476] {taskinstance.py:1159} INFO - Dependencies all met for <TaskInstance: ingest_data.get_data_to_ingest_from_local_file_task scheduled__2022-06-11T23:28:00+00:00 [queued]>
[2022-06-12 16:21:23,477] {taskinstance.py:1356} INFO - 
--------------------------------------------------------------------------------
[2022-06-12 16:21:23,478] {taskinstance.py:1357} INFO - Starting attempt 1 of 1
[2022-06-12 16:21:23,479] {taskinstance.py:1358} INFO - 
--------------------------------------------------------------------------------
[2022-06-12 16:21:23,548] {taskinstance.py:1377} INFO - Executing <Task(_PythonDecoratedOperator): get_data_to_ingest_from_local_file_task> on 2022-06-11 23:28:00+00:00
[2022-06-12 16:21:23,555] {standard_task_runner.py:52} INFO - Started process 3260 to run task
[2022-06-12 16:21:23,562] {standard_task_runner.py:79} INFO - Running: ['airflow', 'tasks', 'run', 'ingest_data', 'get_data_to_ingest_from_local_file_task', 'scheduled__2022-06-11T23:28:00+00:00', '--job-id', '330', '--raw', '--subdir', 'DAGS_FOLDER/ingestion_dag.py', '--cfg-path', '/tmp/tmp3sx8u1mg', '--error-file', '/tmp/tmpd3b1a6a1']
[2022-06-12 16:21:23,564] {standard_task_runner.py:80} INFO - Job 330: Subtask get_data_to_ingest_from_local_file_task
[2022-06-12 16:21:23,711] {task_command.py:370} INFO - Running <TaskInstance: ingest_data.get_data_to_ingest_from_local_file_task scheduled__2022-06-11T23:28:00+00:00 [running]> on host DESKTOP-GDPK8BL.localdomain
[2022-06-12 16:21:24,080] {taskinstance.py:1569} INFO - Exporting the following env vars:
AIRFLOW_CTX_DAG_OWNER=airflow
AIRFLOW_CTX_DAG_ID=ingest_data
AIRFLOW_CTX_TASK_ID=get_data_to_ingest_from_local_file_task
AIRFLOW_CTX_EXECUTION_DATE=2022-06-11T23:28:00+00:00
AIRFLOW_CTX_TRY_NUMBER=1
AIRFLOW_CTX_DAG_RUN_ID=scheduled__2022-06-11T23:28:00+00:00
[2022-06-12 16:21:24,152] {python.py:173} INFO - Done. Returned value was:           AT      V       AP     RH      PE
37083  17.28  65.94  1013.62  89.97  454.76
2534   13.67  41.48  1017.51  63.54  463.97
13643   9.77  39.04  1023.73  76.06  483.87
4858   16.58  37.64  1015.23  81.59  460.48
31722   8.57  41.17  1020.18  72.47  484.20
[2022-06-12 16:21:24,274] {taskinstance.py:1395} INFO - Marking task as SUCCESS. dag_id=ingest_data, task_id=get_data_to_ingest_from_local_file_task, execution_date=20220611T232800, start_date=20220612T142123, end_date=20220612T142124
[2022-06-12 16:21:24,380] {local_task_job.py:156} INFO - Task exited with return code 0
[2022-06-12 16:21:24,643] {local_task_job.py:273} INFO - 1 downstream tasks scheduled from follow-on schedule check
