[2022-06-12 17:45:55,705] {taskinstance.py:1159} INFO - Dependencies all met for <TaskInstance: ingest_data.get_data_to_ingest_from_local_file_task scheduled__2022-06-12T07:48:00+00:00 [queued]>
[2022-06-12 17:45:55,743] {taskinstance.py:1159} INFO - Dependencies all met for <TaskInstance: ingest_data.get_data_to_ingest_from_local_file_task scheduled__2022-06-12T07:48:00+00:00 [queued]>
[2022-06-12 17:45:55,744] {taskinstance.py:1356} INFO - 
--------------------------------------------------------------------------------
[2022-06-12 17:45:55,744] {taskinstance.py:1357} INFO - Starting attempt 1 of 1
[2022-06-12 17:45:55,745] {taskinstance.py:1358} INFO - 
--------------------------------------------------------------------------------
[2022-06-12 17:45:55,829] {taskinstance.py:1377} INFO - Executing <Task(_PythonDecoratedOperator): get_data_to_ingest_from_local_file_task> on 2022-06-12 07:48:00+00:00
[2022-06-12 17:45:55,835] {standard_task_runner.py:52} INFO - Started process 10685 to run task
[2022-06-12 17:45:55,852] {standard_task_runner.py:79} INFO - Running: ['airflow', 'tasks', 'run', 'ingest_data', 'get_data_to_ingest_from_local_file_task', 'scheduled__2022-06-12T07:48:00+00:00', '--job-id', '1329', '--raw', '--subdir', 'DAGS_FOLDER/ingestion_dag.py', '--cfg-path', '/tmp/tmph4dm1crq', '--error-file', '/tmp/tmpn33kybyc']
[2022-06-12 17:45:55,855] {standard_task_runner.py:80} INFO - Job 1329: Subtask get_data_to_ingest_from_local_file_task
[2022-06-12 17:45:56,003] {task_command.py:370} INFO - Running <TaskInstance: ingest_data.get_data_to_ingest_from_local_file_task scheduled__2022-06-12T07:48:00+00:00 [running]> on host DESKTOP-GDPK8BL.localdomain
[2022-06-12 17:45:56,454] {taskinstance.py:1569} INFO - Exporting the following env vars:
AIRFLOW_CTX_DAG_OWNER=airflow
AIRFLOW_CTX_DAG_ID=ingest_data
AIRFLOW_CTX_TASK_ID=get_data_to_ingest_from_local_file_task
AIRFLOW_CTX_EXECUTION_DATE=2022-06-12T07:48:00+00:00
AIRFLOW_CTX_TRY_NUMBER=1
AIRFLOW_CTX_DAG_RUN_ID=scheduled__2022-06-12T07:48:00+00:00
[2022-06-12 17:45:56,529] {python.py:173} INFO - Done. Returned value was:           AT      V       AP     RH      PE
30318  12.08  41.39  1019.45  78.30  477.80
3461   20.56  60.08  1017.79  78.08  452.80
6488   11.60  40.27  1008.55  72.12  473.89
4451   28.62  70.32  1008.87  46.67  431.03
37051  15.59  52.05  1013.67  78.55  456.07
[2022-06-12 17:45:56,699] {taskinstance.py:1395} INFO - Marking task as SUCCESS. dag_id=ingest_data, task_id=get_data_to_ingest_from_local_file_task, execution_date=20220612T074800, start_date=20220612T154555, end_date=20220612T154556
[2022-06-12 17:45:56,796] {local_task_job.py:156} INFO - Task exited with return code 0
[2022-06-12 17:45:57,056] {local_task_job.py:273} INFO - 1 downstream tasks scheduled from follow-on schedule check
