[2022-06-12 17:09:50,380] {taskinstance.py:1159} INFO - Dependencies all met for <TaskInstance: ingest_data.get_data_to_ingest_from_local_file_task scheduled__2022-06-12T04:04:00+00:00 [queued]>
[2022-06-12 17:09:50,430] {taskinstance.py:1159} INFO - Dependencies all met for <TaskInstance: ingest_data.get_data_to_ingest_from_local_file_task scheduled__2022-06-12T04:04:00+00:00 [queued]>
[2022-06-12 17:09:50,431] {taskinstance.py:1356} INFO - 
--------------------------------------------------------------------------------
[2022-06-12 17:09:50,432] {taskinstance.py:1357} INFO - Starting attempt 1 of 1
[2022-06-12 17:09:50,433] {taskinstance.py:1358} INFO - 
--------------------------------------------------------------------------------
[2022-06-12 17:09:50,533] {taskinstance.py:1377} INFO - Executing <Task(_PythonDecoratedOperator): get_data_to_ingest_from_local_file_task> on 2022-06-12 04:04:00+00:00
[2022-06-12 17:09:50,552] {standard_task_runner.py:52} INFO - Started process 7379 to run task
[2022-06-12 17:09:50,561] {standard_task_runner.py:79} INFO - Running: ['airflow', 'tasks', 'run', 'ingest_data', 'get_data_to_ingest_from_local_file_task', 'scheduled__2022-06-12T04:04:00+00:00', '--job-id', '882', '--raw', '--subdir', 'DAGS_FOLDER/ingestion_dag.py', '--cfg-path', '/tmp/tmp3uc1rt6g', '--error-file', '/tmp/tmp4vom7muk']
[2022-06-12 17:09:50,565] {standard_task_runner.py:80} INFO - Job 882: Subtask get_data_to_ingest_from_local_file_task
[2022-06-12 17:09:50,853] {task_command.py:370} INFO - Running <TaskInstance: ingest_data.get_data_to_ingest_from_local_file_task scheduled__2022-06-12T04:04:00+00:00 [running]> on host DESKTOP-GDPK8BL.localdomain
[2022-06-12 17:09:51,402] {taskinstance.py:1569} INFO - Exporting the following env vars:
AIRFLOW_CTX_DAG_OWNER=airflow
AIRFLOW_CTX_DAG_ID=ingest_data
AIRFLOW_CTX_TASK_ID=get_data_to_ingest_from_local_file_task
AIRFLOW_CTX_EXECUTION_DATE=2022-06-12T04:04:00+00:00
AIRFLOW_CTX_TRY_NUMBER=1
AIRFLOW_CTX_DAG_RUN_ID=scheduled__2022-06-12T04:04:00+00:00
[2022-06-12 17:09:51,498] {python.py:173} INFO - Done. Returned value was:           AT      V       AP     RH      PE
38240  13.74  44.21  1023.26  84.20  466.67
6253   21.80  51.30  1012.07  89.51  450.25
24249  27.29  64.45  1013.46  45.35  446.94
41943  27.06  61.41  1011.99  45.23  452.85
22990  28.84  75.60  1018.41  53.96  442.69
[2022-06-12 17:09:51,660] {taskinstance.py:1395} INFO - Marking task as SUCCESS. dag_id=ingest_data, task_id=get_data_to_ingest_from_local_file_task, execution_date=20220612T040400, start_date=20220612T150950, end_date=20220612T150951
[2022-06-12 17:09:51,747] {local_task_job.py:156} INFO - Task exited with return code 0
[2022-06-12 17:09:52,012] {local_task_job.py:273} INFO - 1 downstream tasks scheduled from follow-on schedule check
