[2022-06-12 16:49:25,423] {taskinstance.py:1159} INFO - Dependencies all met for <TaskInstance: ingest_data.get_data_to_ingest_from_local_file_task scheduled__2022-06-12T02:09:00+00:00 [queued]>
[2022-06-12 16:49:25,465] {taskinstance.py:1159} INFO - Dependencies all met for <TaskInstance: ingest_data.get_data_to_ingest_from_local_file_task scheduled__2022-06-12T02:09:00+00:00 [queued]>
[2022-06-12 16:49:25,466] {taskinstance.py:1356} INFO - 
--------------------------------------------------------------------------------
[2022-06-12 16:49:25,467] {taskinstance.py:1357} INFO - Starting attempt 1 of 1
[2022-06-12 16:49:25,468] {taskinstance.py:1358} INFO - 
--------------------------------------------------------------------------------
[2022-06-12 16:49:25,546] {taskinstance.py:1377} INFO - Executing <Task(_PythonDecoratedOperator): get_data_to_ingest_from_local_file_task> on 2022-06-12 02:09:00+00:00
[2022-06-12 16:49:25,554] {standard_task_runner.py:52} INFO - Started process 5670 to run task
[2022-06-12 16:49:25,561] {standard_task_runner.py:79} INFO - Running: ['airflow', 'tasks', 'run', 'ingest_data', 'get_data_to_ingest_from_local_file_task', 'scheduled__2022-06-12T02:09:00+00:00', '--job-id', '652', '--raw', '--subdir', 'DAGS_FOLDER/ingestion_dag.py', '--cfg-path', '/tmp/tmpg64l3aw0', '--error-file', '/tmp/tmpgm072k2e']
[2022-06-12 16:49:25,563] {standard_task_runner.py:80} INFO - Job 652: Subtask get_data_to_ingest_from_local_file_task
[2022-06-12 16:49:25,739] {task_command.py:370} INFO - Running <TaskInstance: ingest_data.get_data_to_ingest_from_local_file_task scheduled__2022-06-12T02:09:00+00:00 [running]> on host DESKTOP-GDPK8BL.localdomain
[2022-06-12 16:49:26,138] {taskinstance.py:1569} INFO - Exporting the following env vars:
AIRFLOW_CTX_DAG_OWNER=airflow
AIRFLOW_CTX_DAG_ID=ingest_data
AIRFLOW_CTX_TASK_ID=get_data_to_ingest_from_local_file_task
AIRFLOW_CTX_EXECUTION_DATE=2022-06-12T02:09:00+00:00
AIRFLOW_CTX_TRY_NUMBER=1
AIRFLOW_CTX_DAG_RUN_ID=scheduled__2022-06-12T02:09:00+00:00
[2022-06-12 16:49:26,207] {python.py:173} INFO - Done. Returned value was:           AT      V       AP     RH      PE
14723  26.88  59.21  1013.54  58.13  437.11
15352  18.41  62.10  1020.40  78.10  457.14
7328   13.17  36.71  1012.82  72.76  474.93
18034  32.15  69.98  1013.30  55.13  429.86
42082  18.99  56.65  1020.46  77.16  457.55
[2022-06-12 16:49:26,355] {taskinstance.py:1395} INFO - Marking task as SUCCESS. dag_id=ingest_data, task_id=get_data_to_ingest_from_local_file_task, execution_date=20220612T020900, start_date=20220612T144925, end_date=20220612T144926
[2022-06-12 16:49:26,465] {local_task_job.py:156} INFO - Task exited with return code 0
[2022-06-12 16:49:26,708] {local_task_job.py:273} INFO - 1 downstream tasks scheduled from follow-on schedule check
