[2022-06-15 19:10:48,268] {taskinstance.py:1159} INFO - Dependencies all met for <TaskInstance: loan_pred.get_data_to_ingest_from_local_file_task scheduled__2022-06-14T21:01:00+00:00 [queued]>
[2022-06-15 19:10:48,293] {taskinstance.py:1159} INFO - Dependencies all met for <TaskInstance: loan_pred.get_data_to_ingest_from_local_file_task scheduled__2022-06-14T21:01:00+00:00 [queued]>
[2022-06-15 19:10:48,293] {taskinstance.py:1356} INFO - 
--------------------------------------------------------------------------------
[2022-06-15 19:10:48,295] {taskinstance.py:1357} INFO - Starting attempt 1 of 1
[2022-06-15 19:10:48,296] {taskinstance.py:1358} INFO - 
--------------------------------------------------------------------------------
[2022-06-15 19:10:48,353] {taskinstance.py:1377} INFO - Executing <Task(_PythonDecoratedOperator): get_data_to_ingest_from_local_file_task> on 2022-06-14 21:01:00+00:00
[2022-06-15 19:10:48,358] {standard_task_runner.py:52} INFO - Started process 266 to run task
[2022-06-15 19:10:48,362] {standard_task_runner.py:79} INFO - Running: ['airflow', 'tasks', 'run', 'loan_pred', 'get_data_to_ingest_from_local_file_task', 'scheduled__2022-06-14T21:01:00+00:00', '--job-id', '1574', '--raw', '--subdir', 'DAGS_FOLDER/loan_pred.py', '--cfg-path', '/tmp/tmpa_jqecqu', '--error-file', '/tmp/tmpz9cusffb']
[2022-06-15 19:10:48,364] {standard_task_runner.py:80} INFO - Job 1574: Subtask get_data_to_ingest_from_local_file_task
[2022-06-15 19:10:48,502] {task_command.py:370} INFO - Running <TaskInstance: loan_pred.get_data_to_ingest_from_local_file_task scheduled__2022-06-14T21:01:00+00:00 [running]> on host DESKTOP-GDPK8BL.localdomain
[2022-06-15 19:10:48,882] {taskinstance.py:1569} INFO - Exporting the following env vars:
AIRFLOW_CTX_DAG_OWNER=airflow
AIRFLOW_CTX_DAG_ID=loan_pred
AIRFLOW_CTX_TASK_ID=get_data_to_ingest_from_local_file_task
AIRFLOW_CTX_EXECUTION_DATE=2022-06-14T21:01:00+00:00
AIRFLOW_CTX_TRY_NUMBER=1
AIRFLOW_CTX_DAG_RUN_ID=scheduled__2022-06-14T21:01:00+00:00
[2022-06-15 19:10:48,898] {python.py:173} INFO - Done. Returned value was:       Loan_ID  Gender Married Dependents  ... LoanAmount Loan_Amount_Term  Credit_History  Property_Area
287  LP002584    Male      No          0  ...      106.0            360.0             1.0          Rural
110  LP001584  Female      No          0  ...      108.0            360.0             1.0      Semiurban
240  LP002333    Male      No          0  ...      105.0            360.0             1.0          Urban
361  LP002969    Male     Yes          1  ...       99.0            360.0             1.0      Semiurban
261  LP002420    Male     Yes          0  ...      110.0            360.0             1.0      Semiurban

[5 rows x 12 columns]
[2022-06-15 19:10:49,051] {taskinstance.py:1395} INFO - Marking task as SUCCESS. dag_id=loan_pred, task_id=get_data_to_ingest_from_local_file_task, execution_date=20220614T210100, start_date=20220615T171048, end_date=20220615T171049
[2022-06-15 19:10:49,100] {local_task_job.py:156} INFO - Task exited with return code 0
[2022-06-15 19:10:49,366] {local_task_job.py:273} INFO - 1 downstream tasks scheduled from follow-on schedule check
