[2022-06-12 14:48:05,474] {taskinstance.py:1159} INFO - Dependencies all met for <TaskInstance: ingest_data.get_data_to_ingest_from_local_file_task scheduled__2022-06-11T21:23:00+00:00 [queued]>
[2022-06-12 14:48:05,499] {taskinstance.py:1159} INFO - Dependencies all met for <TaskInstance: ingest_data.get_data_to_ingest_from_local_file_task scheduled__2022-06-11T21:23:00+00:00 [queued]>
[2022-06-12 14:48:05,499] {taskinstance.py:1356} INFO - 
--------------------------------------------------------------------------------
[2022-06-12 14:48:05,500] {taskinstance.py:1357} INFO - Starting attempt 1 of 1
[2022-06-12 14:48:05,501] {taskinstance.py:1358} INFO - 
--------------------------------------------------------------------------------
[2022-06-12 14:48:05,553] {taskinstance.py:1377} INFO - Executing <Task(_PythonDecoratedOperator): get_data_to_ingest_from_local_file_task> on 2022-06-11 21:23:00+00:00
[2022-06-12 14:48:05,559] {standard_task_runner.py:52} INFO - Started process 1132 to run task
[2022-06-12 14:48:05,565] {standard_task_runner.py:79} INFO - Running: ['airflow', 'tasks', 'run', 'ingest_data', 'get_data_to_ingest_from_local_file_task', 'scheduled__2022-06-11T21:23:00+00:00', '--job-id', '80', '--raw', '--subdir', 'DAGS_FOLDER/ingestion_dag.py', '--cfg-path', '/tmp/tmpzhepc668', '--error-file', '/tmp/tmp_1inf6ez']
[2022-06-12 14:48:05,567] {standard_task_runner.py:80} INFO - Job 80: Subtask get_data_to_ingest_from_local_file_task
[2022-06-12 14:48:05,734] {task_command.py:370} INFO - Running <TaskInstance: ingest_data.get_data_to_ingest_from_local_file_task scheduled__2022-06-11T21:23:00+00:00 [running]> on host DESKTOP-GDPK8BL.localdomain
[2022-06-12 14:48:06,044] {taskinstance.py:1569} INFO - Exporting the following env vars:
AIRFLOW_CTX_DAG_OWNER=airflow
AIRFLOW_CTX_DAG_ID=ingest_data
AIRFLOW_CTX_TASK_ID=get_data_to_ingest_from_local_file_task
AIRFLOW_CTX_EXECUTION_DATE=2022-06-11T21:23:00+00:00
AIRFLOW_CTX_TRY_NUMBER=1
AIRFLOW_CTX_DAG_RUN_ID=scheduled__2022-06-11T21:23:00+00:00
[2022-06-12 14:48:06,117] {python.py:173} INFO - Done. Returned value was:           AT      V       AP     RH      PE
6036    7.65  40.67  1020.14  72.37  491.10
34010  15.61  40.89  1010.48  80.26  467.30
31530  27.57  71.32  1002.59  76.68  436.61
13179  16.37  53.16  1014.89  74.84  459.52
44291  13.25  43.70  1013.61  76.05  472.22
[2022-06-12 14:48:06,244] {taskinstance.py:1395} INFO - Marking task as SUCCESS. dag_id=ingest_data, task_id=get_data_to_ingest_from_local_file_task, execution_date=20220611T212300, start_date=20220612T124805, end_date=20220612T124806
[2022-06-12 14:48:06,342] {local_task_job.py:156} INFO - Task exited with return code 0
[2022-06-12 14:48:06,549] {local_task_job.py:273} INFO - 1 downstream tasks scheduled from follow-on schedule check
