[2022-06-12 17:29:07,613] {taskinstance.py:1159} INFO - Dependencies all met for <TaskInstance: ingest_data.get_data_to_ingest_from_local_file_task scheduled__2022-06-12T06:00:00+00:00 [queued]>
[2022-06-12 17:29:07,652] {taskinstance.py:1159} INFO - Dependencies all met for <TaskInstance: ingest_data.get_data_to_ingest_from_local_file_task scheduled__2022-06-12T06:00:00+00:00 [queued]>
[2022-06-12 17:29:07,653] {taskinstance.py:1356} INFO - 
--------------------------------------------------------------------------------
[2022-06-12 17:29:07,653] {taskinstance.py:1357} INFO - Starting attempt 1 of 1
[2022-06-12 17:29:07,654] {taskinstance.py:1358} INFO - 
--------------------------------------------------------------------------------
[2022-06-12 17:29:07,736] {taskinstance.py:1377} INFO - Executing <Task(_PythonDecoratedOperator): get_data_to_ingest_from_local_file_task> on 2022-06-12 06:00:00+00:00
[2022-06-12 17:29:07,749] {standard_task_runner.py:79} INFO - Running: ['airflow', 'tasks', 'run', 'ingest_data', 'get_data_to_ingest_from_local_file_task', 'scheduled__2022-06-12T06:00:00+00:00', '--job-id', '1114', '--raw', '--subdir', 'DAGS_FOLDER/ingestion_dag.py', '--cfg-path', '/tmp/tmps5_e7sfs', '--error-file', '/tmp/tmphv6hfa16']
[2022-06-12 17:29:07,751] {standard_task_runner.py:80} INFO - Job 1114: Subtask get_data_to_ingest_from_local_file_task
[2022-06-12 17:29:07,742] {standard_task_runner.py:52} INFO - Started process 9099 to run task
[2022-06-12 17:29:07,905] {task_command.py:370} INFO - Running <TaskInstance: ingest_data.get_data_to_ingest_from_local_file_task scheduled__2022-06-12T06:00:00+00:00 [running]> on host DESKTOP-GDPK8BL.localdomain
[2022-06-12 17:29:08,338] {taskinstance.py:1569} INFO - Exporting the following env vars:
AIRFLOW_CTX_DAG_OWNER=airflow
AIRFLOW_CTX_DAG_ID=ingest_data
AIRFLOW_CTX_TASK_ID=get_data_to_ingest_from_local_file_task
AIRFLOW_CTX_EXECUTION_DATE=2022-06-12T06:00:00+00:00
AIRFLOW_CTX_TRY_NUMBER=1
AIRFLOW_CTX_DAG_RUN_ID=scheduled__2022-06-12T06:00:00+00:00
[2022-06-12 17:29:08,421] {python.py:173} INFO - Done. Returned value was:           AT      V       AP     RH      PE
31769  24.37  68.14  1005.22  59.27  440.22
46208  25.82  69.68  1012.69  89.94  439.58
33380  28.07  70.32  1007.17  67.02  430.29
24142  22.76  49.02  1007.50  88.56  442.84
45131   9.97  39.99  1010.09  95.00  477.31
[2022-06-12 17:29:08,575] {taskinstance.py:1395} INFO - Marking task as SUCCESS. dag_id=ingest_data, task_id=get_data_to_ingest_from_local_file_task, execution_date=20220612T060000, start_date=20220612T152907, end_date=20220612T152908
[2022-06-12 17:29:08,656] {local_task_job.py:156} INFO - Task exited with return code 0
[2022-06-12 17:29:08,871] {local_task_job.py:273} INFO - 1 downstream tasks scheduled from follow-on schedule check
