[2022-06-12 17:13:55,182] {taskinstance.py:1159} INFO - Dependencies all met for <TaskInstance: ingest_data.get_data_to_ingest_from_local_file_task scheduled__2022-06-12T04:28:00+00:00 [queued]>
[2022-06-12 17:13:55,211] {taskinstance.py:1159} INFO - Dependencies all met for <TaskInstance: ingest_data.get_data_to_ingest_from_local_file_task scheduled__2022-06-12T04:28:00+00:00 [queued]>
[2022-06-12 17:13:55,212] {taskinstance.py:1356} INFO - 
--------------------------------------------------------------------------------
[2022-06-12 17:13:55,212] {taskinstance.py:1357} INFO - Starting attempt 1 of 1
[2022-06-12 17:13:55,213] {taskinstance.py:1358} INFO - 
--------------------------------------------------------------------------------
[2022-06-12 17:13:55,266] {taskinstance.py:1377} INFO - Executing <Task(_PythonDecoratedOperator): get_data_to_ingest_from_local_file_task> on 2022-06-12 04:28:00+00:00
[2022-06-12 17:13:55,272] {standard_task_runner.py:52} INFO - Started process 7729 to run task
[2022-06-12 17:13:55,278] {standard_task_runner.py:79} INFO - Running: ['airflow', 'tasks', 'run', 'ingest_data', 'get_data_to_ingest_from_local_file_task', 'scheduled__2022-06-12T04:28:00+00:00', '--job-id', '929', '--raw', '--subdir', 'DAGS_FOLDER/ingestion_dag.py', '--cfg-path', '/tmp/tmp2w_s0knp', '--error-file', '/tmp/tmpbo7fhzfg']
[2022-06-12 17:13:55,279] {standard_task_runner.py:80} INFO - Job 929: Subtask get_data_to_ingest_from_local_file_task
[2022-06-12 17:13:55,446] {task_command.py:370} INFO - Running <TaskInstance: ingest_data.get_data_to_ingest_from_local_file_task scheduled__2022-06-12T04:28:00+00:00 [running]> on host DESKTOP-GDPK8BL.localdomain
[2022-06-12 17:13:55,897] {taskinstance.py:1569} INFO - Exporting the following env vars:
AIRFLOW_CTX_DAG_OWNER=airflow
AIRFLOW_CTX_DAG_ID=ingest_data
AIRFLOW_CTX_TASK_ID=get_data_to_ingest_from_local_file_task
AIRFLOW_CTX_EXECUTION_DATE=2022-06-12T04:28:00+00:00
AIRFLOW_CTX_TRY_NUMBER=1
AIRFLOW_CTX_DAG_RUN_ID=scheduled__2022-06-12T04:28:00+00:00
[2022-06-12 17:13:55,971] {python.py:173} INFO - Done. Returned value was:           AT      V       AP     RH      PE
9515   10.50  39.28  1016.55  91.75  480.92
34618  27.38  69.40  1004.57  74.12  434.47
16816  24.93  70.32  1007.34  61.25  436.03
28202  19.84  56.89  1013.23  78.32  447.92
16567  23.96  51.30  1011.81  71.81  451.11
[2022-06-12 17:13:56,125] {taskinstance.py:1395} INFO - Marking task as SUCCESS. dag_id=ingest_data, task_id=get_data_to_ingest_from_local_file_task, execution_date=20220612T042800, start_date=20220612T151355, end_date=20220612T151356
[2022-06-12 17:13:56,218] {local_task_job.py:156} INFO - Task exited with return code 0
[2022-06-12 17:13:56,744] {local_task_job.py:273} INFO - 1 downstream tasks scheduled from follow-on schedule check
