[2022-06-12 16:25:31,898] {taskinstance.py:1159} INFO - Dependencies all met for <TaskInstance: ingest_data.get_data_to_ingest_from_local_file_task scheduled__2022-06-11T23:50:00+00:00 [queued]>
[2022-06-12 16:25:31,925] {taskinstance.py:1159} INFO - Dependencies all met for <TaskInstance: ingest_data.get_data_to_ingest_from_local_file_task scheduled__2022-06-11T23:50:00+00:00 [queued]>
[2022-06-12 16:25:31,926] {taskinstance.py:1356} INFO - 
--------------------------------------------------------------------------------
[2022-06-12 16:25:31,926] {taskinstance.py:1357} INFO - Starting attempt 1 of 1
[2022-06-12 16:25:31,927] {taskinstance.py:1358} INFO - 
--------------------------------------------------------------------------------
[2022-06-12 16:25:31,980] {taskinstance.py:1377} INFO - Executing <Task(_PythonDecoratedOperator): get_data_to_ingest_from_local_file_task> on 2022-06-11 23:50:00+00:00
[2022-06-12 16:25:31,985] {standard_task_runner.py:52} INFO - Started process 3595 to run task
[2022-06-12 16:25:31,991] {standard_task_runner.py:79} INFO - Running: ['airflow', 'tasks', 'run', 'ingest_data', 'get_data_to_ingest_from_local_file_task', 'scheduled__2022-06-11T23:50:00+00:00', '--job-id', '373', '--raw', '--subdir', 'DAGS_FOLDER/ingestion_dag.py', '--cfg-path', '/tmp/tmpk_919_9n', '--error-file', '/tmp/tmp9ct5s_ls']
[2022-06-12 16:25:31,993] {standard_task_runner.py:80} INFO - Job 373: Subtask get_data_to_ingest_from_local_file_task
[2022-06-12 16:25:32,142] {task_command.py:370} INFO - Running <TaskInstance: ingest_data.get_data_to_ingest_from_local_file_task scheduled__2022-06-11T23:50:00+00:00 [running]> on host DESKTOP-GDPK8BL.localdomain
[2022-06-12 16:25:32,487] {taskinstance.py:1569} INFO - Exporting the following env vars:
AIRFLOW_CTX_DAG_OWNER=airflow
AIRFLOW_CTX_DAG_ID=ingest_data
AIRFLOW_CTX_TASK_ID=get_data_to_ingest_from_local_file_task
AIRFLOW_CTX_EXECUTION_DATE=2022-06-11T23:50:00+00:00
AIRFLOW_CTX_TRY_NUMBER=1
AIRFLOW_CTX_DAG_RUN_ID=scheduled__2022-06-11T23:50:00+00:00
[2022-06-12 16:25:32,568] {python.py:173} INFO - Done. Returned value was:           AT      V       AP     RH      PE
10374  26.68  68.08  1011.41  67.33  433.04
26998  23.45  70.04  1010.99  79.20  436.46
26978   9.08  42.49  1010.67  85.35  481.46
17767  12.25  44.58  1016.47  81.15  475.24
28994  25.95  73.77  1001.35  92.67  432.21
[2022-06-12 16:25:32,692] {taskinstance.py:1395} INFO - Marking task as SUCCESS. dag_id=ingest_data, task_id=get_data_to_ingest_from_local_file_task, execution_date=20220611T235000, start_date=20220612T142531, end_date=20220612T142532
[2022-06-12 16:25:32,770] {local_task_job.py:156} INFO - Task exited with return code 0
[2022-06-12 16:25:32,983] {local_task_job.py:273} INFO - 1 downstream tasks scheduled from follow-on schedule check
