[2022-06-12 16:23:57,572] {taskinstance.py:1159} INFO - Dependencies all met for <TaskInstance: ingest_data.get_data_to_ingest_from_local_file_task scheduled__2022-06-11T23:39:00+00:00 [queued]>
[2022-06-12 16:23:57,601] {taskinstance.py:1159} INFO - Dependencies all met for <TaskInstance: ingest_data.get_data_to_ingest_from_local_file_task scheduled__2022-06-11T23:39:00+00:00 [queued]>
[2022-06-12 16:23:57,601] {taskinstance.py:1356} INFO - 
--------------------------------------------------------------------------------
[2022-06-12 16:23:57,602] {taskinstance.py:1357} INFO - Starting attempt 1 of 1
[2022-06-12 16:23:57,602] {taskinstance.py:1358} INFO - 
--------------------------------------------------------------------------------
[2022-06-12 16:23:57,672] {taskinstance.py:1377} INFO - Executing <Task(_PythonDecoratedOperator): get_data_to_ingest_from_local_file_task> on 2022-06-11 23:39:00+00:00
[2022-06-12 16:23:57,680] {standard_task_runner.py:52} INFO - Started process 3439 to run task
[2022-06-12 16:23:57,687] {standard_task_runner.py:79} INFO - Running: ['airflow', 'tasks', 'run', 'ingest_data', 'get_data_to_ingest_from_local_file_task', 'scheduled__2022-06-11T23:39:00+00:00', '--job-id', '352', '--raw', '--subdir', 'DAGS_FOLDER/ingestion_dag.py', '--cfg-path', '/tmp/tmpm32bkwj1', '--error-file', '/tmp/tmped3dkqfo']
[2022-06-12 16:23:57,689] {standard_task_runner.py:80} INFO - Job 352: Subtask get_data_to_ingest_from_local_file_task
[2022-06-12 16:23:57,819] {task_command.py:370} INFO - Running <TaskInstance: ingest_data.get_data_to_ingest_from_local_file_task scheduled__2022-06-11T23:39:00+00:00 [running]> on host DESKTOP-GDPK8BL.localdomain
[2022-06-12 16:23:58,130] {taskinstance.py:1569} INFO - Exporting the following env vars:
AIRFLOW_CTX_DAG_OWNER=airflow
AIRFLOW_CTX_DAG_ID=ingest_data
AIRFLOW_CTX_TASK_ID=get_data_to_ingest_from_local_file_task
AIRFLOW_CTX_EXECUTION_DATE=2022-06-11T23:39:00+00:00
AIRFLOW_CTX_TRY_NUMBER=1
AIRFLOW_CTX_DAG_RUN_ID=scheduled__2022-06-11T23:39:00+00:00
[2022-06-12 16:23:58,207] {python.py:173} INFO - Done. Returned value was:           AT      V       AP     RH      PE
2422   13.64  43.71  1024.41  84.46  468.85
29794   5.53  40.64  1020.78  97.25  479.88
5326   12.31  40.64  1020.71  94.60  475.65
24797   9.96  39.66  1015.23  82.98  480.60
36301  15.55  39.63  1004.98  89.82  466.83
[2022-06-12 16:23:58,335] {taskinstance.py:1395} INFO - Marking task as SUCCESS. dag_id=ingest_data, task_id=get_data_to_ingest_from_local_file_task, execution_date=20220611T233900, start_date=20220612T142357, end_date=20220612T142358
[2022-06-12 16:23:58,425] {local_task_job.py:156} INFO - Task exited with return code 0
[2022-06-12 16:23:58,638] {local_task_job.py:273} INFO - 1 downstream tasks scheduled from follow-on schedule check
