[2022-06-12 19:48:02,289] {taskinstance.py:1159} INFO - Dependencies all met for <TaskInstance: ingest_data.get_data_to_ingest_from_local_file_task scheduled__2022-06-12T09:05:00+00:00 [queued]>
[2022-06-12 19:48:02,320] {taskinstance.py:1159} INFO - Dependencies all met for <TaskInstance: ingest_data.get_data_to_ingest_from_local_file_task scheduled__2022-06-12T09:05:00+00:00 [queued]>
[2022-06-12 19:48:02,321] {taskinstance.py:1356} INFO - 
--------------------------------------------------------------------------------
[2022-06-12 19:48:02,321] {taskinstance.py:1357} INFO - Starting attempt 1 of 1
[2022-06-12 19:48:02,322] {taskinstance.py:1358} INFO - 
--------------------------------------------------------------------------------
[2022-06-12 19:48:02,375] {taskinstance.py:1377} INFO - Executing <Task(_PythonDecoratedOperator): get_data_to_ingest_from_local_file_task> on 2022-06-12 09:05:00+00:00
[2022-06-12 19:48:02,380] {standard_task_runner.py:52} INFO - Started process 11828 to run task
[2022-06-12 19:48:02,386] {standard_task_runner.py:79} INFO - Running: ['airflow', 'tasks', 'run', 'ingest_data', 'get_data_to_ingest_from_local_file_task', 'scheduled__2022-06-12T09:05:00+00:00', '--job-id', '1483', '--raw', '--subdir', 'DAGS_FOLDER/ingestion_dag.py', '--cfg-path', '/tmp/tmpw494iytc', '--error-file', '/tmp/tmpaem3xkkf']
[2022-06-12 19:48:02,388] {standard_task_runner.py:80} INFO - Job 1483: Subtask get_data_to_ingest_from_local_file_task
[2022-06-12 19:48:02,542] {task_command.py:370} INFO - Running <TaskInstance: ingest_data.get_data_to_ingest_from_local_file_task scheduled__2022-06-12T09:05:00+00:00 [running]> on host DESKTOP-GDPK8BL.localdomain
[2022-06-12 19:48:02,975] {taskinstance.py:1569} INFO - Exporting the following env vars:
AIRFLOW_CTX_DAG_OWNER=airflow
AIRFLOW_CTX_DAG_ID=ingest_data
AIRFLOW_CTX_TASK_ID=get_data_to_ingest_from_local_file_task
AIRFLOW_CTX_EXECUTION_DATE=2022-06-12T09:05:00+00:00
AIRFLOW_CTX_TRY_NUMBER=1
AIRFLOW_CTX_DAG_RUN_ID=scheduled__2022-06-12T09:05:00+00:00
[2022-06-12 19:48:03,044] {python.py:173} INFO - Done. Returned value was:           AT      V       AP     RH      PE
12143  25.14  69.13  1011.15  85.67  433.95
2031   20.79  68.28  1001.42  76.77  445.83
19067   5.84  43.02  1013.88  87.42  489.05
4803   21.35  57.76  1017.36  73.10  452.57
9081   20.91  59.14  1017.25  74.70  442.67
[2022-06-12 19:48:03,216] {taskinstance.py:1395} INFO - Marking task as SUCCESS. dag_id=ingest_data, task_id=get_data_to_ingest_from_local_file_task, execution_date=20220612T090500, start_date=20220612T174802, end_date=20220612T174803
[2022-06-12 19:48:03,323] {local_task_job.py:156} INFO - Task exited with return code 0
[2022-06-12 19:48:03,523] {local_task_job.py:273} INFO - 1 downstream tasks scheduled from follow-on schedule check
