[2022-06-12 17:11:40,981] {taskinstance.py:1159} INFO - Dependencies all met for <TaskInstance: ingest_data.get_data_to_ingest_from_local_file_task scheduled__2022-06-12T04:15:00+00:00 [queued]>
[2022-06-12 17:11:41,009] {taskinstance.py:1159} INFO - Dependencies all met for <TaskInstance: ingest_data.get_data_to_ingest_from_local_file_task scheduled__2022-06-12T04:15:00+00:00 [queued]>
[2022-06-12 17:11:41,009] {taskinstance.py:1356} INFO - 
--------------------------------------------------------------------------------
[2022-06-12 17:11:41,010] {taskinstance.py:1357} INFO - Starting attempt 1 of 1
[2022-06-12 17:11:41,011] {taskinstance.py:1358} INFO - 
--------------------------------------------------------------------------------
[2022-06-12 17:11:41,066] {taskinstance.py:1377} INFO - Executing <Task(_PythonDecoratedOperator): get_data_to_ingest_from_local_file_task> on 2022-06-12 04:15:00+00:00
[2022-06-12 17:11:41,072] {standard_task_runner.py:52} INFO - Started process 7542 to run task
[2022-06-12 17:11:41,079] {standard_task_runner.py:79} INFO - Running: ['airflow', 'tasks', 'run', 'ingest_data', 'get_data_to_ingest_from_local_file_task', 'scheduled__2022-06-12T04:15:00+00:00', '--job-id', '904', '--raw', '--subdir', 'DAGS_FOLDER/ingestion_dag.py', '--cfg-path', '/tmp/tmphoo8rty9', '--error-file', '/tmp/tmpo7kbocee']
[2022-06-12 17:11:41,081] {standard_task_runner.py:80} INFO - Job 904: Subtask get_data_to_ingest_from_local_file_task
[2022-06-12 17:11:41,233] {task_command.py:370} INFO - Running <TaskInstance: ingest_data.get_data_to_ingest_from_local_file_task scheduled__2022-06-12T04:15:00+00:00 [running]> on host DESKTOP-GDPK8BL.localdomain
[2022-06-12 17:11:41,648] {taskinstance.py:1569} INFO - Exporting the following env vars:
AIRFLOW_CTX_DAG_OWNER=airflow
AIRFLOW_CTX_DAG_ID=ingest_data
AIRFLOW_CTX_TASK_ID=get_data_to_ingest_from_local_file_task
AIRFLOW_CTX_EXECUTION_DATE=2022-06-12T04:15:00+00:00
AIRFLOW_CTX_TRY_NUMBER=1
AIRFLOW_CTX_DAG_RUN_ID=scheduled__2022-06-12T04:15:00+00:00
[2022-06-12 17:11:41,717] {python.py:173} INFO - Done. Returned value was:           AT      V       AP     RH      PE
17504  34.24  74.67  1016.24  25.56  425.58
36296  24.29  63.57  1010.29  87.30  443.28
12311  28.50  72.99  1007.02  67.13  433.24
4739   14.12  40.92  1022.46  73.28  459.76
36981  28.88  63.76  1010.16  56.34  435.54
[2022-06-12 17:11:41,865] {taskinstance.py:1395} INFO - Marking task as SUCCESS. dag_id=ingest_data, task_id=get_data_to_ingest_from_local_file_task, execution_date=20220612T041500, start_date=20220612T151140, end_date=20220612T151141
[2022-06-12 17:11:41,941] {local_task_job.py:156} INFO - Task exited with return code 0
[2022-06-12 17:11:42,171] {local_task_job.py:273} INFO - 1 downstream tasks scheduled from follow-on schedule check
