[2022-06-12 19:50:55,974] {taskinstance.py:1159} INFO - Dependencies all met for <TaskInstance: ingest_data.get_data_to_ingest_from_local_file_task scheduled__2022-06-12T09:22:00+00:00 [queued]>
[2022-06-12 19:50:56,005] {taskinstance.py:1159} INFO - Dependencies all met for <TaskInstance: ingest_data.get_data_to_ingest_from_local_file_task scheduled__2022-06-12T09:22:00+00:00 [queued]>
[2022-06-12 19:50:56,005] {taskinstance.py:1356} INFO - 
--------------------------------------------------------------------------------
[2022-06-12 19:50:56,006] {taskinstance.py:1357} INFO - Starting attempt 1 of 1
[2022-06-12 19:50:56,006] {taskinstance.py:1358} INFO - 
--------------------------------------------------------------------------------
[2022-06-12 19:50:56,057] {taskinstance.py:1377} INFO - Executing <Task(_PythonDecoratedOperator): get_data_to_ingest_from_local_file_task> on 2022-06-12 09:22:00+00:00
[2022-06-12 19:50:56,063] {standard_task_runner.py:52} INFO - Started process 12080 to run task
[2022-06-12 19:50:56,069] {standard_task_runner.py:79} INFO - Running: ['airflow', 'tasks', 'run', 'ingest_data', 'get_data_to_ingest_from_local_file_task', 'scheduled__2022-06-12T09:22:00+00:00', '--job-id', '1517', '--raw', '--subdir', 'DAGS_FOLDER/ingestion_dag.py', '--cfg-path', '/tmp/tmpqw0_szlb', '--error-file', '/tmp/tmpve7zlaw2']
[2022-06-12 19:50:56,070] {standard_task_runner.py:80} INFO - Job 1517: Subtask get_data_to_ingest_from_local_file_task
[2022-06-12 19:50:56,294] {task_command.py:370} INFO - Running <TaskInstance: ingest_data.get_data_to_ingest_from_local_file_task scheduled__2022-06-12T09:22:00+00:00 [running]> on host DESKTOP-GDPK8BL.localdomain
[2022-06-12 19:50:56,857] {taskinstance.py:1569} INFO - Exporting the following env vars:
AIRFLOW_CTX_DAG_OWNER=airflow
AIRFLOW_CTX_DAG_ID=ingest_data
AIRFLOW_CTX_TASK_ID=get_data_to_ingest_from_local_file_task
AIRFLOW_CTX_EXECUTION_DATE=2022-06-12T09:22:00+00:00
AIRFLOW_CTX_TRY_NUMBER=1
AIRFLOW_CTX_DAG_RUN_ID=scheduled__2022-06-12T09:22:00+00:00
[2022-06-12 19:50:57,011] {python.py:173} INFO - Done. Returned value was:           AT      V       AP     RH      PE
35070  25.50  67.83  1009.29  61.29  437.49
24060  20.12  56.53  1020.34  75.59  454.54
39384  14.15  39.28  1013.50  77.63  471.23
44497  19.45  46.33  1013.39  99.52  452.82
6146   20.16  60.10  1011.24  86.23  453.36
[2022-06-12 19:50:57,164] {taskinstance.py:1395} INFO - Marking task as SUCCESS. dag_id=ingest_data, task_id=get_data_to_ingest_from_local_file_task, execution_date=20220612T092200, start_date=20220612T175055, end_date=20220612T175057
[2022-06-12 19:50:57,251] {local_task_job.py:156} INFO - Task exited with return code 0
[2022-06-12 19:50:57,537] {local_task_job.py:273} INFO - 1 downstream tasks scheduled from follow-on schedule check
