[2022-06-12 17:20:53,564] {taskinstance.py:1159} INFO - Dependencies all met for <TaskInstance: ingest_data.save_data_task scheduled__2022-06-12T05:07:00+00:00 [queued]>
[2022-06-12 17:20:53,598] {taskinstance.py:1159} INFO - Dependencies all met for <TaskInstance: ingest_data.save_data_task scheduled__2022-06-12T05:07:00+00:00 [queued]>
[2022-06-12 17:20:53,599] {taskinstance.py:1356} INFO - 
--------------------------------------------------------------------------------
[2022-06-12 17:20:53,599] {taskinstance.py:1357} INFO - Starting attempt 1 of 1
[2022-06-12 17:20:53,599] {taskinstance.py:1358} INFO - 
--------------------------------------------------------------------------------
[2022-06-12 17:20:53,669] {taskinstance.py:1377} INFO - Executing <Task(_PythonDecoratedOperator): save_data_task> on 2022-06-12 05:07:00+00:00
[2022-06-12 17:20:53,676] {standard_task_runner.py:52} INFO - Started process 8331 to run task
[2022-06-12 17:20:53,692] {standard_task_runner.py:79} INFO - Running: ['airflow', 'tasks', 'run', 'ingest_data', 'save_data_task', 'scheduled__2022-06-12T05:07:00+00:00', '--job-id', '1010', '--raw', '--subdir', 'DAGS_FOLDER/ingestion_dag.py', '--cfg-path', '/tmp/tmpw6p8_pi8', '--error-file', '/tmp/tmp4e4hpgqw']
[2022-06-12 17:20:53,693] {standard_task_runner.py:80} INFO - Job 1010: Subtask save_data_task
[2022-06-12 17:20:53,841] {task_command.py:370} INFO - Running <TaskInstance: ingest_data.save_data_task scheduled__2022-06-12T05:07:00+00:00 [running]> on host DESKTOP-GDPK8BL.localdomain
[2022-06-12 17:20:54,370] {taskinstance.py:1569} INFO - Exporting the following env vars:
AIRFLOW_CTX_DAG_OWNER=airflow
AIRFLOW_CTX_DAG_ID=ingest_data
AIRFLOW_CTX_TASK_ID=save_data_task
AIRFLOW_CTX_EXECUTION_DATE=2022-06-12T05:07:00+00:00
AIRFLOW_CTX_TRY_NUMBER=1
AIRFLOW_CTX_DAG_RUN_ID=scheduled__2022-06-12T05:07:00+00:00
[2022-06-12 17:20:54,385] {python.py:173} INFO - Done. Returned value was: None
[2022-06-12 17:20:54,415] {taskinstance.py:1395} INFO - Marking task as SUCCESS. dag_id=ingest_data, task_id=save_data_task, execution_date=20220612T050700, start_date=20220612T152053, end_date=20220612T152054
[2022-06-12 17:20:54,509] {local_task_job.py:156} INFO - Task exited with return code 0
[2022-06-12 17:20:54,713] {local_task_job.py:273} INFO - 0 downstream tasks scheduled from follow-on schedule check
