[2022-06-12 16:18:31,100] {taskinstance.py:1159} INFO - Dependencies all met for <TaskInstance: ingest_data.get_data_to_ingest_from_local_file_task scheduled__2022-06-11T23:11:00+00:00 [queued]>
[2022-06-12 16:18:31,131] {taskinstance.py:1159} INFO - Dependencies all met for <TaskInstance: ingest_data.get_data_to_ingest_from_local_file_task scheduled__2022-06-11T23:11:00+00:00 [queued]>
[2022-06-12 16:18:31,132] {taskinstance.py:1356} INFO - 
--------------------------------------------------------------------------------
[2022-06-12 16:18:31,132] {taskinstance.py:1357} INFO - Starting attempt 1 of 1
[2022-06-12 16:18:31,133] {taskinstance.py:1358} INFO - 
--------------------------------------------------------------------------------
[2022-06-12 16:18:31,203] {taskinstance.py:1377} INFO - Executing <Task(_PythonDecoratedOperator): get_data_to_ingest_from_local_file_task> on 2022-06-11 23:11:00+00:00
[2022-06-12 16:18:31,209] {standard_task_runner.py:52} INFO - Started process 2971 to run task
[2022-06-12 16:18:31,215] {standard_task_runner.py:79} INFO - Running: ['airflow', 'tasks', 'run', 'ingest_data', 'get_data_to_ingest_from_local_file_task', 'scheduled__2022-06-11T23:11:00+00:00', '--job-id', '296', '--raw', '--subdir', 'DAGS_FOLDER/ingestion_dag.py', '--cfg-path', '/tmp/tmpuwvka_z4', '--error-file', '/tmp/tmprfw7kbp3']
[2022-06-12 16:18:31,216] {standard_task_runner.py:80} INFO - Job 296: Subtask get_data_to_ingest_from_local_file_task
[2022-06-12 16:18:31,352] {task_command.py:370} INFO - Running <TaskInstance: ingest_data.get_data_to_ingest_from_local_file_task scheduled__2022-06-11T23:11:00+00:00 [running]> on host DESKTOP-GDPK8BL.localdomain
[2022-06-12 16:18:31,669] {taskinstance.py:1569} INFO - Exporting the following env vars:
AIRFLOW_CTX_DAG_OWNER=airflow
AIRFLOW_CTX_DAG_ID=ingest_data
AIRFLOW_CTX_TASK_ID=get_data_to_ingest_from_local_file_task
AIRFLOW_CTX_EXECUTION_DATE=2022-06-11T23:11:00+00:00
AIRFLOW_CTX_TRY_NUMBER=1
AIRFLOW_CTX_DAG_RUN_ID=scheduled__2022-06-11T23:11:00+00:00
[2022-06-12 16:18:31,745] {python.py:173} INFO - Done. Returned value was:           AT      V       AP     RH      PE
27454  14.08  39.31  1011.67  72.00  464.16
35256  23.86  66.54  1005.23  90.89  432.17
25351  11.74  40.71  1020.64  82.15  470.05
12683  29.23  72.99  1007.04  63.47  431.00
20646  20.71  58.79  1017.48  86.67  444.39
[2022-06-12 16:18:31,867] {taskinstance.py:1395} INFO - Marking task as SUCCESS. dag_id=ingest_data, task_id=get_data_to_ingest_from_local_file_task, execution_date=20220611T231100, start_date=20220612T141831, end_date=20220612T141831
[2022-06-12 16:18:31,953] {local_task_job.py:156} INFO - Task exited with return code 0
[2022-06-12 16:18:32,190] {local_task_job.py:273} INFO - 1 downstream tasks scheduled from follow-on schedule check
