[2022-06-12 17:31:40,054] {taskinstance.py:1159} INFO - Dependencies all met for <TaskInstance: ingest_data.get_data_to_ingest_from_local_file_task scheduled__2022-06-12T06:17:00+00:00 [queued]>
[2022-06-12 17:31:40,091] {taskinstance.py:1159} INFO - Dependencies all met for <TaskInstance: ingest_data.get_data_to_ingest_from_local_file_task scheduled__2022-06-12T06:17:00+00:00 [queued]>
[2022-06-12 17:31:40,092] {taskinstance.py:1356} INFO - 
--------------------------------------------------------------------------------
[2022-06-12 17:31:40,093] {taskinstance.py:1357} INFO - Starting attempt 1 of 1
[2022-06-12 17:31:40,094] {taskinstance.py:1358} INFO - 
--------------------------------------------------------------------------------
[2022-06-12 17:31:40,181] {taskinstance.py:1377} INFO - Executing <Task(_PythonDecoratedOperator): get_data_to_ingest_from_local_file_task> on 2022-06-12 06:17:00+00:00
[2022-06-12 17:31:40,187] {standard_task_runner.py:52} INFO - Started process 9342 to run task
[2022-06-12 17:31:40,195] {standard_task_runner.py:79} INFO - Running: ['airflow', 'tasks', 'run', 'ingest_data', 'get_data_to_ingest_from_local_file_task', 'scheduled__2022-06-12T06:17:00+00:00', '--job-id', '1147', '--raw', '--subdir', 'DAGS_FOLDER/ingestion_dag.py', '--cfg-path', '/tmp/tmptdhv4o9q', '--error-file', '/tmp/tmp0pgszuvx']
[2022-06-12 17:31:40,200] {standard_task_runner.py:80} INFO - Job 1147: Subtask get_data_to_ingest_from_local_file_task
[2022-06-12 17:31:40,343] {task_command.py:370} INFO - Running <TaskInstance: ingest_data.get_data_to_ingest_from_local_file_task scheduled__2022-06-12T06:17:00+00:00 [running]> on host DESKTOP-GDPK8BL.localdomain
[2022-06-12 17:31:40,729] {taskinstance.py:1569} INFO - Exporting the following env vars:
AIRFLOW_CTX_DAG_OWNER=airflow
AIRFLOW_CTX_DAG_ID=ingest_data
AIRFLOW_CTX_TASK_ID=get_data_to_ingest_from_local_file_task
AIRFLOW_CTX_EXECUTION_DATE=2022-06-12T06:17:00+00:00
AIRFLOW_CTX_TRY_NUMBER=1
AIRFLOW_CTX_DAG_RUN_ID=scheduled__2022-06-12T06:17:00+00:00
[2022-06-12 17:31:40,797] {python.py:173} INFO - Done. Returned value was:           AT      V       AP     RH      PE
2811   21.04  47.43  1007.15  64.82  450.27
24680  16.76  53.16  1014.13  81.87  457.98
27027  28.02  63.90  1013.96  46.20  444.42
28766  31.02  70.40  1006.24  77.86  431.37
3238    8.33  38.08  1018.94  73.78  481.89
[2022-06-12 17:31:40,929] {taskinstance.py:1395} INFO - Marking task as SUCCESS. dag_id=ingest_data, task_id=get_data_to_ingest_from_local_file_task, execution_date=20220612T061700, start_date=20220612T153140, end_date=20220612T153140
[2022-06-12 17:31:41,025] {local_task_job.py:156} INFO - Task exited with return code 0
[2022-06-12 17:31:41,301] {local_task_job.py:273} INFO - 1 downstream tasks scheduled from follow-on schedule check
