[2022-06-12 16:25:49,312] {taskinstance.py:1159} INFO - Dependencies all met for <TaskInstance: ingest_data.get_data_to_ingest_from_local_file_task scheduled__2022-06-11T23:52:00+00:00 [queued]>
[2022-06-12 16:25:49,342] {taskinstance.py:1159} INFO - Dependencies all met for <TaskInstance: ingest_data.get_data_to_ingest_from_local_file_task scheduled__2022-06-11T23:52:00+00:00 [queued]>
[2022-06-12 16:25:49,342] {taskinstance.py:1356} INFO - 
--------------------------------------------------------------------------------
[2022-06-12 16:25:49,343] {taskinstance.py:1357} INFO - Starting attempt 1 of 1
[2022-06-12 16:25:49,344] {taskinstance.py:1358} INFO - 
--------------------------------------------------------------------------------
[2022-06-12 16:25:49,397] {taskinstance.py:1377} INFO - Executing <Task(_PythonDecoratedOperator): get_data_to_ingest_from_local_file_task> on 2022-06-11 23:52:00+00:00
[2022-06-12 16:25:49,406] {standard_task_runner.py:52} INFO - Started process 3625 to run task
[2022-06-12 16:25:49,411] {standard_task_runner.py:79} INFO - Running: ['airflow', 'tasks', 'run', 'ingest_data', 'get_data_to_ingest_from_local_file_task', 'scheduled__2022-06-11T23:52:00+00:00', '--job-id', '377', '--raw', '--subdir', 'DAGS_FOLDER/ingestion_dag.py', '--cfg-path', '/tmp/tmpq6cfp8qn', '--error-file', '/tmp/tmp2m0of3gf']
[2022-06-12 16:25:49,413] {standard_task_runner.py:80} INFO - Job 377: Subtask get_data_to_ingest_from_local_file_task
[2022-06-12 16:25:49,551] {task_command.py:370} INFO - Running <TaskInstance: ingest_data.get_data_to_ingest_from_local_file_task scheduled__2022-06-11T23:52:00+00:00 [running]> on host DESKTOP-GDPK8BL.localdomain
[2022-06-12 16:25:49,903] {taskinstance.py:1569} INFO - Exporting the following env vars:
AIRFLOW_CTX_DAG_OWNER=airflow
AIRFLOW_CTX_DAG_ID=ingest_data
AIRFLOW_CTX_TASK_ID=get_data_to_ingest_from_local_file_task
AIRFLOW_CTX_EXECUTION_DATE=2022-06-11T23:52:00+00:00
AIRFLOW_CTX_TRY_NUMBER=1
AIRFLOW_CTX_DAG_RUN_ID=scheduled__2022-06-11T23:52:00+00:00
[2022-06-12 16:25:49,975] {python.py:173} INFO - Done. Returned value was:           AT      V       AP     RH      PE
20153  20.94  49.02  1008.91  87.32  448.18
13255   9.51  40.46  1018.84  70.12  471.32
35962  13.17  38.52  1018.50  83.77  468.82
27798  11.29  41.50  1013.39  89.15  476.04
37266  22.83  70.79  1006.36  92.07  438.00
[2022-06-12 16:25:50,076] {taskinstance.py:1395} INFO - Marking task as SUCCESS. dag_id=ingest_data, task_id=get_data_to_ingest_from_local_file_task, execution_date=20220611T235200, start_date=20220612T142549, end_date=20220612T142550
[2022-06-12 16:25:50,151] {local_task_job.py:156} INFO - Task exited with return code 0
[2022-06-12 16:25:50,365] {local_task_job.py:273} INFO - 1 downstream tasks scheduled from follow-on schedule check
