[2022-06-13 13:48:38,568] {taskinstance.py:1159} INFO - Dependencies all met for <TaskInstance: ingest_data.get_data_to_ingest_from_local_file_task scheduled__2022-06-12T21:12:00+00:00 [queued]>
[2022-06-13 13:48:38,602] {taskinstance.py:1159} INFO - Dependencies all met for <TaskInstance: ingest_data.get_data_to_ingest_from_local_file_task scheduled__2022-06-12T21:12:00+00:00 [queued]>
[2022-06-13 13:48:38,602] {taskinstance.py:1356} INFO - 
--------------------------------------------------------------------------------
[2022-06-13 13:48:38,603] {taskinstance.py:1357} INFO - Starting attempt 1 of 1
[2022-06-13 13:48:38,604] {taskinstance.py:1358} INFO - 
--------------------------------------------------------------------------------
[2022-06-13 13:48:38,657] {taskinstance.py:1377} INFO - Executing <Task(_PythonDecoratedOperator): get_data_to_ingest_from_local_file_task> on 2022-06-12 21:12:00+00:00
[2022-06-13 13:48:38,663] {standard_task_runner.py:52} INFO - Started process 414 to run task
[2022-06-13 13:48:38,668] {standard_task_runner.py:79} INFO - Running: ['airflow', 'tasks', 'run', 'ingest_data', 'get_data_to_ingest_from_local_file_task', 'scheduled__2022-06-12T21:12:00+00:00', '--job-id', '1554', '--raw', '--subdir', 'DAGS_FOLDER/ingestion_dag.py', '--cfg-path', '/tmp/tmp4luzufqi', '--error-file', '/tmp/tmp5fmtbvjx']
[2022-06-13 13:48:38,670] {standard_task_runner.py:80} INFO - Job 1554: Subtask get_data_to_ingest_from_local_file_task
[2022-06-13 13:48:38,808] {task_command.py:370} INFO - Running <TaskInstance: ingest_data.get_data_to_ingest_from_local_file_task scheduled__2022-06-12T21:12:00+00:00 [running]> on host DESKTOP-GDPK8BL.localdomain
[2022-06-13 13:48:39,244] {taskinstance.py:1569} INFO - Exporting the following env vars:
AIRFLOW_CTX_DAG_OWNER=airflow
AIRFLOW_CTX_DAG_ID=ingest_data
AIRFLOW_CTX_TASK_ID=get_data_to_ingest_from_local_file_task
AIRFLOW_CTX_EXECUTION_DATE=2022-06-12T21:12:00+00:00
AIRFLOW_CTX_TRY_NUMBER=1
AIRFLOW_CTX_DAG_RUN_ID=scheduled__2022-06-12T21:12:00+00:00
[2022-06-13 13:48:39,312] {python.py:173} INFO - Done. Returned value was:           AT      V       AP     RH      PE
21435  16.92  44.60  1017.34  58.75  460.17
8083   15.99  39.63  1006.09  89.92  464.95
29555  26.52  43.77  1011.49  46.98  440.31
3001   21.01  58.96  1014.33  61.80  453.88
35606   9.39  39.66  1019.22  75.33  482.16
[2022-06-13 13:48:39,504] {taskinstance.py:1395} INFO - Marking task as SUCCESS. dag_id=ingest_data, task_id=get_data_to_ingest_from_local_file_task, execution_date=20220612T211200, start_date=20220613T114838, end_date=20220613T114839
[2022-06-13 13:48:39,604] {local_task_job.py:156} INFO - Task exited with return code 0
[2022-06-13 13:48:39,853] {local_task_job.py:273} INFO - 1 downstream tasks scheduled from follow-on schedule check
