[2022-06-12 16:51:42,612] {taskinstance.py:1159} INFO - Dependencies all met for <TaskInstance: ingest_data.get_data_to_ingest_from_local_file_task scheduled__2022-06-12T02:22:00+00:00 [queued]>
[2022-06-12 16:51:42,653] {taskinstance.py:1159} INFO - Dependencies all met for <TaskInstance: ingest_data.get_data_to_ingest_from_local_file_task scheduled__2022-06-12T02:22:00+00:00 [queued]>
[2022-06-12 16:51:42,653] {taskinstance.py:1356} INFO - 
--------------------------------------------------------------------------------
[2022-06-12 16:51:42,654] {taskinstance.py:1357} INFO - Starting attempt 1 of 1
[2022-06-12 16:51:42,655] {taskinstance.py:1358} INFO - 
--------------------------------------------------------------------------------
[2022-06-12 16:51:42,720] {taskinstance.py:1377} INFO - Executing <Task(_PythonDecoratedOperator): get_data_to_ingest_from_local_file_task> on 2022-06-12 02:22:00+00:00
[2022-06-12 16:51:42,727] {standard_task_runner.py:52} INFO - Started process 5854 to run task
[2022-06-12 16:51:42,732] {standard_task_runner.py:79} INFO - Running: ['airflow', 'tasks', 'run', 'ingest_data', 'get_data_to_ingest_from_local_file_task', 'scheduled__2022-06-12T02:22:00+00:00', '--job-id', '677', '--raw', '--subdir', 'DAGS_FOLDER/ingestion_dag.py', '--cfg-path', '/tmp/tmp6les4cts', '--error-file', '/tmp/tmpjm2eg9fi']
[2022-06-12 16:51:42,734] {standard_task_runner.py:80} INFO - Job 677: Subtask get_data_to_ingest_from_local_file_task
[2022-06-12 16:51:42,862] {task_command.py:370} INFO - Running <TaskInstance: ingest_data.get_data_to_ingest_from_local_file_task scheduled__2022-06-12T02:22:00+00:00 [running]> on host DESKTOP-GDPK8BL.localdomain
[2022-06-12 16:51:43,223] {taskinstance.py:1569} INFO - Exporting the following env vars:
AIRFLOW_CTX_DAG_OWNER=airflow
AIRFLOW_CTX_DAG_ID=ingest_data
AIRFLOW_CTX_TASK_ID=get_data_to_ingest_from_local_file_task
AIRFLOW_CTX_EXECUTION_DATE=2022-06-12T02:22:00+00:00
AIRFLOW_CTX_TRY_NUMBER=1
AIRFLOW_CTX_DAG_RUN_ID=scheduled__2022-06-12T02:22:00+00:00
[2022-06-12 16:51:43,292] {python.py:173} INFO - Done. Returned value was:           AT      V       AP     RH      PE
13521  30.57  69.82  1009.86  52.94  437.62
22553  24.27  57.85  1012.81  63.48  445.10
13258  13.51  43.22  1009.63  75.02  465.89
45301  24.37  63.47  1012.77  75.22  445.60
3361   10.00  39.66  1016.83  78.91  479.97
[2022-06-12 16:51:43,409] {taskinstance.py:1395} INFO - Marking task as SUCCESS. dag_id=ingest_data, task_id=get_data_to_ingest_from_local_file_task, execution_date=20220612T022200, start_date=20220612T145142, end_date=20220612T145143
[2022-06-12 16:51:43,472] {local_task_job.py:156} INFO - Task exited with return code 0
[2022-06-12 16:51:43,702] {local_task_job.py:273} INFO - 1 downstream tasks scheduled from follow-on schedule check
