[2022-06-12 19:49:46,512] {taskinstance.py:1159} INFO - Dependencies all met for <TaskInstance: ingest_data.get_data_to_ingest_from_local_file_task scheduled__2022-06-12T09:16:00+00:00 [queued]>
[2022-06-12 19:49:46,560] {taskinstance.py:1159} INFO - Dependencies all met for <TaskInstance: ingest_data.get_data_to_ingest_from_local_file_task scheduled__2022-06-12T09:16:00+00:00 [queued]>
[2022-06-12 19:49:46,561] {taskinstance.py:1356} INFO - 
--------------------------------------------------------------------------------
[2022-06-12 19:49:46,561] {taskinstance.py:1357} INFO - Starting attempt 1 of 1
[2022-06-12 19:49:46,562] {taskinstance.py:1358} INFO - 
--------------------------------------------------------------------------------
[2022-06-12 19:49:46,629] {taskinstance.py:1377} INFO - Executing <Task(_PythonDecoratedOperator): get_data_to_ingest_from_local_file_task> on 2022-06-12 09:16:00+00:00
[2022-06-12 19:49:46,641] {standard_task_runner.py:79} INFO - Running: ['airflow', 'tasks', 'run', 'ingest_data', 'get_data_to_ingest_from_local_file_task', 'scheduled__2022-06-12T09:16:00+00:00', '--job-id', '1506', '--raw', '--subdir', 'DAGS_FOLDER/ingestion_dag.py', '--cfg-path', '/tmp/tmpr2nol2jv', '--error-file', '/tmp/tmp3s_g70tq']
[2022-06-12 19:49:46,638] {standard_task_runner.py:52} INFO - Started process 11998 to run task
[2022-06-12 19:49:46,643] {standard_task_runner.py:80} INFO - Job 1506: Subtask get_data_to_ingest_from_local_file_task
[2022-06-12 19:49:46,782] {task_command.py:370} INFO - Running <TaskInstance: ingest_data.get_data_to_ingest_from_local_file_task scheduled__2022-06-12T09:16:00+00:00 [running]> on host DESKTOP-GDPK8BL.localdomain
[2022-06-12 19:49:47,254] {taskinstance.py:1569} INFO - Exporting the following env vars:
AIRFLOW_CTX_DAG_OWNER=airflow
AIRFLOW_CTX_DAG_ID=ingest_data
AIRFLOW_CTX_TASK_ID=get_data_to_ingest_from_local_file_task
AIRFLOW_CTX_EXECUTION_DATE=2022-06-12T09:16:00+00:00
AIRFLOW_CTX_TRY_NUMBER=1
AIRFLOW_CTX_DAG_RUN_ID=scheduled__2022-06-12T09:16:00+00:00
[2022-06-12 19:49:47,328] {python.py:173} INFO - Done. Returned value was:           AT      V       AP     RH      PE
11777  15.30  41.76  1022.57  71.56  466.59
31665  23.48  65.12  1015.82  60.83  445.66
38345  11.77  41.06  1021.45  76.63  475.88
19606  29.60  71.58  1010.34  52.56  434.64
8465   14.50  53.82  1016.81  62.89  464.27
[2022-06-12 19:49:47,507] {taskinstance.py:1395} INFO - Marking task as SUCCESS. dag_id=ingest_data, task_id=get_data_to_ingest_from_local_file_task, execution_date=20220612T091600, start_date=20220612T174946, end_date=20220612T174947
[2022-06-12 19:49:47,622] {local_task_job.py:156} INFO - Task exited with return code 0
[2022-06-12 19:49:47,840] {local_task_job.py:273} INFO - 1 downstream tasks scheduled from follow-on schedule check
