[2022-06-12 17:27:01,641] {taskinstance.py:1159} INFO - Dependencies all met for <TaskInstance: ingest_data.get_data_to_ingest_from_local_file_task scheduled__2022-06-12T05:47:00+00:00 [queued]>
[2022-06-12 17:27:01,676] {taskinstance.py:1159} INFO - Dependencies all met for <TaskInstance: ingest_data.get_data_to_ingest_from_local_file_task scheduled__2022-06-12T05:47:00+00:00 [queued]>
[2022-06-12 17:27:01,677] {taskinstance.py:1356} INFO - 
--------------------------------------------------------------------------------
[2022-06-12 17:27:01,677] {taskinstance.py:1357} INFO - Starting attempt 1 of 1
[2022-06-12 17:27:01,678] {taskinstance.py:1358} INFO - 
--------------------------------------------------------------------------------
[2022-06-12 17:27:01,746] {taskinstance.py:1377} INFO - Executing <Task(_PythonDecoratedOperator): get_data_to_ingest_from_local_file_task> on 2022-06-12 05:47:00+00:00
[2022-06-12 17:27:01,753] {standard_task_runner.py:52} INFO - Started process 8900 to run task
[2022-06-12 17:27:01,759] {standard_task_runner.py:79} INFO - Running: ['airflow', 'tasks', 'run', 'ingest_data', 'get_data_to_ingest_from_local_file_task', 'scheduled__2022-06-12T05:47:00+00:00', '--job-id', '1087', '--raw', '--subdir', 'DAGS_FOLDER/ingestion_dag.py', '--cfg-path', '/tmp/tmpce0r_sxm', '--error-file', '/tmp/tmpno50wbxa']
[2022-06-12 17:27:01,768] {standard_task_runner.py:80} INFO - Job 1087: Subtask get_data_to_ingest_from_local_file_task
[2022-06-12 17:27:01,936] {task_command.py:370} INFO - Running <TaskInstance: ingest_data.get_data_to_ingest_from_local_file_task scheduled__2022-06-12T05:47:00+00:00 [running]> on host DESKTOP-GDPK8BL.localdomain
[2022-06-12 17:27:02,389] {taskinstance.py:1569} INFO - Exporting the following env vars:
AIRFLOW_CTX_DAG_OWNER=airflow
AIRFLOW_CTX_DAG_ID=ingest_data
AIRFLOW_CTX_TASK_ID=get_data_to_ingest_from_local_file_task
AIRFLOW_CTX_EXECUTION_DATE=2022-06-12T05:47:00+00:00
AIRFLOW_CTX_TRY_NUMBER=1
AIRFLOW_CTX_DAG_RUN_ID=scheduled__2022-06-12T05:47:00+00:00
[2022-06-12 17:27:02,460] {python.py:173} INFO - Done. Returned value was:           AT      V       AP     RH      PE
23843  30.24  69.88  1007.90  61.46  436.37
36264  25.45  57.32  1011.70  47.09  441.30
41796  12.71  41.39  1019.30  74.20  475.13
36146  21.95  68.63  1012.80  61.55  448.90
19621  12.20  39.72  1018.07  54.83  471.33
[2022-06-12 17:27:02,612] {taskinstance.py:1395} INFO - Marking task as SUCCESS. dag_id=ingest_data, task_id=get_data_to_ingest_from_local_file_task, execution_date=20220612T054700, start_date=20220612T152701, end_date=20220612T152702
[2022-06-12 17:27:02,704] {local_task_job.py:156} INFO - Task exited with return code 0
[2022-06-12 17:27:02,968] {local_task_job.py:273} INFO - 1 downstream tasks scheduled from follow-on schedule check
