[2022-06-12 17:28:35,630] {taskinstance.py:1159} INFO - Dependencies all met for <TaskInstance: ingest_data.get_data_to_ingest_from_local_file_task scheduled__2022-06-12T05:57:00+00:00 [queued]>
[2022-06-12 17:28:35,667] {taskinstance.py:1159} INFO - Dependencies all met for <TaskInstance: ingest_data.get_data_to_ingest_from_local_file_task scheduled__2022-06-12T05:57:00+00:00 [queued]>
[2022-06-12 17:28:35,668] {taskinstance.py:1356} INFO - 
--------------------------------------------------------------------------------
[2022-06-12 17:28:35,668] {taskinstance.py:1357} INFO - Starting attempt 1 of 1
[2022-06-12 17:28:35,669] {taskinstance.py:1358} INFO - 
--------------------------------------------------------------------------------
[2022-06-12 17:28:35,744] {taskinstance.py:1377} INFO - Executing <Task(_PythonDecoratedOperator): get_data_to_ingest_from_local_file_task> on 2022-06-12 05:57:00+00:00
[2022-06-12 17:28:35,751] {standard_task_runner.py:52} INFO - Started process 9047 to run task
[2022-06-12 17:28:35,760] {standard_task_runner.py:79} INFO - Running: ['airflow', 'tasks', 'run', 'ingest_data', 'get_data_to_ingest_from_local_file_task', 'scheduled__2022-06-12T05:57:00+00:00', '--job-id', '1107', '--raw', '--subdir', 'DAGS_FOLDER/ingestion_dag.py', '--cfg-path', '/tmp/tmph2f3lijj', '--error-file', '/tmp/tmpvhzp0xid']
[2022-06-12 17:28:35,762] {standard_task_runner.py:80} INFO - Job 1107: Subtask get_data_to_ingest_from_local_file_task
[2022-06-12 17:28:35,915] {task_command.py:370} INFO - Running <TaskInstance: ingest_data.get_data_to_ingest_from_local_file_task scheduled__2022-06-12T05:57:00+00:00 [running]> on host DESKTOP-GDPK8BL.localdomain
[2022-06-12 17:28:36,344] {taskinstance.py:1569} INFO - Exporting the following env vars:
AIRFLOW_CTX_DAG_OWNER=airflow
AIRFLOW_CTX_DAG_ID=ingest_data
AIRFLOW_CTX_TASK_ID=get_data_to_ingest_from_local_file_task
AIRFLOW_CTX_EXECUTION_DATE=2022-06-12T05:57:00+00:00
AIRFLOW_CTX_TRY_NUMBER=1
AIRFLOW_CTX_DAG_RUN_ID=scheduled__2022-06-12T05:57:00+00:00
[2022-06-12 17:28:36,418] {python.py:173} INFO - Done. Returned value was:           AT      V       AP     RH      PE
42790  20.55  68.63  1012.50  67.07  453.47
9424   12.95  43.71  1025.63  90.70  469.15
42405  31.10  68.51  1012.99  54.30  428.68
33093  16.32  43.50  1021.30  72.60  460.07
31321  10.94  39.04  1021.62  86.41  479.80
[2022-06-12 17:28:36,574] {taskinstance.py:1395} INFO - Marking task as SUCCESS. dag_id=ingest_data, task_id=get_data_to_ingest_from_local_file_task, execution_date=20220612T055700, start_date=20220612T152835, end_date=20220612T152836
[2022-06-12 17:28:36,662] {local_task_job.py:156} INFO - Task exited with return code 0
[2022-06-12 17:28:36,904] {local_task_job.py:273} INFO - 1 downstream tasks scheduled from follow-on schedule check
