[2022-06-12 19:45:15,826] {taskinstance.py:1159} INFO - Dependencies all met for <TaskInstance: ingest_data.get_data_to_ingest_from_local_file_task scheduled__2022-06-12T08:48:00+00:00 [queued]>
[2022-06-12 19:45:15,863] {taskinstance.py:1159} INFO - Dependencies all met for <TaskInstance: ingest_data.get_data_to_ingest_from_local_file_task scheduled__2022-06-12T08:48:00+00:00 [queued]>
[2022-06-12 19:45:15,864] {taskinstance.py:1356} INFO - 
--------------------------------------------------------------------------------
[2022-06-12 19:45:15,864] {taskinstance.py:1357} INFO - Starting attempt 1 of 1
[2022-06-12 19:45:15,865] {taskinstance.py:1358} INFO - 
--------------------------------------------------------------------------------
[2022-06-12 19:45:15,939] {taskinstance.py:1377} INFO - Executing <Task(_PythonDecoratedOperator): get_data_to_ingest_from_local_file_task> on 2022-06-12 08:48:00+00:00
[2022-06-12 19:45:15,952] {standard_task_runner.py:79} INFO - Running: ['airflow', 'tasks', 'run', 'ingest_data', 'get_data_to_ingest_from_local_file_task', 'scheduled__2022-06-12T08:48:00+00:00', '--job-id', '1449', '--raw', '--subdir', 'DAGS_FOLDER/ingestion_dag.py', '--cfg-path', '/tmp/tmpgelg4fhg', '--error-file', '/tmp/tmpu55p4kh3']
[2022-06-12 19:45:15,946] {standard_task_runner.py:52} INFO - Started process 11577 to run task
[2022-06-12 19:45:15,955] {standard_task_runner.py:80} INFO - Job 1449: Subtask get_data_to_ingest_from_local_file_task
[2022-06-12 19:45:16,089] {task_command.py:370} INFO - Running <TaskInstance: ingest_data.get_data_to_ingest_from_local_file_task scheduled__2022-06-12T08:48:00+00:00 [running]> on host DESKTOP-GDPK8BL.localdomain
[2022-06-12 19:45:16,570] {taskinstance.py:1569} INFO - Exporting the following env vars:
AIRFLOW_CTX_DAG_OWNER=airflow
AIRFLOW_CTX_DAG_ID=ingest_data
AIRFLOW_CTX_TASK_ID=get_data_to_ingest_from_local_file_task
AIRFLOW_CTX_EXECUTION_DATE=2022-06-12T08:48:00+00:00
AIRFLOW_CTX_TRY_NUMBER=1
AIRFLOW_CTX_DAG_RUN_ID=scheduled__2022-06-12T08:48:00+00:00
[2022-06-12 19:45:16,646] {python.py:173} INFO - Done. Returned value was:           AT      V       AP     RH      PE
29489  28.90  68.12  1011.87  46.56  438.53
28892  19.55  56.53  1020.20  78.10  455.56
15958  24.15  64.63  1020.72  58.06  448.87
38163  22.73  66.75  1018.13  84.06  437.93
8131    4.70  39.90  1007.45  91.02  487.78
[2022-06-12 19:45:16,824] {taskinstance.py:1395} INFO - Marking task as SUCCESS. dag_id=ingest_data, task_id=get_data_to_ingest_from_local_file_task, execution_date=20220612T084800, start_date=20220612T174515, end_date=20220612T174516
[2022-06-12 19:45:16,936] {local_task_job.py:156} INFO - Task exited with return code 0
[2022-06-12 19:45:17,145] {local_task_job.py:273} INFO - 1 downstream tasks scheduled from follow-on schedule check
