[2022-06-12 16:57:14,876] {taskinstance.py:1159} INFO - Dependencies all met for <TaskInstance: ingest_data.get_data_to_ingest_from_local_file_task scheduled__2022-06-12T02:52:00+00:00 [queued]>
[2022-06-12 16:57:14,906] {taskinstance.py:1159} INFO - Dependencies all met for <TaskInstance: ingest_data.get_data_to_ingest_from_local_file_task scheduled__2022-06-12T02:52:00+00:00 [queued]>
[2022-06-12 16:57:14,906] {taskinstance.py:1356} INFO - 
--------------------------------------------------------------------------------
[2022-06-12 16:57:14,907] {taskinstance.py:1357} INFO - Starting attempt 1 of 1
[2022-06-12 16:57:14,908] {taskinstance.py:1358} INFO - 
--------------------------------------------------------------------------------
[2022-06-12 16:57:14,966] {taskinstance.py:1377} INFO - Executing <Task(_PythonDecoratedOperator): get_data_to_ingest_from_local_file_task> on 2022-06-12 02:52:00+00:00
[2022-06-12 16:57:14,972] {standard_task_runner.py:52} INFO - Started process 6310 to run task
[2022-06-12 16:57:14,979] {standard_task_runner.py:79} INFO - Running: ['airflow', 'tasks', 'run', 'ingest_data', 'get_data_to_ingest_from_local_file_task', 'scheduled__2022-06-12T02:52:00+00:00', '--job-id', '738', '--raw', '--subdir', 'DAGS_FOLDER/ingestion_dag.py', '--cfg-path', '/tmp/tmplk67dh0s', '--error-file', '/tmp/tmpqo5slznw']
[2022-06-12 16:57:14,983] {standard_task_runner.py:80} INFO - Job 738: Subtask get_data_to_ingest_from_local_file_task
[2022-06-12 16:57:15,132] {task_command.py:370} INFO - Running <TaskInstance: ingest_data.get_data_to_ingest_from_local_file_task scheduled__2022-06-12T02:52:00+00:00 [running]> on host DESKTOP-GDPK8BL.localdomain
[2022-06-12 16:57:15,567] {taskinstance.py:1569} INFO - Exporting the following env vars:
AIRFLOW_CTX_DAG_OWNER=airflow
AIRFLOW_CTX_DAG_ID=ingest_data
AIRFLOW_CTX_TASK_ID=get_data_to_ingest_from_local_file_task
AIRFLOW_CTX_EXECUTION_DATE=2022-06-12T02:52:00+00:00
AIRFLOW_CTX_TRY_NUMBER=1
AIRFLOW_CTX_DAG_RUN_ID=scheduled__2022-06-12T02:52:00+00:00
[2022-06-12 16:57:15,641] {python.py:173} INFO - Done. Returned value was:           AT      V       AP     RH      PE
26790   8.42  42.28  1008.40  87.78  481.91
2101   26.96  65.34  1015.05  46.93  441.81
41250  29.79  67.69  1006.86  55.93  428.71
41919  32.51  69.98  1013.29  54.07  429.66
41513  27.22  66.48  1004.59  52.66  436.06
[2022-06-12 16:57:15,790] {taskinstance.py:1395} INFO - Marking task as SUCCESS. dag_id=ingest_data, task_id=get_data_to_ingest_from_local_file_task, execution_date=20220612T025200, start_date=20220612T145714, end_date=20220612T145715
[2022-06-12 16:57:15,883] {local_task_job.py:156} INFO - Task exited with return code 0
[2022-06-12 16:57:16,088] {local_task_job.py:273} INFO - 1 downstream tasks scheduled from follow-on schedule check
