[2022-06-12 16:55:15,602] {taskinstance.py:1159} INFO - Dependencies all met for <TaskInstance: ingest_data.get_data_to_ingest_from_local_file_task scheduled__2022-06-12T02:43:00+00:00 [queued]>
[2022-06-12 16:55:15,640] {taskinstance.py:1159} INFO - Dependencies all met for <TaskInstance: ingest_data.get_data_to_ingest_from_local_file_task scheduled__2022-06-12T02:43:00+00:00 [queued]>
[2022-06-12 16:55:15,641] {taskinstance.py:1356} INFO - 
--------------------------------------------------------------------------------
[2022-06-12 16:55:15,641] {taskinstance.py:1357} INFO - Starting attempt 1 of 1
[2022-06-12 16:55:15,642] {taskinstance.py:1358} INFO - 
--------------------------------------------------------------------------------
[2022-06-12 16:55:15,709] {taskinstance.py:1377} INFO - Executing <Task(_PythonDecoratedOperator): get_data_to_ingest_from_local_file_task> on 2022-06-12 02:43:00+00:00
[2022-06-12 16:55:15,719] {standard_task_runner.py:52} INFO - Started process 6173 to run task
[2022-06-12 16:55:15,723] {standard_task_runner.py:79} INFO - Running: ['airflow', 'tasks', 'run', 'ingest_data', 'get_data_to_ingest_from_local_file_task', 'scheduled__2022-06-12T02:43:00+00:00', '--job-id', '720', '--raw', '--subdir', 'DAGS_FOLDER/ingestion_dag.py', '--cfg-path', '/tmp/tmp1boek2vm', '--error-file', '/tmp/tmpsemq1w8v']
[2022-06-12 16:55:15,725] {standard_task_runner.py:80} INFO - Job 720: Subtask get_data_to_ingest_from_local_file_task
[2022-06-12 16:55:15,882] {task_command.py:370} INFO - Running <TaskInstance: ingest_data.get_data_to_ingest_from_local_file_task scheduled__2022-06-12T02:43:00+00:00 [running]> on host DESKTOP-GDPK8BL.localdomain
[2022-06-12 16:55:16,366] {taskinstance.py:1569} INFO - Exporting the following env vars:
AIRFLOW_CTX_DAG_OWNER=airflow
AIRFLOW_CTX_DAG_ID=ingest_data
AIRFLOW_CTX_TASK_ID=get_data_to_ingest_from_local_file_task
AIRFLOW_CTX_EXECUTION_DATE=2022-06-12T02:43:00+00:00
AIRFLOW_CTX_TRY_NUMBER=1
AIRFLOW_CTX_DAG_RUN_ID=scheduled__2022-06-12T02:43:00+00:00
[2022-06-12 16:55:16,450] {python.py:173} INFO - Done. Returned value was:           AT      V       AP     RH      PE
30316   6.16  38.50  1012.83  93.68  490.92
12116  30.74  73.67  1005.79  57.89  428.92
33221  16.21  50.90  1012.46  84.45  462.68
39483  18.97  44.85  1014.86  46.31  466.17
40800  19.15  57.76  1019.62  74.89  458.66
[2022-06-12 16:55:16,603] {taskinstance.py:1395} INFO - Marking task as SUCCESS. dag_id=ingest_data, task_id=get_data_to_ingest_from_local_file_task, execution_date=20220612T024300, start_date=20220612T145515, end_date=20220612T145516
[2022-06-12 16:55:16,664] {local_task_job.py:156} INFO - Task exited with return code 0
[2022-06-12 16:55:16,922] {local_task_job.py:273} INFO - 1 downstream tasks scheduled from follow-on schedule check
