[2022-06-12 17:45:02,102] {taskinstance.py:1159} INFO - Dependencies all met for <TaskInstance: ingest_data.get_data_to_ingest_from_local_file_task scheduled__2022-06-12T07:42:00+00:00 [queued]>
[2022-06-12 17:45:02,138] {taskinstance.py:1159} INFO - Dependencies all met for <TaskInstance: ingest_data.get_data_to_ingest_from_local_file_task scheduled__2022-06-12T07:42:00+00:00 [queued]>
[2022-06-12 17:45:02,138] {taskinstance.py:1356} INFO - 
--------------------------------------------------------------------------------
[2022-06-12 17:45:02,139] {taskinstance.py:1357} INFO - Starting attempt 1 of 1
[2022-06-12 17:45:02,139] {taskinstance.py:1358} INFO - 
--------------------------------------------------------------------------------
[2022-06-12 17:45:02,217] {taskinstance.py:1377} INFO - Executing <Task(_PythonDecoratedOperator): get_data_to_ingest_from_local_file_task> on 2022-06-12 07:42:00+00:00
[2022-06-12 17:45:02,228] {standard_task_runner.py:52} INFO - Started process 10605 to run task
[2022-06-12 17:45:02,235] {standard_task_runner.py:79} INFO - Running: ['airflow', 'tasks', 'run', 'ingest_data', 'get_data_to_ingest_from_local_file_task', 'scheduled__2022-06-12T07:42:00+00:00', '--job-id', '1318', '--raw', '--subdir', 'DAGS_FOLDER/ingestion_dag.py', '--cfg-path', '/tmp/tmp3dx3c6f3', '--error-file', '/tmp/tmpidc8ua48']
[2022-06-12 17:45:02,236] {standard_task_runner.py:80} INFO - Job 1318: Subtask get_data_to_ingest_from_local_file_task
[2022-06-12 17:45:02,369] {task_command.py:370} INFO - Running <TaskInstance: ingest_data.get_data_to_ingest_from_local_file_task scheduled__2022-06-12T07:42:00+00:00 [running]> on host DESKTOP-GDPK8BL.localdomain
[2022-06-12 17:45:02,747] {taskinstance.py:1569} INFO - Exporting the following env vars:
AIRFLOW_CTX_DAG_OWNER=airflow
AIRFLOW_CTX_DAG_ID=ingest_data
AIRFLOW_CTX_TASK_ID=get_data_to_ingest_from_local_file_task
AIRFLOW_CTX_EXECUTION_DATE=2022-06-12T07:42:00+00:00
AIRFLOW_CTX_TRY_NUMBER=1
AIRFLOW_CTX_DAG_RUN_ID=scheduled__2022-06-12T07:42:00+00:00
[2022-06-12 17:45:02,810] {python.py:173} INFO - Done. Returned value was:           AT      V       AP     RH      PE
10958   1.81  39.42  1026.92  76.97  490.55
33317  18.48  46.48  1007.53  82.57  461.49
465    29.89  64.69  1006.37  58.78  435.39
15690  15.69  44.60  1014.06  61.51  462.07
13330  27.37  63.73  1009.79  65.25  437.24
[2022-06-12 17:45:02,948] {taskinstance.py:1395} INFO - Marking task as SUCCESS. dag_id=ingest_data, task_id=get_data_to_ingest_from_local_file_task, execution_date=20220612T074200, start_date=20220612T154502, end_date=20220612T154502
[2022-06-12 17:45:03,032] {local_task_job.py:156} INFO - Task exited with return code 0
[2022-06-12 17:45:03,265] {local_task_job.py:273} INFO - 1 downstream tasks scheduled from follow-on schedule check
