[2022-06-12 17:05:33,766] {taskinstance.py:1159} INFO - Dependencies all met for <TaskInstance: ingest_data.get_data_to_ingest_from_local_file_task scheduled__2022-06-12T03:43:00+00:00 [queued]>
[2022-06-12 17:05:33,801] {taskinstance.py:1159} INFO - Dependencies all met for <TaskInstance: ingest_data.get_data_to_ingest_from_local_file_task scheduled__2022-06-12T03:43:00+00:00 [queued]>
[2022-06-12 17:05:33,802] {taskinstance.py:1356} INFO - 
--------------------------------------------------------------------------------
[2022-06-12 17:05:33,802] {taskinstance.py:1357} INFO - Starting attempt 1 of 1
[2022-06-12 17:05:33,803] {taskinstance.py:1358} INFO - 
--------------------------------------------------------------------------------
[2022-06-12 17:05:33,875] {taskinstance.py:1377} INFO - Executing <Task(_PythonDecoratedOperator): get_data_to_ingest_from_local_file_task> on 2022-06-12 03:43:00+00:00
[2022-06-12 17:05:33,881] {standard_task_runner.py:52} INFO - Started process 7057 to run task
[2022-06-12 17:05:33,891] {standard_task_runner.py:79} INFO - Running: ['airflow', 'tasks', 'run', 'ingest_data', 'get_data_to_ingest_from_local_file_task', 'scheduled__2022-06-12T03:43:00+00:00', '--job-id', '839', '--raw', '--subdir', 'DAGS_FOLDER/ingestion_dag.py', '--cfg-path', '/tmp/tmpgsjy49iz', '--error-file', '/tmp/tmpi7i9neq0']
[2022-06-12 17:05:33,893] {standard_task_runner.py:80} INFO - Job 839: Subtask get_data_to_ingest_from_local_file_task
[2022-06-12 17:05:34,131] {task_command.py:370} INFO - Running <TaskInstance: ingest_data.get_data_to_ingest_from_local_file_task scheduled__2022-06-12T03:43:00+00:00 [running]> on host DESKTOP-GDPK8BL.localdomain
[2022-06-12 17:05:39,774] {taskinstance.py:1569} INFO - Exporting the following env vars:
AIRFLOW_CTX_DAG_OWNER=airflow
AIRFLOW_CTX_DAG_ID=ingest_data
AIRFLOW_CTX_TASK_ID=get_data_to_ingest_from_local_file_task
AIRFLOW_CTX_EXECUTION_DATE=2022-06-12T03:43:00+00:00
AIRFLOW_CTX_TRY_NUMBER=1
AIRFLOW_CTX_DAG_RUN_ID=scheduled__2022-06-12T03:43:00+00:00
[2022-06-12 17:05:40,144] {python.py:173} INFO - Done. Returned value was:           AT      V       AP     RH      PE
47821  18.21  62.26  1011.97  87.28  455.88
39353  30.93  61.50  1009.81  41.46  437.35
37391  26.05  46.21  1011.31  55.25  450.86
6614   12.62  40.92  1021.85  81.41  465.68
34522  22.68  58.82  1010.11  82.80  443.86
[2022-06-12 17:05:40,506] {taskinstance.py:1395} INFO - Marking task as SUCCESS. dag_id=ingest_data, task_id=get_data_to_ingest_from_local_file_task, execution_date=20220612T034300, start_date=20220612T150533, end_date=20220612T150540
[2022-06-12 17:05:40,650] {local_task_job.py:156} INFO - Task exited with return code 0
[2022-06-12 17:05:41,223] {local_task_job.py:273} INFO - 1 downstream tasks scheduled from follow-on schedule check
