[2022-06-12 16:27:34,204] {taskinstance.py:1159} INFO - Dependencies all met for <TaskInstance: ingest_data.get_data_to_ingest_from_local_file_task scheduled__2022-06-12T00:04:00+00:00 [queued]>
[2022-06-12 16:27:34,234] {taskinstance.py:1159} INFO - Dependencies all met for <TaskInstance: ingest_data.get_data_to_ingest_from_local_file_task scheduled__2022-06-12T00:04:00+00:00 [queued]>
[2022-06-12 16:27:34,234] {taskinstance.py:1356} INFO - 
--------------------------------------------------------------------------------
[2022-06-12 16:27:34,235] {taskinstance.py:1357} INFO - Starting attempt 1 of 1
[2022-06-12 16:27:34,235] {taskinstance.py:1358} INFO - 
--------------------------------------------------------------------------------
[2022-06-12 16:27:34,297] {taskinstance.py:1377} INFO - Executing <Task(_PythonDecoratedOperator): get_data_to_ingest_from_local_file_task> on 2022-06-12 00:04:00+00:00
[2022-06-12 16:27:34,313] {standard_task_runner.py:52} INFO - Started process 3802 to run task
[2022-06-12 16:27:34,319] {standard_task_runner.py:79} INFO - Running: ['airflow', 'tasks', 'run', 'ingest_data', 'get_data_to_ingest_from_local_file_task', 'scheduled__2022-06-12T00:04:00+00:00', '--job-id', '401', '--raw', '--subdir', 'DAGS_FOLDER/ingestion_dag.py', '--cfg-path', '/tmp/tmpvju32ryc', '--error-file', '/tmp/tmpsif3n49k']
[2022-06-12 16:27:34,321] {standard_task_runner.py:80} INFO - Job 401: Subtask get_data_to_ingest_from_local_file_task
[2022-06-12 16:27:34,471] {task_command.py:370} INFO - Running <TaskInstance: ingest_data.get_data_to_ingest_from_local_file_task scheduled__2022-06-12T00:04:00+00:00 [running]> on host DESKTOP-GDPK8BL.localdomain
[2022-06-12 16:27:34,849] {taskinstance.py:1569} INFO - Exporting the following env vars:
AIRFLOW_CTX_DAG_OWNER=airflow
AIRFLOW_CTX_DAG_ID=ingest_data
AIRFLOW_CTX_TASK_ID=get_data_to_ingest_from_local_file_task
AIRFLOW_CTX_EXECUTION_DATE=2022-06-12T00:04:00+00:00
AIRFLOW_CTX_TRY_NUMBER=1
AIRFLOW_CTX_DAG_RUN_ID=scheduled__2022-06-12T00:04:00+00:00
[2022-06-12 16:27:34,920] {python.py:173} INFO - Done. Returned value was:           AT      V       AP     RH      PE
4800   12.26  39.96  1011.79  79.06  470.87
18175   8.46  39.66  1015.14  85.38  484.16
22896  29.13  68.30  1014.96  37.08  437.25
23672  21.50  50.32  1008.65  81.68  442.71
40057  24.26  69.51  1013.43  53.23  442.56
[2022-06-12 16:27:35,046] {taskinstance.py:1395} INFO - Marking task as SUCCESS. dag_id=ingest_data, task_id=get_data_to_ingest_from_local_file_task, execution_date=20220612T000400, start_date=20220612T142734, end_date=20220612T142735
[2022-06-12 16:27:35,139] {local_task_job.py:156} INFO - Task exited with return code 0
[2022-06-12 16:27:35,369] {local_task_job.py:273} INFO - 1 downstream tasks scheduled from follow-on schedule check
