[2022-06-13 13:49:04,566] {taskinstance.py:1159} INFO - Dependencies all met for <TaskInstance: loan_pred.get_data_to_ingest_from_local_file_task scheduled__2022-06-12T21:02:00+00:00 [queued]>
[2022-06-13 13:49:04,601] {taskinstance.py:1159} INFO - Dependencies all met for <TaskInstance: loan_pred.get_data_to_ingest_from_local_file_task scheduled__2022-06-12T21:02:00+00:00 [queued]>
[2022-06-13 13:49:04,602] {taskinstance.py:1356} INFO - 
--------------------------------------------------------------------------------
[2022-06-13 13:49:04,603] {taskinstance.py:1357} INFO - Starting attempt 1 of 1
[2022-06-13 13:49:04,603] {taskinstance.py:1358} INFO - 
--------------------------------------------------------------------------------
[2022-06-13 13:49:04,670] {taskinstance.py:1377} INFO - Executing <Task(_PythonDecoratedOperator): get_data_to_ingest_from_local_file_task> on 2022-06-12 21:02:00+00:00
[2022-06-13 13:49:04,675] {standard_task_runner.py:52} INFO - Started process 455 to run task
[2022-06-13 13:49:04,682] {standard_task_runner.py:79} INFO - Running: ['airflow', 'tasks', 'run', 'loan_pred', 'get_data_to_ingest_from_local_file_task', 'scheduled__2022-06-12T21:02:00+00:00', '--job-id', '1559', '--raw', '--subdir', 'DAGS_FOLDER/loan_pred.py', '--cfg-path', '/tmp/tmpcs8uxedj', '--error-file', '/tmp/tmpqv7bzbic']
[2022-06-13 13:49:04,684] {standard_task_runner.py:80} INFO - Job 1559: Subtask get_data_to_ingest_from_local_file_task
[2022-06-13 13:49:04,848] {task_command.py:370} INFO - Running <TaskInstance: loan_pred.get_data_to_ingest_from_local_file_task scheduled__2022-06-12T21:02:00+00:00 [running]> on host DESKTOP-GDPK8BL.localdomain
[2022-06-13 13:49:05,529] {taskinstance.py:1569} INFO - Exporting the following env vars:
AIRFLOW_CTX_DAG_OWNER=airflow
AIRFLOW_CTX_DAG_ID=loan_pred
AIRFLOW_CTX_TASK_ID=get_data_to_ingest_from_local_file_task
AIRFLOW_CTX_EXECUTION_DATE=2022-06-12T21:02:00+00:00
AIRFLOW_CTX_TRY_NUMBER=1
AIRFLOW_CTX_DAG_RUN_ID=scheduled__2022-06-12T21:02:00+00:00
[2022-06-13 13:49:05,555] {python.py:173} INFO - Done. Returned value was:       Loan_ID  Gender Married Dependents  ... LoanAmount Loan_Amount_Term  Credit_History  Property_Area
292  LP002605    Male      No          0  ...       90.0            360.0             1.0          Rural
220  LP002212    Male     Yes          0  ...      108.0            360.0             NaN          Urban
345  LP002878    Male     Yes         3+  ...      260.0            360.0             1.0          Urban
265  LP002441    Male      No        NaN  ...      138.0            360.0             NaN      Semiurban
244  LP002354  Female      No          0  ...       64.0            360.0             1.0      Semiurban

[5 rows x 12 columns]
[2022-06-13 13:49:05,893] {taskinstance.py:1395} INFO - Marking task as SUCCESS. dag_id=loan_pred, task_id=get_data_to_ingest_from_local_file_task, execution_date=20220612T210200, start_date=20220613T114904, end_date=20220613T114905
[2022-06-13 13:49:06,026] {local_task_job.py:156} INFO - Task exited with return code 0
[2022-06-13 13:49:06,362] {local_task_job.py:273} INFO - 1 downstream tasks scheduled from follow-on schedule check
