[2022-06-12 17:22:04,224] {taskinstance.py:1159} INFO - Dependencies all met for <TaskInstance: ingest_data.get_data_to_ingest_from_local_file_task scheduled__2022-06-12T05:16:00+00:00 [queued]>
[2022-06-12 17:22:04,260] {taskinstance.py:1159} INFO - Dependencies all met for <TaskInstance: ingest_data.get_data_to_ingest_from_local_file_task scheduled__2022-06-12T05:16:00+00:00 [queued]>
[2022-06-12 17:22:04,260] {taskinstance.py:1356} INFO - 
--------------------------------------------------------------------------------
[2022-06-12 17:22:04,261] {taskinstance.py:1357} INFO - Starting attempt 1 of 1
[2022-06-12 17:22:04,261] {taskinstance.py:1358} INFO - 
--------------------------------------------------------------------------------
[2022-06-12 17:22:04,338] {taskinstance.py:1377} INFO - Executing <Task(_PythonDecoratedOperator): get_data_to_ingest_from_local_file_task> on 2022-06-12 05:16:00+00:00
[2022-06-12 17:22:04,348] {standard_task_runner.py:52} INFO - Started process 8442 to run task
[2022-06-12 17:22:04,362] {standard_task_runner.py:79} INFO - Running: ['airflow', 'tasks', 'run', 'ingest_data', 'get_data_to_ingest_from_local_file_task', 'scheduled__2022-06-12T05:16:00+00:00', '--job-id', '1025', '--raw', '--subdir', 'DAGS_FOLDER/ingestion_dag.py', '--cfg-path', '/tmp/tmpugm32kqh', '--error-file', '/tmp/tmpvxxuqshn']
[2022-06-12 17:22:04,364] {standard_task_runner.py:80} INFO - Job 1025: Subtask get_data_to_ingest_from_local_file_task
[2022-06-12 17:22:04,527] {task_command.py:370} INFO - Running <TaskInstance: ingest_data.get_data_to_ingest_from_local_file_task scheduled__2022-06-12T05:16:00+00:00 [running]> on host DESKTOP-GDPK8BL.localdomain
[2022-06-12 17:22:04,963] {taskinstance.py:1569} INFO - Exporting the following env vars:
AIRFLOW_CTX_DAG_OWNER=airflow
AIRFLOW_CTX_DAG_ID=ingest_data
AIRFLOW_CTX_TASK_ID=get_data_to_ingest_from_local_file_task
AIRFLOW_CTX_EXECUTION_DATE=2022-06-12T05:16:00+00:00
AIRFLOW_CTX_TRY_NUMBER=1
AIRFLOW_CTX_DAG_RUN_ID=scheduled__2022-06-12T05:16:00+00:00
[2022-06-12 17:22:05,033] {python.py:173} INFO - Done. Returned value was:           AT      V       AP     RH      PE
14719  25.92  73.77  1001.27  94.28  432.00
9988   25.87  44.57  1007.43  55.92  445.79
40284  11.75  35.76  1018.99  57.92  473.01
24255  26.54  69.48  1010.70  66.09  432.56
6580   12.02  43.69  1016.12  74.07  477.74
[2022-06-12 17:22:05,197] {taskinstance.py:1395} INFO - Marking task as SUCCESS. dag_id=ingest_data, task_id=get_data_to_ingest_from_local_file_task, execution_date=20220612T051600, start_date=20220612T152204, end_date=20220612T152205
[2022-06-12 17:22:05,306] {local_task_job.py:156} INFO - Task exited with return code 0
[2022-06-12 17:22:05,541] {local_task_job.py:273} INFO - 1 downstream tasks scheduled from follow-on schedule check
