[2022-06-12 17:46:36,588] {taskinstance.py:1159} INFO - Dependencies all met for <TaskInstance: ingest_data.get_data_to_ingest_from_local_file_task scheduled__2022-06-12T07:52:00+00:00 [queued]>
[2022-06-12 17:46:36,623] {taskinstance.py:1159} INFO - Dependencies all met for <TaskInstance: ingest_data.get_data_to_ingest_from_local_file_task scheduled__2022-06-12T07:52:00+00:00 [queued]>
[2022-06-12 17:46:36,624] {taskinstance.py:1356} INFO - 
--------------------------------------------------------------------------------
[2022-06-12 17:46:36,625] {taskinstance.py:1357} INFO - Starting attempt 1 of 1
[2022-06-12 17:46:36,625] {taskinstance.py:1358} INFO - 
--------------------------------------------------------------------------------
[2022-06-12 17:46:36,703] {taskinstance.py:1377} INFO - Executing <Task(_PythonDecoratedOperator): get_data_to_ingest_from_local_file_task> on 2022-06-12 07:52:00+00:00
[2022-06-12 17:46:36,709] {standard_task_runner.py:52} INFO - Started process 10746 to run task
[2022-06-12 17:46:36,716] {standard_task_runner.py:79} INFO - Running: ['airflow', 'tasks', 'run', 'ingest_data', 'get_data_to_ingest_from_local_file_task', 'scheduled__2022-06-12T07:52:00+00:00', '--job-id', '1337', '--raw', '--subdir', 'DAGS_FOLDER/ingestion_dag.py', '--cfg-path', '/tmp/tmpke4b6ate', '--error-file', '/tmp/tmpupzxgnn4']
[2022-06-12 17:46:36,737] {standard_task_runner.py:80} INFO - Job 1337: Subtask get_data_to_ingest_from_local_file_task
[2022-06-12 17:46:36,876] {task_command.py:370} INFO - Running <TaskInstance: ingest_data.get_data_to_ingest_from_local_file_task scheduled__2022-06-12T07:52:00+00:00 [running]> on host DESKTOP-GDPK8BL.localdomain
[2022-06-12 17:46:37,362] {taskinstance.py:1569} INFO - Exporting the following env vars:
AIRFLOW_CTX_DAG_OWNER=airflow
AIRFLOW_CTX_DAG_ID=ingest_data
AIRFLOW_CTX_TASK_ID=get_data_to_ingest_from_local_file_task
AIRFLOW_CTX_EXECUTION_DATE=2022-06-12T07:52:00+00:00
AIRFLOW_CTX_TRY_NUMBER=1
AIRFLOW_CTX_DAG_RUN_ID=scheduled__2022-06-12T07:52:00+00:00
[2022-06-12 17:46:37,434] {python.py:173} INFO - Done. Returned value was:           AT      V       AP     RH      PE
19429  25.28  72.39  1002.28  89.43  432.52
26830   7.64  42.28  1008.49  83.42  483.74
19627   5.57  42.85  1013.55  92.14  488.85
28763  28.10  61.02  1011.28  59.05  437.50
25594  14.35  40.71  1023.09  69.50  473.56
[2022-06-12 17:46:37,598] {taskinstance.py:1395} INFO - Marking task as SUCCESS. dag_id=ingest_data, task_id=get_data_to_ingest_from_local_file_task, execution_date=20220612T075200, start_date=20220612T154636, end_date=20220612T154637
[2022-06-12 17:46:37,667] {local_task_job.py:156} INFO - Task exited with return code 0
[2022-06-12 17:46:37,895] {local_task_job.py:273} INFO - 1 downstream tasks scheduled from follow-on schedule check
