[2022-06-15 19:11:32,879] {taskinstance.py:1159} INFO - Dependencies all met for <TaskInstance: loan_pred.get_data_to_ingest_from_local_file_task scheduled__2022-06-14T21:06:00+00:00 [queued]>
[2022-06-15 19:11:32,901] {taskinstance.py:1159} INFO - Dependencies all met for <TaskInstance: loan_pred.get_data_to_ingest_from_local_file_task scheduled__2022-06-14T21:06:00+00:00 [queued]>
[2022-06-15 19:11:32,903] {taskinstance.py:1356} INFO - 
--------------------------------------------------------------------------------
[2022-06-15 19:11:32,903] {taskinstance.py:1357} INFO - Starting attempt 1 of 1
[2022-06-15 19:11:32,904] {taskinstance.py:1358} INFO - 
--------------------------------------------------------------------------------
[2022-06-15 19:11:32,992] {taskinstance.py:1377} INFO - Executing <Task(_PythonDecoratedOperator): get_data_to_ingest_from_local_file_task> on 2022-06-14 21:06:00+00:00
[2022-06-15 19:11:32,998] {standard_task_runner.py:52} INFO - Started process 345 to run task
[2022-06-15 19:11:33,005] {standard_task_runner.py:79} INFO - Running: ['airflow', 'tasks', 'run', 'loan_pred', 'get_data_to_ingest_from_local_file_task', 'scheduled__2022-06-14T21:06:00+00:00', '--job-id', '1584', '--raw', '--subdir', 'DAGS_FOLDER/loan_pred.py', '--cfg-path', '/tmp/tmp53b5rmc9', '--error-file', '/tmp/tmpxb5wmfh_']
[2022-06-15 19:11:33,007] {standard_task_runner.py:80} INFO - Job 1584: Subtask get_data_to_ingest_from_local_file_task
[2022-06-15 19:11:33,143] {task_command.py:370} INFO - Running <TaskInstance: loan_pred.get_data_to_ingest_from_local_file_task scheduled__2022-06-14T21:06:00+00:00 [running]> on host DESKTOP-GDPK8BL.localdomain
[2022-06-15 19:11:33,664] {taskinstance.py:1569} INFO - Exporting the following env vars:
AIRFLOW_CTX_DAG_OWNER=airflow
AIRFLOW_CTX_DAG_ID=loan_pred
AIRFLOW_CTX_TASK_ID=get_data_to_ingest_from_local_file_task
AIRFLOW_CTX_EXECUTION_DATE=2022-06-14T21:06:00+00:00
AIRFLOW_CTX_TRY_NUMBER=1
AIRFLOW_CTX_DAG_RUN_ID=scheduled__2022-06-14T21:06:00+00:00
[2022-06-15 19:11:33,686] {python.py:173} INFO - Done. Returned value was:       Loan_ID  Gender Married Dependents  ... LoanAmount Loan_Amount_Term  Credit_History  Property_Area
164  LP001921    Male      No          1  ...       80.0            240.0             NaN          Rural
110  LP001584  Female      No          0  ...      108.0            360.0             1.0      Semiurban
257  LP002402    Male     Yes          0  ...      160.0            360.0             1.0          Urban
229  LP002286    Male     Yes         3+  ...      125.0            360.0             0.0          Urban
167  LP001943    Male     Yes          0  ...      135.0            360.0             1.0          Urban

[5 rows x 12 columns]
[2022-06-15 19:11:33,913] {taskinstance.py:1395} INFO - Marking task as SUCCESS. dag_id=loan_pred, task_id=get_data_to_ingest_from_local_file_task, execution_date=20220614T210600, start_date=20220615T171132, end_date=20220615T171133
[2022-06-15 19:11:34,023] {local_task_job.py:156} INFO - Task exited with return code 0
[2022-06-15 19:11:34,378] {local_task_job.py:273} INFO - 1 downstream tasks scheduled from follow-on schedule check
