[2022-06-12 19:44:00,284] {taskinstance.py:1159} INFO - Dependencies all met for <TaskInstance: ingest_data.get_data_to_ingest_from_local_file_task scheduled__2022-06-12T08:40:00+00:00 [queued]>
[2022-06-12 19:44:00,317] {taskinstance.py:1159} INFO - Dependencies all met for <TaskInstance: ingest_data.get_data_to_ingest_from_local_file_task scheduled__2022-06-12T08:40:00+00:00 [queued]>
[2022-06-12 19:44:00,317] {taskinstance.py:1356} INFO - 
--------------------------------------------------------------------------------
[2022-06-12 19:44:00,317] {taskinstance.py:1357} INFO - Starting attempt 1 of 1
[2022-06-12 19:44:00,318] {taskinstance.py:1358} INFO - 
--------------------------------------------------------------------------------
[2022-06-12 19:44:00,371] {taskinstance.py:1377} INFO - Executing <Task(_PythonDecoratedOperator): get_data_to_ingest_from_local_file_task> on 2022-06-12 08:40:00+00:00
[2022-06-12 19:44:00,378] {standard_task_runner.py:52} INFO - Started process 11459 to run task
[2022-06-12 19:44:00,384] {standard_task_runner.py:79} INFO - Running: ['airflow', 'tasks', 'run', 'ingest_data', 'get_data_to_ingest_from_local_file_task', 'scheduled__2022-06-12T08:40:00+00:00', '--job-id', '1433', '--raw', '--subdir', 'DAGS_FOLDER/ingestion_dag.py', '--cfg-path', '/tmp/tmpng0tjr68', '--error-file', '/tmp/tmps8_d35y4']
[2022-06-12 19:44:00,386] {standard_task_runner.py:80} INFO - Job 1433: Subtask get_data_to_ingest_from_local_file_task
[2022-06-12 19:44:00,532] {task_command.py:370} INFO - Running <TaskInstance: ingest_data.get_data_to_ingest_from_local_file_task scheduled__2022-06-12T08:40:00+00:00 [running]> on host DESKTOP-GDPK8BL.localdomain
[2022-06-12 19:44:01,004] {taskinstance.py:1569} INFO - Exporting the following env vars:
AIRFLOW_CTX_DAG_OWNER=airflow
AIRFLOW_CTX_DAG_ID=ingest_data
AIRFLOW_CTX_TASK_ID=get_data_to_ingest_from_local_file_task
AIRFLOW_CTX_EXECUTION_DATE=2022-06-12T08:40:00+00:00
AIRFLOW_CTX_TRY_NUMBER=1
AIRFLOW_CTX_DAG_RUN_ID=scheduled__2022-06-12T08:40:00+00:00
[2022-06-12 19:44:01,074] {python.py:173} INFO - Done. Returned value was:           AT      V       AP     RH      PE
32012  23.94  59.39  1014.32  74.55  438.64
32101   9.68  41.06  1022.75  87.44  476.67
40572  21.81  60.27  1015.93  91.38  441.85
41842  32.34  74.99  1002.77  42.83  433.07
28818  16.31  42.28  1007.45  77.77  466.49
[2022-06-12 19:44:01,242] {taskinstance.py:1395} INFO - Marking task as SUCCESS. dag_id=ingest_data, task_id=get_data_to_ingest_from_local_file_task, execution_date=20220612T084000, start_date=20220612T174400, end_date=20220612T174401
[2022-06-12 19:44:01,323] {local_task_job.py:156} INFO - Task exited with return code 0
[2022-06-12 19:44:01,525] {local_task_job.py:273} INFO - 1 downstream tasks scheduled from follow-on schedule check
