[2022-06-12 17:35:26,509] {taskinstance.py:1159} INFO - Dependencies all met for <TaskInstance: ingest_data.get_data_to_ingest_from_local_file_task scheduled__2022-06-12T06:41:00+00:00 [queued]>
[2022-06-12 17:35:26,539] {taskinstance.py:1159} INFO - Dependencies all met for <TaskInstance: ingest_data.get_data_to_ingest_from_local_file_task scheduled__2022-06-12T06:41:00+00:00 [queued]>
[2022-06-12 17:35:26,540] {taskinstance.py:1356} INFO - 
--------------------------------------------------------------------------------
[2022-06-12 17:35:26,540] {taskinstance.py:1357} INFO - Starting attempt 1 of 1
[2022-06-12 17:35:26,541] {taskinstance.py:1358} INFO - 
--------------------------------------------------------------------------------
[2022-06-12 17:35:26,595] {taskinstance.py:1377} INFO - Executing <Task(_PythonDecoratedOperator): get_data_to_ingest_from_local_file_task> on 2022-06-12 06:41:00+00:00
[2022-06-12 17:35:26,601] {standard_task_runner.py:52} INFO - Started process 9696 to run task
[2022-06-12 17:35:26,607] {standard_task_runner.py:79} INFO - Running: ['airflow', 'tasks', 'run', 'ingest_data', 'get_data_to_ingest_from_local_file_task', 'scheduled__2022-06-12T06:41:00+00:00', '--job-id', '1195', '--raw', '--subdir', 'DAGS_FOLDER/ingestion_dag.py', '--cfg-path', '/tmp/tmp8reneiqj', '--error-file', '/tmp/tmpgmz9okqe']
[2022-06-12 17:35:26,609] {standard_task_runner.py:80} INFO - Job 1195: Subtask get_data_to_ingest_from_local_file_task
[2022-06-12 17:35:26,783] {task_command.py:370} INFO - Running <TaskInstance: ingest_data.get_data_to_ingest_from_local_file_task scheduled__2022-06-12T06:41:00+00:00 [running]> on host DESKTOP-GDPK8BL.localdomain
[2022-06-12 17:35:27,237] {taskinstance.py:1569} INFO - Exporting the following env vars:
AIRFLOW_CTX_DAG_OWNER=airflow
AIRFLOW_CTX_DAG_ID=ingest_data
AIRFLOW_CTX_TASK_ID=get_data_to_ingest_from_local_file_task
AIRFLOW_CTX_EXECUTION_DATE=2022-06-12T06:41:00+00:00
AIRFLOW_CTX_TRY_NUMBER=1
AIRFLOW_CTX_DAG_RUN_ID=scheduled__2022-06-12T06:41:00+00:00
[2022-06-12 17:35:27,307] {python.py:173} INFO - Done. Returned value was:           AT      V       AP     RH      PE
16535  28.94  71.64  1006.59  69.24  438.96
2598   13.97  52.05  1012.05  85.36  463.64
26338  31.41  64.44  1013.84  49.49  439.30
17672  11.28  42.44  1014.62  99.78  473.36
35492  28.84  75.60  1018.41  53.96  442.69
[2022-06-12 17:35:27,470] {taskinstance.py:1395} INFO - Marking task as SUCCESS. dag_id=ingest_data, task_id=get_data_to_ingest_from_local_file_task, execution_date=20220612T064100, start_date=20220612T153526, end_date=20220612T153527
[2022-06-12 17:35:27,545] {local_task_job.py:156} INFO - Task exited with return code 0
[2022-06-12 17:35:27,772] {local_task_job.py:273} INFO - 1 downstream tasks scheduled from follow-on schedule check
