[2022-06-12 17:48:46,341] {taskinstance.py:1159} INFO - Dependencies all met for <TaskInstance: ingest_data.get_data_to_ingest_from_local_file_task scheduled__2022-06-12T08:05:00+00:00 [queued]>
[2022-06-12 17:48:46,374] {taskinstance.py:1159} INFO - Dependencies all met for <TaskInstance: ingest_data.get_data_to_ingest_from_local_file_task scheduled__2022-06-12T08:05:00+00:00 [queued]>
[2022-06-12 17:48:46,375] {taskinstance.py:1356} INFO - 
--------------------------------------------------------------------------------
[2022-06-12 17:48:46,375] {taskinstance.py:1357} INFO - Starting attempt 1 of 1
[2022-06-12 17:48:46,376] {taskinstance.py:1358} INFO - 
--------------------------------------------------------------------------------
[2022-06-12 17:48:46,431] {taskinstance.py:1377} INFO - Executing <Task(_PythonDecoratedOperator): get_data_to_ingest_from_local_file_task> on 2022-06-12 08:05:00+00:00
[2022-06-12 17:48:46,436] {standard_task_runner.py:52} INFO - Started process 10945 to run task
[2022-06-12 17:48:46,444] {standard_task_runner.py:79} INFO - Running: ['airflow', 'tasks', 'run', 'ingest_data', 'get_data_to_ingest_from_local_file_task', 'scheduled__2022-06-12T08:05:00+00:00', '--job-id', '1364', '--raw', '--subdir', 'DAGS_FOLDER/ingestion_dag.py', '--cfg-path', '/tmp/tmpjj6k5_vs', '--error-file', '/tmp/tmp5ewmy77h']
[2022-06-12 17:48:46,445] {standard_task_runner.py:80} INFO - Job 1364: Subtask get_data_to_ingest_from_local_file_task
[2022-06-12 17:48:46,611] {task_command.py:370} INFO - Running <TaskInstance: ingest_data.get_data_to_ingest_from_local_file_task scheduled__2022-06-12T08:05:00+00:00 [running]> on host DESKTOP-GDPK8BL.localdomain
[2022-06-12 17:48:47,055] {taskinstance.py:1569} INFO - Exporting the following env vars:
AIRFLOW_CTX_DAG_OWNER=airflow
AIRFLOW_CTX_DAG_ID=ingest_data
AIRFLOW_CTX_TASK_ID=get_data_to_ingest_from_local_file_task
AIRFLOW_CTX_EXECUTION_DATE=2022-06-12T08:05:00+00:00
AIRFLOW_CTX_TRY_NUMBER=1
AIRFLOW_CTX_DAG_RUN_ID=scheduled__2022-06-12T08:05:00+00:00
[2022-06-12 17:48:47,128] {python.py:173} INFO - Done. Returned value was:           AT      V       AP     RH      PE
18388  27.52  66.48  1004.99  52.54  429.67
30146  28.05  62.60  1017.01  46.46  449.73
27043  24.76  63.07  1012.73  70.39  443.04
15491  21.37  81.56  1006.57  81.56  434.38
27176  16.58  43.99  1021.81  79.29  458.67
[2022-06-12 17:48:47,300] {taskinstance.py:1395} INFO - Marking task as SUCCESS. dag_id=ingest_data, task_id=get_data_to_ingest_from_local_file_task, execution_date=20220612T080500, start_date=20220612T154846, end_date=20220612T154847
[2022-06-12 17:48:47,382] {local_task_job.py:156} INFO - Task exited with return code 0
[2022-06-12 17:48:47,643] {local_task_job.py:273} INFO - 1 downstream tasks scheduled from follow-on schedule check
