[2022-06-12 17:41:25,983] {taskinstance.py:1159} INFO - Dependencies all met for <TaskInstance: ingest_data.get_data_to_ingest_from_local_file_task scheduled__2022-06-12T07:19:00+00:00 [queued]>
[2022-06-12 17:41:26,032] {taskinstance.py:1159} INFO - Dependencies all met for <TaskInstance: ingest_data.get_data_to_ingest_from_local_file_task scheduled__2022-06-12T07:19:00+00:00 [queued]>
[2022-06-12 17:41:26,033] {taskinstance.py:1356} INFO - 
--------------------------------------------------------------------------------
[2022-06-12 17:41:26,034] {taskinstance.py:1357} INFO - Starting attempt 1 of 1
[2022-06-12 17:41:26,035] {taskinstance.py:1358} INFO - 
--------------------------------------------------------------------------------
[2022-06-12 17:41:26,095] {taskinstance.py:1377} INFO - Executing <Task(_PythonDecoratedOperator): get_data_to_ingest_from_local_file_task> on 2022-06-12 07:19:00+00:00
[2022-06-12 17:41:26,101] {standard_task_runner.py:52} INFO - Started process 10258 to run task
[2022-06-12 17:41:26,107] {standard_task_runner.py:79} INFO - Running: ['airflow', 'tasks', 'run', 'ingest_data', 'get_data_to_ingest_from_local_file_task', 'scheduled__2022-06-12T07:19:00+00:00', '--job-id', '1271', '--raw', '--subdir', 'DAGS_FOLDER/ingestion_dag.py', '--cfg-path', '/tmp/tmpfeubikzm', '--error-file', '/tmp/tmp_xg4mt7d']
[2022-06-12 17:41:26,108] {standard_task_runner.py:80} INFO - Job 1271: Subtask get_data_to_ingest_from_local_file_task
[2022-06-12 17:41:26,254] {task_command.py:370} INFO - Running <TaskInstance: ingest_data.get_data_to_ingest_from_local_file_task scheduled__2022-06-12T07:19:00+00:00 [running]> on host DESKTOP-GDPK8BL.localdomain
[2022-06-12 17:41:26,704] {taskinstance.py:1569} INFO - Exporting the following env vars:
AIRFLOW_CTX_DAG_OWNER=airflow
AIRFLOW_CTX_DAG_ID=ingest_data
AIRFLOW_CTX_TASK_ID=get_data_to_ingest_from_local_file_task
AIRFLOW_CTX_EXECUTION_DATE=2022-06-12T07:19:00+00:00
AIRFLOW_CTX_TRY_NUMBER=1
AIRFLOW_CTX_DAG_RUN_ID=scheduled__2022-06-12T07:19:00+00:00
[2022-06-12 17:41:26,780] {python.py:173} INFO - Done. Returned value was:           AT      V       AP     RH      PE
34124   8.88  36.30  1015.27  56.96  478.70
3221   17.47  43.56  1014.15  54.71  460.87
38950  24.39  63.21  1012.59  80.88  446.40
30928  27.54  51.43  1012.30  54.82  439.80
32832  27.96  77.24  1007.23  78.51  433.35
[2022-06-12 17:41:26,947] {taskinstance.py:1395} INFO - Marking task as SUCCESS. dag_id=ingest_data, task_id=get_data_to_ingest_from_local_file_task, execution_date=20220612T071900, start_date=20220612T154125, end_date=20220612T154126
[2022-06-12 17:41:27,046] {local_task_job.py:156} INFO - Task exited with return code 0
[2022-06-12 17:41:27,277] {local_task_job.py:273} INFO - 1 downstream tasks scheduled from follow-on schedule check
