[2022-06-12 17:47:17,595] {taskinstance.py:1159} INFO - Dependencies all met for <TaskInstance: ingest_data.save_data_task scheduled__2022-06-12T07:55:00+00:00 [queued]>
[2022-06-12 17:47:17,628] {taskinstance.py:1159} INFO - Dependencies all met for <TaskInstance: ingest_data.save_data_task scheduled__2022-06-12T07:55:00+00:00 [queued]>
[2022-06-12 17:47:17,628] {taskinstance.py:1356} INFO - 
--------------------------------------------------------------------------------
[2022-06-12 17:47:17,629] {taskinstance.py:1357} INFO - Starting attempt 1 of 1
[2022-06-12 17:47:17,630] {taskinstance.py:1358} INFO - 
--------------------------------------------------------------------------------
[2022-06-12 17:47:17,684] {taskinstance.py:1377} INFO - Executing <Task(_PythonDecoratedOperator): save_data_task> on 2022-06-12 07:55:00+00:00
[2022-06-12 17:47:17,692] {standard_task_runner.py:52} INFO - Started process 10812 to run task
[2022-06-12 17:47:17,700] {standard_task_runner.py:79} INFO - Running: ['airflow', 'tasks', 'run', 'ingest_data', 'save_data_task', 'scheduled__2022-06-12T07:55:00+00:00', '--job-id', '1346', '--raw', '--subdir', 'DAGS_FOLDER/ingestion_dag.py', '--cfg-path', '/tmp/tmpoggx61ap', '--error-file', '/tmp/tmp2s7d_tbf']
[2022-06-12 17:47:17,702] {standard_task_runner.py:80} INFO - Job 1346: Subtask save_data_task
[2022-06-12 17:47:17,856] {task_command.py:370} INFO - Running <TaskInstance: ingest_data.save_data_task scheduled__2022-06-12T07:55:00+00:00 [running]> on host DESKTOP-GDPK8BL.localdomain
[2022-06-12 17:47:18,437] {taskinstance.py:1569} INFO - Exporting the following env vars:
AIRFLOW_CTX_DAG_OWNER=airflow
AIRFLOW_CTX_DAG_ID=ingest_data
AIRFLOW_CTX_TASK_ID=save_data_task
AIRFLOW_CTX_EXECUTION_DATE=2022-06-12T07:55:00+00:00
AIRFLOW_CTX_TRY_NUMBER=1
AIRFLOW_CTX_DAG_RUN_ID=scheduled__2022-06-12T07:55:00+00:00
[2022-06-12 17:47:18,451] {python.py:173} INFO - Done. Returned value was: None
[2022-06-12 17:47:18,477] {taskinstance.py:1395} INFO - Marking task as SUCCESS. dag_id=ingest_data, task_id=save_data_task, execution_date=20220612T075500, start_date=20220612T154717, end_date=20220612T154718
[2022-06-12 17:47:18,556] {local_task_job.py:156} INFO - Task exited with return code 0
[2022-06-12 17:47:18,725] {local_task_job.py:273} INFO - 0 downstream tasks scheduled from follow-on schedule check
