[2022-06-12 16:15:09,663] {taskinstance.py:1159} INFO - Dependencies all met for <TaskInstance: ingest_data.get_data_to_ingest_from_local_file_task scheduled__2022-06-11T22:51:00+00:00 [queued]>
[2022-06-12 16:15:09,691] {taskinstance.py:1159} INFO - Dependencies all met for <TaskInstance: ingest_data.get_data_to_ingest_from_local_file_task scheduled__2022-06-11T22:51:00+00:00 [queued]>
[2022-06-12 16:15:09,692] {taskinstance.py:1356} INFO - 
--------------------------------------------------------------------------------
[2022-06-12 16:15:09,693] {taskinstance.py:1357} INFO - Starting attempt 1 of 1
[2022-06-12 16:15:09,693] {taskinstance.py:1358} INFO - 
--------------------------------------------------------------------------------
[2022-06-12 16:15:09,765] {taskinstance.py:1377} INFO - Executing <Task(_PythonDecoratedOperator): get_data_to_ingest_from_local_file_task> on 2022-06-11 22:51:00+00:00
[2022-06-12 16:15:09,772] {standard_task_runner.py:52} INFO - Started process 2631 to run task
[2022-06-12 16:15:09,778] {standard_task_runner.py:79} INFO - Running: ['airflow', 'tasks', 'run', 'ingest_data', 'get_data_to_ingest_from_local_file_task', 'scheduled__2022-06-11T22:51:00+00:00', '--job-id', '256', '--raw', '--subdir', 'DAGS_FOLDER/ingestion_dag.py', '--cfg-path', '/tmp/tmpju_stcfv', '--error-file', '/tmp/tmphtl130p4']
[2022-06-12 16:15:09,780] {standard_task_runner.py:80} INFO - Job 256: Subtask get_data_to_ingest_from_local_file_task
[2022-06-12 16:15:09,927] {task_command.py:370} INFO - Running <TaskInstance: ingest_data.get_data_to_ingest_from_local_file_task scheduled__2022-06-11T22:51:00+00:00 [running]> on host DESKTOP-GDPK8BL.localdomain
[2022-06-12 16:15:10,275] {taskinstance.py:1569} INFO - Exporting the following env vars:
AIRFLOW_CTX_DAG_OWNER=airflow
AIRFLOW_CTX_DAG_ID=ingest_data
AIRFLOW_CTX_TASK_ID=get_data_to_ingest_from_local_file_task
AIRFLOW_CTX_EXECUTION_DATE=2022-06-11T22:51:00+00:00
AIRFLOW_CTX_TRY_NUMBER=1
AIRFLOW_CTX_DAG_RUN_ID=scheduled__2022-06-11T22:51:00+00:00
[2022-06-12 16:15:10,345] {python.py:173} INFO - Done. Returned value was:           AT      V       AP     RH      PE
13185  32.72  69.75  1009.60  49.35  437.99
40002  25.66  61.08  1013.00  71.21  446.05
35650  21.28  44.05  1005.69  83.20  444.56
42647  29.86  70.80  1010.22  70.36  437.47
40929  25.72  72.39  1003.01  86.38  432.77
[2022-06-12 16:15:10,468] {taskinstance.py:1395} INFO - Marking task as SUCCESS. dag_id=ingest_data, task_id=get_data_to_ingest_from_local_file_task, execution_date=20220611T225100, start_date=20220612T141509, end_date=20220612T141510
[2022-06-12 16:15:10,559] {local_task_job.py:156} INFO - Task exited with return code 0
[2022-06-12 16:15:10,789] {local_task_job.py:273} INFO - 1 downstream tasks scheduled from follow-on schedule check
