[2022-06-12 16:35:33,010] {taskinstance.py:1159} INFO - Dependencies all met for <TaskInstance: ingest_data.get_data_to_ingest_from_local_file_task scheduled__2022-06-12T00:53:00+00:00 [queued]>
[2022-06-12 16:35:33,037] {taskinstance.py:1159} INFO - Dependencies all met for <TaskInstance: ingest_data.get_data_to_ingest_from_local_file_task scheduled__2022-06-12T00:53:00+00:00 [queued]>
[2022-06-12 16:35:33,038] {taskinstance.py:1356} INFO - 
--------------------------------------------------------------------------------
[2022-06-12 16:35:33,038] {taskinstance.py:1357} INFO - Starting attempt 1 of 1
[2022-06-12 16:35:33,039] {taskinstance.py:1358} INFO - 
--------------------------------------------------------------------------------
[2022-06-12 16:35:33,095] {taskinstance.py:1377} INFO - Executing <Task(_PythonDecoratedOperator): get_data_to_ingest_from_local_file_task> on 2022-06-12 00:53:00+00:00
[2022-06-12 16:35:33,101] {standard_task_runner.py:52} INFO - Started process 4528 to run task
[2022-06-12 16:35:33,108] {standard_task_runner.py:79} INFO - Running: ['airflow', 'tasks', 'run', 'ingest_data', 'get_data_to_ingest_from_local_file_task', 'scheduled__2022-06-12T00:53:00+00:00', '--job-id', '499', '--raw', '--subdir', 'DAGS_FOLDER/ingestion_dag.py', '--cfg-path', '/tmp/tmpzggcb7vd', '--error-file', '/tmp/tmp4u92helc']
[2022-06-12 16:35:33,110] {standard_task_runner.py:80} INFO - Job 499: Subtask get_data_to_ingest_from_local_file_task
[2022-06-12 16:35:33,249] {task_command.py:370} INFO - Running <TaskInstance: ingest_data.get_data_to_ingest_from_local_file_task scheduled__2022-06-12T00:53:00+00:00 [running]> on host DESKTOP-GDPK8BL.localdomain
[2022-06-12 16:35:33,595] {taskinstance.py:1569} INFO - Exporting the following env vars:
AIRFLOW_CTX_DAG_OWNER=airflow
AIRFLOW_CTX_DAG_ID=ingest_data
AIRFLOW_CTX_TASK_ID=get_data_to_ingest_from_local_file_task
AIRFLOW_CTX_EXECUTION_DATE=2022-06-12T00:53:00+00:00
AIRFLOW_CTX_TRY_NUMBER=1
AIRFLOW_CTX_DAG_RUN_ID=scheduled__2022-06-12T00:53:00+00:00
[2022-06-12 16:35:33,669] {python.py:173} INFO - Done. Returned value was:           AT      V       AP     RH      PE
24887   7.85  37.80  1020.90  59.19  478.68
3925   17.62  43.69  1016.49  67.92  465.93
41886  24.04  72.43  1008.02  87.20  439.39
23093  23.26  58.20  1016.72  57.98  446.87
7579   13.61  42.34  1017.57  91.35  465.65
[2022-06-12 16:35:33,784] {taskinstance.py:1395} INFO - Marking task as SUCCESS. dag_id=ingest_data, task_id=get_data_to_ingest_from_local_file_task, execution_date=20220612T005300, start_date=20220612T143533, end_date=20220612T143533
[2022-06-12 16:35:33,847] {local_task_job.py:156} INFO - Task exited with return code 0
[2022-06-12 16:35:34,063] {local_task_job.py:273} INFO - 1 downstream tasks scheduled from follow-on schedule check
