[2022-06-12 19:49:51,300] {taskinstance.py:1159} INFO - Dependencies all met for <TaskInstance: ingest_data.get_data_to_ingest_from_local_file_task scheduled__2022-06-12T09:17:00+00:00 [queued]>
[2022-06-12 19:49:51,336] {taskinstance.py:1159} INFO - Dependencies all met for <TaskInstance: ingest_data.get_data_to_ingest_from_local_file_task scheduled__2022-06-12T09:17:00+00:00 [queued]>
[2022-06-12 19:49:51,337] {taskinstance.py:1356} INFO - 
--------------------------------------------------------------------------------
[2022-06-12 19:49:51,337] {taskinstance.py:1357} INFO - Starting attempt 1 of 1
[2022-06-12 19:49:51,338] {taskinstance.py:1358} INFO - 
--------------------------------------------------------------------------------
[2022-06-12 19:49:51,423] {taskinstance.py:1377} INFO - Executing <Task(_PythonDecoratedOperator): get_data_to_ingest_from_local_file_task> on 2022-06-12 09:17:00+00:00
[2022-06-12 19:49:51,429] {standard_task_runner.py:52} INFO - Started process 12005 to run task
[2022-06-12 19:49:51,435] {standard_task_runner.py:79} INFO - Running: ['airflow', 'tasks', 'run', 'ingest_data', 'get_data_to_ingest_from_local_file_task', 'scheduled__2022-06-12T09:17:00+00:00', '--job-id', '1507', '--raw', '--subdir', 'DAGS_FOLDER/ingestion_dag.py', '--cfg-path', '/tmp/tmpx8chwut1', '--error-file', '/tmp/tmphuirj9__']
[2022-06-12 19:49:51,437] {standard_task_runner.py:80} INFO - Job 1507: Subtask get_data_to_ingest_from_local_file_task
[2022-06-12 19:49:51,577] {task_command.py:370} INFO - Running <TaskInstance: ingest_data.get_data_to_ingest_from_local_file_task scheduled__2022-06-12T09:17:00+00:00 [running]> on host DESKTOP-GDPK8BL.localdomain
[2022-06-12 19:49:52,066] {taskinstance.py:1569} INFO - Exporting the following env vars:
AIRFLOW_CTX_DAG_OWNER=airflow
AIRFLOW_CTX_DAG_ID=ingest_data
AIRFLOW_CTX_TASK_ID=get_data_to_ingest_from_local_file_task
AIRFLOW_CTX_EXECUTION_DATE=2022-06-12T09:17:00+00:00
AIRFLOW_CTX_TRY_NUMBER=1
AIRFLOW_CTX_DAG_RUN_ID=scheduled__2022-06-12T09:17:00+00:00
[2022-06-12 19:49:52,140] {python.py:173} INFO - Done. Returned value was:           AT      V       AP     RH      PE
8274    6.17  41.31  1002.49  87.59  481.27
31161  27.18  64.79  1016.27  63.70  443.87
29946  21.67  50.32  1008.41  85.99  445.31
26193   9.19  42.44  1014.38  94.24  481.55
37933  11.47  40.27  1005.39  77.40  479.44
[2022-06-12 19:49:52,326] {taskinstance.py:1395} INFO - Marking task as SUCCESS. dag_id=ingest_data, task_id=get_data_to_ingest_from_local_file_task, execution_date=20220612T091700, start_date=20220612T174951, end_date=20220612T174952
[2022-06-12 19:49:52,414] {local_task_job.py:156} INFO - Task exited with return code 0
[2022-06-12 19:49:52,632] {local_task_job.py:273} INFO - 1 downstream tasks scheduled from follow-on schedule check
