[2022-06-12 17:26:15,416] {taskinstance.py:1159} INFO - Dependencies all met for <TaskInstance: ingest_data.get_data_to_ingest_from_local_file_task scheduled__2022-06-12T05:42:00+00:00 [queued]>
[2022-06-12 17:26:15,445] {taskinstance.py:1159} INFO - Dependencies all met for <TaskInstance: ingest_data.get_data_to_ingest_from_local_file_task scheduled__2022-06-12T05:42:00+00:00 [queued]>
[2022-06-12 17:26:15,446] {taskinstance.py:1356} INFO - 
--------------------------------------------------------------------------------
[2022-06-12 17:26:15,446] {taskinstance.py:1357} INFO - Starting attempt 1 of 1
[2022-06-12 17:26:15,447] {taskinstance.py:1358} INFO - 
--------------------------------------------------------------------------------
[2022-06-12 17:26:15,500] {taskinstance.py:1377} INFO - Executing <Task(_PythonDecoratedOperator): get_data_to_ingest_from_local_file_task> on 2022-06-12 05:42:00+00:00
[2022-06-12 17:26:15,509] {standard_task_runner.py:52} INFO - Started process 8825 to run task
[2022-06-12 17:26:15,513] {standard_task_runner.py:79} INFO - Running: ['airflow', 'tasks', 'run', 'ingest_data', 'get_data_to_ingest_from_local_file_task', 'scheduled__2022-06-12T05:42:00+00:00', '--job-id', '1077', '--raw', '--subdir', 'DAGS_FOLDER/ingestion_dag.py', '--cfg-path', '/tmp/tmp1qxnk32x', '--error-file', '/tmp/tmptt3_lk79']
[2022-06-12 17:26:15,515] {standard_task_runner.py:80} INFO - Job 1077: Subtask get_data_to_ingest_from_local_file_task
[2022-06-12 17:26:15,676] {task_command.py:370} INFO - Running <TaskInstance: ingest_data.get_data_to_ingest_from_local_file_task scheduled__2022-06-12T05:42:00+00:00 [running]> on host DESKTOP-GDPK8BL.localdomain
[2022-06-12 17:26:16,106] {taskinstance.py:1569} INFO - Exporting the following env vars:
AIRFLOW_CTX_DAG_OWNER=airflow
AIRFLOW_CTX_DAG_ID=ingest_data
AIRFLOW_CTX_TASK_ID=get_data_to_ingest_from_local_file_task
AIRFLOW_CTX_EXECUTION_DATE=2022-06-12T05:42:00+00:00
AIRFLOW_CTX_TRY_NUMBER=1
AIRFLOW_CTX_DAG_RUN_ID=scheduled__2022-06-12T05:42:00+00:00
[2022-06-12 17:26:16,179] {python.py:173} INFO - Done. Returned value was:           AT      V       AP     RH      PE
35252  11.61  40.81  1025.68  72.08  473.08
12634  28.26  69.23  1013.01  42.10  436.31
20360  18.86  42.18  1001.16  98.58  457.07
15261  14.10  48.92  1011.60  84.39  461.34
5323   11.54  40.77  1022.13  83.50  465.61
[2022-06-12 17:26:16,332] {taskinstance.py:1395} INFO - Marking task as SUCCESS. dag_id=ingest_data, task_id=get_data_to_ingest_from_local_file_task, execution_date=20220612T054200, start_date=20220612T152615, end_date=20220612T152616
[2022-06-12 17:26:16,411] {local_task_job.py:156} INFO - Task exited with return code 0
[2022-06-12 17:26:16,628] {local_task_job.py:273} INFO - 1 downstream tasks scheduled from follow-on schedule check
