[2022-06-12 16:33:25,177] {taskinstance.py:1159} INFO - Dependencies all met for <TaskInstance: ingest_data.get_data_to_ingest_from_local_file_task scheduled__2022-06-12T00:40:00+00:00 [queued]>
[2022-06-12 16:33:25,204] {taskinstance.py:1159} INFO - Dependencies all met for <TaskInstance: ingest_data.get_data_to_ingest_from_local_file_task scheduled__2022-06-12T00:40:00+00:00 [queued]>
[2022-06-12 16:33:25,204] {taskinstance.py:1356} INFO - 
--------------------------------------------------------------------------------
[2022-06-12 16:33:25,205] {taskinstance.py:1357} INFO - Starting attempt 1 of 1
[2022-06-12 16:33:25,206] {taskinstance.py:1358} INFO - 
--------------------------------------------------------------------------------
[2022-06-12 16:33:25,259] {taskinstance.py:1377} INFO - Executing <Task(_PythonDecoratedOperator): get_data_to_ingest_from_local_file_task> on 2022-06-12 00:40:00+00:00
[2022-06-12 16:33:25,264] {standard_task_runner.py:52} INFO - Started process 4336 to run task
[2022-06-12 16:33:25,271] {standard_task_runner.py:79} INFO - Running: ['airflow', 'tasks', 'run', 'ingest_data', 'get_data_to_ingest_from_local_file_task', 'scheduled__2022-06-12T00:40:00+00:00', '--job-id', '473', '--raw', '--subdir', 'DAGS_FOLDER/ingestion_dag.py', '--cfg-path', '/tmp/tmpf7qmgdrv', '--error-file', '/tmp/tmpr2n7kyll']
[2022-06-12 16:33:25,273] {standard_task_runner.py:80} INFO - Job 473: Subtask get_data_to_ingest_from_local_file_task
[2022-06-12 16:33:25,427] {task_command.py:370} INFO - Running <TaskInstance: ingest_data.get_data_to_ingest_from_local_file_task scheduled__2022-06-12T00:40:00+00:00 [running]> on host DESKTOP-GDPK8BL.localdomain
[2022-06-12 16:33:25,805] {taskinstance.py:1569} INFO - Exporting the following env vars:
AIRFLOW_CTX_DAG_OWNER=airflow
AIRFLOW_CTX_DAG_ID=ingest_data
AIRFLOW_CTX_TASK_ID=get_data_to_ingest_from_local_file_task
AIRFLOW_CTX_EXECUTION_DATE=2022-06-12T00:40:00+00:00
AIRFLOW_CTX_TRY_NUMBER=1
AIRFLOW_CTX_DAG_RUN_ID=scheduled__2022-06-12T00:40:00+00:00
[2022-06-12 16:33:25,886] {python.py:173} INFO - Done. Returned value was:           AT      V       AP      RH      PE
47294   7.76  42.28  1008.52   83.31  483.80
10450  17.84  52.08  1006.65  100.09  450.67
6146   20.16  60.10  1011.24   86.23  453.36
21270  11.62  41.54  1019.94   66.43  477.75
3515   27.28  47.93  1003.46   59.22  438.00
[2022-06-12 16:33:26,013] {taskinstance.py:1395} INFO - Marking task as SUCCESS. dag_id=ingest_data, task_id=get_data_to_ingest_from_local_file_task, execution_date=20220612T004000, start_date=20220612T143325, end_date=20220612T143326
[2022-06-12 16:33:26,089] {local_task_job.py:156} INFO - Task exited with return code 0
[2022-06-12 16:33:26,291] {local_task_job.py:273} INFO - 1 downstream tasks scheduled from follow-on schedule check
