[2022-06-12 16:15:00,037] {taskinstance.py:1159} INFO - Dependencies all met for <TaskInstance: ingest_data.get_data_to_ingest_from_local_file_task scheduled__2022-06-11T22:50:00+00:00 [queued]>
[2022-06-12 16:15:00,067] {taskinstance.py:1159} INFO - Dependencies all met for <TaskInstance: ingest_data.get_data_to_ingest_from_local_file_task scheduled__2022-06-11T22:50:00+00:00 [queued]>
[2022-06-12 16:15:00,068] {taskinstance.py:1356} INFO - 
--------------------------------------------------------------------------------
[2022-06-12 16:15:00,069] {taskinstance.py:1357} INFO - Starting attempt 1 of 1
[2022-06-12 16:15:00,070] {taskinstance.py:1358} INFO - 
--------------------------------------------------------------------------------
[2022-06-12 16:15:00,132] {taskinstance.py:1377} INFO - Executing <Task(_PythonDecoratedOperator): get_data_to_ingest_from_local_file_task> on 2022-06-11 22:50:00+00:00
[2022-06-12 16:15:00,139] {standard_task_runner.py:52} INFO - Started process 2614 to run task
[2022-06-12 16:15:00,145] {standard_task_runner.py:79} INFO - Running: ['airflow', 'tasks', 'run', 'ingest_data', 'get_data_to_ingest_from_local_file_task', 'scheduled__2022-06-11T22:50:00+00:00', '--job-id', '254', '--raw', '--subdir', 'DAGS_FOLDER/ingestion_dag.py', '--cfg-path', '/tmp/tmpy8rvq6pm', '--error-file', '/tmp/tmpnmc6hl6x']
[2022-06-12 16:15:00,146] {standard_task_runner.py:80} INFO - Job 254: Subtask get_data_to_ingest_from_local_file_task
[2022-06-12 16:15:00,290] {task_command.py:370} INFO - Running <TaskInstance: ingest_data.get_data_to_ingest_from_local_file_task scheduled__2022-06-11T22:50:00+00:00 [running]> on host DESKTOP-GDPK8BL.localdomain
[2022-06-12 16:15:00,634] {taskinstance.py:1569} INFO - Exporting the following env vars:
AIRFLOW_CTX_DAG_OWNER=airflow
AIRFLOW_CTX_DAG_ID=ingest_data
AIRFLOW_CTX_TASK_ID=get_data_to_ingest_from_local_file_task
AIRFLOW_CTX_EXECUTION_DATE=2022-06-11T22:50:00+00:00
AIRFLOW_CTX_TRY_NUMBER=1
AIRFLOW_CTX_DAG_RUN_ID=scheduled__2022-06-11T22:50:00+00:00
[2022-06-12 16:15:00,703] {python.py:173} INFO - Done. Returned value was:           AT      V       AP     RH      PE
16021  16.09  65.46  1013.84  85.52  454.88
44844   8.39  52.72  1026.06  86.76  473.45
25548  31.54  67.32  1013.79  36.99  433.02
17414  14.00  41.78  1010.96  48.37  465.62
37662  27.69  73.91  1005.23  75.71  435.08
[2022-06-12 16:15:00,816] {taskinstance.py:1395} INFO - Marking task as SUCCESS. dag_id=ingest_data, task_id=get_data_to_ingest_from_local_file_task, execution_date=20220611T225000, start_date=20220612T141500, end_date=20220612T141500
[2022-06-12 16:15:00,881] {local_task_job.py:156} INFO - Task exited with return code 0
[2022-06-12 16:15:01,090] {local_task_job.py:273} INFO - 1 downstream tasks scheduled from follow-on schedule check
