[2022-06-12 16:43:47,571] {taskinstance.py:1159} INFO - Dependencies all met for <TaskInstance: ingest_data.get_data_to_ingest_from_local_file_task scheduled__2022-06-12T01:37:00+00:00 [queued]>
[2022-06-12 16:43:47,603] {taskinstance.py:1159} INFO - Dependencies all met for <TaskInstance: ingest_data.get_data_to_ingest_from_local_file_task scheduled__2022-06-12T01:37:00+00:00 [queued]>
[2022-06-12 16:43:47,604] {taskinstance.py:1356} INFO - 
--------------------------------------------------------------------------------
[2022-06-12 16:43:47,604] {taskinstance.py:1357} INFO - Starting attempt 1 of 1
[2022-06-12 16:43:47,605] {taskinstance.py:1358} INFO - 
--------------------------------------------------------------------------------
[2022-06-12 16:43:47,668] {taskinstance.py:1377} INFO - Executing <Task(_PythonDecoratedOperator): get_data_to_ingest_from_local_file_task> on 2022-06-12 01:37:00+00:00
[2022-06-12 16:43:47,674] {standard_task_runner.py:52} INFO - Started process 5187 to run task
[2022-06-12 16:43:47,681] {standard_task_runner.py:79} INFO - Running: ['airflow', 'tasks', 'run', 'ingest_data', 'get_data_to_ingest_from_local_file_task', 'scheduled__2022-06-12T01:37:00+00:00', '--job-id', '587', '--raw', '--subdir', 'DAGS_FOLDER/ingestion_dag.py', '--cfg-path', '/tmp/tmp3hldwn17', '--error-file', '/tmp/tmpos_34he4']
[2022-06-12 16:43:47,683] {standard_task_runner.py:80} INFO - Job 587: Subtask get_data_to_ingest_from_local_file_task
[2022-06-12 16:43:47,830] {task_command.py:370} INFO - Running <TaskInstance: ingest_data.get_data_to_ingest_from_local_file_task scheduled__2022-06-12T01:37:00+00:00 [running]> on host DESKTOP-GDPK8BL.localdomain
[2022-06-12 16:43:48,213] {taskinstance.py:1569} INFO - Exporting the following env vars:
AIRFLOW_CTX_DAG_OWNER=airflow
AIRFLOW_CTX_DAG_ID=ingest_data
AIRFLOW_CTX_TASK_ID=get_data_to_ingest_from_local_file_task
AIRFLOW_CTX_EXECUTION_DATE=2022-06-12T01:37:00+00:00
AIRFLOW_CTX_TRY_NUMBER=1
AIRFLOW_CTX_DAG_RUN_ID=scheduled__2022-06-12T01:37:00+00:00
[2022-06-12 16:43:48,288] {python.py:173} INFO - Done. Returned value was:           AT      V       AP     RH      PE
36941   9.87  40.81  1017.17  84.25  473.20
30099  21.26  51.43  1009.96  80.66  455.45
35690  19.41  67.32  1012.34  78.80  446.71
45451  12.66  40.35  1011.37  82.77  473.11
30721  10.29  41.46  1020.84  89.03  480.32
[2022-06-12 16:43:48,464] {taskinstance.py:1395} INFO - Marking task as SUCCESS. dag_id=ingest_data, task_id=get_data_to_ingest_from_local_file_task, execution_date=20220612T013700, start_date=20220612T144347, end_date=20220612T144348
[2022-06-12 16:43:48,539] {local_task_job.py:156} INFO - Task exited with return code 0
[2022-06-12 16:43:48,758] {local_task_job.py:273} INFO - 1 downstream tasks scheduled from follow-on schedule check
