[2022-06-12 16:37:53,671] {taskinstance.py:1159} INFO - Dependencies all met for <TaskInstance: ingest_data.get_data_to_ingest_from_local_file_task scheduled__2022-06-12T01:08:00+00:00 [queued]>
[2022-06-12 16:37:53,700] {taskinstance.py:1159} INFO - Dependencies all met for <TaskInstance: ingest_data.get_data_to_ingest_from_local_file_task scheduled__2022-06-12T01:08:00+00:00 [queued]>
[2022-06-12 16:37:53,701] {taskinstance.py:1356} INFO - 
--------------------------------------------------------------------------------
[2022-06-12 16:37:53,701] {taskinstance.py:1357} INFO - Starting attempt 1 of 1
[2022-06-12 16:37:53,702] {taskinstance.py:1358} INFO - 
--------------------------------------------------------------------------------
[2022-06-12 16:37:53,773] {taskinstance.py:1377} INFO - Executing <Task(_PythonDecoratedOperator): get_data_to_ingest_from_local_file_task> on 2022-06-12 01:08:00+00:00
[2022-06-12 16:37:53,779] {standard_task_runner.py:52} INFO - Started process 4757 to run task
[2022-06-12 16:37:53,785] {standard_task_runner.py:79} INFO - Running: ['airflow', 'tasks', 'run', 'ingest_data', 'get_data_to_ingest_from_local_file_task', 'scheduled__2022-06-12T01:08:00+00:00', '--job-id', '530', '--raw', '--subdir', 'DAGS_FOLDER/ingestion_dag.py', '--cfg-path', '/tmp/tmp2bnkt2ll', '--error-file', '/tmp/tmpz64l64bq']
[2022-06-12 16:37:53,787] {standard_task_runner.py:80} INFO - Job 530: Subtask get_data_to_ingest_from_local_file_task
[2022-06-12 16:37:53,940] {task_command.py:370} INFO - Running <TaskInstance: ingest_data.get_data_to_ingest_from_local_file_task scheduled__2022-06-12T01:08:00+00:00 [running]> on host DESKTOP-GDPK8BL.localdomain
[2022-06-12 16:37:54,322] {taskinstance.py:1569} INFO - Exporting the following env vars:
AIRFLOW_CTX_DAG_OWNER=airflow
AIRFLOW_CTX_DAG_ID=ingest_data
AIRFLOW_CTX_TASK_ID=get_data_to_ingest_from_local_file_task
AIRFLOW_CTX_EXECUTION_DATE=2022-06-12T01:08:00+00:00
AIRFLOW_CTX_TRY_NUMBER=1
AIRFLOW_CTX_DAG_RUN_ID=scheduled__2022-06-12T01:08:00+00:00
[2022-06-12 16:37:54,418] {python.py:173} INFO - Done. Returned value was:           AT      V       AP     RH      PE
20729  16.69  43.52  1021.78  80.87  460.51
30364  20.71  58.18  1007.63  98.44  447.06
45904  12.42  40.24  1016.59  90.01  469.59
18164  33.43  66.44  1010.29  53.45  433.01
8344   12.20  39.72  1018.07  54.83  471.33
[2022-06-12 16:37:54,556] {taskinstance.py:1395} INFO - Marking task as SUCCESS. dag_id=ingest_data, task_id=get_data_to_ingest_from_local_file_task, execution_date=20220612T010800, start_date=20220612T143753, end_date=20220612T143754
[2022-06-12 16:37:54,643] {local_task_job.py:156} INFO - Task exited with return code 0
[2022-06-12 16:37:54,891] {local_task_job.py:273} INFO - 1 downstream tasks scheduled from follow-on schedule check
