[2022-06-15 19:12:03,041] {taskinstance.py:1159} INFO - Dependencies all met for <TaskInstance: loan_pred.save_data_task scheduled__2022-06-14T21:08:00+00:00 [queued]>
[2022-06-15 19:12:03,063] {taskinstance.py:1159} INFO - Dependencies all met for <TaskInstance: loan_pred.save_data_task scheduled__2022-06-14T21:08:00+00:00 [queued]>
[2022-06-15 19:12:03,064] {taskinstance.py:1356} INFO - 
--------------------------------------------------------------------------------
[2022-06-15 19:12:03,064] {taskinstance.py:1357} INFO - Starting attempt 1 of 1
[2022-06-15 19:12:03,065] {taskinstance.py:1358} INFO - 
--------------------------------------------------------------------------------
[2022-06-15 19:12:03,135] {taskinstance.py:1377} INFO - Executing <Task(_PythonDecoratedOperator): save_data_task> on 2022-06-14 21:08:00+00:00
[2022-06-15 19:12:03,144] {standard_task_runner.py:52} INFO - Started process 394 to run task
[2022-06-15 19:12:03,154] {standard_task_runner.py:79} INFO - Running: ['airflow', 'tasks', 'run', 'loan_pred', 'save_data_task', 'scheduled__2022-06-14T21:08:00+00:00', '--job-id', '1590', '--raw', '--subdir', 'DAGS_FOLDER/loan_pred.py', '--cfg-path', '/tmp/tmpobi56dnl', '--error-file', '/tmp/tmp4qf66tcm']
[2022-06-15 19:12:03,156] {standard_task_runner.py:80} INFO - Job 1590: Subtask save_data_task
[2022-06-15 19:12:03,281] {task_command.py:370} INFO - Running <TaskInstance: loan_pred.save_data_task scheduled__2022-06-14T21:08:00+00:00 [running]> on host DESKTOP-GDPK8BL.localdomain
[2022-06-15 19:12:03,807] {taskinstance.py:1569} INFO - Exporting the following env vars:
AIRFLOW_CTX_DAG_OWNER=airflow
AIRFLOW_CTX_DAG_ID=loan_pred
AIRFLOW_CTX_TASK_ID=save_data_task
AIRFLOW_CTX_EXECUTION_DATE=2022-06-14T21:08:00+00:00
AIRFLOW_CTX_TRY_NUMBER=1
AIRFLOW_CTX_DAG_RUN_ID=scheduled__2022-06-14T21:08:00+00:00
[2022-06-15 19:12:03,818] {python.py:173} INFO - Done. Returned value was: None
[2022-06-15 19:12:03,844] {taskinstance.py:1395} INFO - Marking task as SUCCESS. dag_id=loan_pred, task_id=save_data_task, execution_date=20220614T210800, start_date=20220615T171203, end_date=20220615T171203
[2022-06-15 19:12:03,931] {local_task_job.py:156} INFO - Task exited with return code 0
[2022-06-15 19:12:04,087] {local_task_job.py:273} INFO - 0 downstream tasks scheduled from follow-on schedule check
