[2022-06-12 16:23:48,560] {taskinstance.py:1159} INFO - Dependencies all met for <TaskInstance: ingest_data.get_data_to_ingest_from_local_file_task scheduled__2022-06-11T23:38:00+00:00 [queued]>
[2022-06-12 16:23:48,589] {taskinstance.py:1159} INFO - Dependencies all met for <TaskInstance: ingest_data.get_data_to_ingest_from_local_file_task scheduled__2022-06-11T23:38:00+00:00 [queued]>
[2022-06-12 16:23:48,590] {taskinstance.py:1356} INFO - 
--------------------------------------------------------------------------------
[2022-06-12 16:23:48,590] {taskinstance.py:1357} INFO - Starting attempt 1 of 1
[2022-06-12 16:23:48,591] {taskinstance.py:1358} INFO - 
--------------------------------------------------------------------------------
[2022-06-12 16:23:48,661] {taskinstance.py:1377} INFO - Executing <Task(_PythonDecoratedOperator): get_data_to_ingest_from_local_file_task> on 2022-06-11 23:38:00+00:00
[2022-06-12 16:23:48,667] {standard_task_runner.py:52} INFO - Started process 3424 to run task
[2022-06-12 16:23:48,674] {standard_task_runner.py:79} INFO - Running: ['airflow', 'tasks', 'run', 'ingest_data', 'get_data_to_ingest_from_local_file_task', 'scheduled__2022-06-11T23:38:00+00:00', '--job-id', '350', '--raw', '--subdir', 'DAGS_FOLDER/ingestion_dag.py', '--cfg-path', '/tmp/tmpxy2yjirs', '--error-file', '/tmp/tmpkwekd_pz']
[2022-06-12 16:23:48,676] {standard_task_runner.py:80} INFO - Job 350: Subtask get_data_to_ingest_from_local_file_task
[2022-06-12 16:23:48,817] {task_command.py:370} INFO - Running <TaskInstance: ingest_data.get_data_to_ingest_from_local_file_task scheduled__2022-06-11T23:38:00+00:00 [running]> on host DESKTOP-GDPK8BL.localdomain
[2022-06-12 16:23:49,174] {taskinstance.py:1569} INFO - Exporting the following env vars:
AIRFLOW_CTX_DAG_OWNER=airflow
AIRFLOW_CTX_DAG_ID=ingest_data
AIRFLOW_CTX_TASK_ID=get_data_to_ingest_from_local_file_task
AIRFLOW_CTX_EXECUTION_DATE=2022-06-11T23:38:00+00:00
AIRFLOW_CTX_TRY_NUMBER=1
AIRFLOW_CTX_DAG_RUN_ID=scheduled__2022-06-11T23:38:00+00:00
[2022-06-12 16:23:49,250] {python.py:173} INFO - Done. Returned value was:           AT      V       AP     RH      PE
41762  18.56  67.71  1004.77  85.28  444.90
39020  30.19  64.79  1017.22  42.47  438.41
23903  22.64  63.73  1013.88  84.22  447.21
31869  14.75  40.66  1016.70  81.65  463.83
32648  16.88  38.58  1014.72  73.99  462.70
[2022-06-12 16:23:49,367] {taskinstance.py:1395} INFO - Marking task as SUCCESS. dag_id=ingest_data, task_id=get_data_to_ingest_from_local_file_task, execution_date=20220611T233800, start_date=20220612T142348, end_date=20220612T142349
[2022-06-12 16:23:49,453] {local_task_job.py:156} INFO - Task exited with return code 0
[2022-06-12 16:23:49,676] {local_task_job.py:273} INFO - 1 downstream tasks scheduled from follow-on schedule check
