[2022-06-12 17:44:48,554] {taskinstance.py:1159} INFO - Dependencies all met for <TaskInstance: ingest_data.get_data_to_ingest_from_local_file_task scheduled__2022-06-12T07:41:00+00:00 [queued]>
[2022-06-12 17:44:48,589] {taskinstance.py:1159} INFO - Dependencies all met for <TaskInstance: ingest_data.get_data_to_ingest_from_local_file_task scheduled__2022-06-12T07:41:00+00:00 [queued]>
[2022-06-12 17:44:48,590] {taskinstance.py:1356} INFO - 
--------------------------------------------------------------------------------
[2022-06-12 17:44:48,590] {taskinstance.py:1357} INFO - Starting attempt 1 of 1
[2022-06-12 17:44:48,591] {taskinstance.py:1358} INFO - 
--------------------------------------------------------------------------------
[2022-06-12 17:44:48,649] {taskinstance.py:1377} INFO - Executing <Task(_PythonDecoratedOperator): get_data_to_ingest_from_local_file_task> on 2022-06-12 07:41:00+00:00
[2022-06-12 17:44:48,655] {standard_task_runner.py:52} INFO - Started process 10583 to run task
[2022-06-12 17:44:48,659] {standard_task_runner.py:79} INFO - Running: ['airflow', 'tasks', 'run', 'ingest_data', 'get_data_to_ingest_from_local_file_task', 'scheduled__2022-06-12T07:41:00+00:00', '--job-id', '1315', '--raw', '--subdir', 'DAGS_FOLDER/ingestion_dag.py', '--cfg-path', '/tmp/tmpn3cd3t15', '--error-file', '/tmp/tmpv2bng19u']
[2022-06-12 17:44:48,661] {standard_task_runner.py:80} INFO - Job 1315: Subtask get_data_to_ingest_from_local_file_task
[2022-06-12 17:44:48,813] {task_command.py:370} INFO - Running <TaskInstance: ingest_data.get_data_to_ingest_from_local_file_task scheduled__2022-06-12T07:41:00+00:00 [running]> on host DESKTOP-GDPK8BL.localdomain
[2022-06-12 17:44:49,191] {taskinstance.py:1569} INFO - Exporting the following env vars:
AIRFLOW_CTX_DAG_OWNER=airflow
AIRFLOW_CTX_DAG_ID=ingest_data
AIRFLOW_CTX_TASK_ID=get_data_to_ingest_from_local_file_task
AIRFLOW_CTX_EXECUTION_DATE=2022-06-12T07:41:00+00:00
AIRFLOW_CTX_TRY_NUMBER=1
AIRFLOW_CTX_DAG_RUN_ID=scheduled__2022-06-12T07:41:00+00:00
[2022-06-12 17:44:49,277] {python.py:173} INFO - Done. Returned value was:           AT      V       AP     RH      PE
6767   11.68  40.23  1018.49  83.43  475.47
38413  12.69  40.75  1016.05  82.92  472.68
36637  14.62  42.86  1015.56  84.50  470.79
2431   35.03  68.27  1006.55  43.82  426.22
16292   7.49  36.08  1020.27  85.69  483.26
[2022-06-12 17:44:49,418] {taskinstance.py:1395} INFO - Marking task as SUCCESS. dag_id=ingest_data, task_id=get_data_to_ingest_from_local_file_task, execution_date=20220612T074100, start_date=20220612T154448, end_date=20220612T154449
[2022-06-12 17:44:49,478] {local_task_job.py:156} INFO - Task exited with return code 0
[2022-06-12 17:44:49,690] {local_task_job.py:273} INFO - 1 downstream tasks scheduled from follow-on schedule check
