[2022-06-12 19:41:58,383] {taskinstance.py:1159} INFO - Dependencies all met for <TaskInstance: ingest_data.get_data_to_ingest_from_local_file_task scheduled__2022-06-12T08:26:00+00:00 [queued]>
[2022-06-12 19:41:58,420] {taskinstance.py:1159} INFO - Dependencies all met for <TaskInstance: ingest_data.get_data_to_ingest_from_local_file_task scheduled__2022-06-12T08:26:00+00:00 [queued]>
[2022-06-12 19:41:58,421] {taskinstance.py:1356} INFO - 
--------------------------------------------------------------------------------
[2022-06-12 19:41:58,421] {taskinstance.py:1357} INFO - Starting attempt 1 of 1
[2022-06-12 19:41:58,422] {taskinstance.py:1358} INFO - 
--------------------------------------------------------------------------------
[2022-06-12 19:41:58,484] {taskinstance.py:1377} INFO - Executing <Task(_PythonDecoratedOperator): get_data_to_ingest_from_local_file_task> on 2022-06-12 08:26:00+00:00
[2022-06-12 19:41:58,490] {standard_task_runner.py:52} INFO - Started process 11259 to run task
[2022-06-12 19:41:58,496] {standard_task_runner.py:79} INFO - Running: ['airflow', 'tasks', 'run', 'ingest_data', 'get_data_to_ingest_from_local_file_task', 'scheduled__2022-06-12T08:26:00+00:00', '--job-id', '1406', '--raw', '--subdir', 'DAGS_FOLDER/ingestion_dag.py', '--cfg-path', '/tmp/tmp3czvjace', '--error-file', '/tmp/tmp6520vnsv']
[2022-06-12 19:41:58,498] {standard_task_runner.py:80} INFO - Job 1406: Subtask get_data_to_ingest_from_local_file_task
[2022-06-12 19:41:58,648] {task_command.py:370} INFO - Running <TaskInstance: ingest_data.get_data_to_ingest_from_local_file_task scheduled__2022-06-12T08:26:00+00:00 [running]> on host DESKTOP-GDPK8BL.localdomain
[2022-06-12 19:41:59,111] {taskinstance.py:1569} INFO - Exporting the following env vars:
AIRFLOW_CTX_DAG_OWNER=airflow
AIRFLOW_CTX_DAG_ID=ingest_data
AIRFLOW_CTX_TASK_ID=get_data_to_ingest_from_local_file_task
AIRFLOW_CTX_EXECUTION_DATE=2022-06-12T08:26:00+00:00
AIRFLOW_CTX_TRY_NUMBER=1
AIRFLOW_CTX_DAG_RUN_ID=scheduled__2022-06-12T08:26:00+00:00
[2022-06-12 19:41:59,180] {python.py:173} INFO - Done. Returned value was:           AT      V       AP     RH      PE
7506   26.68  62.91  1012.33  60.78  441.04
31329  23.81  46.93  1013.19  54.82  449.58
37881  13.51  43.22  1009.63  75.02  465.89
15417   7.64  42.28  1008.46  84.29  484.78
40513  13.61  42.34  1017.93  91.61  463.89
[2022-06-12 19:41:59,352] {taskinstance.py:1395} INFO - Marking task as SUCCESS. dag_id=ingest_data, task_id=get_data_to_ingest_from_local_file_task, execution_date=20220612T082600, start_date=20220612T174158, end_date=20220612T174159
[2022-06-12 19:41:59,436] {local_task_job.py:156} INFO - Task exited with return code 0
[2022-06-12 19:41:59,643] {local_task_job.py:273} INFO - 1 downstream tasks scheduled from follow-on schedule check
