[2022-06-12 16:07:17,209] {taskinstance.py:1159} INFO - Dependencies all met for <TaskInstance: ingest_data.get_data_to_ingest_from_local_file_task scheduled__2022-06-11T22:06:00+00:00 [queued]>
[2022-06-12 16:07:17,235] {taskinstance.py:1159} INFO - Dependencies all met for <TaskInstance: ingest_data.get_data_to_ingest_from_local_file_task scheduled__2022-06-11T22:06:00+00:00 [queued]>
[2022-06-12 16:07:17,236] {taskinstance.py:1356} INFO - 
--------------------------------------------------------------------------------
[2022-06-12 16:07:17,236] {taskinstance.py:1357} INFO - Starting attempt 1 of 1
[2022-06-12 16:07:17,237] {taskinstance.py:1358} INFO - 
--------------------------------------------------------------------------------
[2022-06-12 16:07:17,300] {taskinstance.py:1377} INFO - Executing <Task(_PythonDecoratedOperator): get_data_to_ingest_from_local_file_task> on 2022-06-11 22:06:00+00:00
[2022-06-12 16:07:17,308] {standard_task_runner.py:52} INFO - Started process 1866 to run task
[2022-06-12 16:07:17,314] {standard_task_runner.py:79} INFO - Running: ['airflow', 'tasks', 'run', 'ingest_data', 'get_data_to_ingest_from_local_file_task', 'scheduled__2022-06-11T22:06:00+00:00', '--job-id', '166', '--raw', '--subdir', 'DAGS_FOLDER/ingestion_dag.py', '--cfg-path', '/tmp/tmpql5l8g8q', '--error-file', '/tmp/tmp3s0bqv6m']
[2022-06-12 16:07:17,315] {standard_task_runner.py:80} INFO - Job 166: Subtask get_data_to_ingest_from_local_file_task
[2022-06-12 16:07:17,465] {task_command.py:370} INFO - Running <TaskInstance: ingest_data.get_data_to_ingest_from_local_file_task scheduled__2022-06-11T22:06:00+00:00 [running]> on host DESKTOP-GDPK8BL.localdomain
[2022-06-12 16:07:17,838] {taskinstance.py:1569} INFO - Exporting the following env vars:
AIRFLOW_CTX_DAG_OWNER=airflow
AIRFLOW_CTX_DAG_ID=ingest_data
AIRFLOW_CTX_TASK_ID=get_data_to_ingest_from_local_file_task
AIRFLOW_CTX_EXECUTION_DATE=2022-06-11T22:06:00+00:00
AIRFLOW_CTX_TRY_NUMBER=1
AIRFLOW_CTX_DAG_RUN_ID=scheduled__2022-06-11T22:06:00+00:00
[2022-06-12 16:07:17,917] {python.py:173} INFO - Done. Returned value was:           AT      V       AP     RH      PE
5924   24.47  57.85  1013.05  66.34  445.37
46201  21.17  59.80  1016.06  77.73  455.66
12223  15.45  61.27  1019.87  79.21  456.59
7446   12.65  44.34  1014.74  92.81  473.46
41589  18.60  43.56  1013.90  51.16  464.67
[2022-06-12 16:07:18,047] {taskinstance.py:1395} INFO - Marking task as SUCCESS. dag_id=ingest_data, task_id=get_data_to_ingest_from_local_file_task, execution_date=20220611T220600, start_date=20220612T140717, end_date=20220612T140718
[2022-06-12 16:07:18,131] {local_task_job.py:156} INFO - Task exited with return code 0
[2022-06-12 16:07:18,479] {local_task_job.py:273} INFO - 1 downstream tasks scheduled from follow-on schedule check
