[2022-06-12 19:44:26,697] {taskinstance.py:1159} INFO - Dependencies all met for <TaskInstance: ingest_data.get_data_to_ingest_from_local_file_task scheduled__2022-06-12T08:43:00+00:00 [queued]>
[2022-06-12 19:44:26,731] {taskinstance.py:1159} INFO - Dependencies all met for <TaskInstance: ingest_data.get_data_to_ingest_from_local_file_task scheduled__2022-06-12T08:43:00+00:00 [queued]>
[2022-06-12 19:44:26,732] {taskinstance.py:1356} INFO - 
--------------------------------------------------------------------------------
[2022-06-12 19:44:26,732] {taskinstance.py:1357} INFO - Starting attempt 1 of 1
[2022-06-12 19:44:26,733] {taskinstance.py:1358} INFO - 
--------------------------------------------------------------------------------
[2022-06-12 19:44:26,800] {taskinstance.py:1377} INFO - Executing <Task(_PythonDecoratedOperator): get_data_to_ingest_from_local_file_task> on 2022-06-12 08:43:00+00:00
[2022-06-12 19:44:26,806] {standard_task_runner.py:52} INFO - Started process 11502 to run task
[2022-06-12 19:44:26,814] {standard_task_runner.py:79} INFO - Running: ['airflow', 'tasks', 'run', 'ingest_data', 'get_data_to_ingest_from_local_file_task', 'scheduled__2022-06-12T08:43:00+00:00', '--job-id', '1439', '--raw', '--subdir', 'DAGS_FOLDER/ingestion_dag.py', '--cfg-path', '/tmp/tmp9ryycx65', '--error-file', '/tmp/tmp5xt0v3vt']
[2022-06-12 19:44:26,816] {standard_task_runner.py:80} INFO - Job 1439: Subtask get_data_to_ingest_from_local_file_task
[2022-06-12 19:44:26,944] {task_command.py:370} INFO - Running <TaskInstance: ingest_data.get_data_to_ingest_from_local_file_task scheduled__2022-06-12T08:43:00+00:00 [running]> on host DESKTOP-GDPK8BL.localdomain
[2022-06-12 19:44:27,332] {taskinstance.py:1569} INFO - Exporting the following env vars:
AIRFLOW_CTX_DAG_OWNER=airflow
AIRFLOW_CTX_DAG_ID=ingest_data
AIRFLOW_CTX_TASK_ID=get_data_to_ingest_from_local_file_task
AIRFLOW_CTX_EXECUTION_DATE=2022-06-12T08:43:00+00:00
AIRFLOW_CTX_TRY_NUMBER=1
AIRFLOW_CTX_DAG_RUN_ID=scheduled__2022-06-12T08:43:00+00:00
[2022-06-12 19:44:27,396] {python.py:173} INFO - Done. Returned value was:           AT      V       AP     RH      PE
14489  25.63  56.85  1012.68  49.70  439.20
31831  10.50  52.72  1026.32  85.04  468.01
32616   5.97  36.25  1029.65  86.74  487.03
16707  14.39  44.21  1019.77  85.70  465.03
47653  19.62  62.96  1020.76  76.53  456.02
[2022-06-12 19:44:27,540] {taskinstance.py:1395} INFO - Marking task as SUCCESS. dag_id=ingest_data, task_id=get_data_to_ingest_from_local_file_task, execution_date=20220612T084300, start_date=20220612T174426, end_date=20220612T174427
[2022-06-12 19:44:27,634] {local_task_job.py:156} INFO - Task exited with return code 0
[2022-06-12 19:44:27,853] {local_task_job.py:273} INFO - 1 downstream tasks scheduled from follow-on schedule check
