[2022-06-12 16:57:49,323] {taskinstance.py:1159} INFO - Dependencies all met for <TaskInstance: ingest_data.get_data_to_ingest_from_local_file_task scheduled__2022-06-12T02:56:00+00:00 [queued]>
[2022-06-12 16:57:49,356] {taskinstance.py:1159} INFO - Dependencies all met for <TaskInstance: ingest_data.get_data_to_ingest_from_local_file_task scheduled__2022-06-12T02:56:00+00:00 [queued]>
[2022-06-12 16:57:49,357] {taskinstance.py:1356} INFO - 
--------------------------------------------------------------------------------
[2022-06-12 16:57:49,357] {taskinstance.py:1357} INFO - Starting attempt 1 of 1
[2022-06-12 16:57:49,358] {taskinstance.py:1358} INFO - 
--------------------------------------------------------------------------------
[2022-06-12 16:57:49,424] {taskinstance.py:1377} INFO - Executing <Task(_PythonDecoratedOperator): get_data_to_ingest_from_local_file_task> on 2022-06-12 02:56:00+00:00
[2022-06-12 16:57:49,437] {standard_task_runner.py:79} INFO - Running: ['airflow', 'tasks', 'run', 'ingest_data', 'get_data_to_ingest_from_local_file_task', 'scheduled__2022-06-12T02:56:00+00:00', '--job-id', '745', '--raw', '--subdir', 'DAGS_FOLDER/ingestion_dag.py', '--cfg-path', '/tmp/tmp0f2a9u94', '--error-file', '/tmp/tmpiftuwfgq']
[2022-06-12 16:57:49,442] {standard_task_runner.py:80} INFO - Job 745: Subtask get_data_to_ingest_from_local_file_task
[2022-06-12 16:57:49,430] {standard_task_runner.py:52} INFO - Started process 6362 to run task
[2022-06-12 16:57:49,615] {task_command.py:370} INFO - Running <TaskInstance: ingest_data.get_data_to_ingest_from_local_file_task scheduled__2022-06-12T02:56:00+00:00 [running]> on host DESKTOP-GDPK8BL.localdomain
[2022-06-12 16:57:50,010] {taskinstance.py:1569} INFO - Exporting the following env vars:
AIRFLOW_CTX_DAG_OWNER=airflow
AIRFLOW_CTX_DAG_ID=ingest_data
AIRFLOW_CTX_TASK_ID=get_data_to_ingest_from_local_file_task
AIRFLOW_CTX_EXECUTION_DATE=2022-06-12T02:56:00+00:00
AIRFLOW_CTX_TRY_NUMBER=1
AIRFLOW_CTX_DAG_RUN_ID=scheduled__2022-06-12T02:56:00+00:00
[2022-06-12 16:57:50,085] {python.py:173} INFO - Done. Returned value was:           AT      V       AP     RH      PE
45690  27.22  68.30  1016.84  64.88  436.81
8048   22.45  59.87  1018.92  72.73  445.34
17504  34.24  74.67  1016.24  25.56  425.58
19275  25.60  73.67  1005.78  84.82  433.25
27050  12.64  41.79  1016.38  92.65  461.46
[2022-06-12 16:57:50,239] {taskinstance.py:1395} INFO - Marking task as SUCCESS. dag_id=ingest_data, task_id=get_data_to_ingest_from_local_file_task, execution_date=20220612T025600, start_date=20220612T145749, end_date=20220612T145750
[2022-06-12 16:57:50,344] {local_task_job.py:156} INFO - Task exited with return code 0
[2022-06-12 16:57:50,581] {local_task_job.py:273} INFO - 1 downstream tasks scheduled from follow-on schedule check
