[2022-06-12 16:54:39,446] {taskinstance.py:1159} INFO - Dependencies all met for <TaskInstance: ingest_data.get_data_to_ingest_from_local_file_task scheduled__2022-06-12T02:39:00+00:00 [queued]>
[2022-06-12 16:54:39,473] {taskinstance.py:1159} INFO - Dependencies all met for <TaskInstance: ingest_data.get_data_to_ingest_from_local_file_task scheduled__2022-06-12T02:39:00+00:00 [queued]>
[2022-06-12 16:54:39,474] {taskinstance.py:1356} INFO - 
--------------------------------------------------------------------------------
[2022-06-12 16:54:39,474] {taskinstance.py:1357} INFO - Starting attempt 1 of 1
[2022-06-12 16:54:39,475] {taskinstance.py:1358} INFO - 
--------------------------------------------------------------------------------
[2022-06-12 16:54:39,534] {taskinstance.py:1377} INFO - Executing <Task(_PythonDecoratedOperator): get_data_to_ingest_from_local_file_task> on 2022-06-12 02:39:00+00:00
[2022-06-12 16:54:39,542] {standard_task_runner.py:52} INFO - Started process 6114 to run task
[2022-06-12 16:54:39,548] {standard_task_runner.py:79} INFO - Running: ['airflow', 'tasks', 'run', 'ingest_data', 'get_data_to_ingest_from_local_file_task', 'scheduled__2022-06-12T02:39:00+00:00', '--job-id', '712', '--raw', '--subdir', 'DAGS_FOLDER/ingestion_dag.py', '--cfg-path', '/tmp/tmpjigme25e', '--error-file', '/tmp/tmpskto0wup']
[2022-06-12 16:54:39,561] {standard_task_runner.py:80} INFO - Job 712: Subtask get_data_to_ingest_from_local_file_task
[2022-06-12 16:54:39,712] {task_command.py:370} INFO - Running <TaskInstance: ingest_data.get_data_to_ingest_from_local_file_task scheduled__2022-06-12T02:39:00+00:00 [running]> on host DESKTOP-GDPK8BL.localdomain
[2022-06-12 16:54:40,113] {taskinstance.py:1569} INFO - Exporting the following env vars:
AIRFLOW_CTX_DAG_OWNER=airflow
AIRFLOW_CTX_DAG_ID=ingest_data
AIRFLOW_CTX_TASK_ID=get_data_to_ingest_from_local_file_task
AIRFLOW_CTX_EXECUTION_DATE=2022-06-12T02:39:00+00:00
AIRFLOW_CTX_TRY_NUMBER=1
AIRFLOW_CTX_DAG_RUN_ID=scheduled__2022-06-12T02:39:00+00:00
[2022-06-12 16:54:40,181] {python.py:173} INFO - Done. Returned value was:           AT      V       AP     RH      PE
8648   27.74  70.32  1009.58  50.29  433.47
23683  16.77  42.28  1007.53  73.19  465.52
7986   19.89  50.78  1008.85  92.97  446.35
47637  25.10  43.77  1010.90  49.68  444.99
46413  11.68  40.55  1022.21  85.76  475.13
[2022-06-12 16:54:40,311] {taskinstance.py:1395} INFO - Marking task as SUCCESS. dag_id=ingest_data, task_id=get_data_to_ingest_from_local_file_task, execution_date=20220612T023900, start_date=20220612T145439, end_date=20220612T145440
[2022-06-12 16:54:40,376] {local_task_job.py:156} INFO - Task exited with return code 0
[2022-06-12 16:54:40,579] {local_task_job.py:273} INFO - 1 downstream tasks scheduled from follow-on schedule check
