[2022-06-12 16:35:28,483] {taskinstance.py:1159} INFO - Dependencies all met for <TaskInstance: ingest_data.get_data_to_ingest_from_local_file_task scheduled__2022-06-12T00:52:00+00:00 [queued]>
[2022-06-12 16:35:28,514] {taskinstance.py:1159} INFO - Dependencies all met for <TaskInstance: ingest_data.get_data_to_ingest_from_local_file_task scheduled__2022-06-12T00:52:00+00:00 [queued]>
[2022-06-12 16:35:28,514] {taskinstance.py:1356} INFO - 
--------------------------------------------------------------------------------
[2022-06-12 16:35:28,515] {taskinstance.py:1357} INFO - Starting attempt 1 of 1
[2022-06-12 16:35:28,516] {taskinstance.py:1358} INFO - 
--------------------------------------------------------------------------------
[2022-06-12 16:35:28,596] {taskinstance.py:1377} INFO - Executing <Task(_PythonDecoratedOperator): get_data_to_ingest_from_local_file_task> on 2022-06-12 00:52:00+00:00
[2022-06-12 16:35:28,603] {standard_task_runner.py:52} INFO - Started process 4521 to run task
[2022-06-12 16:35:28,611] {standard_task_runner.py:79} INFO - Running: ['airflow', 'tasks', 'run', 'ingest_data', 'get_data_to_ingest_from_local_file_task', 'scheduled__2022-06-12T00:52:00+00:00', '--job-id', '498', '--raw', '--subdir', 'DAGS_FOLDER/ingestion_dag.py', '--cfg-path', '/tmp/tmpxty6yq8b', '--error-file', '/tmp/tmpf68ygitw']
[2022-06-12 16:35:28,612] {standard_task_runner.py:80} INFO - Job 498: Subtask get_data_to_ingest_from_local_file_task
[2022-06-12 16:35:28,750] {task_command.py:370} INFO - Running <TaskInstance: ingest_data.get_data_to_ingest_from_local_file_task scheduled__2022-06-12T00:52:00+00:00 [running]> on host DESKTOP-GDPK8BL.localdomain
[2022-06-12 16:35:29,131] {taskinstance.py:1569} INFO - Exporting the following env vars:
AIRFLOW_CTX_DAG_OWNER=airflow
AIRFLOW_CTX_DAG_ID=ingest_data
AIRFLOW_CTX_TASK_ID=get_data_to_ingest_from_local_file_task
AIRFLOW_CTX_EXECUTION_DATE=2022-06-12T00:52:00+00:00
AIRFLOW_CTX_TRY_NUMBER=1
AIRFLOW_CTX_DAG_RUN_ID=scheduled__2022-06-12T00:52:00+00:00
[2022-06-12 16:35:29,208] {python.py:173} INFO - Done. Returned value was:           AT      V       AP     RH      PE
35311  11.37  40.56  1017.56  64.80  478.88
26132  28.84  75.60  1018.41  53.96  442.69
14639   9.84  40.22  1009.50  85.38  479.65
5591   24.61  62.39  1006.39  79.08  437.01
34198   5.54  45.87  1008.69  95.91  478.02
[2022-06-12 16:35:29,338] {taskinstance.py:1395} INFO - Marking task as SUCCESS. dag_id=ingest_data, task_id=get_data_to_ingest_from_local_file_task, execution_date=20220612T005200, start_date=20220612T143528, end_date=20220612T143529
[2022-06-12 16:35:29,426] {local_task_job.py:156} INFO - Task exited with return code 0
[2022-06-12 16:35:29,647] {local_task_job.py:273} INFO - 1 downstream tasks scheduled from follow-on schedule check
