[2022-06-12 16:15:04,616] {taskinstance.py:1159} INFO - Dependencies all met for <TaskInstance: ingest_data.save_data_task scheduled__2022-06-11T22:50:00+00:00 [queued]>
[2022-06-12 16:15:04,645] {taskinstance.py:1159} INFO - Dependencies all met for <TaskInstance: ingest_data.save_data_task scheduled__2022-06-11T22:50:00+00:00 [queued]>
[2022-06-12 16:15:04,645] {taskinstance.py:1356} INFO - 
--------------------------------------------------------------------------------
[2022-06-12 16:15:04,646] {taskinstance.py:1357} INFO - Starting attempt 1 of 1
[2022-06-12 16:15:04,646] {taskinstance.py:1358} INFO - 
--------------------------------------------------------------------------------
[2022-06-12 16:15:04,708] {taskinstance.py:1377} INFO - Executing <Task(_PythonDecoratedOperator): save_data_task> on 2022-06-11 22:50:00+00:00
[2022-06-12 16:15:04,715] {standard_task_runner.py:52} INFO - Started process 2622 to run task
[2022-06-12 16:15:04,729] {standard_task_runner.py:79} INFO - Running: ['airflow', 'tasks', 'run', 'ingest_data', 'save_data_task', 'scheduled__2022-06-11T22:50:00+00:00', '--job-id', '255', '--raw', '--subdir', 'DAGS_FOLDER/ingestion_dag.py', '--cfg-path', '/tmp/tmpquqfpj3s', '--error-file', '/tmp/tmpw7cbd1mn']
[2022-06-12 16:15:04,731] {standard_task_runner.py:80} INFO - Job 255: Subtask save_data_task
[2022-06-12 16:15:04,871] {task_command.py:370} INFO - Running <TaskInstance: ingest_data.save_data_task scheduled__2022-06-11T22:50:00+00:00 [running]> on host DESKTOP-GDPK8BL.localdomain
[2022-06-12 16:15:05,308] {taskinstance.py:1569} INFO - Exporting the following env vars:
AIRFLOW_CTX_DAG_OWNER=airflow
AIRFLOW_CTX_DAG_ID=ingest_data
AIRFLOW_CTX_TASK_ID=save_data_task
AIRFLOW_CTX_EXECUTION_DATE=2022-06-11T22:50:00+00:00
AIRFLOW_CTX_TRY_NUMBER=1
AIRFLOW_CTX_DAG_RUN_ID=scheduled__2022-06-11T22:50:00+00:00
[2022-06-12 16:15:05,323] {python.py:173} INFO - Done. Returned value was: None
[2022-06-12 16:15:05,349] {taskinstance.py:1395} INFO - Marking task as SUCCESS. dag_id=ingest_data, task_id=save_data_task, execution_date=20220611T225000, start_date=20220612T141504, end_date=20220612T141505
[2022-06-12 16:15:05,426] {local_task_job.py:156} INFO - Task exited with return code 0
[2022-06-12 16:15:05,595] {local_task_job.py:273} INFO - 0 downstream tasks scheduled from follow-on schedule check
