[2022-06-12 17:30:07,923] {taskinstance.py:1159} INFO - Dependencies all met for <TaskInstance: ingest_data.get_data_to_ingest_from_local_file_task scheduled__2022-06-12T06:07:00+00:00 [queued]>
[2022-06-12 17:30:07,954] {taskinstance.py:1159} INFO - Dependencies all met for <TaskInstance: ingest_data.get_data_to_ingest_from_local_file_task scheduled__2022-06-12T06:07:00+00:00 [queued]>
[2022-06-12 17:30:07,955] {taskinstance.py:1356} INFO - 
--------------------------------------------------------------------------------
[2022-06-12 17:30:07,955] {taskinstance.py:1357} INFO - Starting attempt 1 of 1
[2022-06-12 17:30:07,956] {taskinstance.py:1358} INFO - 
--------------------------------------------------------------------------------
[2022-06-12 17:30:08,013] {taskinstance.py:1377} INFO - Executing <Task(_PythonDecoratedOperator): get_data_to_ingest_from_local_file_task> on 2022-06-12 06:07:00+00:00
[2022-06-12 17:30:08,020] {standard_task_runner.py:52} INFO - Started process 9195 to run task
[2022-06-12 17:30:08,027] {standard_task_runner.py:79} INFO - Running: ['airflow', 'tasks', 'run', 'ingest_data', 'get_data_to_ingest_from_local_file_task', 'scheduled__2022-06-12T06:07:00+00:00', '--job-id', '1127', '--raw', '--subdir', 'DAGS_FOLDER/ingestion_dag.py', '--cfg-path', '/tmp/tmpsdbj_e9g', '--error-file', '/tmp/tmp15df8psl']
[2022-06-12 17:30:08,029] {standard_task_runner.py:80} INFO - Job 1127: Subtask get_data_to_ingest_from_local_file_task
[2022-06-12 17:30:08,183] {task_command.py:370} INFO - Running <TaskInstance: ingest_data.get_data_to_ingest_from_local_file_task scheduled__2022-06-12T06:07:00+00:00 [running]> on host DESKTOP-GDPK8BL.localdomain
[2022-06-12 17:30:08,650] {taskinstance.py:1569} INFO - Exporting the following env vars:
AIRFLOW_CTX_DAG_OWNER=airflow
AIRFLOW_CTX_DAG_ID=ingest_data
AIRFLOW_CTX_TASK_ID=get_data_to_ingest_from_local_file_task
AIRFLOW_CTX_EXECUTION_DATE=2022-06-12T06:07:00+00:00
AIRFLOW_CTX_TRY_NUMBER=1
AIRFLOW_CTX_DAG_RUN_ID=scheduled__2022-06-12T06:07:00+00:00
[2022-06-12 17:30:08,726] {python.py:173} INFO - Done. Returned value was:           AT      V       AP     RH      PE
22333  30.13  71.98  1004.95  63.62  431.00
33379  26.38  44.89  1009.14  51.79  442.13
29840  28.59  69.84  1003.79  67.31  427.53
296    16.07  44.58  1019.52  67.95  471.36
47791  27.44  52.30  1008.15  58.92  441.75
[2022-06-12 17:30:08,882] {taskinstance.py:1395} INFO - Marking task as SUCCESS. dag_id=ingest_data, task_id=get_data_to_ingest_from_local_file_task, execution_date=20220612T060700, start_date=20220612T153007, end_date=20220612T153008
[2022-06-12 17:30:08,968] {local_task_job.py:156} INFO - Task exited with return code 0
[2022-06-12 17:30:09,204] {local_task_job.py:273} INFO - 1 downstream tasks scheduled from follow-on schedule check
