[2022-06-12 17:01:46,679] {taskinstance.py:1159} INFO - Dependencies all met for <TaskInstance: ingest_data.get_data_to_ingest_from_local_file_task scheduled__2022-06-12T03:20:00+00:00 [queued]>
[2022-06-12 17:01:46,725] {taskinstance.py:1159} INFO - Dependencies all met for <TaskInstance: ingest_data.get_data_to_ingest_from_local_file_task scheduled__2022-06-12T03:20:00+00:00 [queued]>
[2022-06-12 17:01:46,726] {taskinstance.py:1356} INFO - 
--------------------------------------------------------------------------------
[2022-06-12 17:01:46,726] {taskinstance.py:1357} INFO - Starting attempt 1 of 1
[2022-06-12 17:01:46,727] {taskinstance.py:1358} INFO - 
--------------------------------------------------------------------------------
[2022-06-12 17:01:46,785] {taskinstance.py:1377} INFO - Executing <Task(_PythonDecoratedOperator): get_data_to_ingest_from_local_file_task> on 2022-06-12 03:20:00+00:00
[2022-06-12 17:01:46,792] {standard_task_runner.py:52} INFO - Started process 6717 to run task
[2022-06-12 17:01:46,799] {standard_task_runner.py:79} INFO - Running: ['airflow', 'tasks', 'run', 'ingest_data', 'get_data_to_ingest_from_local_file_task', 'scheduled__2022-06-12T03:20:00+00:00', '--job-id', '793', '--raw', '--subdir', 'DAGS_FOLDER/ingestion_dag.py', '--cfg-path', '/tmp/tmpzi4ox55o', '--error-file', '/tmp/tmp24tokxfm']
[2022-06-12 17:01:46,801] {standard_task_runner.py:80} INFO - Job 793: Subtask get_data_to_ingest_from_local_file_task
[2022-06-12 17:01:46,950] {task_command.py:370} INFO - Running <TaskInstance: ingest_data.get_data_to_ingest_from_local_file_task scheduled__2022-06-12T03:20:00+00:00 [running]> on host DESKTOP-GDPK8BL.localdomain
[2022-06-12 17:01:47,397] {taskinstance.py:1569} INFO - Exporting the following env vars:
AIRFLOW_CTX_DAG_OWNER=airflow
AIRFLOW_CTX_DAG_ID=ingest_data
AIRFLOW_CTX_TASK_ID=get_data_to_ingest_from_local_file_task
AIRFLOW_CTX_EXECUTION_DATE=2022-06-12T03:20:00+00:00
AIRFLOW_CTX_TRY_NUMBER=1
AIRFLOW_CTX_DAG_RUN_ID=scheduled__2022-06-12T03:20:00+00:00
[2022-06-12 17:01:47,475] {python.py:173} INFO - Done. Returned value was:           AT      V       AP     RH      PE
26566  13.77  42.86  1012.86  88.83  471.94
18399  24.22  68.51  1013.23  74.96  440.01
33947  22.38  71.85  1009.56  74.91  441.47
20314   3.69  38.44  1016.74  82.87  490.78
39155  17.82  56.89  1014.24  77.73  453.83
[2022-06-12 17:01:47,636] {taskinstance.py:1395} INFO - Marking task as SUCCESS. dag_id=ingest_data, task_id=get_data_to_ingest_from_local_file_task, execution_date=20220612T032000, start_date=20220612T150146, end_date=20220612T150147
[2022-06-12 17:01:47,737] {local_task_job.py:156} INFO - Task exited with return code 0
[2022-06-12 17:01:47,963] {local_task_job.py:273} INFO - 1 downstream tasks scheduled from follow-on schedule check
