[2022-06-12 16:03:09,115] {taskinstance.py:1159} INFO - Dependencies all met for <TaskInstance: ingest_data.get_data_to_ingest_from_local_file_task scheduled__2022-06-11T21:42:00+00:00 [queued]>
[2022-06-12 16:03:09,144] {taskinstance.py:1159} INFO - Dependencies all met for <TaskInstance: ingest_data.get_data_to_ingest_from_local_file_task scheduled__2022-06-11T21:42:00+00:00 [queued]>
[2022-06-12 16:03:09,144] {taskinstance.py:1356} INFO - 
--------------------------------------------------------------------------------
[2022-06-12 16:03:09,145] {taskinstance.py:1357} INFO - Starting attempt 1 of 1
[2022-06-12 16:03:09,145] {taskinstance.py:1358} INFO - 
--------------------------------------------------------------------------------
[2022-06-12 16:03:09,213] {taskinstance.py:1377} INFO - Executing <Task(_PythonDecoratedOperator): get_data_to_ingest_from_local_file_task> on 2022-06-11 21:42:00+00:00
[2022-06-12 16:03:09,220] {standard_task_runner.py:52} INFO - Started process 1458 to run task
[2022-06-12 16:03:09,225] {standard_task_runner.py:79} INFO - Running: ['airflow', 'tasks', 'run', 'ingest_data', 'get_data_to_ingest_from_local_file_task', 'scheduled__2022-06-11T21:42:00+00:00', '--job-id', '118', '--raw', '--subdir', 'DAGS_FOLDER/ingestion_dag.py', '--cfg-path', '/tmp/tmpnnkpxh7x', '--error-file', '/tmp/tmpb_vk8sp9']
[2022-06-12 16:03:09,227] {standard_task_runner.py:80} INFO - Job 118: Subtask get_data_to_ingest_from_local_file_task
[2022-06-12 16:03:09,373] {task_command.py:370} INFO - Running <TaskInstance: ingest_data.get_data_to_ingest_from_local_file_task scheduled__2022-06-11T21:42:00+00:00 [running]> on host DESKTOP-GDPK8BL.localdomain
[2022-06-12 16:03:09,713] {taskinstance.py:1569} INFO - Exporting the following env vars:
AIRFLOW_CTX_DAG_OWNER=airflow
AIRFLOW_CTX_DAG_ID=ingest_data
AIRFLOW_CTX_TASK_ID=get_data_to_ingest_from_local_file_task
AIRFLOW_CTX_EXECUTION_DATE=2022-06-11T21:42:00+00:00
AIRFLOW_CTX_TRY_NUMBER=1
AIRFLOW_CTX_DAG_RUN_ID=scheduled__2022-06-11T21:42:00+00:00
[2022-06-12 16:03:09,780] {python.py:173} INFO - Done. Returned value was:           AT      V       AP     RH      PE
20421  13.81  40.20  1013.66  88.16  464.23
16697   9.29  35.77  1015.34  63.29  475.88
23504  27.17  67.45  1015.67  49.03  429.87
2354   22.61  44.05  1005.69  76.74  443.45
5251   16.85  42.24  1017.43  66.01  472.63
[2022-06-12 16:03:09,881] {taskinstance.py:1395} INFO - Marking task as SUCCESS. dag_id=ingest_data, task_id=get_data_to_ingest_from_local_file_task, execution_date=20220611T214200, start_date=20220612T140309, end_date=20220612T140309
[2022-06-12 16:03:09,962] {local_task_job.py:156} INFO - Task exited with return code 0
[2022-06-12 16:03:10,190] {local_task_job.py:273} INFO - 1 downstream tasks scheduled from follow-on schedule check
