[2022-06-12 14:43:21,298] {taskinstance.py:1159} INFO - Dependencies all met for <TaskInstance: example_2.task_1 scheduled__2022-06-12T01:08:00+00:00 [queued]>
[2022-06-12 14:43:21,321] {taskinstance.py:1159} INFO - Dependencies all met for <TaskInstance: example_2.task_1 scheduled__2022-06-12T01:08:00+00:00 [queued]>
[2022-06-12 14:43:21,321] {taskinstance.py:1356} INFO - 
--------------------------------------------------------------------------------
[2022-06-12 14:43:21,322] {taskinstance.py:1357} INFO - Starting attempt 1 of 1
[2022-06-12 14:43:21,323] {taskinstance.py:1358} INFO - 
--------------------------------------------------------------------------------
[2022-06-12 14:43:21,383] {taskinstance.py:1377} INFO - Executing <Task(_PythonDecoratedOperator): task_1> on 2022-06-12 01:08:00+00:00
[2022-06-12 14:43:21,387] {standard_task_runner.py:52} INFO - Started process 732 to run task
[2022-06-12 14:43:21,399] {standard_task_runner.py:79} INFO - Running: ['airflow', 'tasks', 'run', 'example_2', 'task_1', 'scheduled__2022-06-12T01:08:00+00:00', '--job-id', '22', '--raw', '--subdir', 'DAGS_FOLDER/dummy_dag.py', '--cfg-path', '/tmp/tmpsbuwak15', '--error-file', '/tmp/tmpy8vr620e']
[2022-06-12 14:43:21,401] {standard_task_runner.py:80} INFO - Job 22: Subtask task_1
[2022-06-12 14:43:21,566] {task_command.py:370} INFO - Running <TaskInstance: example_2.task_1 scheduled__2022-06-12T01:08:00+00:00 [running]> on host DESKTOP-GDPK8BL.localdomain
[2022-06-12 14:43:21,768] {taskinstance.py:1569} INFO - Exporting the following env vars:
AIRFLOW_CTX_DAG_OWNER=airflow
AIRFLOW_CTX_DAG_ID=example_2
AIRFLOW_CTX_TASK_ID=task_1
AIRFLOW_CTX_EXECUTION_DATE=2022-06-12T01:08:00+00:00
AIRFLOW_CTX_TRY_NUMBER=1
AIRFLOW_CTX_DAG_RUN_ID=scheduled__2022-06-12T01:08:00+00:00
[2022-06-12 14:43:21,770] {python.py:173} INFO - Done. Returned value was: 3
[2022-06-12 14:43:21,852] {taskinstance.py:1395} INFO - Marking task as SUCCESS. dag_id=example_2, task_id=task_1, execution_date=20220612T010800, start_date=20220612T124321, end_date=20220612T124321
[2022-06-12 14:43:22,012] {local_task_job.py:156} INFO - Task exited with return code 0
[2022-06-12 14:43:22,135] {local_task_job.py:273} INFO - 1 downstream tasks scheduled from follow-on schedule check
