[2022-06-12 17:23:21,087] {taskinstance.py:1159} INFO - Dependencies all met for <TaskInstance: ingest_data.get_data_to_ingest_from_local_file_task scheduled__2022-06-12T05:24:00+00:00 [queued]>
[2022-06-12 17:23:21,124] {taskinstance.py:1159} INFO - Dependencies all met for <TaskInstance: ingest_data.get_data_to_ingest_from_local_file_task scheduled__2022-06-12T05:24:00+00:00 [queued]>
[2022-06-12 17:23:21,125] {taskinstance.py:1356} INFO - 
--------------------------------------------------------------------------------
[2022-06-12 17:23:21,125] {taskinstance.py:1357} INFO - Starting attempt 1 of 1
[2022-06-12 17:23:21,126] {taskinstance.py:1358} INFO - 
--------------------------------------------------------------------------------
[2022-06-12 17:23:21,231] {taskinstance.py:1377} INFO - Executing <Task(_PythonDecoratedOperator): get_data_to_ingest_from_local_file_task> on 2022-06-12 05:24:00+00:00
[2022-06-12 17:23:21,236] {standard_task_runner.py:52} INFO - Started process 8560 to run task
[2022-06-12 17:23:21,243] {standard_task_runner.py:79} INFO - Running: ['airflow', 'tasks', 'run', 'ingest_data', 'get_data_to_ingest_from_local_file_task', 'scheduled__2022-06-12T05:24:00+00:00', '--job-id', '1041', '--raw', '--subdir', 'DAGS_FOLDER/ingestion_dag.py', '--cfg-path', '/tmp/tmpcs6x4811', '--error-file', '/tmp/tmpxkajesmp']
[2022-06-12 17:23:21,244] {standard_task_runner.py:80} INFO - Job 1041: Subtask get_data_to_ingest_from_local_file_task
[2022-06-12 17:23:21,372] {task_command.py:370} INFO - Running <TaskInstance: ingest_data.get_data_to_ingest_from_local_file_task scheduled__2022-06-12T05:24:00+00:00 [running]> on host DESKTOP-GDPK8BL.localdomain
[2022-06-12 17:23:21,768] {taskinstance.py:1569} INFO - Exporting the following env vars:
AIRFLOW_CTX_DAG_OWNER=airflow
AIRFLOW_CTX_DAG_ID=ingest_data
AIRFLOW_CTX_TASK_ID=get_data_to_ingest_from_local_file_task
AIRFLOW_CTX_EXECUTION_DATE=2022-06-12T05:24:00+00:00
AIRFLOW_CTX_TRY_NUMBER=1
AIRFLOW_CTX_DAG_RUN_ID=scheduled__2022-06-12T05:24:00+00:00
[2022-06-12 17:23:21,844] {python.py:173} INFO - Done. Returned value was:           AT      V       AP     RH      PE
41582  12.24  49.83  1007.90  94.28  466.83
24098  13.69  40.10  1014.38  83.57  470.76
32774  23.38  48.78  1019.03  78.69  446.18
35995  23.61  59.39  1015.11  78.84  438.08
31988  23.28  48.92  1010.23  41.55  449.27
[2022-06-12 17:23:21,975] {taskinstance.py:1395} INFO - Marking task as SUCCESS. dag_id=ingest_data, task_id=get_data_to_ingest_from_local_file_task, execution_date=20220612T052400, start_date=20220612T152321, end_date=20220612T152321
[2022-06-12 17:23:22,059] {local_task_job.py:156} INFO - Task exited with return code 0
[2022-06-12 17:23:22,293] {local_task_job.py:273} INFO - 1 downstream tasks scheduled from follow-on schedule check
