[2022-06-12 17:25:28,339] {taskinstance.py:1159} INFO - Dependencies all met for <TaskInstance: ingest_data.get_data_to_ingest_from_local_file_task scheduled__2022-06-12T05:37:00+00:00 [queued]>
[2022-06-12 17:25:28,375] {taskinstance.py:1159} INFO - Dependencies all met for <TaskInstance: ingest_data.get_data_to_ingest_from_local_file_task scheduled__2022-06-12T05:37:00+00:00 [queued]>
[2022-06-12 17:25:28,376] {taskinstance.py:1356} INFO - 
--------------------------------------------------------------------------------
[2022-06-12 17:25:28,376] {taskinstance.py:1357} INFO - Starting attempt 1 of 1
[2022-06-12 17:25:28,377] {taskinstance.py:1358} INFO - 
--------------------------------------------------------------------------------
[2022-06-12 17:25:28,455] {taskinstance.py:1377} INFO - Executing <Task(_PythonDecoratedOperator): get_data_to_ingest_from_local_file_task> on 2022-06-12 05:37:00+00:00
[2022-06-12 17:25:28,462] {standard_task_runner.py:52} INFO - Started process 8752 to run task
[2022-06-12 17:25:28,469] {standard_task_runner.py:79} INFO - Running: ['airflow', 'tasks', 'run', 'ingest_data', 'get_data_to_ingest_from_local_file_task', 'scheduled__2022-06-12T05:37:00+00:00', '--job-id', '1067', '--raw', '--subdir', 'DAGS_FOLDER/ingestion_dag.py', '--cfg-path', '/tmp/tmpk179wtxv', '--error-file', '/tmp/tmpa_ritd2r']
[2022-06-12 17:25:28,471] {standard_task_runner.py:80} INFO - Job 1067: Subtask get_data_to_ingest_from_local_file_task
[2022-06-12 17:25:28,622] {task_command.py:370} INFO - Running <TaskInstance: ingest_data.get_data_to_ingest_from_local_file_task scheduled__2022-06-12T05:37:00+00:00 [running]> on host DESKTOP-GDPK8BL.localdomain
[2022-06-12 17:25:29,087] {taskinstance.py:1569} INFO - Exporting the following env vars:
AIRFLOW_CTX_DAG_OWNER=airflow
AIRFLOW_CTX_DAG_ID=ingest_data
AIRFLOW_CTX_TASK_ID=get_data_to_ingest_from_local_file_task
AIRFLOW_CTX_EXECUTION_DATE=2022-06-12T05:37:00+00:00
AIRFLOW_CTX_TRY_NUMBER=1
AIRFLOW_CTX_DAG_RUN_ID=scheduled__2022-06-12T05:37:00+00:00
[2022-06-12 17:25:29,161] {python.py:173} INFO - Done. Returned value was:           AT      V       AP     RH      PE
29194  23.05  68.67  1006.69  76.43  447.34
44726  21.42  56.89  1014.39  84.05  444.86
42764  25.78  59.15  1013.61  66.68  441.71
32615  20.08  54.42  1011.79  89.35  457.14
28531  14.17  41.67  1013.40  72.77  471.42
[2022-06-12 17:25:29,323] {taskinstance.py:1395} INFO - Marking task as SUCCESS. dag_id=ingest_data, task_id=get_data_to_ingest_from_local_file_task, execution_date=20220612T053700, start_date=20220612T152528, end_date=20220612T152529
[2022-06-12 17:25:29,411] {local_task_job.py:156} INFO - Task exited with return code 0
[2022-06-12 17:25:29,637] {local_task_job.py:273} INFO - 1 downstream tasks scheduled from follow-on schedule check
