[2022-06-12 17:19:24,075] {taskinstance.py:1159} INFO - Dependencies all met for <TaskInstance: ingest_data.get_data_to_ingest_from_local_file_task scheduled__2022-06-12T04:59:00+00:00 [queued]>
[2022-06-12 17:19:24,110] {taskinstance.py:1159} INFO - Dependencies all met for <TaskInstance: ingest_data.get_data_to_ingest_from_local_file_task scheduled__2022-06-12T04:59:00+00:00 [queued]>
[2022-06-12 17:19:24,110] {taskinstance.py:1356} INFO - 
--------------------------------------------------------------------------------
[2022-06-12 17:19:24,111] {taskinstance.py:1357} INFO - Starting attempt 1 of 1
[2022-06-12 17:19:24,112] {taskinstance.py:1358} INFO - 
--------------------------------------------------------------------------------
[2022-06-12 17:19:24,189] {taskinstance.py:1377} INFO - Executing <Task(_PythonDecoratedOperator): get_data_to_ingest_from_local_file_task> on 2022-06-12 04:59:00+00:00
[2022-06-12 17:19:24,196] {standard_task_runner.py:52} INFO - Started process 8190 to run task
[2022-06-12 17:19:24,203] {standard_task_runner.py:79} INFO - Running: ['airflow', 'tasks', 'run', 'ingest_data', 'get_data_to_ingest_from_local_file_task', 'scheduled__2022-06-12T04:59:00+00:00', '--job-id', '991', '--raw', '--subdir', 'DAGS_FOLDER/ingestion_dag.py', '--cfg-path', '/tmp/tmpuyrfikly', '--error-file', '/tmp/tmp22akw6l0']
[2022-06-12 17:19:24,214] {standard_task_runner.py:80} INFO - Job 991: Subtask get_data_to_ingest_from_local_file_task
[2022-06-12 17:19:24,367] {task_command.py:370} INFO - Running <TaskInstance: ingest_data.get_data_to_ingest_from_local_file_task scheduled__2022-06-12T04:59:00+00:00 [running]> on host DESKTOP-GDPK8BL.localdomain
[2022-06-12 17:19:24,827] {taskinstance.py:1569} INFO - Exporting the following env vars:
AIRFLOW_CTX_DAG_OWNER=airflow
AIRFLOW_CTX_DAG_ID=ingest_data
AIRFLOW_CTX_TASK_ID=get_data_to_ingest_from_local_file_task
AIRFLOW_CTX_EXECUTION_DATE=2022-06-12T04:59:00+00:00
AIRFLOW_CTX_TRY_NUMBER=1
AIRFLOW_CTX_DAG_RUN_ID=scheduled__2022-06-12T04:59:00+00:00
[2022-06-12 17:19:24,902] {python.py:173} INFO - Done. Returned value was:           AT      V       AP     RH      PE
43684  28.98  73.42  1011.25  72.90  432.20
5329   18.51  58.46  1017.21  88.10  448.39
12392  20.98  43.77  1010.67  62.73  449.88
1508   21.14  67.71  1006.38  56.78  445.12
36241  11.67  37.73  1021.20  68.88  473.54
[2022-06-12 17:19:25,053] {taskinstance.py:1395} INFO - Marking task as SUCCESS. dag_id=ingest_data, task_id=get_data_to_ingest_from_local_file_task, execution_date=20220612T045900, start_date=20220612T151924, end_date=20220612T151925
[2022-06-12 17:19:25,151] {local_task_job.py:156} INFO - Task exited with return code 0
[2022-06-12 17:19:25,393] {local_task_job.py:273} INFO - 1 downstream tasks scheduled from follow-on schedule check
