[2022-06-12 17:37:45,518] {taskinstance.py:1159} INFO - Dependencies all met for <TaskInstance: ingest_data.get_data_to_ingest_from_local_file_task scheduled__2022-06-12T06:56:00+00:00 [queued]>
[2022-06-12 17:37:45,548] {taskinstance.py:1159} INFO - Dependencies all met for <TaskInstance: ingest_data.get_data_to_ingest_from_local_file_task scheduled__2022-06-12T06:56:00+00:00 [queued]>
[2022-06-12 17:37:45,548] {taskinstance.py:1356} INFO - 
--------------------------------------------------------------------------------
[2022-06-12 17:37:45,549] {taskinstance.py:1357} INFO - Starting attempt 1 of 1
[2022-06-12 17:37:45,550] {taskinstance.py:1358} INFO - 
--------------------------------------------------------------------------------
[2022-06-12 17:37:45,600] {taskinstance.py:1377} INFO - Executing <Task(_PythonDecoratedOperator): get_data_to_ingest_from_local_file_task> on 2022-06-12 06:56:00+00:00
[2022-06-12 17:37:45,606] {standard_task_runner.py:52} INFO - Started process 9918 to run task
[2022-06-12 17:37:45,612] {standard_task_runner.py:79} INFO - Running: ['airflow', 'tasks', 'run', 'ingest_data', 'get_data_to_ingest_from_local_file_task', 'scheduled__2022-06-12T06:56:00+00:00', '--job-id', '1225', '--raw', '--subdir', 'DAGS_FOLDER/ingestion_dag.py', '--cfg-path', '/tmp/tmpsbg_fbsb', '--error-file', '/tmp/tmptnklwmv8']
[2022-06-12 17:37:45,614] {standard_task_runner.py:80} INFO - Job 1225: Subtask get_data_to_ingest_from_local_file_task
[2022-06-12 17:37:45,788] {task_command.py:370} INFO - Running <TaskInstance: ingest_data.get_data_to_ingest_from_local_file_task scheduled__2022-06-12T06:56:00+00:00 [running]> on host DESKTOP-GDPK8BL.localdomain
[2022-06-12 17:37:46,262] {taskinstance.py:1569} INFO - Exporting the following env vars:
AIRFLOW_CTX_DAG_OWNER=airflow
AIRFLOW_CTX_DAG_ID=ingest_data
AIRFLOW_CTX_TASK_ID=get_data_to_ingest_from_local_file_task
AIRFLOW_CTX_EXECUTION_DATE=2022-06-12T06:56:00+00:00
AIRFLOW_CTX_TRY_NUMBER=1
AIRFLOW_CTX_DAG_RUN_ID=scheduled__2022-06-12T06:56:00+00:00
[2022-06-12 17:37:46,333] {python.py:173} INFO - Done. Returned value was:           AT      V       AP     RH      PE
12457  15.40  41.16  1005.34  80.22  465.16
6501   33.58  77.54  1010.19  53.49  433.75
45873  21.11  74.78  1009.71  84.35  442.68
33592  15.33  43.13  1015.41  53.17  466.86
491    29.05  65.74  1013.29  60.02  440.74
[2022-06-12 17:37:46,489] {taskinstance.py:1395} INFO - Marking task as SUCCESS. dag_id=ingest_data, task_id=get_data_to_ingest_from_local_file_task, execution_date=20220612T065600, start_date=20220612T153745, end_date=20220612T153746
[2022-06-12 17:37:46,591] {local_task_job.py:156} INFO - Task exited with return code 0
[2022-06-12 17:37:46,824] {local_task_job.py:273} INFO - 1 downstream tasks scheduled from follow-on schedule check
