[2022-06-12 17:10:35,697] {taskinstance.py:1159} INFO - Dependencies all met for <TaskInstance: ingest_data.get_data_to_ingest_from_local_file_task scheduled__2022-06-12T04:09:00+00:00 [queued]>
[2022-06-12 17:10:35,727] {taskinstance.py:1159} INFO - Dependencies all met for <TaskInstance: ingest_data.get_data_to_ingest_from_local_file_task scheduled__2022-06-12T04:09:00+00:00 [queued]>
[2022-06-12 17:10:35,728] {taskinstance.py:1356} INFO - 
--------------------------------------------------------------------------------
[2022-06-12 17:10:35,729] {taskinstance.py:1357} INFO - Starting attempt 1 of 1
[2022-06-12 17:10:35,730] {taskinstance.py:1358} INFO - 
--------------------------------------------------------------------------------
[2022-06-12 17:10:35,793] {taskinstance.py:1377} INFO - Executing <Task(_PythonDecoratedOperator): get_data_to_ingest_from_local_file_task> on 2022-06-12 04:09:00+00:00
[2022-06-12 17:10:35,799] {standard_task_runner.py:52} INFO - Started process 7445 to run task
[2022-06-12 17:10:35,805] {standard_task_runner.py:79} INFO - Running: ['airflow', 'tasks', 'run', 'ingest_data', 'get_data_to_ingest_from_local_file_task', 'scheduled__2022-06-12T04:09:00+00:00', '--job-id', '891', '--raw', '--subdir', 'DAGS_FOLDER/ingestion_dag.py', '--cfg-path', '/tmp/tmpvifew5vd', '--error-file', '/tmp/tmp0z1e2d33']
[2022-06-12 17:10:35,806] {standard_task_runner.py:80} INFO - Job 891: Subtask get_data_to_ingest_from_local_file_task
[2022-06-12 17:10:35,958] {task_command.py:370} INFO - Running <TaskInstance: ingest_data.get_data_to_ingest_from_local_file_task scheduled__2022-06-12T04:09:00+00:00 [running]> on host DESKTOP-GDPK8BL.localdomain
[2022-06-12 17:10:36,428] {taskinstance.py:1569} INFO - Exporting the following env vars:
AIRFLOW_CTX_DAG_OWNER=airflow
AIRFLOW_CTX_DAG_ID=ingest_data
AIRFLOW_CTX_TASK_ID=get_data_to_ingest_from_local_file_task
AIRFLOW_CTX_EXECUTION_DATE=2022-06-12T04:09:00+00:00
AIRFLOW_CTX_TRY_NUMBER=1
AIRFLOW_CTX_DAG_RUN_ID=scheduled__2022-06-12T04:09:00+00:00
[2022-06-12 17:10:36,503] {python.py:173} INFO - Done. Returned value was:           AT      V       AP     RH      PE
28130  14.24  39.52  1018.22  77.19  468.51
19979  12.74  41.50  1012.94  86.28  469.92
22092  28.40  75.23  1011.12  55.01  441.78
5970   11.09  41.58  1020.99  91.09  464.81
13388  13.77  43.13  1016.63  62.13  468.45
[2022-06-12 17:10:36,665] {taskinstance.py:1395} INFO - Marking task as SUCCESS. dag_id=ingest_data, task_id=get_data_to_ingest_from_local_file_task, execution_date=20220612T040900, start_date=20220612T151035, end_date=20220612T151036
[2022-06-12 17:10:36,745] {local_task_job.py:156} INFO - Task exited with return code 0
[2022-06-12 17:10:36,989] {local_task_job.py:273} INFO - 1 downstream tasks scheduled from follow-on schedule check
