[2022-06-12 16:38:55,845] {taskinstance.py:1159} INFO - Dependencies all met for <TaskInstance: ingest_data.get_data_to_ingest_from_local_file_task scheduled__2022-06-12T01:13:00+00:00 [queued]>
[2022-06-12 16:38:55,879] {taskinstance.py:1159} INFO - Dependencies all met for <TaskInstance: ingest_data.get_data_to_ingest_from_local_file_task scheduled__2022-06-12T01:13:00+00:00 [queued]>
[2022-06-12 16:38:55,880] {taskinstance.py:1356} INFO - 
--------------------------------------------------------------------------------
[2022-06-12 16:38:55,881] {taskinstance.py:1357} INFO - Starting attempt 1 of 1
[2022-06-12 16:38:55,882] {taskinstance.py:1358} INFO - 
--------------------------------------------------------------------------------
[2022-06-12 16:38:55,954] {taskinstance.py:1377} INFO - Executing <Task(_PythonDecoratedOperator): get_data_to_ingest_from_local_file_task> on 2022-06-12 01:13:00+00:00
[2022-06-12 16:38:55,959] {standard_task_runner.py:52} INFO - Started process 4825 to run task
[2022-06-12 16:38:55,965] {standard_task_runner.py:79} INFO - Running: ['airflow', 'tasks', 'run', 'ingest_data', 'get_data_to_ingest_from_local_file_task', 'scheduled__2022-06-12T01:13:00+00:00', '--job-id', '539', '--raw', '--subdir', 'DAGS_FOLDER/ingestion_dag.py', '--cfg-path', '/tmp/tmp8j0v3gh1', '--error-file', '/tmp/tmpgb1ekqlb']
[2022-06-12 16:38:55,967] {standard_task_runner.py:80} INFO - Job 539: Subtask get_data_to_ingest_from_local_file_task
[2022-06-12 16:38:56,112] {task_command.py:370} INFO - Running <TaskInstance: ingest_data.get_data_to_ingest_from_local_file_task scheduled__2022-06-12T01:13:00+00:00 [running]> on host DESKTOP-GDPK8BL.localdomain
[2022-06-12 16:38:56,498] {taskinstance.py:1569} INFO - Exporting the following env vars:
AIRFLOW_CTX_DAG_OWNER=airflow
AIRFLOW_CTX_DAG_ID=ingest_data
AIRFLOW_CTX_TASK_ID=get_data_to_ingest_from_local_file_task
AIRFLOW_CTX_EXECUTION_DATE=2022-06-12T01:13:00+00:00
AIRFLOW_CTX_TRY_NUMBER=1
AIRFLOW_CTX_DAG_RUN_ID=scheduled__2022-06-12T01:13:00+00:00
[2022-06-12 16:38:56,575] {python.py:173} INFO - Done. Returned value was:           AT      V       AP     RH      PE
42802  14.08  40.73  1017.52  91.49  461.58
1780   25.16  77.30  1000.73  86.40  439.37
12014  14.20  43.02  1012.18  57.07  470.67
7314   20.53  49.16  1007.11  90.02  444.69
38685   9.80  41.82  1032.98  67.55  473.72
[2022-06-12 16:38:56,708] {taskinstance.py:1395} INFO - Marking task as SUCCESS. dag_id=ingest_data, task_id=get_data_to_ingest_from_local_file_task, execution_date=20220612T011300, start_date=20220612T143855, end_date=20220612T143856
[2022-06-12 16:38:56,782] {local_task_job.py:156} INFO - Task exited with return code 0
[2022-06-12 16:38:57,015] {local_task_job.py:273} INFO - 1 downstream tasks scheduled from follow-on schedule check
