[2022-06-12 17:17:30,702] {taskinstance.py:1159} INFO - Dependencies all met for <TaskInstance: ingest_data.get_data_to_ingest_from_local_file_task scheduled__2022-06-12T04:47:00+00:00 [queued]>
[2022-06-12 17:17:30,734] {taskinstance.py:1159} INFO - Dependencies all met for <TaskInstance: ingest_data.get_data_to_ingest_from_local_file_task scheduled__2022-06-12T04:47:00+00:00 [queued]>
[2022-06-12 17:17:30,734] {taskinstance.py:1356} INFO - 
--------------------------------------------------------------------------------
[2022-06-12 17:17:30,735] {taskinstance.py:1357} INFO - Starting attempt 1 of 1
[2022-06-12 17:17:30,736] {taskinstance.py:1358} INFO - 
--------------------------------------------------------------------------------
[2022-06-12 17:17:30,796] {taskinstance.py:1377} INFO - Executing <Task(_PythonDecoratedOperator): get_data_to_ingest_from_local_file_task> on 2022-06-12 04:47:00+00:00
[2022-06-12 17:17:30,802] {standard_task_runner.py:52} INFO - Started process 8020 to run task
[2022-06-12 17:17:30,808] {standard_task_runner.py:79} INFO - Running: ['airflow', 'tasks', 'run', 'ingest_data', 'get_data_to_ingest_from_local_file_task', 'scheduled__2022-06-12T04:47:00+00:00', '--job-id', '968', '--raw', '--subdir', 'DAGS_FOLDER/ingestion_dag.py', '--cfg-path', '/tmp/tmpkpsoa5lj', '--error-file', '/tmp/tmpe7869xmb']
[2022-06-12 17:17:30,809] {standard_task_runner.py:80} INFO - Job 968: Subtask get_data_to_ingest_from_local_file_task
[2022-06-12 17:17:30,952] {task_command.py:370} INFO - Running <TaskInstance: ingest_data.get_data_to_ingest_from_local_file_task scheduled__2022-06-12T04:47:00+00:00 [running]> on host DESKTOP-GDPK8BL.localdomain
[2022-06-12 17:17:31,400] {taskinstance.py:1569} INFO - Exporting the following env vars:
AIRFLOW_CTX_DAG_OWNER=airflow
AIRFLOW_CTX_DAG_ID=ingest_data
AIRFLOW_CTX_TASK_ID=get_data_to_ingest_from_local_file_task
AIRFLOW_CTX_EXECUTION_DATE=2022-06-12T04:47:00+00:00
AIRFLOW_CTX_TRY_NUMBER=1
AIRFLOW_CTX_DAG_RUN_ID=scheduled__2022-06-12T04:47:00+00:00
[2022-06-12 17:17:31,473] {python.py:173} INFO - Done. Returned value was:           AT      V       AP     RH      PE
30664  24.40  60.32  1016.50  70.96  447.73
14922   6.03  41.17  1019.81  84.20  488.57
12265  22.93  62.26  1011.25  83.66  438.34
5729   25.28  71.94  1006.73  86.69  432.26
6673   29.01  66.44  1011.21  71.56  430.61
[2022-06-12 17:17:31,650] {taskinstance.py:1395} INFO - Marking task as SUCCESS. dag_id=ingest_data, task_id=get_data_to_ingest_from_local_file_task, execution_date=20220612T044700, start_date=20220612T151730, end_date=20220612T151731
[2022-06-12 17:17:31,747] {local_task_job.py:156} INFO - Task exited with return code 0
[2022-06-12 17:17:32,073] {local_task_job.py:273} INFO - 1 downstream tasks scheduled from follow-on schedule check
