[2022-06-12 17:27:28,986] {taskinstance.py:1159} INFO - Dependencies all met for <TaskInstance: ingest_data.get_data_to_ingest_from_local_file_task scheduled__2022-06-12T05:50:00+00:00 [queued]>
[2022-06-12 17:27:29,015] {taskinstance.py:1159} INFO - Dependencies all met for <TaskInstance: ingest_data.get_data_to_ingest_from_local_file_task scheduled__2022-06-12T05:50:00+00:00 [queued]>
[2022-06-12 17:27:29,015] {taskinstance.py:1356} INFO - 
--------------------------------------------------------------------------------
[2022-06-12 17:27:29,016] {taskinstance.py:1357} INFO - Starting attempt 1 of 1
[2022-06-12 17:27:29,016] {taskinstance.py:1358} INFO - 
--------------------------------------------------------------------------------
[2022-06-12 17:27:29,077] {taskinstance.py:1377} INFO - Executing <Task(_PythonDecoratedOperator): get_data_to_ingest_from_local_file_task> on 2022-06-12 05:50:00+00:00
[2022-06-12 17:27:29,084] {standard_task_runner.py:52} INFO - Started process 8943 to run task
[2022-06-12 17:27:29,096] {standard_task_runner.py:79} INFO - Running: ['airflow', 'tasks', 'run', 'ingest_data', 'get_data_to_ingest_from_local_file_task', 'scheduled__2022-06-12T05:50:00+00:00', '--job-id', '1093', '--raw', '--subdir', 'DAGS_FOLDER/ingestion_dag.py', '--cfg-path', '/tmp/tmpvqyxdsdi', '--error-file', '/tmp/tmpvknu0xyk']
[2022-06-12 17:27:29,098] {standard_task_runner.py:80} INFO - Job 1093: Subtask get_data_to_ingest_from_local_file_task
[2022-06-12 17:27:29,254] {task_command.py:370} INFO - Running <TaskInstance: ingest_data.get_data_to_ingest_from_local_file_task scheduled__2022-06-12T05:50:00+00:00 [running]> on host DESKTOP-GDPK8BL.localdomain
[2022-06-12 17:27:29,676] {taskinstance.py:1569} INFO - Exporting the following env vars:
AIRFLOW_CTX_DAG_OWNER=airflow
AIRFLOW_CTX_DAG_ID=ingest_data
AIRFLOW_CTX_TASK_ID=get_data_to_ingest_from_local_file_task
AIRFLOW_CTX_EXECUTION_DATE=2022-06-12T05:50:00+00:00
AIRFLOW_CTX_TRY_NUMBER=1
AIRFLOW_CTX_DAG_RUN_ID=scheduled__2022-06-12T05:50:00+00:00
[2022-06-12 17:27:29,750] {python.py:173} INFO - Done. Returned value was:           AT      V       AP     RH      PE
27080  30.82  76.20  1007.47  59.30  432.22
3354   14.56  53.82  1016.37  64.46  463.64
21139  22.78  58.59  1012.84  65.55  445.45
22616   8.10  40.64  1020.66  89.04  478.27
22797  10.34  41.74  1020.07  79.17  480.84
[2022-06-12 17:27:29,906] {taskinstance.py:1395} INFO - Marking task as SUCCESS. dag_id=ingest_data, task_id=get_data_to_ingest_from_local_file_task, execution_date=20220612T055000, start_date=20220612T152728, end_date=20220612T152729
[2022-06-12 17:27:29,990] {local_task_job.py:156} INFO - Task exited with return code 0
[2022-06-12 17:27:30,235] {local_task_job.py:273} INFO - 1 downstream tasks scheduled from follow-on schedule check
