[2022-06-15 19:10:51,742] {taskinstance.py:1159} INFO - Dependencies all met for <TaskInstance: loan_pred.save_data_task scheduled__2022-06-14T21:00:00+00:00 [queued]>
[2022-06-15 19:10:51,764] {taskinstance.py:1159} INFO - Dependencies all met for <TaskInstance: loan_pred.save_data_task scheduled__2022-06-14T21:00:00+00:00 [queued]>
[2022-06-15 19:10:51,765] {taskinstance.py:1356} INFO - 
--------------------------------------------------------------------------------
[2022-06-15 19:10:51,765] {taskinstance.py:1357} INFO - Starting attempt 1 of 1
[2022-06-15 19:10:51,766] {taskinstance.py:1358} INFO - 
--------------------------------------------------------------------------------
[2022-06-15 19:10:51,821] {taskinstance.py:1377} INFO - Executing <Task(_PythonDecoratedOperator): save_data_task> on 2022-06-14 21:00:00+00:00
[2022-06-15 19:10:51,827] {standard_task_runner.py:52} INFO - Started process 273 to run task
[2022-06-15 19:10:51,831] {standard_task_runner.py:79} INFO - Running: ['airflow', 'tasks', 'run', 'loan_pred', 'save_data_task', 'scheduled__2022-06-14T21:00:00+00:00', '--job-id', '1575', '--raw', '--subdir', 'DAGS_FOLDER/loan_pred.py', '--cfg-path', '/tmp/tmpmdl03yns', '--error-file', '/tmp/tmp9y57e02_']
[2022-06-15 19:10:51,832] {standard_task_runner.py:80} INFO - Job 1575: Subtask save_data_task
[2022-06-15 19:10:51,949] {task_command.py:370} INFO - Running <TaskInstance: loan_pred.save_data_task scheduled__2022-06-14T21:00:00+00:00 [running]> on host DESKTOP-GDPK8BL.localdomain
[2022-06-15 19:10:52,479] {taskinstance.py:1569} INFO - Exporting the following env vars:
AIRFLOW_CTX_DAG_OWNER=airflow
AIRFLOW_CTX_DAG_ID=loan_pred
AIRFLOW_CTX_TASK_ID=save_data_task
AIRFLOW_CTX_EXECUTION_DATE=2022-06-14T21:00:00+00:00
AIRFLOW_CTX_TRY_NUMBER=1
AIRFLOW_CTX_DAG_RUN_ID=scheduled__2022-06-14T21:00:00+00:00
[2022-06-15 19:10:52,494] {python.py:173} INFO - Done. Returned value was: None
[2022-06-15 19:10:52,521] {taskinstance.py:1395} INFO - Marking task as SUCCESS. dag_id=loan_pred, task_id=save_data_task, execution_date=20220614T210000, start_date=20220615T171051, end_date=20220615T171052
[2022-06-15 19:10:52,608] {local_task_job.py:156} INFO - Task exited with return code 0
[2022-06-15 19:10:52,828] {local_task_job.py:273} INFO - 0 downstream tasks scheduled from follow-on schedule check
