[2022-06-12 16:52:32,461] {taskinstance.py:1159} INFO - Dependencies all met for <TaskInstance: ingest_data.get_data_to_ingest_from_local_file_task scheduled__2022-06-12T02:27:00+00:00 [queued]>
[2022-06-12 16:52:32,493] {taskinstance.py:1159} INFO - Dependencies all met for <TaskInstance: ingest_data.get_data_to_ingest_from_local_file_task scheduled__2022-06-12T02:27:00+00:00 [queued]>
[2022-06-12 16:52:32,494] {taskinstance.py:1356} INFO - 
--------------------------------------------------------------------------------
[2022-06-12 16:52:32,494] {taskinstance.py:1357} INFO - Starting attempt 1 of 1
[2022-06-12 16:52:32,495] {taskinstance.py:1358} INFO - 
--------------------------------------------------------------------------------
[2022-06-12 16:52:32,566] {taskinstance.py:1377} INFO - Executing <Task(_PythonDecoratedOperator): get_data_to_ingest_from_local_file_task> on 2022-06-12 02:27:00+00:00
[2022-06-12 16:52:32,572] {standard_task_runner.py:52} INFO - Started process 5929 to run task
[2022-06-12 16:52:32,579] {standard_task_runner.py:79} INFO - Running: ['airflow', 'tasks', 'run', 'ingest_data', 'get_data_to_ingest_from_local_file_task', 'scheduled__2022-06-12T02:27:00+00:00', '--job-id', '687', '--raw', '--subdir', 'DAGS_FOLDER/ingestion_dag.py', '--cfg-path', '/tmp/tmpxy7dkxgv', '--error-file', '/tmp/tmp8q48tszc']
[2022-06-12 16:52:32,580] {standard_task_runner.py:80} INFO - Job 687: Subtask get_data_to_ingest_from_local_file_task
[2022-06-12 16:52:32,791] {task_command.py:370} INFO - Running <TaskInstance: ingest_data.get_data_to_ingest_from_local_file_task scheduled__2022-06-12T02:27:00+00:00 [running]> on host DESKTOP-GDPK8BL.localdomain
[2022-06-12 16:52:33,362] {taskinstance.py:1569} INFO - Exporting the following env vars:
AIRFLOW_CTX_DAG_OWNER=airflow
AIRFLOW_CTX_DAG_ID=ingest_data
AIRFLOW_CTX_TASK_ID=get_data_to_ingest_from_local_file_task
AIRFLOW_CTX_EXECUTION_DATE=2022-06-12T02:27:00+00:00
AIRFLOW_CTX_TRY_NUMBER=1
AIRFLOW_CTX_DAG_RUN_ID=scheduled__2022-06-12T02:27:00+00:00
[2022-06-12 16:52:33,459] {python.py:173} INFO - Done. Returned value was:           AT      V       AP     RH      PE
28954   9.11  40.02  1031.10  83.02  479.03
28924   8.58  40.72  1022.04  87.55  480.96
30212  29.69  47.93  1002.85  44.76  438.09
29797  25.91  58.98  1010.02  75.31  442.65
30025  17.45  42.28  1007.64  69.19  463.83
[2022-06-12 16:52:33,649] {taskinstance.py:1395} INFO - Marking task as SUCCESS. dag_id=ingest_data, task_id=get_data_to_ingest_from_local_file_task, execution_date=20220612T022700, start_date=20220612T145232, end_date=20220612T145233
[2022-06-12 16:52:33,760] {local_task_job.py:156} INFO - Task exited with return code 0
[2022-06-12 16:52:34,118] {local_task_job.py:273} INFO - 1 downstream tasks scheduled from follow-on schedule check
