[2022-06-12 16:16:35,220] {taskinstance.py:1159} INFO - Dependencies all met for <TaskInstance: ingest_data.save_data_task scheduled__2022-06-11T22:59:00+00:00 [queued]>
[2022-06-12 16:16:35,249] {taskinstance.py:1159} INFO - Dependencies all met for <TaskInstance: ingest_data.save_data_task scheduled__2022-06-11T22:59:00+00:00 [queued]>
[2022-06-12 16:16:35,249] {taskinstance.py:1356} INFO - 
--------------------------------------------------------------------------------
[2022-06-12 16:16:35,250] {taskinstance.py:1357} INFO - Starting attempt 1 of 1
[2022-06-12 16:16:35,250] {taskinstance.py:1358} INFO - 
--------------------------------------------------------------------------------
[2022-06-12 16:16:35,323] {taskinstance.py:1377} INFO - Executing <Task(_PythonDecoratedOperator): save_data_task> on 2022-06-11 22:59:00+00:00
[2022-06-12 16:16:35,330] {standard_task_runner.py:52} INFO - Started process 2775 to run task
[2022-06-12 16:16:35,336] {standard_task_runner.py:79} INFO - Running: ['airflow', 'tasks', 'run', 'ingest_data', 'save_data_task', 'scheduled__2022-06-11T22:59:00+00:00', '--job-id', '273', '--raw', '--subdir', 'DAGS_FOLDER/ingestion_dag.py', '--cfg-path', '/tmp/tmpyvbbd_y8', '--error-file', '/tmp/tmpq6ec_4l7']
[2022-06-12 16:16:35,338] {standard_task_runner.py:80} INFO - Job 273: Subtask save_data_task
[2022-06-12 16:16:35,478] {task_command.py:370} INFO - Running <TaskInstance: ingest_data.save_data_task scheduled__2022-06-11T22:59:00+00:00 [running]> on host DESKTOP-GDPK8BL.localdomain
[2022-06-12 16:16:35,887] {taskinstance.py:1569} INFO - Exporting the following env vars:
AIRFLOW_CTX_DAG_OWNER=airflow
AIRFLOW_CTX_DAG_ID=ingest_data
AIRFLOW_CTX_TASK_ID=save_data_task
AIRFLOW_CTX_EXECUTION_DATE=2022-06-11T22:59:00+00:00
AIRFLOW_CTX_TRY_NUMBER=1
AIRFLOW_CTX_DAG_RUN_ID=scheduled__2022-06-11T22:59:00+00:00
[2022-06-12 16:16:35,903] {python.py:173} INFO - Done. Returned value was: None
[2022-06-12 16:16:35,933] {taskinstance.py:1395} INFO - Marking task as SUCCESS. dag_id=ingest_data, task_id=save_data_task, execution_date=20220611T225900, start_date=20220612T141635, end_date=20220612T141635
[2022-06-12 16:16:36,032] {local_task_job.py:156} INFO - Task exited with return code 0
[2022-06-12 16:16:36,227] {local_task_job.py:273} INFO - 0 downstream tasks scheduled from follow-on schedule check
