[2022-06-12 17:27:57,296] {taskinstance.py:1159} INFO - Dependencies all met for <TaskInstance: ingest_data.get_data_to_ingest_from_local_file_task scheduled__2022-06-12T05:53:00+00:00 [queued]>
[2022-06-12 17:27:57,330] {taskinstance.py:1159} INFO - Dependencies all met for <TaskInstance: ingest_data.get_data_to_ingest_from_local_file_task scheduled__2022-06-12T05:53:00+00:00 [queued]>
[2022-06-12 17:27:57,331] {taskinstance.py:1356} INFO - 
--------------------------------------------------------------------------------
[2022-06-12 17:27:57,331] {taskinstance.py:1357} INFO - Starting attempt 1 of 1
[2022-06-12 17:27:57,332] {taskinstance.py:1358} INFO - 
--------------------------------------------------------------------------------
[2022-06-12 17:27:57,412] {taskinstance.py:1377} INFO - Executing <Task(_PythonDecoratedOperator): get_data_to_ingest_from_local_file_task> on 2022-06-12 05:53:00+00:00
[2022-06-12 17:27:57,425] {standard_task_runner.py:52} INFO - Started process 8988 to run task
[2022-06-12 17:27:57,426] {standard_task_runner.py:79} INFO - Running: ['airflow', 'tasks', 'run', 'ingest_data', 'get_data_to_ingest_from_local_file_task', 'scheduled__2022-06-12T05:53:00+00:00', '--job-id', '1099', '--raw', '--subdir', 'DAGS_FOLDER/ingestion_dag.py', '--cfg-path', '/tmp/tmpbn7baza5', '--error-file', '/tmp/tmp3izicbl4']
[2022-06-12 17:27:57,435] {standard_task_runner.py:80} INFO - Job 1099: Subtask get_data_to_ingest_from_local_file_task
[2022-06-12 17:27:57,579] {task_command.py:370} INFO - Running <TaskInstance: ingest_data.get_data_to_ingest_from_local_file_task scheduled__2022-06-12T05:53:00+00:00 [running]> on host DESKTOP-GDPK8BL.localdomain
[2022-06-12 17:27:58,000] {taskinstance.py:1569} INFO - Exporting the following env vars:
AIRFLOW_CTX_DAG_OWNER=airflow
AIRFLOW_CTX_DAG_ID=ingest_data
AIRFLOW_CTX_TASK_ID=get_data_to_ingest_from_local_file_task
AIRFLOW_CTX_EXECUTION_DATE=2022-06-12T05:53:00+00:00
AIRFLOW_CTX_TRY_NUMBER=1
AIRFLOW_CTX_DAG_RUN_ID=scheduled__2022-06-12T05:53:00+00:00
[2022-06-12 17:27:58,079] {python.py:173} INFO - Done. Returned value was:           AT      V       AP     RH      PE
16513   5.81  45.87  1009.63  94.38  479.66
9910   19.76  48.92  1010.48  46.57  456.69
20479  26.30  67.07  1006.26  63.79  433.72
16612  22.54  51.95  1007.29  79.28  447.29
147    27.71  66.93  1016.85  58.77  447.06
[2022-06-12 17:27:58,239] {taskinstance.py:1395} INFO - Marking task as SUCCESS. dag_id=ingest_data, task_id=get_data_to_ingest_from_local_file_task, execution_date=20220612T055300, start_date=20220612T152757, end_date=20220612T152758
[2022-06-12 17:27:58,334] {local_task_job.py:156} INFO - Task exited with return code 0
[2022-06-12 17:27:58,571] {local_task_job.py:273} INFO - 1 downstream tasks scheduled from follow-on schedule check
