[2022-06-12 17:18:07,368] {taskinstance.py:1159} INFO - Dependencies all met for <TaskInstance: ingest_data.get_data_to_ingest_from_local_file_task scheduled__2022-06-12T04:51:00+00:00 [queued]>
[2022-06-12 17:18:07,414] {taskinstance.py:1159} INFO - Dependencies all met for <TaskInstance: ingest_data.get_data_to_ingest_from_local_file_task scheduled__2022-06-12T04:51:00+00:00 [queued]>
[2022-06-12 17:18:07,415] {taskinstance.py:1356} INFO - 
--------------------------------------------------------------------------------
[2022-06-12 17:18:07,416] {taskinstance.py:1357} INFO - Starting attempt 1 of 1
[2022-06-12 17:18:07,416] {taskinstance.py:1358} INFO - 
--------------------------------------------------------------------------------
[2022-06-12 17:18:07,480] {taskinstance.py:1377} INFO - Executing <Task(_PythonDecoratedOperator): get_data_to_ingest_from_local_file_task> on 2022-06-12 04:51:00+00:00
[2022-06-12 17:18:07,487] {standard_task_runner.py:52} INFO - Started process 8072 to run task
[2022-06-12 17:18:07,493] {standard_task_runner.py:79} INFO - Running: ['airflow', 'tasks', 'run', 'ingest_data', 'get_data_to_ingest_from_local_file_task', 'scheduled__2022-06-12T04:51:00+00:00', '--job-id', '975', '--raw', '--subdir', 'DAGS_FOLDER/ingestion_dag.py', '--cfg-path', '/tmp/tmpzie4ok2z', '--error-file', '/tmp/tmpul2xwxmq']
[2022-06-12 17:18:07,494] {standard_task_runner.py:80} INFO - Job 975: Subtask get_data_to_ingest_from_local_file_task
[2022-06-12 17:18:07,635] {task_command.py:370} INFO - Running <TaskInstance: ingest_data.get_data_to_ingest_from_local_file_task scheduled__2022-06-12T04:51:00+00:00 [running]> on host DESKTOP-GDPK8BL.localdomain
[2022-06-12 17:18:08,043] {taskinstance.py:1569} INFO - Exporting the following env vars:
AIRFLOW_CTX_DAG_OWNER=airflow
AIRFLOW_CTX_DAG_ID=ingest_data
AIRFLOW_CTX_TASK_ID=get_data_to_ingest_from_local_file_task
AIRFLOW_CTX_EXECUTION_DATE=2022-06-12T04:51:00+00:00
AIRFLOW_CTX_TRY_NUMBER=1
AIRFLOW_CTX_DAG_RUN_ID=scheduled__2022-06-12T04:51:00+00:00
[2022-06-12 17:18:08,112] {python.py:173} INFO - Done. Returned value was:           AT      V       AP     RH      PE
6580   12.02  43.69  1016.12  74.07  477.74
22183  28.52  64.96  1005.90  70.79  431.36
38061  10.72  35.76  1019.71  62.26  473.48
12825  16.00  43.34  1013.89  78.39  462.33
39520  16.61  25.88  1009.34  65.47  460.97
[2022-06-12 17:18:08,231] {taskinstance.py:1395} INFO - Marking task as SUCCESS. dag_id=ingest_data, task_id=get_data_to_ingest_from_local_file_task, execution_date=20220612T045100, start_date=20220612T151807, end_date=20220612T151808
[2022-06-12 17:18:08,310] {local_task_job.py:156} INFO - Task exited with return code 0
[2022-06-12 17:18:08,543] {local_task_job.py:273} INFO - 1 downstream tasks scheduled from follow-on schedule check
