[2022-06-12 17:40:55,981] {taskinstance.py:1159} INFO - Dependencies all met for <TaskInstance: ingest_data.get_data_to_ingest_from_local_file_task scheduled__2022-06-12T07:16:00+00:00 [queued]>
[2022-06-12 17:40:56,017] {taskinstance.py:1159} INFO - Dependencies all met for <TaskInstance: ingest_data.get_data_to_ingest_from_local_file_task scheduled__2022-06-12T07:16:00+00:00 [queued]>
[2022-06-12 17:40:56,018] {taskinstance.py:1356} INFO - 
--------------------------------------------------------------------------------
[2022-06-12 17:40:56,018] {taskinstance.py:1357} INFO - Starting attempt 1 of 1
[2022-06-12 17:40:56,019] {taskinstance.py:1358} INFO - 
--------------------------------------------------------------------------------
[2022-06-12 17:40:56,108] {taskinstance.py:1377} INFO - Executing <Task(_PythonDecoratedOperator): get_data_to_ingest_from_local_file_task> on 2022-06-12 07:16:00+00:00
[2022-06-12 17:40:56,122] {standard_task_runner.py:79} INFO - Running: ['airflow', 'tasks', 'run', 'ingest_data', 'get_data_to_ingest_from_local_file_task', 'scheduled__2022-06-12T07:16:00+00:00', '--job-id', '1265', '--raw', '--subdir', 'DAGS_FOLDER/ingestion_dag.py', '--cfg-path', '/tmp/tmpjitulqkq', '--error-file', '/tmp/tmpeejq6gzs']
[2022-06-12 17:40:56,124] {standard_task_runner.py:80} INFO - Job 1265: Subtask get_data_to_ingest_from_local_file_task
[2022-06-12 17:40:56,116] {standard_task_runner.py:52} INFO - Started process 10213 to run task
[2022-06-12 17:40:56,286] {task_command.py:370} INFO - Running <TaskInstance: ingest_data.get_data_to_ingest_from_local_file_task scheduled__2022-06-12T07:16:00+00:00 [running]> on host DESKTOP-GDPK8BL.localdomain
[2022-06-12 17:40:56,756] {taskinstance.py:1569} INFO - Exporting the following env vars:
AIRFLOW_CTX_DAG_OWNER=airflow
AIRFLOW_CTX_DAG_ID=ingest_data
AIRFLOW_CTX_TASK_ID=get_data_to_ingest_from_local_file_task
AIRFLOW_CTX_EXECUTION_DATE=2022-06-12T07:16:00+00:00
AIRFLOW_CTX_TRY_NUMBER=1
AIRFLOW_CTX_DAG_RUN_ID=scheduled__2022-06-12T07:16:00+00:00
[2022-06-12 17:40:56,830] {python.py:173} INFO - Done. Returned value was:           AT      V       AP     RH      PE
15159  31.45  68.27  1007.56  64.79  430.81
33844  14.38  40.73  1017.48  90.64  462.98
45982  21.53  52.84  1005.06  88.22  444.04
23729  26.24  49.82  1014.90  55.58  452.41
43609  10.29  40.56  1017.28  69.13  481.70
[2022-06-12 17:40:56,990] {taskinstance.py:1395} INFO - Marking task as SUCCESS. dag_id=ingest_data, task_id=get_data_to_ingest_from_local_file_task, execution_date=20220612T071600, start_date=20220612T154055, end_date=20220612T154056
[2022-06-12 17:40:57,067] {local_task_job.py:156} INFO - Task exited with return code 0
[2022-06-12 17:40:57,289] {local_task_job.py:273} INFO - 1 downstream tasks scheduled from follow-on schedule check
