[2022-06-12 16:02:23,154] {taskinstance.py:1159} INFO - Dependencies all met for <TaskInstance: ingest_data.get_data_to_ingest_from_local_file_task scheduled__2022-06-11T21:38:00+00:00 [queued]>
[2022-06-12 16:02:23,184] {taskinstance.py:1159} INFO - Dependencies all met for <TaskInstance: ingest_data.get_data_to_ingest_from_local_file_task scheduled__2022-06-11T21:38:00+00:00 [queued]>
[2022-06-12 16:02:23,185] {taskinstance.py:1356} INFO - 
--------------------------------------------------------------------------------
[2022-06-12 16:02:23,186] {taskinstance.py:1357} INFO - Starting attempt 1 of 1
[2022-06-12 16:02:23,187] {taskinstance.py:1358} INFO - 
--------------------------------------------------------------------------------
[2022-06-12 16:02:23,257] {taskinstance.py:1377} INFO - Executing <Task(_PythonDecoratedOperator): get_data_to_ingest_from_local_file_task> on 2022-06-11 21:38:00+00:00
[2022-06-12 16:02:23,265] {standard_task_runner.py:52} INFO - Started process 1390 to run task
[2022-06-12 16:02:23,272] {standard_task_runner.py:79} INFO - Running: ['airflow', 'tasks', 'run', 'ingest_data', 'get_data_to_ingest_from_local_file_task', 'scheduled__2022-06-11T21:38:00+00:00', '--job-id', '110', '--raw', '--subdir', 'DAGS_FOLDER/ingestion_dag.py', '--cfg-path', '/tmp/tmpkipzuwc_', '--error-file', '/tmp/tmp4_txx51a']
[2022-06-12 16:02:23,278] {standard_task_runner.py:80} INFO - Job 110: Subtask get_data_to_ingest_from_local_file_task
[2022-06-12 16:02:23,414] {task_command.py:370} INFO - Running <TaskInstance: ingest_data.get_data_to_ingest_from_local_file_task scheduled__2022-06-11T21:38:00+00:00 [running]> on host DESKTOP-GDPK8BL.localdomain
[2022-06-12 16:02:24,271] {taskinstance.py:1569} INFO - Exporting the following env vars:
AIRFLOW_CTX_DAG_OWNER=airflow
AIRFLOW_CTX_DAG_ID=ingest_data
AIRFLOW_CTX_TASK_ID=get_data_to_ingest_from_local_file_task
AIRFLOW_CTX_EXECUTION_DATE=2022-06-11T21:38:00+00:00
AIRFLOW_CTX_TRY_NUMBER=1
AIRFLOW_CTX_DAG_RUN_ID=scheduled__2022-06-11T21:38:00+00:00
[2022-06-12 16:02:24,376] {python.py:173} INFO - Done. Returned value was:           AT      V       AP     RH      PE
40505  28.37  71.64  1007.39  71.06  434.91
5224    6.33  42.07  1004.25  77.10  484.57
27633  22.19  70.02  1011.03  82.49  444.85
46695  15.03  44.45  1020.94  65.57  460.06
27274  28.00  69.05  1000.82  65.24  427.71
[2022-06-12 16:02:24,522] {taskinstance.py:1395} INFO - Marking task as SUCCESS. dag_id=ingest_data, task_id=get_data_to_ingest_from_local_file_task, execution_date=20220611T213800, start_date=20220612T140223, end_date=20220612T140224
[2022-06-12 16:02:24,742] {local_task_job.py:156} INFO - Task exited with return code 0
[2022-06-12 16:02:25,217] {local_task_job.py:273} INFO - 1 downstream tasks scheduled from follow-on schedule check
