[2022-06-12 19:42:48,064] {taskinstance.py:1159} INFO - Dependencies all met for <TaskInstance: ingest_data.get_data_to_ingest_from_local_file_task scheduled__2022-06-12T08:32:00+00:00 [queued]>
[2022-06-12 19:42:48,095] {taskinstance.py:1159} INFO - Dependencies all met for <TaskInstance: ingest_data.get_data_to_ingest_from_local_file_task scheduled__2022-06-12T08:32:00+00:00 [queued]>
[2022-06-12 19:42:48,096] {taskinstance.py:1356} INFO - 
--------------------------------------------------------------------------------
[2022-06-12 19:42:48,096] {taskinstance.py:1357} INFO - Starting attempt 1 of 1
[2022-06-12 19:42:48,097] {taskinstance.py:1358} INFO - 
--------------------------------------------------------------------------------
[2022-06-12 19:42:48,151] {taskinstance.py:1377} INFO - Executing <Task(_PythonDecoratedOperator): get_data_to_ingest_from_local_file_task> on 2022-06-12 08:32:00+00:00
[2022-06-12 19:42:48,157] {standard_task_runner.py:52} INFO - Started process 11341 to run task
[2022-06-12 19:42:48,162] {standard_task_runner.py:79} INFO - Running: ['airflow', 'tasks', 'run', 'ingest_data', 'get_data_to_ingest_from_local_file_task', 'scheduled__2022-06-12T08:32:00+00:00', '--job-id', '1417', '--raw', '--subdir', 'DAGS_FOLDER/ingestion_dag.py', '--cfg-path', '/tmp/tmp1y_gdv5k', '--error-file', '/tmp/tmpnmtom9p0']
[2022-06-12 19:42:48,164] {standard_task_runner.py:80} INFO - Job 1417: Subtask get_data_to_ingest_from_local_file_task
[2022-06-12 19:42:48,330] {task_command.py:370} INFO - Running <TaskInstance: ingest_data.get_data_to_ingest_from_local_file_task scheduled__2022-06-12T08:32:00+00:00 [running]> on host DESKTOP-GDPK8BL.localdomain
[2022-06-12 19:42:48,822] {taskinstance.py:1569} INFO - Exporting the following env vars:
AIRFLOW_CTX_DAG_OWNER=airflow
AIRFLOW_CTX_DAG_ID=ingest_data
AIRFLOW_CTX_TASK_ID=get_data_to_ingest_from_local_file_task
AIRFLOW_CTX_EXECUTION_DATE=2022-06-12T08:32:00+00:00
AIRFLOW_CTX_TRY_NUMBER=1
AIRFLOW_CTX_DAG_RUN_ID=scheduled__2022-06-12T08:32:00+00:00
[2022-06-12 19:42:48,900] {python.py:173} INFO - Done. Returned value was:           AT      V       AP     RH      PE
31608  22.06  47.43  1009.85  76.85  453.50
31906   9.98  41.62  1013.56  95.77  463.16
8134    9.82  39.64  1010.79  69.22  477.93
10022  24.33  46.93  1013.83  44.59  447.54
39805   9.68  38.16  1015.54  79.67  475.51
[2022-06-12 19:42:49,068] {taskinstance.py:1395} INFO - Marking task as SUCCESS. dag_id=ingest_data, task_id=get_data_to_ingest_from_local_file_task, execution_date=20220612T083200, start_date=20220612T174248, end_date=20220612T174249
[2022-06-12 19:42:49,142] {local_task_job.py:156} INFO - Task exited with return code 0
[2022-06-12 19:42:49,348] {local_task_job.py:273} INFO - 1 downstream tasks scheduled from follow-on schedule check
