[2022-06-15 19:10:56,118] {taskinstance.py:1159} INFO - Dependencies all met for <TaskInstance: loan_pred.get_data_to_ingest_from_local_file_task scheduled__2022-06-14T21:02:00+00:00 [queued]>
[2022-06-15 19:10:56,146] {taskinstance.py:1159} INFO - Dependencies all met for <TaskInstance: loan_pred.get_data_to_ingest_from_local_file_task scheduled__2022-06-14T21:02:00+00:00 [queued]>
[2022-06-15 19:10:56,147] {taskinstance.py:1356} INFO - 
--------------------------------------------------------------------------------
[2022-06-15 19:10:56,147] {taskinstance.py:1357} INFO - Starting attempt 1 of 1
[2022-06-15 19:10:56,148] {taskinstance.py:1358} INFO - 
--------------------------------------------------------------------------------
[2022-06-15 19:10:56,207] {taskinstance.py:1377} INFO - Executing <Task(_PythonDecoratedOperator): get_data_to_ingest_from_local_file_task> on 2022-06-14 21:02:00+00:00
[2022-06-15 19:10:56,212] {standard_task_runner.py:52} INFO - Started process 281 to run task
[2022-06-15 19:10:56,217] {standard_task_runner.py:79} INFO - Running: ['airflow', 'tasks', 'run', 'loan_pred', 'get_data_to_ingest_from_local_file_task', 'scheduled__2022-06-14T21:02:00+00:00', '--job-id', '1576', '--raw', '--subdir', 'DAGS_FOLDER/loan_pred.py', '--cfg-path', '/tmp/tmp58d4ybfi', '--error-file', '/tmp/tmpr2se8s3d']
[2022-06-15 19:10:56,219] {standard_task_runner.py:80} INFO - Job 1576: Subtask get_data_to_ingest_from_local_file_task
[2022-06-15 19:10:56,346] {task_command.py:370} INFO - Running <TaskInstance: loan_pred.get_data_to_ingest_from_local_file_task scheduled__2022-06-14T21:02:00+00:00 [running]> on host DESKTOP-GDPK8BL.localdomain
[2022-06-15 19:10:56,761] {taskinstance.py:1569} INFO - Exporting the following env vars:
AIRFLOW_CTX_DAG_OWNER=airflow
AIRFLOW_CTX_DAG_ID=loan_pred
AIRFLOW_CTX_TASK_ID=get_data_to_ingest_from_local_file_task
AIRFLOW_CTX_EXECUTION_DATE=2022-06-14T21:02:00+00:00
AIRFLOW_CTX_TRY_NUMBER=1
AIRFLOW_CTX_DAG_RUN_ID=scheduled__2022-06-14T21:02:00+00:00
[2022-06-15 19:10:56,776] {python.py:173} INFO - Done. Returned value was:       Loan_ID  Gender Married Dependents  ... LoanAmount Loan_Amount_Term  Credit_History  Property_Area
280  LP002554    Male      No          0  ...      122.0            360.0             1.0      Semiurban
91   LP001483    Male     Yes         3+  ...      390.0            360.0             1.0          Rural
252  LP002389  Female      No          1  ...      131.0            360.0             1.0      Semiurban
316  LP002769  Female     Yes          0  ...      120.0            360.0             1.0          Rural
282  LP002566  Female      No          0  ...      135.0            360.0             NaN          Urban

[5 rows x 12 columns]
[2022-06-15 19:10:56,945] {taskinstance.py:1395} INFO - Marking task as SUCCESS. dag_id=loan_pred, task_id=get_data_to_ingest_from_local_file_task, execution_date=20220614T210200, start_date=20220615T171056, end_date=20220615T171056
[2022-06-15 19:10:57,035] {local_task_job.py:156} INFO - Task exited with return code 0
[2022-06-15 19:10:57,281] {local_task_job.py:273} INFO - 1 downstream tasks scheduled from follow-on schedule check
