[2022-06-15 19:13:03,149] {taskinstance.py:1159} INFO - Dependencies all met for <TaskInstance: loan_pred.get_data_to_ingest_from_local_file_task scheduled__2022-06-14T21:15:00+00:00 [queued]>
[2022-06-15 19:13:03,174] {taskinstance.py:1159} INFO - Dependencies all met for <TaskInstance: loan_pred.get_data_to_ingest_from_local_file_task scheduled__2022-06-14T21:15:00+00:00 [queued]>
[2022-06-15 19:13:03,175] {taskinstance.py:1356} INFO - 
--------------------------------------------------------------------------------
[2022-06-15 19:13:03,175] {taskinstance.py:1357} INFO - Starting attempt 1 of 1
[2022-06-15 19:13:03,176] {taskinstance.py:1358} INFO - 
--------------------------------------------------------------------------------
[2022-06-15 19:13:03,231] {taskinstance.py:1377} INFO - Executing <Task(_PythonDecoratedOperator): get_data_to_ingest_from_local_file_task> on 2022-06-14 21:15:00+00:00
[2022-06-15 19:13:03,236] {standard_task_runner.py:52} INFO - Started process 501 to run task
[2022-06-15 19:13:03,242] {standard_task_runner.py:79} INFO - Running: ['airflow', 'tasks', 'run', 'loan_pred', 'get_data_to_ingest_from_local_file_task', 'scheduled__2022-06-14T21:15:00+00:00', '--job-id', '1603', '--raw', '--subdir', 'DAGS_FOLDER/loan_pred.py', '--cfg-path', '/tmp/tmpw3tm76av', '--error-file', '/tmp/tmpudyaxz47']
[2022-06-15 19:13:03,244] {standard_task_runner.py:80} INFO - Job 1603: Subtask get_data_to_ingest_from_local_file_task
[2022-06-15 19:13:03,363] {task_command.py:370} INFO - Running <TaskInstance: loan_pred.get_data_to_ingest_from_local_file_task scheduled__2022-06-14T21:15:00+00:00 [running]> on host DESKTOP-GDPK8BL.localdomain
[2022-06-15 19:13:03,728] {taskinstance.py:1569} INFO - Exporting the following env vars:
AIRFLOW_CTX_DAG_OWNER=airflow
AIRFLOW_CTX_DAG_ID=loan_pred
AIRFLOW_CTX_TASK_ID=get_data_to_ingest_from_local_file_task
AIRFLOW_CTX_EXECUTION_DATE=2022-06-14T21:15:00+00:00
AIRFLOW_CTX_TRY_NUMBER=1
AIRFLOW_CTX_DAG_RUN_ID=scheduled__2022-06-14T21:15:00+00:00
[2022-06-15 19:13:03,747] {python.py:173} INFO - Done. Returned value was:       Loan_ID Gender Married Dependents  ... LoanAmount Loan_Amount_Term  Credit_History  Property_Area
334  LP002849   Male     Yes          0  ...       35.0            360.0             1.0      Semiurban
363  LP002975   Male     Yes          0  ...      115.0            360.0             1.0          Urban
59   LP001324   Male     Yes         3+  ...       90.0            180.0             1.0      Semiurban
108  LP001568   Male     Yes          0  ...      140.0            360.0             1.0      Semiurban
352  LP002907   Male     Yes          0  ...      109.0            360.0             1.0          Urban

[5 rows x 12 columns]
[2022-06-15 19:13:03,927] {taskinstance.py:1395} INFO - Marking task as SUCCESS. dag_id=loan_pred, task_id=get_data_to_ingest_from_local_file_task, execution_date=20220614T211500, start_date=20220615T171303, end_date=20220615T171303
[2022-06-15 19:13:04,020] {local_task_job.py:156} INFO - Task exited with return code 0
[2022-06-15 19:13:04,220] {local_task_job.py:273} INFO - 1 downstream tasks scheduled from follow-on schedule check
