[2022-06-12 19:46:20,478] {taskinstance.py:1159} INFO - Dependencies all met for <TaskInstance: ingest_data.get_data_to_ingest_from_local_file_task scheduled__2022-06-12T08:54:00+00:00 [queued]>
[2022-06-12 19:46:20,517] {taskinstance.py:1159} INFO - Dependencies all met for <TaskInstance: ingest_data.get_data_to_ingest_from_local_file_task scheduled__2022-06-12T08:54:00+00:00 [queued]>
[2022-06-12 19:46:20,518] {taskinstance.py:1356} INFO - 
--------------------------------------------------------------------------------
[2022-06-12 19:46:20,519] {taskinstance.py:1357} INFO - Starting attempt 1 of 1
[2022-06-12 19:46:20,519] {taskinstance.py:1358} INFO - 
--------------------------------------------------------------------------------
[2022-06-12 19:46:20,573] {taskinstance.py:1377} INFO - Executing <Task(_PythonDecoratedOperator): get_data_to_ingest_from_local_file_task> on 2022-06-12 08:54:00+00:00
[2022-06-12 19:46:20,579] {standard_task_runner.py:52} INFO - Started process 11665 to run task
[2022-06-12 19:46:20,584] {standard_task_runner.py:79} INFO - Running: ['airflow', 'tasks', 'run', 'ingest_data', 'get_data_to_ingest_from_local_file_task', 'scheduled__2022-06-12T08:54:00+00:00', '--job-id', '1461', '--raw', '--subdir', 'DAGS_FOLDER/ingestion_dag.py', '--cfg-path', '/tmp/tmphxluyset', '--error-file', '/tmp/tmp9lelhvl9']
[2022-06-12 19:46:20,585] {standard_task_runner.py:80} INFO - Job 1461: Subtask get_data_to_ingest_from_local_file_task
[2022-06-12 19:46:20,723] {task_command.py:370} INFO - Running <TaskInstance: ingest_data.get_data_to_ingest_from_local_file_task scheduled__2022-06-12T08:54:00+00:00 [running]> on host DESKTOP-GDPK8BL.localdomain
[2022-06-12 19:46:21,193] {taskinstance.py:1569} INFO - Exporting the following env vars:
AIRFLOW_CTX_DAG_OWNER=airflow
AIRFLOW_CTX_DAG_ID=ingest_data
AIRFLOW_CTX_TASK_ID=get_data_to_ingest_from_local_file_task
AIRFLOW_CTX_EXECUTION_DATE=2022-06-12T08:54:00+00:00
AIRFLOW_CTX_TRY_NUMBER=1
AIRFLOW_CTX_DAG_RUN_ID=scheduled__2022-06-12T08:54:00+00:00
[2022-06-12 19:46:21,266] {python.py:173} INFO - Done. Returned value was:           AT      V       AP     RH      PE
9554   23.48  66.44  1011.28  61.11  443.21
39677  25.64  70.72  1010.16  84.00  441.68
34331  17.57  44.06  1015.43  72.75  459.73
10038   5.42  41.38  1020.77  86.02  491.38
37661  16.39  52.75  1024.42  54.61  459.48
[2022-06-12 19:46:21,448] {taskinstance.py:1395} INFO - Marking task as SUCCESS. dag_id=ingest_data, task_id=get_data_to_ingest_from_local_file_task, execution_date=20220612T085400, start_date=20220612T174620, end_date=20220612T174621
[2022-06-12 19:46:21,561] {local_task_job.py:156} INFO - Task exited with return code 0
[2022-06-12 19:46:21,765] {local_task_job.py:273} INFO - 1 downstream tasks scheduled from follow-on schedule check
