[2022-06-12 17:07:37,016] {taskinstance.py:1159} INFO - Dependencies all met for <TaskInstance: ingest_data.get_data_to_ingest_from_local_file_task scheduled__2022-06-12T03:52:00+00:00 [queued]>
[2022-06-12 17:07:37,050] {taskinstance.py:1159} INFO - Dependencies all met for <TaskInstance: ingest_data.get_data_to_ingest_from_local_file_task scheduled__2022-06-12T03:52:00+00:00 [queued]>
[2022-06-12 17:07:37,050] {taskinstance.py:1356} INFO - 
--------------------------------------------------------------------------------
[2022-06-12 17:07:37,051] {taskinstance.py:1357} INFO - Starting attempt 1 of 1
[2022-06-12 17:07:37,052] {taskinstance.py:1358} INFO - 
--------------------------------------------------------------------------------
[2022-06-12 17:07:37,108] {taskinstance.py:1377} INFO - Executing <Task(_PythonDecoratedOperator): get_data_to_ingest_from_local_file_task> on 2022-06-12 03:52:00+00:00
[2022-06-12 17:07:37,121] {standard_task_runner.py:52} INFO - Started process 7192 to run task
[2022-06-12 17:07:37,128] {standard_task_runner.py:79} INFO - Running: ['airflow', 'tasks', 'run', 'ingest_data', 'get_data_to_ingest_from_local_file_task', 'scheduled__2022-06-12T03:52:00+00:00', '--job-id', '857', '--raw', '--subdir', 'DAGS_FOLDER/ingestion_dag.py', '--cfg-path', '/tmp/tmpcz6m_dd7', '--error-file', '/tmp/tmp7eg669p1']
[2022-06-12 17:07:37,137] {standard_task_runner.py:80} INFO - Job 857: Subtask get_data_to_ingest_from_local_file_task
[2022-06-12 17:07:37,285] {task_command.py:370} INFO - Running <TaskInstance: ingest_data.get_data_to_ingest_from_local_file_task scheduled__2022-06-12T03:52:00+00:00 [running]> on host DESKTOP-GDPK8BL.localdomain
[2022-06-12 17:07:37,680] {taskinstance.py:1569} INFO - Exporting the following env vars:
AIRFLOW_CTX_DAG_OWNER=airflow
AIRFLOW_CTX_DAG_ID=ingest_data
AIRFLOW_CTX_TASK_ID=get_data_to_ingest_from_local_file_task
AIRFLOW_CTX_EXECUTION_DATE=2022-06-12T03:52:00+00:00
AIRFLOW_CTX_TRY_NUMBER=1
AIRFLOW_CTX_DAG_RUN_ID=scheduled__2022-06-12T03:52:00+00:00
[2022-06-12 17:07:37,757] {python.py:173} INFO - Done. Returned value was:           AT      V       AP     RH      PE
43524  26.51  70.32  1010.30  57.40  431.82
44597   7.22  41.01  1025.19  97.27  476.15
30705  26.59  60.96  1011.90  52.41  439.77
2500    4.24  39.90  1009.28  96.74  491.25
3123   18.32  45.00  1022.67  46.38  471.43
[2022-06-12 17:07:37,900] {taskinstance.py:1395} INFO - Marking task as SUCCESS. dag_id=ingest_data, task_id=get_data_to_ingest_from_local_file_task, execution_date=20220612T035200, start_date=20220612T150737, end_date=20220612T150737
[2022-06-12 17:07:37,991] {local_task_job.py:156} INFO - Task exited with return code 0
[2022-06-12 17:07:38,207] {local_task_job.py:273} INFO - 1 downstream tasks scheduled from follow-on schedule check
