[2022-06-12 14:47:15,847] {taskinstance.py:1159} INFO - Dependencies all met for <TaskInstance: ingest_data.get_data_to_ingest_from_local_file_task scheduled__2022-06-11T21:18:00+00:00 [queued]>
[2022-06-12 14:47:15,871] {taskinstance.py:1159} INFO - Dependencies all met for <TaskInstance: ingest_data.get_data_to_ingest_from_local_file_task scheduled__2022-06-11T21:18:00+00:00 [queued]>
[2022-06-12 14:47:15,872] {taskinstance.py:1356} INFO - 
--------------------------------------------------------------------------------
[2022-06-12 14:47:15,872] {taskinstance.py:1357} INFO - Starting attempt 1 of 1
[2022-06-12 14:47:15,873] {taskinstance.py:1358} INFO - 
--------------------------------------------------------------------------------
[2022-06-12 14:47:15,925] {taskinstance.py:1377} INFO - Executing <Task(_PythonDecoratedOperator): get_data_to_ingest_from_local_file_task> on 2022-06-11 21:18:00+00:00
[2022-06-12 14:47:15,932] {standard_task_runner.py:52} INFO - Started process 1047 to run task
[2022-06-12 14:47:15,937] {standard_task_runner.py:79} INFO - Running: ['airflow', 'tasks', 'run', 'ingest_data', 'get_data_to_ingest_from_local_file_task', 'scheduled__2022-06-11T21:18:00+00:00', '--job-id', '70', '--raw', '--subdir', 'DAGS_FOLDER/ingestion_dag.py', '--cfg-path', '/tmp/tmp_96pje7a', '--error-file', '/tmp/tmp31_2d1j3']
[2022-06-12 14:47:15,939] {standard_task_runner.py:80} INFO - Job 70: Subtask get_data_to_ingest_from_local_file_task
[2022-06-12 14:47:16,114] {task_command.py:370} INFO - Running <TaskInstance: ingest_data.get_data_to_ingest_from_local_file_task scheduled__2022-06-11T21:18:00+00:00 [running]> on host DESKTOP-GDPK8BL.localdomain
[2022-06-12 14:47:16,410] {taskinstance.py:1569} INFO - Exporting the following env vars:
AIRFLOW_CTX_DAG_OWNER=airflow
AIRFLOW_CTX_DAG_ID=ingest_data
AIRFLOW_CTX_TASK_ID=get_data_to_ingest_from_local_file_task
AIRFLOW_CTX_EXECUTION_DATE=2022-06-11T21:18:00+00:00
AIRFLOW_CTX_TRY_NUMBER=1
AIRFLOW_CTX_DAG_RUN_ID=scheduled__2022-06-11T21:18:00+00:00
[2022-06-12 14:47:16,509] {python.py:173} INFO - Done. Returned value was:           AT      V       AP     RH      PE
29645  25.57  59.43  1008.88  61.19  438.90
37482  25.03  60.27  1017.90  72.04  438.24
6473   11.81  40.75  1016.13  84.14  477.22
32765  26.70  49.02  1007.68  67.97  438.92
20905   6.09  43.65  1020.95  71.15  485.96
[2022-06-12 14:47:16,612] {taskinstance.py:1395} INFO - Marking task as SUCCESS. dag_id=ingest_data, task_id=get_data_to_ingest_from_local_file_task, execution_date=20220611T211800, start_date=20220612T124715, end_date=20220612T124716
[2022-06-12 14:47:16,678] {local_task_job.py:156} INFO - Task exited with return code 0
[2022-06-12 14:47:16,872] {local_task_job.py:273} INFO - 1 downstream tasks scheduled from follow-on schedule check
