[2022-06-12 17:30:44,666] {taskinstance.py:1159} INFO - Dependencies all met for <TaskInstance: ingest_data.get_data_to_ingest_from_local_file_task scheduled__2022-06-12T06:11:00+00:00 [queued]>
[2022-06-12 17:30:44,696] {taskinstance.py:1159} INFO - Dependencies all met for <TaskInstance: ingest_data.get_data_to_ingest_from_local_file_task scheduled__2022-06-12T06:11:00+00:00 [queued]>
[2022-06-12 17:30:44,697] {taskinstance.py:1356} INFO - 
--------------------------------------------------------------------------------
[2022-06-12 17:30:44,698] {taskinstance.py:1357} INFO - Starting attempt 1 of 1
[2022-06-12 17:30:44,698] {taskinstance.py:1358} INFO - 
--------------------------------------------------------------------------------
[2022-06-12 17:30:44,751] {taskinstance.py:1377} INFO - Executing <Task(_PythonDecoratedOperator): get_data_to_ingest_from_local_file_task> on 2022-06-12 06:11:00+00:00
[2022-06-12 17:30:44,756] {standard_task_runner.py:52} INFO - Started process 9254 to run task
[2022-06-12 17:30:44,763] {standard_task_runner.py:79} INFO - Running: ['airflow', 'tasks', 'run', 'ingest_data', 'get_data_to_ingest_from_local_file_task', 'scheduled__2022-06-12T06:11:00+00:00', '--job-id', '1135', '--raw', '--subdir', 'DAGS_FOLDER/ingestion_dag.py', '--cfg-path', '/tmp/tmp0mrgboph', '--error-file', '/tmp/tmp9oq0gh3k']
[2022-06-12 17:30:44,765] {standard_task_runner.py:80} INFO - Job 1135: Subtask get_data_to_ingest_from_local_file_task
[2022-06-12 17:30:44,937] {task_command.py:370} INFO - Running <TaskInstance: ingest_data.get_data_to_ingest_from_local_file_task scheduled__2022-06-12T06:11:00+00:00 [running]> on host DESKTOP-GDPK8BL.localdomain
[2022-06-12 17:30:45,401] {taskinstance.py:1569} INFO - Exporting the following env vars:
AIRFLOW_CTX_DAG_OWNER=airflow
AIRFLOW_CTX_DAG_ID=ingest_data
AIRFLOW_CTX_TASK_ID=get_data_to_ingest_from_local_file_task
AIRFLOW_CTX_EXECUTION_DATE=2022-06-12T06:11:00+00:00
AIRFLOW_CTX_TRY_NUMBER=1
AIRFLOW_CTX_DAG_RUN_ID=scheduled__2022-06-12T06:11:00+00:00
[2022-06-12 17:30:45,471] {python.py:173} INFO - Done. Returned value was:           AT      V       AP     RH      PE
44584   9.45  41.40  1027.06  87.35  479.00
7145   17.39  42.44  1013.72  73.79  461.55
39671   3.92  41.31   999.22  95.26  487.35
28358  23.97  64.05  1012.23  90.18  447.44
19425  32.69  72.86  1003.57  56.84  431.76
[2022-06-12 17:30:45,631] {taskinstance.py:1395} INFO - Marking task as SUCCESS. dag_id=ingest_data, task_id=get_data_to_ingest_from_local_file_task, execution_date=20220612T061100, start_date=20220612T153044, end_date=20220612T153045
[2022-06-12 17:30:45,704] {local_task_job.py:156} INFO - Task exited with return code 0
[2022-06-12 17:30:45,933] {local_task_job.py:273} INFO - 1 downstream tasks scheduled from follow-on schedule check
