[2022-06-12 16:40:02,822] {taskinstance.py:1159} INFO - Dependencies all met for <TaskInstance: ingest_data.get_data_to_ingest_from_local_file_task scheduled__2022-06-12T01:19:00+00:00 [queued]>
[2022-06-12 16:40:02,856] {taskinstance.py:1159} INFO - Dependencies all met for <TaskInstance: ingest_data.get_data_to_ingest_from_local_file_task scheduled__2022-06-12T01:19:00+00:00 [queued]>
[2022-06-12 16:40:02,857] {taskinstance.py:1356} INFO - 
--------------------------------------------------------------------------------
[2022-06-12 16:40:02,858] {taskinstance.py:1357} INFO - Starting attempt 1 of 1
[2022-06-12 16:40:02,858] {taskinstance.py:1358} INFO - 
--------------------------------------------------------------------------------
[2022-06-12 16:40:02,936] {taskinstance.py:1377} INFO - Executing <Task(_PythonDecoratedOperator): get_data_to_ingest_from_local_file_task> on 2022-06-12 01:19:00+00:00
[2022-06-12 16:40:02,944] {standard_task_runner.py:52} INFO - Started process 4915 to run task
[2022-06-12 16:40:02,951] {standard_task_runner.py:79} INFO - Running: ['airflow', 'tasks', 'run', 'ingest_data', 'get_data_to_ingest_from_local_file_task', 'scheduled__2022-06-12T01:19:00+00:00', '--job-id', '551', '--raw', '--subdir', 'DAGS_FOLDER/ingestion_dag.py', '--cfg-path', '/tmp/tmp2p9qekb0', '--error-file', '/tmp/tmp5w8qvkqt']
[2022-06-12 16:40:02,953] {standard_task_runner.py:80} INFO - Job 551: Subtask get_data_to_ingest_from_local_file_task
[2022-06-12 16:40:03,141] {task_command.py:370} INFO - Running <TaskInstance: ingest_data.get_data_to_ingest_from_local_file_task scheduled__2022-06-12T01:19:00+00:00 [running]> on host DESKTOP-GDPK8BL.localdomain
[2022-06-12 16:40:03,667] {taskinstance.py:1569} INFO - Exporting the following env vars:
AIRFLOW_CTX_DAG_OWNER=airflow
AIRFLOW_CTX_DAG_ID=ingest_data
AIRFLOW_CTX_TASK_ID=get_data_to_ingest_from_local_file_task
AIRFLOW_CTX_EXECUTION_DATE=2022-06-12T01:19:00+00:00
AIRFLOW_CTX_TRY_NUMBER=1
AIRFLOW_CTX_DAG_RUN_ID=scheduled__2022-06-12T01:19:00+00:00
[2022-06-12 16:40:03,771] {python.py:173} INFO - Done. Returned value was:           AT      V       AP     RH      PE
35892  13.89  35.71  1016.40  65.49  468.54
8852   11.62  43.48  1016.66  76.32  468.37
20441  11.42  41.38  1021.98  60.19  479.23
19793  28.99  68.24  1008.75  66.57  428.28
12945  19.51  44.05  1008.52  78.38  451.70
[2022-06-12 16:40:03,932] {taskinstance.py:1395} INFO - Marking task as SUCCESS. dag_id=ingest_data, task_id=get_data_to_ingest_from_local_file_task, execution_date=20220612T011900, start_date=20220612T144002, end_date=20220612T144003
[2022-06-12 16:40:04,051] {local_task_job.py:156} INFO - Task exited with return code 0
[2022-06-12 16:40:04,344] {local_task_job.py:273} INFO - 1 downstream tasks scheduled from follow-on schedule check
