[2022-06-12 17:42:58,194] {taskinstance.py:1159} INFO - Dependencies all met for <TaskInstance: ingest_data.get_data_to_ingest_from_local_file_task scheduled__2022-06-12T07:29:00+00:00 [queued]>
[2022-06-12 17:42:58,231] {taskinstance.py:1159} INFO - Dependencies all met for <TaskInstance: ingest_data.get_data_to_ingest_from_local_file_task scheduled__2022-06-12T07:29:00+00:00 [queued]>
[2022-06-12 17:42:58,231] {taskinstance.py:1356} INFO - 
--------------------------------------------------------------------------------
[2022-06-12 17:42:58,232] {taskinstance.py:1357} INFO - Starting attempt 1 of 1
[2022-06-12 17:42:58,232] {taskinstance.py:1358} INFO - 
--------------------------------------------------------------------------------
[2022-06-12 17:42:58,304] {taskinstance.py:1377} INFO - Executing <Task(_PythonDecoratedOperator): get_data_to_ingest_from_local_file_task> on 2022-06-12 07:29:00+00:00
[2022-06-12 17:42:58,310] {standard_task_runner.py:52} INFO - Started process 10406 to run task
[2022-06-12 17:42:58,324] {standard_task_runner.py:79} INFO - Running: ['airflow', 'tasks', 'run', 'ingest_data', 'get_data_to_ingest_from_local_file_task', 'scheduled__2022-06-12T07:29:00+00:00', '--job-id', '1291', '--raw', '--subdir', 'DAGS_FOLDER/ingestion_dag.py', '--cfg-path', '/tmp/tmpvui631d9', '--error-file', '/tmp/tmpah_d95qz']
[2022-06-12 17:42:58,326] {standard_task_runner.py:80} INFO - Job 1291: Subtask get_data_to_ingest_from_local_file_task
[2022-06-12 17:42:58,471] {task_command.py:370} INFO - Running <TaskInstance: ingest_data.get_data_to_ingest_from_local_file_task scheduled__2022-06-12T07:29:00+00:00 [running]> on host DESKTOP-GDPK8BL.localdomain
[2022-06-12 17:42:58,879] {taskinstance.py:1569} INFO - Exporting the following env vars:
AIRFLOW_CTX_DAG_OWNER=airflow
AIRFLOW_CTX_DAG_ID=ingest_data
AIRFLOW_CTX_TASK_ID=get_data_to_ingest_from_local_file_task
AIRFLOW_CTX_EXECUTION_DATE=2022-06-12T07:29:00+00:00
AIRFLOW_CTX_TRY_NUMBER=1
AIRFLOW_CTX_DAG_RUN_ID=scheduled__2022-06-12T07:29:00+00:00
[2022-06-12 17:42:58,950] {python.py:173} INFO - Done. Returned value was:           AT      V       AP     RH      PE
43338  25.61  52.36  1014.10  62.90  451.42
31821  16.50  44.20  1018.94  63.59  458.30
17158  22.61  42.80  1014.24  69.71  460.26
12621  28.31  65.71  1014.67  59.29  447.26
42597  18.66  56.53  1020.13  80.04  459.45
[2022-06-12 17:42:59,089] {taskinstance.py:1395} INFO - Marking task as SUCCESS. dag_id=ingest_data, task_id=get_data_to_ingest_from_local_file_task, execution_date=20220612T072900, start_date=20220612T154258, end_date=20220612T154259
[2022-06-12 17:42:59,179] {local_task_job.py:156} INFO - Task exited with return code 0
[2022-06-12 17:42:59,421] {local_task_job.py:273} INFO - 1 downstream tasks scheduled from follow-on schedule check
