[2022-06-12 16:19:00,715] {taskinstance.py:1159} INFO - Dependencies all met for <TaskInstance: ingest_data.get_data_to_ingest_from_local_file_task scheduled__2022-06-11T23:14:00+00:00 [queued]>
[2022-06-12 16:19:00,740] {taskinstance.py:1159} INFO - Dependencies all met for <TaskInstance: ingest_data.get_data_to_ingest_from_local_file_task scheduled__2022-06-11T23:14:00+00:00 [queued]>
[2022-06-12 16:19:00,741] {taskinstance.py:1356} INFO - 
--------------------------------------------------------------------------------
[2022-06-12 16:19:00,742] {taskinstance.py:1357} INFO - Starting attempt 1 of 1
[2022-06-12 16:19:00,742] {taskinstance.py:1358} INFO - 
--------------------------------------------------------------------------------
[2022-06-12 16:19:00,802] {taskinstance.py:1377} INFO - Executing <Task(_PythonDecoratedOperator): get_data_to_ingest_from_local_file_task> on 2022-06-11 23:14:00+00:00
[2022-06-12 16:19:00,816] {standard_task_runner.py:79} INFO - Running: ['airflow', 'tasks', 'run', 'ingest_data', 'get_data_to_ingest_from_local_file_task', 'scheduled__2022-06-11T23:14:00+00:00', '--job-id', '302', '--raw', '--subdir', 'DAGS_FOLDER/ingestion_dag.py', '--cfg-path', '/tmp/tmptwlrzo9s', '--error-file', '/tmp/tmpc6azaq70']
[2022-06-12 16:19:00,814] {standard_task_runner.py:52} INFO - Started process 3022 to run task
[2022-06-12 16:19:00,818] {standard_task_runner.py:80} INFO - Job 302: Subtask get_data_to_ingest_from_local_file_task
[2022-06-12 16:19:00,963] {task_command.py:370} INFO - Running <TaskInstance: ingest_data.get_data_to_ingest_from_local_file_task scheduled__2022-06-11T23:14:00+00:00 [running]> on host DESKTOP-GDPK8BL.localdomain
[2022-06-12 16:19:01,316] {taskinstance.py:1569} INFO - Exporting the following env vars:
AIRFLOW_CTX_DAG_OWNER=airflow
AIRFLOW_CTX_DAG_ID=ingest_data
AIRFLOW_CTX_TASK_ID=get_data_to_ingest_from_local_file_task
AIRFLOW_CTX_EXECUTION_DATE=2022-06-11T23:14:00+00:00
AIRFLOW_CTX_TRY_NUMBER=1
AIRFLOW_CTX_DAG_RUN_ID=scheduled__2022-06-11T23:14:00+00:00
[2022-06-12 16:19:01,386] {python.py:173} INFO - Done. Returned value was:           AT      V       AP     RH      PE
28552  30.93  70.83  1010.61  46.13  440.59
36988  30.26  77.24  1008.39  74.25  430.51
22181  21.61  49.39  1019.41  78.20  449.26
7381    9.61  44.03  1008.30  91.36  473.54
22413  19.77  56.65  1020.67  66.33  457.09
[2022-06-12 16:19:01,503] {taskinstance.py:1395} INFO - Marking task as SUCCESS. dag_id=ingest_data, task_id=get_data_to_ingest_from_local_file_task, execution_date=20220611T231400, start_date=20220612T141900, end_date=20220612T141901
[2022-06-12 16:19:01,598] {local_task_job.py:156} INFO - Task exited with return code 0
[2022-06-12 16:19:01,807] {local_task_job.py:273} INFO - 1 downstream tasks scheduled from follow-on schedule check
