[2022-06-12 17:38:23,176] {taskinstance.py:1159} INFO - Dependencies all met for <TaskInstance: ingest_data.get_data_to_ingest_from_local_file_task scheduled__2022-06-12T07:00:00+00:00 [queued]>
[2022-06-12 17:38:23,211] {taskinstance.py:1159} INFO - Dependencies all met for <TaskInstance: ingest_data.get_data_to_ingest_from_local_file_task scheduled__2022-06-12T07:00:00+00:00 [queued]>
[2022-06-12 17:38:23,212] {taskinstance.py:1356} INFO - 
--------------------------------------------------------------------------------
[2022-06-12 17:38:23,212] {taskinstance.py:1357} INFO - Starting attempt 1 of 1
[2022-06-12 17:38:23,213] {taskinstance.py:1358} INFO - 
--------------------------------------------------------------------------------
[2022-06-12 17:38:23,283] {taskinstance.py:1377} INFO - Executing <Task(_PythonDecoratedOperator): get_data_to_ingest_from_local_file_task> on 2022-06-12 07:00:00+00:00
[2022-06-12 17:38:23,294] {standard_task_runner.py:52} INFO - Started process 9977 to run task
[2022-06-12 17:38:23,297] {standard_task_runner.py:79} INFO - Running: ['airflow', 'tasks', 'run', 'ingest_data', 'get_data_to_ingest_from_local_file_task', 'scheduled__2022-06-12T07:00:00+00:00', '--job-id', '1233', '--raw', '--subdir', 'DAGS_FOLDER/ingestion_dag.py', '--cfg-path', '/tmp/tmpeoi6l2k8', '--error-file', '/tmp/tmp1gkm_17z']
[2022-06-12 17:38:23,301] {standard_task_runner.py:80} INFO - Job 1233: Subtask get_data_to_ingest_from_local_file_task
[2022-06-12 17:38:23,461] {task_command.py:370} INFO - Running <TaskInstance: ingest_data.get_data_to_ingest_from_local_file_task scheduled__2022-06-12T07:00:00+00:00 [running]> on host DESKTOP-GDPK8BL.localdomain
[2022-06-12 17:38:23,929] {taskinstance.py:1569} INFO - Exporting the following env vars:
AIRFLOW_CTX_DAG_OWNER=airflow
AIRFLOW_CTX_DAG_ID=ingest_data
AIRFLOW_CTX_TASK_ID=get_data_to_ingest_from_local_file_task
AIRFLOW_CTX_EXECUTION_DATE=2022-06-12T07:00:00+00:00
AIRFLOW_CTX_TRY_NUMBER=1
AIRFLOW_CTX_DAG_RUN_ID=scheduled__2022-06-12T07:00:00+00:00
[2022-06-12 17:38:23,997] {python.py:173} INFO - Done. Returned value was:           AT      V       AP     RH      PE
10684  19.76  62.10  1020.07  73.55  450.44
19150  14.39  42.77  1017.36  83.28  463.65
27576   8.27  38.56  1016.47  66.60  485.31
3829   11.46  39.30  1019.53  76.86  475.51
28512  27.94  69.84  1003.11  70.47  428.67
[2022-06-12 17:38:24,163] {taskinstance.py:1395} INFO - Marking task as SUCCESS. dag_id=ingest_data, task_id=get_data_to_ingest_from_local_file_task, execution_date=20220612T070000, start_date=20220612T153823, end_date=20220612T153824
[2022-06-12 17:38:24,246] {local_task_job.py:156} INFO - Task exited with return code 0
[2022-06-12 17:38:24,479] {local_task_job.py:273} INFO - 1 downstream tasks scheduled from follow-on schedule check
