[2022-06-12 17:28:44,350] {taskinstance.py:1159} INFO - Dependencies all met for <TaskInstance: ingest_data.get_data_to_ingest_from_local_file_task scheduled__2022-06-12T05:58:00+00:00 [queued]>
[2022-06-12 17:28:44,386] {taskinstance.py:1159} INFO - Dependencies all met for <TaskInstance: ingest_data.get_data_to_ingest_from_local_file_task scheduled__2022-06-12T05:58:00+00:00 [queued]>
[2022-06-12 17:28:44,387] {taskinstance.py:1356} INFO - 
--------------------------------------------------------------------------------
[2022-06-12 17:28:44,388] {taskinstance.py:1357} INFO - Starting attempt 1 of 1
[2022-06-12 17:28:44,388] {taskinstance.py:1358} INFO - 
--------------------------------------------------------------------------------
[2022-06-12 17:28:44,459] {taskinstance.py:1377} INFO - Executing <Task(_PythonDecoratedOperator): get_data_to_ingest_from_local_file_task> on 2022-06-12 05:58:00+00:00
[2022-06-12 17:28:44,472] {standard_task_runner.py:79} INFO - Running: ['airflow', 'tasks', 'run', 'ingest_data', 'get_data_to_ingest_from_local_file_task', 'scheduled__2022-06-12T05:58:00+00:00', '--job-id', '1109', '--raw', '--subdir', 'DAGS_FOLDER/ingestion_dag.py', '--cfg-path', '/tmp/tmp451stirb', '--error-file', '/tmp/tmpvdkqj5ed']
[2022-06-12 17:28:44,465] {standard_task_runner.py:52} INFO - Started process 9061 to run task
[2022-06-12 17:28:44,481] {standard_task_runner.py:80} INFO - Job 1109: Subtask get_data_to_ingest_from_local_file_task
[2022-06-12 17:28:44,651] {task_command.py:370} INFO - Running <TaskInstance: ingest_data.get_data_to_ingest_from_local_file_task scheduled__2022-06-12T05:58:00+00:00 [running]> on host DESKTOP-GDPK8BL.localdomain
[2022-06-12 17:28:45,122] {taskinstance.py:1569} INFO - Exporting the following env vars:
AIRFLOW_CTX_DAG_OWNER=airflow
AIRFLOW_CTX_DAG_ID=ingest_data
AIRFLOW_CTX_TASK_ID=get_data_to_ingest_from_local_file_task
AIRFLOW_CTX_EXECUTION_DATE=2022-06-12T05:58:00+00:00
AIRFLOW_CTX_TRY_NUMBER=1
AIRFLOW_CTX_DAG_RUN_ID=scheduled__2022-06-12T05:58:00+00:00
[2022-06-12 17:28:45,197] {python.py:173} INFO - Done. Returned value was:           AT      V       AP     RH      PE
36238  14.20  38.62  1017.83  77.57  465.29
2638   16.62  54.30  1017.99  63.76  459.59
38847  10.07  40.46  1018.65  69.20  470.99
8284   32.86  68.51  1008.43  46.78  432.38
5920   18.34  62.10  1020.52  78.60  453.01
[2022-06-12 17:28:45,360] {taskinstance.py:1395} INFO - Marking task as SUCCESS. dag_id=ingest_data, task_id=get_data_to_ingest_from_local_file_task, execution_date=20220612T055800, start_date=20220612T152844, end_date=20220612T152845
[2022-06-12 17:28:45,462] {local_task_job.py:156} INFO - Task exited with return code 0
[2022-06-12 17:28:45,677] {local_task_job.py:273} INFO - 1 downstream tasks scheduled from follow-on schedule check
