[2022-06-12 17:46:21,004] {taskinstance.py:1159} INFO - Dependencies all met for <TaskInstance: ingest_data.get_data_to_ingest_from_local_file_task scheduled__2022-06-12T07:50:00+00:00 [queued]>
[2022-06-12 17:46:21,041] {taskinstance.py:1159} INFO - Dependencies all met for <TaskInstance: ingest_data.get_data_to_ingest_from_local_file_task scheduled__2022-06-12T07:50:00+00:00 [queued]>
[2022-06-12 17:46:21,041] {taskinstance.py:1356} INFO - 
--------------------------------------------------------------------------------
[2022-06-12 17:46:21,042] {taskinstance.py:1357} INFO - Starting attempt 1 of 1
[2022-06-12 17:46:21,043] {taskinstance.py:1358} INFO - 
--------------------------------------------------------------------------------
[2022-06-12 17:46:21,131] {taskinstance.py:1377} INFO - Executing <Task(_PythonDecoratedOperator): get_data_to_ingest_from_local_file_task> on 2022-06-12 07:50:00+00:00
[2022-06-12 17:46:21,144] {standard_task_runner.py:79} INFO - Running: ['airflow', 'tasks', 'run', 'ingest_data', 'get_data_to_ingest_from_local_file_task', 'scheduled__2022-06-12T07:50:00+00:00', '--job-id', '1334', '--raw', '--subdir', 'DAGS_FOLDER/ingestion_dag.py', '--cfg-path', '/tmp/tmp9n42rpbt', '--error-file', '/tmp/tmpai0qnnhe']
[2022-06-12 17:46:21,137] {standard_task_runner.py:52} INFO - Started process 10723 to run task
[2022-06-12 17:46:21,146] {standard_task_runner.py:80} INFO - Job 1334: Subtask get_data_to_ingest_from_local_file_task
[2022-06-12 17:46:21,283] {task_command.py:370} INFO - Running <TaskInstance: ingest_data.get_data_to_ingest_from_local_file_task scheduled__2022-06-12T07:50:00+00:00 [running]> on host DESKTOP-GDPK8BL.localdomain
[2022-06-12 17:46:21,759] {taskinstance.py:1569} INFO - Exporting the following env vars:
AIRFLOW_CTX_DAG_OWNER=airflow
AIRFLOW_CTX_DAG_ID=ingest_data
AIRFLOW_CTX_TASK_ID=get_data_to_ingest_from_local_file_task
AIRFLOW_CTX_EXECUTION_DATE=2022-06-12T07:50:00+00:00
AIRFLOW_CTX_TRY_NUMBER=1
AIRFLOW_CTX_DAG_RUN_ID=scheduled__2022-06-12T07:50:00+00:00
[2022-06-12 17:46:21,830] {python.py:173} INFO - Done. Returned value was:           AT      V       AP     RH      PE
6870   32.06  69.88  1006.88  63.53  432.47
14949  11.62  39.72  1018.40  68.06  471.56
6367   12.24  40.66  1017.40  96.22  464.70
7595   27.83  59.57  1011.22  71.05  443.85
7899   31.23  72.58  1006.61  60.80  427.58
[2022-06-12 17:46:21,975] {taskinstance.py:1395} INFO - Marking task as SUCCESS. dag_id=ingest_data, task_id=get_data_to_ingest_from_local_file_task, execution_date=20220612T075000, start_date=20220612T154621, end_date=20220612T154621
[2022-06-12 17:46:22,048] {local_task_job.py:156} INFO - Task exited with return code 0
[2022-06-12 17:46:22,348] {local_task_job.py:273} INFO - 1 downstream tasks scheduled from follow-on schedule check
