[2022-06-12 17:06:40,810] {taskinstance.py:1159} INFO - Dependencies all met for <TaskInstance: ingest_data.get_data_to_ingest_from_local_file_task scheduled__2022-06-12T03:46:00+00:00 [queued]>
[2022-06-12 17:06:40,839] {taskinstance.py:1159} INFO - Dependencies all met for <TaskInstance: ingest_data.get_data_to_ingest_from_local_file_task scheduled__2022-06-12T03:46:00+00:00 [queued]>
[2022-06-12 17:06:40,839] {taskinstance.py:1356} INFO - 
--------------------------------------------------------------------------------
[2022-06-12 17:06:40,840] {taskinstance.py:1357} INFO - Starting attempt 1 of 1
[2022-06-12 17:06:40,841] {taskinstance.py:1358} INFO - 
--------------------------------------------------------------------------------
[2022-06-12 17:06:40,893] {taskinstance.py:1377} INFO - Executing <Task(_PythonDecoratedOperator): get_data_to_ingest_from_local_file_task> on 2022-06-12 03:46:00+00:00
[2022-06-12 17:06:40,898] {standard_task_runner.py:52} INFO - Started process 7111 to run task
[2022-06-12 17:06:40,904] {standard_task_runner.py:79} INFO - Running: ['airflow', 'tasks', 'run', 'ingest_data', 'get_data_to_ingest_from_local_file_task', 'scheduled__2022-06-12T03:46:00+00:00', '--job-id', '846', '--raw', '--subdir', 'DAGS_FOLDER/ingestion_dag.py', '--cfg-path', '/tmp/tmp07sllvib', '--error-file', '/tmp/tmp_wrgdhvy']
[2022-06-12 17:06:40,905] {standard_task_runner.py:80} INFO - Job 846: Subtask get_data_to_ingest_from_local_file_task
[2022-06-12 17:06:41,053] {task_command.py:370} INFO - Running <TaskInstance: ingest_data.get_data_to_ingest_from_local_file_task scheduled__2022-06-12T03:46:00+00:00 [running]> on host DESKTOP-GDPK8BL.localdomain
[2022-06-12 17:06:41,462] {taskinstance.py:1569} INFO - Exporting the following env vars:
AIRFLOW_CTX_DAG_OWNER=airflow
AIRFLOW_CTX_DAG_ID=ingest_data
AIRFLOW_CTX_TASK_ID=get_data_to_ingest_from_local_file_task
AIRFLOW_CTX_EXECUTION_DATE=2022-06-12T03:46:00+00:00
AIRFLOW_CTX_TRY_NUMBER=1
AIRFLOW_CTX_DAG_RUN_ID=scheduled__2022-06-12T03:46:00+00:00
[2022-06-12 17:06:41,537] {python.py:173} INFO - Done. Returned value was:           AT      V       AP     RH      PE
5534    9.00  40.78  1025.39  99.22  468.50
17173  28.12  73.42  1011.49  80.16  435.46
40753   9.38  43.70  1015.45  90.47  481.52
10299  29.13  66.56  1006.63  52.85  439.31
7650   32.87  70.80  1009.54  59.85  433.10
[2022-06-12 17:06:41,683] {taskinstance.py:1395} INFO - Marking task as SUCCESS. dag_id=ingest_data, task_id=get_data_to_ingest_from_local_file_task, execution_date=20220612T034600, start_date=20220612T150640, end_date=20220612T150641
[2022-06-12 17:06:41,762] {local_task_job.py:156} INFO - Task exited with return code 0
[2022-06-12 17:06:41,967] {local_task_job.py:273} INFO - 1 downstream tasks scheduled from follow-on schedule check
