[2022-06-12 17:45:51,018] {taskinstance.py:1159} INFO - Dependencies all met for <TaskInstance: ingest_data.save_data_task scheduled__2022-06-12T07:46:00+00:00 [queued]>
[2022-06-12 17:45:51,056] {taskinstance.py:1159} INFO - Dependencies all met for <TaskInstance: ingest_data.save_data_task scheduled__2022-06-12T07:46:00+00:00 [queued]>
[2022-06-12 17:45:51,057] {taskinstance.py:1356} INFO - 
--------------------------------------------------------------------------------
[2022-06-12 17:45:51,057] {taskinstance.py:1357} INFO - Starting attempt 1 of 1
[2022-06-12 17:45:51,058] {taskinstance.py:1358} INFO - 
--------------------------------------------------------------------------------
[2022-06-12 17:45:51,135] {taskinstance.py:1377} INFO - Executing <Task(_PythonDecoratedOperator): save_data_task> on 2022-06-12 07:46:00+00:00
[2022-06-12 17:45:51,148] {standard_task_runner.py:79} INFO - Running: ['airflow', 'tasks', 'run', 'ingest_data', 'save_data_task', 'scheduled__2022-06-12T07:46:00+00:00', '--job-id', '1328', '--raw', '--subdir', 'DAGS_FOLDER/ingestion_dag.py', '--cfg-path', '/tmp/tmp64sggdq9', '--error-file', '/tmp/tmp9m465mkn']
[2022-06-12 17:45:51,151] {standard_task_runner.py:80} INFO - Job 1328: Subtask save_data_task
[2022-06-12 17:45:51,142] {standard_task_runner.py:52} INFO - Started process 10678 to run task
[2022-06-12 17:45:51,306] {task_command.py:370} INFO - Running <TaskInstance: ingest_data.save_data_task scheduled__2022-06-12T07:46:00+00:00 [running]> on host DESKTOP-GDPK8BL.localdomain
[2022-06-12 17:45:51,879] {taskinstance.py:1569} INFO - Exporting the following env vars:
AIRFLOW_CTX_DAG_OWNER=airflow
AIRFLOW_CTX_DAG_ID=ingest_data
AIRFLOW_CTX_TASK_ID=save_data_task
AIRFLOW_CTX_EXECUTION_DATE=2022-06-12T07:46:00+00:00
AIRFLOW_CTX_TRY_NUMBER=1
AIRFLOW_CTX_DAG_RUN_ID=scheduled__2022-06-12T07:46:00+00:00
[2022-06-12 17:45:51,896] {python.py:173} INFO - Done. Returned value was: None
[2022-06-12 17:45:51,925] {taskinstance.py:1395} INFO - Marking task as SUCCESS. dag_id=ingest_data, task_id=save_data_task, execution_date=20220612T074600, start_date=20220612T154551, end_date=20220612T154551
[2022-06-12 17:45:52,014] {local_task_job.py:156} INFO - Task exited with return code 0
[2022-06-12 17:45:52,218] {local_task_job.py:273} INFO - 0 downstream tasks scheduled from follow-on schedule check
