[2022-06-12 16:12:10,121] {taskinstance.py:1159} INFO - Dependencies all met for <TaskInstance: ingest_data.get_data_to_ingest_from_local_file_task scheduled__2022-06-11T22:33:00+00:00 [queued]>
[2022-06-12 16:12:10,148] {taskinstance.py:1159} INFO - Dependencies all met for <TaskInstance: ingest_data.get_data_to_ingest_from_local_file_task scheduled__2022-06-11T22:33:00+00:00 [queued]>
[2022-06-12 16:12:10,148] {taskinstance.py:1356} INFO - 
--------------------------------------------------------------------------------
[2022-06-12 16:12:10,149] {taskinstance.py:1357} INFO - Starting attempt 1 of 1
[2022-06-12 16:12:10,149] {taskinstance.py:1358} INFO - 
--------------------------------------------------------------------------------
[2022-06-12 16:12:10,202] {taskinstance.py:1377} INFO - Executing <Task(_PythonDecoratedOperator): get_data_to_ingest_from_local_file_task> on 2022-06-11 22:33:00+00:00
[2022-06-12 16:12:10,210] {standard_task_runner.py:52} INFO - Started process 2325 to run task
[2022-06-12 16:12:10,216] {standard_task_runner.py:79} INFO - Running: ['airflow', 'tasks', 'run', 'ingest_data', 'get_data_to_ingest_from_local_file_task', 'scheduled__2022-06-11T22:33:00+00:00', '--job-id', '220', '--raw', '--subdir', 'DAGS_FOLDER/ingestion_dag.py', '--cfg-path', '/tmp/tmpkbhmt8gc', '--error-file', '/tmp/tmpgic4te3w']
[2022-06-12 16:12:10,217] {standard_task_runner.py:80} INFO - Job 220: Subtask get_data_to_ingest_from_local_file_task
[2022-06-12 16:12:10,369] {task_command.py:370} INFO - Running <TaskInstance: ingest_data.get_data_to_ingest_from_local_file_task scheduled__2022-06-11T22:33:00+00:00 [running]> on host DESKTOP-GDPK8BL.localdomain
[2022-06-12 16:12:10,703] {taskinstance.py:1569} INFO - Exporting the following env vars:
AIRFLOW_CTX_DAG_OWNER=airflow
AIRFLOW_CTX_DAG_ID=ingest_data
AIRFLOW_CTX_TASK_ID=get_data_to_ingest_from_local_file_task
AIRFLOW_CTX_EXECUTION_DATE=2022-06-11T22:33:00+00:00
AIRFLOW_CTX_TRY_NUMBER=1
AIRFLOW_CTX_DAG_RUN_ID=scheduled__2022-06-11T22:33:00+00:00
[2022-06-12 16:12:10,782] {python.py:173} INFO - Done. Returned value was:           AT      V       AP     RH      PE
13770   6.99  40.07  1014.83  54.36  490.11
18691  28.44  69.40  1003.98  73.51  433.44
37278  26.34  69.45  1013.87  54.15  438.50
18827  21.96  48.78  1019.56  85.05  451.58
10519   7.67  42.85  1012.02  93.35  478.94
[2022-06-12 16:12:10,900] {taskinstance.py:1395} INFO - Marking task as SUCCESS. dag_id=ingest_data, task_id=get_data_to_ingest_from_local_file_task, execution_date=20220611T223300, start_date=20220612T141210, end_date=20220612T141210
[2022-06-12 16:12:10,992] {local_task_job.py:156} INFO - Task exited with return code 0
[2022-06-12 16:12:11,197] {local_task_job.py:273} INFO - 1 downstream tasks scheduled from follow-on schedule check
