[2022-06-12 17:43:49,239] {taskinstance.py:1159} INFO - Dependencies all met for <TaskInstance: ingest_data.get_data_to_ingest_from_local_file_task scheduled__2022-06-12T07:34:00+00:00 [queued]>
[2022-06-12 17:43:49,274] {taskinstance.py:1159} INFO - Dependencies all met for <TaskInstance: ingest_data.get_data_to_ingest_from_local_file_task scheduled__2022-06-12T07:34:00+00:00 [queued]>
[2022-06-12 17:43:49,275] {taskinstance.py:1356} INFO - 
--------------------------------------------------------------------------------
[2022-06-12 17:43:49,275] {taskinstance.py:1357} INFO - Starting attempt 1 of 1
[2022-06-12 17:43:49,276] {taskinstance.py:1358} INFO - 
--------------------------------------------------------------------------------
[2022-06-12 17:43:49,346] {taskinstance.py:1377} INFO - Executing <Task(_PythonDecoratedOperator): get_data_to_ingest_from_local_file_task> on 2022-06-12 07:34:00+00:00
[2022-06-12 17:43:49,354] {standard_task_runner.py:52} INFO - Started process 10487 to run task
[2022-06-12 17:43:49,366] {standard_task_runner.py:79} INFO - Running: ['airflow', 'tasks', 'run', 'ingest_data', 'get_data_to_ingest_from_local_file_task', 'scheduled__2022-06-12T07:34:00+00:00', '--job-id', '1302', '--raw', '--subdir', 'DAGS_FOLDER/ingestion_dag.py', '--cfg-path', '/tmp/tmpe0v5h_pf', '--error-file', '/tmp/tmplk2rrzu7']
[2022-06-12 17:43:49,368] {standard_task_runner.py:80} INFO - Job 1302: Subtask get_data_to_ingest_from_local_file_task
[2022-06-12 17:43:49,518] {task_command.py:370} INFO - Running <TaskInstance: ingest_data.get_data_to_ingest_from_local_file_task scheduled__2022-06-12T07:34:00+00:00 [running]> on host DESKTOP-GDPK8BL.localdomain
[2022-06-12 17:43:49,953] {taskinstance.py:1569} INFO - Exporting the following env vars:
AIRFLOW_CTX_DAG_OWNER=airflow
AIRFLOW_CTX_DAG_ID=ingest_data
AIRFLOW_CTX_TASK_ID=get_data_to_ingest_from_local_file_task
AIRFLOW_CTX_EXECUTION_DATE=2022-06-12T07:34:00+00:00
AIRFLOW_CTX_TRY_NUMBER=1
AIRFLOW_CTX_DAG_RUN_ID=scheduled__2022-06-12T07:34:00+00:00
[2022-06-12 17:43:50,026] {python.py:173} INFO - Done. Returned value was:           AT      V       AP     RH      PE
22978  22.61  54.42  1014.74  75.87  453.86
7877   29.45  64.96  1005.52  59.92  433.04
37022  17.32  43.70  1015.13  61.66  464.50
38295   7.29  41.04  1024.06  89.19  474.71
7410    7.24  41.17  1020.35  80.56  486.76
[2022-06-12 17:43:50,195] {taskinstance.py:1395} INFO - Marking task as SUCCESS. dag_id=ingest_data, task_id=get_data_to_ingest_from_local_file_task, execution_date=20220612T073400, start_date=20220612T154349, end_date=20220612T154350
[2022-06-12 17:43:50,267] {local_task_job.py:156} INFO - Task exited with return code 0
[2022-06-12 17:43:50,500] {local_task_job.py:273} INFO - 1 downstream tasks scheduled from follow-on schedule check
