[2022-06-12 16:25:40,242] {taskinstance.py:1159} INFO - Dependencies all met for <TaskInstance: ingest_data.get_data_to_ingest_from_local_file_task scheduled__2022-06-11T23:51:00+00:00 [queued]>
[2022-06-12 16:25:40,266] {taskinstance.py:1159} INFO - Dependencies all met for <TaskInstance: ingest_data.get_data_to_ingest_from_local_file_task scheduled__2022-06-11T23:51:00+00:00 [queued]>
[2022-06-12 16:25:40,266] {taskinstance.py:1356} INFO - 
--------------------------------------------------------------------------------
[2022-06-12 16:25:40,267] {taskinstance.py:1357} INFO - Starting attempt 1 of 1
[2022-06-12 16:25:40,267] {taskinstance.py:1358} INFO - 
--------------------------------------------------------------------------------
[2022-06-12 16:25:40,317] {taskinstance.py:1377} INFO - Executing <Task(_PythonDecoratedOperator): get_data_to_ingest_from_local_file_task> on 2022-06-11 23:51:00+00:00
[2022-06-12 16:25:40,324] {standard_task_runner.py:52} INFO - Started process 3609 to run task
[2022-06-12 16:25:40,329] {standard_task_runner.py:79} INFO - Running: ['airflow', 'tasks', 'run', 'ingest_data', 'get_data_to_ingest_from_local_file_task', 'scheduled__2022-06-11T23:51:00+00:00', '--job-id', '375', '--raw', '--subdir', 'DAGS_FOLDER/ingestion_dag.py', '--cfg-path', '/tmp/tmp51f1oi7n', '--error-file', '/tmp/tmpukzh9rq3']
[2022-06-12 16:25:40,331] {standard_task_runner.py:80} INFO - Job 375: Subtask get_data_to_ingest_from_local_file_task
[2022-06-12 16:25:40,471] {task_command.py:370} INFO - Running <TaskInstance: ingest_data.get_data_to_ingest_from_local_file_task scheduled__2022-06-11T23:51:00+00:00 [running]> on host DESKTOP-GDPK8BL.localdomain
[2022-06-12 16:25:40,836] {taskinstance.py:1569} INFO - Exporting the following env vars:
AIRFLOW_CTX_DAG_OWNER=airflow
AIRFLOW_CTX_DAG_ID=ingest_data
AIRFLOW_CTX_TASK_ID=get_data_to_ingest_from_local_file_task
AIRFLOW_CTX_EXECUTION_DATE=2022-06-11T23:51:00+00:00
AIRFLOW_CTX_TRY_NUMBER=1
AIRFLOW_CTX_DAG_RUN_ID=scheduled__2022-06-11T23:51:00+00:00
[2022-06-12 16:25:40,910] {python.py:173} INFO - Done. Returned value was:           AT      V       AP     RH      PE
11924  23.51  48.98  1014.63  41.56  454.06
24762  18.03  53.16  1013.02  81.95  456.55
24661  10.11  39.72  1019.10  69.68  476.80
25340  24.61  62.96  1020.10  63.83  445.79
47086  18.40  43.69  1016.59  52.44  462.05
[2022-06-12 16:25:41,036] {taskinstance.py:1395} INFO - Marking task as SUCCESS. dag_id=ingest_data, task_id=get_data_to_ingest_from_local_file_task, execution_date=20220611T235100, start_date=20220612T142540, end_date=20220612T142541
[2022-06-12 16:25:41,107] {local_task_job.py:156} INFO - Task exited with return code 0
[2022-06-12 16:25:41,314] {local_task_job.py:273} INFO - 1 downstream tasks scheduled from follow-on schedule check
