[2022-06-12 16:16:40,535] {taskinstance.py:1159} INFO - Dependencies all met for <TaskInstance: ingest_data.get_data_to_ingest_from_local_file_task scheduled__2022-06-11T23:00:00+00:00 [queued]>
[2022-06-12 16:16:40,560] {taskinstance.py:1159} INFO - Dependencies all met for <TaskInstance: ingest_data.get_data_to_ingest_from_local_file_task scheduled__2022-06-11T23:00:00+00:00 [queued]>
[2022-06-12 16:16:40,561] {taskinstance.py:1356} INFO - 
--------------------------------------------------------------------------------
[2022-06-12 16:16:40,561] {taskinstance.py:1357} INFO - Starting attempt 1 of 1
[2022-06-12 16:16:40,562] {taskinstance.py:1358} INFO - 
--------------------------------------------------------------------------------
[2022-06-12 16:16:40,620] {taskinstance.py:1377} INFO - Executing <Task(_PythonDecoratedOperator): get_data_to_ingest_from_local_file_task> on 2022-06-11 23:00:00+00:00
[2022-06-12 16:16:40,629] {standard_task_runner.py:52} INFO - Started process 2784 to run task
[2022-06-12 16:16:40,633] {standard_task_runner.py:79} INFO - Running: ['airflow', 'tasks', 'run', 'ingest_data', 'get_data_to_ingest_from_local_file_task', 'scheduled__2022-06-11T23:00:00+00:00', '--job-id', '274', '--raw', '--subdir', 'DAGS_FOLDER/ingestion_dag.py', '--cfg-path', '/tmp/tmp8qjaj6rn', '--error-file', '/tmp/tmpp226423e']
[2022-06-12 16:16:40,635] {standard_task_runner.py:80} INFO - Job 274: Subtask get_data_to_ingest_from_local_file_task
[2022-06-12 16:16:40,774] {task_command.py:370} INFO - Running <TaskInstance: ingest_data.get_data_to_ingest_from_local_file_task scheduled__2022-06-11T23:00:00+00:00 [running]> on host DESKTOP-GDPK8BL.localdomain
[2022-06-12 16:16:41,135] {taskinstance.py:1569} INFO - Exporting the following env vars:
AIRFLOW_CTX_DAG_OWNER=airflow
AIRFLOW_CTX_DAG_ID=ingest_data
AIRFLOW_CTX_TASK_ID=get_data_to_ingest_from_local_file_task
AIRFLOW_CTX_EXECUTION_DATE=2022-06-11T23:00:00+00:00
AIRFLOW_CTX_TRY_NUMBER=1
AIRFLOW_CTX_DAG_RUN_ID=scheduled__2022-06-11T23:00:00+00:00
[2022-06-12 16:16:41,206] {python.py:173} INFO - Done. Returned value was:           AT      V       AP     RH      PE
33316  12.07  43.71  1025.53  85.62  472.32
39739  32.39  79.74  1006.92  58.58  430.12
35914  25.44  66.54  1011.90  56.76  437.99
35337   4.86  39.40  1012.73  91.39  488.63
2070   23.88  67.90  1005.99  67.58  446.34
[2022-06-12 16:16:41,320] {taskinstance.py:1395} INFO - Marking task as SUCCESS. dag_id=ingest_data, task_id=get_data_to_ingest_from_local_file_task, execution_date=20220611T230000, start_date=20220612T141640, end_date=20220612T141641
[2022-06-12 16:16:41,412] {local_task_job.py:156} INFO - Task exited with return code 0
[2022-06-12 16:16:41,622] {local_task_job.py:273} INFO - 1 downstream tasks scheduled from follow-on schedule check
