[2022-06-12 17:32:29,385] {taskinstance.py:1159} INFO - Dependencies all met for <TaskInstance: ingest_data.get_data_to_ingest_from_local_file_task scheduled__2022-06-12T06:22:00+00:00 [queued]>
[2022-06-12 17:32:29,416] {taskinstance.py:1159} INFO - Dependencies all met for <TaskInstance: ingest_data.get_data_to_ingest_from_local_file_task scheduled__2022-06-12T06:22:00+00:00 [queued]>
[2022-06-12 17:32:29,416] {taskinstance.py:1356} INFO - 
--------------------------------------------------------------------------------
[2022-06-12 17:32:29,417] {taskinstance.py:1357} INFO - Starting attempt 1 of 1
[2022-06-12 17:32:29,417] {taskinstance.py:1358} INFO - 
--------------------------------------------------------------------------------
[2022-06-12 17:32:29,470] {taskinstance.py:1377} INFO - Executing <Task(_PythonDecoratedOperator): get_data_to_ingest_from_local_file_task> on 2022-06-12 06:22:00+00:00
[2022-06-12 17:32:29,475] {standard_task_runner.py:52} INFO - Started process 9417 to run task
[2022-06-12 17:32:29,482] {standard_task_runner.py:79} INFO - Running: ['airflow', 'tasks', 'run', 'ingest_data', 'get_data_to_ingest_from_local_file_task', 'scheduled__2022-06-12T06:22:00+00:00', '--job-id', '1157', '--raw', '--subdir', 'DAGS_FOLDER/ingestion_dag.py', '--cfg-path', '/tmp/tmpml4gt7kc', '--error-file', '/tmp/tmpsrvazlbo']
[2022-06-12 17:32:29,483] {standard_task_runner.py:80} INFO - Job 1157: Subtask get_data_to_ingest_from_local_file_task
[2022-06-12 17:32:29,662] {task_command.py:370} INFO - Running <TaskInstance: ingest_data.get_data_to_ingest_from_local_file_task scheduled__2022-06-12T06:22:00+00:00 [running]> on host DESKTOP-GDPK8BL.localdomain
[2022-06-12 17:32:30,135] {taskinstance.py:1569} INFO - Exporting the following env vars:
AIRFLOW_CTX_DAG_OWNER=airflow
AIRFLOW_CTX_DAG_ID=ingest_data
AIRFLOW_CTX_TASK_ID=get_data_to_ingest_from_local_file_task
AIRFLOW_CTX_EXECUTION_DATE=2022-06-12T06:22:00+00:00
AIRFLOW_CTX_TRY_NUMBER=1
AIRFLOW_CTX_DAG_RUN_ID=scheduled__2022-06-12T06:22:00+00:00
[2022-06-12 17:32:30,209] {python.py:173} INFO - Done. Returned value was:           AT      V       AP     RH      PE
44344   8.42  43.14  1011.62  80.32  483.49
18658   9.93  40.67  1018.08  69.74  485.23
39345  19.46  46.33  1013.77  89.62  452.11
36969  26.75  60.96  1012.05  56.77  447.93
24015  23.60  60.08  1017.51  63.02  451.97
[2022-06-12 17:32:30,368] {taskinstance.py:1395} INFO - Marking task as SUCCESS. dag_id=ingest_data, task_id=get_data_to_ingest_from_local_file_task, execution_date=20220612T062200, start_date=20220612T153229, end_date=20220612T153230
[2022-06-12 17:32:30,460] {local_task_job.py:156} INFO - Task exited with return code 0
[2022-06-12 17:32:30,682] {local_task_job.py:273} INFO - 1 downstream tasks scheduled from follow-on schedule check
