[2022-06-12 16:57:33,844] {taskinstance.py:1159} INFO - Dependencies all met for <TaskInstance: ingest_data.get_data_to_ingest_from_local_file_task scheduled__2022-06-12T02:54:00+00:00 [queued]>
[2022-06-12 16:57:33,877] {taskinstance.py:1159} INFO - Dependencies all met for <TaskInstance: ingest_data.get_data_to_ingest_from_local_file_task scheduled__2022-06-12T02:54:00+00:00 [queued]>
[2022-06-12 16:57:33,878] {taskinstance.py:1356} INFO - 
--------------------------------------------------------------------------------
[2022-06-12 16:57:33,878] {taskinstance.py:1357} INFO - Starting attempt 1 of 1
[2022-06-12 16:57:33,879] {taskinstance.py:1358} INFO - 
--------------------------------------------------------------------------------
[2022-06-12 16:57:33,961] {taskinstance.py:1377} INFO - Executing <Task(_PythonDecoratedOperator): get_data_to_ingest_from_local_file_task> on 2022-06-12 02:54:00+00:00
[2022-06-12 16:57:33,967] {standard_task_runner.py:52} INFO - Started process 6339 to run task
[2022-06-12 16:57:33,974] {standard_task_runner.py:79} INFO - Running: ['airflow', 'tasks', 'run', 'ingest_data', 'get_data_to_ingest_from_local_file_task', 'scheduled__2022-06-12T02:54:00+00:00', '--job-id', '742', '--raw', '--subdir', 'DAGS_FOLDER/ingestion_dag.py', '--cfg-path', '/tmp/tmp15lk86se', '--error-file', '/tmp/tmplhx3jy52']
[2022-06-12 16:57:33,975] {standard_task_runner.py:80} INFO - Job 742: Subtask get_data_to_ingest_from_local_file_task
[2022-06-12 16:57:34,126] {task_command.py:370} INFO - Running <TaskInstance: ingest_data.get_data_to_ingest_from_local_file_task scheduled__2022-06-12T02:54:00+00:00 [running]> on host DESKTOP-GDPK8BL.localdomain
[2022-06-12 16:57:34,586] {taskinstance.py:1569} INFO - Exporting the following env vars:
AIRFLOW_CTX_DAG_OWNER=airflow
AIRFLOW_CTX_DAG_ID=ingest_data
AIRFLOW_CTX_TASK_ID=get_data_to_ingest_from_local_file_task
AIRFLOW_CTX_EXECUTION_DATE=2022-06-12T02:54:00+00:00
AIRFLOW_CTX_TRY_NUMBER=1
AIRFLOW_CTX_DAG_RUN_ID=scheduled__2022-06-12T02:54:00+00:00
[2022-06-12 16:57:34,657] {python.py:173} INFO - Done. Returned value was:           AT      V       AP     RH      PE
45190  24.77  69.71  1009.86  85.56  441.29
3278   24.42  57.32  1011.46  55.92  443.94
32408  23.63  58.62  1016.45  69.97  445.51
27821  17.03  47.83  1004.94  79.68  460.43
20436  10.70  36.18  1018.16  63.15  475.08
[2022-06-12 16:57:34,793] {taskinstance.py:1395} INFO - Marking task as SUCCESS. dag_id=ingest_data, task_id=get_data_to_ingest_from_local_file_task, execution_date=20220612T025400, start_date=20220612T145733, end_date=20220612T145734
[2022-06-12 16:57:34,872] {local_task_job.py:156} INFO - Task exited with return code 0
[2022-06-12 16:57:35,080] {local_task_job.py:273} INFO - 1 downstream tasks scheduled from follow-on schedule check
