[2022-06-13 13:49:55,474] {taskinstance.py:1159} INFO - Dependencies all met for <TaskInstance: loan_pred.get_data_to_ingest_from_local_file_task scheduled__2022-06-12T21:07:00+00:00 [queued]>
[2022-06-13 13:49:55,497] {taskinstance.py:1159} INFO - Dependencies all met for <TaskInstance: loan_pred.get_data_to_ingest_from_local_file_task scheduled__2022-06-12T21:07:00+00:00 [queued]>
[2022-06-13 13:49:55,497] {taskinstance.py:1356} INFO - 
--------------------------------------------------------------------------------
[2022-06-13 13:49:55,498] {taskinstance.py:1357} INFO - Starting attempt 1 of 1
[2022-06-13 13:49:55,498] {taskinstance.py:1358} INFO - 
--------------------------------------------------------------------------------
[2022-06-13 13:49:55,549] {taskinstance.py:1377} INFO - Executing <Task(_PythonDecoratedOperator): get_data_to_ingest_from_local_file_task> on 2022-06-12 21:07:00+00:00
[2022-06-13 13:49:55,553] {standard_task_runner.py:52} INFO - Started process 538 to run task
[2022-06-13 13:49:55,559] {standard_task_runner.py:79} INFO - Running: ['airflow', 'tasks', 'run', 'loan_pred', 'get_data_to_ingest_from_local_file_task', 'scheduled__2022-06-12T21:07:00+00:00', '--job-id', '1569', '--raw', '--subdir', 'DAGS_FOLDER/loan_pred.py', '--cfg-path', '/tmp/tmp6fv6s2se', '--error-file', '/tmp/tmplk0akvql']
[2022-06-13 13:49:55,560] {standard_task_runner.py:80} INFO - Job 1569: Subtask get_data_to_ingest_from_local_file_task
[2022-06-13 13:49:55,685] {task_command.py:370} INFO - Running <TaskInstance: loan_pred.get_data_to_ingest_from_local_file_task scheduled__2022-06-12T21:07:00+00:00 [running]> on host DESKTOP-GDPK8BL.localdomain
[2022-06-13 13:49:56,072] {taskinstance.py:1569} INFO - Exporting the following env vars:
AIRFLOW_CTX_DAG_OWNER=airflow
AIRFLOW_CTX_DAG_ID=loan_pred
AIRFLOW_CTX_TASK_ID=get_data_to_ingest_from_local_file_task
AIRFLOW_CTX_EXECUTION_DATE=2022-06-12T21:07:00+00:00
AIRFLOW_CTX_TRY_NUMBER=1
AIRFLOW_CTX_DAG_RUN_ID=scheduled__2022-06-12T21:07:00+00:00
[2022-06-13 13:49:56,093] {python.py:173} INFO - Done. Returned value was:       Loan_ID  Gender Married Dependents  ... LoanAmount Loan_Amount_Term  Credit_History  Property_Area
171  LP001973    Male     Yes          2  ...      130.0            360.0             1.0          Rural
110  LP001584  Female      No          0  ...      108.0            360.0             1.0      Semiurban
39   LP001219    Male      No          0  ...      138.0            360.0             1.0          Urban
306  LP002721    Male     Yes          2  ...      183.0            360.0             1.0          Rural
160  LP001886    Male      No          0  ...      209.0            360.0             1.0          Rural

[5 rows x 12 columns]
[2022-06-13 13:49:56,320] {taskinstance.py:1395} INFO - Marking task as SUCCESS. dag_id=loan_pred, task_id=get_data_to_ingest_from_local_file_task, execution_date=20220612T210700, start_date=20220613T114955, end_date=20220613T114956
[2022-06-13 13:49:56,416] {local_task_job.py:156} INFO - Task exited with return code 0
[2022-06-13 13:49:56,619] {local_task_job.py:273} INFO - 1 downstream tasks scheduled from follow-on schedule check
