[2022-06-12 14:43:31,447] {taskinstance.py:1159} INFO - Dependencies all met for <TaskInstance: ingest_data.get_data_to_ingest_from_local_file_task scheduled__2022-06-11T21:03:00+00:00 [queued]>
[2022-06-12 14:43:31,482] {taskinstance.py:1159} INFO - Dependencies all met for <TaskInstance: ingest_data.get_data_to_ingest_from_local_file_task scheduled__2022-06-11T21:03:00+00:00 [queued]>
[2022-06-12 14:43:31,483] {taskinstance.py:1356} INFO - 
--------------------------------------------------------------------------------
[2022-06-12 14:43:31,484] {taskinstance.py:1357} INFO - Starting attempt 1 of 1
[2022-06-12 14:43:31,485] {taskinstance.py:1358} INFO - 
--------------------------------------------------------------------------------
[2022-06-12 14:43:31,586] {taskinstance.py:1377} INFO - Executing <Task(_PythonDecoratedOperator): get_data_to_ingest_from_local_file_task> on 2022-06-11 21:03:00+00:00
[2022-06-12 14:43:31,593] {standard_task_runner.py:52} INFO - Started process 748 to run task
[2022-06-12 14:43:31,605] {standard_task_runner.py:79} INFO - Running: ['airflow', 'tasks', 'run', 'ingest_data', 'get_data_to_ingest_from_local_file_task', 'scheduled__2022-06-11T21:03:00+00:00', '--job-id', '24', '--raw', '--subdir', 'DAGS_FOLDER/ingestion_dag.py', '--cfg-path', '/tmp/tmpi9vr3m4k', '--error-file', '/tmp/tmpa2goovkc']
[2022-06-12 14:43:31,606] {standard_task_runner.py:80} INFO - Job 24: Subtask get_data_to_ingest_from_local_file_task
[2022-06-12 14:43:31,752] {task_command.py:370} INFO - Running <TaskInstance: ingest_data.get_data_to_ingest_from_local_file_task scheduled__2022-06-11T21:03:00+00:00 [running]> on host DESKTOP-GDPK8BL.localdomain
[2022-06-12 14:43:32,064] {taskinstance.py:1569} INFO - Exporting the following env vars:
AIRFLOW_CTX_DAG_OWNER=airflow
AIRFLOW_CTX_DAG_ID=ingest_data
AIRFLOW_CTX_TASK_ID=get_data_to_ingest_from_local_file_task
AIRFLOW_CTX_EXECUTION_DATE=2022-06-11T21:03:00+00:00
AIRFLOW_CTX_TRY_NUMBER=1
AIRFLOW_CTX_DAG_RUN_ID=scheduled__2022-06-11T21:03:00+00:00
[2022-06-12 14:43:32,138] {python.py:173} INFO - Done. Returned value was:           AT      V       AP     RH      PE
24519  28.25  57.19  1007.99  67.90  436.99
25877  12.31  44.78  1011.15  77.34  468.29
24120  11.43  41.16  1022.81  92.04  466.86
16516  25.56  75.60  1017.37  69.31  442.20
27508  19.96  56.03  1020.59  64.95  454.67
[2022-06-12 14:43:32,243] {taskinstance.py:1395} INFO - Marking task as SUCCESS. dag_id=ingest_data, task_id=get_data_to_ingest_from_local_file_task, execution_date=20220611T210300, start_date=20220612T124331, end_date=20220612T124332
[2022-06-12 14:43:32,337] {local_task_job.py:156} INFO - Task exited with return code 0
[2022-06-12 14:43:32,636] {local_task_job.py:273} INFO - 1 downstream tasks scheduled from follow-on schedule check
