[2022-06-12 16:58:49,663] {taskinstance.py:1159} INFO - Dependencies all met for <TaskInstance: ingest_data.get_data_to_ingest_from_local_file_task scheduled__2022-06-12T03:02:00+00:00 [queued]>
[2022-06-12 16:58:49,698] {taskinstance.py:1159} INFO - Dependencies all met for <TaskInstance: ingest_data.get_data_to_ingest_from_local_file_task scheduled__2022-06-12T03:02:00+00:00 [queued]>
[2022-06-12 16:58:49,699] {taskinstance.py:1356} INFO - 
--------------------------------------------------------------------------------
[2022-06-12 16:58:49,700] {taskinstance.py:1357} INFO - Starting attempt 1 of 1
[2022-06-12 16:58:49,700] {taskinstance.py:1358} INFO - 
--------------------------------------------------------------------------------
[2022-06-12 16:58:49,773] {taskinstance.py:1377} INFO - Executing <Task(_PythonDecoratedOperator): get_data_to_ingest_from_local_file_task> on 2022-06-12 03:02:00+00:00
[2022-06-12 16:58:49,781] {standard_task_runner.py:52} INFO - Started process 6450 to run task
[2022-06-12 16:58:49,786] {standard_task_runner.py:79} INFO - Running: ['airflow', 'tasks', 'run', 'ingest_data', 'get_data_to_ingest_from_local_file_task', 'scheduled__2022-06-12T03:02:00+00:00', '--job-id', '757', '--raw', '--subdir', 'DAGS_FOLDER/ingestion_dag.py', '--cfg-path', '/tmp/tmp2kd2p1lv', '--error-file', '/tmp/tmpwly5gb_z']
[2022-06-12 16:58:49,788] {standard_task_runner.py:80} INFO - Job 757: Subtask get_data_to_ingest_from_local_file_task
[2022-06-12 16:58:49,908] {task_command.py:370} INFO - Running <TaskInstance: ingest_data.get_data_to_ingest_from_local_file_task scheduled__2022-06-12T03:02:00+00:00 [running]> on host DESKTOP-GDPK8BL.localdomain
[2022-06-12 16:58:50,278] {taskinstance.py:1569} INFO - Exporting the following env vars:
AIRFLOW_CTX_DAG_OWNER=airflow
AIRFLOW_CTX_DAG_ID=ingest_data
AIRFLOW_CTX_TASK_ID=get_data_to_ingest_from_local_file_task
AIRFLOW_CTX_EXECUTION_DATE=2022-06-12T03:02:00+00:00
AIRFLOW_CTX_TRY_NUMBER=1
AIRFLOW_CTX_DAG_RUN_ID=scheduled__2022-06-12T03:02:00+00:00
[2022-06-12 16:58:50,345] {python.py:173} INFO - Done. Returned value was:           AT      V       AP     RH      PE
15943  26.27  62.91  1011.97  48.06  447.76
7389   25.28  67.69  1009.05  68.54  445.34
25390  11.34  43.67  1011.54  87.95  472.77
29061  20.86  51.30  1012.03  92.46  449.67
34628  24.63  59.57  1010.45  85.36  440.67
[2022-06-12 16:58:50,527] {taskinstance.py:1395} INFO - Marking task as SUCCESS. dag_id=ingest_data, task_id=get_data_to_ingest_from_local_file_task, execution_date=20220612T030200, start_date=20220612T145849, end_date=20220612T145850
[2022-06-12 16:58:50,603] {local_task_job.py:156} INFO - Task exited with return code 0
[2022-06-12 16:58:50,854] {local_task_job.py:273} INFO - 1 downstream tasks scheduled from follow-on schedule check
