[2022-06-12 17:12:53,265] {taskinstance.py:1159} INFO - Dependencies all met for <TaskInstance: ingest_data.get_data_to_ingest_from_local_file_task scheduled__2022-06-12T04:22:00+00:00 [queued]>
[2022-06-12 17:12:53,294] {taskinstance.py:1159} INFO - Dependencies all met for <TaskInstance: ingest_data.get_data_to_ingest_from_local_file_task scheduled__2022-06-12T04:22:00+00:00 [queued]>
[2022-06-12 17:12:53,294] {taskinstance.py:1356} INFO - 
--------------------------------------------------------------------------------
[2022-06-12 17:12:53,295] {taskinstance.py:1357} INFO - Starting attempt 1 of 1
[2022-06-12 17:12:53,295] {taskinstance.py:1358} INFO - 
--------------------------------------------------------------------------------
[2022-06-12 17:12:53,350] {taskinstance.py:1377} INFO - Executing <Task(_PythonDecoratedOperator): get_data_to_ingest_from_local_file_task> on 2022-06-12 04:22:00+00:00
[2022-06-12 17:12:53,363] {standard_task_runner.py:52} INFO - Started process 7639 to run task
[2022-06-12 17:12:53,363] {standard_task_runner.py:79} INFO - Running: ['airflow', 'tasks', 'run', 'ingest_data', 'get_data_to_ingest_from_local_file_task', 'scheduled__2022-06-12T04:22:00+00:00', '--job-id', '917', '--raw', '--subdir', 'DAGS_FOLDER/ingestion_dag.py', '--cfg-path', '/tmp/tmp53ps9fwe', '--error-file', '/tmp/tmplz4r8n0g']
[2022-06-12 17:12:53,371] {standard_task_runner.py:80} INFO - Job 917: Subtask get_data_to_ingest_from_local_file_task
[2022-06-12 17:12:53,537] {task_command.py:370} INFO - Running <TaskInstance: ingest_data.get_data_to_ingest_from_local_file_task scheduled__2022-06-12T04:22:00+00:00 [running]> on host DESKTOP-GDPK8BL.localdomain
[2022-06-12 17:12:53,952] {taskinstance.py:1569} INFO - Exporting the following env vars:
AIRFLOW_CTX_DAG_OWNER=airflow
AIRFLOW_CTX_DAG_ID=ingest_data
AIRFLOW_CTX_TASK_ID=get_data_to_ingest_from_local_file_task
AIRFLOW_CTX_EXECUTION_DATE=2022-06-12T04:22:00+00:00
AIRFLOW_CTX_TRY_NUMBER=1
AIRFLOW_CTX_DAG_RUN_ID=scheduled__2022-06-12T04:22:00+00:00
[2022-06-12 17:12:54,021] {python.py:173} INFO - Done. Returned value was:           AT      V       AP     RH      PE
218    24.91  52.30  1008.72  68.26  441.15
20555   7.11  41.74  1022.35  90.68  487.85
37619  17.99  43.72  1008.64  75.04  453.02
24548  24.97  63.86  1018.64  52.01  441.61
42953  13.30  37.90   997.41  91.51  465.61
[2022-06-12 17:12:54,169] {taskinstance.py:1395} INFO - Marking task as SUCCESS. dag_id=ingest_data, task_id=get_data_to_ingest_from_local_file_task, execution_date=20220612T042200, start_date=20220612T151253, end_date=20220612T151254
[2022-06-12 17:12:54,267] {local_task_job.py:156} INFO - Task exited with return code 0
[2022-06-12 17:12:54,516] {local_task_job.py:273} INFO - 1 downstream tasks scheduled from follow-on schedule check
