[2022-06-13 13:49:45,366] {taskinstance.py:1159} INFO - Dependencies all met for <TaskInstance: loan_pred.get_data_to_ingest_from_local_file_task scheduled__2022-06-12T21:06:00+00:00 [queued]>
[2022-06-13 13:49:45,388] {taskinstance.py:1159} INFO - Dependencies all met for <TaskInstance: loan_pred.get_data_to_ingest_from_local_file_task scheduled__2022-06-12T21:06:00+00:00 [queued]>
[2022-06-13 13:49:45,389] {taskinstance.py:1356} INFO - 
--------------------------------------------------------------------------------
[2022-06-13 13:49:45,390] {taskinstance.py:1357} INFO - Starting attempt 1 of 1
[2022-06-13 13:49:45,391] {taskinstance.py:1358} INFO - 
--------------------------------------------------------------------------------
[2022-06-13 13:49:45,445] {taskinstance.py:1377} INFO - Executing <Task(_PythonDecoratedOperator): get_data_to_ingest_from_local_file_task> on 2022-06-12 21:06:00+00:00
[2022-06-13 13:49:45,450] {standard_task_runner.py:52} INFO - Started process 522 to run task
[2022-06-13 13:49:45,455] {standard_task_runner.py:79} INFO - Running: ['airflow', 'tasks', 'run', 'loan_pred', 'get_data_to_ingest_from_local_file_task', 'scheduled__2022-06-12T21:06:00+00:00', '--job-id', '1567', '--raw', '--subdir', 'DAGS_FOLDER/loan_pred.py', '--cfg-path', '/tmp/tmpo9cp6flv', '--error-file', '/tmp/tmp_kjas0js']
[2022-06-13 13:49:45,456] {standard_task_runner.py:80} INFO - Job 1567: Subtask get_data_to_ingest_from_local_file_task
[2022-06-13 13:49:45,590] {task_command.py:370} INFO - Running <TaskInstance: loan_pred.get_data_to_ingest_from_local_file_task scheduled__2022-06-12T21:06:00+00:00 [running]> on host DESKTOP-GDPK8BL.localdomain
[2022-06-13 13:49:45,988] {taskinstance.py:1569} INFO - Exporting the following env vars:
AIRFLOW_CTX_DAG_OWNER=airflow
AIRFLOW_CTX_DAG_ID=loan_pred
AIRFLOW_CTX_TASK_ID=get_data_to_ingest_from_local_file_task
AIRFLOW_CTX_EXECUTION_DATE=2022-06-12T21:06:00+00:00
AIRFLOW_CTX_TRY_NUMBER=1
AIRFLOW_CTX_DAG_RUN_ID=scheduled__2022-06-12T21:06:00+00:00
[2022-06-13 13:49:46,002] {python.py:173} INFO - Done. Returned value was:       Loan_ID  Gender Married Dependents  ... LoanAmount Loan_Amount_Term  Credit_History  Property_Area
4    LP001051    Male      No          0  ...       78.0            360.0             1.0          Urban
12   LP001083    Male      No         3+  ...       40.0            180.0             NaN          Urban
284  LP002570  Female     Yes          2  ...      460.0            360.0             1.0          Urban
78   LP001415    Male     Yes          1  ...        NaN            360.0             1.0      Semiurban
287  LP002584    Male      No          0  ...      106.0            360.0             1.0          Rural

[5 rows x 12 columns]
[2022-06-13 13:49:46,184] {taskinstance.py:1395} INFO - Marking task as SUCCESS. dag_id=loan_pred, task_id=get_data_to_ingest_from_local_file_task, execution_date=20220612T210600, start_date=20220613T114945, end_date=20220613T114946
[2022-06-13 13:49:46,272] {local_task_job.py:156} INFO - Task exited with return code 0
[2022-06-13 13:49:46,489] {local_task_job.py:273} INFO - 1 downstream tasks scheduled from follow-on schedule check
