[2022-06-12 14:49:57,506] {taskinstance.py:1159} INFO - Dependencies all met for <TaskInstance: ingest_data.get_data_to_ingest_from_local_file_task scheduled__2022-06-11T21:33:00+00:00 [queued]>
[2022-06-12 14:49:57,531] {taskinstance.py:1159} INFO - Dependencies all met for <TaskInstance: ingest_data.get_data_to_ingest_from_local_file_task scheduled__2022-06-11T21:33:00+00:00 [queued]>
[2022-06-12 14:49:57,532] {taskinstance.py:1356} INFO - 
--------------------------------------------------------------------------------
[2022-06-12 14:49:57,533] {taskinstance.py:1357} INFO - Starting attempt 1 of 1
[2022-06-12 14:49:57,534] {taskinstance.py:1358} INFO - 
--------------------------------------------------------------------------------
[2022-06-12 14:49:57,590] {taskinstance.py:1377} INFO - Executing <Task(_PythonDecoratedOperator): get_data_to_ingest_from_local_file_task> on 2022-06-11 21:33:00+00:00
[2022-06-12 14:49:57,598] {standard_task_runner.py:52} INFO - Started process 1303 to run task
[2022-06-12 14:49:57,605] {standard_task_runner.py:79} INFO - Running: ['airflow', 'tasks', 'run', 'ingest_data', 'get_data_to_ingest_from_local_file_task', 'scheduled__2022-06-11T21:33:00+00:00', '--job-id', '100', '--raw', '--subdir', 'DAGS_FOLDER/ingestion_dag.py', '--cfg-path', '/tmp/tmpw0mkuzot', '--error-file', '/tmp/tmp7ht11a4n']
[2022-06-12 14:49:57,606] {standard_task_runner.py:80} INFO - Job 100: Subtask get_data_to_ingest_from_local_file_task
[2022-06-12 14:49:57,748] {task_command.py:370} INFO - Running <TaskInstance: ingest_data.get_data_to_ingest_from_local_file_task scheduled__2022-06-11T21:33:00+00:00 [running]> on host DESKTOP-GDPK8BL.localdomain
[2022-06-12 14:49:58,084] {taskinstance.py:1569} INFO - Exporting the following env vars:
AIRFLOW_CTX_DAG_OWNER=airflow
AIRFLOW_CTX_DAG_ID=ingest_data
AIRFLOW_CTX_TASK_ID=get_data_to_ingest_from_local_file_task
AIRFLOW_CTX_EXECUTION_DATE=2022-06-11T21:33:00+00:00
AIRFLOW_CTX_TRY_NUMBER=1
AIRFLOW_CTX_DAG_RUN_ID=scheduled__2022-06-11T21:33:00+00:00
[2022-06-12 14:49:58,163] {python.py:173} INFO - Done. Returned value was:           AT      V       AP     RH      PE
47764  10.41  44.68  1023.53  91.38  474.70
14143  25.88  71.73  1010.01  72.80  430.86
7221   29.12  73.06  1009.98  80.21  434.90
20959  22.56  47.43  1006.72  54.82  448.65
42025  13.90  42.86  1030.82  71.89  473.76
[2022-06-12 14:49:58,267] {taskinstance.py:1395} INFO - Marking task as SUCCESS. dag_id=ingest_data, task_id=get_data_to_ingest_from_local_file_task, execution_date=20220611T213300, start_date=20220612T124957, end_date=20220612T124958
[2022-06-12 14:49:58,344] {local_task_job.py:156} INFO - Task exited with return code 0
[2022-06-12 14:49:58,616] {local_task_job.py:273} INFO - 1 downstream tasks scheduled from follow-on schedule check
