[2022-06-12 16:27:57,166] {taskinstance.py:1159} INFO - Dependencies all met for <TaskInstance: ingest_data.get_data_to_ingest_from_local_file_task scheduled__2022-06-12T00:06:00+00:00 [queued]>
[2022-06-12 16:27:57,208] {taskinstance.py:1159} INFO - Dependencies all met for <TaskInstance: ingest_data.get_data_to_ingest_from_local_file_task scheduled__2022-06-12T00:06:00+00:00 [queued]>
[2022-06-12 16:27:57,209] {taskinstance.py:1356} INFO - 
--------------------------------------------------------------------------------
[2022-06-12 16:27:57,210] {taskinstance.py:1357} INFO - Starting attempt 1 of 1
[2022-06-12 16:27:57,212] {taskinstance.py:1358} INFO - 
--------------------------------------------------------------------------------
[2022-06-12 16:27:57,287] {taskinstance.py:1377} INFO - Executing <Task(_PythonDecoratedOperator): get_data_to_ingest_from_local_file_task> on 2022-06-12 00:06:00+00:00
[2022-06-12 16:27:57,294] {standard_task_runner.py:52} INFO - Started process 3831 to run task
[2022-06-12 16:27:57,300] {standard_task_runner.py:79} INFO - Running: ['airflow', 'tasks', 'run', 'ingest_data', 'get_data_to_ingest_from_local_file_task', 'scheduled__2022-06-12T00:06:00+00:00', '--job-id', '405', '--raw', '--subdir', 'DAGS_FOLDER/ingestion_dag.py', '--cfg-path', '/tmp/tmp3zo3iawm', '--error-file', '/tmp/tmpe4omj_hn']
[2022-06-12 16:27:57,303] {standard_task_runner.py:80} INFO - Job 405: Subtask get_data_to_ingest_from_local_file_task
[2022-06-12 16:27:57,447] {task_command.py:370} INFO - Running <TaskInstance: ingest_data.get_data_to_ingest_from_local_file_task scheduled__2022-06-12T00:06:00+00:00 [running]> on host DESKTOP-GDPK8BL.localdomain
[2022-06-12 16:27:57,848] {taskinstance.py:1569} INFO - Exporting the following env vars:
AIRFLOW_CTX_DAG_OWNER=airflow
AIRFLOW_CTX_DAG_ID=ingest_data
AIRFLOW_CTX_TASK_ID=get_data_to_ingest_from_local_file_task
AIRFLOW_CTX_EXECUTION_DATE=2022-06-12T00:06:00+00:00
AIRFLOW_CTX_TRY_NUMBER=1
AIRFLOW_CTX_DAG_RUN_ID=scheduled__2022-06-12T00:06:00+00:00
[2022-06-12 16:27:57,924] {python.py:173} INFO - Done. Returned value was:           AT      V       AP     RH      PE
27517  15.02  37.64  1016.49  83.28  463.93
31719  13.39  44.85  1017.24  80.44  469.18
39612  31.49  69.13  1009.33  53.90  425.74
44509  25.72  66.86  1007.47  69.14  439.97
27288  16.82  47.45  1010.19  88.48  449.57
[2022-06-12 16:27:58,057] {taskinstance.py:1395} INFO - Marking task as SUCCESS. dag_id=ingest_data, task_id=get_data_to_ingest_from_local_file_task, execution_date=20220612T000600, start_date=20220612T142757, end_date=20220612T142758
[2022-06-12 16:27:58,162] {local_task_job.py:156} INFO - Task exited with return code 0
[2022-06-12 16:27:58,498] {local_task_job.py:273} INFO - 1 downstream tasks scheduled from follow-on schedule check
