[2022-06-12 17:39:18,108] {taskinstance.py:1159} INFO - Dependencies all met for <TaskInstance: ingest_data.get_data_to_ingest_from_local_file_task scheduled__2022-06-12T07:06:00+00:00 [queued]>
[2022-06-12 17:39:18,143] {taskinstance.py:1159} INFO - Dependencies all met for <TaskInstance: ingest_data.get_data_to_ingest_from_local_file_task scheduled__2022-06-12T07:06:00+00:00 [queued]>
[2022-06-12 17:39:18,144] {taskinstance.py:1356} INFO - 
--------------------------------------------------------------------------------
[2022-06-12 17:39:18,144] {taskinstance.py:1357} INFO - Starting attempt 1 of 1
[2022-06-12 17:39:18,145] {taskinstance.py:1358} INFO - 
--------------------------------------------------------------------------------
[2022-06-12 17:39:18,223] {taskinstance.py:1377} INFO - Executing <Task(_PythonDecoratedOperator): get_data_to_ingest_from_local_file_task> on 2022-06-12 07:06:00+00:00
[2022-06-12 17:39:18,232] {standard_task_runner.py:52} INFO - Started process 10066 to run task
[2022-06-12 17:39:18,237] {standard_task_runner.py:79} INFO - Running: ['airflow', 'tasks', 'run', 'ingest_data', 'get_data_to_ingest_from_local_file_task', 'scheduled__2022-06-12T07:06:00+00:00', '--job-id', '1245', '--raw', '--subdir', 'DAGS_FOLDER/ingestion_dag.py', '--cfg-path', '/tmp/tmpav0f1zxq', '--error-file', '/tmp/tmph2f415pj']
[2022-06-12 17:39:18,239] {standard_task_runner.py:80} INFO - Job 1245: Subtask get_data_to_ingest_from_local_file_task
[2022-06-12 17:39:18,400] {task_command.py:370} INFO - Running <TaskInstance: ingest_data.get_data_to_ingest_from_local_file_task scheduled__2022-06-12T07:06:00+00:00 [running]> on host DESKTOP-GDPK8BL.localdomain
[2022-06-12 17:39:18,867] {taskinstance.py:1569} INFO - Exporting the following env vars:
AIRFLOW_CTX_DAG_OWNER=airflow
AIRFLOW_CTX_DAG_ID=ingest_data
AIRFLOW_CTX_TASK_ID=get_data_to_ingest_from_local_file_task
AIRFLOW_CTX_EXECUTION_DATE=2022-06-12T07:06:00+00:00
AIRFLOW_CTX_TRY_NUMBER=1
AIRFLOW_CTX_DAG_RUN_ID=scheduled__2022-06-12T07:06:00+00:00
[2022-06-12 17:39:18,939] {python.py:173} INFO - Done. Returned value was:           AT      V       AP     RH      PE
38900  19.21  60.07  1014.94  70.02  452.84
41770  17.10  49.69  1005.53  81.82  457.32
33955   6.50  38.50  1013.92  90.10  486.78
1847    7.69  36.24  1013.08  88.37  482.46
39762   6.69  43.65  1020.14  69.55  482.57
[2022-06-12 17:39:19,100] {taskinstance.py:1395} INFO - Marking task as SUCCESS. dag_id=ingest_data, task_id=get_data_to_ingest_from_local_file_task, execution_date=20220612T070600, start_date=20220612T153918, end_date=20220612T153919
[2022-06-12 17:39:19,177] {local_task_job.py:156} INFO - Task exited with return code 0
[2022-06-12 17:39:19,407] {local_task_job.py:273} INFO - 1 downstream tasks scheduled from follow-on schedule check
