[2022-06-12 17:50:17,671] {taskinstance.py:1159} INFO - Dependencies all met for <TaskInstance: ingest_data.get_data_to_ingest_from_local_file_task scheduled__2022-06-12T08:15:00+00:00 [queued]>
[2022-06-12 17:50:17,702] {taskinstance.py:1159} INFO - Dependencies all met for <TaskInstance: ingest_data.get_data_to_ingest_from_local_file_task scheduled__2022-06-12T08:15:00+00:00 [queued]>
[2022-06-12 17:50:17,703] {taskinstance.py:1356} INFO - 
--------------------------------------------------------------------------------
[2022-06-12 17:50:17,703] {taskinstance.py:1357} INFO - Starting attempt 1 of 1
[2022-06-12 17:50:17,704] {taskinstance.py:1358} INFO - 
--------------------------------------------------------------------------------
[2022-06-12 17:50:17,762] {taskinstance.py:1377} INFO - Executing <Task(_PythonDecoratedOperator): get_data_to_ingest_from_local_file_task> on 2022-06-12 08:15:00+00:00
[2022-06-12 17:50:17,769] {standard_task_runner.py:52} INFO - Started process 11086 to run task
[2022-06-12 17:50:17,776] {standard_task_runner.py:79} INFO - Running: ['airflow', 'tasks', 'run', 'ingest_data', 'get_data_to_ingest_from_local_file_task', 'scheduled__2022-06-12T08:15:00+00:00', '--job-id', '1383', '--raw', '--subdir', 'DAGS_FOLDER/ingestion_dag.py', '--cfg-path', '/tmp/tmpzmrfuprg', '--error-file', '/tmp/tmpu8x9ttqo']
[2022-06-12 17:50:17,778] {standard_task_runner.py:80} INFO - Job 1383: Subtask get_data_to_ingest_from_local_file_task
[2022-06-12 17:50:17,935] {task_command.py:370} INFO - Running <TaskInstance: ingest_data.get_data_to_ingest_from_local_file_task scheduled__2022-06-12T08:15:00+00:00 [running]> on host DESKTOP-GDPK8BL.localdomain
[2022-06-12 17:50:18,403] {taskinstance.py:1569} INFO - Exporting the following env vars:
AIRFLOW_CTX_DAG_OWNER=airflow
AIRFLOW_CTX_DAG_ID=ingest_data
AIRFLOW_CTX_TASK_ID=get_data_to_ingest_from_local_file_task
AIRFLOW_CTX_EXECUTION_DATE=2022-06-12T08:15:00+00:00
AIRFLOW_CTX_TRY_NUMBER=1
AIRFLOW_CTX_DAG_RUN_ID=scheduled__2022-06-12T08:15:00+00:00
[2022-06-12 17:50:18,478] {python.py:173} INFO - Done. Returned value was:           AT      V       AP     RH      PE
3813   31.41  74.16  1011.10  57.05  434.88
36301  15.55  39.63  1004.98  89.82  466.83
29702   5.21  35.79  1012.44  94.35  485.17
19384  27.21  64.05  1010.08  76.69  442.37
14596  12.69  40.75  1016.05  82.92  472.68
[2022-06-12 17:50:18,652] {taskinstance.py:1395} INFO - Marking task as SUCCESS. dag_id=ingest_data, task_id=get_data_to_ingest_from_local_file_task, execution_date=20220612T081500, start_date=20220612T155017, end_date=20220612T155018
[2022-06-12 17:50:18,756] {local_task_job.py:156} INFO - Task exited with return code 0
[2022-06-12 17:50:18,981] {local_task_job.py:273} INFO - 1 downstream tasks scheduled from follow-on schedule check
