[2022-06-12 16:33:53,434] {taskinstance.py:1159} INFO - Dependencies all met for <TaskInstance: ingest_data.get_data_to_ingest_from_local_file_task scheduled__2022-06-12T00:43:00+00:00 [queued]>
[2022-06-12 16:33:53,460] {taskinstance.py:1159} INFO - Dependencies all met for <TaskInstance: ingest_data.get_data_to_ingest_from_local_file_task scheduled__2022-06-12T00:43:00+00:00 [queued]>
[2022-06-12 16:33:53,460] {taskinstance.py:1356} INFO - 
--------------------------------------------------------------------------------
[2022-06-12 16:33:53,461] {taskinstance.py:1357} INFO - Starting attempt 1 of 1
[2022-06-12 16:33:53,462] {taskinstance.py:1358} INFO - 
--------------------------------------------------------------------------------
[2022-06-12 16:33:53,514] {taskinstance.py:1377} INFO - Executing <Task(_PythonDecoratedOperator): get_data_to_ingest_from_local_file_task> on 2022-06-12 00:43:00+00:00
[2022-06-12 16:33:53,519] {standard_task_runner.py:52} INFO - Started process 4379 to run task
[2022-06-12 16:33:53,526] {standard_task_runner.py:79} INFO - Running: ['airflow', 'tasks', 'run', 'ingest_data', 'get_data_to_ingest_from_local_file_task', 'scheduled__2022-06-12T00:43:00+00:00', '--job-id', '479', '--raw', '--subdir', 'DAGS_FOLDER/ingestion_dag.py', '--cfg-path', '/tmp/tmp9y6msgag', '--error-file', '/tmp/tmpelf7pjqi']
[2022-06-12 16:33:53,527] {standard_task_runner.py:80} INFO - Job 479: Subtask get_data_to_ingest_from_local_file_task
[2022-06-12 16:33:53,667] {task_command.py:370} INFO - Running <TaskInstance: ingest_data.get_data_to_ingest_from_local_file_task scheduled__2022-06-12T00:43:00+00:00 [running]> on host DESKTOP-GDPK8BL.localdomain
[2022-06-12 16:33:54,028] {taskinstance.py:1569} INFO - Exporting the following env vars:
AIRFLOW_CTX_DAG_OWNER=airflow
AIRFLOW_CTX_DAG_ID=ingest_data
AIRFLOW_CTX_TASK_ID=get_data_to_ingest_from_local_file_task
AIRFLOW_CTX_EXECUTION_DATE=2022-06-12T00:43:00+00:00
AIRFLOW_CTX_TRY_NUMBER=1
AIRFLOW_CTX_DAG_RUN_ID=scheduled__2022-06-12T00:43:00+00:00
[2022-06-12 16:33:54,102] {python.py:173} INFO - Done. Returned value was:           AT      V       AP     RH      PE
34526  30.85  68.94  1007.31  68.99  426.10
29923  20.54  68.12  1012.23  81.06  440.28
47472   5.76  40.07  1013.22  62.99  494.67
6280   15.72  56.89  1013.35  85.06  456.33
25551  16.38  45.64  1020.47  89.28  462.58
[2022-06-12 16:33:54,229] {taskinstance.py:1395} INFO - Marking task as SUCCESS. dag_id=ingest_data, task_id=get_data_to_ingest_from_local_file_task, execution_date=20220612T004300, start_date=20220612T143353, end_date=20220612T143354
[2022-06-12 16:33:54,304] {local_task_job.py:156} INFO - Task exited with return code 0
[2022-06-12 16:33:54,508] {local_task_job.py:273} INFO - 1 downstream tasks scheduled from follow-on schedule check
