[2022-06-12 16:42:57,801] {taskinstance.py:1159} INFO - Dependencies all met for <TaskInstance: ingest_data.get_data_to_ingest_from_local_file_task scheduled__2022-06-12T01:32:00+00:00 [queued]>
[2022-06-12 16:42:57,831] {taskinstance.py:1159} INFO - Dependencies all met for <TaskInstance: ingest_data.get_data_to_ingest_from_local_file_task scheduled__2022-06-12T01:32:00+00:00 [queued]>
[2022-06-12 16:42:57,832] {taskinstance.py:1356} INFO - 
--------------------------------------------------------------------------------
[2022-06-12 16:42:57,832] {taskinstance.py:1357} INFO - Starting attempt 1 of 1
[2022-06-12 16:42:57,833] {taskinstance.py:1358} INFO - 
--------------------------------------------------------------------------------
[2022-06-12 16:42:57,899] {taskinstance.py:1377} INFO - Executing <Task(_PythonDecoratedOperator): get_data_to_ingest_from_local_file_task> on 2022-06-12 01:32:00+00:00
[2022-06-12 16:42:57,907] {standard_task_runner.py:52} INFO - Started process 5119 to run task
[2022-06-12 16:42:57,913] {standard_task_runner.py:79} INFO - Running: ['airflow', 'tasks', 'run', 'ingest_data', 'get_data_to_ingest_from_local_file_task', 'scheduled__2022-06-12T01:32:00+00:00', '--job-id', '578', '--raw', '--subdir', 'DAGS_FOLDER/ingestion_dag.py', '--cfg-path', '/tmp/tmpv_j8vben', '--error-file', '/tmp/tmpt5m426m9']
[2022-06-12 16:42:57,915] {standard_task_runner.py:80} INFO - Job 578: Subtask get_data_to_ingest_from_local_file_task
[2022-06-12 16:42:58,055] {task_command.py:370} INFO - Running <TaskInstance: ingest_data.get_data_to_ingest_from_local_file_task scheduled__2022-06-12T01:32:00+00:00 [running]> on host DESKTOP-GDPK8BL.localdomain
[2022-06-12 16:42:58,385] {taskinstance.py:1569} INFO - Exporting the following env vars:
AIRFLOW_CTX_DAG_OWNER=airflow
AIRFLOW_CTX_DAG_ID=ingest_data
AIRFLOW_CTX_TASK_ID=get_data_to_ingest_from_local_file_task
AIRFLOW_CTX_EXECUTION_DATE=2022-06-12T01:32:00+00:00
AIRFLOW_CTX_TRY_NUMBER=1
AIRFLOW_CTX_DAG_RUN_ID=scheduled__2022-06-12T01:32:00+00:00
[2022-06-12 16:42:58,461] {python.py:173} INFO - Done. Returned value was:           AT      V       AP     RH      PE
10864  23.13  71.25  1002.49  94.59  431.91
22664  27.09  59.15  1013.02  55.18  438.90
23329  22.02  46.93  1014.32  55.92  451.92
21018  21.77  42.23  1013.03  67.44  462.51
33930  11.70  43.41  1016.08  62.27  467.51
[2022-06-12 16:42:58,578] {taskinstance.py:1395} INFO - Marking task as SUCCESS. dag_id=ingest_data, task_id=get_data_to_ingest_from_local_file_task, execution_date=20220612T013200, start_date=20220612T144257, end_date=20220612T144258
[2022-06-12 16:42:58,651] {local_task_job.py:156} INFO - Task exited with return code 0
[2022-06-12 16:42:58,857] {local_task_job.py:273} INFO - 1 downstream tasks scheduled from follow-on schedule check
