[2022-06-12 16:27:52,527] {taskinstance.py:1159} INFO - Dependencies all met for <TaskInstance: ingest_data.get_data_to_ingest_from_local_file_task scheduled__2022-06-12T00:05:00+00:00 [queued]>
[2022-06-12 16:27:52,557] {taskinstance.py:1159} INFO - Dependencies all met for <TaskInstance: ingest_data.get_data_to_ingest_from_local_file_task scheduled__2022-06-12T00:05:00+00:00 [queued]>
[2022-06-12 16:27:52,558] {taskinstance.py:1356} INFO - 
--------------------------------------------------------------------------------
[2022-06-12 16:27:52,558] {taskinstance.py:1357} INFO - Starting attempt 1 of 1
[2022-06-12 16:27:52,559] {taskinstance.py:1358} INFO - 
--------------------------------------------------------------------------------
[2022-06-12 16:27:52,624] {taskinstance.py:1377} INFO - Executing <Task(_PythonDecoratedOperator): get_data_to_ingest_from_local_file_task> on 2022-06-12 00:05:00+00:00
[2022-06-12 16:27:52,636] {standard_task_runner.py:52} INFO - Started process 3824 to run task
[2022-06-12 16:27:52,640] {standard_task_runner.py:79} INFO - Running: ['airflow', 'tasks', 'run', 'ingest_data', 'get_data_to_ingest_from_local_file_task', 'scheduled__2022-06-12T00:05:00+00:00', '--job-id', '404', '--raw', '--subdir', 'DAGS_FOLDER/ingestion_dag.py', '--cfg-path', '/tmp/tmpusj1m2v3', '--error-file', '/tmp/tmpy74qn8ex']
[2022-06-12 16:27:52,643] {standard_task_runner.py:80} INFO - Job 404: Subtask get_data_to_ingest_from_local_file_task
[2022-06-12 16:27:52,837] {task_command.py:370} INFO - Running <TaskInstance: ingest_data.get_data_to_ingest_from_local_file_task scheduled__2022-06-12T00:05:00+00:00 [running]> on host DESKTOP-GDPK8BL.localdomain
[2022-06-12 16:27:53,240] {taskinstance.py:1569} INFO - Exporting the following env vars:
AIRFLOW_CTX_DAG_OWNER=airflow
AIRFLOW_CTX_DAG_ID=ingest_data
AIRFLOW_CTX_TASK_ID=get_data_to_ingest_from_local_file_task
AIRFLOW_CTX_EXECUTION_DATE=2022-06-12T00:05:00+00:00
AIRFLOW_CTX_TRY_NUMBER=1
AIRFLOW_CTX_DAG_RUN_ID=scheduled__2022-06-12T00:05:00+00:00
[2022-06-12 16:27:53,314] {python.py:173} INFO - Done. Returned value was:           AT      V       AP     RH      PE
32241   9.00  36.30  1027.11  75.89  480.31
36949   9.45  41.92  1029.32  91.09  467.79
47411  13.98  40.71  1022.72  71.83  474.46
34090  12.53  43.56  1014.80  74.05  469.23
43566  23.09  69.13  1010.93  90.07  436.67
[2022-06-12 16:27:53,437] {taskinstance.py:1395} INFO - Marking task as SUCCESS. dag_id=ingest_data, task_id=get_data_to_ingest_from_local_file_task, execution_date=20220612T000500, start_date=20220612T142752, end_date=20220612T142753
[2022-06-12 16:27:53,544] {local_task_job.py:156} INFO - Task exited with return code 0
[2022-06-12 16:27:53,749] {local_task_job.py:273} INFO - 1 downstream tasks scheduled from follow-on schedule check
