[2022-06-12 17:03:25,424] {taskinstance.py:1159} INFO - Dependencies all met for <TaskInstance: ingest_data.get_data_to_ingest_from_local_file_task scheduled__2022-06-12T03:30:00+00:00 [queued]>
[2022-06-12 17:03:25,457] {taskinstance.py:1159} INFO - Dependencies all met for <TaskInstance: ingest_data.get_data_to_ingest_from_local_file_task scheduled__2022-06-12T03:30:00+00:00 [queued]>
[2022-06-12 17:03:25,458] {taskinstance.py:1356} INFO - 
--------------------------------------------------------------------------------
[2022-06-12 17:03:25,458] {taskinstance.py:1357} INFO - Starting attempt 1 of 1
[2022-06-12 17:03:25,459] {taskinstance.py:1358} INFO - 
--------------------------------------------------------------------------------
[2022-06-12 17:03:25,534] {taskinstance.py:1377} INFO - Executing <Task(_PythonDecoratedOperator): get_data_to_ingest_from_local_file_task> on 2022-06-12 03:30:00+00:00
[2022-06-12 17:03:25,541] {standard_task_runner.py:52} INFO - Started process 6866 to run task
[2022-06-12 17:03:25,548] {standard_task_runner.py:79} INFO - Running: ['airflow', 'tasks', 'run', 'ingest_data', 'get_data_to_ingest_from_local_file_task', 'scheduled__2022-06-12T03:30:00+00:00', '--job-id', '813', '--raw', '--subdir', 'DAGS_FOLDER/ingestion_dag.py', '--cfg-path', '/tmp/tmpcbhe29eu', '--error-file', '/tmp/tmpmufymatl']
[2022-06-12 17:03:25,549] {standard_task_runner.py:80} INFO - Job 813: Subtask get_data_to_ingest_from_local_file_task
[2022-06-12 17:03:25,679] {task_command.py:370} INFO - Running <TaskInstance: ingest_data.get_data_to_ingest_from_local_file_task scheduled__2022-06-12T03:30:00+00:00 [running]> on host DESKTOP-GDPK8BL.localdomain
[2022-06-12 17:03:26,027] {taskinstance.py:1569} INFO - Exporting the following env vars:
AIRFLOW_CTX_DAG_OWNER=airflow
AIRFLOW_CTX_DAG_ID=ingest_data
AIRFLOW_CTX_TASK_ID=get_data_to_ingest_from_local_file_task
AIRFLOW_CTX_EXECUTION_DATE=2022-06-12T03:30:00+00:00
AIRFLOW_CTX_TRY_NUMBER=1
AIRFLOW_CTX_DAG_RUN_ID=scheduled__2022-06-12T03:30:00+00:00
[2022-06-12 17:03:26,100] {python.py:173} INFO - Done. Returned value was:           AT      V       AP     RH      PE
19525  27.61  69.68  1012.79  77.01  438.31
36931  21.17  58.46  1017.71  83.98  446.66
12912  21.85  69.94  1010.89  79.40  443.00
7441   12.88  44.71  1018.73  51.95  469.12
44425  26.12  63.94  1017.97  44.81  441.46
[2022-06-12 17:03:26,223] {taskinstance.py:1395} INFO - Marking task as SUCCESS. dag_id=ingest_data, task_id=get_data_to_ingest_from_local_file_task, execution_date=20220612T033000, start_date=20220612T150325, end_date=20220612T150326
[2022-06-12 17:03:26,327] {local_task_job.py:156} INFO - Task exited with return code 0
[2022-06-12 17:03:26,558] {local_task_job.py:273} INFO - 1 downstream tasks scheduled from follow-on schedule check
