[2022-06-12 16:48:33,564] {taskinstance.py:1159} INFO - Dependencies all met for <TaskInstance: ingest_data.get_data_to_ingest_from_local_file_task scheduled__2022-06-12T02:04:00+00:00 [queued]>
[2022-06-12 16:48:33,606] {taskinstance.py:1159} INFO - Dependencies all met for <TaskInstance: ingest_data.get_data_to_ingest_from_local_file_task scheduled__2022-06-12T02:04:00+00:00 [queued]>
[2022-06-12 16:48:33,606] {taskinstance.py:1356} INFO - 
--------------------------------------------------------------------------------
[2022-06-12 16:48:33,607] {taskinstance.py:1357} INFO - Starting attempt 1 of 1
[2022-06-12 16:48:33,608] {taskinstance.py:1358} INFO - 
--------------------------------------------------------------------------------
[2022-06-12 16:48:33,670] {taskinstance.py:1377} INFO - Executing <Task(_PythonDecoratedOperator): get_data_to_ingest_from_local_file_task> on 2022-06-12 02:04:00+00:00
[2022-06-12 16:48:33,676] {standard_task_runner.py:52} INFO - Started process 5589 to run task
[2022-06-12 16:48:33,681] {standard_task_runner.py:79} INFO - Running: ['airflow', 'tasks', 'run', 'ingest_data', 'get_data_to_ingest_from_local_file_task', 'scheduled__2022-06-12T02:04:00+00:00', '--job-id', '641', '--raw', '--subdir', 'DAGS_FOLDER/ingestion_dag.py', '--cfg-path', '/tmp/tmpyqhba64m', '--error-file', '/tmp/tmp0z15pnqn']
[2022-06-12 16:48:33,683] {standard_task_runner.py:80} INFO - Job 641: Subtask get_data_to_ingest_from_local_file_task
[2022-06-12 16:48:33,830] {task_command.py:370} INFO - Running <TaskInstance: ingest_data.get_data_to_ingest_from_local_file_task scheduled__2022-06-12T02:04:00+00:00 [running]> on host DESKTOP-GDPK8BL.localdomain
[2022-06-12 16:48:34,246] {taskinstance.py:1569} INFO - Exporting the following env vars:
AIRFLOW_CTX_DAG_OWNER=airflow
AIRFLOW_CTX_DAG_ID=ingest_data
AIRFLOW_CTX_TASK_ID=get_data_to_ingest_from_local_file_task
AIRFLOW_CTX_EXECUTION_DATE=2022-06-12T02:04:00+00:00
AIRFLOW_CTX_TRY_NUMBER=1
AIRFLOW_CTX_DAG_RUN_ID=scheduled__2022-06-12T02:04:00+00:00
[2022-06-12 16:48:34,318] {python.py:173} INFO - Done. Returned value was:           AT      V       AP     RH      PE
1311   25.96  68.08  1011.34  71.57  432.82
45923   6.54  39.33  1011.54  93.69  491.16
18212  16.37  54.30  1017.94  63.63  459.97
12830  29.08  66.54  1004.67  64.50  430.16
29277  28.39  65.51  1014.52  66.48  438.78
[2022-06-12 16:48:34,456] {taskinstance.py:1395} INFO - Marking task as SUCCESS. dag_id=ingest_data, task_id=get_data_to_ingest_from_local_file_task, execution_date=20220612T020400, start_date=20220612T144833, end_date=20220612T144834
[2022-06-12 16:48:34,540] {local_task_job.py:156} INFO - Task exited with return code 0
[2022-06-12 16:48:34,765] {local_task_job.py:273} INFO - 1 downstream tasks scheduled from follow-on schedule check
