[2022-06-12 17:14:37,612] {taskinstance.py:1159} INFO - Dependencies all met for <TaskInstance: ingest_data.get_data_to_ingest_from_local_file_task scheduled__2022-06-12T04:32:00+00:00 [queued]>
[2022-06-12 17:14:37,645] {taskinstance.py:1159} INFO - Dependencies all met for <TaskInstance: ingest_data.get_data_to_ingest_from_local_file_task scheduled__2022-06-12T04:32:00+00:00 [queued]>
[2022-06-12 17:14:37,645] {taskinstance.py:1356} INFO - 
--------------------------------------------------------------------------------
[2022-06-12 17:14:37,646] {taskinstance.py:1357} INFO - Starting attempt 1 of 1
[2022-06-12 17:14:37,647] {taskinstance.py:1358} INFO - 
--------------------------------------------------------------------------------
[2022-06-12 17:14:37,711] {taskinstance.py:1377} INFO - Executing <Task(_PythonDecoratedOperator): get_data_to_ingest_from_local_file_task> on 2022-06-12 04:32:00+00:00
[2022-06-12 17:14:37,716] {standard_task_runner.py:52} INFO - Started process 7788 to run task
[2022-06-12 17:14:37,722] {standard_task_runner.py:79} INFO - Running: ['airflow', 'tasks', 'run', 'ingest_data', 'get_data_to_ingest_from_local_file_task', 'scheduled__2022-06-12T04:32:00+00:00', '--job-id', '937', '--raw', '--subdir', 'DAGS_FOLDER/ingestion_dag.py', '--cfg-path', '/tmp/tmp5_t3167_', '--error-file', '/tmp/tmpqescx2e0']
[2022-06-12 17:14:37,723] {standard_task_runner.py:80} INFO - Job 937: Subtask get_data_to_ingest_from_local_file_task
[2022-06-12 17:14:37,884] {task_command.py:370} INFO - Running <TaskInstance: ingest_data.get_data_to_ingest_from_local_file_task scheduled__2022-06-12T04:32:00+00:00 [running]> on host DESKTOP-GDPK8BL.localdomain
[2022-06-12 17:14:38,283] {taskinstance.py:1569} INFO - Exporting the following env vars:
AIRFLOW_CTX_DAG_OWNER=airflow
AIRFLOW_CTX_DAG_ID=ingest_data
AIRFLOW_CTX_TASK_ID=get_data_to_ingest_from_local_file_task
AIRFLOW_CTX_EXECUTION_DATE=2022-06-12T04:32:00+00:00
AIRFLOW_CTX_TRY_NUMBER=1
AIRFLOW_CTX_DAG_RUN_ID=scheduled__2022-06-12T04:32:00+00:00
[2022-06-12 17:14:38,360] {python.py:173} INFO - Done. Returned value was:           AT      V       AP     RH      PE
22521  31.79  76.20  1007.89  56.30  434.01
15392  28.71  70.32  1011.78  76.53  435.95
36135  21.39  52.30  1009.20  79.77  446.87
4497   18.27  51.43  1010.38  88.39  460.41
38573   7.99  41.38  1021.95  78.77  487.57
[2022-06-12 17:14:38,512] {taskinstance.py:1395} INFO - Marking task as SUCCESS. dag_id=ingest_data, task_id=get_data_to_ingest_from_local_file_task, execution_date=20220612T043200, start_date=20220612T151437, end_date=20220612T151438
[2022-06-12 17:14:38,580] {local_task_job.py:156} INFO - Task exited with return code 0
[2022-06-12 17:14:38,787] {local_task_job.py:273} INFO - 1 downstream tasks scheduled from follow-on schedule check
