[2022-06-12 16:14:29,317] {taskinstance.py:1159} INFO - Dependencies all met for <TaskInstance: ingest_data.get_data_to_ingest_from_local_file_task scheduled__2022-06-11T22:47:00+00:00 [queued]>
[2022-06-12 16:14:29,348] {taskinstance.py:1159} INFO - Dependencies all met for <TaskInstance: ingest_data.get_data_to_ingest_from_local_file_task scheduled__2022-06-11T22:47:00+00:00 [queued]>
[2022-06-12 16:14:29,348] {taskinstance.py:1356} INFO - 
--------------------------------------------------------------------------------
[2022-06-12 16:14:29,349] {taskinstance.py:1357} INFO - Starting attempt 1 of 1
[2022-06-12 16:14:29,350] {taskinstance.py:1358} INFO - 
--------------------------------------------------------------------------------
[2022-06-12 16:14:29,419] {taskinstance.py:1377} INFO - Executing <Task(_PythonDecoratedOperator): get_data_to_ingest_from_local_file_task> on 2022-06-11 22:47:00+00:00
[2022-06-12 16:14:29,426] {standard_task_runner.py:52} INFO - Started process 2563 to run task
[2022-06-12 16:14:29,443] {standard_task_runner.py:79} INFO - Running: ['airflow', 'tasks', 'run', 'ingest_data', 'get_data_to_ingest_from_local_file_task', 'scheduled__2022-06-11T22:47:00+00:00', '--job-id', '248', '--raw', '--subdir', 'DAGS_FOLDER/ingestion_dag.py', '--cfg-path', '/tmp/tmplrjhcrns', '--error-file', '/tmp/tmp71u9fzoa']
[2022-06-12 16:14:29,447] {standard_task_runner.py:80} INFO - Job 248: Subtask get_data_to_ingest_from_local_file_task
[2022-06-12 16:14:29,594] {task_command.py:370} INFO - Running <TaskInstance: ingest_data.get_data_to_ingest_from_local_file_task scheduled__2022-06-11T22:47:00+00:00 [running]> on host DESKTOP-GDPK8BL.localdomain
[2022-06-12 16:14:29,937] {taskinstance.py:1569} INFO - Exporting the following env vars:
AIRFLOW_CTX_DAG_OWNER=airflow
AIRFLOW_CTX_DAG_ID=ingest_data
AIRFLOW_CTX_TASK_ID=get_data_to_ingest_from_local_file_task
AIRFLOW_CTX_EXECUTION_DATE=2022-06-11T22:47:00+00:00
AIRFLOW_CTX_TRY_NUMBER=1
AIRFLOW_CTX_DAG_RUN_ID=scheduled__2022-06-11T22:47:00+00:00
[2022-06-12 16:14:30,003] {python.py:173} INFO - Done. Returned value was:           AT      V       AP     RH      PE
16983  17.16  53.16  1013.20  82.85  456.93
7431   28.73  50.05  1005.79  52.40  436.35
47006  26.45  47.43  1008.87  53.25  442.12
31449  25.42  73.17  1012.29  85.86  437.06
47204  32.02  67.83  1007.77  53.31  426.55
[2022-06-12 16:14:30,117] {taskinstance.py:1395} INFO - Marking task as SUCCESS. dag_id=ingest_data, task_id=get_data_to_ingest_from_local_file_task, execution_date=20220611T224700, start_date=20220612T141429, end_date=20220612T141430
[2022-06-12 16:14:30,180] {local_task_job.py:156} INFO - Task exited with return code 0
[2022-06-12 16:14:30,399] {local_task_job.py:273} INFO - 1 downstream tasks scheduled from follow-on schedule check
