[2022-06-13 13:48:53,390] {taskinstance.py:1159} INFO - Dependencies all met for <TaskInstance: loan_pred.get_data_to_ingest_from_local_file_task scheduled__2022-06-12T21:01:00+00:00 [queued]>
[2022-06-13 13:48:53,415] {taskinstance.py:1159} INFO - Dependencies all met for <TaskInstance: loan_pred.get_data_to_ingest_from_local_file_task scheduled__2022-06-12T21:01:00+00:00 [queued]>
[2022-06-13 13:48:53,416] {taskinstance.py:1356} INFO - 
--------------------------------------------------------------------------------
[2022-06-13 13:48:53,416] {taskinstance.py:1357} INFO - Starting attempt 1 of 1
[2022-06-13 13:48:53,417] {taskinstance.py:1358} INFO - 
--------------------------------------------------------------------------------
[2022-06-13 13:48:53,476] {taskinstance.py:1377} INFO - Executing <Task(_PythonDecoratedOperator): get_data_to_ingest_from_local_file_task> on 2022-06-12 21:01:00+00:00
[2022-06-13 13:48:53,481] {standard_task_runner.py:52} INFO - Started process 439 to run task
[2022-06-13 13:48:53,486] {standard_task_runner.py:79} INFO - Running: ['airflow', 'tasks', 'run', 'loan_pred', 'get_data_to_ingest_from_local_file_task', 'scheduled__2022-06-12T21:01:00+00:00', '--job-id', '1557', '--raw', '--subdir', 'DAGS_FOLDER/loan_pred.py', '--cfg-path', '/tmp/tmpgs5comov', '--error-file', '/tmp/tmpul5y2nba']
[2022-06-13 13:48:53,488] {standard_task_runner.py:80} INFO - Job 1557: Subtask get_data_to_ingest_from_local_file_task
[2022-06-13 13:48:53,605] {task_command.py:370} INFO - Running <TaskInstance: loan_pred.get_data_to_ingest_from_local_file_task scheduled__2022-06-12T21:01:00+00:00 [running]> on host DESKTOP-GDPK8BL.localdomain
[2022-06-13 13:48:54,009] {taskinstance.py:1569} INFO - Exporting the following env vars:
AIRFLOW_CTX_DAG_OWNER=airflow
AIRFLOW_CTX_DAG_ID=loan_pred
AIRFLOW_CTX_TASK_ID=get_data_to_ingest_from_local_file_task
AIRFLOW_CTX_EXECUTION_DATE=2022-06-12T21:01:00+00:00
AIRFLOW_CTX_TRY_NUMBER=1
AIRFLOW_CTX_DAG_RUN_ID=scheduled__2022-06-12T21:01:00+00:00
[2022-06-13 13:48:54,031] {python.py:173} INFO - Done. Returned value was:       Loan_ID Gender Married Dependents  ... LoanAmount Loan_Amount_Term  Credit_History  Property_Area
151  LP001831   Male     Yes          0  ...      113.0            360.0             1.0          Urban
355  LP002932   Male     Yes         3+  ...      197.0            360.0             1.0          Urban
176  LP002007   Male     Yes          2  ...      131.0            360.0             1.0          Urban
156  LP001862   Male     Yes          2  ...      214.0            360.0             1.0          Urban
93   LP001490   Male     Yes          2  ...      100.0            360.0             1.0      Semiurban

[5 rows x 12 columns]
[2022-06-13 13:48:54,235] {taskinstance.py:1395} INFO - Marking task as SUCCESS. dag_id=loan_pred, task_id=get_data_to_ingest_from_local_file_task, execution_date=20220612T210100, start_date=20220613T114853, end_date=20220613T114854
[2022-06-13 13:48:54,344] {local_task_job.py:156} INFO - Task exited with return code 0
[2022-06-13 13:48:54,551] {local_task_job.py:273} INFO - 1 downstream tasks scheduled from follow-on schedule check
