[2022-06-12 16:54:13,957] {taskinstance.py:1159} INFO - Dependencies all met for <TaskInstance: ingest_data.get_data_to_ingest_from_local_file_task scheduled__2022-06-12T02:37:00+00:00 [queued]>
[2022-06-12 16:54:13,992] {taskinstance.py:1159} INFO - Dependencies all met for <TaskInstance: ingest_data.get_data_to_ingest_from_local_file_task scheduled__2022-06-12T02:37:00+00:00 [queued]>
[2022-06-12 16:54:13,992] {taskinstance.py:1356} INFO - 
--------------------------------------------------------------------------------
[2022-06-12 16:54:13,993] {taskinstance.py:1357} INFO - Starting attempt 1 of 1
[2022-06-12 16:54:13,994] {taskinstance.py:1358} INFO - 
--------------------------------------------------------------------------------
[2022-06-12 16:54:14,076] {taskinstance.py:1377} INFO - Executing <Task(_PythonDecoratedOperator): get_data_to_ingest_from_local_file_task> on 2022-06-12 02:37:00+00:00
[2022-06-12 16:54:14,082] {standard_task_runner.py:52} INFO - Started process 6076 to run task
[2022-06-12 16:54:14,088] {standard_task_runner.py:79} INFO - Running: ['airflow', 'tasks', 'run', 'ingest_data', 'get_data_to_ingest_from_local_file_task', 'scheduled__2022-06-12T02:37:00+00:00', '--job-id', '707', '--raw', '--subdir', 'DAGS_FOLDER/ingestion_dag.py', '--cfg-path', '/tmp/tmpyfk0jtjl', '--error-file', '/tmp/tmpce_9hgkr']
[2022-06-12 16:54:14,089] {standard_task_runner.py:80} INFO - Job 707: Subtask get_data_to_ingest_from_local_file_task
[2022-06-12 16:54:14,226] {task_command.py:370} INFO - Running <TaskInstance: ingest_data.get_data_to_ingest_from_local_file_task scheduled__2022-06-12T02:37:00+00:00 [running]> on host DESKTOP-GDPK8BL.localdomain
[2022-06-12 16:54:14,646] {taskinstance.py:1569} INFO - Exporting the following env vars:
AIRFLOW_CTX_DAG_OWNER=airflow
AIRFLOW_CTX_DAG_ID=ingest_data
AIRFLOW_CTX_TASK_ID=get_data_to_ingest_from_local_file_task
AIRFLOW_CTX_EXECUTION_DATE=2022-06-12T02:37:00+00:00
AIRFLOW_CTX_TRY_NUMBER=1
AIRFLOW_CTX_DAG_RUN_ID=scheduled__2022-06-12T02:37:00+00:00
[2022-06-12 16:54:14,714] {python.py:173} INFO - Done. Returned value was:           AT      V       AP     RH      PE
30474  15.82  44.20  1018.96  66.73  460.20
23007  15.55  39.63  1004.98  89.82  466.83
13844  16.31  52.75  1024.40  55.69  456.58
38284  29.30  70.04  1010.95  61.23  426.25
36599  23.26  64.05  1012.96  88.31  442.75
[2022-06-12 16:54:14,833] {taskinstance.py:1395} INFO - Marking task as SUCCESS. dag_id=ingest_data, task_id=get_data_to_ingest_from_local_file_task, execution_date=20220612T023700, start_date=20220612T145413, end_date=20220612T145414
[2022-06-12 16:54:14,947] {local_task_job.py:156} INFO - Task exited with return code 0
[2022-06-12 16:54:15,198] {local_task_job.py:273} INFO - 1 downstream tasks scheduled from follow-on schedule check
