[2022-06-12 19:51:12,818] {taskinstance.py:1159} INFO - Dependencies all met for <TaskInstance: ingest_data.get_data_to_ingest_from_local_file_task scheduled__2022-06-12T09:23:00+00:00 [queued]>
[2022-06-12 19:51:12,863] {taskinstance.py:1159} INFO - Dependencies all met for <TaskInstance: ingest_data.get_data_to_ingest_from_local_file_task scheduled__2022-06-12T09:23:00+00:00 [queued]>
[2022-06-12 19:51:12,864] {taskinstance.py:1356} INFO - 
--------------------------------------------------------------------------------
[2022-06-12 19:51:12,864] {taskinstance.py:1357} INFO - Starting attempt 1 of 1
[2022-06-12 19:51:12,865] {taskinstance.py:1358} INFO - 
--------------------------------------------------------------------------------
[2022-06-12 19:51:12,920] {taskinstance.py:1377} INFO - Executing <Task(_PythonDecoratedOperator): get_data_to_ingest_from_local_file_task> on 2022-06-12 09:23:00+00:00
[2022-06-12 19:51:12,926] {standard_task_runner.py:52} INFO - Started process 12102 to run task
[2022-06-12 19:51:12,933] {standard_task_runner.py:79} INFO - Running: ['airflow', 'tasks', 'run', 'ingest_data', 'get_data_to_ingest_from_local_file_task', 'scheduled__2022-06-12T09:23:00+00:00', '--job-id', '1520', '--raw', '--subdir', 'DAGS_FOLDER/ingestion_dag.py', '--cfg-path', '/tmp/tmpd9a98c3g', '--error-file', '/tmp/tmp493f1xzl']
[2022-06-12 19:51:12,934] {standard_task_runner.py:80} INFO - Job 1520: Subtask get_data_to_ingest_from_local_file_task
[2022-06-12 19:51:13,075] {task_command.py:370} INFO - Running <TaskInstance: ingest_data.get_data_to_ingest_from_local_file_task scheduled__2022-06-12T09:23:00+00:00 [running]> on host DESKTOP-GDPK8BL.localdomain
[2022-06-12 19:51:13,553] {taskinstance.py:1569} INFO - Exporting the following env vars:
AIRFLOW_CTX_DAG_OWNER=airflow
AIRFLOW_CTX_DAG_ID=ingest_data
AIRFLOW_CTX_TASK_ID=get_data_to_ingest_from_local_file_task
AIRFLOW_CTX_EXECUTION_DATE=2022-06-12T09:23:00+00:00
AIRFLOW_CTX_TRY_NUMBER=1
AIRFLOW_CTX_DAG_RUN_ID=scheduled__2022-06-12T09:23:00+00:00
[2022-06-12 19:51:13,632] {python.py:173} INFO - Done. Returned value was:           AT      V       AP     RH      PE
29233  31.16  64.96  1001.71  44.85  425.82
15550  30.12  69.71  1009.10  52.02  435.85
21627  24.35  73.17  1012.20  85.88  435.66
32701  10.80  41.62  1012.84  93.84  462.84
28963  19.79  60.10  1010.47  84.04  452.41
[2022-06-12 19:51:13,822] {taskinstance.py:1395} INFO - Marking task as SUCCESS. dag_id=ingest_data, task_id=get_data_to_ingest_from_local_file_task, execution_date=20220612T092300, start_date=20220612T175112, end_date=20220612T175113
[2022-06-12 19:51:13,911] {local_task_job.py:156} INFO - Task exited with return code 0
[2022-06-12 19:51:14,117] {local_task_job.py:273} INFO - 1 downstream tasks scheduled from follow-on schedule check
