[2022-06-12 17:31:21,696] {taskinstance.py:1159} INFO - Dependencies all met for <TaskInstance: ingest_data.get_data_to_ingest_from_local_file_task scheduled__2022-06-12T06:15:00+00:00 [queued]>
[2022-06-12 17:31:21,730] {taskinstance.py:1159} INFO - Dependencies all met for <TaskInstance: ingest_data.get_data_to_ingest_from_local_file_task scheduled__2022-06-12T06:15:00+00:00 [queued]>
[2022-06-12 17:31:21,730] {taskinstance.py:1356} INFO - 
--------------------------------------------------------------------------------
[2022-06-12 17:31:21,731] {taskinstance.py:1357} INFO - Starting attempt 1 of 1
[2022-06-12 17:31:21,731] {taskinstance.py:1358} INFO - 
--------------------------------------------------------------------------------
[2022-06-12 17:31:21,803] {taskinstance.py:1377} INFO - Executing <Task(_PythonDecoratedOperator): get_data_to_ingest_from_local_file_task> on 2022-06-12 06:15:00+00:00
[2022-06-12 17:31:21,810] {standard_task_runner.py:52} INFO - Started process 9313 to run task
[2022-06-12 17:31:21,824] {standard_task_runner.py:79} INFO - Running: ['airflow', 'tasks', 'run', 'ingest_data', 'get_data_to_ingest_from_local_file_task', 'scheduled__2022-06-12T06:15:00+00:00', '--job-id', '1143', '--raw', '--subdir', 'DAGS_FOLDER/ingestion_dag.py', '--cfg-path', '/tmp/tmp_ec70ill', '--error-file', '/tmp/tmpr1ma3vgv']
[2022-06-12 17:31:21,826] {standard_task_runner.py:80} INFO - Job 1143: Subtask get_data_to_ingest_from_local_file_task
[2022-06-12 17:31:21,958] {task_command.py:370} INFO - Running <TaskInstance: ingest_data.get_data_to_ingest_from_local_file_task scheduled__2022-06-12T06:15:00+00:00 [running]> on host DESKTOP-GDPK8BL.localdomain
[2022-06-12 17:31:22,413] {taskinstance.py:1569} INFO - Exporting the following env vars:
AIRFLOW_CTX_DAG_OWNER=airflow
AIRFLOW_CTX_DAG_ID=ingest_data
AIRFLOW_CTX_TASK_ID=get_data_to_ingest_from_local_file_task
AIRFLOW_CTX_EXECUTION_DATE=2022-06-12T06:15:00+00:00
AIRFLOW_CTX_TRY_NUMBER=1
AIRFLOW_CTX_DAG_RUN_ID=scheduled__2022-06-12T06:15:00+00:00
[2022-06-12 17:31:22,483] {python.py:173} INFO - Done. Returned value was:           AT      V       AP     RH      PE
15788  23.09  69.71  1009.75  91.35  437.70
34974   9.26  40.11  1024.38  74.82  460.72
21994  21.11  41.67  1012.44  52.86  460.33
16492  22.80  69.23  1011.80  76.95  439.30
9841   25.65  69.23  1012.55  62.02  435.25
[2022-06-12 17:31:22,620] {taskinstance.py:1395} INFO - Marking task as SUCCESS. dag_id=ingest_data, task_id=get_data_to_ingest_from_local_file_task, execution_date=20220612T061500, start_date=20220612T153121, end_date=20220612T153122
[2022-06-12 17:31:22,724] {local_task_job.py:156} INFO - Task exited with return code 0
[2022-06-12 17:31:23,042] {local_task_job.py:273} INFO - 1 downstream tasks scheduled from follow-on schedule check
