[2022-06-12 17:14:47,800] {taskinstance.py:1159} INFO - Dependencies all met for <TaskInstance: ingest_data.get_data_to_ingest_from_local_file_task scheduled__2022-06-12T04:33:00+00:00 [queued]>
[2022-06-12 17:14:47,835] {taskinstance.py:1159} INFO - Dependencies all met for <TaskInstance: ingest_data.get_data_to_ingest_from_local_file_task scheduled__2022-06-12T04:33:00+00:00 [queued]>
[2022-06-12 17:14:47,835] {taskinstance.py:1356} INFO - 
--------------------------------------------------------------------------------
[2022-06-12 17:14:47,836] {taskinstance.py:1357} INFO - Starting attempt 1 of 1
[2022-06-12 17:14:47,836] {taskinstance.py:1358} INFO - 
--------------------------------------------------------------------------------
[2022-06-12 17:14:47,926] {taskinstance.py:1377} INFO - Executing <Task(_PythonDecoratedOperator): get_data_to_ingest_from_local_file_task> on 2022-06-12 04:33:00+00:00
[2022-06-12 17:14:47,932] {standard_task_runner.py:52} INFO - Started process 7804 to run task
[2022-06-12 17:14:47,938] {standard_task_runner.py:79} INFO - Running: ['airflow', 'tasks', 'run', 'ingest_data', 'get_data_to_ingest_from_local_file_task', 'scheduled__2022-06-12T04:33:00+00:00', '--job-id', '939', '--raw', '--subdir', 'DAGS_FOLDER/ingestion_dag.py', '--cfg-path', '/tmp/tmpq2tmhvm7', '--error-file', '/tmp/tmpj_xt94hw']
[2022-06-12 17:14:47,940] {standard_task_runner.py:80} INFO - Job 939: Subtask get_data_to_ingest_from_local_file_task
[2022-06-12 17:14:48,092] {task_command.py:370} INFO - Running <TaskInstance: ingest_data.get_data_to_ingest_from_local_file_task scheduled__2022-06-12T04:33:00+00:00 [running]> on host DESKTOP-GDPK8BL.localdomain
[2022-06-12 17:14:48,503] {taskinstance.py:1569} INFO - Exporting the following env vars:
AIRFLOW_CTX_DAG_OWNER=airflow
AIRFLOW_CTX_DAG_ID=ingest_data
AIRFLOW_CTX_TASK_ID=get_data_to_ingest_from_local_file_task
AIRFLOW_CTX_EXECUTION_DATE=2022-06-12T04:33:00+00:00
AIRFLOW_CTX_TRY_NUMBER=1
AIRFLOW_CTX_DAG_RUN_ID=scheduled__2022-06-12T04:33:00+00:00
[2022-06-12 17:14:48,572] {python.py:173} INFO - Done. Returned value was:           AT      V       AP     RH      PE
13645  12.31  37.73  1023.30  63.01  472.08
8772    6.33  39.33  1012.06  93.16  492.22
16546  13.49  44.63  1019.12  70.02  471.08
31055  30.58  68.84  1011.34  51.29  439.71
20098  25.42  75.60  1017.39  77.63  438.24
[2022-06-12 17:14:48,702] {taskinstance.py:1395} INFO - Marking task as SUCCESS. dag_id=ingest_data, task_id=get_data_to_ingest_from_local_file_task, execution_date=20220612T043300, start_date=20220612T151447, end_date=20220612T151448
[2022-06-12 17:14:48,796] {local_task_job.py:156} INFO - Task exited with return code 0
[2022-06-12 17:14:49,028] {local_task_job.py:273} INFO - 1 downstream tasks scheduled from follow-on schedule check
