[2022-06-12 16:04:37,050] {taskinstance.py:1159} INFO - Dependencies all met for <TaskInstance: ingest_data.get_data_to_ingest_from_local_file_task scheduled__2022-06-11T21:51:00+00:00 [queued]>
[2022-06-12 16:04:37,076] {taskinstance.py:1159} INFO - Dependencies all met for <TaskInstance: ingest_data.get_data_to_ingest_from_local_file_task scheduled__2022-06-11T21:51:00+00:00 [queued]>
[2022-06-12 16:04:37,076] {taskinstance.py:1356} INFO - 
--------------------------------------------------------------------------------
[2022-06-12 16:04:37,077] {taskinstance.py:1357} INFO - Starting attempt 1 of 1
[2022-06-12 16:04:37,078] {taskinstance.py:1358} INFO - 
--------------------------------------------------------------------------------
[2022-06-12 16:04:37,134] {taskinstance.py:1377} INFO - Executing <Task(_PythonDecoratedOperator): get_data_to_ingest_from_local_file_task> on 2022-06-11 21:51:00+00:00
[2022-06-12 16:04:37,142] {standard_task_runner.py:52} INFO - Started process 1611 to run task
[2022-06-12 16:04:37,153] {standard_task_runner.py:79} INFO - Running: ['airflow', 'tasks', 'run', 'ingest_data', 'get_data_to_ingest_from_local_file_task', 'scheduled__2022-06-11T21:51:00+00:00', '--job-id', '136', '--raw', '--subdir', 'DAGS_FOLDER/ingestion_dag.py', '--cfg-path', '/tmp/tmpg99huowb', '--error-file', '/tmp/tmpi5wrqw7c']
[2022-06-12 16:04:37,155] {standard_task_runner.py:80} INFO - Job 136: Subtask get_data_to_ingest_from_local_file_task
[2022-06-12 16:04:37,281] {task_command.py:370} INFO - Running <TaskInstance: ingest_data.get_data_to_ingest_from_local_file_task scheduled__2022-06-11T21:51:00+00:00 [running]> on host DESKTOP-GDPK8BL.localdomain
[2022-06-12 16:04:37,583] {taskinstance.py:1569} INFO - Exporting the following env vars:
AIRFLOW_CTX_DAG_OWNER=airflow
AIRFLOW_CTX_DAG_ID=ingest_data
AIRFLOW_CTX_TASK_ID=get_data_to_ingest_from_local_file_task
AIRFLOW_CTX_EXECUTION_DATE=2022-06-11T21:51:00+00:00
AIRFLOW_CTX_TRY_NUMBER=1
AIRFLOW_CTX_DAG_RUN_ID=scheduled__2022-06-11T21:51:00+00:00
[2022-06-12 16:04:37,649] {python.py:173} INFO - Done. Returned value was:           AT      V       AP     RH      PE
35528  12.78  44.60  1013.64  77.56  468.67
17984  17.37  41.23   998.79  68.44  461.08
37228   8.53  40.02  1031.27  85.57  476.73
45762  28.19  68.08  1013.41  43.93  436.43
44931  19.30  65.59  1014.07  81.98  452.76
[2022-06-12 16:04:37,747] {taskinstance.py:1395} INFO - Marking task as SUCCESS. dag_id=ingest_data, task_id=get_data_to_ingest_from_local_file_task, execution_date=20220611T215100, start_date=20220612T140437, end_date=20220612T140437
[2022-06-12 16:04:37,807] {local_task_job.py:156} INFO - Task exited with return code 0
[2022-06-12 16:04:38,021] {local_task_job.py:273} INFO - 1 downstream tasks scheduled from follow-on schedule check
