[2022-06-12 17:29:44,913] {taskinstance.py:1159} INFO - Dependencies all met for <TaskInstance: ingest_data.get_data_to_ingest_from_local_file_task scheduled__2022-06-12T06:04:00+00:00 [queued]>
[2022-06-12 17:29:44,947] {taskinstance.py:1159} INFO - Dependencies all met for <TaskInstance: ingest_data.get_data_to_ingest_from_local_file_task scheduled__2022-06-12T06:04:00+00:00 [queued]>
[2022-06-12 17:29:44,948] {taskinstance.py:1356} INFO - 
--------------------------------------------------------------------------------
[2022-06-12 17:29:44,948] {taskinstance.py:1357} INFO - Starting attempt 1 of 1
[2022-06-12 17:29:44,949] {taskinstance.py:1358} INFO - 
--------------------------------------------------------------------------------
[2022-06-12 17:29:45,017] {taskinstance.py:1377} INFO - Executing <Task(_PythonDecoratedOperator): get_data_to_ingest_from_local_file_task> on 2022-06-12 06:04:00+00:00
[2022-06-12 17:29:45,023] {standard_task_runner.py:52} INFO - Started process 9158 to run task
[2022-06-12 17:29:45,035] {standard_task_runner.py:79} INFO - Running: ['airflow', 'tasks', 'run', 'ingest_data', 'get_data_to_ingest_from_local_file_task', 'scheduled__2022-06-12T06:04:00+00:00', '--job-id', '1122', '--raw', '--subdir', 'DAGS_FOLDER/ingestion_dag.py', '--cfg-path', '/tmp/tmpk0gpjknj', '--error-file', '/tmp/tmpcu4g_82s']
[2022-06-12 17:29:45,037] {standard_task_runner.py:80} INFO - Job 1122: Subtask get_data_to_ingest_from_local_file_task
[2022-06-12 17:29:45,193] {task_command.py:370} INFO - Running <TaskInstance: ingest_data.get_data_to_ingest_from_local_file_task scheduled__2022-06-12T06:04:00+00:00 [running]> on host DESKTOP-GDPK8BL.localdomain
[2022-06-12 17:29:45,628] {taskinstance.py:1569} INFO - Exporting the following env vars:
AIRFLOW_CTX_DAG_OWNER=airflow
AIRFLOW_CTX_DAG_ID=ingest_data
AIRFLOW_CTX_TASK_ID=get_data_to_ingest_from_local_file_task
AIRFLOW_CTX_EXECUTION_DATE=2022-06-12T06:04:00+00:00
AIRFLOW_CTX_TRY_NUMBER=1
AIRFLOW_CTX_DAG_RUN_ID=scheduled__2022-06-12T06:04:00+00:00
[2022-06-12 17:29:45,698] {python.py:173} INFO - Done. Returned value was:           AT      V       AP     RH      PE
30863  28.97  73.50  1010.47  48.24  435.22
7351   19.00  58.95  1018.05  83.38  451.96
33815   6.37  40.81  1025.98  91.00  489.18
16256  32.38  73.91  1004.05  61.69  430.17
19116  17.67  43.70  1015.26  58.76  465.06
[2022-06-12 17:29:45,838] {taskinstance.py:1395} INFO - Marking task as SUCCESS. dag_id=ingest_data, task_id=get_data_to_ingest_from_local_file_task, execution_date=20220612T060400, start_date=20220612T152944, end_date=20220612T152945
[2022-06-12 17:29:45,934] {local_task_job.py:156} INFO - Task exited with return code 0
[2022-06-12 17:29:46,228] {local_task_job.py:273} INFO - 1 downstream tasks scheduled from follow-on schedule check
