[2022-06-12 16:51:03,683] {taskinstance.py:1159} INFO - Dependencies all met for <TaskInstance: ingest_data.get_data_to_ingest_from_local_file_task scheduled__2022-06-12T02:18:00+00:00 [queued]>
[2022-06-12 16:51:03,711] {taskinstance.py:1159} INFO - Dependencies all met for <TaskInstance: ingest_data.get_data_to_ingest_from_local_file_task scheduled__2022-06-12T02:18:00+00:00 [queued]>
[2022-06-12 16:51:03,712] {taskinstance.py:1356} INFO - 
--------------------------------------------------------------------------------
[2022-06-12 16:51:03,712] {taskinstance.py:1357} INFO - Starting attempt 1 of 1
[2022-06-12 16:51:03,713] {taskinstance.py:1358} INFO - 
--------------------------------------------------------------------------------
[2022-06-12 16:51:03,786] {taskinstance.py:1377} INFO - Executing <Task(_PythonDecoratedOperator): get_data_to_ingest_from_local_file_task> on 2022-06-12 02:18:00+00:00
[2022-06-12 16:51:03,792] {standard_task_runner.py:52} INFO - Started process 5795 to run task
[2022-06-12 16:51:03,799] {standard_task_runner.py:79} INFO - Running: ['airflow', 'tasks', 'run', 'ingest_data', 'get_data_to_ingest_from_local_file_task', 'scheduled__2022-06-12T02:18:00+00:00', '--job-id', '669', '--raw', '--subdir', 'DAGS_FOLDER/ingestion_dag.py', '--cfg-path', '/tmp/tmp4oszmuc0', '--error-file', '/tmp/tmp2cpt_ymi']
[2022-06-12 16:51:03,800] {standard_task_runner.py:80} INFO - Job 669: Subtask get_data_to_ingest_from_local_file_task
[2022-06-12 16:51:03,944] {task_command.py:370} INFO - Running <TaskInstance: ingest_data.get_data_to_ingest_from_local_file_task scheduled__2022-06-12T02:18:00+00:00 [running]> on host DESKTOP-GDPK8BL.localdomain
[2022-06-12 16:51:04,342] {taskinstance.py:1569} INFO - Exporting the following env vars:
AIRFLOW_CTX_DAG_OWNER=airflow
AIRFLOW_CTX_DAG_ID=ingest_data
AIRFLOW_CTX_TASK_ID=get_data_to_ingest_from_local_file_task
AIRFLOW_CTX_EXECUTION_DATE=2022-06-12T02:18:00+00:00
AIRFLOW_CTX_TRY_NUMBER=1
AIRFLOW_CTX_DAG_RUN_ID=scheduled__2022-06-12T02:18:00+00:00
[2022-06-12 16:51:04,413] {python.py:173} INFO - Done. Returned value was:           AT      V       AP     RH      PE
15550  30.12  69.71  1009.10  52.02  435.85
27341   9.58  38.08  1019.49  67.54  478.50
11380  16.71  42.99  1007.72  75.35  465.09
16123  15.27  56.89  1013.28  86.92  456.72
25066   5.05  35.57  1027.03  80.02  491.40
[2022-06-12 16:51:04,555] {taskinstance.py:1395} INFO - Marking task as SUCCESS. dag_id=ingest_data, task_id=get_data_to_ingest_from_local_file_task, execution_date=20220612T021800, start_date=20220612T145103, end_date=20220612T145104
[2022-06-12 16:51:04,657] {local_task_job.py:156} INFO - Task exited with return code 0
[2022-06-12 16:51:04,875] {local_task_job.py:273} INFO - 1 downstream tasks scheduled from follow-on schedule check
