[2022-06-12 14:42:36,280] {taskinstance.py:1159} INFO - Dependencies all met for <TaskInstance: ingest_data.get_data_to_ingest_from_local_file_task scheduled__2022-06-11T21:00:00+00:00 [queued]>
[2022-06-12 14:42:36,306] {taskinstance.py:1159} INFO - Dependencies all met for <TaskInstance: ingest_data.get_data_to_ingest_from_local_file_task scheduled__2022-06-11T21:00:00+00:00 [queued]>
[2022-06-12 14:42:36,307] {taskinstance.py:1356} INFO - 
--------------------------------------------------------------------------------
[2022-06-12 14:42:36,307] {taskinstance.py:1357} INFO - Starting attempt 1 of 1
[2022-06-12 14:42:36,308] {taskinstance.py:1358} INFO - 
--------------------------------------------------------------------------------
[2022-06-12 14:42:36,359] {taskinstance.py:1377} INFO - Executing <Task(_PythonDecoratedOperator): get_data_to_ingest_from_local_file_task> on 2022-06-11 21:00:00+00:00
[2022-06-12 14:42:36,370] {standard_task_runner.py:52} INFO - Started process 682 to run task
[2022-06-12 14:42:36,376] {standard_task_runner.py:79} INFO - Running: ['airflow', 'tasks', 'run', 'ingest_data', 'get_data_to_ingest_from_local_file_task', 'scheduled__2022-06-11T21:00:00+00:00', '--job-id', '12', '--raw', '--subdir', 'DAGS_FOLDER/ingestion_dag.py', '--cfg-path', '/tmp/tmp8dp9d13v', '--error-file', '/tmp/tmp_kexhcmw']
[2022-06-12 14:42:36,377] {standard_task_runner.py:80} INFO - Job 12: Subtask get_data_to_ingest_from_local_file_task
[2022-06-12 14:42:36,526] {task_command.py:370} INFO - Running <TaskInstance: ingest_data.get_data_to_ingest_from_local_file_task scheduled__2022-06-11T21:00:00+00:00 [running]> on host DESKTOP-GDPK8BL.localdomain
[2022-06-12 14:42:36,935] {taskinstance.py:1569} INFO - Exporting the following env vars:
AIRFLOW_CTX_DAG_OWNER=airflow
AIRFLOW_CTX_DAG_ID=ingest_data
AIRFLOW_CTX_TASK_ID=get_data_to_ingest_from_local_file_task
AIRFLOW_CTX_EXECUTION_DATE=2022-06-11T21:00:00+00:00
AIRFLOW_CTX_TRY_NUMBER=1
AIRFLOW_CTX_DAG_RUN_ID=scheduled__2022-06-11T21:00:00+00:00
[2022-06-12 14:42:37,065] {python.py:173} INFO - Done. Returned value was:           AT      V       AP     RH      PE
4991   26.01  74.33  1015.69  81.22  435.82
20014  31.71  73.50  1010.63  40.17  430.45
44168   7.64  40.81  1026.67  95.24  483.38
20106  26.00  69.88  1007.99  87.07  434.79
23765  26.17  48.92  1009.87  34.43  440.09
[2022-06-12 14:42:37,206] {taskinstance.py:1395} INFO - Marking task as SUCCESS. dag_id=ingest_data, task_id=get_data_to_ingest_from_local_file_task, execution_date=20220611T210000, start_date=20220612T124236, end_date=20220612T124237
[2022-06-12 14:42:37,317] {local_task_job.py:156} INFO - Task exited with return code 0
[2022-06-12 14:42:37,570] {local_task_job.py:273} INFO - 1 downstream tasks scheduled from follow-on schedule check
