[2022-06-12 17:03:07,385] {taskinstance.py:1159} INFO - Dependencies all met for <TaskInstance: ingest_data.get_data_to_ingest_from_local_file_task scheduled__2022-06-12T03:28:00+00:00 [queued]>
[2022-06-12 17:03:07,432] {taskinstance.py:1159} INFO - Dependencies all met for <TaskInstance: ingest_data.get_data_to_ingest_from_local_file_task scheduled__2022-06-12T03:28:00+00:00 [queued]>
[2022-06-12 17:03:07,432] {taskinstance.py:1356} INFO - 
--------------------------------------------------------------------------------
[2022-06-12 17:03:07,433] {taskinstance.py:1357} INFO - Starting attempt 1 of 1
[2022-06-12 17:03:07,434] {taskinstance.py:1358} INFO - 
--------------------------------------------------------------------------------
[2022-06-12 17:03:07,504] {taskinstance.py:1377} INFO - Executing <Task(_PythonDecoratedOperator): get_data_to_ingest_from_local_file_task> on 2022-06-12 03:28:00+00:00
[2022-06-12 17:03:07,509] {standard_task_runner.py:52} INFO - Started process 6837 to run task
[2022-06-12 17:03:07,516] {standard_task_runner.py:79} INFO - Running: ['airflow', 'tasks', 'run', 'ingest_data', 'get_data_to_ingest_from_local_file_task', 'scheduled__2022-06-12T03:28:00+00:00', '--job-id', '809', '--raw', '--subdir', 'DAGS_FOLDER/ingestion_dag.py', '--cfg-path', '/tmp/tmpni_yih1h', '--error-file', '/tmp/tmpum52t0wk']
[2022-06-12 17:03:07,518] {standard_task_runner.py:80} INFO - Job 809: Subtask get_data_to_ingest_from_local_file_task
[2022-06-12 17:03:07,681] {task_command.py:370} INFO - Running <TaskInstance: ingest_data.get_data_to_ingest_from_local_file_task scheduled__2022-06-12T03:28:00+00:00 [running]> on host DESKTOP-GDPK8BL.localdomain
[2022-06-12 17:03:08,095] {taskinstance.py:1569} INFO - Exporting the following env vars:
AIRFLOW_CTX_DAG_OWNER=airflow
AIRFLOW_CTX_DAG_ID=ingest_data
AIRFLOW_CTX_TASK_ID=get_data_to_ingest_from_local_file_task
AIRFLOW_CTX_EXECUTION_DATE=2022-06-12T03:28:00+00:00
AIRFLOW_CTX_TRY_NUMBER=1
AIRFLOW_CTX_DAG_RUN_ID=scheduled__2022-06-12T03:28:00+00:00
[2022-06-12 17:03:08,171] {python.py:173} INFO - Done. Returned value was:           AT      V       AP     RH      PE
40185   7.18  38.56  1016.49  70.37  487.63
21140  26.92  73.17  1011.42  76.94  431.29
16907  31.87  71.22  1006.16  45.66  437.00
43208  26.16  70.04  1009.63  73.22  432.56
40555  26.82  69.23  1013.28  50.86  436.36
[2022-06-12 17:03:08,314] {taskinstance.py:1395} INFO - Marking task as SUCCESS. dag_id=ingest_data, task_id=get_data_to_ingest_from_local_file_task, execution_date=20220612T032800, start_date=20220612T150307, end_date=20220612T150308
[2022-06-12 17:03:08,414] {local_task_job.py:156} INFO - Task exited with return code 0
[2022-06-12 17:03:08,641] {local_task_job.py:273} INFO - 1 downstream tasks scheduled from follow-on schedule check
