[2022-06-12 16:46:59,533] {taskinstance.py:1159} INFO - Dependencies all met for <TaskInstance: ingest_data.get_data_to_ingest_from_local_file_task scheduled__2022-06-12T01:55:00+00:00 [queued]>
[2022-06-12 16:46:59,580] {taskinstance.py:1159} INFO - Dependencies all met for <TaskInstance: ingest_data.get_data_to_ingest_from_local_file_task scheduled__2022-06-12T01:55:00+00:00 [queued]>
[2022-06-12 16:46:59,581] {taskinstance.py:1356} INFO - 
--------------------------------------------------------------------------------
[2022-06-12 16:46:59,581] {taskinstance.py:1357} INFO - Starting attempt 1 of 1
[2022-06-12 16:46:59,582] {taskinstance.py:1358} INFO - 
--------------------------------------------------------------------------------
[2022-06-12 16:46:59,650] {taskinstance.py:1377} INFO - Executing <Task(_PythonDecoratedOperator): get_data_to_ingest_from_local_file_task> on 2022-06-12 01:55:00+00:00
[2022-06-12 16:46:59,657] {standard_task_runner.py:52} INFO - Started process 5462 to run task
[2022-06-12 16:46:59,664] {standard_task_runner.py:79} INFO - Running: ['airflow', 'tasks', 'run', 'ingest_data', 'get_data_to_ingest_from_local_file_task', 'scheduled__2022-06-12T01:55:00+00:00', '--job-id', '624', '--raw', '--subdir', 'DAGS_FOLDER/ingestion_dag.py', '--cfg-path', '/tmp/tmp6qe_pyer', '--error-file', '/tmp/tmp125z1y2u']
[2022-06-12 16:46:59,665] {standard_task_runner.py:80} INFO - Job 624: Subtask get_data_to_ingest_from_local_file_task
[2022-06-12 16:46:59,796] {task_command.py:370} INFO - Running <TaskInstance: ingest_data.get_data_to_ingest_from_local_file_task scheduled__2022-06-12T01:55:00+00:00 [running]> on host DESKTOP-GDPK8BL.localdomain
[2022-06-12 16:47:00,159] {taskinstance.py:1569} INFO - Exporting the following env vars:
AIRFLOW_CTX_DAG_OWNER=airflow
AIRFLOW_CTX_DAG_ID=ingest_data
AIRFLOW_CTX_TASK_ID=get_data_to_ingest_from_local_file_task
AIRFLOW_CTX_EXECUTION_DATE=2022-06-12T01:55:00+00:00
AIRFLOW_CTX_TRY_NUMBER=1
AIRFLOW_CTX_DAG_RUN_ID=scheduled__2022-06-12T01:55:00+00:00
[2022-06-12 16:47:00,231] {python.py:173} INFO - Done. Returned value was:           AT      V       AP     RH      PE
34776  15.40  38.73  1000.67  79.71  469.18
27601  19.31  44.71  1016.13  30.59  463.00
41784  22.39  58.18  1008.52  87.48  448.37
1989   29.28  77.17  1009.40  76.30  433.14
16779  23.25  59.87  1018.69  66.40  444.23
[2022-06-12 16:47:00,357] {taskinstance.py:1395} INFO - Marking task as SUCCESS. dag_id=ingest_data, task_id=get_data_to_ingest_from_local_file_task, execution_date=20220612T015500, start_date=20220612T144659, end_date=20220612T144700
[2022-06-12 16:47:00,444] {local_task_job.py:156} INFO - Task exited with return code 0
[2022-06-12 16:47:00,681] {local_task_job.py:273} INFO - 1 downstream tasks scheduled from follow-on schedule check
