[2022-06-12 16:45:26,361] {taskinstance.py:1159} INFO - Dependencies all met for <TaskInstance: ingest_data.get_data_to_ingest_from_local_file_task scheduled__2022-06-12T01:46:00+00:00 [queued]>
[2022-06-12 16:45:26,393] {taskinstance.py:1159} INFO - Dependencies all met for <TaskInstance: ingest_data.get_data_to_ingest_from_local_file_task scheduled__2022-06-12T01:46:00+00:00 [queued]>
[2022-06-12 16:45:26,394] {taskinstance.py:1356} INFO - 
--------------------------------------------------------------------------------
[2022-06-12 16:45:26,394] {taskinstance.py:1357} INFO - Starting attempt 1 of 1
[2022-06-12 16:45:26,395] {taskinstance.py:1358} INFO - 
--------------------------------------------------------------------------------
[2022-06-12 16:45:26,462] {taskinstance.py:1377} INFO - Executing <Task(_PythonDecoratedOperator): get_data_to_ingest_from_local_file_task> on 2022-06-12 01:46:00+00:00
[2022-06-12 16:45:26,468] {standard_task_runner.py:52} INFO - Started process 5322 to run task
[2022-06-12 16:45:26,475] {standard_task_runner.py:79} INFO - Running: ['airflow', 'tasks', 'run', 'ingest_data', 'get_data_to_ingest_from_local_file_task', 'scheduled__2022-06-12T01:46:00+00:00', '--job-id', '605', '--raw', '--subdir', 'DAGS_FOLDER/ingestion_dag.py', '--cfg-path', '/tmp/tmphajfw1wm', '--error-file', '/tmp/tmppir4fjt6']
[2022-06-12 16:45:26,478] {standard_task_runner.py:80} INFO - Job 605: Subtask get_data_to_ingest_from_local_file_task
[2022-06-12 16:45:26,605] {task_command.py:370} INFO - Running <TaskInstance: ingest_data.get_data_to_ingest_from_local_file_task scheduled__2022-06-12T01:46:00+00:00 [running]> on host DESKTOP-GDPK8BL.localdomain
[2022-06-12 16:45:26,957] {taskinstance.py:1569} INFO - Exporting the following env vars:
AIRFLOW_CTX_DAG_OWNER=airflow
AIRFLOW_CTX_DAG_ID=ingest_data
AIRFLOW_CTX_TASK_ID=get_data_to_ingest_from_local_file_task
AIRFLOW_CTX_EXECUTION_DATE=2022-06-12T01:46:00+00:00
AIRFLOW_CTX_TRY_NUMBER=1
AIRFLOW_CTX_DAG_RUN_ID=scheduled__2022-06-12T01:46:00+00:00
[2022-06-12 16:45:27,027] {python.py:173} INFO - Done. Returned value was:           AT      V       AP     RH      PE
5701   22.90  67.25  1017.74  74.53  438.62
43200  21.59  61.87  1011.18  57.21  446.58
13176  25.67  58.59  1013.00  62.34  451.03
42494  28.62  63.77  1012.82  55.77  441.97
26345  26.52  71.64  1008.27  75.30  437.76
[2022-06-12 16:45:27,140] {taskinstance.py:1395} INFO - Marking task as SUCCESS. dag_id=ingest_data, task_id=get_data_to_ingest_from_local_file_task, execution_date=20220612T014600, start_date=20220612T144526, end_date=20220612T144527
[2022-06-12 16:45:27,213] {local_task_job.py:156} INFO - Task exited with return code 0
[2022-06-12 16:45:27,450] {local_task_job.py:273} INFO - 1 downstream tasks scheduled from follow-on schedule check
