[2022-06-12 17:04:53,562] {taskinstance.py:1159} INFO - Dependencies all met for <TaskInstance: ingest_data.get_data_to_ingest_from_local_file_task scheduled__2022-06-12T03:39:00+00:00 [queued]>
[2022-06-12 17:04:53,589] {taskinstance.py:1159} INFO - Dependencies all met for <TaskInstance: ingest_data.get_data_to_ingest_from_local_file_task scheduled__2022-06-12T03:39:00+00:00 [queued]>
[2022-06-12 17:04:53,589] {taskinstance.py:1356} INFO - 
--------------------------------------------------------------------------------
[2022-06-12 17:04:53,590] {taskinstance.py:1357} INFO - Starting attempt 1 of 1
[2022-06-12 17:04:53,590] {taskinstance.py:1358} INFO - 
--------------------------------------------------------------------------------
[2022-06-12 17:04:53,648] {taskinstance.py:1377} INFO - Executing <Task(_PythonDecoratedOperator): get_data_to_ingest_from_local_file_task> on 2022-06-12 03:39:00+00:00
[2022-06-12 17:04:53,659] {standard_task_runner.py:52} INFO - Started process 6998 to run task
[2022-06-12 17:04:53,665] {standard_task_runner.py:79} INFO - Running: ['airflow', 'tasks', 'run', 'ingest_data', 'get_data_to_ingest_from_local_file_task', 'scheduled__2022-06-12T03:39:00+00:00', '--job-id', '831', '--raw', '--subdir', 'DAGS_FOLDER/ingestion_dag.py', '--cfg-path', '/tmp/tmpljv4w7se', '--error-file', '/tmp/tmpwwki_p4j']
[2022-06-12 17:04:53,667] {standard_task_runner.py:80} INFO - Job 831: Subtask get_data_to_ingest_from_local_file_task
[2022-06-12 17:04:53,814] {task_command.py:370} INFO - Running <TaskInstance: ingest_data.get_data_to_ingest_from_local_file_task scheduled__2022-06-12T03:39:00+00:00 [running]> on host DESKTOP-GDPK8BL.localdomain
[2022-06-12 17:04:54,232] {taskinstance.py:1569} INFO - Exporting the following env vars:
AIRFLOW_CTX_DAG_OWNER=airflow
AIRFLOW_CTX_DAG_ID=ingest_data
AIRFLOW_CTX_TASK_ID=get_data_to_ingest_from_local_file_task
AIRFLOW_CTX_EXECUTION_DATE=2022-06-12T03:39:00+00:00
AIRFLOW_CTX_TRY_NUMBER=1
AIRFLOW_CTX_DAG_RUN_ID=scheduled__2022-06-12T03:39:00+00:00
[2022-06-12 17:04:54,302] {python.py:173} INFO - Done. Returned value was:           AT      V       AP     RH      PE
614     8.57  39.69  1000.91  99.90  474.29
16602  31.38  70.83  1010.35  47.28  431.33
43984  20.29  49.69  1008.94  69.91  454.74
17451  22.36  51.43  1007.47  87.33  442.53
2062   24.17  48.78  1018.08  75.14  440.96
[2022-06-12 17:04:54,452] {taskinstance.py:1395} INFO - Marking task as SUCCESS. dag_id=ingest_data, task_id=get_data_to_ingest_from_local_file_task, execution_date=20220612T033900, start_date=20220612T150453, end_date=20220612T150454
[2022-06-12 17:04:54,525] {local_task_job.py:156} INFO - Task exited with return code 0
[2022-06-12 17:04:54,741] {local_task_job.py:273} INFO - 1 downstream tasks scheduled from follow-on schedule check
