[2022-06-12 17:02:08,792] {taskinstance.py:1159} INFO - Dependencies all met for <TaskInstance: ingest_data.save_data_task scheduled__2022-06-12T03:21:00+00:00 [queued]>
[2022-06-12 17:02:08,826] {taskinstance.py:1159} INFO - Dependencies all met for <TaskInstance: ingest_data.save_data_task scheduled__2022-06-12T03:21:00+00:00 [queued]>
[2022-06-12 17:02:08,827] {taskinstance.py:1356} INFO - 
--------------------------------------------------------------------------------
[2022-06-12 17:02:08,827] {taskinstance.py:1357} INFO - Starting attempt 1 of 1
[2022-06-12 17:02:08,828] {taskinstance.py:1358} INFO - 
--------------------------------------------------------------------------------
[2022-06-12 17:02:08,896] {taskinstance.py:1377} INFO - Executing <Task(_PythonDecoratedOperator): save_data_task> on 2022-06-12 03:21:00+00:00
[2022-06-12 17:02:08,905] {standard_task_runner.py:52} INFO - Started process 6748 to run task
[2022-06-12 17:02:08,918] {standard_task_runner.py:79} INFO - Running: ['airflow', 'tasks', 'run', 'ingest_data', 'save_data_task', 'scheduled__2022-06-12T03:21:00+00:00', '--job-id', '797', '--raw', '--subdir', 'DAGS_FOLDER/ingestion_dag.py', '--cfg-path', '/tmp/tmprqp_r5xk', '--error-file', '/tmp/tmpd3gr1_1g']
[2022-06-12 17:02:08,920] {standard_task_runner.py:80} INFO - Job 797: Subtask save_data_task
[2022-06-12 17:02:09,108] {task_command.py:370} INFO - Running <TaskInstance: ingest_data.save_data_task scheduled__2022-06-12T03:21:00+00:00 [running]> on host DESKTOP-GDPK8BL.localdomain
[2022-06-12 17:02:09,871] {taskinstance.py:1569} INFO - Exporting the following env vars:
AIRFLOW_CTX_DAG_OWNER=airflow
AIRFLOW_CTX_DAG_ID=ingest_data
AIRFLOW_CTX_TASK_ID=save_data_task
AIRFLOW_CTX_EXECUTION_DATE=2022-06-12T03:21:00+00:00
AIRFLOW_CTX_TRY_NUMBER=1
AIRFLOW_CTX_DAG_RUN_ID=scheduled__2022-06-12T03:21:00+00:00
[2022-06-12 17:02:09,887] {python.py:173} INFO - Done. Returned value was: None
[2022-06-12 17:02:09,912] {taskinstance.py:1395} INFO - Marking task as SUCCESS. dag_id=ingest_data, task_id=save_data_task, execution_date=20220612T032100, start_date=20220612T150208, end_date=20220612T150209
[2022-06-12 17:02:09,979] {local_task_job.py:156} INFO - Task exited with return code 0
[2022-06-12 17:02:10,141] {local_task_job.py:273} INFO - 0 downstream tasks scheduled from follow-on schedule check
