[2022-06-12 17:46:26,849] {taskinstance.py:1159} INFO - Dependencies all met for <TaskInstance: ingest_data.get_data_to_ingest_from_local_file_task scheduled__2022-06-12T07:51:00+00:00 [queued]>
[2022-06-12 17:46:26,878] {taskinstance.py:1159} INFO - Dependencies all met for <TaskInstance: ingest_data.get_data_to_ingest_from_local_file_task scheduled__2022-06-12T07:51:00+00:00 [queued]>
[2022-06-12 17:46:26,879] {taskinstance.py:1356} INFO - 
--------------------------------------------------------------------------------
[2022-06-12 17:46:26,879] {taskinstance.py:1357} INFO - Starting attempt 1 of 1
[2022-06-12 17:46:26,880] {taskinstance.py:1358} INFO - 
--------------------------------------------------------------------------------
[2022-06-12 17:46:26,932] {taskinstance.py:1377} INFO - Executing <Task(_PythonDecoratedOperator): get_data_to_ingest_from_local_file_task> on 2022-06-12 07:51:00+00:00
[2022-06-12 17:46:26,939] {standard_task_runner.py:52} INFO - Started process 10730 to run task
[2022-06-12 17:46:26,945] {standard_task_runner.py:79} INFO - Running: ['airflow', 'tasks', 'run', 'ingest_data', 'get_data_to_ingest_from_local_file_task', 'scheduled__2022-06-12T07:51:00+00:00', '--job-id', '1335', '--raw', '--subdir', 'DAGS_FOLDER/ingestion_dag.py', '--cfg-path', '/tmp/tmp14dtzvq7', '--error-file', '/tmp/tmpn1wa5mxm']
[2022-06-12 17:46:26,947] {standard_task_runner.py:80} INFO - Job 1335: Subtask get_data_to_ingest_from_local_file_task
[2022-06-12 17:46:27,107] {task_command.py:370} INFO - Running <TaskInstance: ingest_data.get_data_to_ingest_from_local_file_task scheduled__2022-06-12T07:51:00+00:00 [running]> on host DESKTOP-GDPK8BL.localdomain
[2022-06-12 17:46:27,608] {taskinstance.py:1569} INFO - Exporting the following env vars:
AIRFLOW_CTX_DAG_OWNER=airflow
AIRFLOW_CTX_DAG_ID=ingest_data
AIRFLOW_CTX_TASK_ID=get_data_to_ingest_from_local_file_task
AIRFLOW_CTX_EXECUTION_DATE=2022-06-12T07:51:00+00:00
AIRFLOW_CTX_TRY_NUMBER=1
AIRFLOW_CTX_DAG_RUN_ID=scheduled__2022-06-12T07:51:00+00:00
[2022-06-12 17:46:27,679] {python.py:173} INFO - Done. Returned value was:           AT      V       AP     RH      PE
28077  24.60  57.32  1012.48  45.14  442.64
20075  10.07  34.69  1028.09  70.52  478.65
5042   18.73  40.12  1013.19  74.12  454.71
26963  15.33  42.28  1008.19  66.15  465.20
13600   8.13  71.14  1018.94  86.70  471.99
[2022-06-12 17:46:27,853] {taskinstance.py:1395} INFO - Marking task as SUCCESS. dag_id=ingest_data, task_id=get_data_to_ingest_from_local_file_task, execution_date=20220612T075100, start_date=20220612T154626, end_date=20220612T154627
[2022-06-12 17:46:27,923] {local_task_job.py:156} INFO - Task exited with return code 0
[2022-06-12 17:46:28,135] {local_task_job.py:273} INFO - 1 downstream tasks scheduled from follow-on schedule check
