[2022-06-12 17:33:58,816] {taskinstance.py:1159} INFO - Dependencies all met for <TaskInstance: ingest_data.get_data_to_ingest_from_local_file_task scheduled__2022-06-12T06:31:00+00:00 [queued]>
[2022-06-12 17:33:58,853] {taskinstance.py:1159} INFO - Dependencies all met for <TaskInstance: ingest_data.get_data_to_ingest_from_local_file_task scheduled__2022-06-12T06:31:00+00:00 [queued]>
[2022-06-12 17:33:58,854] {taskinstance.py:1356} INFO - 
--------------------------------------------------------------------------------
[2022-06-12 17:33:58,854] {taskinstance.py:1357} INFO - Starting attempt 1 of 1
[2022-06-12 17:33:58,855] {taskinstance.py:1358} INFO - 
--------------------------------------------------------------------------------
[2022-06-12 17:33:58,935] {taskinstance.py:1377} INFO - Executing <Task(_PythonDecoratedOperator): get_data_to_ingest_from_local_file_task> on 2022-06-12 06:31:00+00:00
[2022-06-12 17:33:58,941] {standard_task_runner.py:52} INFO - Started process 9557 to run task
[2022-06-12 17:33:58,948] {standard_task_runner.py:79} INFO - Running: ['airflow', 'tasks', 'run', 'ingest_data', 'get_data_to_ingest_from_local_file_task', 'scheduled__2022-06-12T06:31:00+00:00', '--job-id', '1176', '--raw', '--subdir', 'DAGS_FOLDER/ingestion_dag.py', '--cfg-path', '/tmp/tmpsk_xdkw7', '--error-file', '/tmp/tmpm4fddsxp']
[2022-06-12 17:33:58,950] {standard_task_runner.py:80} INFO - Job 1176: Subtask get_data_to_ingest_from_local_file_task
[2022-06-12 17:33:59,117] {task_command.py:370} INFO - Running <TaskInstance: ingest_data.get_data_to_ingest_from_local_file_task scheduled__2022-06-12T06:31:00+00:00 [running]> on host DESKTOP-GDPK8BL.localdomain
[2022-06-12 17:33:59,569] {taskinstance.py:1569} INFO - Exporting the following env vars:
AIRFLOW_CTX_DAG_OWNER=airflow
AIRFLOW_CTX_DAG_ID=ingest_data
AIRFLOW_CTX_TASK_ID=get_data_to_ingest_from_local_file_task
AIRFLOW_CTX_EXECUTION_DATE=2022-06-12T06:31:00+00:00
AIRFLOW_CTX_TRY_NUMBER=1
AIRFLOW_CTX_DAG_RUN_ID=scheduled__2022-06-12T06:31:00+00:00
[2022-06-12 17:33:59,641] {python.py:173} INFO - Done. Returned value was:           AT      V       AP     RH      PE
10647  19.27  65.12  1015.63  73.48  449.42
33992  30.61  68.84  1011.18  52.50  439.90
25196  15.87  39.31  1009.95  66.78  460.59
14373  23.23  60.32  1016.73  78.35  447.09
3445   25.16  57.17  1009.86  75.70  442.03
[2022-06-12 17:33:59,819] {taskinstance.py:1395} INFO - Marking task as SUCCESS. dag_id=ingest_data, task_id=get_data_to_ingest_from_local_file_task, execution_date=20220612T063100, start_date=20220612T153358, end_date=20220612T153359
[2022-06-12 17:33:59,895] {local_task_job.py:156} INFO - Task exited with return code 0
[2022-06-12 17:34:00,142] {local_task_job.py:273} INFO - 1 downstream tasks scheduled from follow-on schedule check
