[2022-06-12 16:26:15,085] {taskinstance.py:1159} INFO - Dependencies all met for <TaskInstance: ingest_data.get_data_to_ingest_from_local_file_task scheduled__2022-06-11T23:55:00+00:00 [queued]>
[2022-06-12 16:26:15,115] {taskinstance.py:1159} INFO - Dependencies all met for <TaskInstance: ingest_data.get_data_to_ingest_from_local_file_task scheduled__2022-06-11T23:55:00+00:00 [queued]>
[2022-06-12 16:26:15,116] {taskinstance.py:1356} INFO - 
--------------------------------------------------------------------------------
[2022-06-12 16:26:15,116] {taskinstance.py:1357} INFO - Starting attempt 1 of 1
[2022-06-12 16:26:15,117] {taskinstance.py:1358} INFO - 
--------------------------------------------------------------------------------
[2022-06-12 16:26:15,185] {taskinstance.py:1377} INFO - Executing <Task(_PythonDecoratedOperator): get_data_to_ingest_from_local_file_task> on 2022-06-11 23:55:00+00:00
[2022-06-12 16:26:15,193] {standard_task_runner.py:52} INFO - Started process 3668 to run task
[2022-06-12 16:26:15,199] {standard_task_runner.py:79} INFO - Running: ['airflow', 'tasks', 'run', 'ingest_data', 'get_data_to_ingest_from_local_file_task', 'scheduled__2022-06-11T23:55:00+00:00', '--job-id', '383', '--raw', '--subdir', 'DAGS_FOLDER/ingestion_dag.py', '--cfg-path', '/tmp/tmp76afyxf0', '--error-file', '/tmp/tmp39bbbde3']
[2022-06-12 16:26:15,201] {standard_task_runner.py:80} INFO - Job 383: Subtask get_data_to_ingest_from_local_file_task
[2022-06-12 16:26:15,348] {task_command.py:370} INFO - Running <TaskInstance: ingest_data.get_data_to_ingest_from_local_file_task scheduled__2022-06-11T23:55:00+00:00 [running]> on host DESKTOP-GDPK8BL.localdomain
[2022-06-12 16:26:15,702] {taskinstance.py:1569} INFO - Exporting the following env vars:
AIRFLOW_CTX_DAG_OWNER=airflow
AIRFLOW_CTX_DAG_ID=ingest_data
AIRFLOW_CTX_TASK_ID=get_data_to_ingest_from_local_file_task
AIRFLOW_CTX_EXECUTION_DATE=2022-06-11T23:55:00+00:00
AIRFLOW_CTX_TRY_NUMBER=1
AIRFLOW_CTX_DAG_RUN_ID=scheduled__2022-06-11T23:55:00+00:00
[2022-06-12 16:26:15,770] {python.py:173} INFO - Done. Returned value was:           AT      V       AP     RH      PE
7459   30.61  69.13  1009.32  55.17  429.10
21781  14.26  43.34  1017.24  81.54  464.62
10982  13.86  41.78  1010.75  57.90  467.39
46866  19.94  61.87  1009.70  66.60  445.97
16793  15.84  41.04  1025.64  63.43  456.21
[2022-06-12 16:26:15,895] {taskinstance.py:1395} INFO - Marking task as SUCCESS. dag_id=ingest_data, task_id=get_data_to_ingest_from_local_file_task, execution_date=20220611T235500, start_date=20220612T142615, end_date=20220612T142615
[2022-06-12 16:26:15,978] {local_task_job.py:156} INFO - Task exited with return code 0
[2022-06-12 16:26:16,185] {local_task_job.py:273} INFO - 1 downstream tasks scheduled from follow-on schedule check
