[2022-06-12 16:15:19,713] {taskinstance.py:1159} INFO - Dependencies all met for <TaskInstance: ingest_data.get_data_to_ingest_from_local_file_task scheduled__2022-06-11T22:52:00+00:00 [queued]>
[2022-06-12 16:15:19,739] {taskinstance.py:1159} INFO - Dependencies all met for <TaskInstance: ingest_data.get_data_to_ingest_from_local_file_task scheduled__2022-06-11T22:52:00+00:00 [queued]>
[2022-06-12 16:15:19,739] {taskinstance.py:1356} INFO - 
--------------------------------------------------------------------------------
[2022-06-12 16:15:19,740] {taskinstance.py:1357} INFO - Starting attempt 1 of 1
[2022-06-12 16:15:19,740] {taskinstance.py:1358} INFO - 
--------------------------------------------------------------------------------
[2022-06-12 16:15:19,811] {taskinstance.py:1377} INFO - Executing <Task(_PythonDecoratedOperator): get_data_to_ingest_from_local_file_task> on 2022-06-11 22:52:00+00:00
[2022-06-12 16:15:19,818] {standard_task_runner.py:52} INFO - Started process 2648 to run task
[2022-06-12 16:15:19,824] {standard_task_runner.py:79} INFO - Running: ['airflow', 'tasks', 'run', 'ingest_data', 'get_data_to_ingest_from_local_file_task', 'scheduled__2022-06-11T22:52:00+00:00', '--job-id', '258', '--raw', '--subdir', 'DAGS_FOLDER/ingestion_dag.py', '--cfg-path', '/tmp/tmpfpx49lab', '--error-file', '/tmp/tmp9l_6id7v']
[2022-06-12 16:15:19,826] {standard_task_runner.py:80} INFO - Job 258: Subtask get_data_to_ingest_from_local_file_task
[2022-06-12 16:15:19,966] {task_command.py:370} INFO - Running <TaskInstance: ingest_data.get_data_to_ingest_from_local_file_task scheduled__2022-06-11T22:52:00+00:00 [running]> on host DESKTOP-GDPK8BL.localdomain
[2022-06-12 16:15:20,318] {taskinstance.py:1569} INFO - Exporting the following env vars:
AIRFLOW_CTX_DAG_OWNER=airflow
AIRFLOW_CTX_DAG_ID=ingest_data
AIRFLOW_CTX_TASK_ID=get_data_to_ingest_from_local_file_task
AIRFLOW_CTX_EXECUTION_DATE=2022-06-11T22:52:00+00:00
AIRFLOW_CTX_TRY_NUMBER=1
AIRFLOW_CTX_DAG_RUN_ID=scheduled__2022-06-11T22:52:00+00:00
[2022-06-12 16:15:20,388] {python.py:173} INFO - Done. Returned value was:           AT      V       AP     RH      PE
11947  17.50  42.23  1013.37  86.87  462.57
27855  31.07  70.98  1007.24  72.03  432.96
35291  10.82  37.50  1009.23  96.62  473.90
1131   24.49  68.61  1010.56  64.03  447.57
21994  21.11  41.67  1012.44  52.86  460.33
[2022-06-12 16:15:20,505] {taskinstance.py:1395} INFO - Marking task as SUCCESS. dag_id=ingest_data, task_id=get_data_to_ingest_from_local_file_task, execution_date=20220611T225200, start_date=20220612T141519, end_date=20220612T141520
[2022-06-12 16:15:20,603] {local_task_job.py:156} INFO - Task exited with return code 0
[2022-06-12 16:15:20,833] {local_task_job.py:273} INFO - 1 downstream tasks scheduled from follow-on schedule check
