[2022-06-12 16:31:57,709] {taskinstance.py:1159} INFO - Dependencies all met for <TaskInstance: ingest_data.get_data_to_ingest_from_local_file_task scheduled__2022-06-12T00:30:00+00:00 [queued]>
[2022-06-12 16:31:57,744] {taskinstance.py:1159} INFO - Dependencies all met for <TaskInstance: ingest_data.get_data_to_ingest_from_local_file_task scheduled__2022-06-12T00:30:00+00:00 [queued]>
[2022-06-12 16:31:57,744] {taskinstance.py:1356} INFO - 
--------------------------------------------------------------------------------
[2022-06-12 16:31:57,745] {taskinstance.py:1357} INFO - Starting attempt 1 of 1
[2022-06-12 16:31:57,745] {taskinstance.py:1358} INFO - 
--------------------------------------------------------------------------------
[2022-06-12 16:31:57,804] {taskinstance.py:1377} INFO - Executing <Task(_PythonDecoratedOperator): get_data_to_ingest_from_local_file_task> on 2022-06-12 00:30:00+00:00
[2022-06-12 16:31:57,811] {standard_task_runner.py:52} INFO - Started process 4188 to run task
[2022-06-12 16:31:57,816] {standard_task_runner.py:79} INFO - Running: ['airflow', 'tasks', 'run', 'ingest_data', 'get_data_to_ingest_from_local_file_task', 'scheduled__2022-06-12T00:30:00+00:00', '--job-id', '453', '--raw', '--subdir', 'DAGS_FOLDER/ingestion_dag.py', '--cfg-path', '/tmp/tmpjs0m1vu3', '--error-file', '/tmp/tmpmur6guqz']
[2022-06-12 16:31:57,818] {standard_task_runner.py:80} INFO - Job 453: Subtask get_data_to_ingest_from_local_file_task
[2022-06-12 16:31:57,955] {task_command.py:370} INFO - Running <TaskInstance: ingest_data.get_data_to_ingest_from_local_file_task scheduled__2022-06-12T00:30:00+00:00 [running]> on host DESKTOP-GDPK8BL.localdomain
[2022-06-12 16:31:58,322] {taskinstance.py:1569} INFO - Exporting the following env vars:
AIRFLOW_CTX_DAG_OWNER=airflow
AIRFLOW_CTX_DAG_ID=ingest_data
AIRFLOW_CTX_TASK_ID=get_data_to_ingest_from_local_file_task
AIRFLOW_CTX_EXECUTION_DATE=2022-06-12T00:30:00+00:00
AIRFLOW_CTX_TRY_NUMBER=1
AIRFLOW_CTX_DAG_RUN_ID=scheduled__2022-06-12T00:30:00+00:00
[2022-06-12 16:31:58,389] {python.py:173} INFO - Done. Returned value was:           AT      V       AP     RH      PE
6224    8.51  40.81  1015.54  83.16  481.02
1565   29.15  73.42  1011.43  66.49  432.26
10651  27.45  66.25  1009.30  77.58  437.37
13912   7.78  40.80  1026.70  85.61  488.54
31722   8.57  41.17  1020.18  72.47  484.20
[2022-06-12 16:31:58,497] {taskinstance.py:1395} INFO - Marking task as SUCCESS. dag_id=ingest_data, task_id=get_data_to_ingest_from_local_file_task, execution_date=20220612T003000, start_date=20220612T143157, end_date=20220612T143158
[2022-06-12 16:31:58,555] {local_task_job.py:156} INFO - Task exited with return code 0
[2022-06-12 16:31:58,771] {local_task_job.py:273} INFO - 1 downstream tasks scheduled from follow-on schedule check
