[2022-06-15 19:13:58,261] {taskinstance.py:1159} INFO - Dependencies all met for <TaskInstance: loan_pred.get_data_to_ingest_from_local_file_task scheduled__2022-06-14T21:21:00+00:00 [queued]>
[2022-06-15 19:13:58,290] {taskinstance.py:1159} INFO - Dependencies all met for <TaskInstance: loan_pred.get_data_to_ingest_from_local_file_task scheduled__2022-06-14T21:21:00+00:00 [queued]>
[2022-06-15 19:13:58,291] {taskinstance.py:1356} INFO - 
--------------------------------------------------------------------------------
[2022-06-15 19:13:58,292] {taskinstance.py:1357} INFO - Starting attempt 1 of 1
[2022-06-15 19:13:58,293] {taskinstance.py:1358} INFO - 
--------------------------------------------------------------------------------
[2022-06-15 19:13:58,373] {taskinstance.py:1377} INFO - Executing <Task(_PythonDecoratedOperator): get_data_to_ingest_from_local_file_task> on 2022-06-14 21:21:00+00:00
[2022-06-15 19:13:58,378] {standard_task_runner.py:52} INFO - Started process 600 to run task
[2022-06-15 19:13:58,383] {standard_task_runner.py:79} INFO - Running: ['airflow', 'tasks', 'run', 'loan_pred', 'get_data_to_ingest_from_local_file_task', 'scheduled__2022-06-14T21:21:00+00:00', '--job-id', '1615', '--raw', '--subdir', 'DAGS_FOLDER/loan_pred.py', '--cfg-path', '/tmp/tmpqe20nwqt', '--error-file', '/tmp/tmp7j79psm7']
[2022-06-15 19:13:58,385] {standard_task_runner.py:80} INFO - Job 1615: Subtask get_data_to_ingest_from_local_file_task
[2022-06-15 19:13:58,516] {task_command.py:370} INFO - Running <TaskInstance: loan_pred.get_data_to_ingest_from_local_file_task scheduled__2022-06-14T21:21:00+00:00 [running]> on host DESKTOP-GDPK8BL.localdomain
[2022-06-15 19:13:58,935] {taskinstance.py:1569} INFO - Exporting the following env vars:
AIRFLOW_CTX_DAG_OWNER=airflow
AIRFLOW_CTX_DAG_ID=loan_pred
AIRFLOW_CTX_TASK_ID=get_data_to_ingest_from_local_file_task
AIRFLOW_CTX_EXECUTION_DATE=2022-06-14T21:21:00+00:00
AIRFLOW_CTX_TRY_NUMBER=1
AIRFLOW_CTX_DAG_RUN_ID=scheduled__2022-06-14T21:21:00+00:00
[2022-06-15 19:13:58,955] {python.py:173} INFO - Done. Returned value was:       Loan_ID  Gender Married Dependents  ... LoanAmount Loan_Amount_Term  Credit_History  Property_Area
76   LP001407    Male     Yes          0  ...      186.0            360.0             1.0          Urban
57   LP001321    Male     Yes          2  ...      134.0            180.0             1.0      Semiurban
298  LP002635  Female     Yes          2  ...      117.0            360.0             1.0      Semiurban
277  LP002550  Female      No          0  ...      110.0            180.0             1.0      Semiurban
125  LP001660    Male      No          0  ...      120.0            360.0             1.0      Semiurban

[5 rows x 12 columns]
[2022-06-15 19:13:59,157] {taskinstance.py:1395} INFO - Marking task as SUCCESS. dag_id=loan_pred, task_id=get_data_to_ingest_from_local_file_task, execution_date=20220614T212100, start_date=20220615T171358, end_date=20220615T171359
[2022-06-15 19:13:59,244] {local_task_job.py:156} INFO - Task exited with return code 0
[2022-06-15 19:13:59,423] {local_task_job.py:273} INFO - 1 downstream tasks scheduled from follow-on schedule check
