[2022-06-12 19:41:20,014] {taskinstance.py:1159} INFO - Dependencies all met for <TaskInstance: ingest_data.get_data_to_ingest_from_local_file_task scheduled__2022-06-12T08:22:00+00:00 [queued]>
[2022-06-12 19:41:20,063] {taskinstance.py:1159} INFO - Dependencies all met for <TaskInstance: ingest_data.get_data_to_ingest_from_local_file_task scheduled__2022-06-12T08:22:00+00:00 [queued]>
[2022-06-12 19:41:20,064] {taskinstance.py:1356} INFO - 
--------------------------------------------------------------------------------
[2022-06-12 19:41:20,065] {taskinstance.py:1357} INFO - Starting attempt 1 of 1
[2022-06-12 19:41:20,066] {taskinstance.py:1358} INFO - 
--------------------------------------------------------------------------------
[2022-06-12 19:41:20,127] {taskinstance.py:1377} INFO - Executing <Task(_PythonDecoratedOperator): get_data_to_ingest_from_local_file_task> on 2022-06-12 08:22:00+00:00
[2022-06-12 19:41:20,133] {standard_task_runner.py:52} INFO - Started process 11200 to run task
[2022-06-12 19:41:20,140] {standard_task_runner.py:79} INFO - Running: ['airflow', 'tasks', 'run', 'ingest_data', 'get_data_to_ingest_from_local_file_task', 'scheduled__2022-06-12T08:22:00+00:00', '--job-id', '1398', '--raw', '--subdir', 'DAGS_FOLDER/ingestion_dag.py', '--cfg-path', '/tmp/tmp8j5hgu7w', '--error-file', '/tmp/tmpro243nuw']
[2022-06-12 19:41:20,141] {standard_task_runner.py:80} INFO - Job 1398: Subtask get_data_to_ingest_from_local_file_task
[2022-06-12 19:41:20,290] {task_command.py:370} INFO - Running <TaskInstance: ingest_data.get_data_to_ingest_from_local_file_task scheduled__2022-06-12T08:22:00+00:00 [running]> on host DESKTOP-GDPK8BL.localdomain
[2022-06-12 19:41:20,756] {taskinstance.py:1569} INFO - Exporting the following env vars:
AIRFLOW_CTX_DAG_OWNER=airflow
AIRFLOW_CTX_DAG_ID=ingest_data
AIRFLOW_CTX_TASK_ID=get_data_to_ingest_from_local_file_task
AIRFLOW_CTX_EXECUTION_DATE=2022-06-12T08:22:00+00:00
AIRFLOW_CTX_TRY_NUMBER=1
AIRFLOW_CTX_DAG_RUN_ID=scheduled__2022-06-12T08:22:00+00:00
[2022-06-12 19:41:20,827] {python.py:173} INFO - Done. Returned value was:           AT      V       AP     RH      PE
22395  21.12  63.56  1014.16  81.42  445.90
5153   19.65  62.10  1019.46  77.82  449.13
21611  13.95  40.20  1013.18  90.77  464.79
38326  31.12  69.13  1009.61  56.54  429.41
47163  12.11  38.28  1013.56  93.21  469.93
[2022-06-12 19:41:21,001] {taskinstance.py:1395} INFO - Marking task as SUCCESS. dag_id=ingest_data, task_id=get_data_to_ingest_from_local_file_task, execution_date=20220612T082200, start_date=20220612T174120, end_date=20220612T174121
[2022-06-12 19:41:21,080] {local_task_job.py:156} INFO - Task exited with return code 0
[2022-06-12 19:41:21,306] {local_task_job.py:273} INFO - 1 downstream tasks scheduled from follow-on schedule check
