[2022-06-12 16:32:05,952] {taskinstance.py:1159} INFO - Dependencies all met for <TaskInstance: ingest_data.get_data_to_ingest_from_local_file_task scheduled__2022-06-12T00:31:00+00:00 [queued]>
[2022-06-12 16:32:05,982] {taskinstance.py:1159} INFO - Dependencies all met for <TaskInstance: ingest_data.get_data_to_ingest_from_local_file_task scheduled__2022-06-12T00:31:00+00:00 [queued]>
[2022-06-12 16:32:05,983] {taskinstance.py:1356} INFO - 
--------------------------------------------------------------------------------
[2022-06-12 16:32:05,983] {taskinstance.py:1357} INFO - Starting attempt 1 of 1
[2022-06-12 16:32:05,984] {taskinstance.py:1358} INFO - 
--------------------------------------------------------------------------------
[2022-06-12 16:32:06,054] {taskinstance.py:1377} INFO - Executing <Task(_PythonDecoratedOperator): get_data_to_ingest_from_local_file_task> on 2022-06-12 00:31:00+00:00
[2022-06-12 16:32:06,060] {standard_task_runner.py:52} INFO - Started process 4202 to run task
[2022-06-12 16:32:06,066] {standard_task_runner.py:79} INFO - Running: ['airflow', 'tasks', 'run', 'ingest_data', 'get_data_to_ingest_from_local_file_task', 'scheduled__2022-06-12T00:31:00+00:00', '--job-id', '455', '--raw', '--subdir', 'DAGS_FOLDER/ingestion_dag.py', '--cfg-path', '/tmp/tmp1y5kw_u7', '--error-file', '/tmp/tmpepfsswg6']
[2022-06-12 16:32:06,067] {standard_task_runner.py:80} INFO - Job 455: Subtask get_data_to_ingest_from_local_file_task
[2022-06-12 16:32:06,201] {task_command.py:370} INFO - Running <TaskInstance: ingest_data.get_data_to_ingest_from_local_file_task scheduled__2022-06-12T00:31:00+00:00 [running]> on host DESKTOP-GDPK8BL.localdomain
[2022-06-12 16:32:06,517] {taskinstance.py:1569} INFO - Exporting the following env vars:
AIRFLOW_CTX_DAG_OWNER=airflow
AIRFLOW_CTX_DAG_ID=ingest_data
AIRFLOW_CTX_TASK_ID=get_data_to_ingest_from_local_file_task
AIRFLOW_CTX_EXECUTION_DATE=2022-06-12T00:31:00+00:00
AIRFLOW_CTX_TRY_NUMBER=1
AIRFLOW_CTX_DAG_RUN_ID=scheduled__2022-06-12T00:31:00+00:00
[2022-06-12 16:32:06,588] {python.py:173} INFO - Done. Returned value was:           AT      V       AP     RH      PE
16563   8.83  43.56  1014.90  81.55  482.43
44281  21.52  66.51  1015.32  72.85  444.87
10080  21.65  56.89  1013.13  66.07  445.93
19131  17.10  49.69  1005.53  81.82  457.32
33688  27.14  63.13  1013.38  75.68  438.82
[2022-06-12 16:32:06,693] {taskinstance.py:1395} INFO - Marking task as SUCCESS. dag_id=ingest_data, task_id=get_data_to_ingest_from_local_file_task, execution_date=20220612T003100, start_date=20220612T143205, end_date=20220612T143206
[2022-06-12 16:32:06,762] {local_task_job.py:156} INFO - Task exited with return code 0
[2022-06-12 16:32:06,967] {local_task_job.py:273} INFO - 1 downstream tasks scheduled from follow-on schedule check
