[2022-06-12 16:30:00,290] {taskinstance.py:1159} INFO - Dependencies all met for <TaskInstance: ingest_data.get_data_to_ingest_from_local_file_task scheduled__2022-06-12T00:17:00+00:00 [queued]>
[2022-06-12 16:30:00,331] {taskinstance.py:1159} INFO - Dependencies all met for <TaskInstance: ingest_data.get_data_to_ingest_from_local_file_task scheduled__2022-06-12T00:17:00+00:00 [queued]>
[2022-06-12 16:30:00,332] {taskinstance.py:1356} INFO - 
--------------------------------------------------------------------------------
[2022-06-12 16:30:00,332] {taskinstance.py:1357} INFO - Starting attempt 1 of 1
[2022-06-12 16:30:00,333] {taskinstance.py:1358} INFO - 
--------------------------------------------------------------------------------
[2022-06-12 16:30:00,393] {taskinstance.py:1377} INFO - Executing <Task(_PythonDecoratedOperator): get_data_to_ingest_from_local_file_task> on 2022-06-12 00:17:00+00:00
[2022-06-12 16:30:00,405] {standard_task_runner.py:79} INFO - Running: ['airflow', 'tasks', 'run', 'ingest_data', 'get_data_to_ingest_from_local_file_task', 'scheduled__2022-06-12T00:17:00+00:00', '--job-id', '427', '--raw', '--subdir', 'DAGS_FOLDER/ingestion_dag.py', '--cfg-path', '/tmp/tmpa_o4xuv_', '--error-file', '/tmp/tmp86wdusxn']
[2022-06-12 16:30:00,408] {standard_task_runner.py:80} INFO - Job 427: Subtask get_data_to_ingest_from_local_file_task
[2022-06-12 16:30:00,399] {standard_task_runner.py:52} INFO - Started process 3996 to run task
[2022-06-12 16:30:00,560] {task_command.py:370} INFO - Running <TaskInstance: ingest_data.get_data_to_ingest_from_local_file_task scheduled__2022-06-12T00:17:00+00:00 [running]> on host DESKTOP-GDPK8BL.localdomain
[2022-06-12 16:30:00,963] {taskinstance.py:1569} INFO - Exporting the following env vars:
AIRFLOW_CTX_DAG_OWNER=airflow
AIRFLOW_CTX_DAG_ID=ingest_data
AIRFLOW_CTX_TASK_ID=get_data_to_ingest_from_local_file_task
AIRFLOW_CTX_EXECUTION_DATE=2022-06-12T00:17:00+00:00
AIRFLOW_CTX_TRY_NUMBER=1
AIRFLOW_CTX_DAG_RUN_ID=scheduled__2022-06-12T00:17:00+00:00
[2022-06-12 16:30:01,049] {python.py:173} INFO - Done. Returned value was:           AT      V       AP     RH      PE
15605  18.30  44.06  1017.95  63.24  456.32
46831  15.57  44.68  1022.01  90.02  460.91
43697  28.36  68.08  1013.34  42.82  434.54
34494  23.35  47.01  1015.03  73.90  456.30
8253   16.01  43.69  1017.12  62.43  465.89
[2022-06-12 16:30:01,182] {taskinstance.py:1395} INFO - Marking task as SUCCESS. dag_id=ingest_data, task_id=get_data_to_ingest_from_local_file_task, execution_date=20220612T001700, start_date=20220612T143000, end_date=20220612T143001
[2022-06-12 16:30:01,269] {local_task_job.py:156} INFO - Task exited with return code 0
[2022-06-12 16:30:01,486] {local_task_job.py:273} INFO - 1 downstream tasks scheduled from follow-on schedule check
