[2022-06-12 17:18:56,929] {taskinstance.py:1159} INFO - Dependencies all met for <TaskInstance: ingest_data.get_data_to_ingest_from_local_file_task scheduled__2022-06-12T04:56:00+00:00 [queued]>
[2022-06-12 17:18:56,960] {taskinstance.py:1159} INFO - Dependencies all met for <TaskInstance: ingest_data.get_data_to_ingest_from_local_file_task scheduled__2022-06-12T04:56:00+00:00 [queued]>
[2022-06-12 17:18:56,960] {taskinstance.py:1356} INFO - 
--------------------------------------------------------------------------------
[2022-06-12 17:18:56,961] {taskinstance.py:1357} INFO - Starting attempt 1 of 1
[2022-06-12 17:18:56,962] {taskinstance.py:1358} INFO - 
--------------------------------------------------------------------------------
[2022-06-12 17:18:57,023] {taskinstance.py:1377} INFO - Executing <Task(_PythonDecoratedOperator): get_data_to_ingest_from_local_file_task> on 2022-06-12 04:56:00+00:00
[2022-06-12 17:18:57,029] {standard_task_runner.py:52} INFO - Started process 8147 to run task
[2022-06-12 17:18:57,045] {standard_task_runner.py:79} INFO - Running: ['airflow', 'tasks', 'run', 'ingest_data', 'get_data_to_ingest_from_local_file_task', 'scheduled__2022-06-12T04:56:00+00:00', '--job-id', '985', '--raw', '--subdir', 'DAGS_FOLDER/ingestion_dag.py', '--cfg-path', '/tmp/tmpt925en0o', '--error-file', '/tmp/tmpczzdtxj_']
[2022-06-12 17:18:57,048] {standard_task_runner.py:80} INFO - Job 985: Subtask get_data_to_ingest_from_local_file_task
[2022-06-12 17:18:57,207] {task_command.py:370} INFO - Running <TaskInstance: ingest_data.get_data_to_ingest_from_local_file_task scheduled__2022-06-12T04:56:00+00:00 [running]> on host DESKTOP-GDPK8BL.localdomain
[2022-06-12 17:18:57,648] {taskinstance.py:1569} INFO - Exporting the following env vars:
AIRFLOW_CTX_DAG_OWNER=airflow
AIRFLOW_CTX_DAG_ID=ingest_data
AIRFLOW_CTX_TASK_ID=get_data_to_ingest_from_local_file_task
AIRFLOW_CTX_EXECUTION_DATE=2022-06-12T04:56:00+00:00
AIRFLOW_CTX_TRY_NUMBER=1
AIRFLOW_CTX_DAG_RUN_ID=scheduled__2022-06-12T04:56:00+00:00
[2022-06-12 17:18:57,724] {python.py:173} INFO - Done. Returned value was:           AT      V       AP     RH      PE
27494  11.49  39.22  1016.35  53.11  471.47
8031   18.09  43.72  1008.64  74.15  453.02
21462  23.48  70.79  1006.70  88.57  432.25
3606   10.39  40.96  1023.51  84.73  479.00
18162   6.77  40.78  1024.86  96.58  478.24
[2022-06-12 17:18:57,872] {taskinstance.py:1395} INFO - Marking task as SUCCESS. dag_id=ingest_data, task_id=get_data_to_ingest_from_local_file_task, execution_date=20220612T045600, start_date=20220612T151856, end_date=20220612T151857
[2022-06-12 17:18:57,983] {local_task_job.py:156} INFO - Task exited with return code 0
[2022-06-12 17:18:58,251] {local_task_job.py:273} INFO - 1 downstream tasks scheduled from follow-on schedule check
