[2022-06-12 16:51:52,486] {taskinstance.py:1159} INFO - Dependencies all met for <TaskInstance: ingest_data.get_data_to_ingest_from_local_file_task scheduled__2022-06-12T02:23:00+00:00 [queued]>
[2022-06-12 16:51:52,520] {taskinstance.py:1159} INFO - Dependencies all met for <TaskInstance: ingest_data.get_data_to_ingest_from_local_file_task scheduled__2022-06-12T02:23:00+00:00 [queued]>
[2022-06-12 16:51:52,521] {taskinstance.py:1356} INFO - 
--------------------------------------------------------------------------------
[2022-06-12 16:51:52,522] {taskinstance.py:1357} INFO - Starting attempt 1 of 1
[2022-06-12 16:51:52,523] {taskinstance.py:1358} INFO - 
--------------------------------------------------------------------------------
[2022-06-12 16:51:52,644] {taskinstance.py:1377} INFO - Executing <Task(_PythonDecoratedOperator): get_data_to_ingest_from_local_file_task> on 2022-06-12 02:23:00+00:00
[2022-06-12 16:51:52,656] {standard_task_runner.py:52} INFO - Started process 5870 to run task
[2022-06-12 16:51:52,664] {standard_task_runner.py:79} INFO - Running: ['airflow', 'tasks', 'run', 'ingest_data', 'get_data_to_ingest_from_local_file_task', 'scheduled__2022-06-12T02:23:00+00:00', '--job-id', '679', '--raw', '--subdir', 'DAGS_FOLDER/ingestion_dag.py', '--cfg-path', '/tmp/tmpahj2557k', '--error-file', '/tmp/tmpb9of2x5c']
[2022-06-12 16:51:52,666] {standard_task_runner.py:80} INFO - Job 679: Subtask get_data_to_ingest_from_local_file_task
[2022-06-12 16:51:52,815] {task_command.py:370} INFO - Running <TaskInstance: ingest_data.get_data_to_ingest_from_local_file_task scheduled__2022-06-12T02:23:00+00:00 [running]> on host DESKTOP-GDPK8BL.localdomain
[2022-06-12 16:51:53,225] {taskinstance.py:1569} INFO - Exporting the following env vars:
AIRFLOW_CTX_DAG_OWNER=airflow
AIRFLOW_CTX_DAG_ID=ingest_data
AIRFLOW_CTX_TASK_ID=get_data_to_ingest_from_local_file_task
AIRFLOW_CTX_EXECUTION_DATE=2022-06-12T02:23:00+00:00
AIRFLOW_CTX_TRY_NUMBER=1
AIRFLOW_CTX_DAG_RUN_ID=scheduled__2022-06-12T02:23:00+00:00
[2022-06-12 16:51:53,297] {python.py:173} INFO - Done. Returned value was:           AT      V       AP     RH      PE
20298  17.72  50.90  1012.02  85.55  456.40
2656   24.03  58.46  1015.71  70.15  442.03
3219   19.82  63.90  1013.19  78.96  449.61
30001  10.20  41.17  1019.56  82.46  479.70
45277  27.35  61.47  1008.43  70.65  443.67
[2022-06-12 16:51:53,437] {taskinstance.py:1395} INFO - Marking task as SUCCESS. dag_id=ingest_data, task_id=get_data_to_ingest_from_local_file_task, execution_date=20220612T022300, start_date=20220612T145152, end_date=20220612T145153
[2022-06-12 16:51:53,524] {local_task_job.py:156} INFO - Task exited with return code 0
[2022-06-12 16:51:53,743] {local_task_job.py:273} INFO - 1 downstream tasks scheduled from follow-on schedule check
