[2022-06-12 19:42:12,404] {taskinstance.py:1159} INFO - Dependencies all met for <TaskInstance: ingest_data.get_data_to_ingest_from_local_file_task scheduled__2022-06-12T08:28:00+00:00 [queued]>
[2022-06-12 19:42:12,438] {taskinstance.py:1159} INFO - Dependencies all met for <TaskInstance: ingest_data.get_data_to_ingest_from_local_file_task scheduled__2022-06-12T08:28:00+00:00 [queued]>
[2022-06-12 19:42:12,439] {taskinstance.py:1356} INFO - 
--------------------------------------------------------------------------------
[2022-06-12 19:42:12,439] {taskinstance.py:1357} INFO - Starting attempt 1 of 1
[2022-06-12 19:42:12,440] {taskinstance.py:1358} INFO - 
--------------------------------------------------------------------------------
[2022-06-12 19:42:12,497] {taskinstance.py:1377} INFO - Executing <Task(_PythonDecoratedOperator): get_data_to_ingest_from_local_file_task> on 2022-06-12 08:28:00+00:00
[2022-06-12 19:42:12,503] {standard_task_runner.py:52} INFO - Started process 11282 to run task
[2022-06-12 19:42:12,510] {standard_task_runner.py:79} INFO - Running: ['airflow', 'tasks', 'run', 'ingest_data', 'get_data_to_ingest_from_local_file_task', 'scheduled__2022-06-12T08:28:00+00:00', '--job-id', '1409', '--raw', '--subdir', 'DAGS_FOLDER/ingestion_dag.py', '--cfg-path', '/tmp/tmp19zdf76k', '--error-file', '/tmp/tmp9xeyffdl']
[2022-06-12 19:42:12,511] {standard_task_runner.py:80} INFO - Job 1409: Subtask get_data_to_ingest_from_local_file_task
[2022-06-12 19:42:12,656] {task_command.py:370} INFO - Running <TaskInstance: ingest_data.get_data_to_ingest_from_local_file_task scheduled__2022-06-12T08:28:00+00:00 [running]> on host DESKTOP-GDPK8BL.localdomain
[2022-06-12 19:42:13,122] {taskinstance.py:1569} INFO - Exporting the following env vars:
AIRFLOW_CTX_DAG_OWNER=airflow
AIRFLOW_CTX_DAG_ID=ingest_data
AIRFLOW_CTX_TASK_ID=get_data_to_ingest_from_local_file_task
AIRFLOW_CTX_EXECUTION_DATE=2022-06-12T08:28:00+00:00
AIRFLOW_CTX_TRY_NUMBER=1
AIRFLOW_CTX_DAG_RUN_ID=scheduled__2022-06-12T08:28:00+00:00
[2022-06-12 19:42:13,194] {python.py:173} INFO - Done. Returned value was:           AT      V       AP     RH      PE
10382   8.01  41.66  1014.49  76.72  485.13
11699  29.45  68.84  1011.64  59.70  438.41
43459  17.34  44.78  1007.81  56.38  454.97
41151  28.18  49.30  1003.97  55.56  438.91
17583  26.11  69.84  1002.57  84.99  427.45
[2022-06-12 19:42:13,356] {taskinstance.py:1395} INFO - Marking task as SUCCESS. dag_id=ingest_data, task_id=get_data_to_ingest_from_local_file_task, execution_date=20220612T082800, start_date=20220612T174212, end_date=20220612T174213
[2022-06-12 19:42:13,448] {local_task_job.py:156} INFO - Task exited with return code 0
[2022-06-12 19:42:13,670] {local_task_job.py:273} INFO - 1 downstream tasks scheduled from follow-on schedule check
