[2022-06-12 14:48:15,255] {taskinstance.py:1159} INFO - Dependencies all met for <TaskInstance: ingest_data.get_data_to_ingest_from_local_file_task scheduled__2022-06-11T21:24:00+00:00 [queued]>
[2022-06-12 14:48:15,282] {taskinstance.py:1159} INFO - Dependencies all met for <TaskInstance: ingest_data.get_data_to_ingest_from_local_file_task scheduled__2022-06-11T21:24:00+00:00 [queued]>
[2022-06-12 14:48:15,282] {taskinstance.py:1356} INFO - 
--------------------------------------------------------------------------------
[2022-06-12 14:48:15,283] {taskinstance.py:1357} INFO - Starting attempt 1 of 1
[2022-06-12 14:48:15,283] {taskinstance.py:1358} INFO - 
--------------------------------------------------------------------------------
[2022-06-12 14:48:15,367] {taskinstance.py:1377} INFO - Executing <Task(_PythonDecoratedOperator): get_data_to_ingest_from_local_file_task> on 2022-06-11 21:24:00+00:00
[2022-06-12 14:48:15,380] {standard_task_runner.py:79} INFO - Running: ['airflow', 'tasks', 'run', 'ingest_data', 'get_data_to_ingest_from_local_file_task', 'scheduled__2022-06-11T21:24:00+00:00', '--job-id', '82', '--raw', '--subdir', 'DAGS_FOLDER/ingestion_dag.py', '--cfg-path', '/tmp/tmpyj5ygf7o', '--error-file', '/tmp/tmpjzn2f67n']
[2022-06-12 14:48:15,382] {standard_task_runner.py:80} INFO - Job 82: Subtask get_data_to_ingest_from_local_file_task
[2022-06-12 14:48:15,374] {standard_task_runner.py:52} INFO - Started process 1149 to run task
[2022-06-12 14:48:15,529] {task_command.py:370} INFO - Running <TaskInstance: ingest_data.get_data_to_ingest_from_local_file_task scheduled__2022-06-11T21:24:00+00:00 [running]> on host DESKTOP-GDPK8BL.localdomain
[2022-06-12 14:48:15,833] {taskinstance.py:1569} INFO - Exporting the following env vars:
AIRFLOW_CTX_DAG_OWNER=airflow
AIRFLOW_CTX_DAG_ID=ingest_data
AIRFLOW_CTX_TASK_ID=get_data_to_ingest_from_local_file_task
AIRFLOW_CTX_EXECUTION_DATE=2022-06-11T21:24:00+00:00
AIRFLOW_CTX_TRY_NUMBER=1
AIRFLOW_CTX_DAG_RUN_ID=scheduled__2022-06-11T21:24:00+00:00
[2022-06-12 14:48:15,915] {python.py:173} INFO - Done. Returned value was:           AT      V       AP     RH      PE
3126   13.92  43.41  1015.12  61.64  464.76
24200  17.47  58.16  1016.36  82.26  456.97
20228  27.50  59.54  1004.88  72.70  438.81
45890  21.75  65.12  1015.53  66.00  452.89
21085  32.18  69.75  1009.94  52.91  438.26
[2022-06-12 14:48:16,027] {taskinstance.py:1395} INFO - Marking task as SUCCESS. dag_id=ingest_data, task_id=get_data_to_ingest_from_local_file_task, execution_date=20220611T212400, start_date=20220612T124815, end_date=20220612T124816
[2022-06-12 14:48:16,087] {local_task_job.py:156} INFO - Task exited with return code 0
[2022-06-12 14:48:16,304] {local_task_job.py:273} INFO - 1 downstream tasks scheduled from follow-on schedule check
