[2022-06-12 17:08:23,465] {taskinstance.py:1159} INFO - Dependencies all met for <TaskInstance: ingest_data.get_data_to_ingest_from_local_file_task scheduled__2022-06-12T03:57:00+00:00 [queued]>
[2022-06-12 17:08:23,497] {taskinstance.py:1159} INFO - Dependencies all met for <TaskInstance: ingest_data.get_data_to_ingest_from_local_file_task scheduled__2022-06-12T03:57:00+00:00 [queued]>
[2022-06-12 17:08:23,498] {taskinstance.py:1356} INFO - 
--------------------------------------------------------------------------------
[2022-06-12 17:08:23,498] {taskinstance.py:1357} INFO - Starting attempt 1 of 1
[2022-06-12 17:08:23,499] {taskinstance.py:1358} INFO - 
--------------------------------------------------------------------------------
[2022-06-12 17:08:23,560] {taskinstance.py:1377} INFO - Executing <Task(_PythonDecoratedOperator): get_data_to_ingest_from_local_file_task> on 2022-06-12 03:57:00+00:00
[2022-06-12 17:08:23,573] {standard_task_runner.py:79} INFO - Running: ['airflow', 'tasks', 'run', 'ingest_data', 'get_data_to_ingest_from_local_file_task', 'scheduled__2022-06-12T03:57:00+00:00', '--job-id', '867', '--raw', '--subdir', 'DAGS_FOLDER/ingestion_dag.py', '--cfg-path', '/tmp/tmpehy9bxc9', '--error-file', '/tmp/tmpn0o2ofqa']
[2022-06-12 17:08:23,566] {standard_task_runner.py:52} INFO - Started process 7267 to run task
[2022-06-12 17:08:23,577] {standard_task_runner.py:80} INFO - Job 867: Subtask get_data_to_ingest_from_local_file_task
[2022-06-12 17:08:23,719] {task_command.py:370} INFO - Running <TaskInstance: ingest_data.get_data_to_ingest_from_local_file_task scheduled__2022-06-12T03:57:00+00:00 [running]> on host DESKTOP-GDPK8BL.localdomain
[2022-06-12 17:08:24,222] {taskinstance.py:1569} INFO - Exporting the following env vars:
AIRFLOW_CTX_DAG_OWNER=airflow
AIRFLOW_CTX_DAG_ID=ingest_data
AIRFLOW_CTX_TASK_ID=get_data_to_ingest_from_local_file_task
AIRFLOW_CTX_EXECUTION_DATE=2022-06-12T03:57:00+00:00
AIRFLOW_CTX_TRY_NUMBER=1
AIRFLOW_CTX_DAG_RUN_ID=scheduled__2022-06-12T03:57:00+00:00
[2022-06-12 17:08:24,296] {python.py:173} INFO - Done. Returned value was:           AT      V       AP     RH      PE
40201   9.33  42.49  1008.93  82.59  478.43
24245   3.38  39.64  1011.00  81.22  488.92
26958  12.88  42.74  1026.25  74.54  470.89
15572  26.44  54.20  1012.65  48.02  444.78
3031   23.13  61.47  1008.96  85.50  438.80
[2022-06-12 17:08:24,645] {taskinstance.py:1395} INFO - Marking task as SUCCESS. dag_id=ingest_data, task_id=get_data_to_ingest_from_local_file_task, execution_date=20220612T035700, start_date=20220612T150823, end_date=20220612T150824
[2022-06-12 17:08:24,799] {local_task_job.py:156} INFO - Task exited with return code 0
[2022-06-12 17:08:25,045] {local_task_job.py:273} INFO - 1 downstream tasks scheduled from follow-on schedule check
