[2022-06-12 16:03:38,085] {taskinstance.py:1159} INFO - Dependencies all met for <TaskInstance: ingest_data.get_data_to_ingest_from_local_file_task scheduled__2022-06-11T21:45:00+00:00 [queued]>
[2022-06-12 16:03:38,109] {taskinstance.py:1159} INFO - Dependencies all met for <TaskInstance: ingest_data.get_data_to_ingest_from_local_file_task scheduled__2022-06-11T21:45:00+00:00 [queued]>
[2022-06-12 16:03:38,110] {taskinstance.py:1356} INFO - 
--------------------------------------------------------------------------------
[2022-06-12 16:03:38,110] {taskinstance.py:1357} INFO - Starting attempt 1 of 1
[2022-06-12 16:03:38,111] {taskinstance.py:1358} INFO - 
--------------------------------------------------------------------------------
[2022-06-12 16:03:38,163] {taskinstance.py:1377} INFO - Executing <Task(_PythonDecoratedOperator): get_data_to_ingest_from_local_file_task> on 2022-06-11 21:45:00+00:00
[2022-06-12 16:03:38,170] {standard_task_runner.py:52} INFO - Started process 1509 to run task
[2022-06-12 16:03:38,176] {standard_task_runner.py:79} INFO - Running: ['airflow', 'tasks', 'run', 'ingest_data', 'get_data_to_ingest_from_local_file_task', 'scheduled__2022-06-11T21:45:00+00:00', '--job-id', '124', '--raw', '--subdir', 'DAGS_FOLDER/ingestion_dag.py', '--cfg-path', '/tmp/tmpmba9al61', '--error-file', '/tmp/tmpaaogghnq']
[2022-06-12 16:03:38,178] {standard_task_runner.py:80} INFO - Job 124: Subtask get_data_to_ingest_from_local_file_task
[2022-06-12 16:03:38,336] {task_command.py:370} INFO - Running <TaskInstance: ingest_data.get_data_to_ingest_from_local_file_task scheduled__2022-06-11T21:45:00+00:00 [running]> on host DESKTOP-GDPK8BL.localdomain
[2022-06-12 16:03:38,661] {taskinstance.py:1569} INFO - Exporting the following env vars:
AIRFLOW_CTX_DAG_OWNER=airflow
AIRFLOW_CTX_DAG_ID=ingest_data
AIRFLOW_CTX_TASK_ID=get_data_to_ingest_from_local_file_task
AIRFLOW_CTX_EXECUTION_DATE=2022-06-11T21:45:00+00:00
AIRFLOW_CTX_TRY_NUMBER=1
AIRFLOW_CTX_DAG_RUN_ID=scheduled__2022-06-11T21:45:00+00:00
[2022-06-12 16:03:38,743] {python.py:173} INFO - Done. Returned value was:           AT      V       AP     RH      PE
13809  28.02  71.77  1006.50  72.41  428.58
4818   18.24  58.46  1017.38  86.92  449.63
37869  20.86  63.73  1008.54  96.83  440.42
11081  25.99  71.32  1007.17  83.23  432.41
36437  25.04  65.48  1017.66  57.08  440.92
[2022-06-12 16:03:38,846] {taskinstance.py:1395} INFO - Marking task as SUCCESS. dag_id=ingest_data, task_id=get_data_to_ingest_from_local_file_task, execution_date=20220611T214500, start_date=20220612T140338, end_date=20220612T140338
[2022-06-12 16:03:38,914] {local_task_job.py:156} INFO - Task exited with return code 0
[2022-06-12 16:03:39,113] {local_task_job.py:273} INFO - 1 downstream tasks scheduled from follow-on schedule check
