[2022-06-12 16:05:55,542] {taskinstance.py:1159} INFO - Dependencies all met for <TaskInstance: ingest_data.get_data_to_ingest_from_local_file_task scheduled__2022-06-11T21:59:00+00:00 [queued]>
[2022-06-12 16:05:55,569] {taskinstance.py:1159} INFO - Dependencies all met for <TaskInstance: ingest_data.get_data_to_ingest_from_local_file_task scheduled__2022-06-11T21:59:00+00:00 [queued]>
[2022-06-12 16:05:55,569] {taskinstance.py:1356} INFO - 
--------------------------------------------------------------------------------
[2022-06-12 16:05:55,572] {taskinstance.py:1357} INFO - Starting attempt 1 of 1
[2022-06-12 16:05:55,573] {taskinstance.py:1358} INFO - 
--------------------------------------------------------------------------------
[2022-06-12 16:05:55,626] {taskinstance.py:1377} INFO - Executing <Task(_PythonDecoratedOperator): get_data_to_ingest_from_local_file_task> on 2022-06-11 21:59:00+00:00
[2022-06-12 16:05:55,633] {standard_task_runner.py:52} INFO - Started process 1747 to run task
[2022-06-12 16:05:55,642] {standard_task_runner.py:79} INFO - Running: ['airflow', 'tasks', 'run', 'ingest_data', 'get_data_to_ingest_from_local_file_task', 'scheduled__2022-06-11T21:59:00+00:00', '--job-id', '152', '--raw', '--subdir', 'DAGS_FOLDER/ingestion_dag.py', '--cfg-path', '/tmp/tmpp0g08oqs', '--error-file', '/tmp/tmppc52xf01']
[2022-06-12 16:05:55,643] {standard_task_runner.py:80} INFO - Job 152: Subtask get_data_to_ingest_from_local_file_task
[2022-06-12 16:05:55,786] {task_command.py:370} INFO - Running <TaskInstance: ingest_data.get_data_to_ingest_from_local_file_task scheduled__2022-06-11T21:59:00+00:00 [running]> on host DESKTOP-GDPK8BL.localdomain
[2022-06-12 16:05:56,114] {taskinstance.py:1569} INFO - Exporting the following env vars:
AIRFLOW_CTX_DAG_OWNER=airflow
AIRFLOW_CTX_DAG_ID=ingest_data
AIRFLOW_CTX_TASK_ID=get_data_to_ingest_from_local_file_task
AIRFLOW_CTX_EXECUTION_DATE=2022-06-11T21:59:00+00:00
AIRFLOW_CTX_TRY_NUMBER=1
AIRFLOW_CTX_DAG_RUN_ID=scheduled__2022-06-11T21:59:00+00:00
[2022-06-12 16:05:56,201] {python.py:173} INFO - Done. Returned value was:           AT      V       AP      RH      PE
28275  21.85  58.33  1013.03   66.39  447.31
23826   8.51  39.66  1015.16   86.61  483.54
16266   9.82  37.83  1005.29  100.07  473.66
28128  23.63  73.50  1011.46   89.39  438.21
24197   9.38  41.44  1015.09   86.80  481.96
[2022-06-12 16:05:56,301] {taskinstance.py:1395} INFO - Marking task as SUCCESS. dag_id=ingest_data, task_id=get_data_to_ingest_from_local_file_task, execution_date=20220611T215900, start_date=20220612T140555, end_date=20220612T140556
[2022-06-12 16:05:56,378] {local_task_job.py:156} INFO - Task exited with return code 0
[2022-06-12 16:05:56,576] {local_task_job.py:273} INFO - 1 downstream tasks scheduled from follow-on schedule check
