[2022-06-12 17:24:13,457] {taskinstance.py:1159} INFO - Dependencies all met for <TaskInstance: ingest_data.get_data_to_ingest_from_local_file_task scheduled__2022-06-12T05:29:00+00:00 [queued]>
[2022-06-12 17:24:13,489] {taskinstance.py:1159} INFO - Dependencies all met for <TaskInstance: ingest_data.get_data_to_ingest_from_local_file_task scheduled__2022-06-12T05:29:00+00:00 [queued]>
[2022-06-12 17:24:13,490] {taskinstance.py:1356} INFO - 
--------------------------------------------------------------------------------
[2022-06-12 17:24:13,490] {taskinstance.py:1357} INFO - Starting attempt 1 of 1
[2022-06-12 17:24:13,491] {taskinstance.py:1358} INFO - 
--------------------------------------------------------------------------------
[2022-06-12 17:24:13,567] {taskinstance.py:1377} INFO - Executing <Task(_PythonDecoratedOperator): get_data_to_ingest_from_local_file_task> on 2022-06-12 05:29:00+00:00
[2022-06-12 17:24:13,573] {standard_task_runner.py:52} INFO - Started process 8641 to run task
[2022-06-12 17:24:13,580] {standard_task_runner.py:79} INFO - Running: ['airflow', 'tasks', 'run', 'ingest_data', 'get_data_to_ingest_from_local_file_task', 'scheduled__2022-06-12T05:29:00+00:00', '--job-id', '1052', '--raw', '--subdir', 'DAGS_FOLDER/ingestion_dag.py', '--cfg-path', '/tmp/tmpgf_ha7_o', '--error-file', '/tmp/tmpidqq8f1m']
[2022-06-12 17:24:13,582] {standard_task_runner.py:80} INFO - Job 1052: Subtask get_data_to_ingest_from_local_file_task
[2022-06-12 17:24:13,745] {task_command.py:370} INFO - Running <TaskInstance: ingest_data.get_data_to_ingest_from_local_file_task scheduled__2022-06-12T05:29:00+00:00 [running]> on host DESKTOP-GDPK8BL.localdomain
[2022-06-12 17:24:14,167] {taskinstance.py:1569} INFO - Exporting the following env vars:
AIRFLOW_CTX_DAG_OWNER=airflow
AIRFLOW_CTX_DAG_ID=ingest_data
AIRFLOW_CTX_TASK_ID=get_data_to_ingest_from_local_file_task
AIRFLOW_CTX_EXECUTION_DATE=2022-06-12T05:29:00+00:00
AIRFLOW_CTX_TRY_NUMBER=1
AIRFLOW_CTX_DAG_RUN_ID=scheduled__2022-06-12T05:29:00+00:00
[2022-06-12 17:24:14,243] {python.py:173} INFO - Done. Returned value was:           AT      V       AP     RH      PE
11216   8.64  38.56  1016.51  66.03  484.45
23567  10.16  41.79  1021.35  52.40  472.75
29683  16.73  54.30  1017.96  59.44  460.54
6372   24.34  50.16  1004.78  74.00  445.33
34639  22.17  60.27  1018.21  89.55  443.31
[2022-06-12 17:24:14,403] {taskinstance.py:1395} INFO - Marking task as SUCCESS. dag_id=ingest_data, task_id=get_data_to_ingest_from_local_file_task, execution_date=20220612T052900, start_date=20220612T152413, end_date=20220612T152414
[2022-06-12 17:24:14,482] {local_task_job.py:156} INFO - Task exited with return code 0
[2022-06-12 17:24:14,704] {local_task_job.py:273} INFO - 1 downstream tasks scheduled from follow-on schedule check
