[2022-06-12 16:39:14,318] {taskinstance.py:1159} INFO - Dependencies all met for <TaskInstance: ingest_data.get_data_to_ingest_from_local_file_task scheduled__2022-06-12T01:15:00+00:00 [queued]>
[2022-06-12 16:39:14,348] {taskinstance.py:1159} INFO - Dependencies all met for <TaskInstance: ingest_data.get_data_to_ingest_from_local_file_task scheduled__2022-06-12T01:15:00+00:00 [queued]>
[2022-06-12 16:39:14,348] {taskinstance.py:1356} INFO - 
--------------------------------------------------------------------------------
[2022-06-12 16:39:14,349] {taskinstance.py:1357} INFO - Starting attempt 1 of 1
[2022-06-12 16:39:14,349] {taskinstance.py:1358} INFO - 
--------------------------------------------------------------------------------
[2022-06-12 16:39:14,411] {taskinstance.py:1377} INFO - Executing <Task(_PythonDecoratedOperator): get_data_to_ingest_from_local_file_task> on 2022-06-12 01:15:00+00:00
[2022-06-12 16:39:14,417] {standard_task_runner.py:52} INFO - Started process 4856 to run task
[2022-06-12 16:39:14,423] {standard_task_runner.py:79} INFO - Running: ['airflow', 'tasks', 'run', 'ingest_data', 'get_data_to_ingest_from_local_file_task', 'scheduled__2022-06-12T01:15:00+00:00', '--job-id', '543', '--raw', '--subdir', 'DAGS_FOLDER/ingestion_dag.py', '--cfg-path', '/tmp/tmp_aviy8_p', '--error-file', '/tmp/tmp9a9sjvd3']
[2022-06-12 16:39:14,425] {standard_task_runner.py:80} INFO - Job 543: Subtask get_data_to_ingest_from_local_file_task
[2022-06-12 16:39:14,571] {task_command.py:370} INFO - Running <TaskInstance: ingest_data.get_data_to_ingest_from_local_file_task scheduled__2022-06-12T01:15:00+00:00 [running]> on host DESKTOP-GDPK8BL.localdomain
[2022-06-12 16:39:14,941] {taskinstance.py:1569} INFO - Exporting the following env vars:
AIRFLOW_CTX_DAG_OWNER=airflow
AIRFLOW_CTX_DAG_ID=ingest_data
AIRFLOW_CTX_TASK_ID=get_data_to_ingest_from_local_file_task
AIRFLOW_CTX_EXECUTION_DATE=2022-06-12T01:15:00+00:00
AIRFLOW_CTX_TRY_NUMBER=1
AIRFLOW_CTX_DAG_RUN_ID=scheduled__2022-06-12T01:15:00+00:00
[2022-06-12 16:39:15,006] {python.py:173} INFO - Done. Returned value was:           AT      V       AP     RH      PE
42932   7.68  38.06  1020.92  83.87  483.80
16537   5.78  40.62  1016.55  84.98  484.13
37687  22.75  58.79  1011.44  84.47  445.67
556    14.51  53.82  1016.46  62.75  463.17
38516  19.40  42.44  1013.19  58.63  459.76
[2022-06-12 16:39:15,135] {taskinstance.py:1395} INFO - Marking task as SUCCESS. dag_id=ingest_data, task_id=get_data_to_ingest_from_local_file_task, execution_date=20220612T011500, start_date=20220612T143914, end_date=20220612T143915
[2022-06-12 16:39:15,240] {local_task_job.py:156} INFO - Task exited with return code 0
[2022-06-12 16:39:15,449] {local_task_job.py:273} INFO - 1 downstream tasks scheduled from follow-on schedule check
