[2022-06-12 16:24:38,178] {taskinstance.py:1159} INFO - Dependencies all met for <TaskInstance: ingest_data.get_data_to_ingest_from_local_file_task scheduled__2022-06-11T23:44:00+00:00 [queued]>
[2022-06-12 16:24:38,205] {taskinstance.py:1159} INFO - Dependencies all met for <TaskInstance: ingest_data.get_data_to_ingest_from_local_file_task scheduled__2022-06-11T23:44:00+00:00 [queued]>
[2022-06-12 16:24:38,205] {taskinstance.py:1356} INFO - 
--------------------------------------------------------------------------------
[2022-06-12 16:24:38,206] {taskinstance.py:1357} INFO - Starting attempt 1 of 1
[2022-06-12 16:24:38,206] {taskinstance.py:1358} INFO - 
--------------------------------------------------------------------------------
[2022-06-12 16:24:38,265] {taskinstance.py:1377} INFO - Executing <Task(_PythonDecoratedOperator): get_data_to_ingest_from_local_file_task> on 2022-06-11 23:44:00+00:00
[2022-06-12 16:24:38,273] {standard_task_runner.py:52} INFO - Started process 3507 to run task
[2022-06-12 16:24:38,281] {standard_task_runner.py:79} INFO - Running: ['airflow', 'tasks', 'run', 'ingest_data', 'get_data_to_ingest_from_local_file_task', 'scheduled__2022-06-11T23:44:00+00:00', '--job-id', '361', '--raw', '--subdir', 'DAGS_FOLDER/ingestion_dag.py', '--cfg-path', '/tmp/tmpeoor67qd', '--error-file', '/tmp/tmpc7600xhs']
[2022-06-12 16:24:38,288] {standard_task_runner.py:80} INFO - Job 361: Subtask get_data_to_ingest_from_local_file_task
[2022-06-12 16:24:38,429] {task_command.py:370} INFO - Running <TaskInstance: ingest_data.get_data_to_ingest_from_local_file_task scheduled__2022-06-11T23:44:00+00:00 [running]> on host DESKTOP-GDPK8BL.localdomain
[2022-06-12 16:24:38,768] {taskinstance.py:1569} INFO - Exporting the following env vars:
AIRFLOW_CTX_DAG_OWNER=airflow
AIRFLOW_CTX_DAG_ID=ingest_data
AIRFLOW_CTX_TASK_ID=get_data_to_ingest_from_local_file_task
AIRFLOW_CTX_EXECUTION_DATE=2022-06-11T23:44:00+00:00
AIRFLOW_CTX_TRY_NUMBER=1
AIRFLOW_CTX_DAG_RUN_ID=scheduled__2022-06-11T23:44:00+00:00
[2022-06-12 16:24:38,844] {python.py:173} INFO - Done. Returned value was:           AT      V       AP     RH      PE
31424  19.70  51.30  1014.88  88.10  454.94
3543    8.77  42.49  1010.70  86.78  469.10
43626  31.97  79.74  1007.03  55.84  435.99
25544   5.29  41.38  1020.62  83.83  492.12
14917  21.93  61.45  1008.92  98.54  443.91
[2022-06-12 16:24:38,950] {taskinstance.py:1395} INFO - Marking task as SUCCESS. dag_id=ingest_data, task_id=get_data_to_ingest_from_local_file_task, execution_date=20220611T234400, start_date=20220612T142438, end_date=20220612T142438
[2022-06-12 16:24:39,025] {local_task_job.py:156} INFO - Task exited with return code 0
[2022-06-12 16:24:39,242] {local_task_job.py:273} INFO - 1 downstream tasks scheduled from follow-on schedule check
