[2022-06-12 16:36:54,621] {taskinstance.py:1159} INFO - Dependencies all met for <TaskInstance: ingest_data.get_data_to_ingest_from_local_file_task scheduled__2022-06-12T01:02:00+00:00 [queued]>
[2022-06-12 16:36:54,654] {taskinstance.py:1159} INFO - Dependencies all met for <TaskInstance: ingest_data.get_data_to_ingest_from_local_file_task scheduled__2022-06-12T01:02:00+00:00 [queued]>
[2022-06-12 16:36:54,655] {taskinstance.py:1356} INFO - 
--------------------------------------------------------------------------------
[2022-06-12 16:36:54,656] {taskinstance.py:1357} INFO - Starting attempt 1 of 1
[2022-06-12 16:36:54,656] {taskinstance.py:1358} INFO - 
--------------------------------------------------------------------------------
[2022-06-12 16:36:54,715] {taskinstance.py:1377} INFO - Executing <Task(_PythonDecoratedOperator): get_data_to_ingest_from_local_file_task> on 2022-06-12 01:02:00+00:00
[2022-06-12 16:36:54,722] {standard_task_runner.py:52} INFO - Started process 4660 to run task
[2022-06-12 16:36:54,728] {standard_task_runner.py:79} INFO - Running: ['airflow', 'tasks', 'run', 'ingest_data', 'get_data_to_ingest_from_local_file_task', 'scheduled__2022-06-12T01:02:00+00:00', '--job-id', '517', '--raw', '--subdir', 'DAGS_FOLDER/ingestion_dag.py', '--cfg-path', '/tmp/tmpi0me8y_p', '--error-file', '/tmp/tmprnitqn56']
[2022-06-12 16:36:54,732] {standard_task_runner.py:80} INFO - Job 517: Subtask get_data_to_ingest_from_local_file_task
[2022-06-12 16:36:54,910] {task_command.py:370} INFO - Running <TaskInstance: ingest_data.get_data_to_ingest_from_local_file_task scheduled__2022-06-12T01:02:00+00:00 [running]> on host DESKTOP-GDPK8BL.localdomain
[2022-06-12 16:36:55,334] {taskinstance.py:1569} INFO - Exporting the following env vars:
AIRFLOW_CTX_DAG_OWNER=airflow
AIRFLOW_CTX_DAG_ID=ingest_data
AIRFLOW_CTX_TASK_ID=get_data_to_ingest_from_local_file_task
AIRFLOW_CTX_EXECUTION_DATE=2022-06-12T01:02:00+00:00
AIRFLOW_CTX_TRY_NUMBER=1
AIRFLOW_CTX_DAG_RUN_ID=scheduled__2022-06-12T01:02:00+00:00
[2022-06-12 16:36:55,431] {python.py:173} INFO - Done. Returned value was:           AT      V       AP     RH      PE
9046   23.63  63.57  1011.05  87.96  449.01
6096   22.49  62.96  1020.21  78.99  447.48
32166  12.74  49.83  1007.44  91.47  466.09
43400  22.07  70.72  1010.52  82.96  442.88
6468   28.04  69.14  1007.16  80.38  436.37
[2022-06-12 16:36:55,570] {taskinstance.py:1395} INFO - Marking task as SUCCESS. dag_id=ingest_data, task_id=get_data_to_ingest_from_local_file_task, execution_date=20220612T010200, start_date=20220612T143654, end_date=20220612T143655
[2022-06-12 16:36:55,668] {local_task_job.py:156} INFO - Task exited with return code 0
[2022-06-12 16:36:55,878] {local_task_job.py:273} INFO - 1 downstream tasks scheduled from follow-on schedule check
