[2022-06-12 16:26:06,913] {taskinstance.py:1159} INFO - Dependencies all met for <TaskInstance: ingest_data.get_data_to_ingest_from_local_file_task scheduled__2022-06-11T23:54:00+00:00 [queued]>
[2022-06-12 16:26:06,943] {taskinstance.py:1159} INFO - Dependencies all met for <TaskInstance: ingest_data.get_data_to_ingest_from_local_file_task scheduled__2022-06-11T23:54:00+00:00 [queued]>
[2022-06-12 16:26:06,943] {taskinstance.py:1356} INFO - 
--------------------------------------------------------------------------------
[2022-06-12 16:26:06,944] {taskinstance.py:1357} INFO - Starting attempt 1 of 1
[2022-06-12 16:26:06,945] {taskinstance.py:1358} INFO - 
--------------------------------------------------------------------------------
[2022-06-12 16:26:07,005] {taskinstance.py:1377} INFO - Executing <Task(_PythonDecoratedOperator): get_data_to_ingest_from_local_file_task> on 2022-06-11 23:54:00+00:00
[2022-06-12 16:26:07,015] {standard_task_runner.py:52} INFO - Started process 3654 to run task
[2022-06-12 16:26:07,019] {standard_task_runner.py:79} INFO - Running: ['airflow', 'tasks', 'run', 'ingest_data', 'get_data_to_ingest_from_local_file_task', 'scheduled__2022-06-11T23:54:00+00:00', '--job-id', '381', '--raw', '--subdir', 'DAGS_FOLDER/ingestion_dag.py', '--cfg-path', '/tmp/tmp48rez38s', '--error-file', '/tmp/tmp8vwyznk1']
[2022-06-12 16:26:07,022] {standard_task_runner.py:80} INFO - Job 381: Subtask get_data_to_ingest_from_local_file_task
[2022-06-12 16:26:07,166] {task_command.py:370} INFO - Running <TaskInstance: ingest_data.get_data_to_ingest_from_local_file_task scheduled__2022-06-11T23:54:00+00:00 [running]> on host DESKTOP-GDPK8BL.localdomain
[2022-06-12 16:26:07,519] {taskinstance.py:1569} INFO - Exporting the following env vars:
AIRFLOW_CTX_DAG_OWNER=airflow
AIRFLOW_CTX_DAG_ID=ingest_data
AIRFLOW_CTX_TASK_ID=get_data_to_ingest_from_local_file_task
AIRFLOW_CTX_EXECUTION_DATE=2022-06-11T23:54:00+00:00
AIRFLOW_CTX_TRY_NUMBER=1
AIRFLOW_CTX_DAG_RUN_ID=scheduled__2022-06-11T23:54:00+00:00
[2022-06-12 16:26:07,595] {python.py:173} INFO - Done. Returned value was:           AT      V       AP     RH      PE
40869   9.72  39.66  1018.31  76.07  480.05
32361  13.61  42.34  1017.57  91.35  465.65
19992  16.50  39.72  1003.05  65.99  459.06
24133   8.75  40.22  1008.96  90.53  482.80
17676  16.14  54.30  1017.93  65.68  460.73
[2022-06-12 16:26:07,714] {taskinstance.py:1395} INFO - Marking task as SUCCESS. dag_id=ingest_data, task_id=get_data_to_ingest_from_local_file_task, execution_date=20220611T235400, start_date=20220612T142606, end_date=20220612T142607
[2022-06-12 16:26:07,800] {local_task_job.py:156} INFO - Task exited with return code 0
[2022-06-12 16:26:08,000] {local_task_job.py:273} INFO - 1 downstream tasks scheduled from follow-on schedule check
