[2022-06-12 16:58:18,916] {taskinstance.py:1159} INFO - Dependencies all met for <TaskInstance: ingest_data.get_data_to_ingest_from_local_file_task scheduled__2022-06-12T02:59:00+00:00 [queued]>
[2022-06-12 16:58:18,947] {taskinstance.py:1159} INFO - Dependencies all met for <TaskInstance: ingest_data.get_data_to_ingest_from_local_file_task scheduled__2022-06-12T02:59:00+00:00 [queued]>
[2022-06-12 16:58:18,948] {taskinstance.py:1356} INFO - 
--------------------------------------------------------------------------------
[2022-06-12 16:58:18,949] {taskinstance.py:1357} INFO - Starting attempt 1 of 1
[2022-06-12 16:58:18,950] {taskinstance.py:1358} INFO - 
--------------------------------------------------------------------------------
[2022-06-12 16:58:19,017] {taskinstance.py:1377} INFO - Executing <Task(_PythonDecoratedOperator): get_data_to_ingest_from_local_file_task> on 2022-06-12 02:59:00+00:00
[2022-06-12 16:58:19,024] {standard_task_runner.py:52} INFO - Started process 6405 to run task
[2022-06-12 16:58:19,031] {standard_task_runner.py:79} INFO - Running: ['airflow', 'tasks', 'run', 'ingest_data', 'get_data_to_ingest_from_local_file_task', 'scheduled__2022-06-12T02:59:00+00:00', '--job-id', '751', '--raw', '--subdir', 'DAGS_FOLDER/ingestion_dag.py', '--cfg-path', '/tmp/tmpsvrvj249', '--error-file', '/tmp/tmpz_rfd_wr']
[2022-06-12 16:58:19,033] {standard_task_runner.py:80} INFO - Job 751: Subtask get_data_to_ingest_from_local_file_task
[2022-06-12 16:58:19,176] {task_command.py:370} INFO - Running <TaskInstance: ingest_data.get_data_to_ingest_from_local_file_task scheduled__2022-06-12T02:59:00+00:00 [running]> on host DESKTOP-GDPK8BL.localdomain
[2022-06-12 16:58:19,535] {taskinstance.py:1569} INFO - Exporting the following env vars:
AIRFLOW_CTX_DAG_OWNER=airflow
AIRFLOW_CTX_DAG_ID=ingest_data
AIRFLOW_CTX_TASK_ID=get_data_to_ingest_from_local_file_task
AIRFLOW_CTX_EXECUTION_DATE=2022-06-12T02:59:00+00:00
AIRFLOW_CTX_TRY_NUMBER=1
AIRFLOW_CTX_DAG_RUN_ID=scheduled__2022-06-12T02:59:00+00:00
[2022-06-12 16:58:19,606] {python.py:173} INFO - Done. Returned value was:           AT      V       AP     RH      PE
47227  28.64  69.23  1013.11  37.13  434.40
33841   8.02  40.23  1017.42  90.26  484.22
8498   19.75  54.20  1011.43  83.50  448.89
33859   9.55  40.67  1018.56  70.72  486.34
23317  20.28  63.86  1016.04  74.66  447.26
[2022-06-12 16:58:19,727] {taskinstance.py:1395} INFO - Marking task as SUCCESS. dag_id=ingest_data, task_id=get_data_to_ingest_from_local_file_task, execution_date=20220612T025900, start_date=20220612T145818, end_date=20220612T145819
[2022-06-12 16:58:19,808] {local_task_job.py:156} INFO - Task exited with return code 0
[2022-06-12 16:58:20,038] {local_task_job.py:273} INFO - 1 downstream tasks scheduled from follow-on schedule check
