[2022-06-12 17:47:03,738] {taskinstance.py:1159} INFO - Dependencies all met for <TaskInstance: ingest_data.get_data_to_ingest_from_local_file_task scheduled__2022-06-12T07:55:00+00:00 [queued]>
[2022-06-12 17:47:03,775] {taskinstance.py:1159} INFO - Dependencies all met for <TaskInstance: ingest_data.get_data_to_ingest_from_local_file_task scheduled__2022-06-12T07:55:00+00:00 [queued]>
[2022-06-12 17:47:03,776] {taskinstance.py:1356} INFO - 
--------------------------------------------------------------------------------
[2022-06-12 17:47:03,776] {taskinstance.py:1357} INFO - Starting attempt 1 of 1
[2022-06-12 17:47:03,777] {taskinstance.py:1358} INFO - 
--------------------------------------------------------------------------------
[2022-06-12 17:47:03,843] {taskinstance.py:1377} INFO - Executing <Task(_PythonDecoratedOperator): get_data_to_ingest_from_local_file_task> on 2022-06-12 07:55:00+00:00
[2022-06-12 17:47:03,856] {standard_task_runner.py:79} INFO - Running: ['airflow', 'tasks', 'run', 'ingest_data', 'get_data_to_ingest_from_local_file_task', 'scheduled__2022-06-12T07:55:00+00:00', '--job-id', '1343', '--raw', '--subdir', 'DAGS_FOLDER/ingestion_dag.py', '--cfg-path', '/tmp/tmp44s2npdh', '--error-file', '/tmp/tmpia20x1im']
[2022-06-12 17:47:03,855] {standard_task_runner.py:52} INFO - Started process 10789 to run task
[2022-06-12 17:47:03,859] {standard_task_runner.py:80} INFO - Job 1343: Subtask get_data_to_ingest_from_local_file_task
[2022-06-12 17:47:04,021] {task_command.py:370} INFO - Running <TaskInstance: ingest_data.get_data_to_ingest_from_local_file_task scheduled__2022-06-12T07:55:00+00:00 [running]> on host DESKTOP-GDPK8BL.localdomain
[2022-06-12 17:47:04,500] {taskinstance.py:1569} INFO - Exporting the following env vars:
AIRFLOW_CTX_DAG_OWNER=airflow
AIRFLOW_CTX_DAG_ID=ingest_data
AIRFLOW_CTX_TASK_ID=get_data_to_ingest_from_local_file_task
AIRFLOW_CTX_EXECUTION_DATE=2022-06-12T07:55:00+00:00
AIRFLOW_CTX_TRY_NUMBER=1
AIRFLOW_CTX_DAG_RUN_ID=scheduled__2022-06-12T07:55:00+00:00
[2022-06-12 17:47:04,570] {python.py:173} INFO - Done. Returned value was:           AT      V       AP     RH      PE
26076  14.51  41.79  1009.72  80.62  459.14
39959  10.46  41.06  1021.41  82.34  481.47
27981  29.12  58.84  1001.31  52.86  446.51
19679  27.44  74.90  1003.85  76.65  436.42
33247  28.37  75.60  1017.48  55.19  439.25
[2022-06-12 17:47:04,734] {taskinstance.py:1395} INFO - Marking task as SUCCESS. dag_id=ingest_data, task_id=get_data_to_ingest_from_local_file_task, execution_date=20220612T075500, start_date=20220612T154703, end_date=20220612T154704
[2022-06-12 17:47:04,806] {local_task_job.py:156} INFO - Task exited with return code 0
[2022-06-12 17:47:05,038] {local_task_job.py:273} INFO - 1 downstream tasks scheduled from follow-on schedule check
