[2022-06-12 16:49:01,499] {taskinstance.py:1159} INFO - Dependencies all met for <TaskInstance: ingest_data.get_data_to_ingest_from_local_file_task scheduled__2022-06-12T02:07:00+00:00 [queued]>
[2022-06-12 16:49:01,534] {taskinstance.py:1159} INFO - Dependencies all met for <TaskInstance: ingest_data.get_data_to_ingest_from_local_file_task scheduled__2022-06-12T02:07:00+00:00 [queued]>
[2022-06-12 16:49:01,535] {taskinstance.py:1356} INFO - 
--------------------------------------------------------------------------------
[2022-06-12 16:49:01,535] {taskinstance.py:1357} INFO - Starting attempt 1 of 1
[2022-06-12 16:49:01,536] {taskinstance.py:1358} INFO - 
--------------------------------------------------------------------------------
[2022-06-12 16:49:01,601] {taskinstance.py:1377} INFO - Executing <Task(_PythonDecoratedOperator): get_data_to_ingest_from_local_file_task> on 2022-06-12 02:07:00+00:00
[2022-06-12 16:49:01,607] {standard_task_runner.py:52} INFO - Started process 5632 to run task
[2022-06-12 16:49:01,614] {standard_task_runner.py:79} INFO - Running: ['airflow', 'tasks', 'run', 'ingest_data', 'get_data_to_ingest_from_local_file_task', 'scheduled__2022-06-12T02:07:00+00:00', '--job-id', '647', '--raw', '--subdir', 'DAGS_FOLDER/ingestion_dag.py', '--cfg-path', '/tmp/tmp9t757vno', '--error-file', '/tmp/tmpc5wrqq90']
[2022-06-12 16:49:01,616] {standard_task_runner.py:80} INFO - Job 647: Subtask get_data_to_ingest_from_local_file_task
[2022-06-12 16:49:01,741] {task_command.py:370} INFO - Running <TaskInstance: ingest_data.get_data_to_ingest_from_local_file_task scheduled__2022-06-12T02:07:00+00:00 [running]> on host DESKTOP-GDPK8BL.localdomain
[2022-06-12 16:49:02,090] {taskinstance.py:1569} INFO - Exporting the following env vars:
AIRFLOW_CTX_DAG_OWNER=airflow
AIRFLOW_CTX_DAG_ID=ingest_data
AIRFLOW_CTX_TASK_ID=get_data_to_ingest_from_local_file_task
AIRFLOW_CTX_EXECUTION_DATE=2022-06-12T02:07:00+00:00
AIRFLOW_CTX_TRY_NUMBER=1
AIRFLOW_CTX_DAG_RUN_ID=scheduled__2022-06-12T02:07:00+00:00
[2022-06-12 16:49:02,166] {python.py:173} INFO - Done. Returned value was:           AT      V       AP     RH      PE
19444  15.90  41.35  1005.35  92.89  464.93
11373  15.84  49.69  1015.14  90.41  462.60
6801    8.63  39.96  1024.39  99.47  475.79
27408  14.35  49.83  1006.39  91.23  462.54
43993  24.34  50.16  1004.78  74.00  445.33
[2022-06-12 16:49:02,288] {taskinstance.py:1395} INFO - Marking task as SUCCESS. dag_id=ingest_data, task_id=get_data_to_ingest_from_local_file_task, execution_date=20220612T020700, start_date=20220612T144901, end_date=20220612T144902
[2022-06-12 16:49:02,392] {local_task_job.py:156} INFO - Task exited with return code 0
[2022-06-12 16:49:02,630] {local_task_job.py:273} INFO - 1 downstream tasks scheduled from follow-on schedule check
