[2022-06-12 16:39:42,337] {taskinstance.py:1159} INFO - Dependencies all met for <TaskInstance: ingest_data.get_data_to_ingest_from_local_file_task scheduled__2022-06-12T01:17:00+00:00 [queued]>
[2022-06-12 16:39:42,382] {taskinstance.py:1159} INFO - Dependencies all met for <TaskInstance: ingest_data.get_data_to_ingest_from_local_file_task scheduled__2022-06-12T01:17:00+00:00 [queued]>
[2022-06-12 16:39:42,382] {taskinstance.py:1356} INFO - 
--------------------------------------------------------------------------------
[2022-06-12 16:39:42,383] {taskinstance.py:1357} INFO - Starting attempt 1 of 1
[2022-06-12 16:39:42,384] {taskinstance.py:1358} INFO - 
--------------------------------------------------------------------------------
[2022-06-12 16:39:42,503] {taskinstance.py:1377} INFO - Executing <Task(_PythonDecoratedOperator): get_data_to_ingest_from_local_file_task> on 2022-06-12 01:17:00+00:00
[2022-06-12 16:39:42,515] {standard_task_runner.py:52} INFO - Started process 4892 to run task
[2022-06-12 16:39:42,522] {standard_task_runner.py:79} INFO - Running: ['airflow', 'tasks', 'run', 'ingest_data', 'get_data_to_ingest_from_local_file_task', 'scheduled__2022-06-12T01:17:00+00:00', '--job-id', '548', '--raw', '--subdir', 'DAGS_FOLDER/ingestion_dag.py', '--cfg-path', '/tmp/tmpblwd43e3', '--error-file', '/tmp/tmp2ctl1q54']
[2022-06-12 16:39:42,532] {standard_task_runner.py:80} INFO - Job 548: Subtask get_data_to_ingest_from_local_file_task
[2022-06-12 16:39:43,188] {task_command.py:370} INFO - Running <TaskInstance: ingest_data.get_data_to_ingest_from_local_file_task scheduled__2022-06-12T01:17:00+00:00 [running]> on host DESKTOP-GDPK8BL.localdomain
[2022-06-12 16:39:44,235] {taskinstance.py:1569} INFO - Exporting the following env vars:
AIRFLOW_CTX_DAG_OWNER=airflow
AIRFLOW_CTX_DAG_ID=ingest_data
AIRFLOW_CTX_TASK_ID=get_data_to_ingest_from_local_file_task
AIRFLOW_CTX_EXECUTION_DATE=2022-06-12T01:17:00+00:00
AIRFLOW_CTX_TRY_NUMBER=1
AIRFLOW_CTX_DAG_RUN_ID=scheduled__2022-06-12T01:17:00+00:00
[2022-06-12 16:39:44,387] {python.py:173} INFO - Done. Returned value was:           AT      V       AP     RH      PE
45225  30.75  73.50  1011.02  54.76  429.18
47400  10.03  43.72  1011.46  96.89  473.26
22891  28.12  44.89  1009.18  47.14  441.13
24236   6.06  41.17  1019.67  84.70  489.62
40470  19.04  68.28  1004.52  86.16  444.54
[2022-06-12 16:39:44,615] {taskinstance.py:1395} INFO - Marking task as SUCCESS. dag_id=ingest_data, task_id=get_data_to_ingest_from_local_file_task, execution_date=20220612T011700, start_date=20220612T143942, end_date=20220612T143944
[2022-06-12 16:39:44,721] {local_task_job.py:156} INFO - Task exited with return code 0
[2022-06-12 16:39:45,082] {local_task_job.py:273} INFO - 1 downstream tasks scheduled from follow-on schedule check
