[2022-06-12 16:32:28,598] {taskinstance.py:1159} INFO - Dependencies all met for <TaskInstance: ingest_data.get_data_to_ingest_from_local_file_task scheduled__2022-06-12T00:33:00+00:00 [queued]>
[2022-06-12 16:32:28,628] {taskinstance.py:1159} INFO - Dependencies all met for <TaskInstance: ingest_data.get_data_to_ingest_from_local_file_task scheduled__2022-06-12T00:33:00+00:00 [queued]>
[2022-06-12 16:32:28,628] {taskinstance.py:1356} INFO - 
--------------------------------------------------------------------------------
[2022-06-12 16:32:28,629] {taskinstance.py:1357} INFO - Starting attempt 1 of 1
[2022-06-12 16:32:28,629] {taskinstance.py:1358} INFO - 
--------------------------------------------------------------------------------
[2022-06-12 16:32:28,702] {taskinstance.py:1377} INFO - Executing <Task(_PythonDecoratedOperator): get_data_to_ingest_from_local_file_task> on 2022-06-12 00:33:00+00:00
[2022-06-12 16:32:28,708] {standard_task_runner.py:52} INFO - Started process 4240 to run task
[2022-06-12 16:32:28,715] {standard_task_runner.py:79} INFO - Running: ['airflow', 'tasks', 'run', 'ingest_data', 'get_data_to_ingest_from_local_file_task', 'scheduled__2022-06-12T00:33:00+00:00', '--job-id', '460', '--raw', '--subdir', 'DAGS_FOLDER/ingestion_dag.py', '--cfg-path', '/tmp/tmpyr8k8r44', '--error-file', '/tmp/tmpwrcrphke']
[2022-06-12 16:32:28,717] {standard_task_runner.py:80} INFO - Job 460: Subtask get_data_to_ingest_from_local_file_task
[2022-06-12 16:32:28,858] {task_command.py:370} INFO - Running <TaskInstance: ingest_data.get_data_to_ingest_from_local_file_task scheduled__2022-06-12T00:33:00+00:00 [running]> on host DESKTOP-GDPK8BL.localdomain
[2022-06-12 16:32:29,221] {taskinstance.py:1569} INFO - Exporting the following env vars:
AIRFLOW_CTX_DAG_OWNER=airflow
AIRFLOW_CTX_DAG_ID=ingest_data
AIRFLOW_CTX_TASK_ID=get_data_to_ingest_from_local_file_task
AIRFLOW_CTX_EXECUTION_DATE=2022-06-12T00:33:00+00:00
AIRFLOW_CTX_TRY_NUMBER=1
AIRFLOW_CTX_DAG_RUN_ID=scheduled__2022-06-12T00:33:00+00:00
[2022-06-12 16:32:29,294] {python.py:173} INFO - Done. Returned value was:           AT      V       AP     RH      PE
18090   9.68  41.06  1022.75  87.44  476.67
626    13.22  44.92  1023.84  87.99  471.43
37428  17.37  48.92  1011.91  58.40  455.53
39663  29.29  73.18  1012.40  66.65  430.31
36677  25.09  71.58  1010.17  86.01  434.51
[2022-06-12 16:32:29,413] {taskinstance.py:1395} INFO - Marking task as SUCCESS. dag_id=ingest_data, task_id=get_data_to_ingest_from_local_file_task, execution_date=20220612T003300, start_date=20220612T143228, end_date=20220612T143229
[2022-06-12 16:32:29,494] {local_task_job.py:156} INFO - Task exited with return code 0
[2022-06-12 16:32:29,704] {local_task_job.py:273} INFO - 1 downstream tasks scheduled from follow-on schedule check
