[2022-06-12 17:45:46,884] {taskinstance.py:1159} INFO - Dependencies all met for <TaskInstance: ingest_data.get_data_to_ingest_from_local_file_task scheduled__2022-06-12T07:47:00+00:00 [queued]>
[2022-06-12 17:45:46,917] {taskinstance.py:1159} INFO - Dependencies all met for <TaskInstance: ingest_data.get_data_to_ingest_from_local_file_task scheduled__2022-06-12T07:47:00+00:00 [queued]>
[2022-06-12 17:45:46,918] {taskinstance.py:1356} INFO - 
--------------------------------------------------------------------------------
[2022-06-12 17:45:46,918] {taskinstance.py:1357} INFO - Starting attempt 1 of 1
[2022-06-12 17:45:46,919] {taskinstance.py:1358} INFO - 
--------------------------------------------------------------------------------
[2022-06-12 17:45:46,996] {taskinstance.py:1377} INFO - Executing <Task(_PythonDecoratedOperator): get_data_to_ingest_from_local_file_task> on 2022-06-12 07:47:00+00:00
[2022-06-12 17:45:47,013] {standard_task_runner.py:79} INFO - Running: ['airflow', 'tasks', 'run', 'ingest_data', 'get_data_to_ingest_from_local_file_task', 'scheduled__2022-06-12T07:47:00+00:00', '--job-id', '1327', '--raw', '--subdir', 'DAGS_FOLDER/ingestion_dag.py', '--cfg-path', '/tmp/tmphzg7fij7', '--error-file', '/tmp/tmpax_5yq1t']
[2022-06-12 17:45:47,002] {standard_task_runner.py:52} INFO - Started process 10671 to run task
[2022-06-12 17:45:47,015] {standard_task_runner.py:80} INFO - Job 1327: Subtask get_data_to_ingest_from_local_file_task
[2022-06-12 17:45:47,163] {task_command.py:370} INFO - Running <TaskInstance: ingest_data.get_data_to_ingest_from_local_file_task scheduled__2022-06-12T07:47:00+00:00 [running]> on host DESKTOP-GDPK8BL.localdomain
[2022-06-12 17:45:47,569] {taskinstance.py:1569} INFO - Exporting the following env vars:
AIRFLOW_CTX_DAG_OWNER=airflow
AIRFLOW_CTX_DAG_ID=ingest_data
AIRFLOW_CTX_TASK_ID=get_data_to_ingest_from_local_file_task
AIRFLOW_CTX_EXECUTION_DATE=2022-06-12T07:47:00+00:00
AIRFLOW_CTX_TRY_NUMBER=1
AIRFLOW_CTX_DAG_RUN_ID=scheduled__2022-06-12T07:47:00+00:00
[2022-06-12 17:45:47,651] {python.py:173} INFO - Done. Returned value was:           AT      V       AP     RH      PE
20761   5.12  40.78  1025.45  96.88  481.28
23604  19.64  48.06  1014.81  74.96  455.27
25895  32.06  71.85  1007.90  56.44  426.07
14132  22.78  59.92  1011.28  88.78  440.87
8759   16.69  44.78  1010.41  58.18  456.17
[2022-06-12 17:45:47,820] {taskinstance.py:1395} INFO - Marking task as SUCCESS. dag_id=ingest_data, task_id=get_data_to_ingest_from_local_file_task, execution_date=20220612T074700, start_date=20220612T154546, end_date=20220612T154547
[2022-06-12 17:45:47,916] {local_task_job.py:156} INFO - Task exited with return code 0
[2022-06-12 17:45:48,174] {local_task_job.py:273} INFO - 1 downstream tasks scheduled from follow-on schedule check
