[2022-06-12 19:44:18,136] {taskinstance.py:1159} INFO - Dependencies all met for <TaskInstance: ingest_data.get_data_to_ingest_from_local_file_task scheduled__2022-06-12T08:42:00+00:00 [queued]>
[2022-06-12 19:44:18,167] {taskinstance.py:1159} INFO - Dependencies all met for <TaskInstance: ingest_data.get_data_to_ingest_from_local_file_task scheduled__2022-06-12T08:42:00+00:00 [queued]>
[2022-06-12 19:44:18,168] {taskinstance.py:1356} INFO - 
--------------------------------------------------------------------------------
[2022-06-12 19:44:18,168] {taskinstance.py:1357} INFO - Starting attempt 1 of 1
[2022-06-12 19:44:18,169] {taskinstance.py:1358} INFO - 
--------------------------------------------------------------------------------
[2022-06-12 19:44:18,224] {taskinstance.py:1377} INFO - Executing <Task(_PythonDecoratedOperator): get_data_to_ingest_from_local_file_task> on 2022-06-12 08:42:00+00:00
[2022-06-12 19:44:18,229] {standard_task_runner.py:52} INFO - Started process 11488 to run task
[2022-06-12 19:44:18,236] {standard_task_runner.py:79} INFO - Running: ['airflow', 'tasks', 'run', 'ingest_data', 'get_data_to_ingest_from_local_file_task', 'scheduled__2022-06-12T08:42:00+00:00', '--job-id', '1437', '--raw', '--subdir', 'DAGS_FOLDER/ingestion_dag.py', '--cfg-path', '/tmp/tmpdhomreaf', '--error-file', '/tmp/tmp97qcut13']
[2022-06-12 19:44:18,237] {standard_task_runner.py:80} INFO - Job 1437: Subtask get_data_to_ingest_from_local_file_task
[2022-06-12 19:44:18,392] {task_command.py:370} INFO - Running <TaskInstance: ingest_data.get_data_to_ingest_from_local_file_task scheduled__2022-06-12T08:42:00+00:00 [running]> on host DESKTOP-GDPK8BL.localdomain
[2022-06-12 19:44:18,838] {taskinstance.py:1569} INFO - Exporting the following env vars:
AIRFLOW_CTX_DAG_OWNER=airflow
AIRFLOW_CTX_DAG_ID=ingest_data
AIRFLOW_CTX_TASK_ID=get_data_to_ingest_from_local_file_task
AIRFLOW_CTX_EXECUTION_DATE=2022-06-12T08:42:00+00:00
AIRFLOW_CTX_TRY_NUMBER=1
AIRFLOW_CTX_DAG_RUN_ID=scheduled__2022-06-12T08:42:00+00:00
[2022-06-12 19:44:18,908] {python.py:173} INFO - Done. Returned value was:           AT      V       AP     RH      PE
22495   6.76  39.22  1013.91  77.00  487.08
18201  21.19  50.16  1005.81  84.27  450.33
36131  23.70  70.04  1011.13  84.16  436.28
42248  26.86  71.32  1007.38  81.14  430.44
9416   21.53  58.05  1012.90  87.57  447.93
[2022-06-12 19:44:19,082] {taskinstance.py:1395} INFO - Marking task as SUCCESS. dag_id=ingest_data, task_id=get_data_to_ingest_from_local_file_task, execution_date=20220612T084200, start_date=20220612T174418, end_date=20220612T174419
[2022-06-12 19:44:19,174] {local_task_job.py:156} INFO - Task exited with return code 0
[2022-06-12 19:44:19,383] {local_task_job.py:273} INFO - 1 downstream tasks scheduled from follow-on schedule check
