[2022-06-12 17:46:55,159] {taskinstance.py:1159} INFO - Dependencies all met for <TaskInstance: ingest_data.get_data_to_ingest_from_local_file_task scheduled__2022-06-12T07:54:00+00:00 [queued]>
[2022-06-12 17:46:55,193] {taskinstance.py:1159} INFO - Dependencies all met for <TaskInstance: ingest_data.get_data_to_ingest_from_local_file_task scheduled__2022-06-12T07:54:00+00:00 [queued]>
[2022-06-12 17:46:55,194] {taskinstance.py:1356} INFO - 
--------------------------------------------------------------------------------
[2022-06-12 17:46:55,194] {taskinstance.py:1357} INFO - Starting attempt 1 of 1
[2022-06-12 17:46:55,195] {taskinstance.py:1358} INFO - 
--------------------------------------------------------------------------------
[2022-06-12 17:46:55,272] {taskinstance.py:1377} INFO - Executing <Task(_PythonDecoratedOperator): get_data_to_ingest_from_local_file_task> on 2022-06-12 07:54:00+00:00
[2022-06-12 17:46:55,285] {standard_task_runner.py:79} INFO - Running: ['airflow', 'tasks', 'run', 'ingest_data', 'get_data_to_ingest_from_local_file_task', 'scheduled__2022-06-12T07:54:00+00:00', '--job-id', '1341', '--raw', '--subdir', 'DAGS_FOLDER/ingestion_dag.py', '--cfg-path', '/tmp/tmpbsl76e2e', '--error-file', '/tmp/tmpbx0tljr3']
[2022-06-12 17:46:55,279] {standard_task_runner.py:52} INFO - Started process 10775 to run task
[2022-06-12 17:46:55,287] {standard_task_runner.py:80} INFO - Job 1341: Subtask get_data_to_ingest_from_local_file_task
[2022-06-12 17:46:55,436] {task_command.py:370} INFO - Running <TaskInstance: ingest_data.get_data_to_ingest_from_local_file_task scheduled__2022-06-12T07:54:00+00:00 [running]> on host DESKTOP-GDPK8BL.localdomain
[2022-06-12 17:46:55,901] {taskinstance.py:1569} INFO - Exporting the following env vars:
AIRFLOW_CTX_DAG_OWNER=airflow
AIRFLOW_CTX_DAG_ID=ingest_data
AIRFLOW_CTX_TASK_ID=get_data_to_ingest_from_local_file_task
AIRFLOW_CTX_EXECUTION_DATE=2022-06-12T07:54:00+00:00
AIRFLOW_CTX_TRY_NUMBER=1
AIRFLOW_CTX_DAG_RUN_ID=scheduled__2022-06-12T07:54:00+00:00
[2022-06-12 17:46:55,976] {python.py:173} INFO - Done. Returned value was:           AT      V       AP     RH      PE
34344  10.98  41.39  1017.54  85.31  476.31
41787  23.28  60.84  1017.91  67.50  444.13
41658  27.55  65.59  1011.60  63.99  440.53
19943  20.67  57.50  1014.42  81.89  453.29
30162   9.93  39.04  1023.78  77.08  480.54
[2022-06-12 17:46:56,116] {taskinstance.py:1395} INFO - Marking task as SUCCESS. dag_id=ingest_data, task_id=get_data_to_ingest_from_local_file_task, execution_date=20220612T075400, start_date=20220612T154655, end_date=20220612T154656
[2022-06-12 17:46:56,188] {local_task_job.py:156} INFO - Task exited with return code 0
[2022-06-12 17:46:56,419] {local_task_job.py:273} INFO - 1 downstream tasks scheduled from follow-on schedule check
