[2022-06-12 17:10:05,212] {taskinstance.py:1159} INFO - Dependencies all met for <TaskInstance: ingest_data.get_data_to_ingest_from_local_file_task scheduled__2022-06-12T04:06:00+00:00 [queued]>
[2022-06-12 17:10:05,276] {taskinstance.py:1159} INFO - Dependencies all met for <TaskInstance: ingest_data.get_data_to_ingest_from_local_file_task scheduled__2022-06-12T04:06:00+00:00 [queued]>
[2022-06-12 17:10:05,277] {taskinstance.py:1356} INFO - 
--------------------------------------------------------------------------------
[2022-06-12 17:10:05,278] {taskinstance.py:1357} INFO - Starting attempt 1 of 1
[2022-06-12 17:10:05,283] {taskinstance.py:1358} INFO - 
--------------------------------------------------------------------------------
[2022-06-12 17:10:05,438] {taskinstance.py:1377} INFO - Executing <Task(_PythonDecoratedOperator): get_data_to_ingest_from_local_file_task> on 2022-06-12 04:06:00+00:00
[2022-06-12 17:10:05,445] {standard_task_runner.py:52} INFO - Started process 7402 to run task
[2022-06-12 17:10:05,458] {standard_task_runner.py:79} INFO - Running: ['airflow', 'tasks', 'run', 'ingest_data', 'get_data_to_ingest_from_local_file_task', 'scheduled__2022-06-12T04:06:00+00:00', '--job-id', '885', '--raw', '--subdir', 'DAGS_FOLDER/ingestion_dag.py', '--cfg-path', '/tmp/tmpopl_0wwg', '--error-file', '/tmp/tmpt5g39bqy']
[2022-06-12 17:10:05,460] {standard_task_runner.py:80} INFO - Job 885: Subtask get_data_to_ingest_from_local_file_task
[2022-06-12 17:10:05,694] {task_command.py:370} INFO - Running <TaskInstance: ingest_data.get_data_to_ingest_from_local_file_task scheduled__2022-06-12T04:06:00+00:00 [running]> on host DESKTOP-GDPK8BL.localdomain
[2022-06-12 17:10:06,350] {taskinstance.py:1569} INFO - Exporting the following env vars:
AIRFLOW_CTX_DAG_OWNER=airflow
AIRFLOW_CTX_DAG_ID=ingest_data
AIRFLOW_CTX_TASK_ID=get_data_to_ingest_from_local_file_task
AIRFLOW_CTX_EXECUTION_DATE=2022-06-12T04:06:00+00:00
AIRFLOW_CTX_TRY_NUMBER=1
AIRFLOW_CTX_DAG_RUN_ID=scheduled__2022-06-12T04:06:00+00:00
[2022-06-12 17:10:06,440] {python.py:173} INFO - Done. Returned value was:           AT      V       AP     RH      PE
5332   24.99  58.79  1016.37  67.16  439.20
40522  31.39  69.59  1008.28  62.86  435.76
20633  23.57  70.04  1011.06  82.79  437.53
21146  12.43  40.27  1007.08  61.56  470.92
19604  21.65  58.18  1008.33  95.28  441.05
[2022-06-12 17:10:06,587] {taskinstance.py:1395} INFO - Marking task as SUCCESS. dag_id=ingest_data, task_id=get_data_to_ingest_from_local_file_task, execution_date=20220612T040600, start_date=20220612T151005, end_date=20220612T151006
[2022-06-12 17:10:06,681] {local_task_job.py:156} INFO - Task exited with return code 0
[2022-06-12 17:10:06,956] {local_task_job.py:273} INFO - 1 downstream tasks scheduled from follow-on schedule check
