[2022-06-12 16:15:29,963] {taskinstance.py:1159} INFO - Dependencies all met for <TaskInstance: ingest_data.get_data_to_ingest_from_local_file_task scheduled__2022-06-11T22:53:00+00:00 [queued]>
[2022-06-12 16:15:29,991] {taskinstance.py:1159} INFO - Dependencies all met for <TaskInstance: ingest_data.get_data_to_ingest_from_local_file_task scheduled__2022-06-11T22:53:00+00:00 [queued]>
[2022-06-12 16:15:29,992] {taskinstance.py:1356} INFO - 
--------------------------------------------------------------------------------
[2022-06-12 16:15:29,992] {taskinstance.py:1357} INFO - Starting attempt 1 of 1
[2022-06-12 16:15:29,993] {taskinstance.py:1358} INFO - 
--------------------------------------------------------------------------------
[2022-06-12 16:15:30,064] {taskinstance.py:1377} INFO - Executing <Task(_PythonDecoratedOperator): get_data_to_ingest_from_local_file_task> on 2022-06-11 22:53:00+00:00
[2022-06-12 16:15:30,074] {standard_task_runner.py:52} INFO - Started process 2665 to run task
[2022-06-12 16:15:30,081] {standard_task_runner.py:79} INFO - Running: ['airflow', 'tasks', 'run', 'ingest_data', 'get_data_to_ingest_from_local_file_task', 'scheduled__2022-06-11T22:53:00+00:00', '--job-id', '260', '--raw', '--subdir', 'DAGS_FOLDER/ingestion_dag.py', '--cfg-path', '/tmp/tmpt828qano', '--error-file', '/tmp/tmp1homt60h']
[2022-06-12 16:15:30,083] {standard_task_runner.py:80} INFO - Job 260: Subtask get_data_to_ingest_from_local_file_task
[2022-06-12 16:15:30,234] {task_command.py:370} INFO - Running <TaskInstance: ingest_data.get_data_to_ingest_from_local_file_task scheduled__2022-06-11T22:53:00+00:00 [running]> on host DESKTOP-GDPK8BL.localdomain
[2022-06-12 16:15:30,615] {taskinstance.py:1569} INFO - Exporting the following env vars:
AIRFLOW_CTX_DAG_OWNER=airflow
AIRFLOW_CTX_DAG_ID=ingest_data
AIRFLOW_CTX_TASK_ID=get_data_to_ingest_from_local_file_task
AIRFLOW_CTX_EXECUTION_DATE=2022-06-11T22:53:00+00:00
AIRFLOW_CTX_TRY_NUMBER=1
AIRFLOW_CTX_DAG_RUN_ID=scheduled__2022-06-11T22:53:00+00:00
[2022-06-12 16:15:30,690] {python.py:173} INFO - Done. Returned value was:           AT      V       AP     RH      PE
26639  25.76  74.87  1010.18  65.15  443.70
25064  21.05  61.87  1009.69  62.81  449.05
38347  23.82  48.92  1010.48  44.45  446.85
11365  24.86  60.77  1016.85  71.24  440.68
34457  15.59  52.75  1024.30  59.93  458.87
[2022-06-12 16:15:30,793] {taskinstance.py:1395} INFO - Marking task as SUCCESS. dag_id=ingest_data, task_id=get_data_to_ingest_from_local_file_task, execution_date=20220611T225300, start_date=20220612T141529, end_date=20220612T141530
[2022-06-12 16:15:30,901] {local_task_job.py:156} INFO - Task exited with return code 0
[2022-06-12 16:15:31,131] {local_task_job.py:273} INFO - 1 downstream tasks scheduled from follow-on schedule check
