[2022-06-12 16:27:16,944] {taskinstance.py:1159} INFO - Dependencies all met for <TaskInstance: ingest_data.get_data_to_ingest_from_local_file_task scheduled__2022-06-12T00:02:00+00:00 [queued]>
[2022-06-12 16:27:16,972] {taskinstance.py:1159} INFO - Dependencies all met for <TaskInstance: ingest_data.get_data_to_ingest_from_local_file_task scheduled__2022-06-12T00:02:00+00:00 [queued]>
[2022-06-12 16:27:16,973] {taskinstance.py:1356} INFO - 
--------------------------------------------------------------------------------
[2022-06-12 16:27:16,973] {taskinstance.py:1357} INFO - Starting attempt 1 of 1
[2022-06-12 16:27:16,974] {taskinstance.py:1358} INFO - 
--------------------------------------------------------------------------------
[2022-06-12 16:27:17,026] {taskinstance.py:1377} INFO - Executing <Task(_PythonDecoratedOperator): get_data_to_ingest_from_local_file_task> on 2022-06-12 00:02:00+00:00
[2022-06-12 16:27:17,034] {standard_task_runner.py:52} INFO - Started process 3772 to run task
[2022-06-12 16:27:17,038] {standard_task_runner.py:79} INFO - Running: ['airflow', 'tasks', 'run', 'ingest_data', 'get_data_to_ingest_from_local_file_task', 'scheduled__2022-06-12T00:02:00+00:00', '--job-id', '397', '--raw', '--subdir', 'DAGS_FOLDER/ingestion_dag.py', '--cfg-path', '/tmp/tmpcbnhuo6p', '--error-file', '/tmp/tmpi6z9v6cq']
[2022-06-12 16:27:17,040] {standard_task_runner.py:80} INFO - Job 397: Subtask get_data_to_ingest_from_local_file_task
[2022-06-12 16:27:17,187] {task_command.py:370} INFO - Running <TaskInstance: ingest_data.get_data_to_ingest_from_local_file_task scheduled__2022-06-12T00:02:00+00:00 [running]> on host DESKTOP-GDPK8BL.localdomain
[2022-06-12 16:27:17,541] {taskinstance.py:1569} INFO - Exporting the following env vars:
AIRFLOW_CTX_DAG_OWNER=airflow
AIRFLOW_CTX_DAG_ID=ingest_data
AIRFLOW_CTX_TASK_ID=get_data_to_ingest_from_local_file_task
AIRFLOW_CTX_EXECUTION_DATE=2022-06-12T00:02:00+00:00
AIRFLOW_CTX_TRY_NUMBER=1
AIRFLOW_CTX_DAG_RUN_ID=scheduled__2022-06-12T00:02:00+00:00
[2022-06-12 16:27:17,622] {python.py:173} INFO - Done. Returned value was:           AT      V       AP     RH      PE
25710  23.56  73.67  1007.13  87.10  439.27
3468   23.56  73.18  1012.18  87.98  437.92
10513  15.81  54.30  1017.80  68.45  461.63
29452   9.29  39.04  1022.72  74.29  482.55
11433  30.72  71.58  1009.98  50.39  430.46
[2022-06-12 16:27:17,746] {taskinstance.py:1395} INFO - Marking task as SUCCESS. dag_id=ingest_data, task_id=get_data_to_ingest_from_local_file_task, execution_date=20220612T000200, start_date=20220612T142716, end_date=20220612T142717
[2022-06-12 16:27:17,817] {local_task_job.py:156} INFO - Task exited with return code 0
[2022-06-12 16:27:18,018] {local_task_job.py:273} INFO - 1 downstream tasks scheduled from follow-on schedule check
