[2022-06-12 16:59:49,552] {taskinstance.py:1159} INFO - Dependencies all met for <TaskInstance: ingest_data.get_data_to_ingest_from_local_file_task scheduled__2022-06-12T03:07:00+00:00 [queued]>
[2022-06-12 16:59:49,586] {taskinstance.py:1159} INFO - Dependencies all met for <TaskInstance: ingest_data.get_data_to_ingest_from_local_file_task scheduled__2022-06-12T03:07:00+00:00 [queued]>
[2022-06-12 16:59:49,586] {taskinstance.py:1356} INFO - 
--------------------------------------------------------------------------------
[2022-06-12 16:59:49,587] {taskinstance.py:1357} INFO - Starting attempt 1 of 1
[2022-06-12 16:59:49,588] {taskinstance.py:1358} INFO - 
--------------------------------------------------------------------------------
[2022-06-12 16:59:49,658] {taskinstance.py:1377} INFO - Executing <Task(_PythonDecoratedOperator): get_data_to_ingest_from_local_file_task> on 2022-06-12 03:07:00+00:00
[2022-06-12 16:59:49,666] {standard_task_runner.py:52} INFO - Started process 6533 to run task
[2022-06-12 16:59:49,673] {standard_task_runner.py:79} INFO - Running: ['airflow', 'tasks', 'run', 'ingest_data', 'get_data_to_ingest_from_local_file_task', 'scheduled__2022-06-12T03:07:00+00:00', '--job-id', '768', '--raw', '--subdir', 'DAGS_FOLDER/ingestion_dag.py', '--cfg-path', '/tmp/tmp8by9a3h7', '--error-file', '/tmp/tmp4da7quas']
[2022-06-12 16:59:49,675] {standard_task_runner.py:80} INFO - Job 768: Subtask get_data_to_ingest_from_local_file_task
[2022-06-12 16:59:49,814] {task_command.py:370} INFO - Running <TaskInstance: ingest_data.get_data_to_ingest_from_local_file_task scheduled__2022-06-12T03:07:00+00:00 [running]> on host DESKTOP-GDPK8BL.localdomain
[2022-06-12 16:59:50,168] {taskinstance.py:1569} INFO - Exporting the following env vars:
AIRFLOW_CTX_DAG_OWNER=airflow
AIRFLOW_CTX_DAG_ID=ingest_data
AIRFLOW_CTX_TASK_ID=get_data_to_ingest_from_local_file_task
AIRFLOW_CTX_EXECUTION_DATE=2022-06-12T03:07:00+00:00
AIRFLOW_CTX_TRY_NUMBER=1
AIRFLOW_CTX_DAG_RUN_ID=scheduled__2022-06-12T03:07:00+00:00
[2022-06-12 16:59:50,240] {python.py:173} INFO - Done. Returned value was:           AT      V       AP     RH      PE
16525  13.32  44.20  1020.02  78.78  465.57
13189  19.59  59.87  1018.28  84.83  449.74
32936  19.09  65.94  1012.53  81.06  446.34
42856   9.92  40.64  1020.39  95.41  469.65
36577  27.70  72.24  1011.02  67.60  434.56
[2022-06-12 16:59:50,359] {taskinstance.py:1395} INFO - Marking task as SUCCESS. dag_id=ingest_data, task_id=get_data_to_ingest_from_local_file_task, execution_date=20220612T030700, start_date=20220612T145949, end_date=20220612T145950
[2022-06-12 16:59:50,451] {local_task_job.py:156} INFO - Task exited with return code 0
[2022-06-12 16:59:50,665] {local_task_job.py:273} INFO - 1 downstream tasks scheduled from follow-on schedule check
