[2022-06-12 17:00:17,031] {taskinstance.py:1159} INFO - Dependencies all met for <TaskInstance: ingest_data.get_data_to_ingest_from_local_file_task scheduled__2022-06-12T03:10:00+00:00 [queued]>
[2022-06-12 17:00:17,063] {taskinstance.py:1159} INFO - Dependencies all met for <TaskInstance: ingest_data.get_data_to_ingest_from_local_file_task scheduled__2022-06-12T03:10:00+00:00 [queued]>
[2022-06-12 17:00:17,064] {taskinstance.py:1356} INFO - 
--------------------------------------------------------------------------------
[2022-06-12 17:00:17,064] {taskinstance.py:1357} INFO - Starting attempt 1 of 1
[2022-06-12 17:00:17,065] {taskinstance.py:1358} INFO - 
--------------------------------------------------------------------------------
[2022-06-12 17:00:17,139] {taskinstance.py:1377} INFO - Executing <Task(_PythonDecoratedOperator): get_data_to_ingest_from_local_file_task> on 2022-06-12 03:10:00+00:00
[2022-06-12 17:00:17,145] {standard_task_runner.py:52} INFO - Started process 6577 to run task
[2022-06-12 17:00:17,151] {standard_task_runner.py:79} INFO - Running: ['airflow', 'tasks', 'run', 'ingest_data', 'get_data_to_ingest_from_local_file_task', 'scheduled__2022-06-12T03:10:00+00:00', '--job-id', '774', '--raw', '--subdir', 'DAGS_FOLDER/ingestion_dag.py', '--cfg-path', '/tmp/tmp28fv_xbx', '--error-file', '/tmp/tmplt6un5lh']
[2022-06-12 17:00:17,172] {standard_task_runner.py:80} INFO - Job 774: Subtask get_data_to_ingest_from_local_file_task
[2022-06-12 17:00:17,407] {task_command.py:370} INFO - Running <TaskInstance: ingest_data.get_data_to_ingest_from_local_file_task scheduled__2022-06-12T03:10:00+00:00 [running]> on host DESKTOP-GDPK8BL.localdomain
[2022-06-12 17:00:17,836] {taskinstance.py:1569} INFO - Exporting the following env vars:
AIRFLOW_CTX_DAG_OWNER=airflow
AIRFLOW_CTX_DAG_ID=ingest_data
AIRFLOW_CTX_TASK_ID=get_data_to_ingest_from_local_file_task
AIRFLOW_CTX_EXECUTION_DATE=2022-06-12T03:10:00+00:00
AIRFLOW_CTX_TRY_NUMBER=1
AIRFLOW_CTX_DAG_RUN_ID=scheduled__2022-06-12T03:10:00+00:00
[2022-06-12 17:00:17,912] {python.py:173} INFO - Done. Returned value was:           AT      V       AP     RH      PE
17673  24.60  57.85  1012.92  69.56  447.09
38452  32.17  73.21  1001.43  69.86  430.64
45080  25.37  44.89  1009.27  63.06  442.38
40914  15.09  41.76  1022.40  76.22  463.27
39856  13.93  44.90  1022.15  85.93  470.59
[2022-06-12 17:00:18,105] {taskinstance.py:1395} INFO - Marking task as SUCCESS. dag_id=ingest_data, task_id=get_data_to_ingest_from_local_file_task, execution_date=20220612T031000, start_date=20220612T150017, end_date=20220612T150018
[2022-06-12 17:00:18,198] {local_task_job.py:156} INFO - Task exited with return code 0
[2022-06-12 17:00:18,433] {local_task_job.py:273} INFO - 1 downstream tasks scheduled from follow-on schedule check
