[2022-06-12 17:08:00,004] {taskinstance.py:1159} INFO - Dependencies all met for <TaskInstance: ingest_data.get_data_to_ingest_from_local_file_task scheduled__2022-06-12T03:54:00+00:00 [queued]>
[2022-06-12 17:08:00,043] {taskinstance.py:1159} INFO - Dependencies all met for <TaskInstance: ingest_data.get_data_to_ingest_from_local_file_task scheduled__2022-06-12T03:54:00+00:00 [queued]>
[2022-06-12 17:08:00,044] {taskinstance.py:1356} INFO - 
--------------------------------------------------------------------------------
[2022-06-12 17:08:00,044] {taskinstance.py:1357} INFO - Starting attempt 1 of 1
[2022-06-12 17:08:00,045] {taskinstance.py:1358} INFO - 
--------------------------------------------------------------------------------
[2022-06-12 17:08:00,122] {taskinstance.py:1377} INFO - Executing <Task(_PythonDecoratedOperator): get_data_to_ingest_from_local_file_task> on 2022-06-12 03:54:00+00:00
[2022-06-12 17:08:00,128] {standard_task_runner.py:52} INFO - Started process 7230 to run task
[2022-06-12 17:08:00,133] {standard_task_runner.py:79} INFO - Running: ['airflow', 'tasks', 'run', 'ingest_data', 'get_data_to_ingest_from_local_file_task', 'scheduled__2022-06-12T03:54:00+00:00', '--job-id', '862', '--raw', '--subdir', 'DAGS_FOLDER/ingestion_dag.py', '--cfg-path', '/tmp/tmpssqr0z86', '--error-file', '/tmp/tmpq88e26jx']
[2022-06-12 17:08:00,135] {standard_task_runner.py:80} INFO - Job 862: Subtask get_data_to_ingest_from_local_file_task
[2022-06-12 17:08:00,267] {task_command.py:370} INFO - Running <TaskInstance: ingest_data.get_data_to_ingest_from_local_file_task scheduled__2022-06-12T03:54:00+00:00 [running]> on host DESKTOP-GDPK8BL.localdomain
[2022-06-12 17:08:00,691] {taskinstance.py:1569} INFO - Exporting the following env vars:
AIRFLOW_CTX_DAG_OWNER=airflow
AIRFLOW_CTX_DAG_ID=ingest_data
AIRFLOW_CTX_TASK_ID=get_data_to_ingest_from_local_file_task
AIRFLOW_CTX_EXECUTION_DATE=2022-06-12T03:54:00+00:00
AIRFLOW_CTX_TRY_NUMBER=1
AIRFLOW_CTX_DAG_RUN_ID=scheduled__2022-06-12T03:54:00+00:00
[2022-06-12 17:08:00,760] {python.py:173} INFO - Done. Returned value was:           AT      V       AP     RH      PE
28990  26.60  61.41  1012.35  54.42  451.40
44172  26.51  50.05  1006.75  65.34  440.22
26447  16.09  48.78  1015.78  91.12  454.23
17199  22.43  63.76  1009.84  75.27  442.85
10373  17.69  46.36  1019.55  86.64  462.81
[2022-06-12 17:08:00,899] {taskinstance.py:1395} INFO - Marking task as SUCCESS. dag_id=ingest_data, task_id=get_data_to_ingest_from_local_file_task, execution_date=20220612T035400, start_date=20220612T150800, end_date=20220612T150800
[2022-06-12 17:08:00,992] {local_task_job.py:156} INFO - Task exited with return code 0
[2022-06-12 17:08:01,218] {local_task_job.py:273} INFO - 1 downstream tasks scheduled from follow-on schedule check
