[2022-06-12 14:49:12,773] {taskinstance.py:1159} INFO - Dependencies all met for <TaskInstance: ingest_data.get_data_to_ingest_from_local_file_task scheduled__2022-06-11T21:29:00+00:00 [queued]>
[2022-06-12 14:49:12,797] {taskinstance.py:1159} INFO - Dependencies all met for <TaskInstance: ingest_data.get_data_to_ingest_from_local_file_task scheduled__2022-06-11T21:29:00+00:00 [queued]>
[2022-06-12 14:49:12,798] {taskinstance.py:1356} INFO - 
--------------------------------------------------------------------------------
[2022-06-12 14:49:12,799] {taskinstance.py:1357} INFO - Starting attempt 1 of 1
[2022-06-12 14:49:12,799] {taskinstance.py:1358} INFO - 
--------------------------------------------------------------------------------
[2022-06-12 14:49:12,877] {taskinstance.py:1377} INFO - Executing <Task(_PythonDecoratedOperator): get_data_to_ingest_from_local_file_task> on 2022-06-11 21:29:00+00:00
[2022-06-12 14:49:12,883] {standard_task_runner.py:52} INFO - Started process 1235 to run task
[2022-06-12 14:49:12,890] {standard_task_runner.py:79} INFO - Running: ['airflow', 'tasks', 'run', 'ingest_data', 'get_data_to_ingest_from_local_file_task', 'scheduled__2022-06-11T21:29:00+00:00', '--job-id', '92', '--raw', '--subdir', 'DAGS_FOLDER/ingestion_dag.py', '--cfg-path', '/tmp/tmphrjj6ums', '--error-file', '/tmp/tmpk0lxj19d']
[2022-06-12 14:49:12,891] {standard_task_runner.py:80} INFO - Job 92: Subtask get_data_to_ingest_from_local_file_task
[2022-06-12 14:49:13,025] {task_command.py:370} INFO - Running <TaskInstance: ingest_data.get_data_to_ingest_from_local_file_task scheduled__2022-06-11T21:29:00+00:00 [running]> on host DESKTOP-GDPK8BL.localdomain
[2022-06-12 14:49:13,347] {taskinstance.py:1569} INFO - Exporting the following env vars:
AIRFLOW_CTX_DAG_OWNER=airflow
AIRFLOW_CTX_DAG_ID=ingest_data
AIRFLOW_CTX_TASK_ID=get_data_to_ingest_from_local_file_task
AIRFLOW_CTX_EXECUTION_DATE=2022-06-11T21:29:00+00:00
AIRFLOW_CTX_TRY_NUMBER=1
AIRFLOW_CTX_DAG_RUN_ID=scheduled__2022-06-11T21:29:00+00:00
[2022-06-12 14:49:13,424] {python.py:173} INFO - Done. Returned value was:           AT      V       AP     RH      PE
33352   7.51  43.02  1014.35  86.46  485.38
43167  24.29  57.50  1014.85  67.28  449.98
28890  31.95  67.17  1007.11  61.58  432.60
4239   16.05  65.46  1013.92  87.99  456.94
11166  12.40  40.35  1011.46  79.49  476.44
[2022-06-12 14:49:13,534] {taskinstance.py:1395} INFO - Marking task as SUCCESS. dag_id=ingest_data, task_id=get_data_to_ingest_from_local_file_task, execution_date=20220611T212900, start_date=20220612T124912, end_date=20220612T124913
[2022-06-12 14:49:13,627] {local_task_job.py:156} INFO - Task exited with return code 0
[2022-06-12 14:49:13,869] {local_task_job.py:273} INFO - 1 downstream tasks scheduled from follow-on schedule check
