[2022-06-12 14:47:35,307] {taskinstance.py:1159} INFO - Dependencies all met for <TaskInstance: ingest_data.get_data_to_ingest_from_local_file_task scheduled__2022-06-11T21:20:00+00:00 [queued]>
[2022-06-12 14:47:35,331] {taskinstance.py:1159} INFO - Dependencies all met for <TaskInstance: ingest_data.get_data_to_ingest_from_local_file_task scheduled__2022-06-11T21:20:00+00:00 [queued]>
[2022-06-12 14:47:35,332] {taskinstance.py:1356} INFO - 
--------------------------------------------------------------------------------
[2022-06-12 14:47:35,332] {taskinstance.py:1357} INFO - Starting attempt 1 of 1
[2022-06-12 14:47:35,333] {taskinstance.py:1358} INFO - 
--------------------------------------------------------------------------------
[2022-06-12 14:47:35,389] {taskinstance.py:1377} INFO - Executing <Task(_PythonDecoratedOperator): get_data_to_ingest_from_local_file_task> on 2022-06-11 21:20:00+00:00
[2022-06-12 14:47:35,404] {standard_task_runner.py:79} INFO - Running: ['airflow', 'tasks', 'run', 'ingest_data', 'get_data_to_ingest_from_local_file_task', 'scheduled__2022-06-11T21:20:00+00:00', '--job-id', '74', '--raw', '--subdir', 'DAGS_FOLDER/ingestion_dag.py', '--cfg-path', '/tmp/tmp9ex4gm8j', '--error-file', '/tmp/tmp3oungs20']
[2022-06-12 14:47:35,408] {standard_task_runner.py:80} INFO - Job 74: Subtask get_data_to_ingest_from_local_file_task
[2022-06-12 14:47:35,397] {standard_task_runner.py:52} INFO - Started process 1081 to run task
[2022-06-12 14:47:35,570] {task_command.py:370} INFO - Running <TaskInstance: ingest_data.get_data_to_ingest_from_local_file_task scheduled__2022-06-11T21:20:00+00:00 [running]> on host DESKTOP-GDPK8BL.localdomain
[2022-06-12 14:47:35,865] {taskinstance.py:1569} INFO - Exporting the following env vars:
AIRFLOW_CTX_DAG_OWNER=airflow
AIRFLOW_CTX_DAG_ID=ingest_data
AIRFLOW_CTX_TASK_ID=get_data_to_ingest_from_local_file_task
AIRFLOW_CTX_EXECUTION_DATE=2022-06-11T21:20:00+00:00
AIRFLOW_CTX_TRY_NUMBER=1
AIRFLOW_CTX_DAG_RUN_ID=scheduled__2022-06-11T21:20:00+00:00
[2022-06-12 14:47:35,961] {python.py:173} INFO - Done. Returned value was:           AT      V       AP     RH      PE
21248  27.52  74.67  1015.77  72.01  433.56
46089  25.38  71.73  1009.97  72.60  434.44
38295   7.29  41.04  1024.06  89.19  474.71
3437   23.24  63.76  1010.10  79.16  441.35
27044  26.71  70.72  1010.30  78.18  438.72
[2022-06-12 14:47:36,065] {taskinstance.py:1395} INFO - Marking task as SUCCESS. dag_id=ingest_data, task_id=get_data_to_ingest_from_local_file_task, execution_date=20220611T212000, start_date=20220612T124735, end_date=20220612T124736
[2022-06-12 14:47:36,149] {local_task_job.py:156} INFO - Task exited with return code 0
[2022-06-12 14:47:36,352] {local_task_job.py:273} INFO - 1 downstream tasks scheduled from follow-on schedule check
