[2022-06-12 16:26:59,286] {taskinstance.py:1159} INFO - Dependencies all met for <TaskInstance: ingest_data.get_data_to_ingest_from_local_file_task scheduled__2022-06-12T00:00:00+00:00 [queued]>
[2022-06-12 16:26:59,317] {taskinstance.py:1159} INFO - Dependencies all met for <TaskInstance: ingest_data.get_data_to_ingest_from_local_file_task scheduled__2022-06-12T00:00:00+00:00 [queued]>
[2022-06-12 16:26:59,318] {taskinstance.py:1356} INFO - 
--------------------------------------------------------------------------------
[2022-06-12 16:26:59,318] {taskinstance.py:1357} INFO - Starting attempt 1 of 1
[2022-06-12 16:26:59,319] {taskinstance.py:1358} INFO - 
--------------------------------------------------------------------------------
[2022-06-12 16:26:59,380] {taskinstance.py:1377} INFO - Executing <Task(_PythonDecoratedOperator): get_data_to_ingest_from_local_file_task> on 2022-06-12 00:00:00+00:00
[2022-06-12 16:26:59,393] {standard_task_runner.py:52} INFO - Started process 3743 to run task
[2022-06-12 16:26:59,401] {standard_task_runner.py:79} INFO - Running: ['airflow', 'tasks', 'run', 'ingest_data', 'get_data_to_ingest_from_local_file_task', 'scheduled__2022-06-12T00:00:00+00:00', '--job-id', '393', '--raw', '--subdir', 'DAGS_FOLDER/ingestion_dag.py', '--cfg-path', '/tmp/tmpf4fdc1i_', '--error-file', '/tmp/tmpa92bmzex']
[2022-06-12 16:26:59,403] {standard_task_runner.py:80} INFO - Job 393: Subtask get_data_to_ingest_from_local_file_task
[2022-06-12 16:26:59,547] {task_command.py:370} INFO - Running <TaskInstance: ingest_data.get_data_to_ingest_from_local_file_task scheduled__2022-06-12T00:00:00+00:00 [running]> on host DESKTOP-GDPK8BL.localdomain
[2022-06-12 16:26:59,920] {taskinstance.py:1569} INFO - Exporting the following env vars:
AIRFLOW_CTX_DAG_OWNER=airflow
AIRFLOW_CTX_DAG_ID=ingest_data
AIRFLOW_CTX_TASK_ID=get_data_to_ingest_from_local_file_task
AIRFLOW_CTX_EXECUTION_DATE=2022-06-12T00:00:00+00:00
AIRFLOW_CTX_TRY_NUMBER=1
AIRFLOW_CTX_DAG_RUN_ID=scheduled__2022-06-12T00:00:00+00:00
[2022-06-12 16:26:59,991] {python.py:173} INFO - Done. Returned value was:           AT      V       AP     RH      PE
41665  25.65  69.23  1012.55  62.02  435.25
42710  23.31  60.37  1005.17  82.75  438.52
33039  17.30  43.72  1009.64  77.86  456.55
31037  21.11  58.66  1011.70  68.71  457.89
19589  27.90  63.13  1011.80  70.04  439.76
[2022-06-12 16:27:00,118] {taskinstance.py:1395} INFO - Marking task as SUCCESS. dag_id=ingest_data, task_id=get_data_to_ingest_from_local_file_task, execution_date=20220612T000000, start_date=20220612T142659, end_date=20220612T142700
[2022-06-12 16:27:00,218] {local_task_job.py:156} INFO - Task exited with return code 0
[2022-06-12 16:27:00,499] {local_task_job.py:273} INFO - 1 downstream tasks scheduled from follow-on schedule check
