[2022-06-12 19:47:26,366] {taskinstance.py:1159} INFO - Dependencies all met for <TaskInstance: ingest_data.get_data_to_ingest_from_local_file_task scheduled__2022-06-12T09:01:00+00:00 [queued]>
[2022-06-12 19:47:26,403] {taskinstance.py:1159} INFO - Dependencies all met for <TaskInstance: ingest_data.get_data_to_ingest_from_local_file_task scheduled__2022-06-12T09:01:00+00:00 [queued]>
[2022-06-12 19:47:26,404] {taskinstance.py:1356} INFO - 
--------------------------------------------------------------------------------
[2022-06-12 19:47:26,405] {taskinstance.py:1357} INFO - Starting attempt 1 of 1
[2022-06-12 19:47:26,405] {taskinstance.py:1358} INFO - 
--------------------------------------------------------------------------------
[2022-06-12 19:47:26,467] {taskinstance.py:1377} INFO - Executing <Task(_PythonDecoratedOperator): get_data_to_ingest_from_local_file_task> on 2022-06-12 09:01:00+00:00
[2022-06-12 19:47:26,474] {standard_task_runner.py:52} INFO - Started process 11769 to run task
[2022-06-12 19:47:26,484] {standard_task_runner.py:79} INFO - Running: ['airflow', 'tasks', 'run', 'ingest_data', 'get_data_to_ingest_from_local_file_task', 'scheduled__2022-06-12T09:01:00+00:00', '--job-id', '1475', '--raw', '--subdir', 'DAGS_FOLDER/ingestion_dag.py', '--cfg-path', '/tmp/tmp9uvcntsq', '--error-file', '/tmp/tmpk1y8obw1']
[2022-06-12 19:47:26,486] {standard_task_runner.py:80} INFO - Job 1475: Subtask get_data_to_ingest_from_local_file_task
[2022-06-12 19:47:26,629] {task_command.py:370} INFO - Running <TaskInstance: ingest_data.get_data_to_ingest_from_local_file_task scheduled__2022-06-12T09:01:00+00:00 [running]> on host DESKTOP-GDPK8BL.localdomain
[2022-06-12 19:47:27,013] {taskinstance.py:1569} INFO - Exporting the following env vars:
AIRFLOW_CTX_DAG_OWNER=airflow
AIRFLOW_CTX_DAG_ID=ingest_data
AIRFLOW_CTX_TASK_ID=get_data_to_ingest_from_local_file_task
AIRFLOW_CTX_EXECUTION_DATE=2022-06-12T09:01:00+00:00
AIRFLOW_CTX_TRY_NUMBER=1
AIRFLOW_CTX_DAG_RUN_ID=scheduled__2022-06-12T09:01:00+00:00
[2022-06-12 19:47:27,082] {python.py:173} INFO - Done. Returned value was:           AT      V       AP     RH      PE
39109  24.90  71.77  1006.24  85.25  427.77
10253  26.38  49.50  1012.82  37.19  457.81
18370  12.88  44.00  1022.71  88.58  470.31
6593   24.80  68.30  1018.01  80.41  436.17
1097   18.83  47.83  1005.58  77.07  454.23
[2022-06-12 19:47:27,226] {taskinstance.py:1395} INFO - Marking task as SUCCESS. dag_id=ingest_data, task_id=get_data_to_ingest_from_local_file_task, execution_date=20220612T090100, start_date=20220612T174726, end_date=20220612T174727
[2022-06-12 19:47:27,305] {local_task_job.py:156} INFO - Task exited with return code 0
[2022-06-12 19:47:27,529] {local_task_job.py:273} INFO - 1 downstream tasks scheduled from follow-on schedule check
