[2022-06-12 17:08:40,254] {taskinstance.py:1159} INFO - Dependencies all met for <TaskInstance: ingest_data.get_data_to_ingest_from_local_file_task scheduled__2022-06-12T03:58:00+00:00 [queued]>
[2022-06-12 17:08:40,282] {taskinstance.py:1159} INFO - Dependencies all met for <TaskInstance: ingest_data.get_data_to_ingest_from_local_file_task scheduled__2022-06-12T03:58:00+00:00 [queued]>
[2022-06-12 17:08:40,283] {taskinstance.py:1356} INFO - 
--------------------------------------------------------------------------------
[2022-06-12 17:08:40,284] {taskinstance.py:1357} INFO - Starting attempt 1 of 1
[2022-06-12 17:08:40,284] {taskinstance.py:1358} INFO - 
--------------------------------------------------------------------------------
[2022-06-12 17:08:40,341] {taskinstance.py:1377} INFO - Executing <Task(_PythonDecoratedOperator): get_data_to_ingest_from_local_file_task> on 2022-06-12 03:58:00+00:00
[2022-06-12 17:08:40,352] {standard_task_runner.py:52} INFO - Started process 7289 to run task
[2022-06-12 17:08:40,359] {standard_task_runner.py:79} INFO - Running: ['airflow', 'tasks', 'run', 'ingest_data', 'get_data_to_ingest_from_local_file_task', 'scheduled__2022-06-12T03:58:00+00:00', '--job-id', '870', '--raw', '--subdir', 'DAGS_FOLDER/ingestion_dag.py', '--cfg-path', '/tmp/tmp6q3fnscy', '--error-file', '/tmp/tmppvlu6n2u']
[2022-06-12 17:08:40,361] {standard_task_runner.py:80} INFO - Job 870: Subtask get_data_to_ingest_from_local_file_task
[2022-06-12 17:08:40,503] {task_command.py:370} INFO - Running <TaskInstance: ingest_data.get_data_to_ingest_from_local_file_task scheduled__2022-06-12T03:58:00+00:00 [running]> on host DESKTOP-GDPK8BL.localdomain
[2022-06-12 17:08:40,911] {taskinstance.py:1569} INFO - Exporting the following env vars:
AIRFLOW_CTX_DAG_OWNER=airflow
AIRFLOW_CTX_DAG_ID=ingest_data
AIRFLOW_CTX_TASK_ID=get_data_to_ingest_from_local_file_task
AIRFLOW_CTX_EXECUTION_DATE=2022-06-12T03:58:00+00:00
AIRFLOW_CTX_TRY_NUMBER=1
AIRFLOW_CTX_DAG_RUN_ID=scheduled__2022-06-12T03:58:00+00:00
[2022-06-12 17:08:40,985] {python.py:173} INFO - Done. Returned value was:           AT      V       AP     RH      PE
16205  31.85  73.21  1000.98  72.20  435.94
39365  24.79  75.60  1017.07  68.23  440.05
1350   14.15  39.28  1013.50  77.63  471.23
1759   26.62  72.43  1006.79  82.74  430.22
36194  31.18  74.34  1003.81  63.59  434.15
[2022-06-12 17:08:41,140] {taskinstance.py:1395} INFO - Marking task as SUCCESS. dag_id=ingest_data, task_id=get_data_to_ingest_from_local_file_task, execution_date=20220612T035800, start_date=20220612T150840, end_date=20220612T150841
[2022-06-12 17:08:41,215] {local_task_job.py:156} INFO - Task exited with return code 0
[2022-06-12 17:08:41,428] {local_task_job.py:273} INFO - 1 downstream tasks scheduled from follow-on schedule check
