[2022-06-12 16:54:00,073] {taskinstance.py:1159} INFO - Dependencies all met for <TaskInstance: ingest_data.get_data_to_ingest_from_local_file_task scheduled__2022-06-12T02:35:00+00:00 [queued]>
[2022-06-12 16:54:00,104] {taskinstance.py:1159} INFO - Dependencies all met for <TaskInstance: ingest_data.get_data_to_ingest_from_local_file_task scheduled__2022-06-12T02:35:00+00:00 [queued]>
[2022-06-12 16:54:00,105] {taskinstance.py:1356} INFO - 
--------------------------------------------------------------------------------
[2022-06-12 16:54:00,105] {taskinstance.py:1357} INFO - Starting attempt 1 of 1
[2022-06-12 16:54:00,106] {taskinstance.py:1358} INFO - 
--------------------------------------------------------------------------------
[2022-06-12 16:54:00,179] {taskinstance.py:1377} INFO - Executing <Task(_PythonDecoratedOperator): get_data_to_ingest_from_local_file_task> on 2022-06-12 02:35:00+00:00
[2022-06-12 16:54:00,185] {standard_task_runner.py:52} INFO - Started process 6055 to run task
[2022-06-12 16:54:00,192] {standard_task_runner.py:79} INFO - Running: ['airflow', 'tasks', 'run', 'ingest_data', 'get_data_to_ingest_from_local_file_task', 'scheduled__2022-06-12T02:35:00+00:00', '--job-id', '704', '--raw', '--subdir', 'DAGS_FOLDER/ingestion_dag.py', '--cfg-path', '/tmp/tmpp6agd8fj', '--error-file', '/tmp/tmp6g_ucqyn']
[2022-06-12 16:54:00,194] {standard_task_runner.py:80} INFO - Job 704: Subtask get_data_to_ingest_from_local_file_task
[2022-06-12 16:54:00,335] {task_command.py:370} INFO - Running <TaskInstance: ingest_data.get_data_to_ingest_from_local_file_task scheduled__2022-06-12T02:35:00+00:00 [running]> on host DESKTOP-GDPK8BL.localdomain
[2022-06-12 16:54:00,735] {taskinstance.py:1569} INFO - Exporting the following env vars:
AIRFLOW_CTX_DAG_OWNER=airflow
AIRFLOW_CTX_DAG_ID=ingest_data
AIRFLOW_CTX_TASK_ID=get_data_to_ingest_from_local_file_task
AIRFLOW_CTX_EXECUTION_DATE=2022-06-12T02:35:00+00:00
AIRFLOW_CTX_TRY_NUMBER=1
AIRFLOW_CTX_DAG_RUN_ID=scheduled__2022-06-12T02:35:00+00:00
[2022-06-12 16:54:00,814] {python.py:173} INFO - Done. Returned value was:           AT      V       AP     RH      PE
5926   17.57  62.10  1019.51  86.14  453.30
13359  18.20  52.72  1025.87  54.26  463.47
37381  12.27  41.17  1019.41  58.10  475.13
1622   29.11  74.90  1003.31  74.01  432.43
26798   2.80  39.64  1011.01  82.96  482.66
[2022-06-12 16:54:00,953] {taskinstance.py:1395} INFO - Marking task as SUCCESS. dag_id=ingest_data, task_id=get_data_to_ingest_from_local_file_task, execution_date=20220612T023500, start_date=20220612T145400, end_date=20220612T145400
[2022-06-12 16:54:01,052] {local_task_job.py:156} INFO - Task exited with return code 0
[2022-06-12 16:54:01,298] {local_task_job.py:273} INFO - 1 downstream tasks scheduled from follow-on schedule check
