[2022-06-12 16:45:50,936] {taskinstance.py:1159} INFO - Dependencies all met for <TaskInstance: ingest_data.get_data_to_ingest_from_local_file_task scheduled__2022-06-12T01:48:00+00:00 [queued]>
[2022-06-12 16:45:50,978] {taskinstance.py:1159} INFO - Dependencies all met for <TaskInstance: ingest_data.get_data_to_ingest_from_local_file_task scheduled__2022-06-12T01:48:00+00:00 [queued]>
[2022-06-12 16:45:50,979] {taskinstance.py:1356} INFO - 
--------------------------------------------------------------------------------
[2022-06-12 16:45:50,980] {taskinstance.py:1357} INFO - Starting attempt 1 of 1
[2022-06-12 16:45:50,981] {taskinstance.py:1358} INFO - 
--------------------------------------------------------------------------------
[2022-06-12 16:45:51,035] {taskinstance.py:1377} INFO - Executing <Task(_PythonDecoratedOperator): get_data_to_ingest_from_local_file_task> on 2022-06-12 01:48:00+00:00
[2022-06-12 16:45:51,041] {standard_task_runner.py:52} INFO - Started process 5358 to run task
[2022-06-12 16:45:51,047] {standard_task_runner.py:79} INFO - Running: ['airflow', 'tasks', 'run', 'ingest_data', 'get_data_to_ingest_from_local_file_task', 'scheduled__2022-06-12T01:48:00+00:00', '--job-id', '610', '--raw', '--subdir', 'DAGS_FOLDER/ingestion_dag.py', '--cfg-path', '/tmp/tmp92qarxde', '--error-file', '/tmp/tmpmv10xnum']
[2022-06-12 16:45:51,049] {standard_task_runner.py:80} INFO - Job 610: Subtask get_data_to_ingest_from_local_file_task
[2022-06-12 16:45:51,197] {task_command.py:370} INFO - Running <TaskInstance: ingest_data.get_data_to_ingest_from_local_file_task scheduled__2022-06-12T01:48:00+00:00 [running]> on host DESKTOP-GDPK8BL.localdomain
[2022-06-12 16:45:51,608] {taskinstance.py:1569} INFO - Exporting the following env vars:
AIRFLOW_CTX_DAG_OWNER=airflow
AIRFLOW_CTX_DAG_ID=ingest_data
AIRFLOW_CTX_TASK_ID=get_data_to_ingest_from_local_file_task
AIRFLOW_CTX_EXECUTION_DATE=2022-06-12T01:48:00+00:00
AIRFLOW_CTX_TRY_NUMBER=1
AIRFLOW_CTX_DAG_RUN_ID=scheduled__2022-06-12T01:48:00+00:00
[2022-06-12 16:45:51,681] {python.py:173} INFO - Done. Returned value was:           AT      V       AP     RH      PE
13062   8.27  37.70  1015.09  73.64  479.16
46181  23.94  51.95  1008.61  73.42  448.67
27537  24.27  63.90  1013.50  61.09  450.26
13154  20.33  57.76  1016.47  75.35  450.25
22181  21.61  49.39  1019.41  78.20  449.26
[2022-06-12 16:45:51,848] {taskinstance.py:1395} INFO - Marking task as SUCCESS. dag_id=ingest_data, task_id=get_data_to_ingest_from_local_file_task, execution_date=20220612T014800, start_date=20220612T144550, end_date=20220612T144551
[2022-06-12 16:45:51,945] {local_task_job.py:156} INFO - Task exited with return code 0
[2022-06-12 16:45:52,162] {local_task_job.py:273} INFO - 1 downstream tasks scheduled from follow-on schedule check
