[2022-06-12 16:09:39,074] {taskinstance.py:1159} INFO - Dependencies all met for <TaskInstance: ingest_data.get_data_to_ingest_from_local_file_task scheduled__2022-06-11T22:19:00+00:00 [queued]>
[2022-06-12 16:09:39,102] {taskinstance.py:1159} INFO - Dependencies all met for <TaskInstance: ingest_data.get_data_to_ingest_from_local_file_task scheduled__2022-06-11T22:19:00+00:00 [queued]>
[2022-06-12 16:09:39,103] {taskinstance.py:1356} INFO - 
--------------------------------------------------------------------------------
[2022-06-12 16:09:39,104] {taskinstance.py:1357} INFO - Starting attempt 1 of 1
[2022-06-12 16:09:39,105] {taskinstance.py:1358} INFO - 
--------------------------------------------------------------------------------
[2022-06-12 16:09:39,170] {taskinstance.py:1377} INFO - Executing <Task(_PythonDecoratedOperator): get_data_to_ingest_from_local_file_task> on 2022-06-11 22:19:00+00:00
[2022-06-12 16:09:39,177] {standard_task_runner.py:52} INFO - Started process 2087 to run task
[2022-06-12 16:09:39,183] {standard_task_runner.py:79} INFO - Running: ['airflow', 'tasks', 'run', 'ingest_data', 'get_data_to_ingest_from_local_file_task', 'scheduled__2022-06-11T22:19:00+00:00', '--job-id', '192', '--raw', '--subdir', 'DAGS_FOLDER/ingestion_dag.py', '--cfg-path', '/tmp/tmpzq0to32p', '--error-file', '/tmp/tmpoxegjnan']
[2022-06-12 16:09:39,185] {standard_task_runner.py:80} INFO - Job 192: Subtask get_data_to_ingest_from_local_file_task
[2022-06-12 16:09:39,328] {task_command.py:370} INFO - Running <TaskInstance: ingest_data.get_data_to_ingest_from_local_file_task scheduled__2022-06-11T22:19:00+00:00 [running]> on host DESKTOP-GDPK8BL.localdomain
[2022-06-12 16:09:39,689] {taskinstance.py:1569} INFO - Exporting the following env vars:
AIRFLOW_CTX_DAG_OWNER=airflow
AIRFLOW_CTX_DAG_ID=ingest_data
AIRFLOW_CTX_TASK_ID=get_data_to_ingest_from_local_file_task
AIRFLOW_CTX_EXECUTION_DATE=2022-06-11T22:19:00+00:00
AIRFLOW_CTX_TRY_NUMBER=1
AIRFLOW_CTX_DAG_RUN_ID=scheduled__2022-06-11T22:19:00+00:00
[2022-06-12 16:09:39,756] {python.py:173} INFO - Done. Returned value was:           AT      V       AP     RH      PE
17634  25.67  68.30  1017.16  74.19  435.89
20940  27.94  49.16  1004.22  35.46  436.75
6074   16.90  54.30  1017.97  60.57  460.57
9780   22.53  60.95  1015.12  75.10  449.43
5454   28.54  58.33  1013.90  49.40  439.28
[2022-06-12 16:09:39,866] {taskinstance.py:1395} INFO - Marking task as SUCCESS. dag_id=ingest_data, task_id=get_data_to_ingest_from_local_file_task, execution_date=20220611T221900, start_date=20220612T140939, end_date=20220612T140939
[2022-06-12 16:09:39,963] {local_task_job.py:156} INFO - Task exited with return code 0
[2022-06-12 16:09:40,199] {local_task_job.py:273} INFO - 1 downstream tasks scheduled from follow-on schedule check
