[2022-06-12 16:47:46,837] {taskinstance.py:1159} INFO - Dependencies all met for <TaskInstance: ingest_data.get_data_to_ingest_from_local_file_task scheduled__2022-06-12T02:00:00+00:00 [queued]>
[2022-06-12 16:47:46,867] {taskinstance.py:1159} INFO - Dependencies all met for <TaskInstance: ingest_data.get_data_to_ingest_from_local_file_task scheduled__2022-06-12T02:00:00+00:00 [queued]>
[2022-06-12 16:47:46,868] {taskinstance.py:1356} INFO - 
--------------------------------------------------------------------------------
[2022-06-12 16:47:46,868] {taskinstance.py:1357} INFO - Starting attempt 1 of 1
[2022-06-12 16:47:46,869] {taskinstance.py:1358} INFO - 
--------------------------------------------------------------------------------
[2022-06-12 16:47:46,932] {taskinstance.py:1377} INFO - Executing <Task(_PythonDecoratedOperator): get_data_to_ingest_from_local_file_task> on 2022-06-12 02:00:00+00:00
[2022-06-12 16:47:46,937] {standard_task_runner.py:52} INFO - Started process 5528 to run task
[2022-06-12 16:47:46,944] {standard_task_runner.py:79} INFO - Running: ['airflow', 'tasks', 'run', 'ingest_data', 'get_data_to_ingest_from_local_file_task', 'scheduled__2022-06-12T02:00:00+00:00', '--job-id', '633', '--raw', '--subdir', 'DAGS_FOLDER/ingestion_dag.py', '--cfg-path', '/tmp/tmpvejd9xv9', '--error-file', '/tmp/tmppcntsjtk']
[2022-06-12 16:47:46,945] {standard_task_runner.py:80} INFO - Job 633: Subtask get_data_to_ingest_from_local_file_task
[2022-06-12 16:47:47,104] {task_command.py:370} INFO - Running <TaskInstance: ingest_data.get_data_to_ingest_from_local_file_task scheduled__2022-06-12T02:00:00+00:00 [running]> on host DESKTOP-GDPK8BL.localdomain
[2022-06-12 16:47:47,727] {taskinstance.py:1569} INFO - Exporting the following env vars:
AIRFLOW_CTX_DAG_OWNER=airflow
AIRFLOW_CTX_DAG_ID=ingest_data
AIRFLOW_CTX_TASK_ID=get_data_to_ingest_from_local_file_task
AIRFLOW_CTX_EXECUTION_DATE=2022-06-12T02:00:00+00:00
AIRFLOW_CTX_TRY_NUMBER=1
AIRFLOW_CTX_DAG_RUN_ID=scheduled__2022-06-12T02:00:00+00:00
[2022-06-12 16:47:48,061] {python.py:173} INFO - Done. Returned value was:           AT      V       AP     RH      PE
28236  31.25  69.51  1010.25  36.83  428.77
29196  14.03  44.88  1019.60  57.63  465.51
40677  24.91  58.69  1008.22  82.81  435.96
12968  19.12  45.01  1014.00  59.95  453.24
28441  32.81  75.08  1005.09  42.00  433.37
[2022-06-12 16:47:48,451] {taskinstance.py:1395} INFO - Marking task as SUCCESS. dag_id=ingest_data, task_id=get_data_to_ingest_from_local_file_task, execution_date=20220612T020000, start_date=20220612T144746, end_date=20220612T144748
[2022-06-12 16:47:48,728] {local_task_job.py:156} INFO - Task exited with return code 0
[2022-06-12 16:47:49,507] {local_task_job.py:273} INFO - 1 downstream tasks scheduled from follow-on schedule check
