[2022-06-12 16:23:39,783] {taskinstance.py:1159} INFO - Dependencies all met for <TaskInstance: ingest_data.get_data_to_ingest_from_local_file_task scheduled__2022-06-11T23:37:00+00:00 [queued]>
[2022-06-12 16:23:39,811] {taskinstance.py:1159} INFO - Dependencies all met for <TaskInstance: ingest_data.get_data_to_ingest_from_local_file_task scheduled__2022-06-11T23:37:00+00:00 [queued]>
[2022-06-12 16:23:39,812] {taskinstance.py:1356} INFO - 
--------------------------------------------------------------------------------
[2022-06-12 16:23:39,812] {taskinstance.py:1357} INFO - Starting attempt 1 of 1
[2022-06-12 16:23:39,813] {taskinstance.py:1358} INFO - 
--------------------------------------------------------------------------------
[2022-06-12 16:23:39,885] {taskinstance.py:1377} INFO - Executing <Task(_PythonDecoratedOperator): get_data_to_ingest_from_local_file_task> on 2022-06-11 23:37:00+00:00
[2022-06-12 16:23:39,891] {standard_task_runner.py:52} INFO - Started process 3410 to run task
[2022-06-12 16:23:39,897] {standard_task_runner.py:79} INFO - Running: ['airflow', 'tasks', 'run', 'ingest_data', 'get_data_to_ingest_from_local_file_task', 'scheduled__2022-06-11T23:37:00+00:00', '--job-id', '348', '--raw', '--subdir', 'DAGS_FOLDER/ingestion_dag.py', '--cfg-path', '/tmp/tmpwdcea99q', '--error-file', '/tmp/tmp4dk6w5z2']
[2022-06-12 16:23:39,898] {standard_task_runner.py:80} INFO - Job 348: Subtask get_data_to_ingest_from_local_file_task
[2022-06-12 16:23:40,050] {task_command.py:370} INFO - Running <TaskInstance: ingest_data.get_data_to_ingest_from_local_file_task scheduled__2022-06-11T23:37:00+00:00 [running]> on host DESKTOP-GDPK8BL.localdomain
[2022-06-12 16:23:40,424] {taskinstance.py:1569} INFO - Exporting the following env vars:
AIRFLOW_CTX_DAG_OWNER=airflow
AIRFLOW_CTX_DAG_ID=ingest_data
AIRFLOW_CTX_TASK_ID=get_data_to_ingest_from_local_file_task
AIRFLOW_CTX_EXECUTION_DATE=2022-06-11T23:37:00+00:00
AIRFLOW_CTX_TRY_NUMBER=1
AIRFLOW_CTX_DAG_RUN_ID=scheduled__2022-06-11T23:37:00+00:00
[2022-06-12 16:23:40,508] {python.py:173} INFO - Done. Returned value was:           AT      V       AP     RH      PE
5685   29.85  71.58  1010.04  58.66  432.26
17492  24.78  50.78  1008.81  62.97  443.98
28275  21.85  58.33  1013.03  66.39  447.31
27660  25.79  75.60  1017.46  75.63  434.65
9467   13.78  41.16  1021.65  75.77  460.44
[2022-06-12 16:23:40,621] {taskinstance.py:1395} INFO - Marking task as SUCCESS. dag_id=ingest_data, task_id=get_data_to_ingest_from_local_file_task, execution_date=20220611T233700, start_date=20220612T142339, end_date=20220612T142340
[2022-06-12 16:23:40,715] {local_task_job.py:156} INFO - Task exited with return code 0
[2022-06-12 16:23:40,935] {local_task_job.py:273} INFO - 1 downstream tasks scheduled from follow-on schedule check
