[2022-06-12 17:19:10,963] {taskinstance.py:1159} INFO - Dependencies all met for <TaskInstance: ingest_data.get_data_to_ingest_from_local_file_task scheduled__2022-06-12T04:57:00+00:00 [queued]>
[2022-06-12 17:19:10,998] {taskinstance.py:1159} INFO - Dependencies all met for <TaskInstance: ingest_data.get_data_to_ingest_from_local_file_task scheduled__2022-06-12T04:57:00+00:00 [queued]>
[2022-06-12 17:19:10,998] {taskinstance.py:1356} INFO - 
--------------------------------------------------------------------------------
[2022-06-12 17:19:10,999] {taskinstance.py:1357} INFO - Starting attempt 1 of 1
[2022-06-12 17:19:11,000] {taskinstance.py:1358} INFO - 
--------------------------------------------------------------------------------
[2022-06-12 17:19:11,070] {taskinstance.py:1377} INFO - Executing <Task(_PythonDecoratedOperator): get_data_to_ingest_from_local_file_task> on 2022-06-12 04:57:00+00:00
[2022-06-12 17:19:11,076] {standard_task_runner.py:52} INFO - Started process 8169 to run task
[2022-06-12 17:19:11,088] {standard_task_runner.py:79} INFO - Running: ['airflow', 'tasks', 'run', 'ingest_data', 'get_data_to_ingest_from_local_file_task', 'scheduled__2022-06-12T04:57:00+00:00', '--job-id', '988', '--raw', '--subdir', 'DAGS_FOLDER/ingestion_dag.py', '--cfg-path', '/tmp/tmp2my36hal', '--error-file', '/tmp/tmp_lj__orn']
[2022-06-12 17:19:11,089] {standard_task_runner.py:80} INFO - Job 988: Subtask get_data_to_ingest_from_local_file_task
[2022-06-12 17:19:11,237] {task_command.py:370} INFO - Running <TaskInstance: ingest_data.get_data_to_ingest_from_local_file_task scheduled__2022-06-12T04:57:00+00:00 [running]> on host DESKTOP-GDPK8BL.localdomain
[2022-06-12 17:19:11,663] {taskinstance.py:1569} INFO - Exporting the following env vars:
AIRFLOW_CTX_DAG_OWNER=airflow
AIRFLOW_CTX_DAG_ID=ingest_data
AIRFLOW_CTX_TASK_ID=get_data_to_ingest_from_local_file_task
AIRFLOW_CTX_EXECUTION_DATE=2022-06-12T04:57:00+00:00
AIRFLOW_CTX_TRY_NUMBER=1
AIRFLOW_CTX_DAG_RUN_ID=scheduled__2022-06-12T04:57:00+00:00
[2022-06-12 17:19:11,737] {python.py:173} INFO - Done. Returned value was:           AT      V       AP     RH      PE
798    23.94  62.08  1022.47  61.97  447.50
29562  11.41  41.54  1019.94  66.49  477.89
41763  21.32  59.80  1016.26  76.26  452.70
13172  24.59  72.24  1011.42  81.50  433.31
12693  14.59  42.44  1012.70  83.92  470.86
[2022-06-12 17:19:11,862] {taskinstance.py:1395} INFO - Marking task as SUCCESS. dag_id=ingest_data, task_id=get_data_to_ingest_from_local_file_task, execution_date=20220612T045700, start_date=20220612T151910, end_date=20220612T151911
[2022-06-12 17:19:11,946] {local_task_job.py:156} INFO - Task exited with return code 0
[2022-06-12 17:19:12,179] {local_task_job.py:273} INFO - 1 downstream tasks scheduled from follow-on schedule check
