[2022-06-12 17:37:17,193] {taskinstance.py:1159} INFO - Dependencies all met for <TaskInstance: ingest_data.get_data_to_ingest_from_local_file_task scheduled__2022-06-12T06:53:00+00:00 [queued]>
[2022-06-12 17:37:17,227] {taskinstance.py:1159} INFO - Dependencies all met for <TaskInstance: ingest_data.get_data_to_ingest_from_local_file_task scheduled__2022-06-12T06:53:00+00:00 [queued]>
[2022-06-12 17:37:17,228] {taskinstance.py:1356} INFO - 
--------------------------------------------------------------------------------
[2022-06-12 17:37:17,228] {taskinstance.py:1357} INFO - Starting attempt 1 of 1
[2022-06-12 17:37:17,229] {taskinstance.py:1358} INFO - 
--------------------------------------------------------------------------------
[2022-06-12 17:37:17,291] {taskinstance.py:1377} INFO - Executing <Task(_PythonDecoratedOperator): get_data_to_ingest_from_local_file_task> on 2022-06-12 06:53:00+00:00
[2022-06-12 17:37:17,303] {standard_task_runner.py:52} INFO - Started process 9873 to run task
[2022-06-12 17:37:17,307] {standard_task_runner.py:79} INFO - Running: ['airflow', 'tasks', 'run', 'ingest_data', 'get_data_to_ingest_from_local_file_task', 'scheduled__2022-06-12T06:53:00+00:00', '--job-id', '1219', '--raw', '--subdir', 'DAGS_FOLDER/ingestion_dag.py', '--cfg-path', '/tmp/tmplac50kbc', '--error-file', '/tmp/tmpx7q0l_ow']
[2022-06-12 17:37:17,309] {standard_task_runner.py:80} INFO - Job 1219: Subtask get_data_to_ingest_from_local_file_task
[2022-06-12 17:37:17,476] {task_command.py:370} INFO - Running <TaskInstance: ingest_data.get_data_to_ingest_from_local_file_task scheduled__2022-06-12T06:53:00+00:00 [running]> on host DESKTOP-GDPK8BL.localdomain
[2022-06-12 17:37:17,909] {taskinstance.py:1569} INFO - Exporting the following env vars:
AIRFLOW_CTX_DAG_OWNER=airflow
AIRFLOW_CTX_DAG_ID=ingest_data
AIRFLOW_CTX_TASK_ID=get_data_to_ingest_from_local_file_task
AIRFLOW_CTX_EXECUTION_DATE=2022-06-12T06:53:00+00:00
AIRFLOW_CTX_TRY_NUMBER=1
AIRFLOW_CTX_DAG_RUN_ID=scheduled__2022-06-12T06:53:00+00:00
[2022-06-12 17:37:17,978] {python.py:173} INFO - Done. Returned value was:           AT      V       AP     RH      PE
31521  33.12  68.31  1010.30  42.29  441.13
44079  13.56  43.67  1011.34  94.02  467.09
17949  19.44  39.53  1006.99  63.18  457.09
43236  23.41  74.99  1007.22  84.55  442.51
31410  10.36  41.46  1017.53  92.04  478.27
[2022-06-12 17:37:18,144] {taskinstance.py:1395} INFO - Marking task as SUCCESS. dag_id=ingest_data, task_id=get_data_to_ingest_from_local_file_task, execution_date=20220612T065300, start_date=20220612T153717, end_date=20220612T153718
[2022-06-12 17:37:18,248] {local_task_job.py:156} INFO - Task exited with return code 0
[2022-06-12 17:37:18,495] {local_task_job.py:273} INFO - 1 downstream tasks scheduled from follow-on schedule check
