[2022-06-12 16:40:50,096] {taskinstance.py:1159} INFO - Dependencies all met for <TaskInstance: ingest_data.save_data_task scheduled__2022-06-12T01:22:00+00:00 [queued]>
[2022-06-12 16:40:50,130] {taskinstance.py:1159} INFO - Dependencies all met for <TaskInstance: ingest_data.save_data_task scheduled__2022-06-12T01:22:00+00:00 [queued]>
[2022-06-12 16:40:50,130] {taskinstance.py:1356} INFO - 
--------------------------------------------------------------------------------
[2022-06-12 16:40:50,131] {taskinstance.py:1357} INFO - Starting attempt 1 of 1
[2022-06-12 16:40:50,131] {taskinstance.py:1358} INFO - 
--------------------------------------------------------------------------------
[2022-06-12 16:40:50,201] {taskinstance.py:1377} INFO - Executing <Task(_PythonDecoratedOperator): save_data_task> on 2022-06-12 01:22:00+00:00
[2022-06-12 16:40:50,209] {standard_task_runner.py:52} INFO - Started process 4975 to run task
[2022-06-12 16:40:50,216] {standard_task_runner.py:79} INFO - Running: ['airflow', 'tasks', 'run', 'ingest_data', 'save_data_task', 'scheduled__2022-06-12T01:22:00+00:00', '--job-id', '559', '--raw', '--subdir', 'DAGS_FOLDER/ingestion_dag.py', '--cfg-path', '/tmp/tmpg6575gyh', '--error-file', '/tmp/tmpji59u_qt']
[2022-06-12 16:40:50,220] {standard_task_runner.py:80} INFO - Job 559: Subtask save_data_task
[2022-06-12 16:40:50,381] {task_command.py:370} INFO - Running <TaskInstance: ingest_data.save_data_task scheduled__2022-06-12T01:22:00+00:00 [running]> on host DESKTOP-GDPK8BL.localdomain
[2022-06-12 16:40:50,900] {taskinstance.py:1569} INFO - Exporting the following env vars:
AIRFLOW_CTX_DAG_OWNER=airflow
AIRFLOW_CTX_DAG_ID=ingest_data
AIRFLOW_CTX_TASK_ID=save_data_task
AIRFLOW_CTX_EXECUTION_DATE=2022-06-12T01:22:00+00:00
AIRFLOW_CTX_TRY_NUMBER=1
AIRFLOW_CTX_DAG_RUN_ID=scheduled__2022-06-12T01:22:00+00:00
[2022-06-12 16:40:50,917] {python.py:173} INFO - Done. Returned value was: None
[2022-06-12 16:40:50,959] {taskinstance.py:1395} INFO - Marking task as SUCCESS. dag_id=ingest_data, task_id=save_data_task, execution_date=20220612T012200, start_date=20220612T144050, end_date=20220612T144050
[2022-06-12 16:40:51,076] {local_task_job.py:156} INFO - Task exited with return code 0
[2022-06-12 16:40:51,277] {local_task_job.py:273} INFO - 0 downstream tasks scheduled from follow-on schedule check
