[2022-06-12 17:15:02,634] {taskinstance.py:1159} INFO - Dependencies all met for <TaskInstance: ingest_data.get_data_to_ingest_from_local_file_task scheduled__2022-06-12T04:34:00+00:00 [queued]>
[2022-06-12 17:15:02,667] {taskinstance.py:1159} INFO - Dependencies all met for <TaskInstance: ingest_data.get_data_to_ingest_from_local_file_task scheduled__2022-06-12T04:34:00+00:00 [queued]>
[2022-06-12 17:15:02,668] {taskinstance.py:1356} INFO - 
--------------------------------------------------------------------------------
[2022-06-12 17:15:02,668] {taskinstance.py:1357} INFO - Starting attempt 1 of 1
[2022-06-12 17:15:02,669] {taskinstance.py:1358} INFO - 
--------------------------------------------------------------------------------
[2022-06-12 17:15:02,744] {taskinstance.py:1377} INFO - Executing <Task(_PythonDecoratedOperator): get_data_to_ingest_from_local_file_task> on 2022-06-12 04:34:00+00:00
[2022-06-12 17:15:02,750] {standard_task_runner.py:52} INFO - Started process 7826 to run task
[2022-06-12 17:15:02,757] {standard_task_runner.py:79} INFO - Running: ['airflow', 'tasks', 'run', 'ingest_data', 'get_data_to_ingest_from_local_file_task', 'scheduled__2022-06-12T04:34:00+00:00', '--job-id', '942', '--raw', '--subdir', 'DAGS_FOLDER/ingestion_dag.py', '--cfg-path', '/tmp/tmplli3x3w1', '--error-file', '/tmp/tmps0ipy7ot']
[2022-06-12 17:15:02,758] {standard_task_runner.py:80} INFO - Job 942: Subtask get_data_to_ingest_from_local_file_task
[2022-06-12 17:15:02,906] {task_command.py:370} INFO - Running <TaskInstance: ingest_data.get_data_to_ingest_from_local_file_task scheduled__2022-06-12T04:34:00+00:00 [running]> on host DESKTOP-GDPK8BL.localdomain
[2022-06-12 17:15:03,320] {taskinstance.py:1569} INFO - Exporting the following env vars:
AIRFLOW_CTX_DAG_OWNER=airflow
AIRFLOW_CTX_DAG_ID=ingest_data
AIRFLOW_CTX_TASK_ID=get_data_to_ingest_from_local_file_task
AIRFLOW_CTX_EXECUTION_DATE=2022-06-12T04:34:00+00:00
AIRFLOW_CTX_TRY_NUMBER=1
AIRFLOW_CTX_DAG_RUN_ID=scheduled__2022-06-12T04:34:00+00:00
[2022-06-12 17:15:03,412] {python.py:173} INFO - Done. Returned value was:           AT      V       AP     RH      PE
16327  12.61  43.22  1013.41  78.94  466.85
44258  22.74  61.87  1009.66  55.03  444.59
24807  29.92  67.22  1014.09  50.62  444.78
22808  29.45  64.96  1005.52  59.92  433.04
28197  10.20  41.62  1016.52  98.09  462.87
[2022-06-12 17:15:03,559] {taskinstance.py:1395} INFO - Marking task as SUCCESS. dag_id=ingest_data, task_id=get_data_to_ingest_from_local_file_task, execution_date=20220612T043400, start_date=20220612T151502, end_date=20220612T151503
[2022-06-12 17:15:03,658] {local_task_job.py:156} INFO - Task exited with return code 0
[2022-06-12 17:15:03,890] {local_task_job.py:273} INFO - 1 downstream tasks scheduled from follow-on schedule check
