[2022-06-12 17:15:53,149] {taskinstance.py:1159} INFO - Dependencies all met for <TaskInstance: ingest_data.get_data_to_ingest_from_local_file_task scheduled__2022-06-12T04:39:00+00:00 [queued]>
[2022-06-12 17:15:53,192] {taskinstance.py:1159} INFO - Dependencies all met for <TaskInstance: ingest_data.get_data_to_ingest_from_local_file_task scheduled__2022-06-12T04:39:00+00:00 [queued]>
[2022-06-12 17:15:53,193] {taskinstance.py:1356} INFO - 
--------------------------------------------------------------------------------
[2022-06-12 17:15:53,194] {taskinstance.py:1357} INFO - Starting attempt 1 of 1
[2022-06-12 17:15:53,195] {taskinstance.py:1358} INFO - 
--------------------------------------------------------------------------------
[2022-06-12 17:15:53,263] {taskinstance.py:1377} INFO - Executing <Task(_PythonDecoratedOperator): get_data_to_ingest_from_local_file_task> on 2022-06-12 04:39:00+00:00
[2022-06-12 17:15:53,275] {standard_task_runner.py:52} INFO - Started process 7892 to run task
[2022-06-12 17:15:53,281] {standard_task_runner.py:79} INFO - Running: ['airflow', 'tasks', 'run', 'ingest_data', 'get_data_to_ingest_from_local_file_task', 'scheduled__2022-06-12T04:39:00+00:00', '--job-id', '951', '--raw', '--subdir', 'DAGS_FOLDER/ingestion_dag.py', '--cfg-path', '/tmp/tmp708wvb4p', '--error-file', '/tmp/tmpva0vrtsy']
[2022-06-12 17:15:53,283] {standard_task_runner.py:80} INFO - Job 951: Subtask get_data_to_ingest_from_local_file_task
[2022-06-12 17:15:53,455] {task_command.py:370} INFO - Running <TaskInstance: ingest_data.get_data_to_ingest_from_local_file_task scheduled__2022-06-12T04:39:00+00:00 [running]> on host DESKTOP-GDPK8BL.localdomain
[2022-06-12 17:15:53,969] {taskinstance.py:1569} INFO - Exporting the following env vars:
AIRFLOW_CTX_DAG_OWNER=airflow
AIRFLOW_CTX_DAG_ID=ingest_data
AIRFLOW_CTX_TASK_ID=get_data_to_ingest_from_local_file_task
AIRFLOW_CTX_EXECUTION_DATE=2022-06-12T04:39:00+00:00
AIRFLOW_CTX_TRY_NUMBER=1
AIRFLOW_CTX_DAG_RUN_ID=scheduled__2022-06-12T04:39:00+00:00
[2022-06-12 17:15:54,044] {python.py:173} INFO - Done. Returned value was:           AT      V       AP     RH      PE
11285  24.54  44.89  1010.05  59.13  445.11
28011  24.86  63.47  1011.50  71.78  441.68
9141   15.98  39.64  1009.31  81.21  467.22
40385  27.14  75.23  1011.47  63.14  439.33
10473  24.06  69.94  1005.47  60.46  436.88
[2022-06-12 17:15:54,190] {taskinstance.py:1395} INFO - Marking task as SUCCESS. dag_id=ingest_data, task_id=get_data_to_ingest_from_local_file_task, execution_date=20220612T043900, start_date=20220612T151553, end_date=20220612T151554
[2022-06-12 17:15:54,260] {local_task_job.py:156} INFO - Task exited with return code 0
[2022-06-12 17:15:54,490] {local_task_job.py:273} INFO - 1 downstream tasks scheduled from follow-on schedule check
