[2022-06-12 14:47:05,730] {taskinstance.py:1159} INFO - Dependencies all met for <TaskInstance: ingest_data.get_data_to_ingest_from_local_file_task scheduled__2022-06-11T21:17:00+00:00 [queued]>
[2022-06-12 14:47:05,755] {taskinstance.py:1159} INFO - Dependencies all met for <TaskInstance: ingest_data.get_data_to_ingest_from_local_file_task scheduled__2022-06-11T21:17:00+00:00 [queued]>
[2022-06-12 14:47:05,756] {taskinstance.py:1356} INFO - 
--------------------------------------------------------------------------------
[2022-06-12 14:47:05,757] {taskinstance.py:1357} INFO - Starting attempt 1 of 1
[2022-06-12 14:47:05,758] {taskinstance.py:1358} INFO - 
--------------------------------------------------------------------------------
[2022-06-12 14:47:05,817] {taskinstance.py:1377} INFO - Executing <Task(_PythonDecoratedOperator): get_data_to_ingest_from_local_file_task> on 2022-06-11 21:17:00+00:00
[2022-06-12 14:47:05,825] {standard_task_runner.py:52} INFO - Started process 1030 to run task
[2022-06-12 14:47:05,831] {standard_task_runner.py:79} INFO - Running: ['airflow', 'tasks', 'run', 'ingest_data', 'get_data_to_ingest_from_local_file_task', 'scheduled__2022-06-11T21:17:00+00:00', '--job-id', '68', '--raw', '--subdir', 'DAGS_FOLDER/ingestion_dag.py', '--cfg-path', '/tmp/tmphn_tivim', '--error-file', '/tmp/tmp7le6ha_z']
[2022-06-12 14:47:05,832] {standard_task_runner.py:80} INFO - Job 68: Subtask get_data_to_ingest_from_local_file_task
[2022-06-12 14:47:05,958] {task_command.py:370} INFO - Running <TaskInstance: ingest_data.get_data_to_ingest_from_local_file_task scheduled__2022-06-11T21:17:00+00:00 [running]> on host DESKTOP-GDPK8BL.localdomain
[2022-06-12 14:47:06,288] {taskinstance.py:1569} INFO - Exporting the following env vars:
AIRFLOW_CTX_DAG_OWNER=airflow
AIRFLOW_CTX_DAG_ID=ingest_data
AIRFLOW_CTX_TASK_ID=get_data_to_ingest_from_local_file_task
AIRFLOW_CTX_EXECUTION_DATE=2022-06-11T21:17:00+00:00
AIRFLOW_CTX_TRY_NUMBER=1
AIRFLOW_CTX_DAG_RUN_ID=scheduled__2022-06-11T21:17:00+00:00
[2022-06-12 14:47:06,354] {python.py:173} INFO - Done. Returned value was:           AT      V       AP     RH      PE
3897    9.44  41.79  1020.16  72.26  474.03
29132   8.77  40.77  1011.54  89.58  480.56
18419  22.29  45.01  1012.40  51.58  449.08
42400  11.10  44.85  1014.27  65.08  477.03
5670   15.79  44.89  1010.19  84.61  458.09
[2022-06-12 14:47:06,472] {taskinstance.py:1395} INFO - Marking task as SUCCESS. dag_id=ingest_data, task_id=get_data_to_ingest_from_local_file_task, execution_date=20220611T211700, start_date=20220612T124705, end_date=20220612T124706
[2022-06-12 14:47:06,568] {local_task_job.py:156} INFO - Task exited with return code 0
[2022-06-12 14:47:06,854] {local_task_job.py:273} INFO - 1 downstream tasks scheduled from follow-on schedule check
