[2022-06-12 17:21:44,872] {taskinstance.py:1159} INFO - Dependencies all met for <TaskInstance: ingest_data.get_data_to_ingest_from_local_file_task scheduled__2022-06-12T05:14:00+00:00 [queued]>
[2022-06-12 17:21:44,909] {taskinstance.py:1159} INFO - Dependencies all met for <TaskInstance: ingest_data.get_data_to_ingest_from_local_file_task scheduled__2022-06-12T05:14:00+00:00 [queued]>
[2022-06-12 17:21:44,910] {taskinstance.py:1356} INFO - 
--------------------------------------------------------------------------------
[2022-06-12 17:21:44,910] {taskinstance.py:1357} INFO - Starting attempt 1 of 1
[2022-06-12 17:21:44,911] {taskinstance.py:1358} INFO - 
--------------------------------------------------------------------------------
[2022-06-12 17:21:44,976] {taskinstance.py:1377} INFO - Executing <Task(_PythonDecoratedOperator): get_data_to_ingest_from_local_file_task> on 2022-06-12 05:14:00+00:00
[2022-06-12 17:21:44,982] {standard_task_runner.py:52} INFO - Started process 8412 to run task
[2022-06-12 17:21:44,989] {standard_task_runner.py:79} INFO - Running: ['airflow', 'tasks', 'run', 'ingest_data', 'get_data_to_ingest_from_local_file_task', 'scheduled__2022-06-12T05:14:00+00:00', '--job-id', '1021', '--raw', '--subdir', 'DAGS_FOLDER/ingestion_dag.py', '--cfg-path', '/tmp/tmp19rnchbd', '--error-file', '/tmp/tmpxutljwvx']
[2022-06-12 17:21:44,991] {standard_task_runner.py:80} INFO - Job 1021: Subtask get_data_to_ingest_from_local_file_task
[2022-06-12 17:21:45,150] {task_command.py:370} INFO - Running <TaskInstance: ingest_data.get_data_to_ingest_from_local_file_task scheduled__2022-06-12T05:14:00+00:00 [running]> on host DESKTOP-GDPK8BL.localdomain
[2022-06-12 17:21:45,605] {taskinstance.py:1569} INFO - Exporting the following env vars:
AIRFLOW_CTX_DAG_OWNER=airflow
AIRFLOW_CTX_DAG_ID=ingest_data
AIRFLOW_CTX_TASK_ID=get_data_to_ingest_from_local_file_task
AIRFLOW_CTX_EXECUTION_DATE=2022-06-12T05:14:00+00:00
AIRFLOW_CTX_TRY_NUMBER=1
AIRFLOW_CTX_DAG_RUN_ID=scheduled__2022-06-12T05:14:00+00:00
[2022-06-12 17:21:45,703] {python.py:173} INFO - Done. Returned value was:           AT      V       AP     RH      PE
30628  20.42  62.96  1020.34  84.00  452.08
22576  22.90  67.25  1017.74  74.53  438.62
65     28.26  65.34  1014.56  43.40  441.03
8687   23.43  54.42  1013.58  70.99  454.86
16349  16.18  41.66  1010.01  65.62  465.82
[2022-06-12 17:21:45,854] {taskinstance.py:1395} INFO - Marking task as SUCCESS. dag_id=ingest_data, task_id=get_data_to_ingest_from_local_file_task, execution_date=20220612T051400, start_date=20220612T152144, end_date=20220612T152145
[2022-06-12 17:21:45,928] {local_task_job.py:156} INFO - Task exited with return code 0
[2022-06-12 17:21:46,145] {local_task_job.py:273} INFO - 1 downstream tasks scheduled from follow-on schedule check
