[2022-06-12 16:28:45,450] {taskinstance.py:1159} INFO - Dependencies all met for <TaskInstance: ingest_data.get_data_to_ingest_from_local_file_task scheduled__2022-06-12T00:11:00+00:00 [queued]>
[2022-06-12 16:28:45,512] {taskinstance.py:1159} INFO - Dependencies all met for <TaskInstance: ingest_data.get_data_to_ingest_from_local_file_task scheduled__2022-06-12T00:11:00+00:00 [queued]>
[2022-06-12 16:28:45,513] {taskinstance.py:1356} INFO - 
--------------------------------------------------------------------------------
[2022-06-12 16:28:45,514] {taskinstance.py:1357} INFO - Starting attempt 1 of 1
[2022-06-12 16:28:45,515] {taskinstance.py:1358} INFO - 
--------------------------------------------------------------------------------
[2022-06-12 16:28:45,628] {taskinstance.py:1377} INFO - Executing <Task(_PythonDecoratedOperator): get_data_to_ingest_from_local_file_task> on 2022-06-12 00:11:00+00:00
[2022-06-12 16:28:45,641] {standard_task_runner.py:79} INFO - Running: ['airflow', 'tasks', 'run', 'ingest_data', 'get_data_to_ingest_from_local_file_task', 'scheduled__2022-06-12T00:11:00+00:00', '--job-id', '415', '--raw', '--subdir', 'DAGS_FOLDER/ingestion_dag.py', '--cfg-path', '/tmp/tmp8ivpkn13', '--error-file', '/tmp/tmpsokay8tr']
[2022-06-12 16:28:45,644] {standard_task_runner.py:80} INFO - Job 415: Subtask get_data_to_ingest_from_local_file_task
[2022-06-12 16:28:45,642] {standard_task_runner.py:52} INFO - Started process 3906 to run task
[2022-06-12 16:28:45,898] {task_command.py:370} INFO - Running <TaskInstance: ingest_data.get_data_to_ingest_from_local_file_task scheduled__2022-06-12T00:11:00+00:00 [running]> on host DESKTOP-GDPK8BL.localdomain
[2022-06-12 16:28:47,288] {taskinstance.py:1569} INFO - Exporting the following env vars:
AIRFLOW_CTX_DAG_OWNER=airflow
AIRFLOW_CTX_DAG_ID=ingest_data
AIRFLOW_CTX_TASK_ID=get_data_to_ingest_from_local_file_task
AIRFLOW_CTX_EXECUTION_DATE=2022-06-12T00:11:00+00:00
AIRFLOW_CTX_TRY_NUMBER=1
AIRFLOW_CTX_DAG_RUN_ID=scheduled__2022-06-12T00:11:00+00:00
[2022-06-12 16:28:47,440] {python.py:173} INFO - Done. Returned value was:           AT      V       AP     RH      PE
24288  12.30  39.85  1012.59  73.38  476.42
44443  26.26  74.90  1003.85  81.94  437.44
34818  23.57  70.04  1011.06  82.79  437.53
39471  25.03  47.93  1003.02  62.89  443.55
26325  25.68  68.27  1008.05  68.48  434.89
[2022-06-12 16:28:47,651] {taskinstance.py:1395} INFO - Marking task as SUCCESS. dag_id=ingest_data, task_id=get_data_to_ingest_from_local_file_task, execution_date=20220612T001100, start_date=20220612T142845, end_date=20220612T142847
[2022-06-12 16:28:47,752] {local_task_job.py:156} INFO - Task exited with return code 0
[2022-06-12 16:28:48,263] {local_task_job.py:273} INFO - 1 downstream tasks scheduled from follow-on schedule check
