[2022-06-12 19:45:06,033] {taskinstance.py:1159} INFO - Dependencies all met for <TaskInstance: ingest_data.get_data_to_ingest_from_local_file_task scheduled__2022-06-12T08:47:00+00:00 [queued]>
[2022-06-12 19:45:06,074] {taskinstance.py:1159} INFO - Dependencies all met for <TaskInstance: ingest_data.get_data_to_ingest_from_local_file_task scheduled__2022-06-12T08:47:00+00:00 [queued]>
[2022-06-12 19:45:06,075] {taskinstance.py:1356} INFO - 
--------------------------------------------------------------------------------
[2022-06-12 19:45:06,075] {taskinstance.py:1357} INFO - Starting attempt 1 of 1
[2022-06-12 19:45:06,076] {taskinstance.py:1358} INFO - 
--------------------------------------------------------------------------------
[2022-06-12 19:45:06,134] {taskinstance.py:1377} INFO - Executing <Task(_PythonDecoratedOperator): get_data_to_ingest_from_local_file_task> on 2022-06-12 08:47:00+00:00
[2022-06-12 19:45:06,140] {standard_task_runner.py:52} INFO - Started process 11561 to run task
[2022-06-12 19:45:06,148] {standard_task_runner.py:79} INFO - Running: ['airflow', 'tasks', 'run', 'ingest_data', 'get_data_to_ingest_from_local_file_task', 'scheduled__2022-06-12T08:47:00+00:00', '--job-id', '1447', '--raw', '--subdir', 'DAGS_FOLDER/ingestion_dag.py', '--cfg-path', '/tmp/tmpqxh9thsv', '--error-file', '/tmp/tmp8qnn8n9s']
[2022-06-12 19:45:06,149] {standard_task_runner.py:80} INFO - Job 1447: Subtask get_data_to_ingest_from_local_file_task
[2022-06-12 19:45:06,297] {task_command.py:370} INFO - Running <TaskInstance: ingest_data.get_data_to_ingest_from_local_file_task scheduled__2022-06-12T08:47:00+00:00 [running]> on host DESKTOP-GDPK8BL.localdomain
[2022-06-12 19:45:06,843] {taskinstance.py:1569} INFO - Exporting the following env vars:
AIRFLOW_CTX_DAG_OWNER=airflow
AIRFLOW_CTX_DAG_ID=ingest_data
AIRFLOW_CTX_TASK_ID=get_data_to_ingest_from_local_file_task
AIRFLOW_CTX_EXECUTION_DATE=2022-06-12T08:47:00+00:00
AIRFLOW_CTX_TRY_NUMBER=1
AIRFLOW_CTX_DAG_RUN_ID=scheduled__2022-06-12T08:47:00+00:00
[2022-06-12 19:45:06,948] {python.py:173} INFO - Done. Returned value was:           AT      V       AP     RH      PE
38266  31.59  58.90  1003.39  47.60  440.52
2619    9.13  39.04  1022.36  74.60  483.24
6246   27.66  59.21  1013.12  51.58  438.57
38186  30.36  69.82  1010.02  54.22  439.05
10334  30.75  73.88  1005.62  57.95  436.97
[2022-06-12 19:45:07,143] {taskinstance.py:1395} INFO - Marking task as SUCCESS. dag_id=ingest_data, task_id=get_data_to_ingest_from_local_file_task, execution_date=20220612T084700, start_date=20220612T174506, end_date=20220612T174507
[2022-06-12 19:45:07,247] {local_task_job.py:156} INFO - Task exited with return code 0
[2022-06-12 19:45:07,440] {local_task_job.py:273} INFO - 1 downstream tasks scheduled from follow-on schedule check
