[2022-06-12 17:27:52,615] {taskinstance.py:1159} INFO - Dependencies all met for <TaskInstance: ingest_data.get_data_to_ingest_from_local_file_task scheduled__2022-06-12T05:52:00+00:00 [queued]>
[2022-06-12 17:27:52,646] {taskinstance.py:1159} INFO - Dependencies all met for <TaskInstance: ingest_data.get_data_to_ingest_from_local_file_task scheduled__2022-06-12T05:52:00+00:00 [queued]>
[2022-06-12 17:27:52,647] {taskinstance.py:1356} INFO - 
--------------------------------------------------------------------------------
[2022-06-12 17:27:52,647] {taskinstance.py:1357} INFO - Starting attempt 1 of 1
[2022-06-12 17:27:52,648] {taskinstance.py:1358} INFO - 
--------------------------------------------------------------------------------
[2022-06-12 17:27:52,702] {taskinstance.py:1377} INFO - Executing <Task(_PythonDecoratedOperator): get_data_to_ingest_from_local_file_task> on 2022-06-12 05:52:00+00:00
[2022-06-12 17:27:52,708] {standard_task_runner.py:52} INFO - Started process 8981 to run task
[2022-06-12 17:27:52,714] {standard_task_runner.py:79} INFO - Running: ['airflow', 'tasks', 'run', 'ingest_data', 'get_data_to_ingest_from_local_file_task', 'scheduled__2022-06-12T05:52:00+00:00', '--job-id', '1098', '--raw', '--subdir', 'DAGS_FOLDER/ingestion_dag.py', '--cfg-path', '/tmp/tmpcnht1svs', '--error-file', '/tmp/tmp_r6fyz38']
[2022-06-12 17:27:52,715] {standard_task_runner.py:80} INFO - Job 1098: Subtask get_data_to_ingest_from_local_file_task
[2022-06-12 17:27:52,879] {task_command.py:370} INFO - Running <TaskInstance: ingest_data.get_data_to_ingest_from_local_file_task scheduled__2022-06-12T05:52:00+00:00 [running]> on host DESKTOP-GDPK8BL.localdomain
[2022-06-12 17:27:53,302] {taskinstance.py:1569} INFO - Exporting the following env vars:
AIRFLOW_CTX_DAG_OWNER=airflow
AIRFLOW_CTX_DAG_ID=ingest_data
AIRFLOW_CTX_TASK_ID=get_data_to_ingest_from_local_file_task
AIRFLOW_CTX_EXECUTION_DATE=2022-06-12T05:52:00+00:00
AIRFLOW_CTX_TRY_NUMBER=1
AIRFLOW_CTX_DAG_RUN_ID=scheduled__2022-06-12T05:52:00+00:00
[2022-06-12 17:27:53,376] {python.py:173} INFO - Done. Returned value was:           AT      V       AP     RH      PE
45596  30.46  66.75  1017.81  54.48  432.45
10667  26.91  65.34  1014.19  50.70  443.60
17002  14.30  53.82  1016.64  63.90  465.42
9619   26.50  66.75  1018.48  61.62  431.23
43023   6.57  39.37  1020.20  77.37  487.94
[2022-06-12 17:27:53,529] {taskinstance.py:1395} INFO - Marking task as SUCCESS. dag_id=ingest_data, task_id=get_data_to_ingest_from_local_file_task, execution_date=20220612T055200, start_date=20220612T152752, end_date=20220612T152753
[2022-06-12 17:27:53,613] {local_task_job.py:156} INFO - Task exited with return code 0
[2022-06-12 17:27:53,836] {local_task_job.py:273} INFO - 1 downstream tasks scheduled from follow-on schedule check
