[2022-06-12 16:48:23,362] {taskinstance.py:1159} INFO - Dependencies all met for <TaskInstance: ingest_data.get_data_to_ingest_from_local_file_task scheduled__2022-06-12T02:03:00+00:00 [queued]>
[2022-06-12 16:48:23,395] {taskinstance.py:1159} INFO - Dependencies all met for <TaskInstance: ingest_data.get_data_to_ingest_from_local_file_task scheduled__2022-06-12T02:03:00+00:00 [queued]>
[2022-06-12 16:48:23,395] {taskinstance.py:1356} INFO - 
--------------------------------------------------------------------------------
[2022-06-12 16:48:23,396] {taskinstance.py:1357} INFO - Starting attempt 1 of 1
[2022-06-12 16:48:23,396] {taskinstance.py:1358} INFO - 
--------------------------------------------------------------------------------
[2022-06-12 16:48:23,463] {taskinstance.py:1377} INFO - Executing <Task(_PythonDecoratedOperator): get_data_to_ingest_from_local_file_task> on 2022-06-12 02:03:00+00:00
[2022-06-12 16:48:23,469] {standard_task_runner.py:52} INFO - Started process 5573 to run task
[2022-06-12 16:48:23,476] {standard_task_runner.py:79} INFO - Running: ['airflow', 'tasks', 'run', 'ingest_data', 'get_data_to_ingest_from_local_file_task', 'scheduled__2022-06-12T02:03:00+00:00', '--job-id', '639', '--raw', '--subdir', 'DAGS_FOLDER/ingestion_dag.py', '--cfg-path', '/tmp/tmpkt0tuoa1', '--error-file', '/tmp/tmpalz9f5sg']
[2022-06-12 16:48:23,478] {standard_task_runner.py:80} INFO - Job 639: Subtask get_data_to_ingest_from_local_file_task
[2022-06-12 16:48:23,621] {task_command.py:370} INFO - Running <TaskInstance: ingest_data.get_data_to_ingest_from_local_file_task scheduled__2022-06-12T02:03:00+00:00 [running]> on host DESKTOP-GDPK8BL.localdomain
[2022-06-12 16:48:24,034] {taskinstance.py:1569} INFO - Exporting the following env vars:
AIRFLOW_CTX_DAG_OWNER=airflow
AIRFLOW_CTX_DAG_ID=ingest_data
AIRFLOW_CTX_TASK_ID=get_data_to_ingest_from_local_file_task
AIRFLOW_CTX_EXECUTION_DATE=2022-06-12T02:03:00+00:00
AIRFLOW_CTX_TRY_NUMBER=1
AIRFLOW_CTX_DAG_RUN_ID=scheduled__2022-06-12T02:03:00+00:00
[2022-06-12 16:48:24,108] {python.py:173} INFO - Done. Returned value was:           AT      V       AP     RH      PE
17701  26.53  65.61  1014.29  50.90  442.64
20686  22.88  50.23  1016.11  63.77  458.08
46251  23.84  49.21  1013.10  44.72  445.44
47378  20.08  62.52  1017.99  75.74  450.98
26787  23.07  65.27  1013.24  58.38  443.42
[2022-06-12 16:48:24,266] {taskinstance.py:1395} INFO - Marking task as SUCCESS. dag_id=ingest_data, task_id=get_data_to_ingest_from_local_file_task, execution_date=20220612T020300, start_date=20220612T144823, end_date=20220612T144824
[2022-06-12 16:48:24,374] {local_task_job.py:156} INFO - Task exited with return code 0
[2022-06-12 16:48:24,597] {local_task_job.py:273} INFO - 1 downstream tasks scheduled from follow-on schedule check
