[2022-06-12 17:01:36,234] {taskinstance.py:1159} INFO - Dependencies all met for <TaskInstance: ingest_data.get_data_to_ingest_from_local_file_task scheduled__2022-06-12T03:19:00+00:00 [queued]>
[2022-06-12 17:01:36,262] {taskinstance.py:1159} INFO - Dependencies all met for <TaskInstance: ingest_data.get_data_to_ingest_from_local_file_task scheduled__2022-06-12T03:19:00+00:00 [queued]>
[2022-06-12 17:01:36,262] {taskinstance.py:1356} INFO - 
--------------------------------------------------------------------------------
[2022-06-12 17:01:36,263] {taskinstance.py:1357} INFO - Starting attempt 1 of 1
[2022-06-12 17:01:36,263] {taskinstance.py:1358} INFO - 
--------------------------------------------------------------------------------
[2022-06-12 17:01:36,319] {taskinstance.py:1377} INFO - Executing <Task(_PythonDecoratedOperator): get_data_to_ingest_from_local_file_task> on 2022-06-12 03:19:00+00:00
[2022-06-12 17:01:36,325] {standard_task_runner.py:52} INFO - Started process 6703 to run task
[2022-06-12 17:01:36,331] {standard_task_runner.py:79} INFO - Running: ['airflow', 'tasks', 'run', 'ingest_data', 'get_data_to_ingest_from_local_file_task', 'scheduled__2022-06-12T03:19:00+00:00', '--job-id', '791', '--raw', '--subdir', 'DAGS_FOLDER/ingestion_dag.py', '--cfg-path', '/tmp/tmpydxwo6wq', '--error-file', '/tmp/tmpgr0grwpv']
[2022-06-12 17:01:36,332] {standard_task_runner.py:80} INFO - Job 791: Subtask get_data_to_ingest_from_local_file_task
[2022-06-12 17:01:36,507] {task_command.py:370} INFO - Running <TaskInstance: ingest_data.get_data_to_ingest_from_local_file_task scheduled__2022-06-12T03:19:00+00:00 [running]> on host DESKTOP-GDPK8BL.localdomain
[2022-06-12 17:01:37,065] {taskinstance.py:1569} INFO - Exporting the following env vars:
AIRFLOW_CTX_DAG_OWNER=airflow
AIRFLOW_CTX_DAG_ID=ingest_data
AIRFLOW_CTX_TASK_ID=get_data_to_ingest_from_local_file_task
AIRFLOW_CTX_EXECUTION_DATE=2022-06-12T03:19:00+00:00
AIRFLOW_CTX_TRY_NUMBER=1
AIRFLOW_CTX_DAG_RUN_ID=scheduled__2022-06-12T03:19:00+00:00
[2022-06-12 17:01:37,190] {python.py:173} INFO - Done. Returned value was:           AT      V       AP     RH      PE
19490  19.30  44.90  1008.89  70.55  452.75
41909  10.12  39.96  1025.98  98.63  471.60
12406  12.65  44.34  1014.74  92.81  473.46
42132  28.81  69.23  1013.14  39.18  433.74
36859  19.72  51.19  1008.51  95.28  446.01
[2022-06-12 17:01:37,448] {taskinstance.py:1395} INFO - Marking task as SUCCESS. dag_id=ingest_data, task_id=get_data_to_ingest_from_local_file_task, execution_date=20220612T031900, start_date=20220612T150136, end_date=20220612T150137
[2022-06-12 17:01:37,551] {local_task_job.py:156} INFO - Task exited with return code 0
[2022-06-12 17:01:37,781] {local_task_job.py:273} INFO - 1 downstream tasks scheduled from follow-on schedule check
