[2022-06-12 16:16:50,209] {taskinstance.py:1159} INFO - Dependencies all met for <TaskInstance: ingest_data.get_data_to_ingest_from_local_file_task scheduled__2022-06-11T23:01:00+00:00 [queued]>
[2022-06-12 16:16:50,240] {taskinstance.py:1159} INFO - Dependencies all met for <TaskInstance: ingest_data.get_data_to_ingest_from_local_file_task scheduled__2022-06-11T23:01:00+00:00 [queued]>
[2022-06-12 16:16:50,241] {taskinstance.py:1356} INFO - 
--------------------------------------------------------------------------------
[2022-06-12 16:16:50,241] {taskinstance.py:1357} INFO - Starting attempt 1 of 1
[2022-06-12 16:16:50,242] {taskinstance.py:1358} INFO - 
--------------------------------------------------------------------------------
[2022-06-12 16:16:50,308] {taskinstance.py:1377} INFO - Executing <Task(_PythonDecoratedOperator): get_data_to_ingest_from_local_file_task> on 2022-06-11 23:01:00+00:00
[2022-06-12 16:16:50,318] {standard_task_runner.py:52} INFO - Started process 2801 to run task
[2022-06-12 16:16:50,324] {standard_task_runner.py:79} INFO - Running: ['airflow', 'tasks', 'run', 'ingest_data', 'get_data_to_ingest_from_local_file_task', 'scheduled__2022-06-11T23:01:00+00:00', '--job-id', '276', '--raw', '--subdir', 'DAGS_FOLDER/ingestion_dag.py', '--cfg-path', '/tmp/tmpniy6_v5z', '--error-file', '/tmp/tmpoxy34g86']
[2022-06-12 16:16:50,326] {standard_task_runner.py:80} INFO - Job 276: Subtask get_data_to_ingest_from_local_file_task
[2022-06-12 16:16:50,453] {task_command.py:370} INFO - Running <TaskInstance: ingest_data.get_data_to_ingest_from_local_file_task scheduled__2022-06-11T23:01:00+00:00 [running]> on host DESKTOP-GDPK8BL.localdomain
[2022-06-12 16:16:50,756] {taskinstance.py:1569} INFO - Exporting the following env vars:
AIRFLOW_CTX_DAG_OWNER=airflow
AIRFLOW_CTX_DAG_ID=ingest_data
AIRFLOW_CTX_TASK_ID=get_data_to_ingest_from_local_file_task
AIRFLOW_CTX_EXECUTION_DATE=2022-06-11T23:01:00+00:00
AIRFLOW_CTX_TRY_NUMBER=1
AIRFLOW_CTX_DAG_RUN_ID=scheduled__2022-06-11T23:01:00+00:00
[2022-06-12 16:16:50,826] {python.py:173} INFO - Done. Returned value was:           AT      V       AP     RH      PE
45163  10.33  40.62  1017.41  64.22  473.16
45094  18.03  53.16  1013.10  81.42  457.73
24313  20.78  58.86  1016.02  77.29  446.20
45678  11.82  41.17  1019.50  55.74  475.61
41116  10.14  45.01  1018.12  94.32  473.56
[2022-06-12 16:16:50,927] {taskinstance.py:1395} INFO - Marking task as SUCCESS. dag_id=ingest_data, task_id=get_data_to_ingest_from_local_file_task, execution_date=20220611T230100, start_date=20220612T141650, end_date=20220612T141650
[2022-06-12 16:16:51,022] {local_task_job.py:156} INFO - Task exited with return code 0
[2022-06-12 16:16:51,345] {local_task_job.py:273} INFO - 1 downstream tasks scheduled from follow-on schedule check
