[2022-06-12 17:32:14,687] {taskinstance.py:1159} INFO - Dependencies all met for <TaskInstance: ingest_data.get_data_to_ingest_from_local_file_task scheduled__2022-06-12T06:20:00+00:00 [queued]>
[2022-06-12 17:32:14,721] {taskinstance.py:1159} INFO - Dependencies all met for <TaskInstance: ingest_data.get_data_to_ingest_from_local_file_task scheduled__2022-06-12T06:20:00+00:00 [queued]>
[2022-06-12 17:32:14,722] {taskinstance.py:1356} INFO - 
--------------------------------------------------------------------------------
[2022-06-12 17:32:14,722] {taskinstance.py:1357} INFO - Starting attempt 1 of 1
[2022-06-12 17:32:14,723] {taskinstance.py:1358} INFO - 
--------------------------------------------------------------------------------
[2022-06-12 17:32:14,814] {taskinstance.py:1377} INFO - Executing <Task(_PythonDecoratedOperator): get_data_to_ingest_from_local_file_task> on 2022-06-12 06:20:00+00:00
[2022-06-12 17:32:14,821] {standard_task_runner.py:52} INFO - Started process 9394 to run task
[2022-06-12 17:32:14,832] {standard_task_runner.py:79} INFO - Running: ['airflow', 'tasks', 'run', 'ingest_data', 'get_data_to_ingest_from_local_file_task', 'scheduled__2022-06-12T06:20:00+00:00', '--job-id', '1154', '--raw', '--subdir', 'DAGS_FOLDER/ingestion_dag.py', '--cfg-path', '/tmp/tmpapptdk_v', '--error-file', '/tmp/tmpggakkrr4']
[2022-06-12 17:32:14,834] {standard_task_runner.py:80} INFO - Job 1154: Subtask get_data_to_ingest_from_local_file_task
[2022-06-12 17:32:14,983] {task_command.py:370} INFO - Running <TaskInstance: ingest_data.get_data_to_ingest_from_local_file_task scheduled__2022-06-12T06:20:00+00:00 [running]> on host DESKTOP-GDPK8BL.localdomain
[2022-06-12 17:32:15,483] {taskinstance.py:1569} INFO - Exporting the following env vars:
AIRFLOW_CTX_DAG_OWNER=airflow
AIRFLOW_CTX_DAG_ID=ingest_data
AIRFLOW_CTX_TASK_ID=get_data_to_ingest_from_local_file_task
AIRFLOW_CTX_EXECUTION_DATE=2022-06-12T06:20:00+00:00
AIRFLOW_CTX_TRY_NUMBER=1
AIRFLOW_CTX_DAG_RUN_ID=scheduled__2022-06-12T06:20:00+00:00
[2022-06-12 17:32:15,561] {python.py:173} INFO - Done. Returned value was:           AT      V       AP     RH      PE
26385  34.33  69.05  1000.89  37.90  430.56
46563  19.20  61.27  1020.02  65.53  455.20
1952   30.22  74.90  1003.57  67.15  434.17
5126   28.26  72.43  1006.68  72.30  426.20
23677   7.91  39.96  1023.57  88.44  475.52
[2022-06-12 17:32:15,747] {taskinstance.py:1395} INFO - Marking task as SUCCESS. dag_id=ingest_data, task_id=get_data_to_ingest_from_local_file_task, execution_date=20220612T062000, start_date=20220612T153214, end_date=20220612T153215
[2022-06-12 17:32:15,811] {local_task_job.py:156} INFO - Task exited with return code 0
[2022-06-12 17:32:16,021] {local_task_job.py:273} INFO - 1 downstream tasks scheduled from follow-on schedule check
