[2022-06-12 16:54:04,820] {taskinstance.py:1159} INFO - Dependencies all met for <TaskInstance: ingest_data.get_data_to_ingest_from_local_file_task scheduled__2022-06-12T02:36:00+00:00 [queued]>
[2022-06-12 16:54:04,850] {taskinstance.py:1159} INFO - Dependencies all met for <TaskInstance: ingest_data.get_data_to_ingest_from_local_file_task scheduled__2022-06-12T02:36:00+00:00 [queued]>
[2022-06-12 16:54:04,850] {taskinstance.py:1356} INFO - 
--------------------------------------------------------------------------------
[2022-06-12 16:54:04,851] {taskinstance.py:1357} INFO - Starting attempt 1 of 1
[2022-06-12 16:54:04,852] {taskinstance.py:1358} INFO - 
--------------------------------------------------------------------------------
[2022-06-12 16:54:04,921] {taskinstance.py:1377} INFO - Executing <Task(_PythonDecoratedOperator): get_data_to_ingest_from_local_file_task> on 2022-06-12 02:36:00+00:00
[2022-06-12 16:54:04,926] {standard_task_runner.py:52} INFO - Started process 6062 to run task
[2022-06-12 16:54:04,934] {standard_task_runner.py:79} INFO - Running: ['airflow', 'tasks', 'run', 'ingest_data', 'get_data_to_ingest_from_local_file_task', 'scheduled__2022-06-12T02:36:00+00:00', '--job-id', '705', '--raw', '--subdir', 'DAGS_FOLDER/ingestion_dag.py', '--cfg-path', '/tmp/tmp45bbrow8', '--error-file', '/tmp/tmp7ow9ho3z']
[2022-06-12 16:54:04,937] {standard_task_runner.py:80} INFO - Job 705: Subtask get_data_to_ingest_from_local_file_task
[2022-06-12 16:54:05,103] {task_command.py:370} INFO - Running <TaskInstance: ingest_data.get_data_to_ingest_from_local_file_task scheduled__2022-06-12T02:36:00+00:00 [running]> on host DESKTOP-GDPK8BL.localdomain
[2022-06-12 16:54:05,518] {taskinstance.py:1569} INFO - Exporting the following env vars:
AIRFLOW_CTX_DAG_OWNER=airflow
AIRFLOW_CTX_DAG_ID=ingest_data
AIRFLOW_CTX_TASK_ID=get_data_to_ingest_from_local_file_task
AIRFLOW_CTX_EXECUTION_DATE=2022-06-12T02:36:00+00:00
AIRFLOW_CTX_TRY_NUMBER=1
AIRFLOW_CTX_DAG_RUN_ID=scheduled__2022-06-12T02:36:00+00:00
[2022-06-12 16:54:05,594] {python.py:173} INFO - Done. Returned value was:           AT      V       AP     RH      PE
8887   29.05  71.85  1008.60  78.69  428.39
42450  12.24  34.03  1018.44  69.27  474.18
35979   7.24  41.17  1020.35  80.56  486.76
42553   6.03  41.17  1019.81  84.20  488.57
35805  23.00  49.50  1014.15  66.68  454.44
[2022-06-12 16:54:05,767] {taskinstance.py:1395} INFO - Marking task as SUCCESS. dag_id=ingest_data, task_id=get_data_to_ingest_from_local_file_task, execution_date=20220612T023600, start_date=20220612T145404, end_date=20220612T145405
[2022-06-12 16:54:05,877] {local_task_job.py:156} INFO - Task exited with return code 0
[2022-06-12 16:54:06,100] {local_task_job.py:273} INFO - 1 downstream tasks scheduled from follow-on schedule check
