[2022-06-15 19:13:39,027] {taskinstance.py:1159} INFO - Dependencies all met for <TaskInstance: loan_pred.get_data_to_ingest_from_local_file_task scheduled__2022-06-14T21:19:00+00:00 [queued]>
[2022-06-15 19:13:39,053] {taskinstance.py:1159} INFO - Dependencies all met for <TaskInstance: loan_pred.get_data_to_ingest_from_local_file_task scheduled__2022-06-14T21:19:00+00:00 [queued]>
[2022-06-15 19:13:39,054] {taskinstance.py:1356} INFO - 
--------------------------------------------------------------------------------
[2022-06-15 19:13:39,054] {taskinstance.py:1357} INFO - Starting attempt 1 of 1
[2022-06-15 19:13:39,055] {taskinstance.py:1358} INFO - 
--------------------------------------------------------------------------------
[2022-06-15 19:13:39,107] {taskinstance.py:1377} INFO - Executing <Task(_PythonDecoratedOperator): get_data_to_ingest_from_local_file_task> on 2022-06-14 21:19:00+00:00
[2022-06-15 19:13:39,112] {standard_task_runner.py:52} INFO - Started process 567 to run task
[2022-06-15 19:13:39,116] {standard_task_runner.py:79} INFO - Running: ['airflow', 'tasks', 'run', 'loan_pred', 'get_data_to_ingest_from_local_file_task', 'scheduled__2022-06-14T21:19:00+00:00', '--job-id', '1611', '--raw', '--subdir', 'DAGS_FOLDER/loan_pred.py', '--cfg-path', '/tmp/tmpmj2c5yk2', '--error-file', '/tmp/tmptecfq3ql']
[2022-06-15 19:13:39,118] {standard_task_runner.py:80} INFO - Job 1611: Subtask get_data_to_ingest_from_local_file_task
[2022-06-15 19:13:39,242] {task_command.py:370} INFO - Running <TaskInstance: loan_pred.get_data_to_ingest_from_local_file_task scheduled__2022-06-14T21:19:00+00:00 [running]> on host DESKTOP-GDPK8BL.localdomain
[2022-06-15 19:13:39,699] {taskinstance.py:1569} INFO - Exporting the following env vars:
AIRFLOW_CTX_DAG_OWNER=airflow
AIRFLOW_CTX_DAG_ID=loan_pred
AIRFLOW_CTX_TASK_ID=get_data_to_ingest_from_local_file_task
AIRFLOW_CTX_EXECUTION_DATE=2022-06-14T21:19:00+00:00
AIRFLOW_CTX_TRY_NUMBER=1
AIRFLOW_CTX_DAG_RUN_ID=scheduled__2022-06-14T21:19:00+00:00
[2022-06-15 19:13:39,713] {python.py:173} INFO - Done. Returned value was:       Loan_ID  Gender Married Dependents  ... LoanAmount Loan_Amount_Term  Credit_History  Property_Area
47   LP001242    Male      No          0  ...      108.0            360.0             1.0      Semiurban
77   LP001413    Male      No          0  ...       50.0            360.0             1.0          Rural
301  LP002651    Male     Yes          1  ...      125.0            360.0             0.0          Urban
339  LP002858  Female      No          0  ...      162.0            360.0             0.0          Rural
191  LP002064    Male      No          0  ...       96.0            360.0             1.0          Urban

[5 rows x 12 columns]
[2022-06-15 19:13:39,881] {taskinstance.py:1395} INFO - Marking task as SUCCESS. dag_id=loan_pred, task_id=get_data_to_ingest_from_local_file_task, execution_date=20220614T211900, start_date=20220615T171339, end_date=20220615T171339
[2022-06-15 19:13:39,974] {local_task_job.py:156} INFO - Task exited with return code 0
[2022-06-15 19:13:40,186] {local_task_job.py:273} INFO - 1 downstream tasks scheduled from follow-on schedule check
