[2022-06-12 16:35:03,653] {taskinstance.py:1159} INFO - Dependencies all met for <TaskInstance: ingest_data.get_data_to_ingest_from_local_file_task scheduled__2022-06-12T00:50:00+00:00 [queued]>
[2022-06-12 16:35:03,684] {taskinstance.py:1159} INFO - Dependencies all met for <TaskInstance: ingest_data.get_data_to_ingest_from_local_file_task scheduled__2022-06-12T00:50:00+00:00 [queued]>
[2022-06-12 16:35:03,685] {taskinstance.py:1356} INFO - 
--------------------------------------------------------------------------------
[2022-06-12 16:35:03,685] {taskinstance.py:1357} INFO - Starting attempt 1 of 1
[2022-06-12 16:35:03,686] {taskinstance.py:1358} INFO - 
--------------------------------------------------------------------------------
[2022-06-12 16:35:03,746] {taskinstance.py:1377} INFO - Executing <Task(_PythonDecoratedOperator): get_data_to_ingest_from_local_file_task> on 2022-06-12 00:50:00+00:00
[2022-06-12 16:35:03,751] {standard_task_runner.py:52} INFO - Started process 4483 to run task
[2022-06-12 16:35:03,757] {standard_task_runner.py:79} INFO - Running: ['airflow', 'tasks', 'run', 'ingest_data', 'get_data_to_ingest_from_local_file_task', 'scheduled__2022-06-12T00:50:00+00:00', '--job-id', '493', '--raw', '--subdir', 'DAGS_FOLDER/ingestion_dag.py', '--cfg-path', '/tmp/tmpnhzumicc', '--error-file', '/tmp/tmpop69_n9a']
[2022-06-12 16:35:03,759] {standard_task_runner.py:80} INFO - Job 493: Subtask get_data_to_ingest_from_local_file_task
[2022-06-12 16:35:03,905] {task_command.py:370} INFO - Running <TaskInstance: ingest_data.get_data_to_ingest_from_local_file_task scheduled__2022-06-12T00:50:00+00:00 [running]> on host DESKTOP-GDPK8BL.localdomain
[2022-06-12 16:35:04,280] {taskinstance.py:1569} INFO - Exporting the following env vars:
AIRFLOW_CTX_DAG_OWNER=airflow
AIRFLOW_CTX_DAG_ID=ingest_data
AIRFLOW_CTX_TASK_ID=get_data_to_ingest_from_local_file_task
AIRFLOW_CTX_EXECUTION_DATE=2022-06-12T00:50:00+00:00
AIRFLOW_CTX_TRY_NUMBER=1
AIRFLOW_CTX_DAG_RUN_ID=scheduled__2022-06-12T00:50:00+00:00
[2022-06-12 16:35:04,371] {python.py:173} INFO - Done. Returned value was:           AT      V       AP     RH      PE
34638  23.43  54.42  1013.58  70.99  454.86
7725   28.71  71.64  1005.21  71.11  432.05
16109  28.09  77.95  1017.07  70.98  436.94
7679   16.58  46.18  1010.40  96.29  463.51
8442   25.65  69.45  1013.95  50.42  436.24
[2022-06-12 16:35:04,498] {taskinstance.py:1395} INFO - Marking task as SUCCESS. dag_id=ingest_data, task_id=get_data_to_ingest_from_local_file_task, execution_date=20220612T005000, start_date=20220612T143503, end_date=20220612T143504
[2022-06-12 16:35:04,575] {local_task_job.py:156} INFO - Task exited with return code 0
[2022-06-12 16:35:04,794] {local_task_job.py:273} INFO - 1 downstream tasks scheduled from follow-on schedule check
