[2022-06-12 16:35:41,200] {taskinstance.py:1159} INFO - Dependencies all met for <TaskInstance: ingest_data.get_data_to_ingest_from_local_file_task scheduled__2022-06-12T00:54:00+00:00 [queued]>
[2022-06-12 16:35:41,225] {taskinstance.py:1159} INFO - Dependencies all met for <TaskInstance: ingest_data.get_data_to_ingest_from_local_file_task scheduled__2022-06-12T00:54:00+00:00 [queued]>
[2022-06-12 16:35:41,226] {taskinstance.py:1356} INFO - 
--------------------------------------------------------------------------------
[2022-06-12 16:35:41,226] {taskinstance.py:1357} INFO - Starting attempt 1 of 1
[2022-06-12 16:35:41,227] {taskinstance.py:1358} INFO - 
--------------------------------------------------------------------------------
[2022-06-12 16:35:41,279] {taskinstance.py:1377} INFO - Executing <Task(_PythonDecoratedOperator): get_data_to_ingest_from_local_file_task> on 2022-06-12 00:54:00+00:00
[2022-06-12 16:35:41,285] {standard_task_runner.py:52} INFO - Started process 4542 to run task
[2022-06-12 16:35:41,290] {standard_task_runner.py:79} INFO - Running: ['airflow', 'tasks', 'run', 'ingest_data', 'get_data_to_ingest_from_local_file_task', 'scheduled__2022-06-12T00:54:00+00:00', '--job-id', '501', '--raw', '--subdir', 'DAGS_FOLDER/ingestion_dag.py', '--cfg-path', '/tmp/tmpqtgdfnx_', '--error-file', '/tmp/tmpt6bsszhg']
[2022-06-12 16:35:41,291] {standard_task_runner.py:80} INFO - Job 501: Subtask get_data_to_ingest_from_local_file_task
[2022-06-12 16:35:41,447] {task_command.py:370} INFO - Running <TaskInstance: ingest_data.get_data_to_ingest_from_local_file_task scheduled__2022-06-12T00:54:00+00:00 [running]> on host DESKTOP-GDPK8BL.localdomain
[2022-06-12 16:35:41,817] {taskinstance.py:1569} INFO - Exporting the following env vars:
AIRFLOW_CTX_DAG_OWNER=airflow
AIRFLOW_CTX_DAG_ID=ingest_data
AIRFLOW_CTX_TASK_ID=get_data_to_ingest_from_local_file_task
AIRFLOW_CTX_EXECUTION_DATE=2022-06-12T00:54:00+00:00
AIRFLOW_CTX_TRY_NUMBER=1
AIRFLOW_CTX_DAG_RUN_ID=scheduled__2022-06-12T00:54:00+00:00
[2022-06-12 16:35:41,887] {python.py:173} INFO - Done. Returned value was:           AT      V       AP     RH      PE
9340   30.24  68.30  1016.21  48.25  431.82
37043  30.65  65.18  1012.51  42.32  436.79
35492  28.84  75.60  1018.41  53.96  442.69
31082  25.12  71.58  1010.18  87.50  433.58
41021  13.52  40.83  1008.31  84.14  471.95
[2022-06-12 16:35:42,010] {taskinstance.py:1395} INFO - Marking task as SUCCESS. dag_id=ingest_data, task_id=get_data_to_ingest_from_local_file_task, execution_date=20220612T005400, start_date=20220612T143541, end_date=20220612T143542
[2022-06-12 16:35:42,110] {local_task_job.py:156} INFO - Task exited with return code 0
[2022-06-12 16:35:42,323] {local_task_job.py:273} INFO - 1 downstream tasks scheduled from follow-on schedule check
