[2022-06-12 17:06:49,764] {taskinstance.py:1159} INFO - Dependencies all met for <TaskInstance: ingest_data.get_data_to_ingest_from_local_file_task scheduled__2022-06-12T03:47:00+00:00 [queued]>
[2022-06-12 17:06:49,828] {taskinstance.py:1159} INFO - Dependencies all met for <TaskInstance: ingest_data.get_data_to_ingest_from_local_file_task scheduled__2022-06-12T03:47:00+00:00 [queued]>
[2022-06-12 17:06:49,830] {taskinstance.py:1356} INFO - 
--------------------------------------------------------------------------------
[2022-06-12 17:06:49,831] {taskinstance.py:1357} INFO - Starting attempt 1 of 1
[2022-06-12 17:06:49,832] {taskinstance.py:1358} INFO - 
--------------------------------------------------------------------------------
[2022-06-12 17:06:49,926] {taskinstance.py:1377} INFO - Executing <Task(_PythonDecoratedOperator): get_data_to_ingest_from_local_file_task> on 2022-06-12 03:47:00+00:00
[2022-06-12 17:06:49,939] {standard_task_runner.py:79} INFO - Running: ['airflow', 'tasks', 'run', 'ingest_data', 'get_data_to_ingest_from_local_file_task', 'scheduled__2022-06-12T03:47:00+00:00', '--job-id', '848', '--raw', '--subdir', 'DAGS_FOLDER/ingestion_dag.py', '--cfg-path', '/tmp/tmp644x1_og', '--error-file', '/tmp/tmpluwb6h_l']
[2022-06-12 17:06:49,932] {standard_task_runner.py:52} INFO - Started process 7125 to run task
[2022-06-12 17:06:49,948] {standard_task_runner.py:80} INFO - Job 848: Subtask get_data_to_ingest_from_local_file_task
[2022-06-12 17:06:50,199] {task_command.py:370} INFO - Running <TaskInstance: ingest_data.get_data_to_ingest_from_local_file_task scheduled__2022-06-12T03:47:00+00:00 [running]> on host DESKTOP-GDPK8BL.localdomain
[2022-06-12 17:06:50,666] {taskinstance.py:1569} INFO - Exporting the following env vars:
AIRFLOW_CTX_DAG_OWNER=airflow
AIRFLOW_CTX_DAG_ID=ingest_data
AIRFLOW_CTX_TASK_ID=get_data_to_ingest_from_local_file_task
AIRFLOW_CTX_EXECUTION_DATE=2022-06-12T03:47:00+00:00
AIRFLOW_CTX_TRY_NUMBER=1
AIRFLOW_CTX_DAG_RUN_ID=scheduled__2022-06-12T03:47:00+00:00
[2022-06-12 17:06:50,750] {python.py:173} INFO - Done. Returned value was:           AT      V       AP     RH      PE
30945  26.99  62.26  1011.13  71.27  436.89
18831  24.48  50.23  1017.03  66.89  456.02
12097  30.74  79.05  1005.78  73.19  430.69
13476  23.47  60.77  1017.19  75.36  444.46
28430   9.76  40.71  1020.88  91.82  470.95
[2022-06-12 17:06:50,905] {taskinstance.py:1395} INFO - Marking task as SUCCESS. dag_id=ingest_data, task_id=get_data_to_ingest_from_local_file_task, execution_date=20220612T034700, start_date=20220612T150649, end_date=20220612T150650
[2022-06-12 17:06:51,014] {local_task_job.py:156} INFO - Task exited with return code 0
[2022-06-12 17:06:51,215] {local_task_job.py:273} INFO - 1 downstream tasks scheduled from follow-on schedule check
