[2022-06-12 17:46:50,485] {taskinstance.py:1159} INFO - Dependencies all met for <TaskInstance: ingest_data.get_data_to_ingest_from_local_file_task scheduled__2022-06-12T07:53:00+00:00 [queued]>
[2022-06-12 17:46:50,521] {taskinstance.py:1159} INFO - Dependencies all met for <TaskInstance: ingest_data.get_data_to_ingest_from_local_file_task scheduled__2022-06-12T07:53:00+00:00 [queued]>
[2022-06-12 17:46:50,522] {taskinstance.py:1356} INFO - 
--------------------------------------------------------------------------------
[2022-06-12 17:46:50,522] {taskinstance.py:1357} INFO - Starting attempt 1 of 1
[2022-06-12 17:46:50,523] {taskinstance.py:1358} INFO - 
--------------------------------------------------------------------------------
[2022-06-12 17:46:50,595] {taskinstance.py:1377} INFO - Executing <Task(_PythonDecoratedOperator): get_data_to_ingest_from_local_file_task> on 2022-06-12 07:53:00+00:00
[2022-06-12 17:46:50,601] {standard_task_runner.py:52} INFO - Started process 10768 to run task
[2022-06-12 17:46:50,608] {standard_task_runner.py:79} INFO - Running: ['airflow', 'tasks', 'run', 'ingest_data', 'get_data_to_ingest_from_local_file_task', 'scheduled__2022-06-12T07:53:00+00:00', '--job-id', '1340', '--raw', '--subdir', 'DAGS_FOLDER/ingestion_dag.py', '--cfg-path', '/tmp/tmpek24x4y6', '--error-file', '/tmp/tmpjxbu8sxy']
[2022-06-12 17:46:50,618] {standard_task_runner.py:80} INFO - Job 1340: Subtask get_data_to_ingest_from_local_file_task
[2022-06-12 17:46:50,769] {task_command.py:370} INFO - Running <TaskInstance: ingest_data.get_data_to_ingest_from_local_file_task scheduled__2022-06-12T07:53:00+00:00 [running]> on host DESKTOP-GDPK8BL.localdomain
[2022-06-12 17:46:51,258] {taskinstance.py:1569} INFO - Exporting the following env vars:
AIRFLOW_CTX_DAG_OWNER=airflow
AIRFLOW_CTX_DAG_ID=ingest_data
AIRFLOW_CTX_TASK_ID=get_data_to_ingest_from_local_file_task
AIRFLOW_CTX_EXECUTION_DATE=2022-06-12T07:53:00+00:00
AIRFLOW_CTX_TRY_NUMBER=1
AIRFLOW_CTX_DAG_RUN_ID=scheduled__2022-06-12T07:53:00+00:00
[2022-06-12 17:46:51,336] {python.py:173} INFO - Done. Returned value was:           AT      V       AP     RH      PE
26663  14.30  42.99  1007.32  73.72  467.90
40892  10.35  37.14  1013.37  69.26  472.63
25072  14.18  53.82  1016.90  64.57  465.25
6309   23.51  70.04  1011.02  81.39  435.78
20296  25.06  44.57  1007.39  56.07  443.66
[2022-06-12 17:46:51,504] {taskinstance.py:1395} INFO - Marking task as SUCCESS. dag_id=ingest_data, task_id=get_data_to_ingest_from_local_file_task, execution_date=20220612T075300, start_date=20220612T154650, end_date=20220612T154651
[2022-06-12 17:46:51,594] {local_task_job.py:156} INFO - Task exited with return code 0
[2022-06-12 17:46:51,831] {local_task_job.py:273} INFO - 1 downstream tasks scheduled from follow-on schedule check
