[2022-06-12 17:38:59,797] {taskinstance.py:1159} INFO - Dependencies all met for <TaskInstance: ingest_data.get_data_to_ingest_from_local_file_task scheduled__2022-06-12T07:04:00+00:00 [queued]>
[2022-06-12 17:38:59,828] {taskinstance.py:1159} INFO - Dependencies all met for <TaskInstance: ingest_data.get_data_to_ingest_from_local_file_task scheduled__2022-06-12T07:04:00+00:00 [queued]>
[2022-06-12 17:38:59,829] {taskinstance.py:1356} INFO - 
--------------------------------------------------------------------------------
[2022-06-12 17:38:59,829] {taskinstance.py:1357} INFO - Starting attempt 1 of 1
[2022-06-12 17:38:59,830] {taskinstance.py:1358} INFO - 
--------------------------------------------------------------------------------
[2022-06-12 17:38:59,886] {taskinstance.py:1377} INFO - Executing <Task(_PythonDecoratedOperator): get_data_to_ingest_from_local_file_task> on 2022-06-12 07:04:00+00:00
[2022-06-12 17:38:59,891] {standard_task_runner.py:52} INFO - Started process 10036 to run task
[2022-06-12 17:38:59,897] {standard_task_runner.py:79} INFO - Running: ['airflow', 'tasks', 'run', 'ingest_data', 'get_data_to_ingest_from_local_file_task', 'scheduled__2022-06-12T07:04:00+00:00', '--job-id', '1241', '--raw', '--subdir', 'DAGS_FOLDER/ingestion_dag.py', '--cfg-path', '/tmp/tmplg1k8os4', '--error-file', '/tmp/tmpwpk1hnkk']
[2022-06-12 17:38:59,899] {standard_task_runner.py:80} INFO - Job 1241: Subtask get_data_to_ingest_from_local_file_task
[2022-06-12 17:39:00,073] {task_command.py:370} INFO - Running <TaskInstance: ingest_data.get_data_to_ingest_from_local_file_task scheduled__2022-06-12T07:04:00+00:00 [running]> on host DESKTOP-GDPK8BL.localdomain
[2022-06-12 17:39:00,507] {taskinstance.py:1569} INFO - Exporting the following env vars:
AIRFLOW_CTX_DAG_OWNER=airflow
AIRFLOW_CTX_DAG_ID=ingest_data
AIRFLOW_CTX_TASK_ID=get_data_to_ingest_from_local_file_task
AIRFLOW_CTX_EXECUTION_DATE=2022-06-12T07:04:00+00:00
AIRFLOW_CTX_TRY_NUMBER=1
AIRFLOW_CTX_DAG_RUN_ID=scheduled__2022-06-12T07:04:00+00:00
[2022-06-12 17:39:00,574] {python.py:173} INFO - Done. Returned value was:           AT      V       AP     RH      PE
38954  21.95  59.43  1010.29  74.67  442.84
38743  24.88  63.91  1009.41  77.75  447.28
17839  17.13  43.79  1016.09  58.94  465.30
40001  11.58  39.69  1005.17  86.55  469.60
22607  13.73  41.92  1031.01  64.92  466.29
[2022-06-12 17:39:00,737] {taskinstance.py:1395} INFO - Marking task as SUCCESS. dag_id=ingest_data, task_id=get_data_to_ingest_from_local_file_task, execution_date=20220612T070400, start_date=20220612T153859, end_date=20220612T153900
[2022-06-12 17:39:00,837] {local_task_job.py:156} INFO - Task exited with return code 0
[2022-06-12 17:39:01,056] {local_task_job.py:273} INFO - 1 downstream tasks scheduled from follow-on schedule check
