[2022-06-13 13:49:36,496] {taskinstance.py:1159} INFO - Dependencies all met for <TaskInstance: loan_pred.get_data_to_ingest_from_local_file_task scheduled__2022-06-12T21:05:00+00:00 [queued]>
[2022-06-13 13:49:36,525] {taskinstance.py:1159} INFO - Dependencies all met for <TaskInstance: loan_pred.get_data_to_ingest_from_local_file_task scheduled__2022-06-12T21:05:00+00:00 [queued]>
[2022-06-13 13:49:36,526] {taskinstance.py:1356} INFO - 
--------------------------------------------------------------------------------
[2022-06-13 13:49:36,526] {taskinstance.py:1357} INFO - Starting attempt 1 of 1
[2022-06-13 13:49:36,527] {taskinstance.py:1358} INFO - 
--------------------------------------------------------------------------------
[2022-06-13 13:49:36,579] {taskinstance.py:1377} INFO - Executing <Task(_PythonDecoratedOperator): get_data_to_ingest_from_local_file_task> on 2022-06-12 21:05:00+00:00
[2022-06-13 13:49:36,584] {standard_task_runner.py:52} INFO - Started process 506 to run task
[2022-06-13 13:49:36,589] {standard_task_runner.py:79} INFO - Running: ['airflow', 'tasks', 'run', 'loan_pred', 'get_data_to_ingest_from_local_file_task', 'scheduled__2022-06-12T21:05:00+00:00', '--job-id', '1565', '--raw', '--subdir', 'DAGS_FOLDER/loan_pred.py', '--cfg-path', '/tmp/tmpf2iqk2v3', '--error-file', '/tmp/tmpwe3ismu7']
[2022-06-13 13:49:36,590] {standard_task_runner.py:80} INFO - Job 1565: Subtask get_data_to_ingest_from_local_file_task
[2022-06-13 13:49:36,720] {task_command.py:370} INFO - Running <TaskInstance: loan_pred.get_data_to_ingest_from_local_file_task scheduled__2022-06-12T21:05:00+00:00 [running]> on host DESKTOP-GDPK8BL.localdomain
[2022-06-13 13:49:37,102] {taskinstance.py:1569} INFO - Exporting the following env vars:
AIRFLOW_CTX_DAG_OWNER=airflow
AIRFLOW_CTX_DAG_ID=loan_pred
AIRFLOW_CTX_TASK_ID=get_data_to_ingest_from_local_file_task
AIRFLOW_CTX_EXECUTION_DATE=2022-06-12T21:05:00+00:00
AIRFLOW_CTX_TRY_NUMBER=1
AIRFLOW_CTX_DAG_RUN_ID=scheduled__2022-06-12T21:05:00+00:00
[2022-06-13 13:49:37,117] {python.py:173} INFO - Done. Returned value was:       Loan_ID  Gender Married Dependents  ... LoanAmount Loan_Amount_Term  Credit_History  Property_Area
59   LP001324    Male     Yes         3+  ...       90.0            180.0             1.0      Semiurban
323  LP002791    Male      No          1  ...       40.0            360.0             1.0      Semiurban
153  LP001853    Male     Yes          1  ...      117.0            360.0             0.0          Urban
320  LP002782    Male     Yes          1  ...      148.0            360.0             1.0          Rural
116  LP001607  Female      No          0  ...      180.0            360.0             1.0      Semiurban

[5 rows x 12 columns]
[2022-06-13 13:49:37,289] {taskinstance.py:1395} INFO - Marking task as SUCCESS. dag_id=loan_pred, task_id=get_data_to_ingest_from_local_file_task, execution_date=20220612T210500, start_date=20220613T114936, end_date=20220613T114937
[2022-06-13 13:49:37,365] {local_task_job.py:156} INFO - Task exited with return code 0
[2022-06-13 13:49:37,539] {local_task_job.py:273} INFO - 1 downstream tasks scheduled from follow-on schedule check
