[2022-06-15 19:11:04,360] {taskinstance.py:1159} INFO - Dependencies all met for <TaskInstance: loan_pred.get_data_to_ingest_from_local_file_task scheduled__2022-06-14T21:03:00+00:00 [queued]>
[2022-06-15 19:11:04,384] {taskinstance.py:1159} INFO - Dependencies all met for <TaskInstance: loan_pred.get_data_to_ingest_from_local_file_task scheduled__2022-06-14T21:03:00+00:00 [queued]>
[2022-06-15 19:11:04,384] {taskinstance.py:1356} INFO - 
--------------------------------------------------------------------------------
[2022-06-15 19:11:04,385] {taskinstance.py:1357} INFO - Starting attempt 1 of 1
[2022-06-15 19:11:04,386] {taskinstance.py:1358} INFO - 
--------------------------------------------------------------------------------
[2022-06-15 19:11:04,434] {taskinstance.py:1377} INFO - Executing <Task(_PythonDecoratedOperator): get_data_to_ingest_from_local_file_task> on 2022-06-14 21:03:00+00:00
[2022-06-15 19:11:04,439] {standard_task_runner.py:52} INFO - Started process 297 to run task
[2022-06-15 19:11:04,444] {standard_task_runner.py:79} INFO - Running: ['airflow', 'tasks', 'run', 'loan_pred', 'get_data_to_ingest_from_local_file_task', 'scheduled__2022-06-14T21:03:00+00:00', '--job-id', '1578', '--raw', '--subdir', 'DAGS_FOLDER/loan_pred.py', '--cfg-path', '/tmp/tmptzv0jln3', '--error-file', '/tmp/tmp7oekkvws']
[2022-06-15 19:11:04,445] {standard_task_runner.py:80} INFO - Job 1578: Subtask get_data_to_ingest_from_local_file_task
[2022-06-15 19:11:04,573] {task_command.py:370} INFO - Running <TaskInstance: loan_pred.get_data_to_ingest_from_local_file_task scheduled__2022-06-14T21:03:00+00:00 [running]> on host DESKTOP-GDPK8BL.localdomain
[2022-06-15 19:11:04,961] {taskinstance.py:1569} INFO - Exporting the following env vars:
AIRFLOW_CTX_DAG_OWNER=airflow
AIRFLOW_CTX_DAG_ID=loan_pred
AIRFLOW_CTX_TASK_ID=get_data_to_ingest_from_local_file_task
AIRFLOW_CTX_EXECUTION_DATE=2022-06-14T21:03:00+00:00
AIRFLOW_CTX_TRY_NUMBER=1
AIRFLOW_CTX_DAG_RUN_ID=scheduled__2022-06-14T21:03:00+00:00
[2022-06-15 19:11:04,976] {python.py:173} INFO - Done. Returned value was:       Loan_ID Gender Married Dependents  ... LoanAmount Loan_Amount_Term  Credit_History  Property_Area
31   LP001183   Male     Yes          2  ...      192.0            360.0             1.0          Urban
226  LP002264   Male     Yes          0  ...      102.0            360.0             1.0          Urban
192  LP002069   Male     Yes          2  ...      180.0            360.0             0.0          Rural
340  LP002860   Male     Yes          0  ...      122.0            180.0             1.0      Semiurban
128  LP001667   Male      No          0  ...       70.0            180.0             1.0          Urban

[5 rows x 12 columns]
[2022-06-15 19:11:05,153] {taskinstance.py:1395} INFO - Marking task as SUCCESS. dag_id=loan_pred, task_id=get_data_to_ingest_from_local_file_task, execution_date=20220614T210300, start_date=20220615T171104, end_date=20220615T171105
[2022-06-15 19:11:05,221] {local_task_job.py:156} INFO - Task exited with return code 0
[2022-06-15 19:11:05,401] {local_task_job.py:273} INFO - 1 downstream tasks scheduled from follow-on schedule check
