[2022-06-12 16:14:18,178] {taskinstance.py:1159} INFO - Dependencies all met for <TaskInstance: ingest_data.get_data_to_ingest_from_local_file_task scheduled__2022-06-11T22:46:00+00:00 [queued]>
[2022-06-12 16:14:18,204] {taskinstance.py:1159} INFO - Dependencies all met for <TaskInstance: ingest_data.get_data_to_ingest_from_local_file_task scheduled__2022-06-11T22:46:00+00:00 [queued]>
[2022-06-12 16:14:18,205] {taskinstance.py:1356} INFO - 
--------------------------------------------------------------------------------
[2022-06-12 16:14:18,205] {taskinstance.py:1357} INFO - Starting attempt 1 of 1
[2022-06-12 16:14:18,206] {taskinstance.py:1358} INFO - 
--------------------------------------------------------------------------------
[2022-06-12 16:14:18,258] {taskinstance.py:1377} INFO - Executing <Task(_PythonDecoratedOperator): get_data_to_ingest_from_local_file_task> on 2022-06-11 22:46:00+00:00
[2022-06-12 16:14:18,266] {standard_task_runner.py:52} INFO - Started process 2546 to run task
[2022-06-12 16:14:18,272] {standard_task_runner.py:79} INFO - Running: ['airflow', 'tasks', 'run', 'ingest_data', 'get_data_to_ingest_from_local_file_task', 'scheduled__2022-06-11T22:46:00+00:00', '--job-id', '246', '--raw', '--subdir', 'DAGS_FOLDER/ingestion_dag.py', '--cfg-path', '/tmp/tmph79k9y1h', '--error-file', '/tmp/tmpdlh9o6rw']
[2022-06-12 16:14:18,274] {standard_task_runner.py:80} INFO - Job 246: Subtask get_data_to_ingest_from_local_file_task
[2022-06-12 16:14:18,418] {task_command.py:370} INFO - Running <TaskInstance: ingest_data.get_data_to_ingest_from_local_file_task scheduled__2022-06-11T22:46:00+00:00 [running]> on host DESKTOP-GDPK8BL.localdomain
[2022-06-12 16:14:18,797] {taskinstance.py:1569} INFO - Exporting the following env vars:
AIRFLOW_CTX_DAG_OWNER=airflow
AIRFLOW_CTX_DAG_ID=ingest_data
AIRFLOW_CTX_TASK_ID=get_data_to_ingest_from_local_file_task
AIRFLOW_CTX_EXECUTION_DATE=2022-06-11T22:46:00+00:00
AIRFLOW_CTX_TRY_NUMBER=1
AIRFLOW_CTX_DAG_RUN_ID=scheduled__2022-06-11T22:46:00+00:00
[2022-06-12 16:14:18,876] {python.py:173} INFO - Done. Returned value was:           AT      V       AP     RH      PE
36185  34.60  64.96  1003.30  34.32  427.65
5101   25.38  74.67  1016.61  81.34  435.41
598    26.39  66.49  1012.96  60.35  433.36
27769  13.85  48.92  1011.68  79.24  462.38
30400  31.85  73.91  1003.60  60.22  431.26
[2022-06-12 16:14:19,006] {taskinstance.py:1395} INFO - Marking task as SUCCESS. dag_id=ingest_data, task_id=get_data_to_ingest_from_local_file_task, execution_date=20220611T224600, start_date=20220612T141418, end_date=20220612T141419
[2022-06-12 16:14:19,089] {local_task_job.py:156} INFO - Task exited with return code 0
[2022-06-12 16:14:19,323] {local_task_job.py:273} INFO - 1 downstream tasks scheduled from follow-on schedule check
