[2022-06-12 17:03:20,915] {taskinstance.py:1159} INFO - Dependencies all met for <TaskInstance: ingest_data.get_data_to_ingest_from_local_file_task scheduled__2022-06-12T03:29:00+00:00 [queued]>
[2022-06-12 17:03:20,944] {taskinstance.py:1159} INFO - Dependencies all met for <TaskInstance: ingest_data.get_data_to_ingest_from_local_file_task scheduled__2022-06-12T03:29:00+00:00 [queued]>
[2022-06-12 17:03:20,944] {taskinstance.py:1356} INFO - 
--------------------------------------------------------------------------------
[2022-06-12 17:03:20,945] {taskinstance.py:1357} INFO - Starting attempt 1 of 1
[2022-06-12 17:03:20,945] {taskinstance.py:1358} INFO - 
--------------------------------------------------------------------------------
[2022-06-12 17:03:21,014] {taskinstance.py:1377} INFO - Executing <Task(_PythonDecoratedOperator): get_data_to_ingest_from_local_file_task> on 2022-06-12 03:29:00+00:00
[2022-06-12 17:03:21,020] {standard_task_runner.py:52} INFO - Started process 6859 to run task
[2022-06-12 17:03:21,028] {standard_task_runner.py:79} INFO - Running: ['airflow', 'tasks', 'run', 'ingest_data', 'get_data_to_ingest_from_local_file_task', 'scheduled__2022-06-12T03:29:00+00:00', '--job-id', '812', '--raw', '--subdir', 'DAGS_FOLDER/ingestion_dag.py', '--cfg-path', '/tmp/tmppvnz68hh', '--error-file', '/tmp/tmp2ji15ohu']
[2022-06-12 17:03:21,030] {standard_task_runner.py:80} INFO - Job 812: Subtask get_data_to_ingest_from_local_file_task
[2022-06-12 17:03:21,170] {task_command.py:370} INFO - Running <TaskInstance: ingest_data.get_data_to_ingest_from_local_file_task scheduled__2022-06-12T03:29:00+00:00 [running]> on host DESKTOP-GDPK8BL.localdomain
[2022-06-12 17:03:21,570] {taskinstance.py:1569} INFO - Exporting the following env vars:
AIRFLOW_CTX_DAG_OWNER=airflow
AIRFLOW_CTX_DAG_ID=ingest_data
AIRFLOW_CTX_TASK_ID=get_data_to_ingest_from_local_file_task
AIRFLOW_CTX_EXECUTION_DATE=2022-06-12T03:29:00+00:00
AIRFLOW_CTX_TRY_NUMBER=1
AIRFLOW_CTX_DAG_RUN_ID=scheduled__2022-06-12T03:29:00+00:00
[2022-06-12 17:03:21,645] {python.py:173} INFO - Done. Returned value was:           AT      V       AP     RH      PE
717    16.17  46.97  1014.22  85.80  456.08
19653  10.27  42.34  1022.69  92.78  474.55
10303  19.13  50.78  1008.51  87.54  447.03
41826   8.07  41.01  1023.26  97.50  474.09
14510  26.39  49.02  1007.62  70.82  438.53
[2022-06-12 17:03:21,791] {taskinstance.py:1395} INFO - Marking task as SUCCESS. dag_id=ingest_data, task_id=get_data_to_ingest_from_local_file_task, execution_date=20220612T032900, start_date=20220612T150320, end_date=20220612T150321
[2022-06-12 17:03:21,884] {local_task_job.py:156} INFO - Task exited with return code 0
[2022-06-12 17:03:22,121] {local_task_job.py:273} INFO - 1 downstream tasks scheduled from follow-on schedule check
