[2022-06-12 17:31:12,102] {taskinstance.py:1159} INFO - Dependencies all met for <TaskInstance: ingest_data.get_data_to_ingest_from_local_file_task scheduled__2022-06-12T06:14:00+00:00 [queued]>
[2022-06-12 17:31:12,133] {taskinstance.py:1159} INFO - Dependencies all met for <TaskInstance: ingest_data.get_data_to_ingest_from_local_file_task scheduled__2022-06-12T06:14:00+00:00 [queued]>
[2022-06-12 17:31:12,134] {taskinstance.py:1356} INFO - 
--------------------------------------------------------------------------------
[2022-06-12 17:31:12,134] {taskinstance.py:1357} INFO - Starting attempt 1 of 1
[2022-06-12 17:31:12,135] {taskinstance.py:1358} INFO - 
--------------------------------------------------------------------------------
[2022-06-12 17:31:12,200] {taskinstance.py:1377} INFO - Executing <Task(_PythonDecoratedOperator): get_data_to_ingest_from_local_file_task> on 2022-06-12 06:14:00+00:00
[2022-06-12 17:31:12,208] {standard_task_runner.py:52} INFO - Started process 9297 to run task
[2022-06-12 17:31:12,215] {standard_task_runner.py:79} INFO - Running: ['airflow', 'tasks', 'run', 'ingest_data', 'get_data_to_ingest_from_local_file_task', 'scheduled__2022-06-12T06:14:00+00:00', '--job-id', '1141', '--raw', '--subdir', 'DAGS_FOLDER/ingestion_dag.py', '--cfg-path', '/tmp/tmpb42c3992', '--error-file', '/tmp/tmpsp2hzite']
[2022-06-12 17:31:12,223] {standard_task_runner.py:80} INFO - Job 1141: Subtask get_data_to_ingest_from_local_file_task
[2022-06-12 17:31:12,395] {task_command.py:370} INFO - Running <TaskInstance: ingest_data.get_data_to_ingest_from_local_file_task scheduled__2022-06-12T06:14:00+00:00 [running]> on host DESKTOP-GDPK8BL.localdomain
[2022-06-12 17:31:12,828] {taskinstance.py:1569} INFO - Exporting the following env vars:
AIRFLOW_CTX_DAG_OWNER=airflow
AIRFLOW_CTX_DAG_ID=ingest_data
AIRFLOW_CTX_TASK_ID=get_data_to_ingest_from_local_file_task
AIRFLOW_CTX_EXECUTION_DATE=2022-06-12T06:14:00+00:00
AIRFLOW_CTX_TRY_NUMBER=1
AIRFLOW_CTX_DAG_RUN_ID=scheduled__2022-06-12T06:14:00+00:00
[2022-06-12 17:31:12,896] {python.py:173} INFO - Done. Returned value was:           AT      V       AP     RH      PE
5237   20.96  61.27  1019.99  67.32  448.77
28240  32.31  66.44  1009.60  63.92  428.44
34316  23.99  67.69  1007.90  78.57  437.10
28657  25.59  72.43  1007.88  82.98  432.49
847    13.42  41.23   994.17  95.79  468.82
[2022-06-12 17:31:13,061] {taskinstance.py:1395} INFO - Marking task as SUCCESS. dag_id=ingest_data, task_id=get_data_to_ingest_from_local_file_task, execution_date=20220612T061400, start_date=20220612T153112, end_date=20220612T153113
[2022-06-12 17:31:13,161] {local_task_job.py:156} INFO - Task exited with return code 0
[2022-06-12 17:31:13,381] {local_task_job.py:273} INFO - 1 downstream tasks scheduled from follow-on schedule check
