[2022-06-12 19:48:10,585] {taskinstance.py:1159} INFO - Dependencies all met for <TaskInstance: ingest_data.get_data_to_ingest_from_local_file_task scheduled__2022-06-12T09:06:00+00:00 [queued]>
[2022-06-12 19:48:10,622] {taskinstance.py:1159} INFO - Dependencies all met for <TaskInstance: ingest_data.get_data_to_ingest_from_local_file_task scheduled__2022-06-12T09:06:00+00:00 [queued]>
[2022-06-12 19:48:10,622] {taskinstance.py:1356} INFO - 
--------------------------------------------------------------------------------
[2022-06-12 19:48:10,623] {taskinstance.py:1357} INFO - Starting attempt 1 of 1
[2022-06-12 19:48:10,623] {taskinstance.py:1358} INFO - 
--------------------------------------------------------------------------------
[2022-06-12 19:48:10,683] {taskinstance.py:1377} INFO - Executing <Task(_PythonDecoratedOperator): get_data_to_ingest_from_local_file_task> on 2022-06-12 09:06:00+00:00
[2022-06-12 19:48:10,689] {standard_task_runner.py:52} INFO - Started process 11842 to run task
[2022-06-12 19:48:10,696] {standard_task_runner.py:79} INFO - Running: ['airflow', 'tasks', 'run', 'ingest_data', 'get_data_to_ingest_from_local_file_task', 'scheduled__2022-06-12T09:06:00+00:00', '--job-id', '1485', '--raw', '--subdir', 'DAGS_FOLDER/ingestion_dag.py', '--cfg-path', '/tmp/tmpw5j7xbjw', '--error-file', '/tmp/tmpfci3eggo']
[2022-06-12 19:48:10,697] {standard_task_runner.py:80} INFO - Job 1485: Subtask get_data_to_ingest_from_local_file_task
[2022-06-12 19:48:10,817] {task_command.py:370} INFO - Running <TaskInstance: ingest_data.get_data_to_ingest_from_local_file_task scheduled__2022-06-12T09:06:00+00:00 [running]> on host DESKTOP-GDPK8BL.localdomain
[2022-06-12 19:48:11,219] {taskinstance.py:1569} INFO - Exporting the following env vars:
AIRFLOW_CTX_DAG_OWNER=airflow
AIRFLOW_CTX_DAG_ID=ingest_data
AIRFLOW_CTX_TASK_ID=get_data_to_ingest_from_local_file_task
AIRFLOW_CTX_EXECUTION_DATE=2022-06-12T09:06:00+00:00
AIRFLOW_CTX_TRY_NUMBER=1
AIRFLOW_CTX_DAG_RUN_ID=scheduled__2022-06-12T09:06:00+00:00
[2022-06-12 19:48:11,293] {python.py:173} INFO - Done. Returned value was:           AT      V       AP     RH      PE
12890  17.19  37.20  1011.84  67.59  468.40
10897  31.25  69.51  1010.25  36.83  428.77
15590  12.14  44.85  1014.36  60.04  476.68
24725   6.67  39.33  1011.07  91.96  490.03
39442  12.50  43.67  1013.99  90.91  473.26
[2022-06-12 19:48:11,471] {taskinstance.py:1395} INFO - Marking task as SUCCESS. dag_id=ingest_data, task_id=get_data_to_ingest_from_local_file_task, execution_date=20220612T090600, start_date=20220612T174810, end_date=20220612T174811
[2022-06-12 19:48:11,556] {local_task_job.py:156} INFO - Task exited with return code 0
[2022-06-12 19:48:11,774] {local_task_job.py:273} INFO - 1 downstream tasks scheduled from follow-on schedule check
