[2022-06-12 16:24:29,162] {taskinstance.py:1159} INFO - Dependencies all met for <TaskInstance: ingest_data.get_data_to_ingest_from_local_file_task scheduled__2022-06-11T23:43:00+00:00 [queued]>
[2022-06-12 16:24:29,187] {taskinstance.py:1159} INFO - Dependencies all met for <TaskInstance: ingest_data.get_data_to_ingest_from_local_file_task scheduled__2022-06-11T23:43:00+00:00 [queued]>
[2022-06-12 16:24:29,188] {taskinstance.py:1356} INFO - 
--------------------------------------------------------------------------------
[2022-06-12 16:24:29,188] {taskinstance.py:1357} INFO - Starting attempt 1 of 1
[2022-06-12 16:24:29,189] {taskinstance.py:1358} INFO - 
--------------------------------------------------------------------------------
[2022-06-12 16:24:29,241] {taskinstance.py:1377} INFO - Executing <Task(_PythonDecoratedOperator): get_data_to_ingest_from_local_file_task> on 2022-06-11 23:43:00+00:00
[2022-06-12 16:24:29,247] {standard_task_runner.py:52} INFO - Started process 3491 to run task
[2022-06-12 16:24:29,253] {standard_task_runner.py:79} INFO - Running: ['airflow', 'tasks', 'run', 'ingest_data', 'get_data_to_ingest_from_local_file_task', 'scheduled__2022-06-11T23:43:00+00:00', '--job-id', '359', '--raw', '--subdir', 'DAGS_FOLDER/ingestion_dag.py', '--cfg-path', '/tmp/tmpqgj2tu8f', '--error-file', '/tmp/tmptwxl4e4q']
[2022-06-12 16:24:29,254] {standard_task_runner.py:80} INFO - Job 359: Subtask get_data_to_ingest_from_local_file_task
[2022-06-12 16:24:29,394] {task_command.py:370} INFO - Running <TaskInstance: ingest_data.get_data_to_ingest_from_local_file_task scheduled__2022-06-11T23:43:00+00:00 [running]> on host DESKTOP-GDPK8BL.localdomain
[2022-06-12 16:24:29,712] {taskinstance.py:1569} INFO - Exporting the following env vars:
AIRFLOW_CTX_DAG_OWNER=airflow
AIRFLOW_CTX_DAG_ID=ingest_data
AIRFLOW_CTX_TASK_ID=get_data_to_ingest_from_local_file_task
AIRFLOW_CTX_EXECUTION_DATE=2022-06-11T23:43:00+00:00
AIRFLOW_CTX_TRY_NUMBER=1
AIRFLOW_CTX_DAG_RUN_ID=scheduled__2022-06-11T23:43:00+00:00
[2022-06-12 16:24:29,783] {python.py:173} INFO - Done. Returned value was:           AT      V       AP     RH      PE
8465   14.50  53.82  1016.81  62.89  464.27
28924   8.58  40.72  1022.04  87.55  480.96
28820   8.51  40.78  1023.51  89.84  471.11
12738  20.97  44.63  1007.64  73.69  453.26
3254   14.85  45.01  1013.12  85.53  460.19
[2022-06-12 16:24:29,900] {taskinstance.py:1395} INFO - Marking task as SUCCESS. dag_id=ingest_data, task_id=get_data_to_ingest_from_local_file_task, execution_date=20220611T234300, start_date=20220612T142429, end_date=20220612T142429
[2022-06-12 16:24:29,991] {local_task_job.py:156} INFO - Task exited with return code 0
[2022-06-12 16:24:30,304] {local_task_job.py:273} INFO - 1 downstream tasks scheduled from follow-on schedule check
