[2022-06-12 16:19:10,552] {taskinstance.py:1159} INFO - Dependencies all met for <TaskInstance: ingest_data.get_data_to_ingest_from_local_file_task scheduled__2022-06-11T23:15:00+00:00 [queued]>
[2022-06-12 16:19:10,589] {taskinstance.py:1159} INFO - Dependencies all met for <TaskInstance: ingest_data.get_data_to_ingest_from_local_file_task scheduled__2022-06-11T23:15:00+00:00 [queued]>
[2022-06-12 16:19:10,590] {taskinstance.py:1356} INFO - 
--------------------------------------------------------------------------------
[2022-06-12 16:19:10,591] {taskinstance.py:1357} INFO - Starting attempt 1 of 1
[2022-06-12 16:19:10,592] {taskinstance.py:1358} INFO - 
--------------------------------------------------------------------------------
[2022-06-12 16:19:10,662] {taskinstance.py:1377} INFO - Executing <Task(_PythonDecoratedOperator): get_data_to_ingest_from_local_file_task> on 2022-06-11 23:15:00+00:00
[2022-06-12 16:19:10,670] {standard_task_runner.py:52} INFO - Started process 3039 to run task
[2022-06-12 16:19:10,675] {standard_task_runner.py:79} INFO - Running: ['airflow', 'tasks', 'run', 'ingest_data', 'get_data_to_ingest_from_local_file_task', 'scheduled__2022-06-11T23:15:00+00:00', '--job-id', '304', '--raw', '--subdir', 'DAGS_FOLDER/ingestion_dag.py', '--cfg-path', '/tmp/tmp0s9nd5ec', '--error-file', '/tmp/tmpg2dj4y4m']
[2022-06-12 16:19:10,677] {standard_task_runner.py:80} INFO - Job 304: Subtask get_data_to_ingest_from_local_file_task
[2022-06-12 16:19:10,812] {task_command.py:370} INFO - Running <TaskInstance: ingest_data.get_data_to_ingest_from_local_file_task scheduled__2022-06-11T23:15:00+00:00 [running]> on host DESKTOP-GDPK8BL.localdomain
[2022-06-12 16:19:11,156] {taskinstance.py:1569} INFO - Exporting the following env vars:
AIRFLOW_CTX_DAG_OWNER=airflow
AIRFLOW_CTX_DAG_ID=ingest_data
AIRFLOW_CTX_TASK_ID=get_data_to_ingest_from_local_file_task
AIRFLOW_CTX_EXECUTION_DATE=2022-06-11T23:15:00+00:00
AIRFLOW_CTX_TRY_NUMBER=1
AIRFLOW_CTX_DAG_RUN_ID=scheduled__2022-06-11T23:15:00+00:00
[2022-06-12 16:19:11,230] {python.py:173} INFO - Done. Returned value was:           AT      V       AP     RH      PE
31521  33.12  68.31  1010.30  42.29  441.13
7013   10.03  43.13  1014.85  70.09  482.16
42977  13.94  42.86  1012.35  88.78  471.64
18537  11.68  40.55  1022.21  85.76  475.13
2782   10.12  39.96  1025.98  98.63  471.60
[2022-06-12 16:19:11,343] {taskinstance.py:1395} INFO - Marking task as SUCCESS. dag_id=ingest_data, task_id=get_data_to_ingest_from_local_file_task, execution_date=20220611T231500, start_date=20220612T141910, end_date=20220612T141911
[2022-06-12 16:19:11,412] {local_task_job.py:156} INFO - Task exited with return code 0
[2022-06-12 16:19:11,643] {local_task_job.py:273} INFO - 1 downstream tasks scheduled from follow-on schedule check
