[2022-06-15 19:14:34,671] {taskinstance.py:1159} INFO - Dependencies all met for <TaskInstance: loan_pred.get_data_to_ingest_from_local_file_task scheduled__2022-06-14T21:25:00+00:00 [queued]>
[2022-06-15 19:14:34,692] {taskinstance.py:1159} INFO - Dependencies all met for <TaskInstance: loan_pred.get_data_to_ingest_from_local_file_task scheduled__2022-06-14T21:25:00+00:00 [queued]>
[2022-06-15 19:14:34,693] {taskinstance.py:1356} INFO - 
--------------------------------------------------------------------------------
[2022-06-15 19:14:34,693] {taskinstance.py:1357} INFO - Starting attempt 1 of 1
[2022-06-15 19:14:34,694] {taskinstance.py:1358} INFO - 
--------------------------------------------------------------------------------
[2022-06-15 19:14:34,742] {taskinstance.py:1377} INFO - Executing <Task(_PythonDecoratedOperator): get_data_to_ingest_from_local_file_task> on 2022-06-14 21:25:00+00:00
[2022-06-15 19:14:34,747] {standard_task_runner.py:52} INFO - Started process 666 to run task
[2022-06-15 19:14:34,752] {standard_task_runner.py:79} INFO - Running: ['airflow', 'tasks', 'run', 'loan_pred', 'get_data_to_ingest_from_local_file_task', 'scheduled__2022-06-14T21:25:00+00:00', '--job-id', '1623', '--raw', '--subdir', 'DAGS_FOLDER/loan_pred.py', '--cfg-path', '/tmp/tmp59ybsntp', '--error-file', '/tmp/tmp2z41rbhr']
[2022-06-15 19:14:34,753] {standard_task_runner.py:80} INFO - Job 1623: Subtask get_data_to_ingest_from_local_file_task
[2022-06-15 19:14:34,880] {task_command.py:370} INFO - Running <TaskInstance: loan_pred.get_data_to_ingest_from_local_file_task scheduled__2022-06-14T21:25:00+00:00 [running]> on host DESKTOP-GDPK8BL.localdomain
[2022-06-15 19:14:35,298] {taskinstance.py:1569} INFO - Exporting the following env vars:
AIRFLOW_CTX_DAG_OWNER=airflow
AIRFLOW_CTX_DAG_ID=loan_pred
AIRFLOW_CTX_TASK_ID=get_data_to_ingest_from_local_file_task
AIRFLOW_CTX_EXECUTION_DATE=2022-06-14T21:25:00+00:00
AIRFLOW_CTX_TRY_NUMBER=1
AIRFLOW_CTX_DAG_RUN_ID=scheduled__2022-06-14T21:25:00+00:00
[2022-06-15 19:14:35,315] {python.py:173} INFO - Done. Returned value was:       Loan_ID  Gender Married Dependents  ... LoanAmount Loan_Amount_Term  Credit_History  Property_Area
119  LP001622    Male     Yes          2  ...      213.0            360.0             0.0          Rural
247  LP002360    Male     Yes        NaN  ...        NaN            360.0             1.0          Urban
55   LP001313    Male      No          0  ...      130.0            360.0             0.0          Urban
353  LP002920    Male     Yes          0  ...      120.0            360.0             1.0          Rural
30   LP001177  Female      No          0  ...       75.0            360.0             1.0      Semiurban

[5 rows x 12 columns]
[2022-06-15 19:14:35,485] {taskinstance.py:1395} INFO - Marking task as SUCCESS. dag_id=loan_pred, task_id=get_data_to_ingest_from_local_file_task, execution_date=20220614T212500, start_date=20220615T171434, end_date=20220615T171435
[2022-06-15 19:14:35,570] {local_task_job.py:156} INFO - Task exited with return code 0
[2022-06-15 19:14:35,743] {local_task_job.py:273} INFO - 1 downstream tasks scheduled from follow-on schedule check
