[2022-06-13 13:47:23,120] {taskinstance.py:1159} INFO - Dependencies all met for <TaskInstance: ingest_data.get_data_to_ingest_from_local_file_task scheduled__2022-06-12T21:05:00+00:00 [queued]>
[2022-06-13 13:47:23,159] {taskinstance.py:1159} INFO - Dependencies all met for <TaskInstance: ingest_data.get_data_to_ingest_from_local_file_task scheduled__2022-06-12T21:05:00+00:00 [queued]>
[2022-06-13 13:47:23,159] {taskinstance.py:1356} INFO - 
--------------------------------------------------------------------------------
[2022-06-13 13:47:23,160] {taskinstance.py:1357} INFO - Starting attempt 1 of 1
[2022-06-13 13:47:23,161] {taskinstance.py:1358} INFO - 
--------------------------------------------------------------------------------
[2022-06-13 13:47:23,234] {taskinstance.py:1377} INFO - Executing <Task(_PythonDecoratedOperator): get_data_to_ingest_from_local_file_task> on 2022-06-12 21:05:00+00:00
[2022-06-13 13:47:23,240] {standard_task_runner.py:52} INFO - Started process 284 to run task
[2022-06-13 13:47:23,246] {standard_task_runner.py:79} INFO - Running: ['airflow', 'tasks', 'run', 'ingest_data', 'get_data_to_ingest_from_local_file_task', 'scheduled__2022-06-12T21:05:00+00:00', '--job-id', '1541', '--raw', '--subdir', 'DAGS_FOLDER/ingestion_dag.py', '--cfg-path', '/tmp/tmp6aeqkge9', '--error-file', '/tmp/tmprwd4e5or']
[2022-06-13 13:47:23,247] {standard_task_runner.py:80} INFO - Job 1541: Subtask get_data_to_ingest_from_local_file_task
[2022-06-13 13:47:23,364] {task_command.py:370} INFO - Running <TaskInstance: ingest_data.get_data_to_ingest_from_local_file_task scheduled__2022-06-12T21:05:00+00:00 [running]> on host DESKTOP-GDPK8BL.localdomain
[2022-06-13 13:47:23,775] {taskinstance.py:1569} INFO - Exporting the following env vars:
AIRFLOW_CTX_DAG_OWNER=airflow
AIRFLOW_CTX_DAG_ID=ingest_data
AIRFLOW_CTX_TASK_ID=get_data_to_ingest_from_local_file_task
AIRFLOW_CTX_EXECUTION_DATE=2022-06-12T21:05:00+00:00
AIRFLOW_CTX_TRY_NUMBER=1
AIRFLOW_CTX_DAG_RUN_ID=scheduled__2022-06-12T21:05:00+00:00
[2022-06-13 13:47:23,859] {python.py:173} INFO - Done. Returned value was:           AT      V       AP     RH      PE
44113  17.51  41.85  1016.25  72.03  465.05
27120  21.05  58.33  1013.14  66.34  447.66
589    10.59  42.49  1009.59  77.36  477.49
37909  20.77  52.05  1012.22  45.61  455.02
2421   12.11  41.17  1019.46  62.59  475.53
[2022-06-13 13:47:24,146] {taskinstance.py:1395} INFO - Marking task as SUCCESS. dag_id=ingest_data, task_id=get_data_to_ingest_from_local_file_task, execution_date=20220612T210500, start_date=20220613T114723, end_date=20220613T114724
[2022-06-13 13:47:24,224] {local_task_job.py:156} INFO - Task exited with return code 0
[2022-06-13 13:47:24,434] {local_task_job.py:273} INFO - 1 downstream tasks scheduled from follow-on schedule check
