[2022-06-12 14:49:46,670] {taskinstance.py:1159} INFO - Dependencies all met for <TaskInstance: ingest_data.get_data_to_ingest_from_local_file_task scheduled__2022-06-11T21:32:00+00:00 [queued]>
[2022-06-12 14:49:46,693] {taskinstance.py:1159} INFO - Dependencies all met for <TaskInstance: ingest_data.get_data_to_ingest_from_local_file_task scheduled__2022-06-11T21:32:00+00:00 [queued]>
[2022-06-12 14:49:46,694] {taskinstance.py:1356} INFO - 
--------------------------------------------------------------------------------
[2022-06-12 14:49:46,694] {taskinstance.py:1357} INFO - Starting attempt 1 of 1
[2022-06-12 14:49:46,695] {taskinstance.py:1358} INFO - 
--------------------------------------------------------------------------------
[2022-06-12 14:49:46,765] {taskinstance.py:1377} INFO - Executing <Task(_PythonDecoratedOperator): get_data_to_ingest_from_local_file_task> on 2022-06-11 21:32:00+00:00
[2022-06-12 14:49:46,786] {standard_task_runner.py:79} INFO - Running: ['airflow', 'tasks', 'run', 'ingest_data', 'get_data_to_ingest_from_local_file_task', 'scheduled__2022-06-11T21:32:00+00:00', '--job-id', '98', '--raw', '--subdir', 'DAGS_FOLDER/ingestion_dag.py', '--cfg-path', '/tmp/tmpm5ug8wvm', '--error-file', '/tmp/tmpu_31cvp_']
[2022-06-12 14:49:46,779] {standard_task_runner.py:52} INFO - Started process 1286 to run task
[2022-06-12 14:49:46,791] {standard_task_runner.py:80} INFO - Job 98: Subtask get_data_to_ingest_from_local_file_task
[2022-06-12 14:49:46,949] {task_command.py:370} INFO - Running <TaskInstance: ingest_data.get_data_to_ingest_from_local_file_task scheduled__2022-06-11T21:32:00+00:00 [running]> on host DESKTOP-GDPK8BL.localdomain
[2022-06-12 14:49:47,309] {taskinstance.py:1569} INFO - Exporting the following env vars:
AIRFLOW_CTX_DAG_OWNER=airflow
AIRFLOW_CTX_DAG_ID=ingest_data
AIRFLOW_CTX_TASK_ID=get_data_to_ingest_from_local_file_task
AIRFLOW_CTX_EXECUTION_DATE=2022-06-11T21:32:00+00:00
AIRFLOW_CTX_TRY_NUMBER=1
AIRFLOW_CTX_DAG_RUN_ID=scheduled__2022-06-11T21:32:00+00:00
[2022-06-12 14:49:47,383] {python.py:173} INFO - Done. Returned value was:           AT      V       AP     RH      PE
40356  16.59  39.54  1007.97  70.58  464.19
44501  22.98  58.46  1016.06  72.69  445.05
16362  16.17  38.01  1022.19  70.99  462.54
29583  22.21  69.71  1009.69  96.85  440.14
8267   25.34  69.48  1008.40  74.79  433.81
[2022-06-12 14:49:47,488] {taskinstance.py:1395} INFO - Marking task as SUCCESS. dag_id=ingest_data, task_id=get_data_to_ingest_from_local_file_task, execution_date=20220611T213200, start_date=20220612T124946, end_date=20220612T124947
[2022-06-12 14:49:47,572] {local_task_job.py:156} INFO - Task exited with return code 0
[2022-06-12 14:49:47,820] {local_task_job.py:273} INFO - 1 downstream tasks scheduled from follow-on schedule check
