[2022-06-12 16:10:48,332] {taskinstance.py:1159} INFO - Dependencies all met for <TaskInstance: ingest_data.get_data_to_ingest_from_local_file_task scheduled__2022-06-11T22:26:00+00:00 [queued]>
[2022-06-12 16:10:48,366] {taskinstance.py:1159} INFO - Dependencies all met for <TaskInstance: ingest_data.get_data_to_ingest_from_local_file_task scheduled__2022-06-11T22:26:00+00:00 [queued]>
[2022-06-12 16:10:48,367] {taskinstance.py:1356} INFO - 
--------------------------------------------------------------------------------
[2022-06-12 16:10:48,367] {taskinstance.py:1357} INFO - Starting attempt 1 of 1
[2022-06-12 16:10:48,369] {taskinstance.py:1358} INFO - 
--------------------------------------------------------------------------------
[2022-06-12 16:10:48,431] {taskinstance.py:1377} INFO - Executing <Task(_PythonDecoratedOperator): get_data_to_ingest_from_local_file_task> on 2022-06-11 22:26:00+00:00
[2022-06-12 16:10:48,438] {standard_task_runner.py:52} INFO - Started process 2206 to run task
[2022-06-12 16:10:48,444] {standard_task_runner.py:79} INFO - Running: ['airflow', 'tasks', 'run', 'ingest_data', 'get_data_to_ingest_from_local_file_task', 'scheduled__2022-06-11T22:26:00+00:00', '--job-id', '206', '--raw', '--subdir', 'DAGS_FOLDER/ingestion_dag.py', '--cfg-path', '/tmp/tmp6994lb1l', '--error-file', '/tmp/tmp0olnltv9']
[2022-06-12 16:10:48,445] {standard_task_runner.py:80} INFO - Job 206: Subtask get_data_to_ingest_from_local_file_task
[2022-06-12 16:10:48,587] {task_command.py:370} INFO - Running <TaskInstance: ingest_data.get_data_to_ingest_from_local_file_task scheduled__2022-06-11T22:26:00+00:00 [running]> on host DESKTOP-GDPK8BL.localdomain
[2022-06-12 16:10:48,940] {taskinstance.py:1569} INFO - Exporting the following env vars:
AIRFLOW_CTX_DAG_OWNER=airflow
AIRFLOW_CTX_DAG_ID=ingest_data
AIRFLOW_CTX_TASK_ID=get_data_to_ingest_from_local_file_task
AIRFLOW_CTX_EXECUTION_DATE=2022-06-11T22:26:00+00:00
AIRFLOW_CTX_TRY_NUMBER=1
AIRFLOW_CTX_DAG_RUN_ID=scheduled__2022-06-11T22:26:00+00:00
[2022-06-12 16:10:49,021] {python.py:173} INFO - Done. Returned value was:           AT      V       AP     RH      PE
4615   25.21  70.04  1009.51  76.13  432.93
26048  23.81  46.93  1013.19  54.82  449.58
17551  16.44  53.16  1014.82  75.29  458.49
37865   8.57  41.17  1020.18  72.47  484.20
8219   24.85  71.98  1005.97  95.09  433.64
[2022-06-12 16:10:49,143] {taskinstance.py:1395} INFO - Marking task as SUCCESS. dag_id=ingest_data, task_id=get_data_to_ingest_from_local_file_task, execution_date=20220611T222600, start_date=20220612T141048, end_date=20220612T141049
[2022-06-12 16:10:49,222] {local_task_job.py:156} INFO - Task exited with return code 0
[2022-06-12 16:10:49,461] {local_task_job.py:273} INFO - 1 downstream tasks scheduled from follow-on schedule check
