[2022-06-12 16:02:38,883] {taskinstance.py:1159} INFO - Dependencies all met for <TaskInstance: ingest_data.get_data_to_ingest_from_local_file_task scheduled__2022-06-11T21:39:00+00:00 [queued]>
[2022-06-12 16:02:38,909] {taskinstance.py:1159} INFO - Dependencies all met for <TaskInstance: ingest_data.get_data_to_ingest_from_local_file_task scheduled__2022-06-11T21:39:00+00:00 [queued]>
[2022-06-12 16:02:38,910] {taskinstance.py:1356} INFO - 
--------------------------------------------------------------------------------
[2022-06-12 16:02:38,910] {taskinstance.py:1357} INFO - Starting attempt 1 of 1
[2022-06-12 16:02:38,911] {taskinstance.py:1358} INFO - 
--------------------------------------------------------------------------------
[2022-06-12 16:02:38,972] {taskinstance.py:1377} INFO - Executing <Task(_PythonDecoratedOperator): get_data_to_ingest_from_local_file_task> on 2022-06-11 21:39:00+00:00
[2022-06-12 16:02:38,979] {standard_task_runner.py:52} INFO - Started process 1407 to run task
[2022-06-12 16:02:38,987] {standard_task_runner.py:79} INFO - Running: ['airflow', 'tasks', 'run', 'ingest_data', 'get_data_to_ingest_from_local_file_task', 'scheduled__2022-06-11T21:39:00+00:00', '--job-id', '112', '--raw', '--subdir', 'DAGS_FOLDER/ingestion_dag.py', '--cfg-path', '/tmp/tmpcfiqqytg', '--error-file', '/tmp/tmp6xiez3tk']
[2022-06-12 16:02:38,988] {standard_task_runner.py:80} INFO - Job 112: Subtask get_data_to_ingest_from_local_file_task
[2022-06-12 16:02:39,136] {task_command.py:370} INFO - Running <TaskInstance: ingest_data.get_data_to_ingest_from_local_file_task scheduled__2022-06-11T21:39:00+00:00 [running]> on host DESKTOP-GDPK8BL.localdomain
[2022-06-12 16:02:39,508] {taskinstance.py:1569} INFO - Exporting the following env vars:
AIRFLOW_CTX_DAG_OWNER=airflow
AIRFLOW_CTX_DAG_ID=ingest_data
AIRFLOW_CTX_TASK_ID=get_data_to_ingest_from_local_file_task
AIRFLOW_CTX_EXECUTION_DATE=2022-06-11T21:39:00+00:00
AIRFLOW_CTX_TRY_NUMBER=1
AIRFLOW_CTX_DAG_RUN_ID=scheduled__2022-06-11T21:39:00+00:00
[2022-06-12 16:02:39,583] {python.py:173} INFO - Done. Returned value was:           AT      V       AP     RH      PE
21881  27.89  73.17  1009.85  64.22  432.83
6754   29.32  63.77  1013.24  55.10  438.09
41009  23.85  69.45  1013.99  60.60  439.67
20252  14.47  48.79  1017.05  69.87  466.25
24600  25.07  77.95  1012.87  83.00  438.55
[2022-06-12 16:02:39,708] {taskinstance.py:1395} INFO - Marking task as SUCCESS. dag_id=ingest_data, task_id=get_data_to_ingest_from_local_file_task, execution_date=20220611T213900, start_date=20220612T140238, end_date=20220612T140239
[2022-06-12 16:02:39,805] {local_task_job.py:156} INFO - Task exited with return code 0
[2022-06-12 16:02:40,053] {local_task_job.py:273} INFO - 1 downstream tasks scheduled from follow-on schedule check
