[2022-06-12 16:21:54,442] {taskinstance.py:1159} INFO - Dependencies all met for <TaskInstance: ingest_data.get_data_to_ingest_from_local_file_task scheduled__2022-06-11T23:31:00+00:00 [queued]>
[2022-06-12 16:21:54,474] {taskinstance.py:1159} INFO - Dependencies all met for <TaskInstance: ingest_data.get_data_to_ingest_from_local_file_task scheduled__2022-06-11T23:31:00+00:00 [queued]>
[2022-06-12 16:21:54,475] {taskinstance.py:1356} INFO - 
--------------------------------------------------------------------------------
[2022-06-12 16:21:54,476] {taskinstance.py:1357} INFO - Starting attempt 1 of 1
[2022-06-12 16:21:54,477] {taskinstance.py:1358} INFO - 
--------------------------------------------------------------------------------
[2022-06-12 16:21:54,536] {taskinstance.py:1377} INFO - Executing <Task(_PythonDecoratedOperator): get_data_to_ingest_from_local_file_task> on 2022-06-11 23:31:00+00:00
[2022-06-12 16:21:54,545] {standard_task_runner.py:52} INFO - Started process 3311 to run task
[2022-06-12 16:21:54,551] {standard_task_runner.py:79} INFO - Running: ['airflow', 'tasks', 'run', 'ingest_data', 'get_data_to_ingest_from_local_file_task', 'scheduled__2022-06-11T23:31:00+00:00', '--job-id', '336', '--raw', '--subdir', 'DAGS_FOLDER/ingestion_dag.py', '--cfg-path', '/tmp/tmp2cbap4dy', '--error-file', '/tmp/tmp3f2kzkde']
[2022-06-12 16:21:54,553] {standard_task_runner.py:80} INFO - Job 336: Subtask get_data_to_ingest_from_local_file_task
[2022-06-12 16:21:54,702] {task_command.py:370} INFO - Running <TaskInstance: ingest_data.get_data_to_ingest_from_local_file_task scheduled__2022-06-11T23:31:00+00:00 [running]> on host DESKTOP-GDPK8BL.localdomain
[2022-06-12 16:21:55,064] {taskinstance.py:1569} INFO - Exporting the following env vars:
AIRFLOW_CTX_DAG_OWNER=airflow
AIRFLOW_CTX_DAG_ID=ingest_data
AIRFLOW_CTX_TASK_ID=get_data_to_ingest_from_local_file_task
AIRFLOW_CTX_EXECUTION_DATE=2022-06-11T23:31:00+00:00
AIRFLOW_CTX_TRY_NUMBER=1
AIRFLOW_CTX_DAG_RUN_ID=scheduled__2022-06-11T23:31:00+00:00
[2022-06-12 16:21:55,147] {python.py:173} INFO - Done. Returned value was:           AT      V       AP     RH      PE
22422  22.53  58.62  1016.28  72.78  449.02
37646  15.83  41.67  1013.39  74.12  464.93
6420    9.27  38.56  1017.69  62.49  475.42
43962  14.57  39.28  1015.10  76.94  469.27
18366  12.91  41.16  1011.90  89.19  472.71
[2022-06-12 16:21:55,268] {taskinstance.py:1395} INFO - Marking task as SUCCESS. dag_id=ingest_data, task_id=get_data_to_ingest_from_local_file_task, execution_date=20220611T233100, start_date=20220612T142154, end_date=20220612T142155
[2022-06-12 16:21:55,370] {local_task_job.py:156} INFO - Task exited with return code 0
[2022-06-12 16:21:55,593] {local_task_job.py:273} INFO - 1 downstream tasks scheduled from follow-on schedule check
