[2022-06-12 17:30:35,017] {taskinstance.py:1159} INFO - Dependencies all met for <TaskInstance: ingest_data.get_data_to_ingest_from_local_file_task scheduled__2022-06-12T06:10:00+00:00 [queued]>
[2022-06-12 17:30:35,047] {taskinstance.py:1159} INFO - Dependencies all met for <TaskInstance: ingest_data.get_data_to_ingest_from_local_file_task scheduled__2022-06-12T06:10:00+00:00 [queued]>
[2022-06-12 17:30:35,047] {taskinstance.py:1356} INFO - 
--------------------------------------------------------------------------------
[2022-06-12 17:30:35,047] {taskinstance.py:1357} INFO - Starting attempt 1 of 1
[2022-06-12 17:30:35,048] {taskinstance.py:1358} INFO - 
--------------------------------------------------------------------------------
[2022-06-12 17:30:35,098] {taskinstance.py:1377} INFO - Executing <Task(_PythonDecoratedOperator): get_data_to_ingest_from_local_file_task> on 2022-06-12 06:10:00+00:00
[2022-06-12 17:30:35,104] {standard_task_runner.py:52} INFO - Started process 9238 to run task
[2022-06-12 17:30:35,110] {standard_task_runner.py:79} INFO - Running: ['airflow', 'tasks', 'run', 'ingest_data', 'get_data_to_ingest_from_local_file_task', 'scheduled__2022-06-12T06:10:00+00:00', '--job-id', '1133', '--raw', '--subdir', 'DAGS_FOLDER/ingestion_dag.py', '--cfg-path', '/tmp/tmpj750l4aw', '--error-file', '/tmp/tmpczmvw6t9']
[2022-06-12 17:30:35,111] {standard_task_runner.py:80} INFO - Job 1133: Subtask get_data_to_ingest_from_local_file_task
[2022-06-12 17:30:35,271] {task_command.py:370} INFO - Running <TaskInstance: ingest_data.get_data_to_ingest_from_local_file_task scheduled__2022-06-12T06:10:00+00:00 [running]> on host DESKTOP-GDPK8BL.localdomain
[2022-06-12 17:30:35,701] {taskinstance.py:1569} INFO - Exporting the following env vars:
AIRFLOW_CTX_DAG_OWNER=airflow
AIRFLOW_CTX_DAG_ID=ingest_data
AIRFLOW_CTX_TASK_ID=get_data_to_ingest_from_local_file_task
AIRFLOW_CTX_EXECUTION_DATE=2022-06-12T06:10:00+00:00
AIRFLOW_CTX_TRY_NUMBER=1
AIRFLOW_CTX_DAG_RUN_ID=scheduled__2022-06-12T06:10:00+00:00
[2022-06-12 17:30:35,781] {python.py:173} INFO - Done. Returned value was:           AT      V       AP     RH      PE
18564  16.45  63.31  1015.96  83.97  452.42
19777   8.29  36.08  1020.38  81.53  483.26
13220  24.37  63.47  1012.77  75.22  445.60
25798  24.31  65.34  1013.82  63.85  449.88
38715  10.02  52.75  1021.93  73.68  473.09
[2022-06-12 17:30:35,949] {taskinstance.py:1395} INFO - Marking task as SUCCESS. dag_id=ingest_data, task_id=get_data_to_ingest_from_local_file_task, execution_date=20220612T061000, start_date=20220612T153035, end_date=20220612T153035
[2022-06-12 17:30:36,048] {local_task_job.py:156} INFO - Task exited with return code 0
[2022-06-12 17:30:36,269] {local_task_job.py:273} INFO - 1 downstream tasks scheduled from follow-on schedule check
