[2022-06-12 17:43:16,883] {taskinstance.py:1159} INFO - Dependencies all met for <TaskInstance: ingest_data.get_data_to_ingest_from_local_file_task scheduled__2022-06-12T07:31:00+00:00 [queued]>
[2022-06-12 17:43:16,917] {taskinstance.py:1159} INFO - Dependencies all met for <TaskInstance: ingest_data.get_data_to_ingest_from_local_file_task scheduled__2022-06-12T07:31:00+00:00 [queued]>
[2022-06-12 17:43:16,918] {taskinstance.py:1356} INFO - 
--------------------------------------------------------------------------------
[2022-06-12 17:43:16,918] {taskinstance.py:1357} INFO - Starting attempt 1 of 1
[2022-06-12 17:43:16,919] {taskinstance.py:1358} INFO - 
--------------------------------------------------------------------------------
[2022-06-12 17:43:16,975] {taskinstance.py:1377} INFO - Executing <Task(_PythonDecoratedOperator): get_data_to_ingest_from_local_file_task> on 2022-06-12 07:31:00+00:00
[2022-06-12 17:43:16,983] {standard_task_runner.py:52} INFO - Started process 10435 to run task
[2022-06-12 17:43:16,987] {standard_task_runner.py:79} INFO - Running: ['airflow', 'tasks', 'run', 'ingest_data', 'get_data_to_ingest_from_local_file_task', 'scheduled__2022-06-12T07:31:00+00:00', '--job-id', '1295', '--raw', '--subdir', 'DAGS_FOLDER/ingestion_dag.py', '--cfg-path', '/tmp/tmpeg_niwe4', '--error-file', '/tmp/tmpiuwjccwm']
[2022-06-12 17:43:16,989] {standard_task_runner.py:80} INFO - Job 1295: Subtask get_data_to_ingest_from_local_file_task
[2022-06-12 17:43:17,152] {task_command.py:370} INFO - Running <TaskInstance: ingest_data.get_data_to_ingest_from_local_file_task scheduled__2022-06-12T07:31:00+00:00 [running]> on host DESKTOP-GDPK8BL.localdomain
[2022-06-12 17:43:17,637] {taskinstance.py:1569} INFO - Exporting the following env vars:
AIRFLOW_CTX_DAG_OWNER=airflow
AIRFLOW_CTX_DAG_ID=ingest_data
AIRFLOW_CTX_TASK_ID=get_data_to_ingest_from_local_file_task
AIRFLOW_CTX_EXECUTION_DATE=2022-06-12T07:31:00+00:00
AIRFLOW_CTX_TRY_NUMBER=1
AIRFLOW_CTX_DAG_RUN_ID=scheduled__2022-06-12T07:31:00+00:00
[2022-06-12 17:43:17,710] {python.py:173} INFO - Done. Returned value was:           AT      V       AP     RH      PE
33158  32.83  74.33  1011.44  50.42  427.36
19134  23.00  66.05  1020.61  80.29  421.57
20910  22.70  63.56  1014.32  71.76  445.00
42077  27.57  71.32  1002.59  76.68  436.61
11731  17.83  44.92  1025.04  70.58  458.42
[2022-06-12 17:43:17,879] {taskinstance.py:1395} INFO - Marking task as SUCCESS. dag_id=ingest_data, task_id=get_data_to_ingest_from_local_file_task, execution_date=20220612T073100, start_date=20220612T154316, end_date=20220612T154317
[2022-06-12 17:43:17,968] {local_task_job.py:156} INFO - Task exited with return code 0
[2022-06-12 17:43:18,188] {local_task_job.py:273} INFO - 1 downstream tasks scheduled from follow-on schedule check
