[2022-06-12 17:13:35,628] {taskinstance.py:1159} INFO - Dependencies all met for <TaskInstance: ingest_data.get_data_to_ingest_from_local_file_task scheduled__2022-06-12T04:26:00+00:00 [queued]>
[2022-06-12 17:13:35,661] {taskinstance.py:1159} INFO - Dependencies all met for <TaskInstance: ingest_data.get_data_to_ingest_from_local_file_task scheduled__2022-06-12T04:26:00+00:00 [queued]>
[2022-06-12 17:13:35,662] {taskinstance.py:1356} INFO - 
--------------------------------------------------------------------------------
[2022-06-12 17:13:35,662] {taskinstance.py:1357} INFO - Starting attempt 1 of 1
[2022-06-12 17:13:35,663] {taskinstance.py:1358} INFO - 
--------------------------------------------------------------------------------
[2022-06-12 17:13:35,730] {taskinstance.py:1377} INFO - Executing <Task(_PythonDecoratedOperator): get_data_to_ingest_from_local_file_task> on 2022-06-12 04:26:00+00:00
[2022-06-12 17:13:35,736] {standard_task_runner.py:52} INFO - Started process 7700 to run task
[2022-06-12 17:13:35,742] {standard_task_runner.py:79} INFO - Running: ['airflow', 'tasks', 'run', 'ingest_data', 'get_data_to_ingest_from_local_file_task', 'scheduled__2022-06-12T04:26:00+00:00', '--job-id', '925', '--raw', '--subdir', 'DAGS_FOLDER/ingestion_dag.py', '--cfg-path', '/tmp/tmp3yodn5n_', '--error-file', '/tmp/tmpns_7m4d7']
[2022-06-12 17:13:35,744] {standard_task_runner.py:80} INFO - Job 925: Subtask get_data_to_ingest_from_local_file_task
[2022-06-12 17:13:35,877] {task_command.py:370} INFO - Running <TaskInstance: ingest_data.get_data_to_ingest_from_local_file_task scheduled__2022-06-12T04:26:00+00:00 [running]> on host DESKTOP-GDPK8BL.localdomain
[2022-06-12 17:13:36,306] {taskinstance.py:1569} INFO - Exporting the following env vars:
AIRFLOW_CTX_DAG_OWNER=airflow
AIRFLOW_CTX_DAG_ID=ingest_data
AIRFLOW_CTX_TASK_ID=get_data_to_ingest_from_local_file_task
AIRFLOW_CTX_EXECUTION_DATE=2022-06-12T04:26:00+00:00
AIRFLOW_CTX_TRY_NUMBER=1
AIRFLOW_CTX_DAG_RUN_ID=scheduled__2022-06-12T04:26:00+00:00
[2022-06-12 17:13:36,380] {python.py:173} INFO - Done. Returned value was:           AT      V       AP     RH      PE
34940  23.96  60.95  1015.01  65.24  446.40
19206  22.31  43.43  1010.64  56.44  449.67
36563  22.47  48.60  1002.33  63.23  445.98
16894  34.97  73.56  1006.57  44.69  435.15
10221  14.79  47.83  1007.27  92.04  463.22
[2022-06-12 17:13:36,513] {taskinstance.py:1395} INFO - Marking task as SUCCESS. dag_id=ingest_data, task_id=get_data_to_ingest_from_local_file_task, execution_date=20220612T042600, start_date=20220612T151335, end_date=20220612T151336
[2022-06-12 17:13:36,601] {local_task_job.py:156} INFO - Task exited with return code 0
[2022-06-12 17:13:36,820] {local_task_job.py:273} INFO - 1 downstream tasks scheduled from follow-on schedule check
