[2022-06-12 14:44:26,027] {taskinstance.py:1159} INFO - Dependencies all met for <TaskInstance: ingest_data.get_data_to_ingest_from_local_file_task scheduled__2022-06-11T21:06:00+00:00 [queued]>
[2022-06-12 14:44:26,051] {taskinstance.py:1159} INFO - Dependencies all met for <TaskInstance: ingest_data.get_data_to_ingest_from_local_file_task scheduled__2022-06-11T21:06:00+00:00 [queued]>
[2022-06-12 14:44:26,052] {taskinstance.py:1356} INFO - 
--------------------------------------------------------------------------------
[2022-06-12 14:44:26,052] {taskinstance.py:1357} INFO - Starting attempt 1 of 1
[2022-06-12 14:44:26,053] {taskinstance.py:1358} INFO - 
--------------------------------------------------------------------------------
[2022-06-12 14:44:26,120] {taskinstance.py:1377} INFO - Executing <Task(_PythonDecoratedOperator): get_data_to_ingest_from_local_file_task> on 2022-06-11 21:06:00+00:00
[2022-06-12 14:44:26,126] {standard_task_runner.py:52} INFO - Started process 817 to run task
[2022-06-12 14:44:26,133] {standard_task_runner.py:79} INFO - Running: ['airflow', 'tasks', 'run', 'ingest_data', 'get_data_to_ingest_from_local_file_task', 'scheduled__2022-06-11T21:06:00+00:00', '--job-id', '36', '--raw', '--subdir', 'DAGS_FOLDER/ingestion_dag.py', '--cfg-path', '/tmp/tmpcq1heuup', '--error-file', '/tmp/tmpd3e7igbj']
[2022-06-12 14:44:26,144] {standard_task_runner.py:80} INFO - Job 36: Subtask get_data_to_ingest_from_local_file_task
[2022-06-12 14:44:26,284] {task_command.py:370} INFO - Running <TaskInstance: ingest_data.get_data_to_ingest_from_local_file_task scheduled__2022-06-11T21:06:00+00:00 [running]> on host DESKTOP-GDPK8BL.localdomain
[2022-06-12 14:44:26,575] {taskinstance.py:1569} INFO - Exporting the following env vars:
AIRFLOW_CTX_DAG_OWNER=airflow
AIRFLOW_CTX_DAG_ID=ingest_data
AIRFLOW_CTX_TASK_ID=get_data_to_ingest_from_local_file_task
AIRFLOW_CTX_EXECUTION_DATE=2022-06-11T21:06:00+00:00
AIRFLOW_CTX_TRY_NUMBER=1
AIRFLOW_CTX_DAG_RUN_ID=scheduled__2022-06-11T21:06:00+00:00
[2022-06-12 14:44:26,675] {python.py:173} INFO - Done. Returned value was:           AT      V       AP     RH      PE
27910  16.47  38.01  1022.30  72.29  461.54
31979  24.81  59.43  1009.42  54.64  439.33
38132   7.01  37.80  1021.47  62.84  483.95
26661  24.35  70.04  1010.92  73.88  438.40
14153  27.89  68.12  1012.78  48.72  435.69
[2022-06-12 14:44:26,780] {taskinstance.py:1395} INFO - Marking task as SUCCESS. dag_id=ingest_data, task_id=get_data_to_ingest_from_local_file_task, execution_date=20220611T210600, start_date=20220612T124426, end_date=20220612T124426
[2022-06-12 14:44:26,877] {local_task_job.py:156} INFO - Task exited with return code 0
[2022-06-12 14:44:27,124] {local_task_job.py:273} INFO - 1 downstream tasks scheduled from follow-on schedule check
