[2022-06-13 13:50:04,551] {taskinstance.py:1159} INFO - Dependencies all met for <TaskInstance: loan_pred.save_data_task scheduled__2022-06-12T21:07:00+00:00 [queued]>
[2022-06-13 13:50:04,571] {taskinstance.py:1159} INFO - Dependencies all met for <TaskInstance: loan_pred.save_data_task scheduled__2022-06-12T21:07:00+00:00 [queued]>
[2022-06-13 13:50:04,572] {taskinstance.py:1356} INFO - 
--------------------------------------------------------------------------------
[2022-06-13 13:50:04,572] {taskinstance.py:1357} INFO - Starting attempt 1 of 1
[2022-06-13 13:50:04,573] {taskinstance.py:1358} INFO - 
--------------------------------------------------------------------------------
[2022-06-13 13:50:04,624] {taskinstance.py:1377} INFO - Executing <Task(_PythonDecoratedOperator): save_data_task> on 2022-06-12 21:07:00+00:00
[2022-06-13 13:50:04,630] {standard_task_runner.py:52} INFO - Started process 554 to run task
[2022-06-13 13:50:04,635] {standard_task_runner.py:79} INFO - Running: ['airflow', 'tasks', 'run', 'loan_pred', 'save_data_task', 'scheduled__2022-06-12T21:07:00+00:00', '--job-id', '1571', '--raw', '--subdir', 'DAGS_FOLDER/loan_pred.py', '--cfg-path', '/tmp/tmp_z8peikf', '--error-file', '/tmp/tmphyo2dt8j']
[2022-06-13 13:50:04,636] {standard_task_runner.py:80} INFO - Job 1571: Subtask save_data_task
[2022-06-13 13:50:04,781] {task_command.py:370} INFO - Running <TaskInstance: loan_pred.save_data_task scheduled__2022-06-12T21:07:00+00:00 [running]> on host DESKTOP-GDPK8BL.localdomain
[2022-06-13 13:50:05,309] {taskinstance.py:1569} INFO - Exporting the following env vars:
AIRFLOW_CTX_DAG_OWNER=airflow
AIRFLOW_CTX_DAG_ID=loan_pred
AIRFLOW_CTX_TASK_ID=save_data_task
AIRFLOW_CTX_EXECUTION_DATE=2022-06-12T21:07:00+00:00
AIRFLOW_CTX_TRY_NUMBER=1
AIRFLOW_CTX_DAG_RUN_ID=scheduled__2022-06-12T21:07:00+00:00
[2022-06-13 13:50:05,322] {python.py:173} INFO - Done. Returned value was: None
[2022-06-13 13:50:05,349] {taskinstance.py:1395} INFO - Marking task as SUCCESS. dag_id=loan_pred, task_id=save_data_task, execution_date=20220612T210700, start_date=20220613T115004, end_date=20220613T115005
[2022-06-13 13:50:05,452] {local_task_job.py:156} INFO - Task exited with return code 0
[2022-06-13 13:50:05,632] {local_task_job.py:273} INFO - 0 downstream tasks scheduled from follow-on schedule check
[2022-06-13 13:50:05,674] {dagrun.py:562} INFO - Marking run <DagRun loan_pred @ 2022-06-12 21:07:00+00:00: scheduled__2022-06-12T21:07:00+00:00, externally triggered: False> successful
[2022-06-13 13:50:05,675] {dagrun.py:607} INFO - DagRun Finished: dag_id=loan_pred, execution_date=2022-06-12 21:07:00+00:00, run_id=scheduled__2022-06-12T21:07:00+00:00, run_start_date=2022-06-13 11:49:52.983086+00:00, run_end_date=2022-06-13 11:50:05.675377+00:00, run_duration=12.692291, state=success, external_trigger=False, run_type=scheduled, data_interval_start=2022-06-12 21:07:00+00:00, data_interval_end=2022-06-12 21:08:00+00:00, dag_hash=6c5704e1306239f77c67686afb9391ec
