[2022-06-12 17:20:13,120] {taskinstance.py:1159} INFO - Dependencies all met for <TaskInstance: ingest_data.get_data_to_ingest_from_local_file_task scheduled__2022-06-12T05:04:00+00:00 [queued]>
[2022-06-12 17:20:13,158] {taskinstance.py:1159} INFO - Dependencies all met for <TaskInstance: ingest_data.get_data_to_ingest_from_local_file_task scheduled__2022-06-12T05:04:00+00:00 [queued]>
[2022-06-12 17:20:13,158] {taskinstance.py:1356} INFO - 
--------------------------------------------------------------------------------
[2022-06-12 17:20:13,159] {taskinstance.py:1357} INFO - Starting attempt 1 of 1
[2022-06-12 17:20:13,160] {taskinstance.py:1358} INFO - 
--------------------------------------------------------------------------------
[2022-06-12 17:20:13,239] {taskinstance.py:1377} INFO - Executing <Task(_PythonDecoratedOperator): get_data_to_ingest_from_local_file_task> on 2022-06-12 05:04:00+00:00
[2022-06-12 17:20:13,245] {standard_task_runner.py:52} INFO - Started process 8265 to run task
[2022-06-12 17:20:13,251] {standard_task_runner.py:79} INFO - Running: ['airflow', 'tasks', 'run', 'ingest_data', 'get_data_to_ingest_from_local_file_task', 'scheduled__2022-06-12T05:04:00+00:00', '--job-id', '1001', '--raw', '--subdir', 'DAGS_FOLDER/ingestion_dag.py', '--cfg-path', '/tmp/tmpfw273mrv', '--error-file', '/tmp/tmpadcn56p8']
[2022-06-12 17:20:13,253] {standard_task_runner.py:80} INFO - Job 1001: Subtask get_data_to_ingest_from_local_file_task
[2022-06-12 17:20:13,398] {task_command.py:370} INFO - Running <TaskInstance: ingest_data.get_data_to_ingest_from_local_file_task scheduled__2022-06-12T05:04:00+00:00 [running]> on host DESKTOP-GDPK8BL.localdomain
[2022-06-12 17:20:13,816] {taskinstance.py:1569} INFO - Exporting the following env vars:
AIRFLOW_CTX_DAG_OWNER=airflow
AIRFLOW_CTX_DAG_ID=ingest_data
AIRFLOW_CTX_TASK_ID=get_data_to_ingest_from_local_file_task
AIRFLOW_CTX_EXECUTION_DATE=2022-06-12T05:04:00+00:00
AIRFLOW_CTX_TRY_NUMBER=1
AIRFLOW_CTX_DAG_RUN_ID=scheduled__2022-06-12T05:04:00+00:00
[2022-06-12 17:20:13,890] {python.py:173} INFO - Done. Returned value was:           AT      V       AP     RH      PE
33910   9.59  38.56  1017.01  60.10  481.30
9838   17.51  53.16  1013.13  82.86  457.45
27952  20.97  44.63  1007.64  73.69  453.26
29868  12.54  40.80  1024.56  68.97  479.65
46808   7.00  36.24  1013.15  89.64  483.06
[2022-06-12 17:20:14,027] {taskinstance.py:1395} INFO - Marking task as SUCCESS. dag_id=ingest_data, task_id=get_data_to_ingest_from_local_file_task, execution_date=20220612T050400, start_date=20220612T152013, end_date=20220612T152014
[2022-06-12 17:20:14,113] {local_task_job.py:156} INFO - Task exited with return code 0
[2022-06-12 17:20:14,342] {local_task_job.py:273} INFO - 1 downstream tasks scheduled from follow-on schedule check
