[2022-06-12 16:48:17,753] {taskinstance.py:1159} INFO - Dependencies all met for <TaskInstance: ingest_data.get_data_to_ingest_from_local_file_task scheduled__2022-06-12T02:02:00+00:00 [queued]>
[2022-06-12 16:48:17,824] {taskinstance.py:1159} INFO - Dependencies all met for <TaskInstance: ingest_data.get_data_to_ingest_from_local_file_task scheduled__2022-06-12T02:02:00+00:00 [queued]>
[2022-06-12 16:48:17,825] {taskinstance.py:1356} INFO - 
--------------------------------------------------------------------------------
[2022-06-12 16:48:17,826] {taskinstance.py:1357} INFO - Starting attempt 1 of 1
[2022-06-12 16:48:17,827] {taskinstance.py:1358} INFO - 
--------------------------------------------------------------------------------
[2022-06-12 16:48:17,974] {taskinstance.py:1377} INFO - Executing <Task(_PythonDecoratedOperator): get_data_to_ingest_from_local_file_task> on 2022-06-12 02:02:00+00:00
[2022-06-12 16:48:17,982] {standard_task_runner.py:52} INFO - Started process 5566 to run task
[2022-06-12 16:48:18,003] {standard_task_runner.py:79} INFO - Running: ['airflow', 'tasks', 'run', 'ingest_data', 'get_data_to_ingest_from_local_file_task', 'scheduled__2022-06-12T02:02:00+00:00', '--job-id', '638', '--raw', '--subdir', 'DAGS_FOLDER/ingestion_dag.py', '--cfg-path', '/tmp/tmp6_j578bv', '--error-file', '/tmp/tmp4ilhxv2o']
[2022-06-12 16:48:18,006] {standard_task_runner.py:80} INFO - Job 638: Subtask get_data_to_ingest_from_local_file_task
[2022-06-12 16:48:18,257] {task_command.py:370} INFO - Running <TaskInstance: ingest_data.get_data_to_ingest_from_local_file_task scheduled__2022-06-12T02:02:00+00:00 [running]> on host DESKTOP-GDPK8BL.localdomain
[2022-06-12 16:48:18,775] {taskinstance.py:1569} INFO - Exporting the following env vars:
AIRFLOW_CTX_DAG_OWNER=airflow
AIRFLOW_CTX_DAG_ID=ingest_data
AIRFLOW_CTX_TASK_ID=get_data_to_ingest_from_local_file_task
AIRFLOW_CTX_EXECUTION_DATE=2022-06-12T02:02:00+00:00
AIRFLOW_CTX_TRY_NUMBER=1
AIRFLOW_CTX_DAG_RUN_ID=scheduled__2022-06-12T02:02:00+00:00
[2022-06-12 16:48:18,876] {python.py:173} INFO - Done. Returned value was:           AT      V       AP     RH      PE
18142  22.04  57.32  1012.54  62.17  447.27
47258  24.80  68.30  1018.01  80.41  436.17
3181   31.33  65.18  1011.97  36.62  435.77
33620  25.63  48.92  1009.99  34.64  439.87
44277  14.94  40.00  1017.69  65.43  456.41
[2022-06-12 16:48:19,025] {taskinstance.py:1395} INFO - Marking task as SUCCESS. dag_id=ingest_data, task_id=get_data_to_ingest_from_local_file_task, execution_date=20220612T020200, start_date=20220612T144817, end_date=20220612T144819
[2022-06-12 16:48:19,103] {local_task_job.py:156} INFO - Task exited with return code 0
[2022-06-12 16:48:19,340] {local_task_job.py:273} INFO - 1 downstream tasks scheduled from follow-on schedule check
