[2022-06-12 17:24:51,936] {taskinstance.py:1159} INFO - Dependencies all met for <TaskInstance: ingest_data.get_data_to_ingest_from_local_file_task scheduled__2022-06-12T05:33:00+00:00 [queued]>
[2022-06-12 17:24:51,968] {taskinstance.py:1159} INFO - Dependencies all met for <TaskInstance: ingest_data.get_data_to_ingest_from_local_file_task scheduled__2022-06-12T05:33:00+00:00 [queued]>
[2022-06-12 17:24:51,969] {taskinstance.py:1356} INFO - 
--------------------------------------------------------------------------------
[2022-06-12 17:24:51,969] {taskinstance.py:1357} INFO - Starting attempt 1 of 1
[2022-06-12 17:24:51,970] {taskinstance.py:1358} INFO - 
--------------------------------------------------------------------------------
[2022-06-12 17:24:52,051] {taskinstance.py:1377} INFO - Executing <Task(_PythonDecoratedOperator): get_data_to_ingest_from_local_file_task> on 2022-06-12 05:33:00+00:00
[2022-06-12 17:24:52,057] {standard_task_runner.py:52} INFO - Started process 8700 to run task
[2022-06-12 17:24:52,062] {standard_task_runner.py:79} INFO - Running: ['airflow', 'tasks', 'run', 'ingest_data', 'get_data_to_ingest_from_local_file_task', 'scheduled__2022-06-12T05:33:00+00:00', '--job-id', '1060', '--raw', '--subdir', 'DAGS_FOLDER/ingestion_dag.py', '--cfg-path', '/tmp/tmpxrt6i7yc', '--error-file', '/tmp/tmpey8t51xp']
[2022-06-12 17:24:52,064] {standard_task_runner.py:80} INFO - Job 1060: Subtask get_data_to_ingest_from_local_file_task
[2022-06-12 17:24:52,182] {task_command.py:370} INFO - Running <TaskInstance: ingest_data.get_data_to_ingest_from_local_file_task scheduled__2022-06-12T05:33:00+00:00 [running]> on host DESKTOP-GDPK8BL.localdomain
[2022-06-12 17:24:52,595] {taskinstance.py:1569} INFO - Exporting the following env vars:
AIRFLOW_CTX_DAG_OWNER=airflow
AIRFLOW_CTX_DAG_ID=ingest_data
AIRFLOW_CTX_TASK_ID=get_data_to_ingest_from_local_file_task
AIRFLOW_CTX_EXECUTION_DATE=2022-06-12T05:33:00+00:00
AIRFLOW_CTX_TRY_NUMBER=1
AIRFLOW_CTX_DAG_RUN_ID=scheduled__2022-06-12T05:33:00+00:00
[2022-06-12 17:24:52,674] {python.py:173} INFO - Done. Returned value was:           AT      V       AP     RH      PE
33395  21.44  60.32  1015.20  81.10  448.84
23243  18.58  46.97  1014.25  74.09  454.26
11856  13.40  41.78  1010.20  64.57  466.68
47569  16.00  43.34  1013.89  78.39  462.33
11060  13.18  40.03  1017.75  82.29  470.88
[2022-06-12 17:24:52,840] {taskinstance.py:1395} INFO - Marking task as SUCCESS. dag_id=ingest_data, task_id=get_data_to_ingest_from_local_file_task, execution_date=20220612T053300, start_date=20220612T152451, end_date=20220612T152452
[2022-06-12 17:24:52,925] {local_task_job.py:156} INFO - Task exited with return code 0
[2022-06-12 17:24:53,146] {local_task_job.py:273} INFO - 1 downstream tasks scheduled from follow-on schedule check
