[2022-06-12 17:14:22,559] {taskinstance.py:1159} INFO - Dependencies all met for <TaskInstance: ingest_data.get_data_to_ingest_from_local_file_task scheduled__2022-06-12T04:30:00+00:00 [queued]>
[2022-06-12 17:14:22,594] {taskinstance.py:1159} INFO - Dependencies all met for <TaskInstance: ingest_data.get_data_to_ingest_from_local_file_task scheduled__2022-06-12T04:30:00+00:00 [queued]>
[2022-06-12 17:14:22,594] {taskinstance.py:1356} INFO - 
--------------------------------------------------------------------------------
[2022-06-12 17:14:22,595] {taskinstance.py:1357} INFO - Starting attempt 1 of 1
[2022-06-12 17:14:22,595] {taskinstance.py:1358} INFO - 
--------------------------------------------------------------------------------
[2022-06-12 17:14:22,671] {taskinstance.py:1377} INFO - Executing <Task(_PythonDecoratedOperator): get_data_to_ingest_from_local_file_task> on 2022-06-12 04:30:00+00:00
[2022-06-12 17:14:22,683] {standard_task_runner.py:79} INFO - Running: ['airflow', 'tasks', 'run', 'ingest_data', 'get_data_to_ingest_from_local_file_task', 'scheduled__2022-06-12T04:30:00+00:00', '--job-id', '934', '--raw', '--subdir', 'DAGS_FOLDER/ingestion_dag.py', '--cfg-path', '/tmp/tmpivbxyg1h', '--error-file', '/tmp/tmpjuwie54i']
[2022-06-12 17:14:22,685] {standard_task_runner.py:80} INFO - Job 934: Subtask get_data_to_ingest_from_local_file_task
[2022-06-12 17:14:22,677] {standard_task_runner.py:52} INFO - Started process 7767 to run task
[2022-06-12 17:14:22,862] {task_command.py:370} INFO - Running <TaskInstance: ingest_data.get_data_to_ingest_from_local_file_task scheduled__2022-06-12T04:30:00+00:00 [running]> on host DESKTOP-GDPK8BL.localdomain
[2022-06-12 17:14:23,305] {taskinstance.py:1569} INFO - Exporting the following env vars:
AIRFLOW_CTX_DAG_OWNER=airflow
AIRFLOW_CTX_DAG_ID=ingest_data
AIRFLOW_CTX_TASK_ID=get_data_to_ingest_from_local_file_task
AIRFLOW_CTX_EXECUTION_DATE=2022-06-12T04:30:00+00:00
AIRFLOW_CTX_TRY_NUMBER=1
AIRFLOW_CTX_DAG_RUN_ID=scheduled__2022-06-12T04:30:00+00:00
[2022-06-12 17:14:23,378] {python.py:173} INFO - Done. Returned value was:           AT      V       AP     RH      PE
27595  16.52  42.24  1017.51  67.65  469.13
30527  14.43  43.50  1021.86  83.14  466.58
11362  17.40  63.09  1020.84  92.58  453.00
37702  27.37  72.58  1008.16  79.94  428.05
18732  23.14  58.18  1008.89  81.82  444.51
[2022-06-12 17:14:23,528] {taskinstance.py:1395} INFO - Marking task as SUCCESS. dag_id=ingest_data, task_id=get_data_to_ingest_from_local_file_task, execution_date=20220612T043000, start_date=20220612T151422, end_date=20220612T151423
[2022-06-12 17:14:23,632] {local_task_job.py:156} INFO - Task exited with return code 0
[2022-06-12 17:14:23,857] {local_task_job.py:273} INFO - 1 downstream tasks scheduled from follow-on schedule check
