[2022-06-12 16:20:01,404] {taskinstance.py:1159} INFO - Dependencies all met for <TaskInstance: ingest_data.get_data_to_ingest_from_local_file_task scheduled__2022-06-11T23:20:00+00:00 [queued]>
[2022-06-12 16:20:01,433] {taskinstance.py:1159} INFO - Dependencies all met for <TaskInstance: ingest_data.get_data_to_ingest_from_local_file_task scheduled__2022-06-11T23:20:00+00:00 [queued]>
[2022-06-12 16:20:01,433] {taskinstance.py:1356} INFO - 
--------------------------------------------------------------------------------
[2022-06-12 16:20:01,434] {taskinstance.py:1357} INFO - Starting attempt 1 of 1
[2022-06-12 16:20:01,435] {taskinstance.py:1358} INFO - 
--------------------------------------------------------------------------------
[2022-06-12 16:20:01,485] {taskinstance.py:1377} INFO - Executing <Task(_PythonDecoratedOperator): get_data_to_ingest_from_local_file_task> on 2022-06-11 23:20:00+00:00
[2022-06-12 16:20:01,493] {standard_task_runner.py:52} INFO - Started process 3124 to run task
[2022-06-12 16:20:01,498] {standard_task_runner.py:79} INFO - Running: ['airflow', 'tasks', 'run', 'ingest_data', 'get_data_to_ingest_from_local_file_task', 'scheduled__2022-06-11T23:20:00+00:00', '--job-id', '314', '--raw', '--subdir', 'DAGS_FOLDER/ingestion_dag.py', '--cfg-path', '/tmp/tmpxx3a_842', '--error-file', '/tmp/tmpit_xt4v8']
[2022-06-12 16:20:01,500] {standard_task_runner.py:80} INFO - Job 314: Subtask get_data_to_ingest_from_local_file_task
[2022-06-12 16:20:01,667] {task_command.py:370} INFO - Running <TaskInstance: ingest_data.get_data_to_ingest_from_local_file_task scheduled__2022-06-11T23:20:00+00:00 [running]> on host DESKTOP-GDPK8BL.localdomain
[2022-06-12 16:20:02,027] {taskinstance.py:1569} INFO - Exporting the following env vars:
AIRFLOW_CTX_DAG_OWNER=airflow
AIRFLOW_CTX_DAG_ID=ingest_data
AIRFLOW_CTX_TASK_ID=get_data_to_ingest_from_local_file_task
AIRFLOW_CTX_EXECUTION_DATE=2022-06-11T23:20:00+00:00
AIRFLOW_CTX_TRY_NUMBER=1
AIRFLOW_CTX_DAG_RUN_ID=scheduled__2022-06-11T23:20:00+00:00
[2022-06-12 16:20:02,103] {python.py:173} INFO - Done. Returned value was:           AT      V       AP     RH      PE
25430  19.45  58.95  1017.79  93.46  445.10
43791  18.48  52.05  1012.41  68.20  458.62
5211   16.77  50.90  1013.24  84.40  459.91
32801  26.85  69.84  1002.84  81.31  426.58
16055   8.43  40.60  1015.39  91.81  483.10
[2022-06-12 16:20:02,219] {taskinstance.py:1395} INFO - Marking task as SUCCESS. dag_id=ingest_data, task_id=get_data_to_ingest_from_local_file_task, execution_date=20220611T232000, start_date=20220612T142001, end_date=20220612T142002
[2022-06-12 16:20:02,316] {local_task_job.py:156} INFO - Task exited with return code 0
[2022-06-12 16:20:02,523] {local_task_job.py:273} INFO - 1 downstream tasks scheduled from follow-on schedule check
