[2022-06-12 17:21:03,262] {taskinstance.py:1159} INFO - Dependencies all met for <TaskInstance: ingest_data.get_data_to_ingest_from_local_file_task scheduled__2022-06-12T05:09:00+00:00 [queued]>
[2022-06-12 17:21:03,301] {taskinstance.py:1159} INFO - Dependencies all met for <TaskInstance: ingest_data.get_data_to_ingest_from_local_file_task scheduled__2022-06-12T05:09:00+00:00 [queued]>
[2022-06-12 17:21:03,301] {taskinstance.py:1356} INFO - 
--------------------------------------------------------------------------------
[2022-06-12 17:21:03,302] {taskinstance.py:1357} INFO - Starting attempt 1 of 1
[2022-06-12 17:21:03,303] {taskinstance.py:1358} INFO - 
--------------------------------------------------------------------------------
[2022-06-12 17:21:03,386] {taskinstance.py:1377} INFO - Executing <Task(_PythonDecoratedOperator): get_data_to_ingest_from_local_file_task> on 2022-06-12 05:09:00+00:00
[2022-06-12 17:21:03,392] {standard_task_runner.py:52} INFO - Started process 8346 to run task
[2022-06-12 17:21:03,398] {standard_task_runner.py:79} INFO - Running: ['airflow', 'tasks', 'run', 'ingest_data', 'get_data_to_ingest_from_local_file_task', 'scheduled__2022-06-12T05:09:00+00:00', '--job-id', '1012', '--raw', '--subdir', 'DAGS_FOLDER/ingestion_dag.py', '--cfg-path', '/tmp/tmplf9aryd5', '--error-file', '/tmp/tmp246r20az']
[2022-06-12 17:21:03,402] {standard_task_runner.py:80} INFO - Job 1012: Subtask get_data_to_ingest_from_local_file_task
[2022-06-12 17:21:03,538] {task_command.py:370} INFO - Running <TaskInstance: ingest_data.get_data_to_ingest_from_local_file_task scheduled__2022-06-12T05:09:00+00:00 [running]> on host DESKTOP-GDPK8BL.localdomain
[2022-06-12 17:21:03,925] {taskinstance.py:1569} INFO - Exporting the following env vars:
AIRFLOW_CTX_DAG_OWNER=airflow
AIRFLOW_CTX_DAG_ID=ingest_data
AIRFLOW_CTX_TASK_ID=get_data_to_ingest_from_local_file_task
AIRFLOW_CTX_EXECUTION_DATE=2022-06-12T05:09:00+00:00
AIRFLOW_CTX_TRY_NUMBER=1
AIRFLOW_CTX_DAG_RUN_ID=scheduled__2022-06-12T05:09:00+00:00
[2022-06-12 17:21:03,999] {python.py:173} INFO - Done. Returned value was:           AT      V       AP      RH      PE
25475  14.92  46.18  1014.21   98.82  465.63
32594  24.55  58.86  1015.22   60.53  445.80
1513   20.86  39.72  1001.73   56.38  456.27
40438  15.21  50.88  1014.24  100.11  460.56
16166   8.99  41.26  1020.52   91.96  476.09
[2022-06-12 17:21:04,124] {taskinstance.py:1395} INFO - Marking task as SUCCESS. dag_id=ingest_data, task_id=get_data_to_ingest_from_local_file_task, execution_date=20220612T050900, start_date=20220612T152103, end_date=20220612T152104
[2022-06-12 17:21:04,220] {local_task_job.py:156} INFO - Task exited with return code 0
[2022-06-12 17:21:04,476] {local_task_job.py:273} INFO - 1 downstream tasks scheduled from follow-on schedule check
