[2022-06-12 16:18:01,033] {taskinstance.py:1159} INFO - Dependencies all met for <TaskInstance: ingest_data.get_data_to_ingest_from_local_file_task scheduled__2022-06-11T23:08:00+00:00 [queued]>
[2022-06-12 16:18:01,064] {taskinstance.py:1159} INFO - Dependencies all met for <TaskInstance: ingest_data.get_data_to_ingest_from_local_file_task scheduled__2022-06-11T23:08:00+00:00 [queued]>
[2022-06-12 16:18:01,066] {taskinstance.py:1356} INFO - 
--------------------------------------------------------------------------------
[2022-06-12 16:18:01,066] {taskinstance.py:1357} INFO - Starting attempt 1 of 1
[2022-06-12 16:18:01,067] {taskinstance.py:1358} INFO - 
--------------------------------------------------------------------------------
[2022-06-12 16:18:01,135] {taskinstance.py:1377} INFO - Executing <Task(_PythonDecoratedOperator): get_data_to_ingest_from_local_file_task> on 2022-06-11 23:08:00+00:00
[2022-06-12 16:18:01,143] {standard_task_runner.py:52} INFO - Started process 2920 to run task
[2022-06-12 16:18:01,149] {standard_task_runner.py:79} INFO - Running: ['airflow', 'tasks', 'run', 'ingest_data', 'get_data_to_ingest_from_local_file_task', 'scheduled__2022-06-11T23:08:00+00:00', '--job-id', '290', '--raw', '--subdir', 'DAGS_FOLDER/ingestion_dag.py', '--cfg-path', '/tmp/tmpnpu6fyly', '--error-file', '/tmp/tmppaat4132']
[2022-06-12 16:18:01,151] {standard_task_runner.py:80} INFO - Job 290: Subtask get_data_to_ingest_from_local_file_task
[2022-06-12 16:18:01,311] {task_command.py:370} INFO - Running <TaskInstance: ingest_data.get_data_to_ingest_from_local_file_task scheduled__2022-06-11T23:08:00+00:00 [running]> on host DESKTOP-GDPK8BL.localdomain
[2022-06-12 16:18:01,699] {taskinstance.py:1569} INFO - Exporting the following env vars:
AIRFLOW_CTX_DAG_OWNER=airflow
AIRFLOW_CTX_DAG_ID=ingest_data
AIRFLOW_CTX_TASK_ID=get_data_to_ingest_from_local_file_task
AIRFLOW_CTX_EXECUTION_DATE=2022-06-11T23:08:00+00:00
AIRFLOW_CTX_TRY_NUMBER=1
AIRFLOW_CTX_DAG_RUN_ID=scheduled__2022-06-11T23:08:00+00:00
[2022-06-12 16:18:01,776] {python.py:173} INFO - Done. Returned value was:           AT      V       AP     RH      PE
6215   24.31  65.94  1011.50  61.61  442.69
12577  25.46  70.32  1010.65  64.70  433.08
30788  29.03  69.51  1009.80  47.04  435.09
16216  32.09  69.40  1003.10  56.91  430.62
2127   10.10  41.58  1021.26  94.06  468.19
[2022-06-12 16:18:01,894] {taskinstance.py:1395} INFO - Marking task as SUCCESS. dag_id=ingest_data, task_id=get_data_to_ingest_from_local_file_task, execution_date=20220611T230800, start_date=20220612T141801, end_date=20220612T141801
[2022-06-12 16:18:01,970] {local_task_job.py:156} INFO - Task exited with return code 0
[2022-06-12 16:18:02,191] {local_task_job.py:273} INFO - 1 downstream tasks scheduled from follow-on schedule check
