[2022-06-12 16:08:29,425] {taskinstance.py:1159} INFO - Dependencies all met for <TaskInstance: ingest_data.get_data_to_ingest_from_local_file_task scheduled__2022-06-11T22:12:00+00:00 [queued]>
[2022-06-12 16:08:29,449] {taskinstance.py:1159} INFO - Dependencies all met for <TaskInstance: ingest_data.get_data_to_ingest_from_local_file_task scheduled__2022-06-11T22:12:00+00:00 [queued]>
[2022-06-12 16:08:29,450] {taskinstance.py:1356} INFO - 
--------------------------------------------------------------------------------
[2022-06-12 16:08:29,451] {taskinstance.py:1357} INFO - Starting attempt 1 of 1
[2022-06-12 16:08:29,451] {taskinstance.py:1358} INFO - 
--------------------------------------------------------------------------------
[2022-06-12 16:08:29,508] {taskinstance.py:1377} INFO - Executing <Task(_PythonDecoratedOperator): get_data_to_ingest_from_local_file_task> on 2022-06-11 22:12:00+00:00
[2022-06-12 16:08:29,523] {standard_task_runner.py:79} INFO - Running: ['airflow', 'tasks', 'run', 'ingest_data', 'get_data_to_ingest_from_local_file_task', 'scheduled__2022-06-11T22:12:00+00:00', '--job-id', '178', '--raw', '--subdir', 'DAGS_FOLDER/ingestion_dag.py', '--cfg-path', '/tmp/tmplpxdpee3', '--error-file', '/tmp/tmpp0s7m5wj']
[2022-06-12 16:08:29,515] {standard_task_runner.py:52} INFO - Started process 1968 to run task
[2022-06-12 16:08:29,525] {standard_task_runner.py:80} INFO - Job 178: Subtask get_data_to_ingest_from_local_file_task
[2022-06-12 16:08:29,676] {task_command.py:370} INFO - Running <TaskInstance: ingest_data.get_data_to_ingest_from_local_file_task scheduled__2022-06-11T22:12:00+00:00 [running]> on host DESKTOP-GDPK8BL.localdomain
[2022-06-12 16:08:30,041] {taskinstance.py:1569} INFO - Exporting the following env vars:
AIRFLOW_CTX_DAG_OWNER=airflow
AIRFLOW_CTX_DAG_ID=ingest_data
AIRFLOW_CTX_TASK_ID=get_data_to_ingest_from_local_file_task
AIRFLOW_CTX_EXECUTION_DATE=2022-06-11T22:12:00+00:00
AIRFLOW_CTX_TRY_NUMBER=1
AIRFLOW_CTX_DAG_RUN_ID=scheduled__2022-06-11T22:12:00+00:00
[2022-06-12 16:08:30,111] {python.py:173} INFO - Done. Returned value was:           AT      V       AP     RH      PE
14955  14.95  43.72  1010.28  93.62  459.31
14235  28.09  65.27  1013.27  51.96  440.00
34074  12.79  44.03  1007.46  95.93  464.35
43503  24.91  64.45  1013.02  42.34  450.84
45530  14.33  45.51  1015.42  71.55  468.92
[2022-06-12 16:08:30,223] {taskinstance.py:1395} INFO - Marking task as SUCCESS. dag_id=ingest_data, task_id=get_data_to_ingest_from_local_file_task, execution_date=20220611T221200, start_date=20220612T140829, end_date=20220612T140830
[2022-06-12 16:08:30,306] {local_task_job.py:156} INFO - Task exited with return code 0
[2022-06-12 16:08:30,530] {local_task_job.py:273} INFO - 1 downstream tasks scheduled from follow-on schedule check
