[2022-06-12 19:46:30,531] {taskinstance.py:1159} INFO - Dependencies all met for <TaskInstance: ingest_data.get_data_to_ingest_from_local_file_task scheduled__2022-06-12T08:55:00+00:00 [queued]>
[2022-06-12 19:46:30,568] {taskinstance.py:1159} INFO - Dependencies all met for <TaskInstance: ingest_data.get_data_to_ingest_from_local_file_task scheduled__2022-06-12T08:55:00+00:00 [queued]>
[2022-06-12 19:46:30,569] {taskinstance.py:1356} INFO - 
--------------------------------------------------------------------------------
[2022-06-12 19:46:30,570] {taskinstance.py:1357} INFO - Starting attempt 1 of 1
[2022-06-12 19:46:30,570] {taskinstance.py:1358} INFO - 
--------------------------------------------------------------------------------
[2022-06-12 19:46:30,646] {taskinstance.py:1377} INFO - Executing <Task(_PythonDecoratedOperator): get_data_to_ingest_from_local_file_task> on 2022-06-12 08:55:00+00:00
[2022-06-12 19:46:30,659] {standard_task_runner.py:79} INFO - Running: ['airflow', 'tasks', 'run', 'ingest_data', 'get_data_to_ingest_from_local_file_task', 'scheduled__2022-06-12T08:55:00+00:00', '--job-id', '1463', '--raw', '--subdir', 'DAGS_FOLDER/ingestion_dag.py', '--cfg-path', '/tmp/tmp49ha936s', '--error-file', '/tmp/tmpl8nfv033']
[2022-06-12 19:46:30,662] {standard_task_runner.py:80} INFO - Job 1463: Subtask get_data_to_ingest_from_local_file_task
[2022-06-12 19:46:30,652] {standard_task_runner.py:52} INFO - Started process 11681 to run task
[2022-06-12 19:46:30,805] {task_command.py:370} INFO - Running <TaskInstance: ingest_data.get_data_to_ingest_from_local_file_task scheduled__2022-06-12T08:55:00+00:00 [running]> on host DESKTOP-GDPK8BL.localdomain
[2022-06-12 19:46:31,273] {taskinstance.py:1569} INFO - Exporting the following env vars:
AIRFLOW_CTX_DAG_OWNER=airflow
AIRFLOW_CTX_DAG_ID=ingest_data
AIRFLOW_CTX_TASK_ID=get_data_to_ingest_from_local_file_task
AIRFLOW_CTX_EXECUTION_DATE=2022-06-12T08:55:00+00:00
AIRFLOW_CTX_TRY_NUMBER=1
AIRFLOW_CTX_DAG_RUN_ID=scheduled__2022-06-12T08:55:00+00:00
[2022-06-12 19:46:31,349] {python.py:173} INFO - Done. Returned value was:           AT      V       AP     RH      PE
42387  18.17  66.86  1011.29  78.48  452.77
21762  22.07  60.08  1017.68  71.23  452.56
8291   16.76  53.16  1014.13  81.87  457.98
24888  12.91  41.66  1013.37  71.52  469.71
13680  17.51  44.90  1009.05  74.91  455.01
[2022-06-12 19:46:31,528] {taskinstance.py:1395} INFO - Marking task as SUCCESS. dag_id=ingest_data, task_id=get_data_to_ingest_from_local_file_task, execution_date=20220612T085500, start_date=20220612T174630, end_date=20220612T174631
[2022-06-12 19:46:31,603] {local_task_job.py:156} INFO - Task exited with return code 0
[2022-06-12 19:46:31,819] {local_task_job.py:273} INFO - 1 downstream tasks scheduled from follow-on schedule check
