[2022-06-12 16:46:44,050] {taskinstance.py:1159} INFO - Dependencies all met for <TaskInstance: ingest_data.get_data_to_ingest_from_local_file_task scheduled__2022-06-12T01:54:00+00:00 [queued]>
[2022-06-12 16:46:44,077] {taskinstance.py:1159} INFO - Dependencies all met for <TaskInstance: ingest_data.get_data_to_ingest_from_local_file_task scheduled__2022-06-12T01:54:00+00:00 [queued]>
[2022-06-12 16:46:44,077] {taskinstance.py:1356} INFO - 
--------------------------------------------------------------------------------
[2022-06-12 16:46:44,078] {taskinstance.py:1357} INFO - Starting attempt 1 of 1
[2022-06-12 16:46:44,079] {taskinstance.py:1358} INFO - 
--------------------------------------------------------------------------------
[2022-06-12 16:46:44,144] {taskinstance.py:1377} INFO - Executing <Task(_PythonDecoratedOperator): get_data_to_ingest_from_local_file_task> on 2022-06-12 01:54:00+00:00
[2022-06-12 16:46:44,151] {standard_task_runner.py:52} INFO - Started process 5440 to run task
[2022-06-12 16:46:44,155] {standard_task_runner.py:79} INFO - Running: ['airflow', 'tasks', 'run', 'ingest_data', 'get_data_to_ingest_from_local_file_task', 'scheduled__2022-06-12T01:54:00+00:00', '--job-id', '621', '--raw', '--subdir', 'DAGS_FOLDER/ingestion_dag.py', '--cfg-path', '/tmp/tmpt0kpsaw4', '--error-file', '/tmp/tmp9upt5o50']
[2022-06-12 16:46:44,157] {standard_task_runner.py:80} INFO - Job 621: Subtask get_data_to_ingest_from_local_file_task
[2022-06-12 16:46:44,293] {task_command.py:370} INFO - Running <TaskInstance: ingest_data.get_data_to_ingest_from_local_file_task scheduled__2022-06-12T01:54:00+00:00 [running]> on host DESKTOP-GDPK8BL.localdomain
[2022-06-12 16:46:44,679] {taskinstance.py:1569} INFO - Exporting the following env vars:
AIRFLOW_CTX_DAG_OWNER=airflow
AIRFLOW_CTX_DAG_ID=ingest_data
AIRFLOW_CTX_TASK_ID=get_data_to_ingest_from_local_file_task
AIRFLOW_CTX_EXECUTION_DATE=2022-06-12T01:54:00+00:00
AIRFLOW_CTX_TRY_NUMBER=1
AIRFLOW_CTX_DAG_RUN_ID=scheduled__2022-06-12T01:54:00+00:00
[2022-06-12 16:46:44,754] {python.py:173} INFO - Done. Returned value was:           AT      V       AP     RH      PE
11262   9.44  44.03  1009.59  86.27  473.61
22412  13.63  40.92  1021.89  80.50  462.40
28542  10.72  39.35  1015.35  86.43  480.18
4036   21.76  60.27  1018.96  85.06  446.86
39822  16.89  49.21  1015.19  70.39  458.25
[2022-06-12 16:46:44,892] {taskinstance.py:1395} INFO - Marking task as SUCCESS. dag_id=ingest_data, task_id=get_data_to_ingest_from_local_file_task, execution_date=20220612T015400, start_date=20220612T144644, end_date=20220612T144644
[2022-06-12 16:46:44,972] {local_task_job.py:156} INFO - Task exited with return code 0
[2022-06-12 16:46:45,191] {local_task_job.py:273} INFO - 1 downstream tasks scheduled from follow-on schedule check
