[2022-06-15 19:11:24,192] {taskinstance.py:1159} INFO - Dependencies all met for <TaskInstance: loan_pred.get_data_to_ingest_from_local_file_task scheduled__2022-06-14T21:05:00+00:00 [queued]>
[2022-06-15 19:11:24,220] {taskinstance.py:1159} INFO - Dependencies all met for <TaskInstance: loan_pred.get_data_to_ingest_from_local_file_task scheduled__2022-06-14T21:05:00+00:00 [queued]>
[2022-06-15 19:11:24,221] {taskinstance.py:1356} INFO - 
--------------------------------------------------------------------------------
[2022-06-15 19:11:24,221] {taskinstance.py:1357} INFO - Starting attempt 1 of 1
[2022-06-15 19:11:24,222] {taskinstance.py:1358} INFO - 
--------------------------------------------------------------------------------
[2022-06-15 19:11:24,286] {taskinstance.py:1377} INFO - Executing <Task(_PythonDecoratedOperator): get_data_to_ingest_from_local_file_task> on 2022-06-14 21:05:00+00:00
[2022-06-15 19:11:24,291] {standard_task_runner.py:52} INFO - Started process 330 to run task
[2022-06-15 19:11:24,296] {standard_task_runner.py:79} INFO - Running: ['airflow', 'tasks', 'run', 'loan_pred', 'get_data_to_ingest_from_local_file_task', 'scheduled__2022-06-14T21:05:00+00:00', '--job-id', '1582', '--raw', '--subdir', 'DAGS_FOLDER/loan_pred.py', '--cfg-path', '/tmp/tmpbbf9d4hv', '--error-file', '/tmp/tmpma_t75c7']
[2022-06-15 19:11:24,298] {standard_task_runner.py:80} INFO - Job 1582: Subtask get_data_to_ingest_from_local_file_task
[2022-06-15 19:11:24,439] {task_command.py:370} INFO - Running <TaskInstance: loan_pred.get_data_to_ingest_from_local_file_task scheduled__2022-06-14T21:05:00+00:00 [running]> on host DESKTOP-GDPK8BL.localdomain
[2022-06-15 19:11:24,906] {taskinstance.py:1569} INFO - Exporting the following env vars:
AIRFLOW_CTX_DAG_OWNER=airflow
AIRFLOW_CTX_DAG_ID=loan_pred
AIRFLOW_CTX_TASK_ID=get_data_to_ingest_from_local_file_task
AIRFLOW_CTX_EXECUTION_DATE=2022-06-14T21:05:00+00:00
AIRFLOW_CTX_TRY_NUMBER=1
AIRFLOW_CTX_DAG_RUN_ID=scheduled__2022-06-14T21:05:00+00:00
[2022-06-15 19:11:24,921] {python.py:173} INFO - Done. Returned value was:       Loan_ID Gender Married Dependents  ... LoanAmount Loan_Amount_Term  Credit_History  Property_Area
29   LP001176   Male      No          0  ...      125.0            180.0             1.0          Urban
82   LP001445   Male     Yes          2  ...      149.0            480.0             0.0          Rural
248  LP002375   Male     Yes          0  ...       64.0            360.0             1.0      Semiurban
265  LP002441   Male      No        NaN  ...      138.0            360.0             NaN      Semiurban
303  LP002657    NaN     Yes          1  ...       68.0            360.0             1.0          Rural

[5 rows x 12 columns]
[2022-06-15 19:11:25,094] {taskinstance.py:1395} INFO - Marking task as SUCCESS. dag_id=loan_pred, task_id=get_data_to_ingest_from_local_file_task, execution_date=20220614T210500, start_date=20220615T171124, end_date=20220615T171125
[2022-06-15 19:11:25,194] {local_task_job.py:156} INFO - Task exited with return code 0
[2022-06-15 19:11:25,457] {local_task_job.py:273} INFO - 1 downstream tasks scheduled from follow-on schedule check
