[2022-06-13 13:47:33,845] {taskinstance.py:1159} INFO - Dependencies all met for <TaskInstance: ingest_data.get_data_to_ingest_from_local_file_task scheduled__2022-06-12T21:06:00+00:00 [queued]>
[2022-06-13 13:47:33,881] {taskinstance.py:1159} INFO - Dependencies all met for <TaskInstance: ingest_data.get_data_to_ingest_from_local_file_task scheduled__2022-06-12T21:06:00+00:00 [queued]>
[2022-06-13 13:47:33,882] {taskinstance.py:1356} INFO - 
--------------------------------------------------------------------------------
[2022-06-13 13:47:33,882] {taskinstance.py:1357} INFO - Starting attempt 1 of 1
[2022-06-13 13:47:33,883] {taskinstance.py:1358} INFO - 
--------------------------------------------------------------------------------
[2022-06-13 13:47:33,955] {taskinstance.py:1377} INFO - Executing <Task(_PythonDecoratedOperator): get_data_to_ingest_from_local_file_task> on 2022-06-12 21:06:00+00:00
[2022-06-13 13:47:33,960] {standard_task_runner.py:52} INFO - Started process 302 to run task
[2022-06-13 13:47:33,965] {standard_task_runner.py:79} INFO - Running: ['airflow', 'tasks', 'run', 'ingest_data', 'get_data_to_ingest_from_local_file_task', 'scheduled__2022-06-12T21:06:00+00:00', '--job-id', '1543', '--raw', '--subdir', 'DAGS_FOLDER/ingestion_dag.py', '--cfg-path', '/tmp/tmpm9s83uml', '--error-file', '/tmp/tmpzp6n18w5']
[2022-06-13 13:47:33,967] {standard_task_runner.py:80} INFO - Job 1543: Subtask get_data_to_ingest_from_local_file_task
[2022-06-13 13:47:34,140] {task_command.py:370} INFO - Running <TaskInstance: ingest_data.get_data_to_ingest_from_local_file_task scheduled__2022-06-12T21:06:00+00:00 [running]> on host DESKTOP-GDPK8BL.localdomain
[2022-06-13 13:47:34,639] {taskinstance.py:1569} INFO - Exporting the following env vars:
AIRFLOW_CTX_DAG_OWNER=airflow
AIRFLOW_CTX_DAG_ID=ingest_data
AIRFLOW_CTX_TASK_ID=get_data_to_ingest_from_local_file_task
AIRFLOW_CTX_EXECUTION_DATE=2022-06-12T21:06:00+00:00
AIRFLOW_CTX_TRY_NUMBER=1
AIRFLOW_CTX_DAG_RUN_ID=scheduled__2022-06-12T21:06:00+00:00
[2022-06-13 13:47:34,703] {python.py:173} INFO - Done. Returned value was:           AT      V       AP     RH      PE
8848   27.20  65.18  1011.47  47.14  436.99
33078  18.88  43.69  1016.77  46.88  464.63
32857  21.60  66.86  1013.02  54.19  450.84
26150  13.33  54.30  1016.77  80.32  468.10
18044  12.20  44.77  1018.64  76.10  469.41
[2022-06-13 13:47:34,872] {taskinstance.py:1395} INFO - Marking task as SUCCESS. dag_id=ingest_data, task_id=get_data_to_ingest_from_local_file_task, execution_date=20220612T210600, start_date=20220613T114733, end_date=20220613T114734
[2022-06-13 13:47:34,944] {local_task_job.py:156} INFO - Task exited with return code 0
[2022-06-13 13:47:35,144] {local_task_job.py:273} INFO - 1 downstream tasks scheduled from follow-on schedule check
