[2022-06-12 17:14:06,863] {taskinstance.py:1159} INFO - Dependencies all met for <TaskInstance: ingest_data.get_data_to_ingest_from_local_file_task scheduled__2022-06-12T04:29:00+00:00 [queued]>
[2022-06-12 17:14:06,895] {taskinstance.py:1159} INFO - Dependencies all met for <TaskInstance: ingest_data.get_data_to_ingest_from_local_file_task scheduled__2022-06-12T04:29:00+00:00 [queued]>
[2022-06-12 17:14:06,895] {taskinstance.py:1356} INFO - 
--------------------------------------------------------------------------------
[2022-06-12 17:14:06,896] {taskinstance.py:1357} INFO - Starting attempt 1 of 1
[2022-06-12 17:14:06,896] {taskinstance.py:1358} INFO - 
--------------------------------------------------------------------------------
[2022-06-12 17:14:06,965] {taskinstance.py:1377} INFO - Executing <Task(_PythonDecoratedOperator): get_data_to_ingest_from_local_file_task> on 2022-06-12 04:29:00+00:00
[2022-06-12 17:14:06,977] {standard_task_runner.py:79} INFO - Running: ['airflow', 'tasks', 'run', 'ingest_data', 'get_data_to_ingest_from_local_file_task', 'scheduled__2022-06-12T04:29:00+00:00', '--job-id', '931', '--raw', '--subdir', 'DAGS_FOLDER/ingestion_dag.py', '--cfg-path', '/tmp/tmp8_l_xamq', '--error-file', '/tmp/tmp9h3hiuxf']
[2022-06-12 17:14:06,981] {standard_task_runner.py:80} INFO - Job 931: Subtask get_data_to_ingest_from_local_file_task
[2022-06-12 17:14:06,971] {standard_task_runner.py:52} INFO - Started process 7745 to run task
[2022-06-12 17:14:07,144] {task_command.py:370} INFO - Running <TaskInstance: ingest_data.get_data_to_ingest_from_local_file_task scheduled__2022-06-12T04:29:00+00:00 [running]> on host DESKTOP-GDPK8BL.localdomain
[2022-06-12 17:14:07,595] {taskinstance.py:1569} INFO - Exporting the following env vars:
AIRFLOW_CTX_DAG_OWNER=airflow
AIRFLOW_CTX_DAG_ID=ingest_data
AIRFLOW_CTX_TASK_ID=get_data_to_ingest_from_local_file_task
AIRFLOW_CTX_EXECUTION_DATE=2022-06-12T04:29:00+00:00
AIRFLOW_CTX_TRY_NUMBER=1
AIRFLOW_CTX_DAG_RUN_ID=scheduled__2022-06-12T04:29:00+00:00
[2022-06-12 17:14:07,697] {python.py:173} INFO - Done. Returned value was:           AT      V       AP     RH      PE
20779  25.09  69.68  1012.18  91.33  439.77
8320   15.11  42.99  1007.53  85.75  466.25
14494  26.30  71.94  1006.64  85.12  428.83
7764   15.08  37.85  1009.85  85.90  465.58
32288  12.41  45.87  1004.78  80.02  468.14
[2022-06-12 17:14:07,900] {taskinstance.py:1395} INFO - Marking task as SUCCESS. dag_id=ingest_data, task_id=get_data_to_ingest_from_local_file_task, execution_date=20220612T042900, start_date=20220612T151406, end_date=20220612T151407
[2022-06-12 17:14:07,975] {local_task_job.py:156} INFO - Task exited with return code 0
[2022-06-12 17:14:08,262] {local_task_job.py:273} INFO - 1 downstream tasks scheduled from follow-on schedule check
