[2022-06-12 16:20:11,482] {taskinstance.py:1159} INFO - Dependencies all met for <TaskInstance: ingest_data.get_data_to_ingest_from_local_file_task scheduled__2022-06-11T23:21:00+00:00 [queued]>
[2022-06-12 16:20:11,512] {taskinstance.py:1159} INFO - Dependencies all met for <TaskInstance: ingest_data.get_data_to_ingest_from_local_file_task scheduled__2022-06-11T23:21:00+00:00 [queued]>
[2022-06-12 16:20:11,512] {taskinstance.py:1356} INFO - 
--------------------------------------------------------------------------------
[2022-06-12 16:20:11,513] {taskinstance.py:1357} INFO - Starting attempt 1 of 1
[2022-06-12 16:20:11,513] {taskinstance.py:1358} INFO - 
--------------------------------------------------------------------------------
[2022-06-12 16:20:11,583] {taskinstance.py:1377} INFO - Executing <Task(_PythonDecoratedOperator): get_data_to_ingest_from_local_file_task> on 2022-06-11 23:21:00+00:00
[2022-06-12 16:20:11,590] {standard_task_runner.py:52} INFO - Started process 3141 to run task
[2022-06-12 16:20:11,595] {standard_task_runner.py:79} INFO - Running: ['airflow', 'tasks', 'run', 'ingest_data', 'get_data_to_ingest_from_local_file_task', 'scheduled__2022-06-11T23:21:00+00:00', '--job-id', '316', '--raw', '--subdir', 'DAGS_FOLDER/ingestion_dag.py', '--cfg-path', '/tmp/tmp5dy0q64q', '--error-file', '/tmp/tmp73cfzzh7']
[2022-06-12 16:20:11,597] {standard_task_runner.py:80} INFO - Job 316: Subtask get_data_to_ingest_from_local_file_task
[2022-06-12 16:20:11,749] {task_command.py:370} INFO - Running <TaskInstance: ingest_data.get_data_to_ingest_from_local_file_task scheduled__2022-06-11T23:21:00+00:00 [running]> on host DESKTOP-GDPK8BL.localdomain
[2022-06-12 16:20:12,125] {taskinstance.py:1569} INFO - Exporting the following env vars:
AIRFLOW_CTX_DAG_OWNER=airflow
AIRFLOW_CTX_DAG_ID=ingest_data
AIRFLOW_CTX_TASK_ID=get_data_to_ingest_from_local_file_task
AIRFLOW_CTX_EXECUTION_DATE=2022-06-11T23:21:00+00:00
AIRFLOW_CTX_TRY_NUMBER=1
AIRFLOW_CTX_DAG_RUN_ID=scheduled__2022-06-11T23:21:00+00:00
[2022-06-12 16:20:12,198] {python.py:173} INFO - Done. Returned value was:           AT      V       AP     RH      PE
5240   11.58  40.66  1017.00  97.13  466.42
23545  15.47  38.73  1001.13  77.61  467.96
21802  12.32  41.26  1022.42  79.74  470.27
30667  26.80  49.30  1003.86  62.75  438.56
3671   12.59  40.03  1018.76  85.40  471.63
[2022-06-12 16:20:12,322] {taskinstance.py:1395} INFO - Marking task as SUCCESS. dag_id=ingest_data, task_id=get_data_to_ingest_from_local_file_task, execution_date=20220611T232100, start_date=20220612T142011, end_date=20220612T142012
[2022-06-12 16:20:12,413] {local_task_job.py:156} INFO - Task exited with return code 0
[2022-06-12 16:20:12,644] {local_task_job.py:273} INFO - 1 downstream tasks scheduled from follow-on schedule check
