[2022-06-15 19:12:53,870] {taskinstance.py:1159} INFO - Dependencies all met for <TaskInstance: loan_pred.get_data_to_ingest_from_local_file_task scheduled__2022-06-14T21:14:00+00:00 [queued]>
[2022-06-15 19:12:53,894] {taskinstance.py:1159} INFO - Dependencies all met for <TaskInstance: loan_pred.get_data_to_ingest_from_local_file_task scheduled__2022-06-14T21:14:00+00:00 [queued]>
[2022-06-15 19:12:53,894] {taskinstance.py:1356} INFO - 
--------------------------------------------------------------------------------
[2022-06-15 19:12:53,895] {taskinstance.py:1357} INFO - Starting attempt 1 of 1
[2022-06-15 19:12:53,895] {taskinstance.py:1358} INFO - 
--------------------------------------------------------------------------------
[2022-06-15 19:12:53,956] {taskinstance.py:1377} INFO - Executing <Task(_PythonDecoratedOperator): get_data_to_ingest_from_local_file_task> on 2022-06-14 21:14:00+00:00
[2022-06-15 19:12:53,962] {standard_task_runner.py:52} INFO - Started process 484 to run task
[2022-06-15 19:12:53,967] {standard_task_runner.py:79} INFO - Running: ['airflow', 'tasks', 'run', 'loan_pred', 'get_data_to_ingest_from_local_file_task', 'scheduled__2022-06-14T21:14:00+00:00', '--job-id', '1601', '--raw', '--subdir', 'DAGS_FOLDER/loan_pred.py', '--cfg-path', '/tmp/tmpviy0v818', '--error-file', '/tmp/tmpuhwsvqhh']
[2022-06-15 19:12:53,968] {standard_task_runner.py:80} INFO - Job 1601: Subtask get_data_to_ingest_from_local_file_task
[2022-06-15 19:12:54,101] {task_command.py:370} INFO - Running <TaskInstance: loan_pred.get_data_to_ingest_from_local_file_task scheduled__2022-06-14T21:14:00+00:00 [running]> on host DESKTOP-GDPK8BL.localdomain
[2022-06-15 19:12:54,456] {taskinstance.py:1569} INFO - Exporting the following env vars:
AIRFLOW_CTX_DAG_OWNER=airflow
AIRFLOW_CTX_DAG_ID=loan_pred
AIRFLOW_CTX_TASK_ID=get_data_to_ingest_from_local_file_task
AIRFLOW_CTX_EXECUTION_DATE=2022-06-14T21:14:00+00:00
AIRFLOW_CTX_TRY_NUMBER=1
AIRFLOW_CTX_DAG_RUN_ID=scheduled__2022-06-14T21:14:00+00:00
[2022-06-15 19:12:54,472] {python.py:173} INFO - Done. Returned value was:       Loan_ID  Gender Married Dependents  ... LoanAmount Loan_Amount_Term  Credit_History  Property_Area
106  LP001563     NaN      No          0  ...      119.0            360.0             0.0          Urban
210  LP002167  Female      No          0  ...       55.0            360.0             1.0          Urban
267  LP002445  Female      No          1  ...      117.0            360.0             1.0          Rural
171  LP001973    Male     Yes          2  ...      130.0            360.0             1.0          Rural
7    LP001056    Male     Yes          2  ...      147.0            360.0             0.0          Rural

[5 rows x 12 columns]
[2022-06-15 19:12:54,627] {taskinstance.py:1395} INFO - Marking task as SUCCESS. dag_id=loan_pred, task_id=get_data_to_ingest_from_local_file_task, execution_date=20220614T211400, start_date=20220615T171253, end_date=20220615T171254
[2022-06-15 19:12:54,703] {local_task_job.py:156} INFO - Task exited with return code 0
[2022-06-15 19:12:54,901] {local_task_job.py:273} INFO - 1 downstream tasks scheduled from follow-on schedule check
