[2022-06-12 17:26:00,674] {taskinstance.py:1159} INFO - Dependencies all met for <TaskInstance: ingest_data.get_data_to_ingest_from_local_file_task scheduled__2022-06-12T05:40:00+00:00 [queued]>
[2022-06-12 17:26:00,712] {taskinstance.py:1159} INFO - Dependencies all met for <TaskInstance: ingest_data.get_data_to_ingest_from_local_file_task scheduled__2022-06-12T05:40:00+00:00 [queued]>
[2022-06-12 17:26:00,713] {taskinstance.py:1356} INFO - 
--------------------------------------------------------------------------------
[2022-06-12 17:26:00,714] {taskinstance.py:1357} INFO - Starting attempt 1 of 1
[2022-06-12 17:26:00,714] {taskinstance.py:1358} INFO - 
--------------------------------------------------------------------------------
[2022-06-12 17:26:00,789] {taskinstance.py:1377} INFO - Executing <Task(_PythonDecoratedOperator): get_data_to_ingest_from_local_file_task> on 2022-06-12 05:40:00+00:00
[2022-06-12 17:26:00,795] {standard_task_runner.py:52} INFO - Started process 8804 to run task
[2022-06-12 17:26:00,804] {standard_task_runner.py:79} INFO - Running: ['airflow', 'tasks', 'run', 'ingest_data', 'get_data_to_ingest_from_local_file_task', 'scheduled__2022-06-12T05:40:00+00:00', '--job-id', '1074', '--raw', '--subdir', 'DAGS_FOLDER/ingestion_dag.py', '--cfg-path', '/tmp/tmplnvwz6sd', '--error-file', '/tmp/tmpom6kbml0']
[2022-06-12 17:26:00,806] {standard_task_runner.py:80} INFO - Job 1074: Subtask get_data_to_ingest_from_local_file_task
[2022-06-12 17:26:00,985] {task_command.py:370} INFO - Running <TaskInstance: ingest_data.get_data_to_ingest_from_local_file_task scheduled__2022-06-12T05:40:00+00:00 [running]> on host DESKTOP-GDPK8BL.localdomain
[2022-06-12 17:26:01,557] {taskinstance.py:1569} INFO - Exporting the following env vars:
AIRFLOW_CTX_DAG_OWNER=airflow
AIRFLOW_CTX_DAG_ID=ingest_data
AIRFLOW_CTX_TASK_ID=get_data_to_ingest_from_local_file_task
AIRFLOW_CTX_EXECUTION_DATE=2022-06-12T05:40:00+00:00
AIRFLOW_CTX_TRY_NUMBER=1
AIRFLOW_CTX_DAG_RUN_ID=scheduled__2022-06-12T05:40:00+00:00
[2022-06-12 17:26:01,658] {python.py:173} INFO - Done. Returned value was:           AT      V       AP     RH      PE
23624  29.17  64.79  1016.43  61.05  441.20
47672   7.04  39.37  1019.37  69.11  488.00
43824  26.72  67.79  1010.35  63.31  444.68
13256  30.19  64.79  1017.22  42.47  438.41
10906  26.65  66.48  1005.70  65.09  436.65
[2022-06-12 17:26:01,875] {taskinstance.py:1395} INFO - Marking task as SUCCESS. dag_id=ingest_data, task_id=get_data_to_ingest_from_local_file_task, execution_date=20220612T054000, start_date=20220612T152600, end_date=20220612T152601
[2022-06-12 17:26:02,023] {local_task_job.py:156} INFO - Task exited with return code 0
[2022-06-12 17:26:02,327] {local_task_job.py:273} INFO - 1 downstream tasks scheduled from follow-on schedule check
