[2022-06-12 17:42:39,702] {taskinstance.py:1159} INFO - Dependencies all met for <TaskInstance: ingest_data.get_data_to_ingest_from_local_file_task scheduled__2022-06-12T07:27:00+00:00 [queued]>
[2022-06-12 17:42:39,739] {taskinstance.py:1159} INFO - Dependencies all met for <TaskInstance: ingest_data.get_data_to_ingest_from_local_file_task scheduled__2022-06-12T07:27:00+00:00 [queued]>
[2022-06-12 17:42:39,740] {taskinstance.py:1356} INFO - 
--------------------------------------------------------------------------------
[2022-06-12 17:42:39,740] {taskinstance.py:1357} INFO - Starting attempt 1 of 1
[2022-06-12 17:42:39,741] {taskinstance.py:1358} INFO - 
--------------------------------------------------------------------------------
[2022-06-12 17:42:39,824] {taskinstance.py:1377} INFO - Executing <Task(_PythonDecoratedOperator): get_data_to_ingest_from_local_file_task> on 2022-06-12 07:27:00+00:00
[2022-06-12 17:42:39,840] {standard_task_runner.py:52} INFO - Started process 10376 to run task
[2022-06-12 17:42:39,848] {standard_task_runner.py:79} INFO - Running: ['airflow', 'tasks', 'run', 'ingest_data', 'get_data_to_ingest_from_local_file_task', 'scheduled__2022-06-12T07:27:00+00:00', '--job-id', '1287', '--raw', '--subdir', 'DAGS_FOLDER/ingestion_dag.py', '--cfg-path', '/tmp/tmp52i_9xdx', '--error-file', '/tmp/tmphpruax31']
[2022-06-12 17:42:39,858] {standard_task_runner.py:80} INFO - Job 1287: Subtask get_data_to_ingest_from_local_file_task
[2022-06-12 17:42:40,019] {task_command.py:370} INFO - Running <TaskInstance: ingest_data.get_data_to_ingest_from_local_file_task scheduled__2022-06-12T07:27:00+00:00 [running]> on host DESKTOP-GDPK8BL.localdomain
[2022-06-12 17:42:40,543] {taskinstance.py:1569} INFO - Exporting the following env vars:
AIRFLOW_CTX_DAG_OWNER=airflow
AIRFLOW_CTX_DAG_ID=ingest_data
AIRFLOW_CTX_TASK_ID=get_data_to_ingest_from_local_file_task
AIRFLOW_CTX_EXECUTION_DATE=2022-06-12T07:27:00+00:00
AIRFLOW_CTX_TRY_NUMBER=1
AIRFLOW_CTX_DAG_RUN_ID=scheduled__2022-06-12T07:27:00+00:00
[2022-06-12 17:42:40,638] {python.py:173} INFO - Done. Returned value was:           AT      V       AP     RH      PE
4747   17.67  50.88  1015.64  90.55  456.16
15784  12.34  43.22  1009.28  78.23  468.52
15054  10.87  37.50  1011.43  95.56  474.07
10936  21.98  55.50  1017.89  57.90  457.29
28411   8.03  40.07  1016.06  47.46  488.02
[2022-06-12 17:42:40,813] {taskinstance.py:1395} INFO - Marking task as SUCCESS. dag_id=ingest_data, task_id=get_data_to_ingest_from_local_file_task, execution_date=20220612T072700, start_date=20220612T154239, end_date=20220612T154240
[2022-06-12 17:42:40,916] {local_task_job.py:156} INFO - Task exited with return code 0
[2022-06-12 17:42:41,120] {local_task_job.py:273} INFO - 1 downstream tasks scheduled from follow-on schedule check
