[2022-06-12 16:05:35,615] {taskinstance.py:1159} INFO - Dependencies all met for <TaskInstance: ingest_data.get_data_to_ingest_from_local_file_task scheduled__2022-06-11T21:57:00+00:00 [queued]>
[2022-06-12 16:05:35,645] {taskinstance.py:1159} INFO - Dependencies all met for <TaskInstance: ingest_data.get_data_to_ingest_from_local_file_task scheduled__2022-06-11T21:57:00+00:00 [queued]>
[2022-06-12 16:05:35,646] {taskinstance.py:1356} INFO - 
--------------------------------------------------------------------------------
[2022-06-12 16:05:35,646] {taskinstance.py:1357} INFO - Starting attempt 1 of 1
[2022-06-12 16:05:35,647] {taskinstance.py:1358} INFO - 
--------------------------------------------------------------------------------
[2022-06-12 16:05:35,725] {taskinstance.py:1377} INFO - Executing <Task(_PythonDecoratedOperator): get_data_to_ingest_from_local_file_task> on 2022-06-11 21:57:00+00:00
[2022-06-12 16:05:35,732] {standard_task_runner.py:52} INFO - Started process 1713 to run task
[2022-06-12 16:05:35,738] {standard_task_runner.py:79} INFO - Running: ['airflow', 'tasks', 'run', 'ingest_data', 'get_data_to_ingest_from_local_file_task', 'scheduled__2022-06-11T21:57:00+00:00', '--job-id', '148', '--raw', '--subdir', 'DAGS_FOLDER/ingestion_dag.py', '--cfg-path', '/tmp/tmp6vu36u3d', '--error-file', '/tmp/tmp1zeosnld']
[2022-06-12 16:05:35,740] {standard_task_runner.py:80} INFO - Job 148: Subtask get_data_to_ingest_from_local_file_task
[2022-06-12 16:05:35,872] {task_command.py:370} INFO - Running <TaskInstance: ingest_data.get_data_to_ingest_from_local_file_task scheduled__2022-06-11T21:57:00+00:00 [running]> on host DESKTOP-GDPK8BL.localdomain
[2022-06-12 16:05:36,203] {taskinstance.py:1569} INFO - Exporting the following env vars:
AIRFLOW_CTX_DAG_OWNER=airflow
AIRFLOW_CTX_DAG_ID=ingest_data
AIRFLOW_CTX_TASK_ID=get_data_to_ingest_from_local_file_task
AIRFLOW_CTX_EXECUTION_DATE=2022-06-11T21:57:00+00:00
AIRFLOW_CTX_TRY_NUMBER=1
AIRFLOW_CTX_DAG_RUN_ID=scheduled__2022-06-11T21:57:00+00:00
[2022-06-12 16:05:36,275] {python.py:173} INFO - Done. Returned value was:           AT      V       AP     RH      PE
31057  26.42  59.27  1012.90  65.38  443.94
3786   33.24  74.34  1002.58  45.05  435.50
6061   22.08  41.54  1014.21  73.73  458.74
36122  13.68  41.70  1019.19  84.07  464.46
41404  23.03  59.04  1011.85  81.24  444.85
[2022-06-12 16:05:36,390] {taskinstance.py:1395} INFO - Marking task as SUCCESS. dag_id=ingest_data, task_id=get_data_to_ingest_from_local_file_task, execution_date=20220611T215700, start_date=20220612T140535, end_date=20220612T140536
[2022-06-12 16:05:36,474] {local_task_job.py:156} INFO - Task exited with return code 0
[2022-06-12 16:05:36,702] {local_task_job.py:273} INFO - 1 downstream tasks scheduled from follow-on schedule check
