[2022-06-12 16:29:38,903] {taskinstance.py:1159} INFO - Dependencies all met for <TaskInstance: ingest_data.save_data_task scheduled__2022-06-12T00:14:00+00:00 [queued]>
[2022-06-12 16:29:38,934] {taskinstance.py:1159} INFO - Dependencies all met for <TaskInstance: ingest_data.save_data_task scheduled__2022-06-12T00:14:00+00:00 [queued]>
[2022-06-12 16:29:38,935] {taskinstance.py:1356} INFO - 
--------------------------------------------------------------------------------
[2022-06-12 16:29:38,935] {taskinstance.py:1357} INFO - Starting attempt 1 of 1
[2022-06-12 16:29:38,936] {taskinstance.py:1358} INFO - 
--------------------------------------------------------------------------------
[2022-06-12 16:29:38,999] {taskinstance.py:1377} INFO - Executing <Task(_PythonDecoratedOperator): save_data_task> on 2022-06-12 00:14:00+00:00
[2022-06-12 16:29:39,004] {standard_task_runner.py:52} INFO - Started process 3966 to run task
[2022-06-12 16:29:39,011] {standard_task_runner.py:79} INFO - Running: ['airflow', 'tasks', 'run', 'ingest_data', 'save_data_task', 'scheduled__2022-06-12T00:14:00+00:00', '--job-id', '423', '--raw', '--subdir', 'DAGS_FOLDER/ingestion_dag.py', '--cfg-path', '/tmp/tmpfvpv2rdb', '--error-file', '/tmp/tmpyykimnny']
[2022-06-12 16:29:39,013] {standard_task_runner.py:80} INFO - Job 423: Subtask save_data_task
[2022-06-12 16:29:39,174] {task_command.py:370} INFO - Running <TaskInstance: ingest_data.save_data_task scheduled__2022-06-12T00:14:00+00:00 [running]> on host DESKTOP-GDPK8BL.localdomain
[2022-06-12 16:29:39,629] {taskinstance.py:1569} INFO - Exporting the following env vars:
AIRFLOW_CTX_DAG_OWNER=airflow
AIRFLOW_CTX_DAG_ID=ingest_data
AIRFLOW_CTX_TASK_ID=save_data_task
AIRFLOW_CTX_EXECUTION_DATE=2022-06-12T00:14:00+00:00
AIRFLOW_CTX_TRY_NUMBER=1
AIRFLOW_CTX_DAG_RUN_ID=scheduled__2022-06-12T00:14:00+00:00
[2022-06-12 16:29:39,646] {python.py:173} INFO - Done. Returned value was: None
[2022-06-12 16:29:39,674] {taskinstance.py:1395} INFO - Marking task as SUCCESS. dag_id=ingest_data, task_id=save_data_task, execution_date=20220612T001400, start_date=20220612T142938, end_date=20220612T142939
[2022-06-12 16:29:39,749] {local_task_job.py:156} INFO - Task exited with return code 0
[2022-06-12 16:29:39,923] {local_task_job.py:273} INFO - 0 downstream tasks scheduled from follow-on schedule check
