[2022-06-12 16:47:04,491] {taskinstance.py:1159} INFO - Dependencies all met for <TaskInstance: ingest_data.get_data_to_ingest_from_local_file_task scheduled__2022-06-12T01:56:00+00:00 [queued]>
[2022-06-12 16:47:04,519] {taskinstance.py:1159} INFO - Dependencies all met for <TaskInstance: ingest_data.get_data_to_ingest_from_local_file_task scheduled__2022-06-12T01:56:00+00:00 [queued]>
[2022-06-12 16:47:04,519] {taskinstance.py:1356} INFO - 
--------------------------------------------------------------------------------
[2022-06-12 16:47:04,520] {taskinstance.py:1357} INFO - Starting attempt 1 of 1
[2022-06-12 16:47:04,521] {taskinstance.py:1358} INFO - 
--------------------------------------------------------------------------------
[2022-06-12 16:47:04,587] {taskinstance.py:1377} INFO - Executing <Task(_PythonDecoratedOperator): get_data_to_ingest_from_local_file_task> on 2022-06-12 01:56:00+00:00
[2022-06-12 16:47:04,596] {standard_task_runner.py:52} INFO - Started process 5469 to run task
[2022-06-12 16:47:04,602] {standard_task_runner.py:79} INFO - Running: ['airflow', 'tasks', 'run', 'ingest_data', 'get_data_to_ingest_from_local_file_task', 'scheduled__2022-06-12T01:56:00+00:00', '--job-id', '625', '--raw', '--subdir', 'DAGS_FOLDER/ingestion_dag.py', '--cfg-path', '/tmp/tmpx97jvlsh', '--error-file', '/tmp/tmpzzw059zl']
[2022-06-12 16:47:04,603] {standard_task_runner.py:80} INFO - Job 625: Subtask get_data_to_ingest_from_local_file_task
[2022-06-12 16:47:04,756] {task_command.py:370} INFO - Running <TaskInstance: ingest_data.get_data_to_ingest_from_local_file_task scheduled__2022-06-12T01:56:00+00:00 [running]> on host DESKTOP-GDPK8BL.localdomain
[2022-06-12 16:47:05,179] {taskinstance.py:1569} INFO - Exporting the following env vars:
AIRFLOW_CTX_DAG_OWNER=airflow
AIRFLOW_CTX_DAG_ID=ingest_data
AIRFLOW_CTX_TASK_ID=get_data_to_ingest_from_local_file_task
AIRFLOW_CTX_EXECUTION_DATE=2022-06-12T01:56:00+00:00
AIRFLOW_CTX_TRY_NUMBER=1
AIRFLOW_CTX_DAG_RUN_ID=scheduled__2022-06-12T01:56:00+00:00
[2022-06-12 16:47:05,265] {python.py:173} INFO - Done. Returned value was:           AT      V       AP     RH      PE
46055  32.31  66.44  1009.60  63.92  428.44
33942   8.30  36.08  1020.63  80.42  481.60
21005  16.94  49.64  1024.43  69.22  459.25
35540  18.76  58.79  1016.66  88.22  453.44
28159  29.01  68.08  1010.74  52.51  427.91
[2022-06-12 16:47:05,421] {taskinstance.py:1395} INFO - Marking task as SUCCESS. dag_id=ingest_data, task_id=get_data_to_ingest_from_local_file_task, execution_date=20220612T015600, start_date=20220612T144704, end_date=20220612T144705
[2022-06-12 16:47:05,580] {local_task_job.py:156} INFO - Task exited with return code 0
[2022-06-12 16:47:05,850] {local_task_job.py:273} INFO - 1 downstream tasks scheduled from follow-on schedule check
