[2022-06-12 17:18:38,598] {taskinstance.py:1159} INFO - Dependencies all met for <TaskInstance: ingest_data.get_data_to_ingest_from_local_file_task scheduled__2022-06-12T04:54:00+00:00 [queued]>
[2022-06-12 17:18:38,626] {taskinstance.py:1159} INFO - Dependencies all met for <TaskInstance: ingest_data.get_data_to_ingest_from_local_file_task scheduled__2022-06-12T04:54:00+00:00 [queued]>
[2022-06-12 17:18:38,627] {taskinstance.py:1356} INFO - 
--------------------------------------------------------------------------------
[2022-06-12 17:18:38,627] {taskinstance.py:1357} INFO - Starting attempt 1 of 1
[2022-06-12 17:18:38,628] {taskinstance.py:1358} INFO - 
--------------------------------------------------------------------------------
[2022-06-12 17:18:38,687] {taskinstance.py:1377} INFO - Executing <Task(_PythonDecoratedOperator): get_data_to_ingest_from_local_file_task> on 2022-06-12 04:54:00+00:00
[2022-06-12 17:18:38,693] {standard_task_runner.py:52} INFO - Started process 8117 to run task
[2022-06-12 17:18:38,700] {standard_task_runner.py:79} INFO - Running: ['airflow', 'tasks', 'run', 'ingest_data', 'get_data_to_ingest_from_local_file_task', 'scheduled__2022-06-12T04:54:00+00:00', '--job-id', '981', '--raw', '--subdir', 'DAGS_FOLDER/ingestion_dag.py', '--cfg-path', '/tmp/tmpp625xnb4', '--error-file', '/tmp/tmp7vo8a859']
[2022-06-12 17:18:38,703] {standard_task_runner.py:80} INFO - Job 981: Subtask get_data_to_ingest_from_local_file_task
[2022-06-12 17:18:38,857] {task_command.py:370} INFO - Running <TaskInstance: ingest_data.get_data_to_ingest_from_local_file_task scheduled__2022-06-12T04:54:00+00:00 [running]> on host DESKTOP-GDPK8BL.localdomain
[2022-06-12 17:18:39,288] {taskinstance.py:1569} INFO - Exporting the following env vars:
AIRFLOW_CTX_DAG_OWNER=airflow
AIRFLOW_CTX_DAG_ID=ingest_data
AIRFLOW_CTX_TASK_ID=get_data_to_ingest_from_local_file_task
AIRFLOW_CTX_EXECUTION_DATE=2022-06-12T04:54:00+00:00
AIRFLOW_CTX_TRY_NUMBER=1
AIRFLOW_CTX_DAG_RUN_ID=scheduled__2022-06-12T04:54:00+00:00
[2022-06-12 17:18:39,357] {python.py:173} INFO - Done. Returned value was:           AT      V       AP     RH      PE
8419   10.02  39.66  1016.34  79.98  480.05
45196  23.14  51.19  1009.56  77.20  443.87
15303  10.61  40.77  1022.09  83.62  471.26
27559  26.46  74.67  1016.65  84.44  431.65
21076  24.86  72.39  1001.15  90.24  440.85
[2022-06-12 17:18:39,507] {taskinstance.py:1395} INFO - Marking task as SUCCESS. dag_id=ingest_data, task_id=get_data_to_ingest_from_local_file_task, execution_date=20220612T045400, start_date=20220612T151838, end_date=20220612T151839
[2022-06-12 17:18:39,602] {local_task_job.py:156} INFO - Task exited with return code 0
[2022-06-12 17:18:39,836] {local_task_job.py:273} INFO - 1 downstream tasks scheduled from follow-on schedule check
