[2022-06-12 17:37:27,146] {taskinstance.py:1159} INFO - Dependencies all met for <TaskInstance: ingest_data.get_data_to_ingest_from_local_file_task scheduled__2022-06-12T06:54:00+00:00 [queued]>
[2022-06-12 17:37:27,181] {taskinstance.py:1159} INFO - Dependencies all met for <TaskInstance: ingest_data.get_data_to_ingest_from_local_file_task scheduled__2022-06-12T06:54:00+00:00 [queued]>
[2022-06-12 17:37:27,181] {taskinstance.py:1356} INFO - 
--------------------------------------------------------------------------------
[2022-06-12 17:37:27,182] {taskinstance.py:1357} INFO - Starting attempt 1 of 1
[2022-06-12 17:37:27,182] {taskinstance.py:1358} INFO - 
--------------------------------------------------------------------------------
[2022-06-12 17:37:27,253] {taskinstance.py:1377} INFO - Executing <Task(_PythonDecoratedOperator): get_data_to_ingest_from_local_file_task> on 2022-06-12 06:54:00+00:00
[2022-06-12 17:37:27,259] {standard_task_runner.py:52} INFO - Started process 9889 to run task
[2022-06-12 17:37:27,266] {standard_task_runner.py:79} INFO - Running: ['airflow', 'tasks', 'run', 'ingest_data', 'get_data_to_ingest_from_local_file_task', 'scheduled__2022-06-12T06:54:00+00:00', '--job-id', '1221', '--raw', '--subdir', 'DAGS_FOLDER/ingestion_dag.py', '--cfg-path', '/tmp/tmppxz_lod_', '--error-file', '/tmp/tmpcbtr9uh0']
[2022-06-12 17:37:27,268] {standard_task_runner.py:80} INFO - Job 1221: Subtask get_data_to_ingest_from_local_file_task
[2022-06-12 17:37:27,426] {task_command.py:370} INFO - Running <TaskInstance: ingest_data.get_data_to_ingest_from_local_file_task scheduled__2022-06-12T06:54:00+00:00 [running]> on host DESKTOP-GDPK8BL.localdomain
[2022-06-12 17:37:27,900] {taskinstance.py:1569} INFO - Exporting the following env vars:
AIRFLOW_CTX_DAG_OWNER=airflow
AIRFLOW_CTX_DAG_ID=ingest_data
AIRFLOW_CTX_TASK_ID=get_data_to_ingest_from_local_file_task
AIRFLOW_CTX_EXECUTION_DATE=2022-06-12T06:54:00+00:00
AIRFLOW_CTX_TRY_NUMBER=1
AIRFLOW_CTX_DAG_RUN_ID=scheduled__2022-06-12T06:54:00+00:00
[2022-06-12 17:37:27,977] {python.py:173} INFO - Done. Returned value was:           AT      V       AP     RH      PE
46720  15.77  58.16  1016.09  82.56  450.11
35232  29.70  67.17  1007.31  66.56  438.04
43126  21.28  70.72  1010.29  86.22  445.54
34888  29.42  74.90  1004.11  64.53  434.66
758    14.08  40.10  1015.48  82.81  469.33
[2022-06-12 17:37:28,140] {taskinstance.py:1395} INFO - Marking task as SUCCESS. dag_id=ingest_data, task_id=get_data_to_ingest_from_local_file_task, execution_date=20220612T065400, start_date=20220612T153727, end_date=20220612T153728
[2022-06-12 17:37:28,212] {local_task_job.py:156} INFO - Task exited with return code 0
[2022-06-12 17:37:28,439] {local_task_job.py:273} INFO - 1 downstream tasks scheduled from follow-on schedule check
