[2022-06-12 16:18:20,887] {taskinstance.py:1159} INFO - Dependencies all met for <TaskInstance: ingest_data.get_data_to_ingest_from_local_file_task scheduled__2022-06-11T23:10:00+00:00 [queued]>
[2022-06-12 16:18:20,917] {taskinstance.py:1159} INFO - Dependencies all met for <TaskInstance: ingest_data.get_data_to_ingest_from_local_file_task scheduled__2022-06-11T23:10:00+00:00 [queued]>
[2022-06-12 16:18:20,918] {taskinstance.py:1356} INFO - 
--------------------------------------------------------------------------------
[2022-06-12 16:18:20,918] {taskinstance.py:1357} INFO - Starting attempt 1 of 1
[2022-06-12 16:18:20,919] {taskinstance.py:1358} INFO - 
--------------------------------------------------------------------------------
[2022-06-12 16:18:20,988] {taskinstance.py:1377} INFO - Executing <Task(_PythonDecoratedOperator): get_data_to_ingest_from_local_file_task> on 2022-06-11 23:10:00+00:00
[2022-06-12 16:18:20,994] {standard_task_runner.py:52} INFO - Started process 2954 to run task
[2022-06-12 16:18:21,000] {standard_task_runner.py:79} INFO - Running: ['airflow', 'tasks', 'run', 'ingest_data', 'get_data_to_ingest_from_local_file_task', 'scheduled__2022-06-11T23:10:00+00:00', '--job-id', '294', '--raw', '--subdir', 'DAGS_FOLDER/ingestion_dag.py', '--cfg-path', '/tmp/tmp0h046n2s', '--error-file', '/tmp/tmpdagqlapd']
[2022-06-12 16:18:21,001] {standard_task_runner.py:80} INFO - Job 294: Subtask get_data_to_ingest_from_local_file_task
[2022-06-12 16:18:21,144] {task_command.py:370} INFO - Running <TaskInstance: ingest_data.get_data_to_ingest_from_local_file_task scheduled__2022-06-11T23:10:00+00:00 [running]> on host DESKTOP-GDPK8BL.localdomain
[2022-06-12 16:18:21,525] {taskinstance.py:1569} INFO - Exporting the following env vars:
AIRFLOW_CTX_DAG_OWNER=airflow
AIRFLOW_CTX_DAG_ID=ingest_data
AIRFLOW_CTX_TASK_ID=get_data_to_ingest_from_local_file_task
AIRFLOW_CTX_EXECUTION_DATE=2022-06-11T23:10:00+00:00
AIRFLOW_CTX_TRY_NUMBER=1
AIRFLOW_CTX_DAG_RUN_ID=scheduled__2022-06-11T23:10:00+00:00
[2022-06-12 16:18:21,602] {python.py:173} INFO - Done. Returned value was:           AT      V       AP     RH      PE
24669  20.43  63.09  1016.46  91.78  445.58
30061  10.01  40.78  1023.71  88.11  470.82
29948  23.39  61.87  1010.35  48.91  444.03
35185  28.69  67.25  1017.71  44.60  436.21
22948  12.57  41.66  1009.11  70.74  475.61
[2022-06-12 16:18:21,730] {taskinstance.py:1395} INFO - Marking task as SUCCESS. dag_id=ingest_data, task_id=get_data_to_ingest_from_local_file_task, execution_date=20220611T231000, start_date=20220612T141820, end_date=20220612T141821
[2022-06-12 16:18:21,818] {local_task_job.py:156} INFO - Task exited with return code 0
[2022-06-12 16:18:22,033] {local_task_job.py:273} INFO - 1 downstream tasks scheduled from follow-on schedule check
