[2022-06-12 17:14:27,201] {taskinstance.py:1159} INFO - Dependencies all met for <TaskInstance: ingest_data.get_data_to_ingest_from_local_file_task scheduled__2022-06-12T04:31:00+00:00 [queued]>
[2022-06-12 17:14:27,231] {taskinstance.py:1159} INFO - Dependencies all met for <TaskInstance: ingest_data.get_data_to_ingest_from_local_file_task scheduled__2022-06-12T04:31:00+00:00 [queued]>
[2022-06-12 17:14:27,232] {taskinstance.py:1356} INFO - 
--------------------------------------------------------------------------------
[2022-06-12 17:14:27,232] {taskinstance.py:1357} INFO - Starting attempt 1 of 1
[2022-06-12 17:14:27,233] {taskinstance.py:1358} INFO - 
--------------------------------------------------------------------------------
[2022-06-12 17:14:27,291] {taskinstance.py:1377} INFO - Executing <Task(_PythonDecoratedOperator): get_data_to_ingest_from_local_file_task> on 2022-06-12 04:31:00+00:00
[2022-06-12 17:14:27,297] {standard_task_runner.py:52} INFO - Started process 7774 to run task
[2022-06-12 17:14:27,304] {standard_task_runner.py:79} INFO - Running: ['airflow', 'tasks', 'run', 'ingest_data', 'get_data_to_ingest_from_local_file_task', 'scheduled__2022-06-12T04:31:00+00:00', '--job-id', '935', '--raw', '--subdir', 'DAGS_FOLDER/ingestion_dag.py', '--cfg-path', '/tmp/tmpgqqr9fqz', '--error-file', '/tmp/tmp6gvoj7za']
[2022-06-12 17:14:27,306] {standard_task_runner.py:80} INFO - Job 935: Subtask get_data_to_ingest_from_local_file_task
[2022-06-12 17:14:27,474] {task_command.py:370} INFO - Running <TaskInstance: ingest_data.get_data_to_ingest_from_local_file_task scheduled__2022-06-12T04:31:00+00:00 [running]> on host DESKTOP-GDPK8BL.localdomain
[2022-06-12 17:14:27,897] {taskinstance.py:1569} INFO - Exporting the following env vars:
AIRFLOW_CTX_DAG_OWNER=airflow
AIRFLOW_CTX_DAG_ID=ingest_data
AIRFLOW_CTX_TASK_ID=get_data_to_ingest_from_local_file_task
AIRFLOW_CTX_EXECUTION_DATE=2022-06-12T04:31:00+00:00
AIRFLOW_CTX_TRY_NUMBER=1
AIRFLOW_CTX_DAG_RUN_ID=scheduled__2022-06-12T04:31:00+00:00
[2022-06-12 17:14:27,968] {python.py:173} INFO - Done. Returned value was:           AT      V       AP     RH      PE
46415  10.74  40.05  1015.45  87.33  477.93
31937  21.43  63.94  1012.68  99.68  445.29
34200  22.71  48.06  1012.82  67.81  445.10
33695   9.55  39.66  1018.80  74.88  480.74
39984  22.00  51.30  1012.87  85.79  450.18
[2022-06-12 17:14:28,119] {taskinstance.py:1395} INFO - Marking task as SUCCESS. dag_id=ingest_data, task_id=get_data_to_ingest_from_local_file_task, execution_date=20220612T043100, start_date=20220612T151427, end_date=20220612T151428
[2022-06-12 17:14:28,206] {local_task_job.py:156} INFO - Task exited with return code 0
[2022-06-12 17:14:28,444] {local_task_job.py:273} INFO - 1 downstream tasks scheduled from follow-on schedule check
