[2022-06-12 16:34:20,603] {taskinstance.py:1159} INFO - Dependencies all met for <TaskInstance: ingest_data.get_data_to_ingest_from_local_file_task scheduled__2022-06-12T00:45:00+00:00 [queued]>
[2022-06-12 16:34:20,635] {taskinstance.py:1159} INFO - Dependencies all met for <TaskInstance: ingest_data.get_data_to_ingest_from_local_file_task scheduled__2022-06-12T00:45:00+00:00 [queued]>
[2022-06-12 16:34:20,636] {taskinstance.py:1356} INFO - 
--------------------------------------------------------------------------------
[2022-06-12 16:34:20,637] {taskinstance.py:1357} INFO - Starting attempt 1 of 1
[2022-06-12 16:34:20,637] {taskinstance.py:1358} INFO - 
--------------------------------------------------------------------------------
[2022-06-12 16:34:20,704] {taskinstance.py:1377} INFO - Executing <Task(_PythonDecoratedOperator): get_data_to_ingest_from_local_file_task> on 2022-06-12 00:45:00+00:00
[2022-06-12 16:34:20,710] {standard_task_runner.py:52} INFO - Started process 4417 to run task
[2022-06-12 16:34:20,723] {standard_task_runner.py:79} INFO - Running: ['airflow', 'tasks', 'run', 'ingest_data', 'get_data_to_ingest_from_local_file_task', 'scheduled__2022-06-12T00:45:00+00:00', '--job-id', '484', '--raw', '--subdir', 'DAGS_FOLDER/ingestion_dag.py', '--cfg-path', '/tmp/tmpio84j8h_', '--error-file', '/tmp/tmpmf85n6hq']
[2022-06-12 16:34:20,724] {standard_task_runner.py:80} INFO - Job 484: Subtask get_data_to_ingest_from_local_file_task
[2022-06-12 16:34:20,879] {task_command.py:370} INFO - Running <TaskInstance: ingest_data.get_data_to_ingest_from_local_file_task scheduled__2022-06-12T00:45:00+00:00 [running]> on host DESKTOP-GDPK8BL.localdomain
[2022-06-12 16:34:21,261] {taskinstance.py:1569} INFO - Exporting the following env vars:
AIRFLOW_CTX_DAG_OWNER=airflow
AIRFLOW_CTX_DAG_ID=ingest_data
AIRFLOW_CTX_TASK_ID=get_data_to_ingest_from_local_file_task
AIRFLOW_CTX_EXECUTION_DATE=2022-06-12T00:45:00+00:00
AIRFLOW_CTX_TRY_NUMBER=1
AIRFLOW_CTX_DAG_RUN_ID=scheduled__2022-06-12T00:45:00+00:00
[2022-06-12 16:34:21,337] {python.py:173} INFO - Done. Returned value was:           AT      V       AP     RH      PE
7972   26.55  69.45  1013.88  55.39  435.64
16497  13.44  39.64  1013.23  73.43  474.79
44723  25.37  58.33  1013.49  51.42  444.46
873    19.30  44.90  1008.89  70.55  452.75
41635  31.94  69.98  1013.32  56.17  432.03
[2022-06-12 16:34:21,476] {taskinstance.py:1395} INFO - Marking task as SUCCESS. dag_id=ingest_data, task_id=get_data_to_ingest_from_local_file_task, execution_date=20220612T004500, start_date=20220612T143420, end_date=20220612T143421
[2022-06-12 16:34:21,579] {local_task_job.py:156} INFO - Task exited with return code 0
[2022-06-12 16:34:21,818] {local_task_job.py:273} INFO - 1 downstream tasks scheduled from follow-on schedule check
