[2022-06-12 17:37:54,619] {taskinstance.py:1159} INFO - Dependencies all met for <TaskInstance: ingest_data.get_data_to_ingest_from_local_file_task scheduled__2022-06-12T06:57:00+00:00 [queued]>
[2022-06-12 17:37:54,658] {taskinstance.py:1159} INFO - Dependencies all met for <TaskInstance: ingest_data.get_data_to_ingest_from_local_file_task scheduled__2022-06-12T06:57:00+00:00 [queued]>
[2022-06-12 17:37:54,658] {taskinstance.py:1356} INFO - 
--------------------------------------------------------------------------------
[2022-06-12 17:37:54,659] {taskinstance.py:1357} INFO - Starting attempt 1 of 1
[2022-06-12 17:37:54,660] {taskinstance.py:1358} INFO - 
--------------------------------------------------------------------------------
[2022-06-12 17:37:54,736] {taskinstance.py:1377} INFO - Executing <Task(_PythonDecoratedOperator): get_data_to_ingest_from_local_file_task> on 2022-06-12 06:57:00+00:00
[2022-06-12 17:37:54,747] {standard_task_runner.py:52} INFO - Started process 9932 to run task
[2022-06-12 17:37:54,754] {standard_task_runner.py:79} INFO - Running: ['airflow', 'tasks', 'run', 'ingest_data', 'get_data_to_ingest_from_local_file_task', 'scheduled__2022-06-12T06:57:00+00:00', '--job-id', '1227', '--raw', '--subdir', 'DAGS_FOLDER/ingestion_dag.py', '--cfg-path', '/tmp/tmp1b05kv55', '--error-file', '/tmp/tmp6b760gyn']
[2022-06-12 17:37:54,756] {standard_task_runner.py:80} INFO - Job 1227: Subtask get_data_to_ingest_from_local_file_task
[2022-06-12 17:37:54,895] {task_command.py:370} INFO - Running <TaskInstance: ingest_data.get_data_to_ingest_from_local_file_task scheduled__2022-06-12T06:57:00+00:00 [running]> on host DESKTOP-GDPK8BL.localdomain
[2022-06-12 17:37:55,375] {taskinstance.py:1569} INFO - Exporting the following env vars:
AIRFLOW_CTX_DAG_OWNER=airflow
AIRFLOW_CTX_DAG_ID=ingest_data
AIRFLOW_CTX_TASK_ID=get_data_to_ingest_from_local_file_task
AIRFLOW_CTX_EXECUTION_DATE=2022-06-12T06:57:00+00:00
AIRFLOW_CTX_TRY_NUMBER=1
AIRFLOW_CTX_DAG_RUN_ID=scheduled__2022-06-12T06:57:00+00:00
[2022-06-12 17:37:55,445] {python.py:173} INFO - Done. Returned value was:           AT      V       AP     RH      PE
6098   25.40  69.59  1008.58  82.22  432.58
3278   24.42  57.32  1011.46  55.92  443.94
46290  15.73  38.73  1002.48  76.91  466.63
92     25.92  60.95  1014.62  48.46  442.84
34602  10.49  42.49  1009.81  78.92  478.75
[2022-06-12 17:37:55,613] {taskinstance.py:1395} INFO - Marking task as SUCCESS. dag_id=ingest_data, task_id=get_data_to_ingest_from_local_file_task, execution_date=20220612T065700, start_date=20220612T153754, end_date=20220612T153755
[2022-06-12 17:37:55,693] {local_task_job.py:156} INFO - Task exited with return code 0
[2022-06-12 17:37:55,915] {local_task_job.py:273} INFO - 1 downstream tasks scheduled from follow-on schedule check
