[2022-06-12 16:37:30,121] {taskinstance.py:1159} INFO - Dependencies all met for <TaskInstance: ingest_data.get_data_to_ingest_from_local_file_task scheduled__2022-06-12T01:06:00+00:00 [queued]>
[2022-06-12 16:37:30,152] {taskinstance.py:1159} INFO - Dependencies all met for <TaskInstance: ingest_data.get_data_to_ingest_from_local_file_task scheduled__2022-06-12T01:06:00+00:00 [queued]>
[2022-06-12 16:37:30,152] {taskinstance.py:1356} INFO - 
--------------------------------------------------------------------------------
[2022-06-12 16:37:30,153] {taskinstance.py:1357} INFO - Starting attempt 1 of 1
[2022-06-12 16:37:30,154] {taskinstance.py:1358} INFO - 
--------------------------------------------------------------------------------
[2022-06-12 16:37:30,214] {taskinstance.py:1377} INFO - Executing <Task(_PythonDecoratedOperator): get_data_to_ingest_from_local_file_task> on 2022-06-12 01:06:00+00:00
[2022-06-12 16:37:30,228] {standard_task_runner.py:79} INFO - Running: ['airflow', 'tasks', 'run', 'ingest_data', 'get_data_to_ingest_from_local_file_task', 'scheduled__2022-06-12T01:06:00+00:00', '--job-id', '525', '--raw', '--subdir', 'DAGS_FOLDER/ingestion_dag.py', '--cfg-path', '/tmp/tmppy79yv81', '--error-file', '/tmp/tmp1pc0vu8_']
[2022-06-12 16:37:30,220] {standard_task_runner.py:52} INFO - Started process 4719 to run task
[2022-06-12 16:37:30,231] {standard_task_runner.py:80} INFO - Job 525: Subtask get_data_to_ingest_from_local_file_task
[2022-06-12 16:37:30,382] {task_command.py:370} INFO - Running <TaskInstance: ingest_data.get_data_to_ingest_from_local_file_task scheduled__2022-06-12T01:06:00+00:00 [running]> on host DESKTOP-GDPK8BL.localdomain
[2022-06-12 16:37:30,765] {taskinstance.py:1569} INFO - Exporting the following env vars:
AIRFLOW_CTX_DAG_OWNER=airflow
AIRFLOW_CTX_DAG_ID=ingest_data
AIRFLOW_CTX_TASK_ID=get_data_to_ingest_from_local_file_task
AIRFLOW_CTX_EXECUTION_DATE=2022-06-12T01:06:00+00:00
AIRFLOW_CTX_TRY_NUMBER=1
AIRFLOW_CTX_DAG_RUN_ID=scheduled__2022-06-12T01:06:00+00:00
[2022-06-12 16:37:30,834] {python.py:173} INFO - Done. Returned value was:           AT      V       AP     RH      PE
26199  17.72  48.14  1013.26  65.09  457.44
11575   9.66  40.05  1015.78  89.06  481.14
33384  30.91  79.74  1006.92  56.32  433.84
19920  22.97  72.24  1011.15  95.85  437.41
30610   5.66  40.62  1015.87  84.97  485.18
[2022-06-12 16:37:30,969] {taskinstance.py:1395} INFO - Marking task as SUCCESS. dag_id=ingest_data, task_id=get_data_to_ingest_from_local_file_task, execution_date=20220612T010600, start_date=20220612T143730, end_date=20220612T143730
[2022-06-12 16:37:31,050] {local_task_job.py:156} INFO - Task exited with return code 0
[2022-06-12 16:37:31,280] {local_task_job.py:273} INFO - 1 downstream tasks scheduled from follow-on schedule check
