[2022-06-12 17:41:34,591] {taskinstance.py:1159} INFO - Dependencies all met for <TaskInstance: ingest_data.get_data_to_ingest_from_local_file_task scheduled__2022-06-12T07:20:00+00:00 [queued]>
[2022-06-12 17:41:34,627] {taskinstance.py:1159} INFO - Dependencies all met for <TaskInstance: ingest_data.get_data_to_ingest_from_local_file_task scheduled__2022-06-12T07:20:00+00:00 [queued]>
[2022-06-12 17:41:34,628] {taskinstance.py:1356} INFO - 
--------------------------------------------------------------------------------
[2022-06-12 17:41:34,629] {taskinstance.py:1357} INFO - Starting attempt 1 of 1
[2022-06-12 17:41:34,630] {taskinstance.py:1358} INFO - 
--------------------------------------------------------------------------------
[2022-06-12 17:41:34,696] {taskinstance.py:1377} INFO - Executing <Task(_PythonDecoratedOperator): get_data_to_ingest_from_local_file_task> on 2022-06-12 07:20:00+00:00
[2022-06-12 17:41:34,702] {standard_task_runner.py:52} INFO - Started process 10272 to run task
[2022-06-12 17:41:34,718] {standard_task_runner.py:79} INFO - Running: ['airflow', 'tasks', 'run', 'ingest_data', 'get_data_to_ingest_from_local_file_task', 'scheduled__2022-06-12T07:20:00+00:00', '--job-id', '1273', '--raw', '--subdir', 'DAGS_FOLDER/ingestion_dag.py', '--cfg-path', '/tmp/tmpndixja5w', '--error-file', '/tmp/tmp0fupyggd']
[2022-06-12 17:41:34,719] {standard_task_runner.py:80} INFO - Job 1273: Subtask get_data_to_ingest_from_local_file_task
[2022-06-12 17:41:34,882] {task_command.py:370} INFO - Running <TaskInstance: ingest_data.get_data_to_ingest_from_local_file_task scheduled__2022-06-12T07:20:00+00:00 [running]> on host DESKTOP-GDPK8BL.localdomain
[2022-06-12 17:41:35,316] {taskinstance.py:1569} INFO - Exporting the following env vars:
AIRFLOW_CTX_DAG_OWNER=airflow
AIRFLOW_CTX_DAG_ID=ingest_data
AIRFLOW_CTX_TASK_ID=get_data_to_ingest_from_local_file_task
AIRFLOW_CTX_EXECUTION_DATE=2022-06-12T07:20:00+00:00
AIRFLOW_CTX_TRY_NUMBER=1
AIRFLOW_CTX_DAG_RUN_ID=scheduled__2022-06-12T07:20:00+00:00
[2022-06-12 17:41:35,395] {python.py:173} INFO - Done. Returned value was:           AT      V       AP     RH      PE
38347  23.82  48.92  1010.48  44.45  446.85
27673  24.99  48.92  1010.03  41.26  443.12
20080  20.37  54.90  1016.94  65.86  453.94
13077  13.77  41.58  1020.63  72.94  459.75
23313  26.12  68.94  1007.12  67.08  434.11
[2022-06-12 17:41:35,542] {taskinstance.py:1395} INFO - Marking task as SUCCESS. dag_id=ingest_data, task_id=get_data_to_ingest_from_local_file_task, execution_date=20220612T072000, start_date=20220612T154134, end_date=20220612T154135
[2022-06-12 17:41:35,615] {local_task_job.py:156} INFO - Task exited with return code 0
[2022-06-12 17:41:35,849] {local_task_job.py:273} INFO - 1 downstream tasks scheduled from follow-on schedule check
