[2022-06-12 17:04:45,178] {taskinstance.py:1159} INFO - Dependencies all met for <TaskInstance: ingest_data.get_data_to_ingest_from_local_file_task scheduled__2022-06-12T03:38:00+00:00 [queued]>
[2022-06-12 17:04:45,207] {taskinstance.py:1159} INFO - Dependencies all met for <TaskInstance: ingest_data.get_data_to_ingest_from_local_file_task scheduled__2022-06-12T03:38:00+00:00 [queued]>
[2022-06-12 17:04:45,208] {taskinstance.py:1356} INFO - 
--------------------------------------------------------------------------------
[2022-06-12 17:04:45,208] {taskinstance.py:1357} INFO - Starting attempt 1 of 1
[2022-06-12 17:04:45,209] {taskinstance.py:1358} INFO - 
--------------------------------------------------------------------------------
[2022-06-12 17:04:45,266] {taskinstance.py:1377} INFO - Executing <Task(_PythonDecoratedOperator): get_data_to_ingest_from_local_file_task> on 2022-06-12 03:38:00+00:00
[2022-06-12 17:04:45,273] {standard_task_runner.py:52} INFO - Started process 6984 to run task
[2022-06-12 17:04:45,280] {standard_task_runner.py:79} INFO - Running: ['airflow', 'tasks', 'run', 'ingest_data', 'get_data_to_ingest_from_local_file_task', 'scheduled__2022-06-12T03:38:00+00:00', '--job-id', '829', '--raw', '--subdir', 'DAGS_FOLDER/ingestion_dag.py', '--cfg-path', '/tmp/tmpz9zfp2rq', '--error-file', '/tmp/tmpw1lw3jo8']
[2022-06-12 17:04:45,282] {standard_task_runner.py:80} INFO - Job 829: Subtask get_data_to_ingest_from_local_file_task
[2022-06-12 17:04:45,422] {task_command.py:370} INFO - Running <TaskInstance: ingest_data.get_data_to_ingest_from_local_file_task scheduled__2022-06-12T03:38:00+00:00 [running]> on host DESKTOP-GDPK8BL.localdomain
[2022-06-12 17:04:45,847] {taskinstance.py:1569} INFO - Exporting the following env vars:
AIRFLOW_CTX_DAG_OWNER=airflow
AIRFLOW_CTX_DAG_ID=ingest_data
AIRFLOW_CTX_TASK_ID=get_data_to_ingest_from_local_file_task
AIRFLOW_CTX_EXECUTION_DATE=2022-06-12T03:38:00+00:00
AIRFLOW_CTX_TRY_NUMBER=1
AIRFLOW_CTX_DAG_RUN_ID=scheduled__2022-06-12T03:38:00+00:00
[2022-06-12 17:04:45,925] {python.py:173} INFO - Done. Returned value was:           AT      V       AP     RH      PE
11180  10.61  41.58  1021.08  93.06  465.15
7112   31.98  64.05  1010.49  58.01  439.56
34666   9.54  41.17  1019.79  65.61  481.18
40886  27.23  71.77  1006.59  77.94  427.39
6029   18.87  62.96  1020.55  82.87  455.22
[2022-06-12 17:04:46,082] {taskinstance.py:1395} INFO - Marking task as SUCCESS. dag_id=ingest_data, task_id=get_data_to_ingest_from_local_file_task, execution_date=20220612T033800, start_date=20220612T150445, end_date=20220612T150446
[2022-06-12 17:04:46,137] {local_task_job.py:156} INFO - Task exited with return code 0
[2022-06-12 17:04:46,340] {local_task_job.py:273} INFO - 1 downstream tasks scheduled from follow-on schedule check
