[2022-06-12 16:24:11,145] {taskinstance.py:1159} INFO - Dependencies all met for <TaskInstance: ingest_data.get_data_to_ingest_from_local_file_task scheduled__2022-06-11T23:41:00+00:00 [queued]>
[2022-06-12 16:24:11,175] {taskinstance.py:1159} INFO - Dependencies all met for <TaskInstance: ingest_data.get_data_to_ingest_from_local_file_task scheduled__2022-06-11T23:41:00+00:00 [queued]>
[2022-06-12 16:24:11,176] {taskinstance.py:1356} INFO - 
--------------------------------------------------------------------------------
[2022-06-12 16:24:11,176] {taskinstance.py:1357} INFO - Starting attempt 1 of 1
[2022-06-12 16:24:11,177] {taskinstance.py:1358} INFO - 
--------------------------------------------------------------------------------
[2022-06-12 16:24:11,251] {taskinstance.py:1377} INFO - Executing <Task(_PythonDecoratedOperator): get_data_to_ingest_from_local_file_task> on 2022-06-11 23:41:00+00:00
[2022-06-12 16:24:11,258] {standard_task_runner.py:52} INFO - Started process 3462 to run task
[2022-06-12 16:24:11,263] {standard_task_runner.py:79} INFO - Running: ['airflow', 'tasks', 'run', 'ingest_data', 'get_data_to_ingest_from_local_file_task', 'scheduled__2022-06-11T23:41:00+00:00', '--job-id', '355', '--raw', '--subdir', 'DAGS_FOLDER/ingestion_dag.py', '--cfg-path', '/tmp/tmp3_tl4892', '--error-file', '/tmp/tmpk92987y8']
[2022-06-12 16:24:11,264] {standard_task_runner.py:80} INFO - Job 355: Subtask get_data_to_ingest_from_local_file_task
[2022-06-12 16:24:11,405] {task_command.py:370} INFO - Running <TaskInstance: ingest_data.get_data_to_ingest_from_local_file_task scheduled__2022-06-11T23:41:00+00:00 [running]> on host DESKTOP-GDPK8BL.localdomain
[2022-06-12 16:24:11,720] {taskinstance.py:1569} INFO - Exporting the following env vars:
AIRFLOW_CTX_DAG_OWNER=airflow
AIRFLOW_CTX_DAG_ID=ingest_data
AIRFLOW_CTX_TASK_ID=get_data_to_ingest_from_local_file_task
AIRFLOW_CTX_EXECUTION_DATE=2022-06-11T23:41:00+00:00
AIRFLOW_CTX_TRY_NUMBER=1
AIRFLOW_CTX_DAG_RUN_ID=scheduled__2022-06-11T23:41:00+00:00
[2022-06-12 16:24:11,791] {python.py:173} INFO - Done. Returned value was:           AT      V       AP     RH      PE
7271    6.28  41.06  1020.96  90.91  489.79
37219  25.16  54.20  1012.69  58.02  441.99
39970  15.66  41.35  1001.68  86.26  463.57
20002  26.78  52.30  1008.52  61.23  441.21
3880   26.53  63.87  1017.38  48.53  445.11
[2022-06-12 16:24:11,897] {taskinstance.py:1395} INFO - Marking task as SUCCESS. dag_id=ingest_data, task_id=get_data_to_ingest_from_local_file_task, execution_date=20220611T234100, start_date=20220612T142411, end_date=20220612T142411
[2022-06-12 16:24:11,960] {local_task_job.py:156} INFO - Task exited with return code 0
[2022-06-12 16:24:12,177] {local_task_job.py:273} INFO - 1 downstream tasks scheduled from follow-on schedule check
