[2022-06-12 17:02:20,637] {taskinstance.py:1159} INFO - Dependencies all met for <TaskInstance: ingest_data.get_data_to_ingest_from_local_file_task scheduled__2022-06-12T03:23:00+00:00 [queued]>
[2022-06-12 17:02:20,670] {taskinstance.py:1159} INFO - Dependencies all met for <TaskInstance: ingest_data.get_data_to_ingest_from_local_file_task scheduled__2022-06-12T03:23:00+00:00 [queued]>
[2022-06-12 17:02:20,671] {taskinstance.py:1356} INFO - 
--------------------------------------------------------------------------------
[2022-06-12 17:02:20,671] {taskinstance.py:1357} INFO - Starting attempt 1 of 1
[2022-06-12 17:02:20,672] {taskinstance.py:1358} INFO - 
--------------------------------------------------------------------------------
[2022-06-12 17:02:20,742] {taskinstance.py:1377} INFO - Executing <Task(_PythonDecoratedOperator): get_data_to_ingest_from_local_file_task> on 2022-06-12 03:23:00+00:00
[2022-06-12 17:02:20,747] {standard_task_runner.py:52} INFO - Started process 6762 to run task
[2022-06-12 17:02:20,753] {standard_task_runner.py:79} INFO - Running: ['airflow', 'tasks', 'run', 'ingest_data', 'get_data_to_ingest_from_local_file_task', 'scheduled__2022-06-12T03:23:00+00:00', '--job-id', '799', '--raw', '--subdir', 'DAGS_FOLDER/ingestion_dag.py', '--cfg-path', '/tmp/tmp9o_hldrs', '--error-file', '/tmp/tmpekbb_shv']
[2022-06-12 17:02:20,755] {standard_task_runner.py:80} INFO - Job 799: Subtask get_data_to_ingest_from_local_file_task
[2022-06-12 17:02:20,915] {task_command.py:370} INFO - Running <TaskInstance: ingest_data.get_data_to_ingest_from_local_file_task scheduled__2022-06-12T03:23:00+00:00 [running]> on host DESKTOP-GDPK8BL.localdomain
[2022-06-12 17:02:21,344] {taskinstance.py:1569} INFO - Exporting the following env vars:
AIRFLOW_CTX_DAG_OWNER=airflow
AIRFLOW_CTX_DAG_ID=ingest_data
AIRFLOW_CTX_TASK_ID=get_data_to_ingest_from_local_file_task
AIRFLOW_CTX_EXECUTION_DATE=2022-06-12T03:23:00+00:00
AIRFLOW_CTX_TRY_NUMBER=1
AIRFLOW_CTX_DAG_RUN_ID=scheduled__2022-06-12T03:23:00+00:00
[2022-06-12 17:02:21,424] {python.py:173} INFO - Done. Returned value was:           AT      V       AP     RH      PE
10344  27.75  70.40  1006.65  90.21  436.53
14582   9.93  39.04  1023.78  77.08  480.54
30346  19.15  44.34  1019.54  48.09  468.80
7880   22.85  60.08  1018.05  67.12  452.50
37560  23.38  59.07  1009.29  92.40  442.83
[2022-06-12 17:02:21,561] {taskinstance.py:1395} INFO - Marking task as SUCCESS. dag_id=ingest_data, task_id=get_data_to_ingest_from_local_file_task, execution_date=20220612T032300, start_date=20220612T150220, end_date=20220612T150221
[2022-06-12 17:02:21,652] {local_task_job.py:156} INFO - Task exited with return code 0
[2022-06-12 17:02:21,916] {local_task_job.py:273} INFO - 1 downstream tasks scheduled from follow-on schedule check
