[2022-06-12 16:17:40,582] {taskinstance.py:1159} INFO - Dependencies all met for <TaskInstance: ingest_data.get_data_to_ingest_from_local_file_task scheduled__2022-06-11T23:06:00+00:00 [queued]>
[2022-06-12 16:17:40,627] {taskinstance.py:1159} INFO - Dependencies all met for <TaskInstance: ingest_data.get_data_to_ingest_from_local_file_task scheduled__2022-06-11T23:06:00+00:00 [queued]>
[2022-06-12 16:17:40,628] {taskinstance.py:1356} INFO - 
--------------------------------------------------------------------------------
[2022-06-12 16:17:40,629] {taskinstance.py:1357} INFO - Starting attempt 1 of 1
[2022-06-12 16:17:40,630] {taskinstance.py:1358} INFO - 
--------------------------------------------------------------------------------
[2022-06-12 16:17:40,698] {taskinstance.py:1377} INFO - Executing <Task(_PythonDecoratedOperator): get_data_to_ingest_from_local_file_task> on 2022-06-11 23:06:00+00:00
[2022-06-12 16:17:40,713] {standard_task_runner.py:79} INFO - Running: ['airflow', 'tasks', 'run', 'ingest_data', 'get_data_to_ingest_from_local_file_task', 'scheduled__2022-06-11T23:06:00+00:00', '--job-id', '286', '--raw', '--subdir', 'DAGS_FOLDER/ingestion_dag.py', '--cfg-path', '/tmp/tmp78wuoyrz', '--error-file', '/tmp/tmp5hgxt4vo']
[2022-06-12 16:17:40,715] {standard_task_runner.py:80} INFO - Job 286: Subtask get_data_to_ingest_from_local_file_task
[2022-06-12 16:17:40,706] {standard_task_runner.py:52} INFO - Started process 2886 to run task
[2022-06-12 16:17:40,853] {task_command.py:370} INFO - Running <TaskInstance: ingest_data.get_data_to_ingest_from_local_file_task scheduled__2022-06-11T23:06:00+00:00 [running]> on host DESKTOP-GDPK8BL.localdomain
[2022-06-12 16:17:41,220] {taskinstance.py:1569} INFO - Exporting the following env vars:
AIRFLOW_CTX_DAG_OWNER=airflow
AIRFLOW_CTX_DAG_ID=ingest_data
AIRFLOW_CTX_TASK_ID=get_data_to_ingest_from_local_file_task
AIRFLOW_CTX_EXECUTION_DATE=2022-06-11T23:06:00+00:00
AIRFLOW_CTX_TRY_NUMBER=1
AIRFLOW_CTX_DAG_RUN_ID=scheduled__2022-06-11T23:06:00+00:00
[2022-06-12 16:17:41,287] {python.py:173} INFO - Done. Returned value was:           AT      V       AP     RH      PE
19309  26.48  66.54  1011.61  51.90  438.87
44810  10.23  43.72  1011.18  97.93  471.61
37143  19.08  46.93  1010.60  75.21  454.45
12603  33.68  68.14  1002.75  56.05  427.53
20708  10.95  40.81  1016.19  77.96  474.36
[2022-06-12 16:17:41,403] {taskinstance.py:1395} INFO - Marking task as SUCCESS. dag_id=ingest_data, task_id=get_data_to_ingest_from_local_file_task, execution_date=20220611T230600, start_date=20220612T141740, end_date=20220612T141741
[2022-06-12 16:17:41,494] {local_task_job.py:156} INFO - Task exited with return code 0
[2022-06-12 16:17:41,715] {local_task_job.py:273} INFO - 1 downstream tasks scheduled from follow-on schedule check
