[2022-06-12 17:25:46,599] {taskinstance.py:1159} INFO - Dependencies all met for <TaskInstance: ingest_data.get_data_to_ingest_from_local_file_task scheduled__2022-06-12T05:39:00+00:00 [queued]>
[2022-06-12 17:25:46,631] {taskinstance.py:1159} INFO - Dependencies all met for <TaskInstance: ingest_data.get_data_to_ingest_from_local_file_task scheduled__2022-06-12T05:39:00+00:00 [queued]>
[2022-06-12 17:25:46,631] {taskinstance.py:1356} INFO - 
--------------------------------------------------------------------------------
[2022-06-12 17:25:46,632] {taskinstance.py:1357} INFO - Starting attempt 1 of 1
[2022-06-12 17:25:46,632] {taskinstance.py:1358} INFO - 
--------------------------------------------------------------------------------
[2022-06-12 17:25:46,684] {taskinstance.py:1377} INFO - Executing <Task(_PythonDecoratedOperator): get_data_to_ingest_from_local_file_task> on 2022-06-12 05:39:00+00:00
[2022-06-12 17:25:46,690] {standard_task_runner.py:52} INFO - Started process 8782 to run task
[2022-06-12 17:25:46,695] {standard_task_runner.py:79} INFO - Running: ['airflow', 'tasks', 'run', 'ingest_data', 'get_data_to_ingest_from_local_file_task', 'scheduled__2022-06-12T05:39:00+00:00', '--job-id', '1071', '--raw', '--subdir', 'DAGS_FOLDER/ingestion_dag.py', '--cfg-path', '/tmp/tmpn2jw8tgz', '--error-file', '/tmp/tmpfr4i8oph']
[2022-06-12 17:25:46,696] {standard_task_runner.py:80} INFO - Job 1071: Subtask get_data_to_ingest_from_local_file_task
[2022-06-12 17:25:46,863] {task_command.py:370} INFO - Running <TaskInstance: ingest_data.get_data_to_ingest_from_local_file_task scheduled__2022-06-12T05:39:00+00:00 [running]> on host DESKTOP-GDPK8BL.localdomain
[2022-06-12 17:25:47,282] {taskinstance.py:1569} INFO - Exporting the following env vars:
AIRFLOW_CTX_DAG_OWNER=airflow
AIRFLOW_CTX_DAG_ID=ingest_data
AIRFLOW_CTX_TASK_ID=get_data_to_ingest_from_local_file_task
AIRFLOW_CTX_EXECUTION_DATE=2022-06-12T05:39:00+00:00
AIRFLOW_CTX_TRY_NUMBER=1
AIRFLOW_CTX_DAG_RUN_ID=scheduled__2022-06-12T05:39:00+00:00
[2022-06-12 17:25:47,364] {python.py:173} INFO - Done. Returned value was:           AT      V       AP     RH      PE
6090   10.03  41.79  1020.35  66.42  475.42
25750  22.74  58.12  1015.16  79.58  447.86
9373   17.72  50.90  1012.02  85.55  456.40
30124  34.76  68.94  1006.75  41.31  427.42
25447  12.09  40.60  1013.85  85.72  474.35
[2022-06-12 17:25:47,501] {taskinstance.py:1395} INFO - Marking task as SUCCESS. dag_id=ingest_data, task_id=get_data_to_ingest_from_local_file_task, execution_date=20220612T053900, start_date=20220612T152546, end_date=20220612T152547
[2022-06-12 17:25:47,594] {local_task_job.py:156} INFO - Task exited with return code 0
[2022-06-12 17:25:47,837] {local_task_job.py:273} INFO - 1 downstream tasks scheduled from follow-on schedule check
