[2022-06-12 17:04:23,946] {taskinstance.py:1159} INFO - Dependencies all met for <TaskInstance: ingest_data.get_data_to_ingest_from_local_file_task scheduled__2022-06-12T03:36:00+00:00 [queued]>
[2022-06-12 17:04:23,979] {taskinstance.py:1159} INFO - Dependencies all met for <TaskInstance: ingest_data.get_data_to_ingest_from_local_file_task scheduled__2022-06-12T03:36:00+00:00 [queued]>
[2022-06-12 17:04:23,979] {taskinstance.py:1356} INFO - 
--------------------------------------------------------------------------------
[2022-06-12 17:04:23,980] {taskinstance.py:1357} INFO - Starting attempt 1 of 1
[2022-06-12 17:04:23,981] {taskinstance.py:1358} INFO - 
--------------------------------------------------------------------------------
[2022-06-12 17:04:24,053] {taskinstance.py:1377} INFO - Executing <Task(_PythonDecoratedOperator): get_data_to_ingest_from_local_file_task> on 2022-06-12 03:36:00+00:00
[2022-06-12 17:04:24,066] {standard_task_runner.py:79} INFO - Running: ['airflow', 'tasks', 'run', 'ingest_data', 'get_data_to_ingest_from_local_file_task', 'scheduled__2022-06-12T03:36:00+00:00', '--job-id', '825', '--raw', '--subdir', 'DAGS_FOLDER/ingestion_dag.py', '--cfg-path', '/tmp/tmps2zztm_w', '--error-file', '/tmp/tmpbpzudz8g']
[2022-06-12 17:04:24,060] {standard_task_runner.py:52} INFO - Started process 6955 to run task
[2022-06-12 17:04:24,068] {standard_task_runner.py:80} INFO - Job 825: Subtask get_data_to_ingest_from_local_file_task
[2022-06-12 17:04:24,216] {task_command.py:370} INFO - Running <TaskInstance: ingest_data.get_data_to_ingest_from_local_file_task scheduled__2022-06-12T03:36:00+00:00 [running]> on host DESKTOP-GDPK8BL.localdomain
[2022-06-12 17:04:24,623] {taskinstance.py:1569} INFO - Exporting the following env vars:
AIRFLOW_CTX_DAG_OWNER=airflow
AIRFLOW_CTX_DAG_ID=ingest_data
AIRFLOW_CTX_TASK_ID=get_data_to_ingest_from_local_file_task
AIRFLOW_CTX_EXECUTION_DATE=2022-06-12T03:36:00+00:00
AIRFLOW_CTX_TRY_NUMBER=1
AIRFLOW_CTX_DAG_RUN_ID=scheduled__2022-06-12T03:36:00+00:00
[2022-06-12 17:04:24,697] {python.py:173} INFO - Done. Returned value was:           AT      V       AP     RH      PE
32606  23.46  47.01  1014.41  69.19  457.76
12400  19.26  44.34  1019.45  51.32  467.72
45835  30.26  59.22  1013.18  61.08  442.98
41397  19.70  51.30  1014.88  88.10  454.94
41721  19.79  44.90  1008.66  72.68  455.59
[2022-06-12 17:04:24,836] {taskinstance.py:1395} INFO - Marking task as SUCCESS. dag_id=ingest_data, task_id=get_data_to_ingest_from_local_file_task, execution_date=20220612T033600, start_date=20220612T150423, end_date=20220612T150424
[2022-06-12 17:04:24,929] {local_task_job.py:156} INFO - Task exited with return code 0
[2022-06-12 17:04:25,158] {local_task_job.py:273} INFO - 1 downstream tasks scheduled from follow-on schedule check
