[2022-06-12 17:17:13,646] {taskinstance.py:1159} INFO - Dependencies all met for <TaskInstance: ingest_data.get_data_to_ingest_from_local_file_task scheduled__2022-06-12T04:46:00+00:00 [queued]>
[2022-06-12 17:17:13,678] {taskinstance.py:1159} INFO - Dependencies all met for <TaskInstance: ingest_data.get_data_to_ingest_from_local_file_task scheduled__2022-06-12T04:46:00+00:00 [queued]>
[2022-06-12 17:17:13,679] {taskinstance.py:1356} INFO - 
--------------------------------------------------------------------------------
[2022-06-12 17:17:13,679] {taskinstance.py:1357} INFO - Starting attempt 1 of 1
[2022-06-12 17:17:13,680] {taskinstance.py:1358} INFO - 
--------------------------------------------------------------------------------
[2022-06-12 17:17:13,745] {taskinstance.py:1377} INFO - Executing <Task(_PythonDecoratedOperator): get_data_to_ingest_from_local_file_task> on 2022-06-12 04:46:00+00:00
[2022-06-12 17:17:13,751] {standard_task_runner.py:52} INFO - Started process 7998 to run task
[2022-06-12 17:17:13,757] {standard_task_runner.py:79} INFO - Running: ['airflow', 'tasks', 'run', 'ingest_data', 'get_data_to_ingest_from_local_file_task', 'scheduled__2022-06-12T04:46:00+00:00', '--job-id', '965', '--raw', '--subdir', 'DAGS_FOLDER/ingestion_dag.py', '--cfg-path', '/tmp/tmpf7jkp2m6', '--error-file', '/tmp/tmpbyreu9tk']
[2022-06-12 17:17:13,759] {standard_task_runner.py:80} INFO - Job 965: Subtask get_data_to_ingest_from_local_file_task
[2022-06-12 17:17:13,914] {task_command.py:370} INFO - Running <TaskInstance: ingest_data.get_data_to_ingest_from_local_file_task scheduled__2022-06-12T04:46:00+00:00 [running]> on host DESKTOP-GDPK8BL.localdomain
[2022-06-12 17:17:14,382] {taskinstance.py:1569} INFO - Exporting the following env vars:
AIRFLOW_CTX_DAG_OWNER=airflow
AIRFLOW_CTX_DAG_ID=ingest_data
AIRFLOW_CTX_TASK_ID=get_data_to_ingest_from_local_file_task
AIRFLOW_CTX_EXECUTION_DATE=2022-06-12T04:46:00+00:00
AIRFLOW_CTX_TRY_NUMBER=1
AIRFLOW_CTX_DAG_RUN_ID=scheduled__2022-06-12T04:46:00+00:00
[2022-06-12 17:17:14,460] {python.py:173} INFO - Done. Returned value was:           AT      V       AP     RH      PE
24385  27.14  64.27  1012.71  54.40  441.68
30441  14.03  49.83  1006.64  90.01  463.71
3697   17.69  44.34  1019.31  61.12  464.13
15658  22.10  58.33  1013.71  69.09  441.31
46937  23.56  42.67  1008.01  66.76  440.69
[2022-06-12 17:17:14,623] {taskinstance.py:1395} INFO - Marking task as SUCCESS. dag_id=ingest_data, task_id=get_data_to_ingest_from_local_file_task, execution_date=20220612T044600, start_date=20220612T151713, end_date=20220612T151714
[2022-06-12 17:17:14,696] {local_task_job.py:156} INFO - Task exited with return code 0
[2022-06-12 17:17:14,904] {local_task_job.py:273} INFO - 1 downstream tasks scheduled from follow-on schedule check
