[2022-06-12 17:22:32,976] {taskinstance.py:1159} INFO - Dependencies all met for <TaskInstance: ingest_data.get_data_to_ingest_from_local_file_task scheduled__2022-06-12T05:19:00+00:00 [queued]>
[2022-06-12 17:22:33,012] {taskinstance.py:1159} INFO - Dependencies all met for <TaskInstance: ingest_data.get_data_to_ingest_from_local_file_task scheduled__2022-06-12T05:19:00+00:00 [queued]>
[2022-06-12 17:22:33,013] {taskinstance.py:1356} INFO - 
--------------------------------------------------------------------------------
[2022-06-12 17:22:33,013] {taskinstance.py:1357} INFO - Starting attempt 1 of 1
[2022-06-12 17:22:33,014] {taskinstance.py:1358} INFO - 
--------------------------------------------------------------------------------
[2022-06-12 17:22:33,089] {taskinstance.py:1377} INFO - Executing <Task(_PythonDecoratedOperator): get_data_to_ingest_from_local_file_task> on 2022-06-12 05:19:00+00:00
[2022-06-12 17:22:33,095] {standard_task_runner.py:52} INFO - Started process 8485 to run task
[2022-06-12 17:22:33,102] {standard_task_runner.py:79} INFO - Running: ['airflow', 'tasks', 'run', 'ingest_data', 'get_data_to_ingest_from_local_file_task', 'scheduled__2022-06-12T05:19:00+00:00', '--job-id', '1031', '--raw', '--subdir', 'DAGS_FOLDER/ingestion_dag.py', '--cfg-path', '/tmp/tmp1x2ceask', '--error-file', '/tmp/tmpe1jcsyq7']
[2022-06-12 17:22:33,114] {standard_task_runner.py:80} INFO - Job 1031: Subtask get_data_to_ingest_from_local_file_task
[2022-06-12 17:22:33,271] {task_command.py:370} INFO - Running <TaskInstance: ingest_data.get_data_to_ingest_from_local_file_task scheduled__2022-06-12T05:19:00+00:00 [running]> on host DESKTOP-GDPK8BL.localdomain
[2022-06-12 17:22:33,724] {taskinstance.py:1569} INFO - Exporting the following env vars:
AIRFLOW_CTX_DAG_OWNER=airflow
AIRFLOW_CTX_DAG_ID=ingest_data
AIRFLOW_CTX_TASK_ID=get_data_to_ingest_from_local_file_task
AIRFLOW_CTX_EXECUTION_DATE=2022-06-12T05:19:00+00:00
AIRFLOW_CTX_TRY_NUMBER=1
AIRFLOW_CTX_DAG_RUN_ID=scheduled__2022-06-12T05:19:00+00:00
[2022-06-12 17:22:33,802] {python.py:173} INFO - Done. Returned value was:           AT      V       AP     RH      PE
23113  28.31  71.85  1009.00  77.56  429.57
17906   6.19  41.31  1002.48  88.80  485.08
23365  14.81  39.58  1011.62  73.64  467.32
241    10.03  41.62  1014.55  95.61  462.73
44156   9.87  42.74  1024.61  87.74  470.90
[2022-06-12 17:22:33,955] {taskinstance.py:1395} INFO - Marking task as SUCCESS. dag_id=ingest_data, task_id=get_data_to_ingest_from_local_file_task, execution_date=20220612T051900, start_date=20220612T152232, end_date=20220612T152233
[2022-06-12 17:22:34,051] {local_task_job.py:156} INFO - Task exited with return code 0
[2022-06-12 17:22:34,286] {local_task_job.py:273} INFO - 1 downstream tasks scheduled from follow-on schedule check
