[2022-06-12 16:52:49,689] {taskinstance.py:1159} INFO - Dependencies all met for <TaskInstance: ingest_data.get_data_to_ingest_from_local_file_task scheduled__2022-06-12T02:28:00+00:00 [queued]>
[2022-06-12 16:52:49,727] {taskinstance.py:1159} INFO - Dependencies all met for <TaskInstance: ingest_data.get_data_to_ingest_from_local_file_task scheduled__2022-06-12T02:28:00+00:00 [queued]>
[2022-06-12 16:52:49,728] {taskinstance.py:1356} INFO - 
--------------------------------------------------------------------------------
[2022-06-12 16:52:49,728] {taskinstance.py:1357} INFO - Starting attempt 1 of 1
[2022-06-12 16:52:49,729] {taskinstance.py:1358} INFO - 
--------------------------------------------------------------------------------
[2022-06-12 16:52:49,798] {taskinstance.py:1377} INFO - Executing <Task(_PythonDecoratedOperator): get_data_to_ingest_from_local_file_task> on 2022-06-12 02:28:00+00:00
[2022-06-12 16:52:49,809] {standard_task_runner.py:52} INFO - Started process 5951 to run task
[2022-06-12 16:52:49,815] {standard_task_runner.py:79} INFO - Running: ['airflow', 'tasks', 'run', 'ingest_data', 'get_data_to_ingest_from_local_file_task', 'scheduled__2022-06-12T02:28:00+00:00', '--job-id', '690', '--raw', '--subdir', 'DAGS_FOLDER/ingestion_dag.py', '--cfg-path', '/tmp/tmpqps1hdq3', '--error-file', '/tmp/tmpx9vd11yh']
[2022-06-12 16:52:49,817] {standard_task_runner.py:80} INFO - Job 690: Subtask get_data_to_ingest_from_local_file_task
[2022-06-12 16:52:49,968] {task_command.py:370} INFO - Running <TaskInstance: ingest_data.get_data_to_ingest_from_local_file_task scheduled__2022-06-12T02:28:00+00:00 [running]> on host DESKTOP-GDPK8BL.localdomain
[2022-06-12 16:52:50,398] {taskinstance.py:1569} INFO - Exporting the following env vars:
AIRFLOW_CTX_DAG_OWNER=airflow
AIRFLOW_CTX_DAG_ID=ingest_data
AIRFLOW_CTX_TASK_ID=get_data_to_ingest_from_local_file_task
AIRFLOW_CTX_EXECUTION_DATE=2022-06-12T02:28:00+00:00
AIRFLOW_CTX_TRY_NUMBER=1
AIRFLOW_CTX_DAG_RUN_ID=scheduled__2022-06-12T02:28:00+00:00
[2022-06-12 16:52:50,477] {python.py:173} INFO - Done. Returned value was:           AT      V       AP     RH      PE
41268  20.04  48.92  1011.14  68.92  447.89
37837  20.01  52.90  1018.05  58.88  455.57
9695   28.90  60.07  1015.96  45.06  440.62
31471  12.09  38.25  1013.61  81.28  469.29
24571  28.21  70.02  1010.58  51.34  442.47
[2022-06-12 16:52:50,624] {taskinstance.py:1395} INFO - Marking task as SUCCESS. dag_id=ingest_data, task_id=get_data_to_ingest_from_local_file_task, execution_date=20220612T022800, start_date=20220612T145249, end_date=20220612T145250
[2022-06-12 16:52:50,714] {local_task_job.py:156} INFO - Task exited with return code 0
[2022-06-12 16:52:51,059] {local_task_job.py:273} INFO - 1 downstream tasks scheduled from follow-on schedule check
