[2022-06-12 17:22:24,211] {taskinstance.py:1159} INFO - Dependencies all met for <TaskInstance: ingest_data.get_data_to_ingest_from_local_file_task scheduled__2022-06-12T05:18:00+00:00 [queued]>
[2022-06-12 17:22:24,256] {taskinstance.py:1159} INFO - Dependencies all met for <TaskInstance: ingest_data.get_data_to_ingest_from_local_file_task scheduled__2022-06-12T05:18:00+00:00 [queued]>
[2022-06-12 17:22:24,266] {taskinstance.py:1356} INFO - 
--------------------------------------------------------------------------------
[2022-06-12 17:22:24,267] {taskinstance.py:1357} INFO - Starting attempt 1 of 1
[2022-06-12 17:22:24,268] {taskinstance.py:1358} INFO - 
--------------------------------------------------------------------------------
[2022-06-12 17:22:24,332] {taskinstance.py:1377} INFO - Executing <Task(_PythonDecoratedOperator): get_data_to_ingest_from_local_file_task> on 2022-06-12 05:18:00+00:00
[2022-06-12 17:22:24,338] {standard_task_runner.py:52} INFO - Started process 8471 to run task
[2022-06-12 17:22:24,343] {standard_task_runner.py:79} INFO - Running: ['airflow', 'tasks', 'run', 'ingest_data', 'get_data_to_ingest_from_local_file_task', 'scheduled__2022-06-12T05:18:00+00:00', '--job-id', '1029', '--raw', '--subdir', 'DAGS_FOLDER/ingestion_dag.py', '--cfg-path', '/tmp/tmpvlww4hb9', '--error-file', '/tmp/tmp082aq7i2']
[2022-06-12 17:22:24,345] {standard_task_runner.py:80} INFO - Job 1029: Subtask get_data_to_ingest_from_local_file_task
[2022-06-12 17:22:24,495] {task_command.py:370} INFO - Running <TaskInstance: ingest_data.get_data_to_ingest_from_local_file_task scheduled__2022-06-12T05:18:00+00:00 [running]> on host DESKTOP-GDPK8BL.localdomain
[2022-06-12 17:22:24,937] {taskinstance.py:1569} INFO - Exporting the following env vars:
AIRFLOW_CTX_DAG_OWNER=airflow
AIRFLOW_CTX_DAG_ID=ingest_data
AIRFLOW_CTX_TASK_ID=get_data_to_ingest_from_local_file_task
AIRFLOW_CTX_EXECUTION_DATE=2022-06-12T05:18:00+00:00
AIRFLOW_CTX_TRY_NUMBER=1
AIRFLOW_CTX_DAG_RUN_ID=scheduled__2022-06-12T05:18:00+00:00
[2022-06-12 17:22:25,009] {python.py:173} INFO - Done. Returned value was:           AT      V       AP     RH      PE
734    24.64  72.24  1011.37  80.61  434.54
8717   24.27  63.87  1018.88  53.96  420.26
22125  20.98  42.23  1013.12  67.37  461.90
20423  10.77  44.78  1012.87  84.16  470.66
4787   25.19  64.44  1014.75  64.38  444.35
[2022-06-12 17:22:25,137] {taskinstance.py:1395} INFO - Marking task as SUCCESS. dag_id=ingest_data, task_id=get_data_to_ingest_from_local_file_task, execution_date=20220612T051800, start_date=20220612T152224, end_date=20220612T152225
[2022-06-12 17:22:25,202] {local_task_job.py:156} INFO - Task exited with return code 0
[2022-06-12 17:22:25,439] {local_task_job.py:273} INFO - 1 downstream tasks scheduled from follow-on schedule check
