[2022-06-12 17:05:19,223] {taskinstance.py:1159} INFO - Dependencies all met for <TaskInstance: ingest_data.get_data_to_ingest_from_local_file_task scheduled__2022-06-12T03:41:00+00:00 [queued]>
[2022-06-12 17:05:19,255] {taskinstance.py:1159} INFO - Dependencies all met for <TaskInstance: ingest_data.get_data_to_ingest_from_local_file_task scheduled__2022-06-12T03:41:00+00:00 [queued]>
[2022-06-12 17:05:19,255] {taskinstance.py:1356} INFO - 
--------------------------------------------------------------------------------
[2022-06-12 17:05:19,256] {taskinstance.py:1357} INFO - Starting attempt 1 of 1
[2022-06-12 17:05:19,257] {taskinstance.py:1358} INFO - 
--------------------------------------------------------------------------------
[2022-06-12 17:05:19,323] {taskinstance.py:1377} INFO - Executing <Task(_PythonDecoratedOperator): get_data_to_ingest_from_local_file_task> on 2022-06-12 03:41:00+00:00
[2022-06-12 17:05:19,331] {standard_task_runner.py:52} INFO - Started process 7036 to run task
[2022-06-12 17:05:19,336] {standard_task_runner.py:79} INFO - Running: ['airflow', 'tasks', 'run', 'ingest_data', 'get_data_to_ingest_from_local_file_task', 'scheduled__2022-06-12T03:41:00+00:00', '--job-id', '836', '--raw', '--subdir', 'DAGS_FOLDER/ingestion_dag.py', '--cfg-path', '/tmp/tmplpgij24e', '--error-file', '/tmp/tmpjswsocqh']
[2022-06-12 17:05:19,338] {standard_task_runner.py:80} INFO - Job 836: Subtask get_data_to_ingest_from_local_file_task
[2022-06-12 17:05:19,483] {task_command.py:370} INFO - Running <TaskInstance: ingest_data.get_data_to_ingest_from_local_file_task scheduled__2022-06-12T03:41:00+00:00 [running]> on host DESKTOP-GDPK8BL.localdomain
[2022-06-12 17:05:19,911] {taskinstance.py:1569} INFO - Exporting the following env vars:
AIRFLOW_CTX_DAG_OWNER=airflow
AIRFLOW_CTX_DAG_ID=ingest_data
AIRFLOW_CTX_TASK_ID=get_data_to_ingest_from_local_file_task
AIRFLOW_CTX_EXECUTION_DATE=2022-06-12T03:41:00+00:00
AIRFLOW_CTX_TRY_NUMBER=1
AIRFLOW_CTX_DAG_RUN_ID=scheduled__2022-06-12T03:41:00+00:00
[2022-06-12 17:05:19,991] {python.py:173} INFO - Done. Returned value was:           AT      V       AP     RH      PE
17506  19.20  58.71  1009.80  84.62  448.17
2969   16.17  41.79  1005.78  78.80  454.72
28563  33.58  77.54  1010.19  53.49  433.75
46084  26.71  59.39  1014.24  66.45  439.33
46066  29.72  68.08  1010.72  53.46  430.36
[2022-06-12 17:05:20,157] {taskinstance.py:1395} INFO - Marking task as SUCCESS. dag_id=ingest_data, task_id=get_data_to_ingest_from_local_file_task, execution_date=20220612T034100, start_date=20220612T150519, end_date=20220612T150520
[2022-06-12 17:05:20,239] {local_task_job.py:156} INFO - Task exited with return code 0
[2022-06-12 17:05:20,502] {local_task_job.py:273} INFO - 1 downstream tasks scheduled from follow-on schedule check
