[2022-06-12 16:50:34,634] {taskinstance.py:1159} INFO - Dependencies all met for <TaskInstance: ingest_data.get_data_to_ingest_from_local_file_task scheduled__2022-06-12T02:15:00+00:00 [queued]>
[2022-06-12 16:50:34,676] {taskinstance.py:1159} INFO - Dependencies all met for <TaskInstance: ingest_data.get_data_to_ingest_from_local_file_task scheduled__2022-06-12T02:15:00+00:00 [queued]>
[2022-06-12 16:50:34,677] {taskinstance.py:1356} INFO - 
--------------------------------------------------------------------------------
[2022-06-12 16:50:34,677] {taskinstance.py:1357} INFO - Starting attempt 1 of 1
[2022-06-12 16:50:34,678] {taskinstance.py:1358} INFO - 
--------------------------------------------------------------------------------
[2022-06-12 16:50:34,745] {taskinstance.py:1377} INFO - Executing <Task(_PythonDecoratedOperator): get_data_to_ingest_from_local_file_task> on 2022-06-12 02:15:00+00:00
[2022-06-12 16:50:34,751] {standard_task_runner.py:52} INFO - Started process 5752 to run task
[2022-06-12 16:50:34,758] {standard_task_runner.py:79} INFO - Running: ['airflow', 'tasks', 'run', 'ingest_data', 'get_data_to_ingest_from_local_file_task', 'scheduled__2022-06-12T02:15:00+00:00', '--job-id', '663', '--raw', '--subdir', 'DAGS_FOLDER/ingestion_dag.py', '--cfg-path', '/tmp/tmprvipebej', '--error-file', '/tmp/tmpjzbor0sr']
[2022-06-12 16:50:34,759] {standard_task_runner.py:80} INFO - Job 663: Subtask get_data_to_ingest_from_local_file_task
[2022-06-12 16:50:34,904] {task_command.py:370} INFO - Running <TaskInstance: ingest_data.get_data_to_ingest_from_local_file_task scheduled__2022-06-12T02:15:00+00:00 [running]> on host DESKTOP-GDPK8BL.localdomain
[2022-06-12 16:50:35,307] {taskinstance.py:1569} INFO - Exporting the following env vars:
AIRFLOW_CTX_DAG_OWNER=airflow
AIRFLOW_CTX_DAG_ID=ingest_data
AIRFLOW_CTX_TASK_ID=get_data_to_ingest_from_local_file_task
AIRFLOW_CTX_EXECUTION_DATE=2022-06-12T02:15:00+00:00
AIRFLOW_CTX_TRY_NUMBER=1
AIRFLOW_CTX_DAG_RUN_ID=scheduled__2022-06-12T02:15:00+00:00
[2022-06-12 16:50:35,380] {python.py:173} INFO - Done. Returned value was:           AT      V       AP     RH      PE
1222   25.71  71.14  1010.02  66.39  432.46
40172  27.69  69.71  1009.90  69.91  440.43
36636  19.92  46.97  1014.32  69.17  459.39
24197   9.38  41.44  1015.09  86.80  481.96
47432  22.05  48.14  1015.81  69.94  447.37
[2022-06-12 16:50:35,526] {taskinstance.py:1395} INFO - Marking task as SUCCESS. dag_id=ingest_data, task_id=get_data_to_ingest_from_local_file_task, execution_date=20220612T021500, start_date=20220612T145034, end_date=20220612T145035
[2022-06-12 16:50:35,618] {local_task_job.py:156} INFO - Task exited with return code 0
[2022-06-12 16:50:35,862] {local_task_job.py:273} INFO - 1 downstream tasks scheduled from follow-on schedule check
