[2022-06-12 16:52:21,627] {taskinstance.py:1159} INFO - Dependencies all met for <TaskInstance: ingest_data.get_data_to_ingest_from_local_file_task scheduled__2022-06-12T02:26:00+00:00 [queued]>
[2022-06-12 16:52:21,666] {taskinstance.py:1159} INFO - Dependencies all met for <TaskInstance: ingest_data.get_data_to_ingest_from_local_file_task scheduled__2022-06-12T02:26:00+00:00 [queued]>
[2022-06-12 16:52:21,667] {taskinstance.py:1356} INFO - 
--------------------------------------------------------------------------------
[2022-06-12 16:52:21,668] {taskinstance.py:1357} INFO - Starting attempt 1 of 1
[2022-06-12 16:52:21,669] {taskinstance.py:1358} INFO - 
--------------------------------------------------------------------------------
[2022-06-12 16:52:21,733] {taskinstance.py:1377} INFO - Executing <Task(_PythonDecoratedOperator): get_data_to_ingest_from_local_file_task> on 2022-06-12 02:26:00+00:00
[2022-06-12 16:52:21,739] {standard_task_runner.py:52} INFO - Started process 5913 to run task
[2022-06-12 16:52:21,745] {standard_task_runner.py:79} INFO - Running: ['airflow', 'tasks', 'run', 'ingest_data', 'get_data_to_ingest_from_local_file_task', 'scheduled__2022-06-12T02:26:00+00:00', '--job-id', '685', '--raw', '--subdir', 'DAGS_FOLDER/ingestion_dag.py', '--cfg-path', '/tmp/tmpw_m803b2', '--error-file', '/tmp/tmpmk50eg47']
[2022-06-12 16:52:21,747] {standard_task_runner.py:80} INFO - Job 685: Subtask get_data_to_ingest_from_local_file_task
[2022-06-12 16:52:21,892] {task_command.py:370} INFO - Running <TaskInstance: ingest_data.get_data_to_ingest_from_local_file_task scheduled__2022-06-12T02:26:00+00:00 [running]> on host DESKTOP-GDPK8BL.localdomain
[2022-06-12 16:52:22,338] {taskinstance.py:1569} INFO - Exporting the following env vars:
AIRFLOW_CTX_DAG_OWNER=airflow
AIRFLOW_CTX_DAG_ID=ingest_data
AIRFLOW_CTX_TASK_ID=get_data_to_ingest_from_local_file_task
AIRFLOW_CTX_EXECUTION_DATE=2022-06-12T02:26:00+00:00
AIRFLOW_CTX_TRY_NUMBER=1
AIRFLOW_CTX_DAG_RUN_ID=scheduled__2022-06-12T02:26:00+00:00
[2022-06-12 16:52:22,425] {python.py:173} INFO - Done. Returned value was:           AT      V       AP     RH      PE
21318   8.46  39.42  1025.05  69.36  474.42
5498    6.86  41.17  1020.12  79.14  490.23
26696  20.86  63.73  1008.54  96.83  440.42
13047  21.97  69.23  1012.25  86.45  443.85
39880  21.69  47.45  1007.56  77.20  447.06
[2022-06-12 16:52:22,591] {taskinstance.py:1395} INFO - Marking task as SUCCESS. dag_id=ingest_data, task_id=get_data_to_ingest_from_local_file_task, execution_date=20220612T022600, start_date=20220612T145221, end_date=20220612T145222
[2022-06-12 16:52:22,686] {local_task_job.py:156} INFO - Task exited with return code 0
[2022-06-12 16:52:22,911] {local_task_job.py:273} INFO - 1 downstream tasks scheduled from follow-on schedule check
