[2022-06-12 16:11:21,081] {taskinstance.py:1159} INFO - Dependencies all met for <TaskInstance: ingest_data.get_data_to_ingest_from_local_file_task scheduled__2022-06-11T22:29:00+00:00 [queued]>
[2022-06-12 16:11:21,107] {taskinstance.py:1159} INFO - Dependencies all met for <TaskInstance: ingest_data.get_data_to_ingest_from_local_file_task scheduled__2022-06-11T22:29:00+00:00 [queued]>
[2022-06-12 16:11:21,108] {taskinstance.py:1356} INFO - 
--------------------------------------------------------------------------------
[2022-06-12 16:11:21,108] {taskinstance.py:1357} INFO - Starting attempt 1 of 1
[2022-06-12 16:11:21,109] {taskinstance.py:1358} INFO - 
--------------------------------------------------------------------------------
[2022-06-12 16:11:21,179] {taskinstance.py:1377} INFO - Executing <Task(_PythonDecoratedOperator): get_data_to_ingest_from_local_file_task> on 2022-06-11 22:29:00+00:00
[2022-06-12 16:11:21,194] {standard_task_runner.py:79} INFO - Running: ['airflow', 'tasks', 'run', 'ingest_data', 'get_data_to_ingest_from_local_file_task', 'scheduled__2022-06-11T22:29:00+00:00', '--job-id', '212', '--raw', '--subdir', 'DAGS_FOLDER/ingestion_dag.py', '--cfg-path', '/tmp/tmpx2o3q3qm', '--error-file', '/tmp/tmpre34a2yk']
[2022-06-12 16:11:21,187] {standard_task_runner.py:52} INFO - Started process 2257 to run task
[2022-06-12 16:11:21,197] {standard_task_runner.py:80} INFO - Job 212: Subtask get_data_to_ingest_from_local_file_task
[2022-06-12 16:11:21,338] {task_command.py:370} INFO - Running <TaskInstance: ingest_data.get_data_to_ingest_from_local_file_task scheduled__2022-06-11T22:29:00+00:00 [running]> on host DESKTOP-GDPK8BL.localdomain
[2022-06-12 16:11:21,686] {taskinstance.py:1569} INFO - Exporting the following env vars:
AIRFLOW_CTX_DAG_OWNER=airflow
AIRFLOW_CTX_DAG_ID=ingest_data
AIRFLOW_CTX_TASK_ID=get_data_to_ingest_from_local_file_task
AIRFLOW_CTX_EXECUTION_DATE=2022-06-11T22:29:00+00:00
AIRFLOW_CTX_TRY_NUMBER=1
AIRFLOW_CTX_DAG_RUN_ID=scheduled__2022-06-11T22:29:00+00:00
[2022-06-12 16:11:21,763] {python.py:173} INFO - Done. Returned value was:           AT      V       AP     RH      PE
722    23.60  48.98  1015.41  48.28  448.43
5756   13.89  43.70  1015.12  64.99  470.88
19066  20.77  60.10  1011.11  81.09  450.32
11278  21.23  68.08  1012.82  74.57  445.41
37732  10.80  40.22  1011.25  84.57  478.21
[2022-06-12 16:11:21,876] {taskinstance.py:1395} INFO - Marking task as SUCCESS. dag_id=ingest_data, task_id=get_data_to_ingest_from_local_file_task, execution_date=20220611T222900, start_date=20220612T141121, end_date=20220612T141121
[2022-06-12 16:11:21,976] {local_task_job.py:156} INFO - Task exited with return code 0
[2022-06-12 16:11:22,212] {local_task_job.py:273} INFO - 1 downstream tasks scheduled from follow-on schedule check
