[2022-06-12 17:43:11,992] {taskinstance.py:1159} INFO - Dependencies all met for <TaskInstance: ingest_data.get_data_to_ingest_from_local_file_task scheduled__2022-06-12T07:30:00+00:00 [queued]>
[2022-06-12 17:43:12,029] {taskinstance.py:1159} INFO - Dependencies all met for <TaskInstance: ingest_data.get_data_to_ingest_from_local_file_task scheduled__2022-06-12T07:30:00+00:00 [queued]>
[2022-06-12 17:43:12,029] {taskinstance.py:1356} INFO - 
--------------------------------------------------------------------------------
[2022-06-12 17:43:12,030] {taskinstance.py:1357} INFO - Starting attempt 1 of 1
[2022-06-12 17:43:12,031] {taskinstance.py:1358} INFO - 
--------------------------------------------------------------------------------
[2022-06-12 17:43:12,101] {taskinstance.py:1377} INFO - Executing <Task(_PythonDecoratedOperator): get_data_to_ingest_from_local_file_task> on 2022-06-12 07:30:00+00:00
[2022-06-12 17:43:12,107] {standard_task_runner.py:52} INFO - Started process 10428 to run task
[2022-06-12 17:43:12,117] {standard_task_runner.py:79} INFO - Running: ['airflow', 'tasks', 'run', 'ingest_data', 'get_data_to_ingest_from_local_file_task', 'scheduled__2022-06-12T07:30:00+00:00', '--job-id', '1294', '--raw', '--subdir', 'DAGS_FOLDER/ingestion_dag.py', '--cfg-path', '/tmp/tmpsan6smja', '--error-file', '/tmp/tmp3uhqh1uf']
[2022-06-12 17:43:12,124] {standard_task_runner.py:80} INFO - Job 1294: Subtask get_data_to_ingest_from_local_file_task
[2022-06-12 17:43:12,292] {task_command.py:370} INFO - Running <TaskInstance: ingest_data.get_data_to_ingest_from_local_file_task scheduled__2022-06-12T07:30:00+00:00 [running]> on host DESKTOP-GDPK8BL.localdomain
[2022-06-12 17:43:12,787] {taskinstance.py:1569} INFO - Exporting the following env vars:
AIRFLOW_CTX_DAG_OWNER=airflow
AIRFLOW_CTX_DAG_ID=ingest_data
AIRFLOW_CTX_TASK_ID=get_data_to_ingest_from_local_file_task
AIRFLOW_CTX_EXECUTION_DATE=2022-06-12T07:30:00+00:00
AIRFLOW_CTX_TRY_NUMBER=1
AIRFLOW_CTX_DAG_RUN_ID=scheduled__2022-06-12T07:30:00+00:00
[2022-06-12 17:43:12,860] {python.py:173} INFO - Done. Returned value was:           AT      V       AP     RH      PE
39456  11.02  41.26  1020.69  92.13  471.93
2778   24.65  72.43  1007.99  90.05  437.59
40957  18.81  61.87  1009.71  70.47  448.49
27825  21.01  50.90  1012.24  70.82  453.99
19260  15.91  71.14  1019.70  72.65  458.15
[2022-06-12 17:43:13,048] {taskinstance.py:1395} INFO - Marking task as SUCCESS. dag_id=ingest_data, task_id=get_data_to_ingest_from_local_file_task, execution_date=20220612T073000, start_date=20220612T154311, end_date=20220612T154313
[2022-06-12 17:43:13,140] {local_task_job.py:156} INFO - Task exited with return code 0
[2022-06-12 17:43:13,344] {local_task_job.py:273} INFO - 1 downstream tasks scheduled from follow-on schedule check
