[2022-06-12 17:42:21,188] {taskinstance.py:1159} INFO - Dependencies all met for <TaskInstance: ingest_data.get_data_to_ingest_from_local_file_task scheduled__2022-06-12T07:25:00+00:00 [queued]>
[2022-06-12 17:42:21,220] {taskinstance.py:1159} INFO - Dependencies all met for <TaskInstance: ingest_data.get_data_to_ingest_from_local_file_task scheduled__2022-06-12T07:25:00+00:00 [queued]>
[2022-06-12 17:42:21,221] {taskinstance.py:1356} INFO - 
--------------------------------------------------------------------------------
[2022-06-12 17:42:21,221] {taskinstance.py:1357} INFO - Starting attempt 1 of 1
[2022-06-12 17:42:21,222] {taskinstance.py:1358} INFO - 
--------------------------------------------------------------------------------
[2022-06-12 17:42:21,306] {taskinstance.py:1377} INFO - Executing <Task(_PythonDecoratedOperator): get_data_to_ingest_from_local_file_task> on 2022-06-12 07:25:00+00:00
[2022-06-12 17:42:21,312] {standard_task_runner.py:52} INFO - Started process 10347 to run task
[2022-06-12 17:42:21,318] {standard_task_runner.py:79} INFO - Running: ['airflow', 'tasks', 'run', 'ingest_data', 'get_data_to_ingest_from_local_file_task', 'scheduled__2022-06-12T07:25:00+00:00', '--job-id', '1283', '--raw', '--subdir', 'DAGS_FOLDER/ingestion_dag.py', '--cfg-path', '/tmp/tmpxd7902bh', '--error-file', '/tmp/tmp02kxn7zk']
[2022-06-12 17:42:21,320] {standard_task_runner.py:80} INFO - Job 1283: Subtask get_data_to_ingest_from_local_file_task
[2022-06-12 17:42:21,456] {task_command.py:370} INFO - Running <TaskInstance: ingest_data.get_data_to_ingest_from_local_file_task scheduled__2022-06-12T07:25:00+00:00 [running]> on host DESKTOP-GDPK8BL.localdomain
[2022-06-12 17:42:21,908] {taskinstance.py:1569} INFO - Exporting the following env vars:
AIRFLOW_CTX_DAG_OWNER=airflow
AIRFLOW_CTX_DAG_ID=ingest_data
AIRFLOW_CTX_TASK_ID=get_data_to_ingest_from_local_file_task
AIRFLOW_CTX_EXECUTION_DATE=2022-06-12T07:25:00+00:00
AIRFLOW_CTX_TRY_NUMBER=1
AIRFLOW_CTX_DAG_RUN_ID=scheduled__2022-06-12T07:25:00+00:00
[2022-06-12 17:42:21,981] {python.py:173} INFO - Done. Returned value was:           AT      V       AP     RH      PE
38638  14.54  46.18  1015.29  94.48  463.03
35236   7.19  39.40  1011.45  90.65  483.04
23965   6.58  40.67  1020.18  71.07  494.84
17548   6.33  42.07  1004.25  77.10  484.57
8518   18.37  51.86  1018.80  74.30  461.14
[2022-06-12 17:42:22,149] {taskinstance.py:1395} INFO - Marking task as SUCCESS. dag_id=ingest_data, task_id=get_data_to_ingest_from_local_file_task, execution_date=20220612T072500, start_date=20220612T154221, end_date=20220612T154222
[2022-06-12 17:42:22,258] {local_task_job.py:156} INFO - Task exited with return code 0
[2022-06-12 17:42:22,465] {local_task_job.py:273} INFO - 1 downstream tasks scheduled from follow-on schedule check
