[2022-06-12 19:50:09,164] {taskinstance.py:1159} INFO - Dependencies all met for <TaskInstance: ingest_data.get_data_to_ingest_from_local_file_task scheduled__2022-06-12T09:18:00+00:00 [queued]>
[2022-06-12 19:50:09,216] {taskinstance.py:1159} INFO - Dependencies all met for <TaskInstance: ingest_data.get_data_to_ingest_from_local_file_task scheduled__2022-06-12T09:18:00+00:00 [queued]>
[2022-06-12 19:50:09,217] {taskinstance.py:1356} INFO - 
--------------------------------------------------------------------------------
[2022-06-12 19:50:09,218] {taskinstance.py:1357} INFO - Starting attempt 1 of 1
[2022-06-12 19:50:09,221] {taskinstance.py:1358} INFO - 
--------------------------------------------------------------------------------
[2022-06-12 19:50:09,319] {taskinstance.py:1377} INFO - Executing <Task(_PythonDecoratedOperator): get_data_to_ingest_from_local_file_task> on 2022-06-12 09:18:00+00:00
[2022-06-12 19:50:09,332] {standard_task_runner.py:79} INFO - Running: ['airflow', 'tasks', 'run', 'ingest_data', 'get_data_to_ingest_from_local_file_task', 'scheduled__2022-06-12T09:18:00+00:00', '--job-id', '1509', '--raw', '--subdir', 'DAGS_FOLDER/ingestion_dag.py', '--cfg-path', '/tmp/tmpx0j7630i', '--error-file', '/tmp/tmpd3g55m6j']
[2022-06-12 19:50:09,330] {standard_task_runner.py:52} INFO - Started process 12019 to run task
[2022-06-12 19:50:09,363] {standard_task_runner.py:80} INFO - Job 1509: Subtask get_data_to_ingest_from_local_file_task
[2022-06-12 19:50:09,573] {task_command.py:370} INFO - Running <TaskInstance: ingest_data.get_data_to_ingest_from_local_file_task scheduled__2022-06-12T09:18:00+00:00 [running]> on host DESKTOP-GDPK8BL.localdomain
[2022-06-12 19:50:10,075] {taskinstance.py:1569} INFO - Exporting the following env vars:
AIRFLOW_CTX_DAG_OWNER=airflow
AIRFLOW_CTX_DAG_ID=ingest_data
AIRFLOW_CTX_TASK_ID=get_data_to_ingest_from_local_file_task
AIRFLOW_CTX_EXECUTION_DATE=2022-06-12T09:18:00+00:00
AIRFLOW_CTX_TRY_NUMBER=1
AIRFLOW_CTX_DAG_RUN_ID=scheduled__2022-06-12T09:18:00+00:00
[2022-06-12 19:50:10,159] {python.py:173} INFO - Done. Returned value was:           AT      V       AP     RH      PE
10706  18.68  43.69  1016.68  48.88  463.02
36229   7.84  40.07  1016.68  47.63  488.70
39220  24.99  51.43  1006.95  79.63  441.45
11712   7.14  41.22  1016.60  97.09  435.58
39170  17.29  52.72  1024.71  62.32  467.23
[2022-06-12 19:50:10,344] {taskinstance.py:1395} INFO - Marking task as SUCCESS. dag_id=ingest_data, task_id=get_data_to_ingest_from_local_file_task, execution_date=20220612T091800, start_date=20220612T175009, end_date=20220612T175010
[2022-06-12 19:50:10,506] {local_task_job.py:156} INFO - Task exited with return code 0
[2022-06-12 19:50:10,717] {local_task_job.py:273} INFO - 1 downstream tasks scheduled from follow-on schedule check
