[2022-06-12 14:47:45,351] {taskinstance.py:1159} INFO - Dependencies all met for <TaskInstance: ingest_data.get_data_to_ingest_from_local_file_task scheduled__2022-06-11T21:21:00+00:00 [queued]>
[2022-06-12 14:47:45,379] {taskinstance.py:1159} INFO - Dependencies all met for <TaskInstance: ingest_data.get_data_to_ingest_from_local_file_task scheduled__2022-06-11T21:21:00+00:00 [queued]>
[2022-06-12 14:47:45,380] {taskinstance.py:1356} INFO - 
--------------------------------------------------------------------------------
[2022-06-12 14:47:45,380] {taskinstance.py:1357} INFO - Starting attempt 1 of 1
[2022-06-12 14:47:45,382] {taskinstance.py:1358} INFO - 
--------------------------------------------------------------------------------
[2022-06-12 14:47:45,449] {taskinstance.py:1377} INFO - Executing <Task(_PythonDecoratedOperator): get_data_to_ingest_from_local_file_task> on 2022-06-11 21:21:00+00:00
[2022-06-12 14:47:45,468] {standard_task_runner.py:52} INFO - Started process 1098 to run task
[2022-06-12 14:47:45,475] {standard_task_runner.py:79} INFO - Running: ['airflow', 'tasks', 'run', 'ingest_data', 'get_data_to_ingest_from_local_file_task', 'scheduled__2022-06-11T21:21:00+00:00', '--job-id', '76', '--raw', '--subdir', 'DAGS_FOLDER/ingestion_dag.py', '--cfg-path', '/tmp/tmpxyhs5vnf', '--error-file', '/tmp/tmphkzp80xy']
[2022-06-12 14:47:45,477] {standard_task_runner.py:80} INFO - Job 76: Subtask get_data_to_ingest_from_local_file_task
[2022-06-12 14:47:45,642] {task_command.py:370} INFO - Running <TaskInstance: ingest_data.get_data_to_ingest_from_local_file_task scheduled__2022-06-11T21:21:00+00:00 [running]> on host DESKTOP-GDPK8BL.localdomain
[2022-06-12 14:47:45,974] {taskinstance.py:1569} INFO - Exporting the following env vars:
AIRFLOW_CTX_DAG_OWNER=airflow
AIRFLOW_CTX_DAG_ID=ingest_data
AIRFLOW_CTX_TASK_ID=get_data_to_ingest_from_local_file_task
AIRFLOW_CTX_EXECUTION_DATE=2022-06-11T21:21:00+00:00
AIRFLOW_CTX_TRY_NUMBER=1
AIRFLOW_CTX_DAG_RUN_ID=scheduled__2022-06-11T21:21:00+00:00
[2022-06-12 14:47:46,056] {python.py:173} INFO - Done. Returned value was:           AT      V       AP     RH      PE
37710  15.89  43.96  1014.02  75.24  467.35
11502  28.35  70.32  1009.22  47.13  427.21
2592   25.23  69.34  1009.51  82.87  445.92
45702  19.02  50.66  1013.04  85.25  455.42
1230   23.07  50.05  1006.90  86.98  442.97
[2022-06-12 14:47:46,179] {taskinstance.py:1395} INFO - Marking task as SUCCESS. dag_id=ingest_data, task_id=get_data_to_ingest_from_local_file_task, execution_date=20220611T212100, start_date=20220612T124745, end_date=20220612T124746
[2022-06-12 14:47:46,255] {local_task_job.py:156} INFO - Task exited with return code 0
[2022-06-12 14:47:46,490] {local_task_job.py:273} INFO - 1 downstream tasks scheduled from follow-on schedule check
