[2022-06-12 17:45:06,629] {taskinstance.py:1159} INFO - Dependencies all met for <TaskInstance: ingest_data.get_data_to_ingest_from_local_file_task scheduled__2022-06-12T07:43:00+00:00 [queued]>
[2022-06-12 17:45:06,664] {taskinstance.py:1159} INFO - Dependencies all met for <TaskInstance: ingest_data.get_data_to_ingest_from_local_file_task scheduled__2022-06-12T07:43:00+00:00 [queued]>
[2022-06-12 17:45:06,665] {taskinstance.py:1356} INFO - 
--------------------------------------------------------------------------------
[2022-06-12 17:45:06,665] {taskinstance.py:1357} INFO - Starting attempt 1 of 1
[2022-06-12 17:45:06,666] {taskinstance.py:1358} INFO - 
--------------------------------------------------------------------------------
[2022-06-12 17:45:06,729] {taskinstance.py:1377} INFO - Executing <Task(_PythonDecoratedOperator): get_data_to_ingest_from_local_file_task> on 2022-06-12 07:43:00+00:00
[2022-06-12 17:45:06,742] {standard_task_runner.py:79} INFO - Running: ['airflow', 'tasks', 'run', 'ingest_data', 'get_data_to_ingest_from_local_file_task', 'scheduled__2022-06-12T07:43:00+00:00', '--job-id', '1319', '--raw', '--subdir', 'DAGS_FOLDER/ingestion_dag.py', '--cfg-path', '/tmp/tmpwotgic3p', '--error-file', '/tmp/tmpe3dkz36p']
[2022-06-12 17:45:06,738] {standard_task_runner.py:52} INFO - Started process 10612 to run task
[2022-06-12 17:45:06,745] {standard_task_runner.py:80} INFO - Job 1319: Subtask get_data_to_ingest_from_local_file_task
[2022-06-12 17:45:06,896] {task_command.py:370} INFO - Running <TaskInstance: ingest_data.get_data_to_ingest_from_local_file_task scheduled__2022-06-12T07:43:00+00:00 [running]> on host DESKTOP-GDPK8BL.localdomain
[2022-06-12 17:45:07,328] {taskinstance.py:1569} INFO - Exporting the following env vars:
AIRFLOW_CTX_DAG_OWNER=airflow
AIRFLOW_CTX_DAG_ID=ingest_data
AIRFLOW_CTX_TASK_ID=get_data_to_ingest_from_local_file_task
AIRFLOW_CTX_EXECUTION_DATE=2022-06-12T07:43:00+00:00
AIRFLOW_CTX_TRY_NUMBER=1
AIRFLOW_CTX_DAG_RUN_ID=scheduled__2022-06-12T07:43:00+00:00
[2022-06-12 17:45:07,397] {python.py:173} INFO - Done. Returned value was:           AT      V       AP     RH      PE
24225  12.51  41.14  1027.36  87.86  463.79
16203  16.33  42.44  1013.98  84.90  462.44
12362  28.83  64.96  1000.05  63.57  429.13
44409  12.80  44.34  1016.52  86.73  473.42
20300  23.83  64.15  1020.93  63.86  447.95
[2022-06-12 17:45:07,560] {taskinstance.py:1395} INFO - Marking task as SUCCESS. dag_id=ingest_data, task_id=get_data_to_ingest_from_local_file_task, execution_date=20220612T074300, start_date=20220612T154506, end_date=20220612T154507
[2022-06-12 17:45:07,645] {local_task_job.py:156} INFO - Task exited with return code 0
[2022-06-12 17:45:07,906] {local_task_job.py:273} INFO - 1 downstream tasks scheduled from follow-on schedule check
