[2022-06-12 17:04:03,765] {taskinstance.py:1159} INFO - Dependencies all met for <TaskInstance: ingest_data.get_data_to_ingest_from_local_file_task scheduled__2022-06-12T03:34:00+00:00 [queued]>
[2022-06-12 17:04:03,801] {taskinstance.py:1159} INFO - Dependencies all met for <TaskInstance: ingest_data.get_data_to_ingest_from_local_file_task scheduled__2022-06-12T03:34:00+00:00 [queued]>
[2022-06-12 17:04:03,802] {taskinstance.py:1356} INFO - 
--------------------------------------------------------------------------------
[2022-06-12 17:04:03,803] {taskinstance.py:1357} INFO - Starting attempt 1 of 1
[2022-06-12 17:04:03,804] {taskinstance.py:1358} INFO - 
--------------------------------------------------------------------------------
[2022-06-12 17:04:03,873] {taskinstance.py:1377} INFO - Executing <Task(_PythonDecoratedOperator): get_data_to_ingest_from_local_file_task> on 2022-06-12 03:34:00+00:00
[2022-06-12 17:04:03,879] {standard_task_runner.py:52} INFO - Started process 6925 to run task
[2022-06-12 17:04:03,885] {standard_task_runner.py:79} INFO - Running: ['airflow', 'tasks', 'run', 'ingest_data', 'get_data_to_ingest_from_local_file_task', 'scheduled__2022-06-12T03:34:00+00:00', '--job-id', '821', '--raw', '--subdir', 'DAGS_FOLDER/ingestion_dag.py', '--cfg-path', '/tmp/tmpx4hle1af', '--error-file', '/tmp/tmpgx2b6__v']
[2022-06-12 17:04:03,886] {standard_task_runner.py:80} INFO - Job 821: Subtask get_data_to_ingest_from_local_file_task
[2022-06-12 17:04:04,033] {task_command.py:370} INFO - Running <TaskInstance: ingest_data.get_data_to_ingest_from_local_file_task scheduled__2022-06-12T03:34:00+00:00 [running]> on host DESKTOP-GDPK8BL.localdomain
[2022-06-12 17:04:04,446] {taskinstance.py:1569} INFO - Exporting the following env vars:
AIRFLOW_CTX_DAG_OWNER=airflow
AIRFLOW_CTX_DAG_ID=ingest_data
AIRFLOW_CTX_TASK_ID=get_data_to_ingest_from_local_file_task
AIRFLOW_CTX_EXECUTION_DATE=2022-06-12T03:34:00+00:00
AIRFLOW_CTX_TRY_NUMBER=1
AIRFLOW_CTX_DAG_RUN_ID=scheduled__2022-06-12T03:34:00+00:00
[2022-06-12 17:04:04,522] {python.py:173} INFO - Done. Returned value was:           AT      V       AP     RH      PE
27722   9.64  36.66  1027.10  70.11  479.08
23473  11.34  41.54  1020.25  75.83  477.24
649    27.06  64.45  1008.72  54.21  443.10
18761  22.69  48.14  1013.70  62.05  448.52
21042  13.97  52.05  1012.05  85.36  463.64
[2022-06-12 17:04:04,668] {taskinstance.py:1395} INFO - Marking task as SUCCESS. dag_id=ingest_data, task_id=get_data_to_ingest_from_local_file_task, execution_date=20220612T033400, start_date=20220612T150403, end_date=20220612T150404
[2022-06-12 17:04:04,745] {local_task_job.py:156} INFO - Task exited with return code 0
[2022-06-12 17:04:04,974] {local_task_job.py:273} INFO - 1 downstream tasks scheduled from follow-on schedule check
