[2022-06-12 19:46:11,533] {taskinstance.py:1159} INFO - Dependencies all met for <TaskInstance: ingest_data.get_data_to_ingest_from_local_file_task scheduled__2022-06-12T08:53:00+00:00 [queued]>
[2022-06-12 19:46:11,587] {taskinstance.py:1159} INFO - Dependencies all met for <TaskInstance: ingest_data.get_data_to_ingest_from_local_file_task scheduled__2022-06-12T08:53:00+00:00 [queued]>
[2022-06-12 19:46:11,587] {taskinstance.py:1356} INFO - 
--------------------------------------------------------------------------------
[2022-06-12 19:46:11,588] {taskinstance.py:1357} INFO - Starting attempt 1 of 1
[2022-06-12 19:46:11,589] {taskinstance.py:1358} INFO - 
--------------------------------------------------------------------------------
[2022-06-12 19:46:11,655] {taskinstance.py:1377} INFO - Executing <Task(_PythonDecoratedOperator): get_data_to_ingest_from_local_file_task> on 2022-06-12 08:53:00+00:00
[2022-06-12 19:46:11,661] {standard_task_runner.py:52} INFO - Started process 11651 to run task
[2022-06-12 19:46:11,668] {standard_task_runner.py:79} INFO - Running: ['airflow', 'tasks', 'run', 'ingest_data', 'get_data_to_ingest_from_local_file_task', 'scheduled__2022-06-12T08:53:00+00:00', '--job-id', '1459', '--raw', '--subdir', 'DAGS_FOLDER/ingestion_dag.py', '--cfg-path', '/tmp/tmplgo0tsoa', '--error-file', '/tmp/tmpb9t_ri99']
[2022-06-12 19:46:11,670] {standard_task_runner.py:80} INFO - Job 1459: Subtask get_data_to_ingest_from_local_file_task
[2022-06-12 19:46:11,815] {task_command.py:370} INFO - Running <TaskInstance: ingest_data.get_data_to_ingest_from_local_file_task scheduled__2022-06-12T08:53:00+00:00 [running]> on host DESKTOP-GDPK8BL.localdomain
[2022-06-12 19:46:12,346] {taskinstance.py:1569} INFO - Exporting the following env vars:
AIRFLOW_CTX_DAG_OWNER=airflow
AIRFLOW_CTX_DAG_ID=ingest_data
AIRFLOW_CTX_TASK_ID=get_data_to_ingest_from_local_file_task
AIRFLOW_CTX_EXECUTION_DATE=2022-06-12T08:53:00+00:00
AIRFLOW_CTX_TRY_NUMBER=1
AIRFLOW_CTX_DAG_RUN_ID=scheduled__2022-06-12T08:53:00+00:00
[2022-06-12 19:46:12,424] {python.py:173} INFO - Done. Returned value was:           AT      V       AP     RH      PE
35649  10.04  41.62  1013.36  95.17  463.87
2005   25.67  68.30  1017.16  74.19  435.89
44737  17.16  53.16  1013.20  82.85  456.93
33015  24.20  50.78  1008.74  59.32  443.09
37569  32.07  67.83  1007.91  41.61  429.31
[2022-06-12 19:46:12,589] {taskinstance.py:1395} INFO - Marking task as SUCCESS. dag_id=ingest_data, task_id=get_data_to_ingest_from_local_file_task, execution_date=20220612T085300, start_date=20220612T174611, end_date=20220612T174612
[2022-06-12 19:46:12,690] {local_task_job.py:156} INFO - Task exited with return code 0
[2022-06-12 19:46:12,902] {local_task_job.py:273} INFO - 1 downstream tasks scheduled from follow-on schedule check
