[2022-06-12 17:15:46,025] {taskinstance.py:1159} INFO - Dependencies all met for <TaskInstance: ingest_data.get_data_to_ingest_from_local_file_task scheduled__2022-06-12T04:38:00+00:00 [queued]>
[2022-06-12 17:15:46,059] {taskinstance.py:1159} INFO - Dependencies all met for <TaskInstance: ingest_data.get_data_to_ingest_from_local_file_task scheduled__2022-06-12T04:38:00+00:00 [queued]>
[2022-06-12 17:15:46,060] {taskinstance.py:1356} INFO - 
--------------------------------------------------------------------------------
[2022-06-12 17:15:46,060] {taskinstance.py:1357} INFO - Starting attempt 1 of 1
[2022-06-12 17:15:46,061] {taskinstance.py:1358} INFO - 
--------------------------------------------------------------------------------
[2022-06-12 17:15:46,150] {taskinstance.py:1377} INFO - Executing <Task(_PythonDecoratedOperator): get_data_to_ingest_from_local_file_task> on 2022-06-12 04:38:00+00:00
[2022-06-12 17:15:46,157] {standard_task_runner.py:52} INFO - Started process 7885 to run task
[2022-06-12 17:15:46,164] {standard_task_runner.py:79} INFO - Running: ['airflow', 'tasks', 'run', 'ingest_data', 'get_data_to_ingest_from_local_file_task', 'scheduled__2022-06-12T04:38:00+00:00', '--job-id', '950', '--raw', '--subdir', 'DAGS_FOLDER/ingestion_dag.py', '--cfg-path', '/tmp/tmpjdnguji9', '--error-file', '/tmp/tmpigksvf30']
[2022-06-12 17:15:46,166] {standard_task_runner.py:80} INFO - Job 950: Subtask get_data_to_ingest_from_local_file_task
[2022-06-12 17:15:46,315] {task_command.py:370} INFO - Running <TaskInstance: ingest_data.get_data_to_ingest_from_local_file_task scheduled__2022-06-12T04:38:00+00:00 [running]> on host DESKTOP-GDPK8BL.localdomain
[2022-06-12 17:15:46,775] {taskinstance.py:1569} INFO - Exporting the following env vars:
AIRFLOW_CTX_DAG_OWNER=airflow
AIRFLOW_CTX_DAG_ID=ingest_data
AIRFLOW_CTX_TASK_ID=get_data_to_ingest_from_local_file_task
AIRFLOW_CTX_EXECUTION_DATE=2022-06-12T04:38:00+00:00
AIRFLOW_CTX_TRY_NUMBER=1
AIRFLOW_CTX_DAG_RUN_ID=scheduled__2022-06-12T04:38:00+00:00
[2022-06-12 17:15:46,853] {python.py:173} INFO - Done. Returned value was:           AT      V       AP     RH      PE
24881  20.00  56.53  1020.43  75.94  454.86
19312  23.29  49.30  1003.88  74.12  442.11
26269   7.82  38.91  1015.58  90.11  479.15
22323   9.60  37.73  1021.87  77.75  481.03
47097  31.10  69.51  1010.84  45.40  429.74
[2022-06-12 17:15:46,995] {taskinstance.py:1395} INFO - Marking task as SUCCESS. dag_id=ingest_data, task_id=get_data_to_ingest_from_local_file_task, execution_date=20220612T043800, start_date=20220612T151546, end_date=20220612T151546
[2022-06-12 17:15:47,104] {local_task_job.py:156} INFO - Task exited with return code 0
[2022-06-12 17:15:47,350] {local_task_job.py:273} INFO - 1 downstream tasks scheduled from follow-on schedule check
