[2022-06-12 16:04:07,056] {taskinstance.py:1159} INFO - Dependencies all met for <TaskInstance: ingest_data.get_data_to_ingest_from_local_file_task scheduled__2022-06-11T21:48:00+00:00 [queued]>
[2022-06-12 16:04:07,082] {taskinstance.py:1159} INFO - Dependencies all met for <TaskInstance: ingest_data.get_data_to_ingest_from_local_file_task scheduled__2022-06-11T21:48:00+00:00 [queued]>
[2022-06-12 16:04:07,082] {taskinstance.py:1356} INFO - 
--------------------------------------------------------------------------------
[2022-06-12 16:04:07,083] {taskinstance.py:1357} INFO - Starting attempt 1 of 1
[2022-06-12 16:04:07,083] {taskinstance.py:1358} INFO - 
--------------------------------------------------------------------------------
[2022-06-12 16:04:07,152] {taskinstance.py:1377} INFO - Executing <Task(_PythonDecoratedOperator): get_data_to_ingest_from_local_file_task> on 2022-06-11 21:48:00+00:00
[2022-06-12 16:04:07,159] {standard_task_runner.py:52} INFO - Started process 1560 to run task
[2022-06-12 16:04:07,165] {standard_task_runner.py:79} INFO - Running: ['airflow', 'tasks', 'run', 'ingest_data', 'get_data_to_ingest_from_local_file_task', 'scheduled__2022-06-11T21:48:00+00:00', '--job-id', '130', '--raw', '--subdir', 'DAGS_FOLDER/ingestion_dag.py', '--cfg-path', '/tmp/tmp8x3hwrt2', '--error-file', '/tmp/tmpfuzvnv6a']
[2022-06-12 16:04:07,166] {standard_task_runner.py:80} INFO - Job 130: Subtask get_data_to_ingest_from_local_file_task
[2022-06-12 16:04:07,306] {task_command.py:370} INFO - Running <TaskInstance: ingest_data.get_data_to_ingest_from_local_file_task scheduled__2022-06-11T21:48:00+00:00 [running]> on host DESKTOP-GDPK8BL.localdomain
[2022-06-12 16:04:07,634] {taskinstance.py:1569} INFO - Exporting the following env vars:
AIRFLOW_CTX_DAG_OWNER=airflow
AIRFLOW_CTX_DAG_ID=ingest_data
AIRFLOW_CTX_TASK_ID=get_data_to_ingest_from_local_file_task
AIRFLOW_CTX_EXECUTION_DATE=2022-06-11T21:48:00+00:00
AIRFLOW_CTX_TRY_NUMBER=1
AIRFLOW_CTX_DAG_RUN_ID=scheduled__2022-06-11T21:48:00+00:00
[2022-06-12 16:04:07,705] {python.py:173} INFO - Done. Returned value was:           AT      V       AP     RH      PE
19941  23.88  69.94  1007.48  61.00  440.63
8019   12.82  48.14  1017.47  81.45  467.48
17513  24.54  48.41  1008.61  73.53  439.79
15172  21.60  66.86  1013.02  54.19  450.84
9645   19.84  65.48  1019.54  76.60  449.85
[2022-06-12 16:04:07,806] {taskinstance.py:1395} INFO - Marking task as SUCCESS. dag_id=ingest_data, task_id=get_data_to_ingest_from_local_file_task, execution_date=20220611T214800, start_date=20220612T140407, end_date=20220612T140407
[2022-06-12 16:04:07,863] {local_task_job.py:156} INFO - Task exited with return code 0
[2022-06-12 16:04:08,079] {local_task_job.py:273} INFO - 1 downstream tasks scheduled from follow-on schedule check
