[2022-06-12 19:41:34,815] {taskinstance.py:1159} INFO - Dependencies all met for <TaskInstance: ingest_data.get_data_to_ingest_from_local_file_task scheduled__2022-06-12T08:24:00+00:00 [queued]>
[2022-06-12 19:41:34,845] {taskinstance.py:1159} INFO - Dependencies all met for <TaskInstance: ingest_data.get_data_to_ingest_from_local_file_task scheduled__2022-06-12T08:24:00+00:00 [queued]>
[2022-06-12 19:41:34,845] {taskinstance.py:1356} INFO - 
--------------------------------------------------------------------------------
[2022-06-12 19:41:34,846] {taskinstance.py:1357} INFO - Starting attempt 1 of 1
[2022-06-12 19:41:34,846] {taskinstance.py:1358} INFO - 
--------------------------------------------------------------------------------
[2022-06-12 19:41:34,897] {taskinstance.py:1377} INFO - Executing <Task(_PythonDecoratedOperator): get_data_to_ingest_from_local_file_task> on 2022-06-12 08:24:00+00:00
[2022-06-12 19:41:34,903] {standard_task_runner.py:52} INFO - Started process 11223 to run task
[2022-06-12 19:41:34,909] {standard_task_runner.py:79} INFO - Running: ['airflow', 'tasks', 'run', 'ingest_data', 'get_data_to_ingest_from_local_file_task', 'scheduled__2022-06-12T08:24:00+00:00', '--job-id', '1401', '--raw', '--subdir', 'DAGS_FOLDER/ingestion_dag.py', '--cfg-path', '/tmp/tmpcnqh8h4g', '--error-file', '/tmp/tmp3g5lwm7f']
[2022-06-12 19:41:34,911] {standard_task_runner.py:80} INFO - Job 1401: Subtask get_data_to_ingest_from_local_file_task
[2022-06-12 19:41:35,062] {task_command.py:370} INFO - Running <TaskInstance: ingest_data.get_data_to_ingest_from_local_file_task scheduled__2022-06-12T08:24:00+00:00 [running]> on host DESKTOP-GDPK8BL.localdomain
[2022-06-12 19:41:35,510] {taskinstance.py:1569} INFO - Exporting the following env vars:
AIRFLOW_CTX_DAG_OWNER=airflow
AIRFLOW_CTX_DAG_ID=ingest_data
AIRFLOW_CTX_TASK_ID=get_data_to_ingest_from_local_file_task
AIRFLOW_CTX_EXECUTION_DATE=2022-06-12T08:24:00+00:00
AIRFLOW_CTX_TRY_NUMBER=1
AIRFLOW_CTX_DAG_RUN_ID=scheduled__2022-06-12T08:24:00+00:00
[2022-06-12 19:41:35,582] {python.py:173} INFO - Done. Returned value was:           AT      V       AP     RH      PE
45282  13.35  40.27  1005.83  49.75  474.68
35886  14.13  43.70  1015.94  80.89  469.28
32476   9.52  41.26  1020.55  89.73  475.44
47374  29.87  73.91  1004.53  74.30  431.80
9314    9.29  34.03  1018.84  74.81  483.74
[2022-06-12 19:41:35,758] {taskinstance.py:1395} INFO - Marking task as SUCCESS. dag_id=ingest_data, task_id=get_data_to_ingest_from_local_file_task, execution_date=20220612T082400, start_date=20220612T174134, end_date=20220612T174135
[2022-06-12 19:41:35,849] {local_task_job.py:156} INFO - Task exited with return code 0
[2022-06-12 19:41:36,061] {local_task_job.py:273} INFO - 1 downstream tasks scheduled from follow-on schedule check
