[2022-06-12 17:21:26,129] {taskinstance.py:1159} INFO - Dependencies all met for <TaskInstance: ingest_data.get_data_to_ingest_from_local_file_task scheduled__2022-06-12T05:12:00+00:00 [queued]>
[2022-06-12 17:21:26,158] {taskinstance.py:1159} INFO - Dependencies all met for <TaskInstance: ingest_data.get_data_to_ingest_from_local_file_task scheduled__2022-06-12T05:12:00+00:00 [queued]>
[2022-06-12 17:21:26,159] {taskinstance.py:1356} INFO - 
--------------------------------------------------------------------------------
[2022-06-12 17:21:26,159] {taskinstance.py:1357} INFO - Starting attempt 1 of 1
[2022-06-12 17:21:26,160] {taskinstance.py:1358} INFO - 
--------------------------------------------------------------------------------
[2022-06-12 17:21:26,214] {taskinstance.py:1377} INFO - Executing <Task(_PythonDecoratedOperator): get_data_to_ingest_from_local_file_task> on 2022-06-12 05:12:00+00:00
[2022-06-12 17:21:26,220] {standard_task_runner.py:52} INFO - Started process 8383 to run task
[2022-06-12 17:21:26,226] {standard_task_runner.py:79} INFO - Running: ['airflow', 'tasks', 'run', 'ingest_data', 'get_data_to_ingest_from_local_file_task', 'scheduled__2022-06-12T05:12:00+00:00', '--job-id', '1017', '--raw', '--subdir', 'DAGS_FOLDER/ingestion_dag.py', '--cfg-path', '/tmp/tmpxb9a4gpz', '--error-file', '/tmp/tmpsxxrg074']
[2022-06-12 17:21:26,228] {standard_task_runner.py:80} INFO - Job 1017: Subtask get_data_to_ingest_from_local_file_task
[2022-06-12 17:21:26,394] {task_command.py:370} INFO - Running <TaskInstance: ingest_data.get_data_to_ingest_from_local_file_task scheduled__2022-06-12T05:12:00+00:00 [running]> on host DESKTOP-GDPK8BL.localdomain
[2022-06-12 17:21:26,810] {taskinstance.py:1569} INFO - Exporting the following env vars:
AIRFLOW_CTX_DAG_OWNER=airflow
AIRFLOW_CTX_DAG_ID=ingest_data
AIRFLOW_CTX_TASK_ID=get_data_to_ingest_from_local_file_task
AIRFLOW_CTX_EXECUTION_DATE=2022-06-12T05:12:00+00:00
AIRFLOW_CTX_TRY_NUMBER=1
AIRFLOW_CTX_DAG_RUN_ID=scheduled__2022-06-12T05:12:00+00:00
[2022-06-12 17:21:26,884] {python.py:173} INFO - Done. Returned value was:           AT      V       AP     RH      PE
29053  20.51  68.08  1012.73  78.05  445.96
29743  24.94  59.07  1008.89  84.79  440.12
43512  14.56  47.45  1009.52  91.14  451.95
25618  16.66  36.71  1013.68  70.66  466.07
8983   13.68  44.47  1027.81  69.53  469.37
[2022-06-12 17:21:27,012] {taskinstance.py:1395} INFO - Marking task as SUCCESS. dag_id=ingest_data, task_id=get_data_to_ingest_from_local_file_task, execution_date=20220612T051200, start_date=20220612T152126, end_date=20220612T152127
[2022-06-12 17:21:27,086] {local_task_job.py:156} INFO - Task exited with return code 0
[2022-06-12 17:21:27,328] {local_task_job.py:273} INFO - 1 downstream tasks scheduled from follow-on schedule check
