[2022-06-12 16:05:25,692] {taskinstance.py:1159} INFO - Dependencies all met for <TaskInstance: ingest_data.get_data_to_ingest_from_local_file_task scheduled__2022-06-11T21:56:00+00:00 [queued]>
[2022-06-12 16:05:25,719] {taskinstance.py:1159} INFO - Dependencies all met for <TaskInstance: ingest_data.get_data_to_ingest_from_local_file_task scheduled__2022-06-11T21:56:00+00:00 [queued]>
[2022-06-12 16:05:25,720] {taskinstance.py:1356} INFO - 
--------------------------------------------------------------------------------
[2022-06-12 16:05:25,720] {taskinstance.py:1357} INFO - Starting attempt 1 of 1
[2022-06-12 16:05:25,721] {taskinstance.py:1358} INFO - 
--------------------------------------------------------------------------------
[2022-06-12 16:05:25,789] {taskinstance.py:1377} INFO - Executing <Task(_PythonDecoratedOperator): get_data_to_ingest_from_local_file_task> on 2022-06-11 21:56:00+00:00
[2022-06-12 16:05:25,795] {standard_task_runner.py:52} INFO - Started process 1696 to run task
[2022-06-12 16:05:25,801] {standard_task_runner.py:79} INFO - Running: ['airflow', 'tasks', 'run', 'ingest_data', 'get_data_to_ingest_from_local_file_task', 'scheduled__2022-06-11T21:56:00+00:00', '--job-id', '146', '--raw', '--subdir', 'DAGS_FOLDER/ingestion_dag.py', '--cfg-path', '/tmp/tmpie86b93c', '--error-file', '/tmp/tmp5slm7dlk']
[2022-06-12 16:05:25,803] {standard_task_runner.py:80} INFO - Job 146: Subtask get_data_to_ingest_from_local_file_task
[2022-06-12 16:05:25,952] {task_command.py:370} INFO - Running <TaskInstance: ingest_data.get_data_to_ingest_from_local_file_task scheduled__2022-06-11T21:56:00+00:00 [running]> on host DESKTOP-GDPK8BL.localdomain
[2022-06-12 16:05:26,278] {taskinstance.py:1569} INFO - Exporting the following env vars:
AIRFLOW_CTX_DAG_OWNER=airflow
AIRFLOW_CTX_DAG_ID=ingest_data
AIRFLOW_CTX_TASK_ID=get_data_to_ingest_from_local_file_task
AIRFLOW_CTX_EXECUTION_DATE=2022-06-11T21:56:00+00:00
AIRFLOW_CTX_TRY_NUMBER=1
AIRFLOW_CTX_DAG_RUN_ID=scheduled__2022-06-11T21:56:00+00:00
[2022-06-12 16:05:26,342] {python.py:173} INFO - Done. Returned value was:           AT      V       AP     RH      PE
27056  25.63  72.99  1008.20  86.80  436.64
13991   9.61  39.04  1023.45  75.66  483.86
23129  24.65  64.63  1020.52  53.45  446.04
4968   24.80  50.23  1016.62  63.13  453.56
9132   25.63  48.92  1009.99  34.64  439.87
[2022-06-12 16:05:26,439] {taskinstance.py:1395} INFO - Marking task as SUCCESS. dag_id=ingest_data, task_id=get_data_to_ingest_from_local_file_task, execution_date=20220611T215600, start_date=20220612T140525, end_date=20220612T140526
[2022-06-12 16:05:26,498] {local_task_job.py:156} INFO - Task exited with return code 0
[2022-06-12 16:05:26,709] {local_task_job.py:273} INFO - 1 downstream tasks scheduled from follow-on schedule check
