[2022-06-12 17:00:03,399] {taskinstance.py:1159} INFO - Dependencies all met for <TaskInstance: ingest_data.get_data_to_ingest_from_local_file_task scheduled__2022-06-12T03:09:00+00:00 [queued]>
[2022-06-12 17:00:03,436] {taskinstance.py:1159} INFO - Dependencies all met for <TaskInstance: ingest_data.get_data_to_ingest_from_local_file_task scheduled__2022-06-12T03:09:00+00:00 [queued]>
[2022-06-12 17:00:03,437] {taskinstance.py:1356} INFO - 
--------------------------------------------------------------------------------
[2022-06-12 17:00:03,437] {taskinstance.py:1357} INFO - Starting attempt 1 of 1
[2022-06-12 17:00:03,438] {taskinstance.py:1358} INFO - 
--------------------------------------------------------------------------------
[2022-06-12 17:00:03,506] {taskinstance.py:1377} INFO - Executing <Task(_PythonDecoratedOperator): get_data_to_ingest_from_local_file_task> on 2022-06-12 03:09:00+00:00
[2022-06-12 17:00:03,512] {standard_task_runner.py:52} INFO - Started process 6556 to run task
[2022-06-12 17:00:03,521] {standard_task_runner.py:79} INFO - Running: ['airflow', 'tasks', 'run', 'ingest_data', 'get_data_to_ingest_from_local_file_task', 'scheduled__2022-06-12T03:09:00+00:00', '--job-id', '771', '--raw', '--subdir', 'DAGS_FOLDER/ingestion_dag.py', '--cfg-path', '/tmp/tmpmrw6opip', '--error-file', '/tmp/tmppxuvwm0b']
[2022-06-12 17:00:03,522] {standard_task_runner.py:80} INFO - Job 771: Subtask get_data_to_ingest_from_local_file_task
[2022-06-12 17:00:03,670] {task_command.py:370} INFO - Running <TaskInstance: ingest_data.get_data_to_ingest_from_local_file_task scheduled__2022-06-12T03:09:00+00:00 [running]> on host DESKTOP-GDPK8BL.localdomain
[2022-06-12 17:00:04,093] {taskinstance.py:1569} INFO - Exporting the following env vars:
AIRFLOW_CTX_DAG_OWNER=airflow
AIRFLOW_CTX_DAG_ID=ingest_data
AIRFLOW_CTX_TASK_ID=get_data_to_ingest_from_local_file_task
AIRFLOW_CTX_EXECUTION_DATE=2022-06-12T03:09:00+00:00
AIRFLOW_CTX_TRY_NUMBER=1
AIRFLOW_CTX_DAG_RUN_ID=scheduled__2022-06-12T03:09:00+00:00
[2022-06-12 17:00:04,172] {python.py:173} INFO - Done. Returned value was:           AT      V       AP     RH      PE
21187   6.86  41.17  1020.12  79.14  490.23
27412   5.72  39.33  1009.96  95.40  490.76
32380  21.54  58.41  1013.99  86.34  450.69
13372  27.09  59.15  1013.02  55.18  438.90
33945  13.61  42.34  1017.78  88.84  466.17
[2022-06-12 17:00:04,314] {taskinstance.py:1395} INFO - Marking task as SUCCESS. dag_id=ingest_data, task_id=get_data_to_ingest_from_local_file_task, execution_date=20220612T030900, start_date=20220612T150003, end_date=20220612T150004
[2022-06-12 17:00:04,419] {local_task_job.py:156} INFO - Task exited with return code 0
[2022-06-12 17:00:04,627] {local_task_job.py:273} INFO - 1 downstream tasks scheduled from follow-on schedule check
