[2022-06-12 19:49:13,770] {taskinstance.py:1159} INFO - Dependencies all met for <TaskInstance: ingest_data.get_data_to_ingest_from_local_file_task scheduled__2022-06-12T09:13:00+00:00 [queued]>
[2022-06-12 19:49:13,808] {taskinstance.py:1159} INFO - Dependencies all met for <TaskInstance: ingest_data.get_data_to_ingest_from_local_file_task scheduled__2022-06-12T09:13:00+00:00 [queued]>
[2022-06-12 19:49:13,809] {taskinstance.py:1356} INFO - 
--------------------------------------------------------------------------------
[2022-06-12 19:49:13,809] {taskinstance.py:1357} INFO - Starting attempt 1 of 1
[2022-06-12 19:49:13,810] {taskinstance.py:1358} INFO - 
--------------------------------------------------------------------------------
[2022-06-12 19:49:13,880] {taskinstance.py:1377} INFO - Executing <Task(_PythonDecoratedOperator): get_data_to_ingest_from_local_file_task> on 2022-06-12 09:13:00+00:00
[2022-06-12 19:49:13,885] {standard_task_runner.py:52} INFO - Started process 11946 to run task
[2022-06-12 19:49:13,893] {standard_task_runner.py:79} INFO - Running: ['airflow', 'tasks', 'run', 'ingest_data', 'get_data_to_ingest_from_local_file_task', 'scheduled__2022-06-12T09:13:00+00:00', '--job-id', '1499', '--raw', '--subdir', 'DAGS_FOLDER/ingestion_dag.py', '--cfg-path', '/tmp/tmpjcom7luy', '--error-file', '/tmp/tmpptg6a4fr']
[2022-06-12 19:49:13,894] {standard_task_runner.py:80} INFO - Job 1499: Subtask get_data_to_ingest_from_local_file_task
[2022-06-12 19:49:14,048] {task_command.py:370} INFO - Running <TaskInstance: ingest_data.get_data_to_ingest_from_local_file_task scheduled__2022-06-12T09:13:00+00:00 [running]> on host DESKTOP-GDPK8BL.localdomain
[2022-06-12 19:49:14,469] {taskinstance.py:1569} INFO - Exporting the following env vars:
AIRFLOW_CTX_DAG_OWNER=airflow
AIRFLOW_CTX_DAG_ID=ingest_data
AIRFLOW_CTX_TASK_ID=get_data_to_ingest_from_local_file_task
AIRFLOW_CTX_EXECUTION_DATE=2022-06-12T09:13:00+00:00
AIRFLOW_CTX_TRY_NUMBER=1
AIRFLOW_CTX_DAG_RUN_ID=scheduled__2022-06-12T09:13:00+00:00
[2022-06-12 19:49:14,540] {python.py:173} INFO - Done. Returned value was:           AT      V       AP     RH      PE
36658  19.46  60.07  1014.81  66.61  451.89
520    23.64  70.04  1011.09  83.35  435.21
18820  16.92  50.90  1013.27  82.97  460.86
38040  31.35  67.32  1013.74  38.56  439.81
16681  12.43  43.22  1008.93  77.42  468.01
[2022-06-12 19:49:14,685] {taskinstance.py:1395} INFO - Marking task as SUCCESS. dag_id=ingest_data, task_id=get_data_to_ingest_from_local_file_task, execution_date=20220612T091300, start_date=20220612T174913, end_date=20220612T174914
[2022-06-12 19:49:14,753] {local_task_job.py:156} INFO - Task exited with return code 0
[2022-06-12 19:49:14,977] {local_task_job.py:273} INFO - 1 downstream tasks scheduled from follow-on schedule check
