[2022-06-12 19:45:51,956] {taskinstance.py:1159} INFO - Dependencies all met for <TaskInstance: ingest_data.get_data_to_ingest_from_local_file_task scheduled__2022-06-12T08:51:00+00:00 [queued]>
[2022-06-12 19:45:51,993] {taskinstance.py:1159} INFO - Dependencies all met for <TaskInstance: ingest_data.get_data_to_ingest_from_local_file_task scheduled__2022-06-12T08:51:00+00:00 [queued]>
[2022-06-12 19:45:51,994] {taskinstance.py:1356} INFO - 
--------------------------------------------------------------------------------
[2022-06-12 19:45:51,994] {taskinstance.py:1357} INFO - Starting attempt 1 of 1
[2022-06-12 19:45:51,995] {taskinstance.py:1358} INFO - 
--------------------------------------------------------------------------------
[2022-06-12 19:45:52,074] {taskinstance.py:1377} INFO - Executing <Task(_PythonDecoratedOperator): get_data_to_ingest_from_local_file_task> on 2022-06-12 08:51:00+00:00
[2022-06-12 19:45:52,080] {standard_task_runner.py:52} INFO - Started process 11622 to run task
[2022-06-12 19:45:52,087] {standard_task_runner.py:79} INFO - Running: ['airflow', 'tasks', 'run', 'ingest_data', 'get_data_to_ingest_from_local_file_task', 'scheduled__2022-06-12T08:51:00+00:00', '--job-id', '1455', '--raw', '--subdir', 'DAGS_FOLDER/ingestion_dag.py', '--cfg-path', '/tmp/tmpmjmrv1w9', '--error-file', '/tmp/tmp6e3m09rb']
[2022-06-12 19:45:52,088] {standard_task_runner.py:80} INFO - Job 1455: Subtask get_data_to_ingest_from_local_file_task
[2022-06-12 19:45:52,231] {task_command.py:370} INFO - Running <TaskInstance: ingest_data.get_data_to_ingest_from_local_file_task scheduled__2022-06-12T08:51:00+00:00 [running]> on host DESKTOP-GDPK8BL.localdomain
[2022-06-12 19:45:52,663] {taskinstance.py:1569} INFO - Exporting the following env vars:
AIRFLOW_CTX_DAG_OWNER=airflow
AIRFLOW_CTX_DAG_ID=ingest_data
AIRFLOW_CTX_TASK_ID=get_data_to_ingest_from_local_file_task
AIRFLOW_CTX_EXECUTION_DATE=2022-06-12T08:51:00+00:00
AIRFLOW_CTX_TRY_NUMBER=1
AIRFLOW_CTX_DAG_RUN_ID=scheduled__2022-06-12T08:51:00+00:00
[2022-06-12 19:45:52,731] {python.py:173} INFO - Done. Returned value was:           AT      V       AP     RH      PE
11213  21.97  65.61  1016.09  73.29  447.05
44799   6.64  39.04  1018.84  74.94  481.53
42615  26.71  70.72  1010.30  78.18  438.72
16793  15.84  41.04  1025.64  63.43  456.21
25157  12.42  41.58  1019.49  86.31  466.05
[2022-06-12 19:45:52,882] {taskinstance.py:1395} INFO - Marking task as SUCCESS. dag_id=ingest_data, task_id=get_data_to_ingest_from_local_file_task, execution_date=20220612T085100, start_date=20220612T174551, end_date=20220612T174552
[2022-06-12 19:45:52,986] {local_task_job.py:156} INFO - Task exited with return code 0
[2022-06-12 19:45:53,218] {local_task_job.py:273} INFO - 1 downstream tasks scheduled from follow-on schedule check
