[2022-06-12 16:59:00,343] {taskinstance.py:1159} INFO - Dependencies all met for <TaskInstance: ingest_data.get_data_to_ingest_from_local_file_task scheduled__2022-06-12T03:03:00+00:00 [queued]>
[2022-06-12 16:59:00,370] {taskinstance.py:1159} INFO - Dependencies all met for <TaskInstance: ingest_data.get_data_to_ingest_from_local_file_task scheduled__2022-06-12T03:03:00+00:00 [queued]>
[2022-06-12 16:59:00,370] {taskinstance.py:1356} INFO - 
--------------------------------------------------------------------------------
[2022-06-12 16:59:00,371] {taskinstance.py:1357} INFO - Starting attempt 1 of 1
[2022-06-12 16:59:00,371] {taskinstance.py:1358} INFO - 
--------------------------------------------------------------------------------
[2022-06-12 16:59:00,438] {taskinstance.py:1377} INFO - Executing <Task(_PythonDecoratedOperator): get_data_to_ingest_from_local_file_task> on 2022-06-12 03:03:00+00:00
[2022-06-12 16:59:00,444] {standard_task_runner.py:52} INFO - Started process 6466 to run task
[2022-06-12 16:59:00,449] {standard_task_runner.py:79} INFO - Running: ['airflow', 'tasks', 'run', 'ingest_data', 'get_data_to_ingest_from_local_file_task', 'scheduled__2022-06-12T03:03:00+00:00', '--job-id', '759', '--raw', '--subdir', 'DAGS_FOLDER/ingestion_dag.py', '--cfg-path', '/tmp/tmp3fb8hs69', '--error-file', '/tmp/tmp4h7l73sv']
[2022-06-12 16:59:00,450] {standard_task_runner.py:80} INFO - Job 759: Subtask get_data_to_ingest_from_local_file_task
[2022-06-12 16:59:00,586] {task_command.py:370} INFO - Running <TaskInstance: ingest_data.get_data_to_ingest_from_local_file_task scheduled__2022-06-12T03:03:00+00:00 [running]> on host DESKTOP-GDPK8BL.localdomain
[2022-06-12 16:59:01,054] {taskinstance.py:1569} INFO - Exporting the following env vars:
AIRFLOW_CTX_DAG_OWNER=airflow
AIRFLOW_CTX_DAG_ID=ingest_data
AIRFLOW_CTX_TASK_ID=get_data_to_ingest_from_local_file_task
AIRFLOW_CTX_EXECUTION_DATE=2022-06-12T03:03:00+00:00
AIRFLOW_CTX_TRY_NUMBER=1
AIRFLOW_CTX_DAG_RUN_ID=scheduled__2022-06-12T03:03:00+00:00
[2022-06-12 16:59:01,127] {python.py:173} INFO - Done. Returned value was:           AT      V       AP     RH      PE
1520   13.06  44.20  1018.95  85.68  469.02
30929  16.82  49.15  1020.68  72.07  462.22
30700  21.47  58.79  1017.00  76.97  446.33
25316  22.49  56.90  1007.65  63.34  449.64
15935  23.07  65.46  1014.07  46.77  446.19
[2022-06-12 16:59:01,289] {taskinstance.py:1395} INFO - Marking task as SUCCESS. dag_id=ingest_data, task_id=get_data_to_ingest_from_local_file_task, execution_date=20220612T030300, start_date=20220612T145900, end_date=20220612T145901
[2022-06-12 16:59:01,387] {local_task_job.py:156} INFO - Task exited with return code 0
[2022-06-12 16:59:01,794] {local_task_job.py:273} INFO - 1 downstream tasks scheduled from follow-on schedule check
