[2022-06-12 17:23:11,284] {taskinstance.py:1159} INFO - Dependencies all met for <TaskInstance: ingest_data.get_data_to_ingest_from_local_file_task scheduled__2022-06-12T05:23:00+00:00 [queued]>
[2022-06-12 17:23:11,324] {taskinstance.py:1159} INFO - Dependencies all met for <TaskInstance: ingest_data.get_data_to_ingest_from_local_file_task scheduled__2022-06-12T05:23:00+00:00 [queued]>
[2022-06-12 17:23:11,324] {taskinstance.py:1356} INFO - 
--------------------------------------------------------------------------------
[2022-06-12 17:23:11,325] {taskinstance.py:1357} INFO - Starting attempt 1 of 1
[2022-06-12 17:23:11,326] {taskinstance.py:1358} INFO - 
--------------------------------------------------------------------------------
[2022-06-12 17:23:11,400] {taskinstance.py:1377} INFO - Executing <Task(_PythonDecoratedOperator): get_data_to_ingest_from_local_file_task> on 2022-06-12 05:23:00+00:00
[2022-06-12 17:23:11,406] {standard_task_runner.py:52} INFO - Started process 8544 to run task
[2022-06-12 17:23:11,413] {standard_task_runner.py:79} INFO - Running: ['airflow', 'tasks', 'run', 'ingest_data', 'get_data_to_ingest_from_local_file_task', 'scheduled__2022-06-12T05:23:00+00:00', '--job-id', '1039', '--raw', '--subdir', 'DAGS_FOLDER/ingestion_dag.py', '--cfg-path', '/tmp/tmpl8z1oe75', '--error-file', '/tmp/tmpj0utzimm']
[2022-06-12 17:23:11,427] {standard_task_runner.py:80} INFO - Job 1039: Subtask get_data_to_ingest_from_local_file_task
[2022-06-12 17:23:11,584] {task_command.py:370} INFO - Running <TaskInstance: ingest_data.get_data_to_ingest_from_local_file_task scheduled__2022-06-12T05:23:00+00:00 [running]> on host DESKTOP-GDPK8BL.localdomain
[2022-06-12 17:23:12,026] {taskinstance.py:1569} INFO - Exporting the following env vars:
AIRFLOW_CTX_DAG_OWNER=airflow
AIRFLOW_CTX_DAG_ID=ingest_data
AIRFLOW_CTX_TASK_ID=get_data_to_ingest_from_local_file_task
AIRFLOW_CTX_EXECUTION_DATE=2022-06-12T05:23:00+00:00
AIRFLOW_CTX_TRY_NUMBER=1
AIRFLOW_CTX_DAG_RUN_ID=scheduled__2022-06-12T05:23:00+00:00
[2022-06-12 17:23:12,101] {python.py:173} INFO - Done. Returned value was:           AT      V       AP     RH      PE
2766   22.52  67.32  1011.40  66.20  443.49
30013   7.76  37.70  1014.82  76.47  480.70
7698   11.51  41.06  1021.30  78.11  476.91
29851  23.04  63.86  1019.83  59.78  446.22
8824   16.81  45.87  1008.70  98.00  455.96
[2022-06-12 17:23:12,255] {taskinstance.py:1395} INFO - Marking task as SUCCESS. dag_id=ingest_data, task_id=get_data_to_ingest_from_local_file_task, execution_date=20220612T052300, start_date=20220612T152311, end_date=20220612T152312
[2022-06-12 17:23:12,360] {local_task_job.py:156} INFO - Task exited with return code 0
[2022-06-12 17:23:12,615] {local_task_job.py:273} INFO - 1 downstream tasks scheduled from follow-on schedule check
