[2022-06-12 14:43:06,960] {taskinstance.py:1159} INFO - Dependencies all met for <TaskInstance: ingest_data.get_data_to_ingest_from_local_file_task scheduled__2022-06-11T21:02:00+00:00 [queued]>
[2022-06-12 14:43:06,984] {taskinstance.py:1159} INFO - Dependencies all met for <TaskInstance: ingest_data.get_data_to_ingest_from_local_file_task scheduled__2022-06-11T21:02:00+00:00 [queued]>
[2022-06-12 14:43:06,984] {taskinstance.py:1356} INFO - 
--------------------------------------------------------------------------------
[2022-06-12 14:43:06,986] {taskinstance.py:1357} INFO - Starting attempt 1 of 1
[2022-06-12 14:43:06,986] {taskinstance.py:1358} INFO - 
--------------------------------------------------------------------------------
[2022-06-12 14:43:07,038] {taskinstance.py:1377} INFO - Executing <Task(_PythonDecoratedOperator): get_data_to_ingest_from_local_file_task> on 2022-06-11 21:02:00+00:00
[2022-06-12 14:43:07,044] {standard_task_runner.py:52} INFO - Started process 718 to run task
[2022-06-12 14:43:07,050] {standard_task_runner.py:79} INFO - Running: ['airflow', 'tasks', 'run', 'ingest_data', 'get_data_to_ingest_from_local_file_task', 'scheduled__2022-06-11T21:02:00+00:00', '--job-id', '19', '--raw', '--subdir', 'DAGS_FOLDER/ingestion_dag.py', '--cfg-path', '/tmp/tmpyc0mnf02', '--error-file', '/tmp/tmp8315frpi']
[2022-06-12 14:43:07,052] {standard_task_runner.py:80} INFO - Job 19: Subtask get_data_to_ingest_from_local_file_task
[2022-06-12 14:43:07,196] {task_command.py:370} INFO - Running <TaskInstance: ingest_data.get_data_to_ingest_from_local_file_task scheduled__2022-06-11T21:02:00+00:00 [running]> on host DESKTOP-GDPK8BL.localdomain
[2022-06-12 14:43:07,552] {taskinstance.py:1569} INFO - Exporting the following env vars:
AIRFLOW_CTX_DAG_OWNER=airflow
AIRFLOW_CTX_DAG_ID=ingest_data
AIRFLOW_CTX_TASK_ID=get_data_to_ingest_from_local_file_task
AIRFLOW_CTX_EXECUTION_DATE=2022-06-11T21:02:00+00:00
AIRFLOW_CTX_TRY_NUMBER=1
AIRFLOW_CTX_DAG_RUN_ID=scheduled__2022-06-11T21:02:00+00:00
[2022-06-12 14:43:07,662] {python.py:173} INFO - Done. Returned value was:           AT      V       AP     RH      PE
15579  32.89  73.68  1014.45  52.34  426.46
18544  18.60  43.56  1013.90  51.16  464.67
31368  11.46  44.85  1014.30  63.24  475.33
30851  17.51  53.16  1013.13  82.86  457.45
35273  11.61  39.69  1006.85  83.69  470.78
[2022-06-12 14:43:07,788] {taskinstance.py:1395} INFO - Marking task as SUCCESS. dag_id=ingest_data, task_id=get_data_to_ingest_from_local_file_task, execution_date=20220611T210200, start_date=20220612T124306, end_date=20220612T124307
[2022-06-12 14:43:07,871] {local_task_job.py:156} INFO - Task exited with return code 0
[2022-06-12 14:43:08,148] {local_task_job.py:273} INFO - 1 downstream tasks scheduled from follow-on schedule check
