[2022-06-12 16:25:04,830] {taskinstance.py:1159} INFO - Dependencies all met for <TaskInstance: ingest_data.get_data_to_ingest_from_local_file_task scheduled__2022-06-11T23:47:00+00:00 [queued]>
[2022-06-12 16:25:04,860] {taskinstance.py:1159} INFO - Dependencies all met for <TaskInstance: ingest_data.get_data_to_ingest_from_local_file_task scheduled__2022-06-11T23:47:00+00:00 [queued]>
[2022-06-12 16:25:04,861] {taskinstance.py:1356} INFO - 
--------------------------------------------------------------------------------
[2022-06-12 16:25:04,861] {taskinstance.py:1357} INFO - Starting attempt 1 of 1
[2022-06-12 16:25:04,862] {taskinstance.py:1358} INFO - 
--------------------------------------------------------------------------------
[2022-06-12 16:25:04,937] {taskinstance.py:1377} INFO - Executing <Task(_PythonDecoratedOperator): get_data_to_ingest_from_local_file_task> on 2022-06-11 23:47:00+00:00
[2022-06-12 16:25:04,946] {standard_task_runner.py:52} INFO - Started process 3550 to run task
[2022-06-12 16:25:04,952] {standard_task_runner.py:79} INFO - Running: ['airflow', 'tasks', 'run', 'ingest_data', 'get_data_to_ingest_from_local_file_task', 'scheduled__2022-06-11T23:47:00+00:00', '--job-id', '367', '--raw', '--subdir', 'DAGS_FOLDER/ingestion_dag.py', '--cfg-path', '/tmp/tmpsstbywg7', '--error-file', '/tmp/tmpik61lavk']
[2022-06-12 16:25:04,953] {standard_task_runner.py:80} INFO - Job 367: Subtask get_data_to_ingest_from_local_file_task
[2022-06-12 16:25:05,074] {task_command.py:370} INFO - Running <TaskInstance: ingest_data.get_data_to_ingest_from_local_file_task scheduled__2022-06-11T23:47:00+00:00 [running]> on host DESKTOP-GDPK8BL.localdomain
[2022-06-12 16:25:05,389] {taskinstance.py:1569} INFO - Exporting the following env vars:
AIRFLOW_CTX_DAG_OWNER=airflow
AIRFLOW_CTX_DAG_ID=ingest_data
AIRFLOW_CTX_TASK_ID=get_data_to_ingest_from_local_file_task
AIRFLOW_CTX_EXECUTION_DATE=2022-06-11T23:47:00+00:00
AIRFLOW_CTX_TRY_NUMBER=1
AIRFLOW_CTX_DAG_RUN_ID=scheduled__2022-06-11T23:47:00+00:00
[2022-06-12 16:25:05,461] {python.py:173} INFO - Done. Returned value was:           AT      V       AP     RH      PE
32308  31.07  70.32  1011.74  65.91  436.16
21776  33.43  69.88  1006.86  44.84  435.59
33781  25.31  65.59  1011.16  79.71  440.96
42200  12.41  37.92  1008.09  65.23  470.49
39066  26.85  74.16  1008.66  93.80  431.16
[2022-06-12 16:25:05,563] {taskinstance.py:1395} INFO - Marking task as SUCCESS. dag_id=ingest_data, task_id=get_data_to_ingest_from_local_file_task, execution_date=20220611T234700, start_date=20220612T142504, end_date=20220612T142505
[2022-06-12 16:25:05,648] {local_task_job.py:156} INFO - Task exited with return code 0
[2022-06-12 16:25:05,867] {local_task_job.py:273} INFO - 1 downstream tasks scheduled from follow-on schedule check
