[2022-06-12 16:13:18,658] {taskinstance.py:1159} INFO - Dependencies all met for <TaskInstance: ingest_data.get_data_to_ingest_from_local_file_task scheduled__2022-06-11T22:40:00+00:00 [queued]>
[2022-06-12 16:13:18,683] {taskinstance.py:1159} INFO - Dependencies all met for <TaskInstance: ingest_data.get_data_to_ingest_from_local_file_task scheduled__2022-06-11T22:40:00+00:00 [queued]>
[2022-06-12 16:13:18,684] {taskinstance.py:1356} INFO - 
--------------------------------------------------------------------------------
[2022-06-12 16:13:18,685] {taskinstance.py:1357} INFO - Starting attempt 1 of 1
[2022-06-12 16:13:18,685] {taskinstance.py:1358} INFO - 
--------------------------------------------------------------------------------
[2022-06-12 16:13:18,745] {taskinstance.py:1377} INFO - Executing <Task(_PythonDecoratedOperator): get_data_to_ingest_from_local_file_task> on 2022-06-11 22:40:00+00:00
[2022-06-12 16:13:18,753] {standard_task_runner.py:52} INFO - Started process 2444 to run task
[2022-06-12 16:13:18,759] {standard_task_runner.py:79} INFO - Running: ['airflow', 'tasks', 'run', 'ingest_data', 'get_data_to_ingest_from_local_file_task', 'scheduled__2022-06-11T22:40:00+00:00', '--job-id', '234', '--raw', '--subdir', 'DAGS_FOLDER/ingestion_dag.py', '--cfg-path', '/tmp/tmp4hop62h_', '--error-file', '/tmp/tmpvnetqw8l']
[2022-06-12 16:13:18,769] {standard_task_runner.py:80} INFO - Job 234: Subtask get_data_to_ingest_from_local_file_task
[2022-06-12 16:13:18,916] {task_command.py:370} INFO - Running <TaskInstance: ingest_data.get_data_to_ingest_from_local_file_task scheduled__2022-06-11T22:40:00+00:00 [running]> on host DESKTOP-GDPK8BL.localdomain
[2022-06-12 16:13:19,258] {taskinstance.py:1569} INFO - Exporting the following env vars:
AIRFLOW_CTX_DAG_OWNER=airflow
AIRFLOW_CTX_DAG_ID=ingest_data
AIRFLOW_CTX_TASK_ID=get_data_to_ingest_from_local_file_task
AIRFLOW_CTX_EXECUTION_DATE=2022-06-11T22:40:00+00:00
AIRFLOW_CTX_TRY_NUMBER=1
AIRFLOW_CTX_DAG_RUN_ID=scheduled__2022-06-11T22:40:00+00:00
[2022-06-12 16:13:19,334] {python.py:173} INFO - Done. Returned value was:           AT      V       AP     RH      PE
22847  16.14  44.63  1019.44  47.85  463.50
4202    8.55  36.25  1029.54  85.23  480.68
38923  29.92  67.22  1014.09  50.62  444.78
43054  10.84  39.18  1023.64  87.10  474.49
14810  10.66  37.50  1009.42  95.86  472.86
[2022-06-12 16:13:19,456] {taskinstance.py:1395} INFO - Marking task as SUCCESS. dag_id=ingest_data, task_id=get_data_to_ingest_from_local_file_task, execution_date=20220611T224000, start_date=20220612T141318, end_date=20220612T141319
[2022-06-12 16:13:19,543] {local_task_job.py:156} INFO - Task exited with return code 0
[2022-06-12 16:13:19,747] {local_task_job.py:273} INFO - 1 downstream tasks scheduled from follow-on schedule check
