[2022-06-12 16:40:56,381] {taskinstance.py:1159} INFO - Dependencies all met for <TaskInstance: ingest_data.get_data_to_ingest_from_local_file_task scheduled__2022-06-12T01:23:00+00:00 [queued]>
[2022-06-12 16:40:56,413] {taskinstance.py:1159} INFO - Dependencies all met for <TaskInstance: ingest_data.get_data_to_ingest_from_local_file_task scheduled__2022-06-12T01:23:00+00:00 [queued]>
[2022-06-12 16:40:56,414] {taskinstance.py:1356} INFO - 
--------------------------------------------------------------------------------
[2022-06-12 16:40:56,414] {taskinstance.py:1357} INFO - Starting attempt 1 of 1
[2022-06-12 16:40:56,415] {taskinstance.py:1358} INFO - 
--------------------------------------------------------------------------------
[2022-06-12 16:40:56,476] {taskinstance.py:1377} INFO - Executing <Task(_PythonDecoratedOperator): get_data_to_ingest_from_local_file_task> on 2022-06-12 01:23:00+00:00
[2022-06-12 16:40:56,482] {standard_task_runner.py:52} INFO - Started process 4984 to run task
[2022-06-12 16:40:56,487] {standard_task_runner.py:79} INFO - Running: ['airflow', 'tasks', 'run', 'ingest_data', 'get_data_to_ingest_from_local_file_task', 'scheduled__2022-06-12T01:23:00+00:00', '--job-id', '560', '--raw', '--subdir', 'DAGS_FOLDER/ingestion_dag.py', '--cfg-path', '/tmp/tmphc7kb3ix', '--error-file', '/tmp/tmpxeup9ss3']
[2022-06-12 16:40:56,490] {standard_task_runner.py:80} INFO - Job 560: Subtask get_data_to_ingest_from_local_file_task
[2022-06-12 16:40:56,649] {task_command.py:370} INFO - Running <TaskInstance: ingest_data.get_data_to_ingest_from_local_file_task scheduled__2022-06-12T01:23:00+00:00 [running]> on host DESKTOP-GDPK8BL.localdomain
[2022-06-12 16:40:57,077] {taskinstance.py:1569} INFO - Exporting the following env vars:
AIRFLOW_CTX_DAG_OWNER=airflow
AIRFLOW_CTX_DAG_ID=ingest_data
AIRFLOW_CTX_TASK_ID=get_data_to_ingest_from_local_file_task
AIRFLOW_CTX_EXECUTION_DATE=2022-06-12T01:23:00+00:00
AIRFLOW_CTX_TRY_NUMBER=1
AIRFLOW_CTX_DAG_RUN_ID=scheduled__2022-06-12T01:23:00+00:00
[2022-06-12 16:40:57,162] {python.py:173} INFO - Done. Returned value was:           AT      V       AP     RH      PE
6883   12.27  41.17  1019.39  52.18  473.84
1682    6.82  41.03  1022.12  87.63  489.64
42607  21.43  63.94  1017.28  57.49  449.02
6795   22.78  71.77  1005.26  89.23  435.46
13573  26.22  65.34  1015.17  47.25  444.06
[2022-06-12 16:40:57,346] {taskinstance.py:1395} INFO - Marking task as SUCCESS. dag_id=ingest_data, task_id=get_data_to_ingest_from_local_file_task, execution_date=20220612T012300, start_date=20220612T144056, end_date=20220612T144057
[2022-06-12 16:40:57,470] {local_task_job.py:156} INFO - Task exited with return code 0
[2022-06-12 16:40:57,746] {local_task_job.py:273} INFO - 1 downstream tasks scheduled from follow-on schedule check
