[2022-06-12 17:48:51,303] {taskinstance.py:1159} INFO - Dependencies all met for <TaskInstance: ingest_data.get_data_to_ingest_from_local_file_task scheduled__2022-06-12T08:06:00+00:00 [queued]>
[2022-06-12 17:48:51,335] {taskinstance.py:1159} INFO - Dependencies all met for <TaskInstance: ingest_data.get_data_to_ingest_from_local_file_task scheduled__2022-06-12T08:06:00+00:00 [queued]>
[2022-06-12 17:48:51,336] {taskinstance.py:1356} INFO - 
--------------------------------------------------------------------------------
[2022-06-12 17:48:51,336] {taskinstance.py:1357} INFO - Starting attempt 1 of 1
[2022-06-12 17:48:51,337] {taskinstance.py:1358} INFO - 
--------------------------------------------------------------------------------
[2022-06-12 17:48:51,402] {taskinstance.py:1377} INFO - Executing <Task(_PythonDecoratedOperator): get_data_to_ingest_from_local_file_task> on 2022-06-12 08:06:00+00:00
[2022-06-12 17:48:51,408] {standard_task_runner.py:52} INFO - Started process 10952 to run task
[2022-06-12 17:48:51,414] {standard_task_runner.py:79} INFO - Running: ['airflow', 'tasks', 'run', 'ingest_data', 'get_data_to_ingest_from_local_file_task', 'scheduled__2022-06-12T08:06:00+00:00', '--job-id', '1365', '--raw', '--subdir', 'DAGS_FOLDER/ingestion_dag.py', '--cfg-path', '/tmp/tmpc57zpiwn', '--error-file', '/tmp/tmpk64r5h8w']
[2022-06-12 17:48:51,415] {standard_task_runner.py:80} INFO - Job 1365: Subtask get_data_to_ingest_from_local_file_task
[2022-06-12 17:48:51,536] {task_command.py:370} INFO - Running <TaskInstance: ingest_data.get_data_to_ingest_from_local_file_task scheduled__2022-06-12T08:06:00+00:00 [running]> on host DESKTOP-GDPK8BL.localdomain
[2022-06-12 17:48:52,033] {taskinstance.py:1569} INFO - Exporting the following env vars:
AIRFLOW_CTX_DAG_OWNER=airflow
AIRFLOW_CTX_DAG_ID=ingest_data
AIRFLOW_CTX_TASK_ID=get_data_to_ingest_from_local_file_task
AIRFLOW_CTX_EXECUTION_DATE=2022-06-12T08:06:00+00:00
AIRFLOW_CTX_TRY_NUMBER=1
AIRFLOW_CTX_DAG_RUN_ID=scheduled__2022-06-12T08:06:00+00:00
[2022-06-12 17:48:52,110] {python.py:173} INFO - Done. Returned value was:           AT      V       AP      RH      PE
1633   32.90  68.51  1012.95   50.09  430.23
11835  29.55  66.25  1009.38   69.55  436.29
43869  14.51  41.79  1009.72   80.62  459.14
25370   9.20  39.82  1013.19   91.25  482.89
18320  12.14  48.04  1011.80  100.13  465.08
[2022-06-12 17:48:52,328] {taskinstance.py:1395} INFO - Marking task as SUCCESS. dag_id=ingest_data, task_id=get_data_to_ingest_from_local_file_task, execution_date=20220612T080600, start_date=20220612T154851, end_date=20220612T154852
[2022-06-12 17:48:52,433] {local_task_job.py:156} INFO - Task exited with return code 0
[2022-06-12 17:48:52,695] {local_task_job.py:273} INFO - 1 downstream tasks scheduled from follow-on schedule check
