[2022-06-12 16:53:37,425] {taskinstance.py:1159} INFO - Dependencies all met for <TaskInstance: ingest_data.get_data_to_ingest_from_local_file_task scheduled__2022-06-12T02:33:00+00:00 [queued]>
[2022-06-12 16:53:37,451] {taskinstance.py:1159} INFO - Dependencies all met for <TaskInstance: ingest_data.get_data_to_ingest_from_local_file_task scheduled__2022-06-12T02:33:00+00:00 [queued]>
[2022-06-12 16:53:37,451] {taskinstance.py:1356} INFO - 
--------------------------------------------------------------------------------
[2022-06-12 16:53:37,452] {taskinstance.py:1357} INFO - Starting attempt 1 of 1
[2022-06-12 16:53:37,452] {taskinstance.py:1358} INFO - 
--------------------------------------------------------------------------------
[2022-06-12 16:53:37,506] {taskinstance.py:1377} INFO - Executing <Task(_PythonDecoratedOperator): get_data_to_ingest_from_local_file_task> on 2022-06-12 02:33:00+00:00
[2022-06-12 16:53:37,511] {standard_task_runner.py:52} INFO - Started process 6017 to run task
[2022-06-12 16:53:37,517] {standard_task_runner.py:79} INFO - Running: ['airflow', 'tasks', 'run', 'ingest_data', 'get_data_to_ingest_from_local_file_task', 'scheduled__2022-06-12T02:33:00+00:00', '--job-id', '699', '--raw', '--subdir', 'DAGS_FOLDER/ingestion_dag.py', '--cfg-path', '/tmp/tmpumpatj5t', '--error-file', '/tmp/tmp74xm_5pv']
[2022-06-12 16:53:37,518] {standard_task_runner.py:80} INFO - Job 699: Subtask get_data_to_ingest_from_local_file_task
[2022-06-12 16:53:37,779] {task_command.py:370} INFO - Running <TaskInstance: ingest_data.get_data_to_ingest_from_local_file_task scheduled__2022-06-12T02:33:00+00:00 [running]> on host DESKTOP-GDPK8BL.localdomain
[2022-06-12 16:53:38,166] {taskinstance.py:1569} INFO - Exporting the following env vars:
AIRFLOW_CTX_DAG_OWNER=airflow
AIRFLOW_CTX_DAG_ID=ingest_data
AIRFLOW_CTX_TASK_ID=get_data_to_ingest_from_local_file_task
AIRFLOW_CTX_EXECUTION_DATE=2022-06-12T02:33:00+00:00
AIRFLOW_CTX_TRY_NUMBER=1
AIRFLOW_CTX_DAG_RUN_ID=scheduled__2022-06-12T02:33:00+00:00
[2022-06-12 16:53:38,237] {python.py:173} INFO - Done. Returned value was:           AT      V       AP     RH      PE
28341  32.55  69.89  1013.87  40.09  428.84
46576  15.87  45.00  1021.92  40.00  470.85
17721   7.53  41.74  1022.45  90.85  487.25
20004  33.79  69.05  1001.62  40.13  435.10
22798  12.72  40.60  1013.45  86.16  471.23
[2022-06-12 16:53:38,398] {taskinstance.py:1395} INFO - Marking task as SUCCESS. dag_id=ingest_data, task_id=get_data_to_ingest_from_local_file_task, execution_date=20220612T023300, start_date=20220612T145337, end_date=20220612T145338
[2022-06-12 16:53:38,496] {local_task_job.py:156} INFO - Task exited with return code 0
[2022-06-12 16:53:38,698] {local_task_job.py:273} INFO - 1 downstream tasks scheduled from follow-on schedule check
