[2022-06-12 17:27:15,583] {taskinstance.py:1159} INFO - Dependencies all met for <TaskInstance: ingest_data.get_data_to_ingest_from_local_file_task scheduled__2022-06-12T05:48:00+00:00 [queued]>
[2022-06-12 17:27:15,621] {taskinstance.py:1159} INFO - Dependencies all met for <TaskInstance: ingest_data.get_data_to_ingest_from_local_file_task scheduled__2022-06-12T05:48:00+00:00 [queued]>
[2022-06-12 17:27:15,621] {taskinstance.py:1356} INFO - 
--------------------------------------------------------------------------------
[2022-06-12 17:27:15,622] {taskinstance.py:1357} INFO - Starting attempt 1 of 1
[2022-06-12 17:27:15,623] {taskinstance.py:1358} INFO - 
--------------------------------------------------------------------------------
[2022-06-12 17:27:15,701] {taskinstance.py:1377} INFO - Executing <Task(_PythonDecoratedOperator): get_data_to_ingest_from_local_file_task> on 2022-06-12 05:48:00+00:00
[2022-06-12 17:27:15,709] {standard_task_runner.py:52} INFO - Started process 8922 to run task
[2022-06-12 17:27:15,715] {standard_task_runner.py:79} INFO - Running: ['airflow', 'tasks', 'run', 'ingest_data', 'get_data_to_ingest_from_local_file_task', 'scheduled__2022-06-12T05:48:00+00:00', '--job-id', '1090', '--raw', '--subdir', 'DAGS_FOLDER/ingestion_dag.py', '--cfg-path', '/tmp/tmpv7t1rtju', '--error-file', '/tmp/tmpidgid0is']
[2022-06-12 17:27:15,717] {standard_task_runner.py:80} INFO - Job 1090: Subtask get_data_to_ingest_from_local_file_task
[2022-06-12 17:27:15,877] {task_command.py:370} INFO - Running <TaskInstance: ingest_data.get_data_to_ingest_from_local_file_task scheduled__2022-06-12T05:48:00+00:00 [running]> on host DESKTOP-GDPK8BL.localdomain
[2022-06-12 17:27:16,318] {taskinstance.py:1569} INFO - Exporting the following env vars:
AIRFLOW_CTX_DAG_OWNER=airflow
AIRFLOW_CTX_DAG_ID=ingest_data
AIRFLOW_CTX_TASK_ID=get_data_to_ingest_from_local_file_task
AIRFLOW_CTX_EXECUTION_DATE=2022-06-12T05:48:00+00:00
AIRFLOW_CTX_TRY_NUMBER=1
AIRFLOW_CTX_DAG_RUN_ID=scheduled__2022-06-12T05:48:00+00:00
[2022-06-12 17:27:16,403] {python.py:173} INFO - Done. Returned value was:           AT      V       AP     RH      PE
35041  12.89  48.14  1017.48  83.95  463.77
22188  27.31  59.54  1006.24  71.99  440.13
28118  10.35  38.38  1020.77  74.55  477.76
26987   9.03  40.71  1025.98  81.94  484.97
4550   17.57  43.70  1015.53  67.22  463.64
[2022-06-12 17:27:16,562] {taskinstance.py:1395} INFO - Marking task as SUCCESS. dag_id=ingest_data, task_id=get_data_to_ingest_from_local_file_task, execution_date=20220612T054800, start_date=20220612T152715, end_date=20220612T152716
[2022-06-12 17:27:16,653] {local_task_job.py:156} INFO - Task exited with return code 0
[2022-06-12 17:27:16,902] {local_task_job.py:273} INFO - 1 downstream tasks scheduled from follow-on schedule check
