[2022-06-12 17:04:39,811] {taskinstance.py:1159} INFO - Dependencies all met for <TaskInstance: ingest_data.get_data_to_ingest_from_local_file_task scheduled__2022-06-12T03:37:00+00:00 [queued]>
[2022-06-12 17:04:39,843] {taskinstance.py:1159} INFO - Dependencies all met for <TaskInstance: ingest_data.get_data_to_ingest_from_local_file_task scheduled__2022-06-12T03:37:00+00:00 [queued]>
[2022-06-12 17:04:39,843] {taskinstance.py:1356} INFO - 
--------------------------------------------------------------------------------
[2022-06-12 17:04:39,844] {taskinstance.py:1357} INFO - Starting attempt 1 of 1
[2022-06-12 17:04:39,845] {taskinstance.py:1358} INFO - 
--------------------------------------------------------------------------------
[2022-06-12 17:04:39,927] {taskinstance.py:1377} INFO - Executing <Task(_PythonDecoratedOperator): get_data_to_ingest_from_local_file_task> on 2022-06-12 03:37:00+00:00
[2022-06-12 17:04:39,934] {standard_task_runner.py:52} INFO - Started process 6977 to run task
[2022-06-12 17:04:39,946] {standard_task_runner.py:79} INFO - Running: ['airflow', 'tasks', 'run', 'ingest_data', 'get_data_to_ingest_from_local_file_task', 'scheduled__2022-06-12T03:37:00+00:00', '--job-id', '828', '--raw', '--subdir', 'DAGS_FOLDER/ingestion_dag.py', '--cfg-path', '/tmp/tmp8b3787kp', '--error-file', '/tmp/tmpoqwsw3hs']
[2022-06-12 17:04:39,951] {standard_task_runner.py:80} INFO - Job 828: Subtask get_data_to_ingest_from_local_file_task
[2022-06-12 17:04:40,231] {task_command.py:370} INFO - Running <TaskInstance: ingest_data.get_data_to_ingest_from_local_file_task scheduled__2022-06-12T03:37:00+00:00 [running]> on host DESKTOP-GDPK8BL.localdomain
[2022-06-12 17:04:40,680] {taskinstance.py:1569} INFO - Exporting the following env vars:
AIRFLOW_CTX_DAG_OWNER=airflow
AIRFLOW_CTX_DAG_ID=ingest_data
AIRFLOW_CTX_TASK_ID=get_data_to_ingest_from_local_file_task
AIRFLOW_CTX_EXECUTION_DATE=2022-06-12T03:37:00+00:00
AIRFLOW_CTX_TRY_NUMBER=1
AIRFLOW_CTX_DAG_RUN_ID=scheduled__2022-06-12T03:37:00+00:00
[2022-06-12 17:04:40,760] {python.py:173} INFO - Done. Returned value was:           AT      V       AP     RH      PE
31801  25.27  67.07  1006.34  66.35  445.81
25313  13.39  44.58  1016.50  79.26  474.70
13017  14.65  44.84  1023.39  87.76  467.18
33270  30.80  73.56  1007.39  75.78  432.43
37226  15.49  54.30  1017.59  71.26  464.24
[2022-06-12 17:04:40,943] {taskinstance.py:1395} INFO - Marking task as SUCCESS. dag_id=ingest_data, task_id=get_data_to_ingest_from_local_file_task, execution_date=20220612T033700, start_date=20220612T150439, end_date=20220612T150440
[2022-06-12 17:04:41,046] {local_task_job.py:156} INFO - Task exited with return code 0
[2022-06-12 17:04:41,294] {local_task_job.py:273} INFO - 1 downstream tasks scheduled from follow-on schedule check
