[2022-06-12 16:22:17,057] {taskinstance.py:1159} INFO - Dependencies all met for <TaskInstance: ingest_data.get_data_to_ingest_from_local_file_task scheduled__2022-06-11T23:33:00+00:00 [queued]>
[2022-06-12 16:22:17,126] {taskinstance.py:1159} INFO - Dependencies all met for <TaskInstance: ingest_data.get_data_to_ingest_from_local_file_task scheduled__2022-06-11T23:33:00+00:00 [queued]>
[2022-06-12 16:22:17,127] {taskinstance.py:1356} INFO - 
--------------------------------------------------------------------------------
[2022-06-12 16:22:17,128] {taskinstance.py:1357} INFO - Starting attempt 1 of 1
[2022-06-12 16:22:17,130] {taskinstance.py:1358} INFO - 
--------------------------------------------------------------------------------
[2022-06-12 16:22:17,249] {taskinstance.py:1377} INFO - Executing <Task(_PythonDecoratedOperator): get_data_to_ingest_from_local_file_task> on 2022-06-11 23:33:00+00:00
[2022-06-12 16:22:17,260] {standard_task_runner.py:52} INFO - Started process 3345 to run task
[2022-06-12 16:22:17,267] {standard_task_runner.py:79} INFO - Running: ['airflow', 'tasks', 'run', 'ingest_data', 'get_data_to_ingest_from_local_file_task', 'scheduled__2022-06-11T23:33:00+00:00', '--job-id', '340', '--raw', '--subdir', 'DAGS_FOLDER/ingestion_dag.py', '--cfg-path', '/tmp/tmpi8gu_hkk', '--error-file', '/tmp/tmp04s5we5p']
[2022-06-12 16:22:17,270] {standard_task_runner.py:80} INFO - Job 340: Subtask get_data_to_ingest_from_local_file_task
[2022-06-12 16:22:17,598] {task_command.py:370} INFO - Running <TaskInstance: ingest_data.get_data_to_ingest_from_local_file_task scheduled__2022-06-11T23:33:00+00:00 [running]> on host DESKTOP-GDPK8BL.localdomain
[2022-06-12 16:22:27,064] {taskinstance.py:1569} INFO - Exporting the following env vars:
AIRFLOW_CTX_DAG_OWNER=airflow
AIRFLOW_CTX_DAG_ID=ingest_data
AIRFLOW_CTX_TASK_ID=get_data_to_ingest_from_local_file_task
AIRFLOW_CTX_EXECUTION_DATE=2022-06-11T23:33:00+00:00
AIRFLOW_CTX_TRY_NUMBER=1
AIRFLOW_CTX_DAG_RUN_ID=scheduled__2022-06-11T23:33:00+00:00
[2022-06-12 16:22:28,508] {python.py:173} INFO - Done. Returned value was:           AT      V       AP     RH      PE
2687    7.65  36.30  1016.50  65.51  482.56
16663   5.25  42.85  1013.75  89.67  477.78
15263  17.08  40.12  1012.17  81.50  457.81
31701  22.67  62.52  1016.47  65.63  449.34
44454  31.24  68.30  1015.89  42.84  435.20
[2022-06-12 16:22:30,210] {taskinstance.py:1395} INFO - Marking task as SUCCESS. dag_id=ingest_data, task_id=get_data_to_ingest_from_local_file_task, execution_date=20220611T233300, start_date=20220612T142217, end_date=20220612T142230
[2022-06-12 16:22:30,519] {local_task_job.py:156} INFO - Task exited with return code 0
[2022-06-12 16:22:31,366] {local_task_job.py:273} INFO - 1 downstream tasks scheduled from follow-on schedule check
