[2022-06-12 16:30:42,117] {taskinstance.py:1159} INFO - Dependencies all met for <TaskInstance: ingest_data.get_data_to_ingest_from_local_file_task scheduled__2022-06-12T00:21:00+00:00 [queued]>
[2022-06-12 16:30:42,154] {taskinstance.py:1159} INFO - Dependencies all met for <TaskInstance: ingest_data.get_data_to_ingest_from_local_file_task scheduled__2022-06-12T00:21:00+00:00 [queued]>
[2022-06-12 16:30:42,155] {taskinstance.py:1356} INFO - 
--------------------------------------------------------------------------------
[2022-06-12 16:30:42,157] {taskinstance.py:1357} INFO - Starting attempt 1 of 1
[2022-06-12 16:30:42,158] {taskinstance.py:1358} INFO - 
--------------------------------------------------------------------------------
[2022-06-12 16:30:42,238] {taskinstance.py:1377} INFO - Executing <Task(_PythonDecoratedOperator): get_data_to_ingest_from_local_file_task> on 2022-06-12 00:21:00+00:00
[2022-06-12 16:30:42,244] {standard_task_runner.py:52} INFO - Started process 4062 to run task
[2022-06-12 16:30:42,250] {standard_task_runner.py:79} INFO - Running: ['airflow', 'tasks', 'run', 'ingest_data', 'get_data_to_ingest_from_local_file_task', 'scheduled__2022-06-12T00:21:00+00:00', '--job-id', '436', '--raw', '--subdir', 'DAGS_FOLDER/ingestion_dag.py', '--cfg-path', '/tmp/tmpuy4t7oy_', '--error-file', '/tmp/tmpayqc3oi8']
[2022-06-12 16:30:42,251] {standard_task_runner.py:80} INFO - Job 436: Subtask get_data_to_ingest_from_local_file_task
[2022-06-12 16:30:42,366] {task_command.py:370} INFO - Running <TaskInstance: ingest_data.get_data_to_ingest_from_local_file_task scheduled__2022-06-12T00:21:00+00:00 [running]> on host DESKTOP-GDPK8BL.localdomain
[2022-06-12 16:30:42,759] {taskinstance.py:1569} INFO - Exporting the following env vars:
AIRFLOW_CTX_DAG_OWNER=airflow
AIRFLOW_CTX_DAG_ID=ingest_data
AIRFLOW_CTX_TASK_ID=get_data_to_ingest_from_local_file_task
AIRFLOW_CTX_EXECUTION_DATE=2022-06-12T00:21:00+00:00
AIRFLOW_CTX_TRY_NUMBER=1
AIRFLOW_CTX_DAG_RUN_ID=scheduled__2022-06-12T00:21:00+00:00
[2022-06-12 16:30:42,915] {python.py:173} INFO - Done. Returned value was:           AT      V       AP     RH      PE
6550   13.03  39.35  1015.34  79.18  474.02
6963   16.58  41.79  1006.24  72.95  452.95
19703  21.62  50.05  1007.20  92.90  444.16
40282   6.30  39.33  1010.63  94.26  489.95
7055   15.34  41.23   996.87  86.56  465.16
[2022-06-12 16:30:43,068] {taskinstance.py:1395} INFO - Marking task as SUCCESS. dag_id=ingest_data, task_id=get_data_to_ingest_from_local_file_task, execution_date=20220612T002100, start_date=20220612T143042, end_date=20220612T143043
[2022-06-12 16:30:43,149] {local_task_job.py:156} INFO - Task exited with return code 0
[2022-06-12 16:30:43,449] {local_task_job.py:273} INFO - 1 downstream tasks scheduled from follow-on schedule check
