[2022-06-12 17:33:06,747] {taskinstance.py:1159} INFO - Dependencies all met for <TaskInstance: ingest_data.get_data_to_ingest_from_local_file_task scheduled__2022-06-12T06:26:00+00:00 [queued]>
[2022-06-12 17:33:06,774] {taskinstance.py:1159} INFO - Dependencies all met for <TaskInstance: ingest_data.get_data_to_ingest_from_local_file_task scheduled__2022-06-12T06:26:00+00:00 [queued]>
[2022-06-12 17:33:06,775] {taskinstance.py:1356} INFO - 
--------------------------------------------------------------------------------
[2022-06-12 17:33:06,775] {taskinstance.py:1357} INFO - Starting attempt 1 of 1
[2022-06-12 17:33:06,776] {taskinstance.py:1358} INFO - 
--------------------------------------------------------------------------------
[2022-06-12 17:33:06,836] {taskinstance.py:1377} INFO - Executing <Task(_PythonDecoratedOperator): get_data_to_ingest_from_local_file_task> on 2022-06-12 06:26:00+00:00
[2022-06-12 17:33:06,843] {standard_task_runner.py:52} INFO - Started process 9476 to run task
[2022-06-12 17:33:06,850] {standard_task_runner.py:79} INFO - Running: ['airflow', 'tasks', 'run', 'ingest_data', 'get_data_to_ingest_from_local_file_task', 'scheduled__2022-06-12T06:26:00+00:00', '--job-id', '1165', '--raw', '--subdir', 'DAGS_FOLDER/ingestion_dag.py', '--cfg-path', '/tmp/tmppgtfbw9u', '--error-file', '/tmp/tmpl62nu283']
[2022-06-12 17:33:06,852] {standard_task_runner.py:80} INFO - Job 1165: Subtask get_data_to_ingest_from_local_file_task
[2022-06-12 17:33:07,006] {task_command.py:370} INFO - Running <TaskInstance: ingest_data.get_data_to_ingest_from_local_file_task scheduled__2022-06-12T06:26:00+00:00 [running]> on host DESKTOP-GDPK8BL.localdomain
[2022-06-12 17:33:07,478] {taskinstance.py:1569} INFO - Exporting the following env vars:
AIRFLOW_CTX_DAG_OWNER=airflow
AIRFLOW_CTX_DAG_ID=ingest_data
AIRFLOW_CTX_TASK_ID=get_data_to_ingest_from_local_file_task
AIRFLOW_CTX_EXECUTION_DATE=2022-06-12T06:26:00+00:00
AIRFLOW_CTX_TRY_NUMBER=1
AIRFLOW_CTX_DAG_RUN_ID=scheduled__2022-06-12T06:26:00+00:00
[2022-06-12 17:33:07,555] {python.py:173} INFO - Done. Returned value was:           AT      V       AP     RH      PE
38228  21.08  70.32  1011.39  88.79  440.59
32283  31.18  77.95  1014.89  65.62  431.58
31465  17.40  43.14  1018.51  75.31  457.59
40841  24.55  58.86  1015.22  60.53  445.80
17114  23.60  57.17  1009.84  74.27  446.05
[2022-06-12 17:33:07,715] {taskinstance.py:1395} INFO - Marking task as SUCCESS. dag_id=ingest_data, task_id=get_data_to_ingest_from_local_file_task, execution_date=20220612T062600, start_date=20220612T153306, end_date=20220612T153307
[2022-06-12 17:33:07,790] {local_task_job.py:156} INFO - Task exited with return code 0
[2022-06-12 17:33:08,017] {local_task_job.py:273} INFO - 1 downstream tasks scheduled from follow-on schedule check
