[2022-06-12 16:17:30,193] {taskinstance.py:1159} INFO - Dependencies all met for <TaskInstance: ingest_data.get_data_to_ingest_from_local_file_task scheduled__2022-06-11T23:05:00+00:00 [queued]>
[2022-06-12 16:17:30,222] {taskinstance.py:1159} INFO - Dependencies all met for <TaskInstance: ingest_data.get_data_to_ingest_from_local_file_task scheduled__2022-06-11T23:05:00+00:00 [queued]>
[2022-06-12 16:17:30,223] {taskinstance.py:1356} INFO - 
--------------------------------------------------------------------------------
[2022-06-12 16:17:30,224] {taskinstance.py:1357} INFO - Starting attempt 1 of 1
[2022-06-12 16:17:30,225] {taskinstance.py:1358} INFO - 
--------------------------------------------------------------------------------
[2022-06-12 16:17:30,294] {taskinstance.py:1377} INFO - Executing <Task(_PythonDecoratedOperator): get_data_to_ingest_from_local_file_task> on 2022-06-11 23:05:00+00:00
[2022-06-12 16:17:30,301] {standard_task_runner.py:52} INFO - Started process 2869 to run task
[2022-06-12 16:17:30,309] {standard_task_runner.py:79} INFO - Running: ['airflow', 'tasks', 'run', 'ingest_data', 'get_data_to_ingest_from_local_file_task', 'scheduled__2022-06-11T23:05:00+00:00', '--job-id', '284', '--raw', '--subdir', 'DAGS_FOLDER/ingestion_dag.py', '--cfg-path', '/tmp/tmpx_4yyv76', '--error-file', '/tmp/tmpdj3mwzd8']
[2022-06-12 16:17:30,311] {standard_task_runner.py:80} INFO - Job 284: Subtask get_data_to_ingest_from_local_file_task
[2022-06-12 16:17:30,446] {task_command.py:370} INFO - Running <TaskInstance: ingest_data.get_data_to_ingest_from_local_file_task scheduled__2022-06-11T23:05:00+00:00 [running]> on host DESKTOP-GDPK8BL.localdomain
[2022-06-12 16:17:30,833] {taskinstance.py:1569} INFO - Exporting the following env vars:
AIRFLOW_CTX_DAG_OWNER=airflow
AIRFLOW_CTX_DAG_ID=ingest_data
AIRFLOW_CTX_TASK_ID=get_data_to_ingest_from_local_file_task
AIRFLOW_CTX_EXECUTION_DATE=2022-06-11T23:05:00+00:00
AIRFLOW_CTX_TRY_NUMBER=1
AIRFLOW_CTX_DAG_RUN_ID=scheduled__2022-06-11T23:05:00+00:00
[2022-06-12 16:17:30,916] {python.py:173} INFO - Done. Returned value was:           AT      V       AP     RH      PE
12701  26.68  49.02  1008.40  68.01  441.54
24776  10.11  52.75  1021.79  76.08  470.35
30813  23.26  59.14  1016.98  76.29  440.37
4321   14.08  43.41  1015.59  54.15  466.99
45312  27.33  52.84  1005.88  56.16  438.97
[2022-06-12 16:17:31,049] {taskinstance.py:1395} INFO - Marking task as SUCCESS. dag_id=ingest_data, task_id=get_data_to_ingest_from_local_file_task, execution_date=20220611T230500, start_date=20220612T141730, end_date=20220612T141731
[2022-06-12 16:17:31,129] {local_task_job.py:156} INFO - Task exited with return code 0
[2022-06-12 16:17:31,346] {local_task_job.py:273} INFO - 1 downstream tasks scheduled from follow-on schedule check
