[2022-06-15 19:11:19,096] {taskinstance.py:1159} INFO - Dependencies all met for <TaskInstance: loan_pred.get_data_to_ingest_from_local_file_task scheduled__2022-06-14T21:04:00+00:00 [queued]>
[2022-06-15 19:11:19,119] {taskinstance.py:1159} INFO - Dependencies all met for <TaskInstance: loan_pred.get_data_to_ingest_from_local_file_task scheduled__2022-06-14T21:04:00+00:00 [queued]>
[2022-06-15 19:11:19,119] {taskinstance.py:1356} INFO - 
--------------------------------------------------------------------------------
[2022-06-15 19:11:19,120] {taskinstance.py:1357} INFO - Starting attempt 1 of 1
[2022-06-15 19:11:19,120] {taskinstance.py:1358} INFO - 
--------------------------------------------------------------------------------
[2022-06-15 19:11:19,174] {taskinstance.py:1377} INFO - Executing <Task(_PythonDecoratedOperator): get_data_to_ingest_from_local_file_task> on 2022-06-14 21:04:00+00:00
[2022-06-15 19:11:19,178] {standard_task_runner.py:52} INFO - Started process 322 to run task
[2022-06-15 19:11:19,182] {standard_task_runner.py:79} INFO - Running: ['airflow', 'tasks', 'run', 'loan_pred', 'get_data_to_ingest_from_local_file_task', 'scheduled__2022-06-14T21:04:00+00:00', '--job-id', '1581', '--raw', '--subdir', 'DAGS_FOLDER/loan_pred.py', '--cfg-path', '/tmp/tmpe5s9qbpb', '--error-file', '/tmp/tmpcqpjnl0u']
[2022-06-15 19:11:19,183] {standard_task_runner.py:80} INFO - Job 1581: Subtask get_data_to_ingest_from_local_file_task
[2022-06-15 19:11:19,293] {task_command.py:370} INFO - Running <TaskInstance: loan_pred.get_data_to_ingest_from_local_file_task scheduled__2022-06-14T21:04:00+00:00 [running]> on host DESKTOP-GDPK8BL.localdomain
[2022-06-15 19:11:19,641] {taskinstance.py:1569} INFO - Exporting the following env vars:
AIRFLOW_CTX_DAG_OWNER=airflow
AIRFLOW_CTX_DAG_ID=loan_pred
AIRFLOW_CTX_TASK_ID=get_data_to_ingest_from_local_file_task
AIRFLOW_CTX_EXECUTION_DATE=2022-06-14T21:04:00+00:00
AIRFLOW_CTX_TRY_NUMBER=1
AIRFLOW_CTX_DAG_RUN_ID=scheduled__2022-06-14T21:04:00+00:00
[2022-06-15 19:11:19,655] {python.py:173} INFO - Done. Returned value was:       Loan_ID  Gender Married Dependents  ... LoanAmount Loan_Amount_Term  Credit_History  Property_Area
149  LP001822    Male      No          0  ...      150.0            360.0             1.0          Urban
23   LP001135  Female      No          0  ...      125.0            360.0             1.0          Urban
44   LP001231  Female      No          0  ...       84.0            360.0             1.0          Urban
315  LP002766  Female     Yes          0  ...      165.0            180.0             1.0      Semiurban
192  LP002069    Male     Yes          2  ...      180.0            360.0             0.0          Rural

[5 rows x 12 columns]
[2022-06-15 19:11:19,802] {taskinstance.py:1395} INFO - Marking task as SUCCESS. dag_id=loan_pred, task_id=get_data_to_ingest_from_local_file_task, execution_date=20220614T210400, start_date=20220615T171119, end_date=20220615T171119
[2022-06-15 19:11:19,878] {local_task_job.py:156} INFO - Task exited with return code 0
[2022-06-15 19:11:20,096] {local_task_job.py:273} INFO - 1 downstream tasks scheduled from follow-on schedule check
