[2022-06-12 16:30:47,288] {taskinstance.py:1159} INFO - Dependencies all met for <TaskInstance: ingest_data.get_data_to_ingest_from_local_file_task scheduled__2022-06-12T00:22:00+00:00 [queued]>
[2022-06-12 16:30:47,320] {taskinstance.py:1159} INFO - Dependencies all met for <TaskInstance: ingest_data.get_data_to_ingest_from_local_file_task scheduled__2022-06-12T00:22:00+00:00 [queued]>
[2022-06-12 16:30:47,321] {taskinstance.py:1356} INFO - 
--------------------------------------------------------------------------------
[2022-06-12 16:30:47,322] {taskinstance.py:1357} INFO - Starting attempt 1 of 1
[2022-06-12 16:30:47,322] {taskinstance.py:1358} INFO - 
--------------------------------------------------------------------------------
[2022-06-12 16:30:47,395] {taskinstance.py:1377} INFO - Executing <Task(_PythonDecoratedOperator): get_data_to_ingest_from_local_file_task> on 2022-06-12 00:22:00+00:00
[2022-06-12 16:30:47,403] {standard_task_runner.py:52} INFO - Started process 4070 to run task
[2022-06-12 16:30:47,408] {standard_task_runner.py:79} INFO - Running: ['airflow', 'tasks', 'run', 'ingest_data', 'get_data_to_ingest_from_local_file_task', 'scheduled__2022-06-12T00:22:00+00:00', '--job-id', '437', '--raw', '--subdir', 'DAGS_FOLDER/ingestion_dag.py', '--cfg-path', '/tmp/tmpotraz4k9', '--error-file', '/tmp/tmp477508hh']
[2022-06-12 16:30:47,410] {standard_task_runner.py:80} INFO - Job 437: Subtask get_data_to_ingest_from_local_file_task
[2022-06-12 16:30:47,565] {task_command.py:370} INFO - Running <TaskInstance: ingest_data.get_data_to_ingest_from_local_file_task scheduled__2022-06-12T00:22:00+00:00 [running]> on host DESKTOP-GDPK8BL.localdomain
[2022-06-12 16:30:47,952] {taskinstance.py:1569} INFO - Exporting the following env vars:
AIRFLOW_CTX_DAG_OWNER=airflow
AIRFLOW_CTX_DAG_ID=ingest_data
AIRFLOW_CTX_TASK_ID=get_data_to_ingest_from_local_file_task
AIRFLOW_CTX_EXECUTION_DATE=2022-06-12T00:22:00+00:00
AIRFLOW_CTX_TRY_NUMBER=1
AIRFLOW_CTX_DAG_RUN_ID=scheduled__2022-06-12T00:22:00+00:00
[2022-06-12 16:30:48,036] {python.py:173} INFO - Done. Returned value was:           AT      V       AP     RH      PE
5313   11.48  41.20  1012.88  90.04  478.34
13629  19.84  56.89  1013.23  78.32  447.92
10354  10.54  41.93  1016.64  93.52  479.65
24319  29.84  74.87  1009.64  61.39  435.05
16054  15.69  41.93  1021.30  52.69  468.43
[2022-06-12 16:30:48,168] {taskinstance.py:1395} INFO - Marking task as SUCCESS. dag_id=ingest_data, task_id=get_data_to_ingest_from_local_file_task, execution_date=20220612T002200, start_date=20220612T143047, end_date=20220612T143048
[2022-06-12 16:30:48,266] {local_task_job.py:156} INFO - Task exited with return code 0
[2022-06-12 16:30:48,490] {local_task_job.py:273} INFO - 1 downstream tasks scheduled from follow-on schedule check
