[2022-06-12 17:28:30,915] {taskinstance.py:1159} INFO - Dependencies all met for <TaskInstance: ingest_data.get_data_to_ingest_from_local_file_task scheduled__2022-06-12T05:56:00+00:00 [queued]>
[2022-06-12 17:28:30,949] {taskinstance.py:1159} INFO - Dependencies all met for <TaskInstance: ingest_data.get_data_to_ingest_from_local_file_task scheduled__2022-06-12T05:56:00+00:00 [queued]>
[2022-06-12 17:28:30,950] {taskinstance.py:1356} INFO - 
--------------------------------------------------------------------------------
[2022-06-12 17:28:30,950] {taskinstance.py:1357} INFO - Starting attempt 1 of 1
[2022-06-12 17:28:30,951] {taskinstance.py:1358} INFO - 
--------------------------------------------------------------------------------
[2022-06-12 17:28:31,034] {taskinstance.py:1377} INFO - Executing <Task(_PythonDecoratedOperator): get_data_to_ingest_from_local_file_task> on 2022-06-12 05:56:00+00:00
[2022-06-12 17:28:31,040] {standard_task_runner.py:52} INFO - Started process 9040 to run task
[2022-06-12 17:28:31,046] {standard_task_runner.py:79} INFO - Running: ['airflow', 'tasks', 'run', 'ingest_data', 'get_data_to_ingest_from_local_file_task', 'scheduled__2022-06-12T05:56:00+00:00', '--job-id', '1106', '--raw', '--subdir', 'DAGS_FOLDER/ingestion_dag.py', '--cfg-path', '/tmp/tmpqfo1bj8p', '--error-file', '/tmp/tmpela0j88w']
[2022-06-12 17:28:31,048] {standard_task_runner.py:80} INFO - Job 1106: Subtask get_data_to_ingest_from_local_file_task
[2022-06-12 17:28:31,185] {task_command.py:370} INFO - Running <TaskInstance: ingest_data.get_data_to_ingest_from_local_file_task scheduled__2022-06-12T05:56:00+00:00 [running]> on host DESKTOP-GDPK8BL.localdomain
[2022-06-12 17:28:31,627] {taskinstance.py:1569} INFO - Exporting the following env vars:
AIRFLOW_CTX_DAG_OWNER=airflow
AIRFLOW_CTX_DAG_ID=ingest_data
AIRFLOW_CTX_TASK_ID=get_data_to_ingest_from_local_file_task
AIRFLOW_CTX_EXECUTION_DATE=2022-06-12T05:56:00+00:00
AIRFLOW_CTX_TRY_NUMBER=1
AIRFLOW_CTX_DAG_RUN_ID=scheduled__2022-06-12T05:56:00+00:00
[2022-06-12 17:28:31,698] {python.py:173} INFO - Done. Returned value was:           AT      V       AP     RH      PE
46276  18.18  67.71  1004.50  87.26  449.24
2993   16.61  25.88  1009.34  65.47  460.97
30477  27.01  43.21  1011.71  77.84  434.09
12898  28.80  70.02  1010.76  49.61  435.45
37648  28.37  72.86  1004.81  53.52  441.37
[2022-06-12 17:28:31,853] {taskinstance.py:1395} INFO - Marking task as SUCCESS. dag_id=ingest_data, task_id=get_data_to_ingest_from_local_file_task, execution_date=20220612T055600, start_date=20220612T152830, end_date=20220612T152831
[2022-06-12 17:28:31,946] {local_task_job.py:156} INFO - Task exited with return code 0
[2022-06-12 17:28:32,188] {local_task_job.py:273} INFO - 1 downstream tasks scheduled from follow-on schedule check
