[2022-06-12 19:46:45,146] {taskinstance.py:1159} INFO - Dependencies all met for <TaskInstance: ingest_data.get_data_to_ingest_from_local_file_task scheduled__2022-06-12T08:56:00+00:00 [queued]>
[2022-06-12 19:46:45,184] {taskinstance.py:1159} INFO - Dependencies all met for <TaskInstance: ingest_data.get_data_to_ingest_from_local_file_task scheduled__2022-06-12T08:56:00+00:00 [queued]>
[2022-06-12 19:46:45,184] {taskinstance.py:1356} INFO - 
--------------------------------------------------------------------------------
[2022-06-12 19:46:45,185] {taskinstance.py:1357} INFO - Starting attempt 1 of 1
[2022-06-12 19:46:45,186] {taskinstance.py:1358} INFO - 
--------------------------------------------------------------------------------
[2022-06-12 19:46:45,252] {taskinstance.py:1377} INFO - Executing <Task(_PythonDecoratedOperator): get_data_to_ingest_from_local_file_task> on 2022-06-12 08:56:00+00:00
[2022-06-12 19:46:45,258] {standard_task_runner.py:52} INFO - Started process 11703 to run task
[2022-06-12 19:46:45,265] {standard_task_runner.py:79} INFO - Running: ['airflow', 'tasks', 'run', 'ingest_data', 'get_data_to_ingest_from_local_file_task', 'scheduled__2022-06-12T08:56:00+00:00', '--job-id', '1466', '--raw', '--subdir', 'DAGS_FOLDER/ingestion_dag.py', '--cfg-path', '/tmp/tmpapnf2kxb', '--error-file', '/tmp/tmp8foqhp1p']
[2022-06-12 19:46:45,266] {standard_task_runner.py:80} INFO - Job 1466: Subtask get_data_to_ingest_from_local_file_task
[2022-06-12 19:46:45,414] {task_command.py:370} INFO - Running <TaskInstance: ingest_data.get_data_to_ingest_from_local_file_task scheduled__2022-06-12T08:56:00+00:00 [running]> on host DESKTOP-GDPK8BL.localdomain
[2022-06-12 19:46:45,854] {taskinstance.py:1569} INFO - Exporting the following env vars:
AIRFLOW_CTX_DAG_OWNER=airflow
AIRFLOW_CTX_DAG_ID=ingest_data
AIRFLOW_CTX_TASK_ID=get_data_to_ingest_from_local_file_task
AIRFLOW_CTX_EXECUTION_DATE=2022-06-12T08:56:00+00:00
AIRFLOW_CTX_TRY_NUMBER=1
AIRFLOW_CTX_DAG_RUN_ID=scheduled__2022-06-12T08:56:00+00:00
[2022-06-12 19:46:45,933] {python.py:173} INFO - Done. Returned value was:           AT      V       AP     RH      PE
42884  15.72  56.89  1013.35  85.06  456.33
46017  26.77  64.45  1013.26  44.56  449.10
43908  20.54  68.12  1012.23  81.06  440.28
36321  21.38  44.05  1005.69  81.66  445.71
33107  24.66  72.24  1011.35  77.45  434.33
[2022-06-12 19:46:46,110] {taskinstance.py:1395} INFO - Marking task as SUCCESS. dag_id=ingest_data, task_id=get_data_to_ingest_from_local_file_task, execution_date=20220612T085600, start_date=20220612T174645, end_date=20220612T174646
[2022-06-12 19:46:46,203] {local_task_job.py:156} INFO - Task exited with return code 0
[2022-06-12 19:46:46,456] {local_task_job.py:273} INFO - 1 downstream tasks scheduled from follow-on schedule check
