[2022-06-12 17:32:43,393] {taskinstance.py:1159} INFO - Dependencies all met for <TaskInstance: ingest_data.get_data_to_ingest_from_local_file_task scheduled__2022-06-12T06:23:00+00:00 [queued]>
[2022-06-12 17:32:43,430] {taskinstance.py:1159} INFO - Dependencies all met for <TaskInstance: ingest_data.get_data_to_ingest_from_local_file_task scheduled__2022-06-12T06:23:00+00:00 [queued]>
[2022-06-12 17:32:43,430] {taskinstance.py:1356} INFO - 
--------------------------------------------------------------------------------
[2022-06-12 17:32:43,431] {taskinstance.py:1357} INFO - Starting attempt 1 of 1
[2022-06-12 17:32:43,431] {taskinstance.py:1358} INFO - 
--------------------------------------------------------------------------------
[2022-06-12 17:32:43,492] {taskinstance.py:1377} INFO - Executing <Task(_PythonDecoratedOperator): get_data_to_ingest_from_local_file_task> on 2022-06-12 06:23:00+00:00
[2022-06-12 17:32:43,499] {standard_task_runner.py:52} INFO - Started process 9439 to run task
[2022-06-12 17:32:43,505] {standard_task_runner.py:79} INFO - Running: ['airflow', 'tasks', 'run', 'ingest_data', 'get_data_to_ingest_from_local_file_task', 'scheduled__2022-06-12T06:23:00+00:00', '--job-id', '1160', '--raw', '--subdir', 'DAGS_FOLDER/ingestion_dag.py', '--cfg-path', '/tmp/tmpj759ty4a', '--error-file', '/tmp/tmpamf9c7wl']
[2022-06-12 17:32:43,509] {standard_task_runner.py:80} INFO - Job 1160: Subtask get_data_to_ingest_from_local_file_task
[2022-06-12 17:32:43,650] {task_command.py:370} INFO - Running <TaskInstance: ingest_data.get_data_to_ingest_from_local_file_task scheduled__2022-06-12T06:23:00+00:00 [running]> on host DESKTOP-GDPK8BL.localdomain
[2022-06-12 17:32:44,095] {taskinstance.py:1569} INFO - Exporting the following env vars:
AIRFLOW_CTX_DAG_OWNER=airflow
AIRFLOW_CTX_DAG_ID=ingest_data
AIRFLOW_CTX_TASK_ID=get_data_to_ingest_from_local_file_task
AIRFLOW_CTX_EXECUTION_DATE=2022-06-12T06:23:00+00:00
AIRFLOW_CTX_TRY_NUMBER=1
AIRFLOW_CTX_DAG_RUN_ID=scheduled__2022-06-12T06:23:00+00:00
[2022-06-12 17:32:44,167] {python.py:173} INFO - Done. Returned value was:           AT      V       AP     RH      PE
1943   10.62  39.64  1010.51  68.55  478.37
34319  23.64  69.94  1005.20  64.53  439.66
42526  17.33  53.16  1013.77  82.77  459.78
42698  23.21  63.94  1013.56  80.23  446.11
3914   28.95  66.75  1018.22  60.48  432.39
[2022-06-12 17:32:44,331] {taskinstance.py:1395} INFO - Marking task as SUCCESS. dag_id=ingest_data, task_id=get_data_to_ingest_from_local_file_task, execution_date=20220612T062300, start_date=20220612T153243, end_date=20220612T153244
[2022-06-12 17:32:44,408] {local_task_job.py:156} INFO - Task exited with return code 0
[2022-06-12 17:32:44,628] {local_task_job.py:273} INFO - 1 downstream tasks scheduled from follow-on schedule check
