[2022-06-15 19:12:26,100] {taskinstance.py:1159} INFO - Dependencies all met for <TaskInstance: loan_pred.get_data_to_ingest_from_local_file_task scheduled__2022-06-14T21:11:00+00:00 [queued]>
[2022-06-15 19:12:26,123] {taskinstance.py:1159} INFO - Dependencies all met for <TaskInstance: loan_pred.get_data_to_ingest_from_local_file_task scheduled__2022-06-14T21:11:00+00:00 [queued]>
[2022-06-15 19:12:26,124] {taskinstance.py:1356} INFO - 
--------------------------------------------------------------------------------
[2022-06-15 19:12:26,124] {taskinstance.py:1357} INFO - Starting attempt 1 of 1
[2022-06-15 19:12:26,125] {taskinstance.py:1358} INFO - 
--------------------------------------------------------------------------------
[2022-06-15 19:12:26,178] {taskinstance.py:1377} INFO - Executing <Task(_PythonDecoratedOperator): get_data_to_ingest_from_local_file_task> on 2022-06-14 21:11:00+00:00
[2022-06-15 19:12:26,183] {standard_task_runner.py:52} INFO - Started process 435 to run task
[2022-06-15 19:12:26,188] {standard_task_runner.py:79} INFO - Running: ['airflow', 'tasks', 'run', 'loan_pred', 'get_data_to_ingest_from_local_file_task', 'scheduled__2022-06-14T21:11:00+00:00', '--job-id', '1595', '--raw', '--subdir', 'DAGS_FOLDER/loan_pred.py', '--cfg-path', '/tmp/tmp0lr7dc9v', '--error-file', '/tmp/tmpbi_easua']
[2022-06-15 19:12:26,190] {standard_task_runner.py:80} INFO - Job 1595: Subtask get_data_to_ingest_from_local_file_task
[2022-06-15 19:12:26,357] {task_command.py:370} INFO - Running <TaskInstance: loan_pred.get_data_to_ingest_from_local_file_task scheduled__2022-06-14T21:11:00+00:00 [running]> on host DESKTOP-GDPK8BL.localdomain
[2022-06-15 19:12:26,895] {taskinstance.py:1569} INFO - Exporting the following env vars:
AIRFLOW_CTX_DAG_OWNER=airflow
AIRFLOW_CTX_DAG_ID=loan_pred
AIRFLOW_CTX_TASK_ID=get_data_to_ingest_from_local_file_task
AIRFLOW_CTX_EXECUTION_DATE=2022-06-14T21:11:00+00:00
AIRFLOW_CTX_TRY_NUMBER=1
AIRFLOW_CTX_DAG_RUN_ID=scheduled__2022-06-14T21:11:00+00:00
[2022-06-15 19:12:26,919] {python.py:173} INFO - Done. Returned value was:       Loan_ID Gender Married Dependents  ... LoanAmount Loan_Amount_Term  Credit_History  Property_Area
283  LP002568   Male      No          0  ...      122.0            360.0             1.0          Rural
185  LP002046   Male     Yes          0  ...      135.0            360.0             NaN      Semiurban
146  LP001815   Male      No          0  ...       90.0            360.0             1.0      Semiurban
151  LP001831   Male     Yes          0  ...      113.0            360.0             1.0          Urban
260  LP002417   Male     Yes         3+  ...      171.0            360.0             1.0      Semiurban

[5 rows x 12 columns]
[2022-06-15 19:12:27,162] {taskinstance.py:1395} INFO - Marking task as SUCCESS. dag_id=loan_pred, task_id=get_data_to_ingest_from_local_file_task, execution_date=20220614T211100, start_date=20220615T171226, end_date=20220615T171227
[2022-06-15 19:12:27,247] {local_task_job.py:156} INFO - Task exited with return code 0
[2022-06-15 19:12:27,441] {local_task_job.py:273} INFO - 1 downstream tasks scheduled from follow-on schedule check
