[2022-06-12 17:36:27,089] {taskinstance.py:1159} INFO - Dependencies all met for <TaskInstance: ingest_data.get_data_to_ingest_from_local_file_task scheduled__2022-06-12T06:47:00+00:00 [queued]>
[2022-06-12 17:36:27,124] {taskinstance.py:1159} INFO - Dependencies all met for <TaskInstance: ingest_data.get_data_to_ingest_from_local_file_task scheduled__2022-06-12T06:47:00+00:00 [queued]>
[2022-06-12 17:36:27,124] {taskinstance.py:1356} INFO - 
--------------------------------------------------------------------------------
[2022-06-12 17:36:27,125] {taskinstance.py:1357} INFO - Starting attempt 1 of 1
[2022-06-12 17:36:27,125] {taskinstance.py:1358} INFO - 
--------------------------------------------------------------------------------
[2022-06-12 17:36:27,199] {taskinstance.py:1377} INFO - Executing <Task(_PythonDecoratedOperator): get_data_to_ingest_from_local_file_task> on 2022-06-12 06:47:00+00:00
[2022-06-12 17:36:27,205] {standard_task_runner.py:52} INFO - Started process 9793 to run task
[2022-06-12 17:36:27,211] {standard_task_runner.py:79} INFO - Running: ['airflow', 'tasks', 'run', 'ingest_data', 'get_data_to_ingest_from_local_file_task', 'scheduled__2022-06-12T06:47:00+00:00', '--job-id', '1208', '--raw', '--subdir', 'DAGS_FOLDER/ingestion_dag.py', '--cfg-path', '/tmp/tmp75jwo7mh', '--error-file', '/tmp/tmpfc703p6k']
[2022-06-12 17:36:27,213] {standard_task_runner.py:80} INFO - Job 1208: Subtask get_data_to_ingest_from_local_file_task
[2022-06-12 17:36:27,360] {task_command.py:370} INFO - Running <TaskInstance: ingest_data.get_data_to_ingest_from_local_file_task scheduled__2022-06-12T06:47:00+00:00 [running]> on host DESKTOP-GDPK8BL.localdomain
[2022-06-12 17:36:27,854] {taskinstance.py:1569} INFO - Exporting the following env vars:
AIRFLOW_CTX_DAG_OWNER=airflow
AIRFLOW_CTX_DAG_ID=ingest_data
AIRFLOW_CTX_TASK_ID=get_data_to_ingest_from_local_file_task
AIRFLOW_CTX_EXECUTION_DATE=2022-06-12T06:47:00+00:00
AIRFLOW_CTX_TRY_NUMBER=1
AIRFLOW_CTX_DAG_RUN_ID=scheduled__2022-06-12T06:47:00+00:00
[2022-06-12 17:36:27,922] {python.py:173} INFO - Done. Returned value was:           AT      V       AP     RH      PE
7436   10.33  40.60  1015.00  88.62  478.30
18385  28.01  51.43  1011.60  49.20  449.82
35875  18.96  47.83  1006.15  75.61  454.35
39375  16.99  40.89  1011.54  64.51  464.95
25136  13.83  38.73   999.62  91.95  469.81
[2022-06-12 17:36:28,126] {taskinstance.py:1395} INFO - Marking task as SUCCESS. dag_id=ingest_data, task_id=get_data_to_ingest_from_local_file_task, execution_date=20220612T064700, start_date=20220612T153627, end_date=20220612T153628
[2022-06-12 17:36:28,230] {local_task_job.py:156} INFO - Task exited with return code 0
[2022-06-12 17:36:28,446] {local_task_job.py:273} INFO - 1 downstream tasks scheduled from follow-on schedule check
