[2022-06-12 17:34:03,528] {taskinstance.py:1159} INFO - Dependencies all met for <TaskInstance: ingest_data.get_data_to_ingest_from_local_file_task scheduled__2022-06-12T06:32:00+00:00 [queued]>
[2022-06-12 17:34:03,564] {taskinstance.py:1159} INFO - Dependencies all met for <TaskInstance: ingest_data.get_data_to_ingest_from_local_file_task scheduled__2022-06-12T06:32:00+00:00 [queued]>
[2022-06-12 17:34:03,565] {taskinstance.py:1356} INFO - 
--------------------------------------------------------------------------------
[2022-06-12 17:34:03,566] {taskinstance.py:1357} INFO - Starting attempt 1 of 1
[2022-06-12 17:34:03,566] {taskinstance.py:1358} INFO - 
--------------------------------------------------------------------------------
[2022-06-12 17:34:03,635] {taskinstance.py:1377} INFO - Executing <Task(_PythonDecoratedOperator): get_data_to_ingest_from_local_file_task> on 2022-06-12 06:32:00+00:00
[2022-06-12 17:34:03,641] {standard_task_runner.py:52} INFO - Started process 9564 to run task
[2022-06-12 17:34:03,648] {standard_task_runner.py:79} INFO - Running: ['airflow', 'tasks', 'run', 'ingest_data', 'get_data_to_ingest_from_local_file_task', 'scheduled__2022-06-12T06:32:00+00:00', '--job-id', '1177', '--raw', '--subdir', 'DAGS_FOLDER/ingestion_dag.py', '--cfg-path', '/tmp/tmpjg971qi_', '--error-file', '/tmp/tmpzxkx5fi9']
[2022-06-12 17:34:03,659] {standard_task_runner.py:80} INFO - Job 1177: Subtask get_data_to_ingest_from_local_file_task
[2022-06-12 17:34:03,799] {task_command.py:370} INFO - Running <TaskInstance: ingest_data.get_data_to_ingest_from_local_file_task scheduled__2022-06-12T06:32:00+00:00 [running]> on host DESKTOP-GDPK8BL.localdomain
[2022-06-12 17:34:04,176] {taskinstance.py:1569} INFO - Exporting the following env vars:
AIRFLOW_CTX_DAG_OWNER=airflow
AIRFLOW_CTX_DAG_ID=ingest_data
AIRFLOW_CTX_TASK_ID=get_data_to_ingest_from_local_file_task
AIRFLOW_CTX_EXECUTION_DATE=2022-06-12T06:32:00+00:00
AIRFLOW_CTX_TRY_NUMBER=1
AIRFLOW_CTX_DAG_RUN_ID=scheduled__2022-06-12T06:32:00+00:00
[2022-06-12 17:34:04,253] {python.py:173} INFO - Done. Returned value was:           AT      V       AP      RH      PE
37026   9.82  37.83  1005.29  100.07  473.66
30510  13.47  44.88  1017.56   93.23  476.67
4389   30.52  71.77  1006.22   56.40  426.14
10139   5.01  39.40  1003.69   91.90  475.34
10468  26.96  72.86  1004.86   59.17  441.12
[2022-06-12 17:34:04,398] {taskinstance.py:1395} INFO - Marking task as SUCCESS. dag_id=ingest_data, task_id=get_data_to_ingest_from_local_file_task, execution_date=20220612T063200, start_date=20220612T153403, end_date=20220612T153404
[2022-06-12 17:34:04,466] {local_task_job.py:156} INFO - Task exited with return code 0
[2022-06-12 17:34:04,703] {local_task_job.py:273} INFO - 1 downstream tasks scheduled from follow-on schedule check
