[2022-06-12 17:07:32,563] {taskinstance.py:1159} INFO - Dependencies all met for <TaskInstance: ingest_data.get_data_to_ingest_from_local_file_task scheduled__2022-06-12T03:51:00+00:00 [queued]>
[2022-06-12 17:07:32,596] {taskinstance.py:1159} INFO - Dependencies all met for <TaskInstance: ingest_data.get_data_to_ingest_from_local_file_task scheduled__2022-06-12T03:51:00+00:00 [queued]>
[2022-06-12 17:07:32,597] {taskinstance.py:1356} INFO - 
--------------------------------------------------------------------------------
[2022-06-12 17:07:32,598] {taskinstance.py:1357} INFO - Starting attempt 1 of 1
[2022-06-12 17:07:32,599] {taskinstance.py:1358} INFO - 
--------------------------------------------------------------------------------
[2022-06-12 17:07:32,668] {taskinstance.py:1377} INFO - Executing <Task(_PythonDecoratedOperator): get_data_to_ingest_from_local_file_task> on 2022-06-12 03:51:00+00:00
[2022-06-12 17:07:32,674] {standard_task_runner.py:52} INFO - Started process 7185 to run task
[2022-06-12 17:07:32,681] {standard_task_runner.py:79} INFO - Running: ['airflow', 'tasks', 'run', 'ingest_data', 'get_data_to_ingest_from_local_file_task', 'scheduled__2022-06-12T03:51:00+00:00', '--job-id', '856', '--raw', '--subdir', 'DAGS_FOLDER/ingestion_dag.py', '--cfg-path', '/tmp/tmpikbeemdw', '--error-file', '/tmp/tmpr4g_d_y4']
[2022-06-12 17:07:32,683] {standard_task_runner.py:80} INFO - Job 856: Subtask get_data_to_ingest_from_local_file_task
[2022-06-12 17:07:32,827] {task_command.py:370} INFO - Running <TaskInstance: ingest_data.get_data_to_ingest_from_local_file_task scheduled__2022-06-12T03:51:00+00:00 [running]> on host DESKTOP-GDPK8BL.localdomain
[2022-06-12 17:07:33,204] {taskinstance.py:1569} INFO - Exporting the following env vars:
AIRFLOW_CTX_DAG_OWNER=airflow
AIRFLOW_CTX_DAG_ID=ingest_data
AIRFLOW_CTX_TASK_ID=get_data_to_ingest_from_local_file_task
AIRFLOW_CTX_EXECUTION_DATE=2022-06-12T03:51:00+00:00
AIRFLOW_CTX_TRY_NUMBER=1
AIRFLOW_CTX_DAG_RUN_ID=scheduled__2022-06-12T03:51:00+00:00
[2022-06-12 17:07:33,275] {python.py:173} INFO - Done. Returned value was:           AT      V       AP     RH      PE
7258    7.08  39.99  1010.55  91.44  482.83
22698  24.94  63.94  1012.72  73.71  438.55
41123  22.06  45.61  1014.30  77.75  455.61
28868  12.32  41.62  1012.16  88.37  455.71
44591   8.48  38.50  1013.50  66.51  485.29
[2022-06-12 17:07:33,406] {taskinstance.py:1395} INFO - Marking task as SUCCESS. dag_id=ingest_data, task_id=get_data_to_ingest_from_local_file_task, execution_date=20220612T035100, start_date=20220612T150732, end_date=20220612T150733
[2022-06-12 17:07:33,500] {local_task_job.py:156} INFO - Task exited with return code 0
[2022-06-12 17:07:33,716] {local_task_job.py:273} INFO - 1 downstream tasks scheduled from follow-on schedule check
