[2022-06-12 16:32:15,215] {taskinstance.py:1159} INFO - Dependencies all met for <TaskInstance: ingest_data.get_data_to_ingest_from_local_file_task scheduled__2022-06-12T00:32:00+00:00 [queued]>
[2022-06-12 16:32:15,247] {taskinstance.py:1159} INFO - Dependencies all met for <TaskInstance: ingest_data.get_data_to_ingest_from_local_file_task scheduled__2022-06-12T00:32:00+00:00 [queued]>
[2022-06-12 16:32:15,248] {taskinstance.py:1356} INFO - 
--------------------------------------------------------------------------------
[2022-06-12 16:32:15,248] {taskinstance.py:1357} INFO - Starting attempt 1 of 1
[2022-06-12 16:32:15,249] {taskinstance.py:1358} INFO - 
--------------------------------------------------------------------------------
[2022-06-12 16:32:15,318] {taskinstance.py:1377} INFO - Executing <Task(_PythonDecoratedOperator): get_data_to_ingest_from_local_file_task> on 2022-06-12 00:32:00+00:00
[2022-06-12 16:32:15,325] {standard_task_runner.py:52} INFO - Started process 4218 to run task
[2022-06-12 16:32:15,333] {standard_task_runner.py:79} INFO - Running: ['airflow', 'tasks', 'run', 'ingest_data', 'get_data_to_ingest_from_local_file_task', 'scheduled__2022-06-12T00:32:00+00:00', '--job-id', '457', '--raw', '--subdir', 'DAGS_FOLDER/ingestion_dag.py', '--cfg-path', '/tmp/tmpx__j4ieq', '--error-file', '/tmp/tmpqbt0ogcp']
[2022-06-12 16:32:15,335] {standard_task_runner.py:80} INFO - Job 457: Subtask get_data_to_ingest_from_local_file_task
[2022-06-12 16:32:15,474] {task_command.py:370} INFO - Running <TaskInstance: ingest_data.get_data_to_ingest_from_local_file_task scheduled__2022-06-12T00:32:00+00:00 [running]> on host DESKTOP-GDPK8BL.localdomain
[2022-06-12 16:32:15,835] {taskinstance.py:1569} INFO - Exporting the following env vars:
AIRFLOW_CTX_DAG_OWNER=airflow
AIRFLOW_CTX_DAG_ID=ingest_data
AIRFLOW_CTX_TASK_ID=get_data_to_ingest_from_local_file_task
AIRFLOW_CTX_EXECUTION_DATE=2022-06-12T00:32:00+00:00
AIRFLOW_CTX_TRY_NUMBER=1
AIRFLOW_CTX_DAG_RUN_ID=scheduled__2022-06-12T00:32:00+00:00
[2022-06-12 16:32:15,904] {python.py:173} INFO - Done. Returned value was:           AT      V       AP     RH      PE
15790   8.57  40.69  1020.87  84.15  485.18
25824  21.71  76.86  1006.71  76.86  438.41
25552  27.81  64.69  1006.59  71.75  437.02
20497  20.57  42.80  1013.10  75.48  460.43
13339  13.01  41.58  1020.82  78.41  464.64
[2022-06-12 16:32:16,026] {taskinstance.py:1395} INFO - Marking task as SUCCESS. dag_id=ingest_data, task_id=get_data_to_ingest_from_local_file_task, execution_date=20220612T003200, start_date=20220612T143215, end_date=20220612T143216
[2022-06-12 16:32:16,109] {local_task_job.py:156} INFO - Task exited with return code 0
[2022-06-12 16:32:16,326] {local_task_job.py:273} INFO - 1 downstream tasks scheduled from follow-on schedule check
