[2022-06-12 17:21:07,841] {taskinstance.py:1159} INFO - Dependencies all met for <TaskInstance: ingest_data.get_data_to_ingest_from_local_file_task scheduled__2022-06-12T05:10:00+00:00 [queued]>
[2022-06-12 17:21:07,876] {taskinstance.py:1159} INFO - Dependencies all met for <TaskInstance: ingest_data.get_data_to_ingest_from_local_file_task scheduled__2022-06-12T05:10:00+00:00 [queued]>
[2022-06-12 17:21:07,877] {taskinstance.py:1356} INFO - 
--------------------------------------------------------------------------------
[2022-06-12 17:21:07,877] {taskinstance.py:1357} INFO - Starting attempt 1 of 1
[2022-06-12 17:21:07,878] {taskinstance.py:1358} INFO - 
--------------------------------------------------------------------------------
[2022-06-12 17:21:07,944] {taskinstance.py:1377} INFO - Executing <Task(_PythonDecoratedOperator): get_data_to_ingest_from_local_file_task> on 2022-06-12 05:10:00+00:00
[2022-06-12 17:21:07,950] {standard_task_runner.py:52} INFO - Started process 8353 to run task
[2022-06-12 17:21:07,965] {standard_task_runner.py:79} INFO - Running: ['airflow', 'tasks', 'run', 'ingest_data', 'get_data_to_ingest_from_local_file_task', 'scheduled__2022-06-12T05:10:00+00:00', '--job-id', '1013', '--raw', '--subdir', 'DAGS_FOLDER/ingestion_dag.py', '--cfg-path', '/tmp/tmpoj_0rn99', '--error-file', '/tmp/tmp15_hgq4t']
[2022-06-12 17:21:07,967] {standard_task_runner.py:80} INFO - Job 1013: Subtask get_data_to_ingest_from_local_file_task
[2022-06-12 17:21:08,122] {task_command.py:370} INFO - Running <TaskInstance: ingest_data.get_data_to_ingest_from_local_file_task scheduled__2022-06-12T05:10:00+00:00 [running]> on host DESKTOP-GDPK8BL.localdomain
[2022-06-12 17:21:08,492] {taskinstance.py:1569} INFO - Exporting the following env vars:
AIRFLOW_CTX_DAG_OWNER=airflow
AIRFLOW_CTX_DAG_ID=ingest_data
AIRFLOW_CTX_TASK_ID=get_data_to_ingest_from_local_file_task
AIRFLOW_CTX_EXECUTION_DATE=2022-06-12T05:10:00+00:00
AIRFLOW_CTX_TRY_NUMBER=1
AIRFLOW_CTX_DAG_RUN_ID=scheduled__2022-06-12T05:10:00+00:00
[2022-06-12 17:21:08,578] {python.py:173} INFO - Done. Returned value was:           AT      V       AP     RH      PE
20015   5.76  40.07  1013.22  62.99  494.67
9909   25.75  60.95  1014.75  53.30  443.73
2004   11.20  37.50  1013.81  72.81  472.20
46703  27.20  65.12  1016.20  44.95  442.54
21440  21.75  58.79  1012.42  87.58  447.58
[2022-06-12 17:21:08,710] {taskinstance.py:1395} INFO - Marking task as SUCCESS. dag_id=ingest_data, task_id=get_data_to_ingest_from_local_file_task, execution_date=20220612T051000, start_date=20220612T152107, end_date=20220612T152108
[2022-06-12 17:21:08,784] {local_task_job.py:156} INFO - Task exited with return code 0
[2022-06-12 17:21:09,014] {local_task_job.py:273} INFO - 1 downstream tasks scheduled from follow-on schedule check
