[2022-06-12 17:26:51,968] {taskinstance.py:1159} INFO - Dependencies all met for <TaskInstance: ingest_data.get_data_to_ingest_from_local_file_task scheduled__2022-06-12T05:46:00+00:00 [queued]>
[2022-06-12 17:26:52,005] {taskinstance.py:1159} INFO - Dependencies all met for <TaskInstance: ingest_data.get_data_to_ingest_from_local_file_task scheduled__2022-06-12T05:46:00+00:00 [queued]>
[2022-06-12 17:26:52,005] {taskinstance.py:1356} INFO - 
--------------------------------------------------------------------------------
[2022-06-12 17:26:52,006] {taskinstance.py:1357} INFO - Starting attempt 1 of 1
[2022-06-12 17:26:52,006] {taskinstance.py:1358} INFO - 
--------------------------------------------------------------------------------
[2022-06-12 17:26:52,087] {taskinstance.py:1377} INFO - Executing <Task(_PythonDecoratedOperator): get_data_to_ingest_from_local_file_task> on 2022-06-12 05:46:00+00:00
[2022-06-12 17:26:52,093] {standard_task_runner.py:52} INFO - Started process 8884 to run task
[2022-06-12 17:26:52,108] {standard_task_runner.py:79} INFO - Running: ['airflow', 'tasks', 'run', 'ingest_data', 'get_data_to_ingest_from_local_file_task', 'scheduled__2022-06-12T05:46:00+00:00', '--job-id', '1085', '--raw', '--subdir', 'DAGS_FOLDER/ingestion_dag.py', '--cfg-path', '/tmp/tmpc7kib6yp', '--error-file', '/tmp/tmptlk4s7i2']
[2022-06-12 17:26:52,110] {standard_task_runner.py:80} INFO - Job 1085: Subtask get_data_to_ingest_from_local_file_task
[2022-06-12 17:26:52,252] {task_command.py:370} INFO - Running <TaskInstance: ingest_data.get_data_to_ingest_from_local_file_task scheduled__2022-06-12T05:46:00+00:00 [running]> on host DESKTOP-GDPK8BL.localdomain
[2022-06-12 17:26:52,699] {taskinstance.py:1569} INFO - Exporting the following env vars:
AIRFLOW_CTX_DAG_OWNER=airflow
AIRFLOW_CTX_DAG_ID=ingest_data
AIRFLOW_CTX_TASK_ID=get_data_to_ingest_from_local_file_task
AIRFLOW_CTX_EXECUTION_DATE=2022-06-12T05:46:00+00:00
AIRFLOW_CTX_TRY_NUMBER=1
AIRFLOW_CTX_DAG_RUN_ID=scheduled__2022-06-12T05:46:00+00:00
[2022-06-12 17:26:52,770] {python.py:173} INFO - Done. Returned value was:           AT      V       AP     RH      PE
20900  14.55  42.74  1027.29  66.64  457.77
14776  13.39  44.85  1017.24  80.44  469.18
39381  25.16  57.17  1009.86  75.70  442.03
35211  13.72  54.30  1017.89  79.08  467.05
26203  21.25  66.86  1012.99  60.65  455.72
[2022-06-12 17:26:52,915] {taskinstance.py:1395} INFO - Marking task as SUCCESS. dag_id=ingest_data, task_id=get_data_to_ingest_from_local_file_task, execution_date=20220612T054600, start_date=20220612T152651, end_date=20220612T152652
[2022-06-12 17:26:53,008] {local_task_job.py:156} INFO - Task exited with return code 0
[2022-06-12 17:26:53,252] {local_task_job.py:273} INFO - 1 downstream tasks scheduled from follow-on schedule check
