[2022-06-12 16:22:05,187] {taskinstance.py:1159} INFO - Dependencies all met for <TaskInstance: ingest_data.get_data_to_ingest_from_local_file_task scheduled__2022-06-11T23:32:00+00:00 [queued]>
[2022-06-12 16:22:05,229] {taskinstance.py:1159} INFO - Dependencies all met for <TaskInstance: ingest_data.get_data_to_ingest_from_local_file_task scheduled__2022-06-11T23:32:00+00:00 [queued]>
[2022-06-12 16:22:05,230] {taskinstance.py:1356} INFO - 
--------------------------------------------------------------------------------
[2022-06-12 16:22:05,230] {taskinstance.py:1357} INFO - Starting attempt 1 of 1
[2022-06-12 16:22:05,231] {taskinstance.py:1358} INFO - 
--------------------------------------------------------------------------------
[2022-06-12 16:22:05,302] {taskinstance.py:1377} INFO - Executing <Task(_PythonDecoratedOperator): get_data_to_ingest_from_local_file_task> on 2022-06-11 23:32:00+00:00
[2022-06-12 16:22:05,312] {standard_task_runner.py:52} INFO - Started process 3328 to run task
[2022-06-12 16:22:05,318] {standard_task_runner.py:79} INFO - Running: ['airflow', 'tasks', 'run', 'ingest_data', 'get_data_to_ingest_from_local_file_task', 'scheduled__2022-06-11T23:32:00+00:00', '--job-id', '338', '--raw', '--subdir', 'DAGS_FOLDER/ingestion_dag.py', '--cfg-path', '/tmp/tmpl4ntapdn', '--error-file', '/tmp/tmpinfb9fth']
[2022-06-12 16:22:05,320] {standard_task_runner.py:80} INFO - Job 338: Subtask get_data_to_ingest_from_local_file_task
[2022-06-12 16:22:05,443] {task_command.py:370} INFO - Running <TaskInstance: ingest_data.get_data_to_ingest_from_local_file_task scheduled__2022-06-11T23:32:00+00:00 [running]> on host DESKTOP-GDPK8BL.localdomain
[2022-06-12 16:22:05,782] {taskinstance.py:1569} INFO - Exporting the following env vars:
AIRFLOW_CTX_DAG_OWNER=airflow
AIRFLOW_CTX_DAG_ID=ingest_data
AIRFLOW_CTX_TASK_ID=get_data_to_ingest_from_local_file_task
AIRFLOW_CTX_EXECUTION_DATE=2022-06-11T23:32:00+00:00
AIRFLOW_CTX_TRY_NUMBER=1
AIRFLOW_CTX_DAG_RUN_ID=scheduled__2022-06-11T23:32:00+00:00
[2022-06-12 16:22:05,853] {python.py:173} INFO - Done. Returned value was:           AT      V       AP     RH      PE
13093  33.62  77.17  1009.38  63.71  431.03
32729  25.23  69.34  1009.51  82.87  445.92
2325   33.41  77.95  1010.30  59.72  432.90
6777   26.90  69.59  1008.90  85.08  434.10
18251  12.02  43.69  1016.12  74.07  477.74
[2022-06-12 16:22:05,970] {taskinstance.py:1395} INFO - Marking task as SUCCESS. dag_id=ingest_data, task_id=get_data_to_ingest_from_local_file_task, execution_date=20220611T233200, start_date=20220612T142205, end_date=20220612T142205
[2022-06-12 16:22:06,055] {local_task_job.py:156} INFO - Task exited with return code 0
[2022-06-12 16:22:06,290] {local_task_job.py:273} INFO - 1 downstream tasks scheduled from follow-on schedule check
