[2022-06-12 16:04:56,330] {taskinstance.py:1159} INFO - Dependencies all met for <TaskInstance: ingest_data.get_data_to_ingest_from_local_file_task scheduled__2022-06-11T21:53:00+00:00 [queued]>
[2022-06-12 16:04:56,353] {taskinstance.py:1159} INFO - Dependencies all met for <TaskInstance: ingest_data.get_data_to_ingest_from_local_file_task scheduled__2022-06-11T21:53:00+00:00 [queued]>
[2022-06-12 16:04:56,353] {taskinstance.py:1356} INFO - 
--------------------------------------------------------------------------------
[2022-06-12 16:04:56,354] {taskinstance.py:1357} INFO - Starting attempt 1 of 1
[2022-06-12 16:04:56,355] {taskinstance.py:1358} INFO - 
--------------------------------------------------------------------------------
[2022-06-12 16:04:56,406] {taskinstance.py:1377} INFO - Executing <Task(_PythonDecoratedOperator): get_data_to_ingest_from_local_file_task> on 2022-06-11 21:53:00+00:00
[2022-06-12 16:04:56,412] {standard_task_runner.py:52} INFO - Started process 1645 to run task
[2022-06-12 16:04:56,417] {standard_task_runner.py:79} INFO - Running: ['airflow', 'tasks', 'run', 'ingest_data', 'get_data_to_ingest_from_local_file_task', 'scheduled__2022-06-11T21:53:00+00:00', '--job-id', '140', '--raw', '--subdir', 'DAGS_FOLDER/ingestion_dag.py', '--cfg-path', '/tmp/tmpclwd4eev', '--error-file', '/tmp/tmpc2xdxbn0']
[2022-06-12 16:04:56,419] {standard_task_runner.py:80} INFO - Job 140: Subtask get_data_to_ingest_from_local_file_task
[2022-06-12 16:04:56,566] {task_command.py:370} INFO - Running <TaskInstance: ingest_data.get_data_to_ingest_from_local_file_task scheduled__2022-06-11T21:53:00+00:00 [running]> on host DESKTOP-GDPK8BL.localdomain
[2022-06-12 16:04:56,874] {taskinstance.py:1569} INFO - Exporting the following env vars:
AIRFLOW_CTX_DAG_OWNER=airflow
AIRFLOW_CTX_DAG_ID=ingest_data
AIRFLOW_CTX_TASK_ID=get_data_to_ingest_from_local_file_task
AIRFLOW_CTX_EXECUTION_DATE=2022-06-11T21:53:00+00:00
AIRFLOW_CTX_TRY_NUMBER=1
AIRFLOW_CTX_DAG_RUN_ID=scheduled__2022-06-11T21:53:00+00:00
[2022-06-12 16:04:56,944] {python.py:173} INFO - Done. Returned value was:           AT      V       AP     RH      PE
30301  17.67  53.16  1013.59  83.31  457.99
1981   10.31  40.67  1017.61  69.61  485.25
4740   12.87  39.30  1019.26  71.55  471.48
29076  25.00  59.43  1007.84  68.91  438.28
46232  27.92  74.99  1005.47  75.13  431.76
[2022-06-12 16:04:57,058] {taskinstance.py:1395} INFO - Marking task as SUCCESS. dag_id=ingest_data, task_id=get_data_to_ingest_from_local_file_task, execution_date=20220611T215300, start_date=20220612T140456, end_date=20220612T140457
[2022-06-12 16:04:57,154] {local_task_job.py:156} INFO - Task exited with return code 0
[2022-06-12 16:04:57,359] {local_task_job.py:273} INFO - 1 downstream tasks scheduled from follow-on schedule check
