[2022-06-12 16:36:45,001] {taskinstance.py:1159} INFO - Dependencies all met for <TaskInstance: ingest_data.get_data_to_ingest_from_local_file_task scheduled__2022-06-12T01:01:00+00:00 [queued]>
[2022-06-12 16:36:45,032] {taskinstance.py:1159} INFO - Dependencies all met for <TaskInstance: ingest_data.get_data_to_ingest_from_local_file_task scheduled__2022-06-12T01:01:00+00:00 [queued]>
[2022-06-12 16:36:45,032] {taskinstance.py:1356} INFO - 
--------------------------------------------------------------------------------
[2022-06-12 16:36:45,033] {taskinstance.py:1357} INFO - Starting attempt 1 of 1
[2022-06-12 16:36:45,034] {taskinstance.py:1358} INFO - 
--------------------------------------------------------------------------------
[2022-06-12 16:36:45,096] {taskinstance.py:1377} INFO - Executing <Task(_PythonDecoratedOperator): get_data_to_ingest_from_local_file_task> on 2022-06-12 01:01:00+00:00
[2022-06-12 16:36:45,110] {standard_task_runner.py:79} INFO - Running: ['airflow', 'tasks', 'run', 'ingest_data', 'get_data_to_ingest_from_local_file_task', 'scheduled__2022-06-12T01:01:00+00:00', '--job-id', '515', '--raw', '--subdir', 'DAGS_FOLDER/ingestion_dag.py', '--cfg-path', '/tmp/tmpu_87fvxb', '--error-file', '/tmp/tmpctdryeqb']
[2022-06-12 16:36:45,115] {standard_task_runner.py:80} INFO - Job 515: Subtask get_data_to_ingest_from_local_file_task
[2022-06-12 16:36:45,102] {standard_task_runner.py:52} INFO - Started process 4646 to run task
[2022-06-12 16:36:45,246] {task_command.py:370} INFO - Running <TaskInstance: ingest_data.get_data_to_ingest_from_local_file_task scheduled__2022-06-12T01:01:00+00:00 [running]> on host DESKTOP-GDPK8BL.localdomain
[2022-06-12 16:36:45,632] {taskinstance.py:1569} INFO - Exporting the following env vars:
AIRFLOW_CTX_DAG_OWNER=airflow
AIRFLOW_CTX_DAG_ID=ingest_data
AIRFLOW_CTX_TASK_ID=get_data_to_ingest_from_local_file_task
AIRFLOW_CTX_EXECUTION_DATE=2022-06-12T01:01:00+00:00
AIRFLOW_CTX_TRY_NUMBER=1
AIRFLOW_CTX_DAG_RUN_ID=scheduled__2022-06-12T01:01:00+00:00
[2022-06-12 16:36:45,728] {python.py:173} INFO - Done. Returned value was:           AT      V       AP     RH      PE
31618  14.72  40.83  1009.65  80.98  469.80
18850  31.49  69.13  1009.33  53.90  425.74
19481   5.98  41.31  1001.66  89.50  484.51
17638  16.98  53.16  1013.95  82.80  458.93
11382  19.31  44.71  1016.13  30.59  463.00
[2022-06-12 16:36:45,840] {taskinstance.py:1395} INFO - Marking task as SUCCESS. dag_id=ingest_data, task_id=get_data_to_ingest_from_local_file_task, execution_date=20220612T010100, start_date=20220612T143645, end_date=20220612T143645
[2022-06-12 16:36:45,949] {local_task_job.py:156} INFO - Task exited with return code 0
[2022-06-12 16:36:46,216] {local_task_job.py:273} INFO - 1 downstream tasks scheduled from follow-on schedule check
