[2022-06-12 16:20:21,769] {taskinstance.py:1159} INFO - Dependencies all met for <TaskInstance: ingest_data.get_data_to_ingest_from_local_file_task scheduled__2022-06-11T23:22:00+00:00 [queued]>
[2022-06-12 16:20:21,799] {taskinstance.py:1159} INFO - Dependencies all met for <TaskInstance: ingest_data.get_data_to_ingest_from_local_file_task scheduled__2022-06-11T23:22:00+00:00 [queued]>
[2022-06-12 16:20:21,800] {taskinstance.py:1356} INFO - 
--------------------------------------------------------------------------------
[2022-06-12 16:20:21,801] {taskinstance.py:1357} INFO - Starting attempt 1 of 1
[2022-06-12 16:20:21,802] {taskinstance.py:1358} INFO - 
--------------------------------------------------------------------------------
[2022-06-12 16:20:21,869] {taskinstance.py:1377} INFO - Executing <Task(_PythonDecoratedOperator): get_data_to_ingest_from_local_file_task> on 2022-06-11 23:22:00+00:00
[2022-06-12 16:20:21,875] {standard_task_runner.py:52} INFO - Started process 3158 to run task
[2022-06-12 16:20:21,882] {standard_task_runner.py:79} INFO - Running: ['airflow', 'tasks', 'run', 'ingest_data', 'get_data_to_ingest_from_local_file_task', 'scheduled__2022-06-11T23:22:00+00:00', '--job-id', '318', '--raw', '--subdir', 'DAGS_FOLDER/ingestion_dag.py', '--cfg-path', '/tmp/tmpfytgcigr', '--error-file', '/tmp/tmpy0wb3rxa']
[2022-06-12 16:20:21,883] {standard_task_runner.py:80} INFO - Job 318: Subtask get_data_to_ingest_from_local_file_task
[2022-06-12 16:20:22,025] {task_command.py:370} INFO - Running <TaskInstance: ingest_data.get_data_to_ingest_from_local_file_task scheduled__2022-06-11T23:22:00+00:00 [running]> on host DESKTOP-GDPK8BL.localdomain
[2022-06-12 16:20:22,393] {taskinstance.py:1569} INFO - Exporting the following env vars:
AIRFLOW_CTX_DAG_OWNER=airflow
AIRFLOW_CTX_DAG_ID=ingest_data
AIRFLOW_CTX_TASK_ID=get_data_to_ingest_from_local_file_task
AIRFLOW_CTX_EXECUTION_DATE=2022-06-11T23:22:00+00:00
AIRFLOW_CTX_TRY_NUMBER=1
AIRFLOW_CTX_DAG_RUN_ID=scheduled__2022-06-11T23:22:00+00:00
[2022-06-12 16:20:22,458] {python.py:173} INFO - Done. Returned value was:           AT      V       AP     RH      PE
1468    4.15  39.90  1008.84  96.68  491.22
45313   9.78  41.93  1023.18  75.05  484.03
29309  29.05  71.85  1008.60  78.69  428.39
20745   9.45  43.50  1018.89  84.29  476.10
19803  28.50  73.77  1002.82  86.38  431.70
[2022-06-12 16:20:22,577] {taskinstance.py:1395} INFO - Marking task as SUCCESS. dag_id=ingest_data, task_id=get_data_to_ingest_from_local_file_task, execution_date=20220611T232200, start_date=20220612T142021, end_date=20220612T142022
[2022-06-12 16:20:22,659] {local_task_job.py:156} INFO - Task exited with return code 0
[2022-06-12 16:20:22,884] {local_task_job.py:273} INFO - 1 downstream tasks scheduled from follow-on schedule check
