[2022-06-12 16:20:31,746] {taskinstance.py:1159} INFO - Dependencies all met for <TaskInstance: ingest_data.get_data_to_ingest_from_local_file_task scheduled__2022-06-11T23:23:00+00:00 [queued]>
[2022-06-12 16:20:31,776] {taskinstance.py:1159} INFO - Dependencies all met for <TaskInstance: ingest_data.get_data_to_ingest_from_local_file_task scheduled__2022-06-11T23:23:00+00:00 [queued]>
[2022-06-12 16:20:31,776] {taskinstance.py:1356} INFO - 
--------------------------------------------------------------------------------
[2022-06-12 16:20:31,777] {taskinstance.py:1357} INFO - Starting attempt 1 of 1
[2022-06-12 16:20:31,777] {taskinstance.py:1358} INFO - 
--------------------------------------------------------------------------------
[2022-06-12 16:20:31,844] {taskinstance.py:1377} INFO - Executing <Task(_PythonDecoratedOperator): get_data_to_ingest_from_local_file_task> on 2022-06-11 23:23:00+00:00
[2022-06-12 16:20:31,852] {standard_task_runner.py:52} INFO - Started process 3175 to run task
[2022-06-12 16:20:31,858] {standard_task_runner.py:79} INFO - Running: ['airflow', 'tasks', 'run', 'ingest_data', 'get_data_to_ingest_from_local_file_task', 'scheduled__2022-06-11T23:23:00+00:00', '--job-id', '320', '--raw', '--subdir', 'DAGS_FOLDER/ingestion_dag.py', '--cfg-path', '/tmp/tmpzv2jvv8f', '--error-file', '/tmp/tmpq73gfn7u']
[2022-06-12 16:20:31,860] {standard_task_runner.py:80} INFO - Job 320: Subtask get_data_to_ingest_from_local_file_task
[2022-06-12 16:20:32,004] {task_command.py:370} INFO - Running <TaskInstance: ingest_data.get_data_to_ingest_from_local_file_task scheduled__2022-06-11T23:23:00+00:00 [running]> on host DESKTOP-GDPK8BL.localdomain
[2022-06-12 16:20:32,373] {taskinstance.py:1569} INFO - Exporting the following env vars:
AIRFLOW_CTX_DAG_OWNER=airflow
AIRFLOW_CTX_DAG_ID=ingest_data
AIRFLOW_CTX_TASK_ID=get_data_to_ingest_from_local_file_task
AIRFLOW_CTX_EXECUTION_DATE=2022-06-11T23:23:00+00:00
AIRFLOW_CTX_TRY_NUMBER=1
AIRFLOW_CTX_DAG_RUN_ID=scheduled__2022-06-11T23:23:00+00:00
[2022-06-12 16:20:32,441] {python.py:173} INFO - Done. Returned value was:           AT      V       AP     RH      PE
13557  18.45  42.44  1013.45  63.52  459.79
833    22.34  63.73  1014.37  83.19  444.39
29350  20.36  66.05  1015.86  87.19  450.23
37736  10.20  41.46  1020.23  84.54  481.46
29608  15.37  50.59  1019.02  98.20  463.35
[2022-06-12 16:20:32,560] {taskinstance.py:1395} INFO - Marking task as SUCCESS. dag_id=ingest_data, task_id=get_data_to_ingest_from_local_file_task, execution_date=20220611T232300, start_date=20220612T142031, end_date=20220612T142032
[2022-06-12 16:20:32,636] {local_task_job.py:156} INFO - Task exited with return code 0
[2022-06-12 16:20:32,875] {local_task_job.py:273} INFO - 1 downstream tasks scheduled from follow-on schedule check
