[2022-06-12 16:45:00,434] {taskinstance.py:1159} INFO - Dependencies all met for <TaskInstance: ingest_data.get_data_to_ingest_from_local_file_task scheduled__2022-06-12T01:43:00+00:00 [queued]>
[2022-06-12 16:45:00,470] {taskinstance.py:1159} INFO - Dependencies all met for <TaskInstance: ingest_data.get_data_to_ingest_from_local_file_task scheduled__2022-06-12T01:43:00+00:00 [queued]>
[2022-06-12 16:45:00,471] {taskinstance.py:1356} INFO - 
--------------------------------------------------------------------------------
[2022-06-12 16:45:00,472] {taskinstance.py:1357} INFO - Starting attempt 1 of 1
[2022-06-12 16:45:00,473] {taskinstance.py:1358} INFO - 
--------------------------------------------------------------------------------
[2022-06-12 16:45:00,546] {taskinstance.py:1377} INFO - Executing <Task(_PythonDecoratedOperator): get_data_to_ingest_from_local_file_task> on 2022-06-12 01:43:00+00:00
[2022-06-12 16:45:00,552] {standard_task_runner.py:52} INFO - Started process 5284 to run task
[2022-06-12 16:45:00,558] {standard_task_runner.py:79} INFO - Running: ['airflow', 'tasks', 'run', 'ingest_data', 'get_data_to_ingest_from_local_file_task', 'scheduled__2022-06-12T01:43:00+00:00', '--job-id', '600', '--raw', '--subdir', 'DAGS_FOLDER/ingestion_dag.py', '--cfg-path', '/tmp/tmpfxfbbd4e', '--error-file', '/tmp/tmp5nof0sg9']
[2022-06-12 16:45:00,560] {standard_task_runner.py:80} INFO - Job 600: Subtask get_data_to_ingest_from_local_file_task
[2022-06-12 16:45:00,698] {task_command.py:370} INFO - Running <TaskInstance: ingest_data.get_data_to_ingest_from_local_file_task scheduled__2022-06-12T01:43:00+00:00 [running]> on host DESKTOP-GDPK8BL.localdomain
[2022-06-12 16:45:01,112] {taskinstance.py:1569} INFO - Exporting the following env vars:
AIRFLOW_CTX_DAG_OWNER=airflow
AIRFLOW_CTX_DAG_ID=ingest_data
AIRFLOW_CTX_TASK_ID=get_data_to_ingest_from_local_file_task
AIRFLOW_CTX_EXECUTION_DATE=2022-06-12T01:43:00+00:00
AIRFLOW_CTX_TRY_NUMBER=1
AIRFLOW_CTX_DAG_RUN_ID=scheduled__2022-06-12T01:43:00+00:00
[2022-06-12 16:45:01,184] {python.py:173} INFO - Done. Returned value was:           AT      V       AP     RH      PE
6773   23.81  46.93  1013.19  54.82  449.58
37748  17.75  49.25  1020.86  63.67  454.41
35633  21.96  48.78  1019.56  85.05  451.58
36091  24.82  72.99  1007.81  84.72  435.68
23145  27.18  64.44  1012.81  61.27  440.30
[2022-06-12 16:45:01,305] {taskinstance.py:1395} INFO - Marking task as SUCCESS. dag_id=ingest_data, task_id=get_data_to_ingest_from_local_file_task, execution_date=20220612T014300, start_date=20220612T144500, end_date=20220612T144501
[2022-06-12 16:45:01,375] {local_task_job.py:156} INFO - Task exited with return code 0
[2022-06-12 16:45:01,619] {local_task_job.py:273} INFO - 1 downstream tasks scheduled from follow-on schedule check
