[2022-06-12 14:44:56,114] {taskinstance.py:1159} INFO - Dependencies all met for <TaskInstance: example_2.task_1 scheduled__2022-06-12T01:18:00+00:00 [queued]>
[2022-06-12 14:44:56,145] {taskinstance.py:1159} INFO - Dependencies all met for <TaskInstance: example_2.task_1 scheduled__2022-06-12T01:18:00+00:00 [queued]>
[2022-06-12 14:44:56,145] {taskinstance.py:1356} INFO - 
--------------------------------------------------------------------------------
[2022-06-12 14:44:56,146] {taskinstance.py:1357} INFO - Starting attempt 1 of 1
[2022-06-12 14:44:56,146] {taskinstance.py:1358} INFO - 
--------------------------------------------------------------------------------
[2022-06-12 14:44:56,210] {taskinstance.py:1377} INFO - Executing <Task(_PythonDecoratedOperator): task_1> on 2022-06-12 01:18:00+00:00
[2022-06-12 14:44:56,215] {standard_task_runner.py:52} INFO - Started process 847 to run task
[2022-06-12 14:44:56,222] {standard_task_runner.py:79} INFO - Running: ['airflow', 'tasks', 'run', 'example_2', 'task_1', 'scheduled__2022-06-12T01:18:00+00:00', '--job-id', '42', '--raw', '--subdir', 'DAGS_FOLDER/dummy_dag.py', '--cfg-path', '/tmp/tmpz68e2azy', '--error-file', '/tmp/tmp7yfw8ctt']
[2022-06-12 14:44:56,224] {standard_task_runner.py:80} INFO - Job 42: Subtask task_1
[2022-06-12 14:44:56,386] {task_command.py:370} INFO - Running <TaskInstance: example_2.task_1 scheduled__2022-06-12T01:18:00+00:00 [running]> on host DESKTOP-GDPK8BL.localdomain
[2022-06-12 14:44:56,583] {taskinstance.py:1569} INFO - Exporting the following env vars:
AIRFLOW_CTX_DAG_OWNER=airflow
AIRFLOW_CTX_DAG_ID=example_2
AIRFLOW_CTX_TASK_ID=task_1
AIRFLOW_CTX_EXECUTION_DATE=2022-06-12T01:18:00+00:00
AIRFLOW_CTX_TRY_NUMBER=1
AIRFLOW_CTX_DAG_RUN_ID=scheduled__2022-06-12T01:18:00+00:00
[2022-06-12 14:44:56,585] {python.py:173} INFO - Done. Returned value was: 3
[2022-06-12 14:44:56,698] {taskinstance.py:1395} INFO - Marking task as SUCCESS. dag_id=example_2, task_id=task_1, execution_date=20220612T011800, start_date=20220612T124456, end_date=20220612T124456
[2022-06-12 14:44:56,798] {local_task_job.py:156} INFO - Task exited with return code 0
[2022-06-12 14:44:56,931] {local_task_job.py:273} INFO - 1 downstream tasks scheduled from follow-on schedule check
