[2022-06-12 17:34:59,367] {taskinstance.py:1159} INFO - Dependencies all met for <TaskInstance: ingest_data.get_data_to_ingest_from_local_file_task scheduled__2022-06-12T06:38:00+00:00 [queued]>
[2022-06-12 17:34:59,405] {taskinstance.py:1159} INFO - Dependencies all met for <TaskInstance: ingest_data.get_data_to_ingest_from_local_file_task scheduled__2022-06-12T06:38:00+00:00 [queued]>
[2022-06-12 17:34:59,406] {taskinstance.py:1356} INFO - 
--------------------------------------------------------------------------------
[2022-06-12 17:34:59,407] {taskinstance.py:1357} INFO - Starting attempt 1 of 1
[2022-06-12 17:34:59,408] {taskinstance.py:1358} INFO - 
--------------------------------------------------------------------------------
[2022-06-12 17:34:59,484] {taskinstance.py:1377} INFO - Executing <Task(_PythonDecoratedOperator): get_data_to_ingest_from_local_file_task> on 2022-06-12 06:38:00+00:00
[2022-06-12 17:34:59,497] {standard_task_runner.py:52} INFO - Started process 9653 to run task
[2022-06-12 17:34:59,501] {standard_task_runner.py:79} INFO - Running: ['airflow', 'tasks', 'run', 'ingest_data', 'get_data_to_ingest_from_local_file_task', 'scheduled__2022-06-12T06:38:00+00:00', '--job-id', '1189', '--raw', '--subdir', 'DAGS_FOLDER/ingestion_dag.py', '--cfg-path', '/tmp/tmpdcdceu81', '--error-file', '/tmp/tmp46nhi9fh']
[2022-06-12 17:34:59,510] {standard_task_runner.py:80} INFO - Job 1189: Subtask get_data_to_ingest_from_local_file_task
[2022-06-12 17:34:59,670] {task_command.py:370} INFO - Running <TaskInstance: ingest_data.get_data_to_ingest_from_local_file_task scheduled__2022-06-12T06:38:00+00:00 [running]> on host DESKTOP-GDPK8BL.localdomain
[2022-06-12 17:35:00,113] {taskinstance.py:1569} INFO - Exporting the following env vars:
AIRFLOW_CTX_DAG_OWNER=airflow
AIRFLOW_CTX_DAG_ID=ingest_data
AIRFLOW_CTX_TASK_ID=get_data_to_ingest_from_local_file_task
AIRFLOW_CTX_EXECUTION_DATE=2022-06-12T06:38:00+00:00
AIRFLOW_CTX_TRY_NUMBER=1
AIRFLOW_CTX_DAG_RUN_ID=scheduled__2022-06-12T06:38:00+00:00
[2022-06-12 17:35:00,186] {python.py:173} INFO - Done. Returned value was:           AT      V       AP     RH      PE
12311  28.50  72.99  1007.02  67.13  433.24
14561  12.92  39.35  1014.56  88.29  469.83
12004  24.47  75.23  1012.43  75.25  441.07
25825  21.33  50.32  1008.58  85.30  442.44
18274   8.48  40.05  1015.89  90.25  483.50
[2022-06-12 17:35:00,333] {taskinstance.py:1395} INFO - Marking task as SUCCESS. dag_id=ingest_data, task_id=get_data_to_ingest_from_local_file_task, execution_date=20220612T063800, start_date=20220612T153459, end_date=20220612T153500
[2022-06-12 17:35:00,409] {local_task_job.py:156} INFO - Task exited with return code 0
[2022-06-12 17:35:00,667] {local_task_job.py:273} INFO - 1 downstream tasks scheduled from follow-on schedule check
