[2022-06-12 17:23:49,322] {taskinstance.py:1159} INFO - Dependencies all met for <TaskInstance: ingest_data.get_data_to_ingest_from_local_file_task scheduled__2022-06-12T05:27:00+00:00 [queued]>
[2022-06-12 17:23:49,359] {taskinstance.py:1159} INFO - Dependencies all met for <TaskInstance: ingest_data.get_data_to_ingest_from_local_file_task scheduled__2022-06-12T05:27:00+00:00 [queued]>
[2022-06-12 17:23:49,359] {taskinstance.py:1356} INFO - 
--------------------------------------------------------------------------------
[2022-06-12 17:23:49,360] {taskinstance.py:1357} INFO - Starting attempt 1 of 1
[2022-06-12 17:23:49,361] {taskinstance.py:1358} INFO - 
--------------------------------------------------------------------------------
[2022-06-12 17:23:49,436] {taskinstance.py:1377} INFO - Executing <Task(_PythonDecoratedOperator): get_data_to_ingest_from_local_file_task> on 2022-06-12 05:27:00+00:00
[2022-06-12 17:23:49,442] {standard_task_runner.py:52} INFO - Started process 8603 to run task
[2022-06-12 17:23:49,449] {standard_task_runner.py:79} INFO - Running: ['airflow', 'tasks', 'run', 'ingest_data', 'get_data_to_ingest_from_local_file_task', 'scheduled__2022-06-12T05:27:00+00:00', '--job-id', '1047', '--raw', '--subdir', 'DAGS_FOLDER/ingestion_dag.py', '--cfg-path', '/tmp/tmp_zs609zd', '--error-file', '/tmp/tmphxjhol86']
[2022-06-12 17:23:49,460] {standard_task_runner.py:80} INFO - Job 1047: Subtask get_data_to_ingest_from_local_file_task
[2022-06-12 17:23:49,599] {task_command.py:370} INFO - Running <TaskInstance: ingest_data.get_data_to_ingest_from_local_file_task scheduled__2022-06-12T05:27:00+00:00 [running]> on host DESKTOP-GDPK8BL.localdomain
[2022-06-12 17:23:49,957] {taskinstance.py:1569} INFO - Exporting the following env vars:
AIRFLOW_CTX_DAG_OWNER=airflow
AIRFLOW_CTX_DAG_ID=ingest_data
AIRFLOW_CTX_TASK_ID=get_data_to_ingest_from_local_file_task
AIRFLOW_CTX_EXECUTION_DATE=2022-06-12T05:27:00+00:00
AIRFLOW_CTX_TRY_NUMBER=1
AIRFLOW_CTX_DAG_RUN_ID=scheduled__2022-06-12T05:27:00+00:00
[2022-06-12 17:23:50,039] {python.py:173} INFO - Done. Returned value was:           AT      V       AP     RH      PE
39678  20.60  65.12  1015.53  71.57  452.86
29653  27.63  71.98  1005.45  82.88  426.00
12362  28.83  64.96  1000.05  63.57  429.13
14313  34.48  74.34  1000.91  42.61  433.94
1940   18.45  42.44  1013.45  63.52  459.79
[2022-06-12 17:23:50,172] {taskinstance.py:1395} INFO - Marking task as SUCCESS. dag_id=ingest_data, task_id=get_data_to_ingest_from_local_file_task, execution_date=20220612T052700, start_date=20220612T152349, end_date=20220612T152350
[2022-06-12 17:23:50,238] {local_task_job.py:156} INFO - Task exited with return code 0
[2022-06-12 17:23:50,481] {local_task_job.py:273} INFO - 1 downstream tasks scheduled from follow-on schedule check
