[2022-06-12 14:44:47,633] {taskinstance.py:1159} INFO - Dependencies all met for <TaskInstance: ingest_data.get_data_to_ingest_from_local_file_task scheduled__2022-06-11T21:07:00+00:00 [queued]>
[2022-06-12 14:44:47,663] {taskinstance.py:1159} INFO - Dependencies all met for <TaskInstance: ingest_data.get_data_to_ingest_from_local_file_task scheduled__2022-06-11T21:07:00+00:00 [queued]>
[2022-06-12 14:44:47,663] {taskinstance.py:1356} INFO - 
--------------------------------------------------------------------------------
[2022-06-12 14:44:47,665] {taskinstance.py:1357} INFO - Starting attempt 1 of 1
[2022-06-12 14:44:47,666] {taskinstance.py:1358} INFO - 
--------------------------------------------------------------------------------
[2022-06-12 14:44:47,745] {taskinstance.py:1377} INFO - Executing <Task(_PythonDecoratedOperator): get_data_to_ingest_from_local_file_task> on 2022-06-11 21:07:00+00:00
[2022-06-12 14:44:47,756] {standard_task_runner.py:52} INFO - Started process 840 to run task
[2022-06-12 14:44:47,760] {standard_task_runner.py:79} INFO - Running: ['airflow', 'tasks', 'run', 'ingest_data', 'get_data_to_ingest_from_local_file_task', 'scheduled__2022-06-11T21:07:00+00:00', '--job-id', '40', '--raw', '--subdir', 'DAGS_FOLDER/ingestion_dag.py', '--cfg-path', '/tmp/tmpj5nlmsk7', '--error-file', '/tmp/tmp7m90bp_t']
[2022-06-12 14:44:47,762] {standard_task_runner.py:80} INFO - Job 40: Subtask get_data_to_ingest_from_local_file_task
[2022-06-12 14:44:47,926] {task_command.py:370} INFO - Running <TaskInstance: ingest_data.get_data_to_ingest_from_local_file_task scheduled__2022-06-11T21:07:00+00:00 [running]> on host DESKTOP-GDPK8BL.localdomain
[2022-06-12 14:44:48,260] {taskinstance.py:1569} INFO - Exporting the following env vars:
AIRFLOW_CTX_DAG_OWNER=airflow
AIRFLOW_CTX_DAG_ID=ingest_data
AIRFLOW_CTX_TASK_ID=get_data_to_ingest_from_local_file_task
AIRFLOW_CTX_EXECUTION_DATE=2022-06-11T21:07:00+00:00
AIRFLOW_CTX_TRY_NUMBER=1
AIRFLOW_CTX_DAG_RUN_ID=scheduled__2022-06-11T21:07:00+00:00
[2022-06-12 14:44:48,336] {python.py:173} INFO - Done. Returned value was:           AT      V       AP     RH      PE
850    12.59  41.14  1025.79  86.55  465.74
4964   17.35  39.39  1013.18  67.67  467.85
47157   6.40  41.17  1019.54  85.37  488.82
20284  26.15  64.27  1013.03  59.77  439.11
14121  22.50  59.43  1010.31  72.17  441.92
[2022-06-12 14:44:48,435] {taskinstance.py:1395} INFO - Marking task as SUCCESS. dag_id=ingest_data, task_id=get_data_to_ingest_from_local_file_task, execution_date=20220611T210700, start_date=20220612T124447, end_date=20220612T124448
[2022-06-12 14:44:48,502] {local_task_job.py:156} INFO - Task exited with return code 0
[2022-06-12 14:44:48,773] {local_task_job.py:273} INFO - 1 downstream tasks scheduled from follow-on schedule check
