[2022-06-12 14:46:01,885] {taskinstance.py:1159} INFO - Dependencies all met for <TaskInstance: ingest_data.get_data_to_ingest_from_local_file_task scheduled__2022-06-11T21:11:00+00:00 [queued]>
[2022-06-12 14:46:01,910] {taskinstance.py:1159} INFO - Dependencies all met for <TaskInstance: ingest_data.get_data_to_ingest_from_local_file_task scheduled__2022-06-11T21:11:00+00:00 [queued]>
[2022-06-12 14:46:01,910] {taskinstance.py:1356} INFO - 
--------------------------------------------------------------------------------
[2022-06-12 14:46:01,911] {taskinstance.py:1357} INFO - Starting attempt 1 of 1
[2022-06-12 14:46:01,912] {taskinstance.py:1358} INFO - 
--------------------------------------------------------------------------------
[2022-06-12 14:46:01,975] {taskinstance.py:1377} INFO - Executing <Task(_PythonDecoratedOperator): get_data_to_ingest_from_local_file_task> on 2022-06-11 21:11:00+00:00
[2022-06-12 14:46:01,981] {standard_task_runner.py:52} INFO - Started process 932 to run task
[2022-06-12 14:46:01,988] {standard_task_runner.py:79} INFO - Running: ['airflow', 'tasks', 'run', 'ingest_data', 'get_data_to_ingest_from_local_file_task', 'scheduled__2022-06-11T21:11:00+00:00', '--job-id', '56', '--raw', '--subdir', 'DAGS_FOLDER/ingestion_dag.py', '--cfg-path', '/tmp/tmp_xx4nnwa', '--error-file', '/tmp/tmp902bxx3c']
[2022-06-12 14:46:01,990] {standard_task_runner.py:80} INFO - Job 56: Subtask get_data_to_ingest_from_local_file_task
[2022-06-12 14:46:02,136] {task_command.py:370} INFO - Running <TaskInstance: ingest_data.get_data_to_ingest_from_local_file_task scheduled__2022-06-11T21:11:00+00:00 [running]> on host DESKTOP-GDPK8BL.localdomain
[2022-06-12 14:46:02,507] {taskinstance.py:1569} INFO - Exporting the following env vars:
AIRFLOW_CTX_DAG_OWNER=airflow
AIRFLOW_CTX_DAG_ID=ingest_data
AIRFLOW_CTX_TASK_ID=get_data_to_ingest_from_local_file_task
AIRFLOW_CTX_EXECUTION_DATE=2022-06-11T21:11:00+00:00
AIRFLOW_CTX_TRY_NUMBER=1
AIRFLOW_CTX_DAG_RUN_ID=scheduled__2022-06-11T21:11:00+00:00
[2022-06-12 14:46:02,602] {python.py:173} INFO - Done. Returned value was:           AT      V       AP     RH      PE
24730  33.17  70.40  1004.45  58.00  430.14
8111   16.69  46.18  1011.00  97.85  458.57
29757  28.36  68.08  1013.34  42.82  434.54
24444  19.67  44.89  1009.43  73.88  455.20
35563  22.36  59.44  1013.10  84.74  446.75
[2022-06-12 14:46:02,803] {taskinstance.py:1395} INFO - Marking task as SUCCESS. dag_id=ingest_data, task_id=get_data_to_ingest_from_local_file_task, execution_date=20220611T211100, start_date=20220612T124601, end_date=20220612T124602
[2022-06-12 14:46:02,928] {local_task_job.py:156} INFO - Task exited with return code 0
[2022-06-12 14:46:03,178] {local_task_job.py:273} INFO - 1 downstream tasks scheduled from follow-on schedule check
