[2022-06-12 16:47:41,569] {taskinstance.py:1159} INFO - Dependencies all met for <TaskInstance: ingest_data.get_data_to_ingest_from_local_file_task scheduled__2022-06-12T01:59:00+00:00 [queued]>
[2022-06-12 16:47:41,603] {taskinstance.py:1159} INFO - Dependencies all met for <TaskInstance: ingest_data.get_data_to_ingest_from_local_file_task scheduled__2022-06-12T01:59:00+00:00 [queued]>
[2022-06-12 16:47:41,605] {taskinstance.py:1356} INFO - 
--------------------------------------------------------------------------------
[2022-06-12 16:47:41,606] {taskinstance.py:1357} INFO - Starting attempt 1 of 1
[2022-06-12 16:47:41,607] {taskinstance.py:1358} INFO - 
--------------------------------------------------------------------------------
[2022-06-12 16:47:41,678] {taskinstance.py:1377} INFO - Executing <Task(_PythonDecoratedOperator): get_data_to_ingest_from_local_file_task> on 2022-06-12 01:59:00+00:00
[2022-06-12 16:47:41,685] {standard_task_runner.py:52} INFO - Started process 5521 to run task
[2022-06-12 16:47:41,692] {standard_task_runner.py:79} INFO - Running: ['airflow', 'tasks', 'run', 'ingest_data', 'get_data_to_ingest_from_local_file_task', 'scheduled__2022-06-12T01:59:00+00:00', '--job-id', '632', '--raw', '--subdir', 'DAGS_FOLDER/ingestion_dag.py', '--cfg-path', '/tmp/tmpfd4hkyk4', '--error-file', '/tmp/tmp9k29c2wg']
[2022-06-12 16:47:41,694] {standard_task_runner.py:80} INFO - Job 632: Subtask get_data_to_ingest_from_local_file_task
[2022-06-12 16:47:41,836] {task_command.py:370} INFO - Running <TaskInstance: ingest_data.get_data_to_ingest_from_local_file_task scheduled__2022-06-12T01:59:00+00:00 [running]> on host DESKTOP-GDPK8BL.localdomain
[2022-06-12 16:47:42,339] {taskinstance.py:1569} INFO - Exporting the following env vars:
AIRFLOW_CTX_DAG_OWNER=airflow
AIRFLOW_CTX_DAG_ID=ingest_data
AIRFLOW_CTX_TASK_ID=get_data_to_ingest_from_local_file_task
AIRFLOW_CTX_EXECUTION_DATE=2022-06-12T01:59:00+00:00
AIRFLOW_CTX_TRY_NUMBER=1
AIRFLOW_CTX_DAG_RUN_ID=scheduled__2022-06-12T01:59:00+00:00
[2022-06-12 16:47:42,419] {python.py:173} INFO - Done. Returned value was:           AT      V       AP     RH      PE
21961   8.51  41.26  1023.17  87.79  477.51
20516  21.14  67.71  1006.38  56.78  445.12
47471  14.85  40.69  1014.91  72.64  469.30
9620   23.48  65.12  1015.82  60.83  445.66
43245  22.89  73.11  1006.66  73.11  440.15
[2022-06-12 16:47:42,564] {taskinstance.py:1395} INFO - Marking task as SUCCESS. dag_id=ingest_data, task_id=get_data_to_ingest_from_local_file_task, execution_date=20220612T015900, start_date=20220612T144741, end_date=20220612T144742
[2022-06-12 16:47:42,673] {local_task_job.py:156} INFO - Task exited with return code 0
[2022-06-12 16:47:42,894] {local_task_job.py:273} INFO - 1 downstream tasks scheduled from follow-on schedule check
