[2022-06-12 17:41:05,775] {taskinstance.py:1159} INFO - Dependencies all met for <TaskInstance: ingest_data.get_data_to_ingest_from_local_file_task scheduled__2022-06-12T07:17:00+00:00 [queued]>
[2022-06-12 17:41:05,818] {taskinstance.py:1159} INFO - Dependencies all met for <TaskInstance: ingest_data.get_data_to_ingest_from_local_file_task scheduled__2022-06-12T07:17:00+00:00 [queued]>
[2022-06-12 17:41:05,818] {taskinstance.py:1356} INFO - 
--------------------------------------------------------------------------------
[2022-06-12 17:41:05,819] {taskinstance.py:1357} INFO - Starting attempt 1 of 1
[2022-06-12 17:41:05,820] {taskinstance.py:1358} INFO - 
--------------------------------------------------------------------------------
[2022-06-12 17:41:05,916] {taskinstance.py:1377} INFO - Executing <Task(_PythonDecoratedOperator): get_data_to_ingest_from_local_file_task> on 2022-06-12 07:17:00+00:00
[2022-06-12 17:41:05,932] {standard_task_runner.py:52} INFO - Started process 10229 to run task
[2022-06-12 17:41:05,940] {standard_task_runner.py:79} INFO - Running: ['airflow', 'tasks', 'run', 'ingest_data', 'get_data_to_ingest_from_local_file_task', 'scheduled__2022-06-12T07:17:00+00:00', '--job-id', '1267', '--raw', '--subdir', 'DAGS_FOLDER/ingestion_dag.py', '--cfg-path', '/tmp/tmpphkox3s_', '--error-file', '/tmp/tmpen3y1vc0']
[2022-06-12 17:41:05,942] {standard_task_runner.py:80} INFO - Job 1267: Subtask get_data_to_ingest_from_local_file_task
[2022-06-12 17:41:06,086] {task_command.py:370} INFO - Running <TaskInstance: ingest_data.get_data_to_ingest_from_local_file_task scheduled__2022-06-12T07:17:00+00:00 [running]> on host DESKTOP-GDPK8BL.localdomain
[2022-06-12 17:41:06,563] {taskinstance.py:1569} INFO - Exporting the following env vars:
AIRFLOW_CTX_DAG_OWNER=airflow
AIRFLOW_CTX_DAG_ID=ingest_data
AIRFLOW_CTX_TASK_ID=get_data_to_ingest_from_local_file_task
AIRFLOW_CTX_EXECUTION_DATE=2022-06-12T07:17:00+00:00
AIRFLOW_CTX_TRY_NUMBER=1
AIRFLOW_CTX_DAG_RUN_ID=scheduled__2022-06-12T07:17:00+00:00
[2022-06-12 17:41:06,634] {python.py:173} INFO - Done. Returned value was:           AT      V       AP     RH      PE
21651  23.19  58.82  1009.96  81.05  446.44
38367  26.63  64.44  1012.66  61.19  442.00
2010   22.67  68.08  1013.00  66.59  443.79
10048  18.18  61.87  1008.64  66.28  453.10
8471   26.57  73.21  1002.31  92.51  431.68
[2022-06-12 17:41:06,797] {taskinstance.py:1395} INFO - Marking task as SUCCESS. dag_id=ingest_data, task_id=get_data_to_ingest_from_local_file_task, execution_date=20220612T071700, start_date=20220612T154105, end_date=20220612T154106
[2022-06-12 17:41:06,881] {local_task_job.py:156} INFO - Task exited with return code 0
[2022-06-12 17:41:07,109] {local_task_job.py:273} INFO - 1 downstream tasks scheduled from follow-on schedule check
