[2022-06-12 17:39:37,052] {taskinstance.py:1159} INFO - Dependencies all met for <TaskInstance: ingest_data.get_data_to_ingest_from_local_file_task scheduled__2022-06-12T07:08:00+00:00 [queued]>
[2022-06-12 17:39:37,086] {taskinstance.py:1159} INFO - Dependencies all met for <TaskInstance: ingest_data.get_data_to_ingest_from_local_file_task scheduled__2022-06-12T07:08:00+00:00 [queued]>
[2022-06-12 17:39:37,087] {taskinstance.py:1356} INFO - 
--------------------------------------------------------------------------------
[2022-06-12 17:39:37,087] {taskinstance.py:1357} INFO - Starting attempt 1 of 1
[2022-06-12 17:39:37,088] {taskinstance.py:1358} INFO - 
--------------------------------------------------------------------------------
[2022-06-12 17:39:37,144] {taskinstance.py:1377} INFO - Executing <Task(_PythonDecoratedOperator): get_data_to_ingest_from_local_file_task> on 2022-06-12 07:08:00+00:00
[2022-06-12 17:39:37,154] {standard_task_runner.py:52} INFO - Started process 10095 to run task
[2022-06-12 17:39:37,169] {standard_task_runner.py:79} INFO - Running: ['airflow', 'tasks', 'run', 'ingest_data', 'get_data_to_ingest_from_local_file_task', 'scheduled__2022-06-12T07:08:00+00:00', '--job-id', '1249', '--raw', '--subdir', 'DAGS_FOLDER/ingestion_dag.py', '--cfg-path', '/tmp/tmpnfygjon6', '--error-file', '/tmp/tmpz8hucgcy']
[2022-06-12 17:39:37,171] {standard_task_runner.py:80} INFO - Job 1249: Subtask get_data_to_ingest_from_local_file_task
[2022-06-12 17:39:37,338] {task_command.py:370} INFO - Running <TaskInstance: ingest_data.get_data_to_ingest_from_local_file_task scheduled__2022-06-12T07:08:00+00:00 [running]> on host DESKTOP-GDPK8BL.localdomain
[2022-06-12 17:39:37,787] {taskinstance.py:1569} INFO - Exporting the following env vars:
AIRFLOW_CTX_DAG_OWNER=airflow
AIRFLOW_CTX_DAG_ID=ingest_data
AIRFLOW_CTX_TASK_ID=get_data_to_ingest_from_local_file_task
AIRFLOW_CTX_EXECUTION_DATE=2022-06-12T07:08:00+00:00
AIRFLOW_CTX_TRY_NUMBER=1
AIRFLOW_CTX_DAG_RUN_ID=scheduled__2022-06-12T07:08:00+00:00
[2022-06-12 17:39:37,857] {python.py:173} INFO - Done. Returned value was:           AT      V       AP     RH      PE
2628   12.77  36.71  1013.29  86.40  475.59
18824  11.41  39.61  1018.69  69.44  467.19
7335   22.83  59.43  1005.51  83.93  440.76
22817  25.54  49.16  1003.64  47.40  443.55
16091  29.25  66.51  1015.53  33.65  441.70
[2022-06-12 17:39:38,013] {taskinstance.py:1395} INFO - Marking task as SUCCESS. dag_id=ingest_data, task_id=get_data_to_ingest_from_local_file_task, execution_date=20220612T070800, start_date=20220612T153937, end_date=20220612T153938
[2022-06-12 17:39:38,100] {local_task_job.py:156} INFO - Task exited with return code 0
[2022-06-12 17:39:38,320] {local_task_job.py:273} INFO - 1 downstream tasks scheduled from follow-on schedule check
