[2022-06-12 19:43:24,236] {taskinstance.py:1159} INFO - Dependencies all met for <TaskInstance: ingest_data.get_data_to_ingest_from_local_file_task scheduled__2022-06-12T08:36:00+00:00 [queued]>
[2022-06-12 19:43:24,269] {taskinstance.py:1159} INFO - Dependencies all met for <TaskInstance: ingest_data.get_data_to_ingest_from_local_file_task scheduled__2022-06-12T08:36:00+00:00 [queued]>
[2022-06-12 19:43:24,270] {taskinstance.py:1356} INFO - 
--------------------------------------------------------------------------------
[2022-06-12 19:43:24,270] {taskinstance.py:1357} INFO - Starting attempt 1 of 1
[2022-06-12 19:43:24,271] {taskinstance.py:1358} INFO - 
--------------------------------------------------------------------------------
[2022-06-12 19:43:24,332] {taskinstance.py:1377} INFO - Executing <Task(_PythonDecoratedOperator): get_data_to_ingest_from_local_file_task> on 2022-06-12 08:36:00+00:00
[2022-06-12 19:43:24,343] {standard_task_runner.py:52} INFO - Started process 11400 to run task
[2022-06-12 19:43:24,345] {standard_task_runner.py:79} INFO - Running: ['airflow', 'tasks', 'run', 'ingest_data', 'get_data_to_ingest_from_local_file_task', 'scheduled__2022-06-12T08:36:00+00:00', '--job-id', '1425', '--raw', '--subdir', 'DAGS_FOLDER/ingestion_dag.py', '--cfg-path', '/tmp/tmp8_5syjvs', '--error-file', '/tmp/tmpym21c16v']
[2022-06-12 19:43:24,348] {standard_task_runner.py:80} INFO - Job 1425: Subtask get_data_to_ingest_from_local_file_task
[2022-06-12 19:43:24,484] {task_command.py:370} INFO - Running <TaskInstance: ingest_data.get_data_to_ingest_from_local_file_task scheduled__2022-06-12T08:36:00+00:00 [running]> on host DESKTOP-GDPK8BL.localdomain
[2022-06-12 19:43:24,880] {taskinstance.py:1569} INFO - Exporting the following env vars:
AIRFLOW_CTX_DAG_OWNER=airflow
AIRFLOW_CTX_DAG_ID=ingest_data
AIRFLOW_CTX_TASK_ID=get_data_to_ingest_from_local_file_task
AIRFLOW_CTX_EXECUTION_DATE=2022-06-12T08:36:00+00:00
AIRFLOW_CTX_TRY_NUMBER=1
AIRFLOW_CTX_DAG_RUN_ID=scheduled__2022-06-12T08:36:00+00:00
[2022-06-12 19:43:24,948] {python.py:173} INFO - Done. Returned value was:           AT      V       AP     RH      PE
25617  30.20  56.90  1006.89  42.69  436.17
27033  20.76  58.18  1007.80  99.22  449.25
41095  15.37  41.96  1011.58  96.76  466.02
20730  13.25  44.92  1024.11  89.34  469.18
18919  25.59  72.43  1007.88  82.98  432.49
[2022-06-12 19:43:25,092] {taskinstance.py:1395} INFO - Marking task as SUCCESS. dag_id=ingest_data, task_id=get_data_to_ingest_from_local_file_task, execution_date=20220612T083600, start_date=20220612T174324, end_date=20220612T174325
[2022-06-12 19:43:25,166] {local_task_job.py:156} INFO - Task exited with return code 0
[2022-06-12 19:43:25,384] {local_task_job.py:273} INFO - 1 downstream tasks scheduled from follow-on schedule check
