[2022-06-12 16:13:58,179] {taskinstance.py:1159} INFO - Dependencies all met for <TaskInstance: ingest_data.get_data_to_ingest_from_local_file_task scheduled__2022-06-11T22:44:00+00:00 [queued]>
[2022-06-12 16:13:58,209] {taskinstance.py:1159} INFO - Dependencies all met for <TaskInstance: ingest_data.get_data_to_ingest_from_local_file_task scheduled__2022-06-11T22:44:00+00:00 [queued]>
[2022-06-12 16:13:58,210] {taskinstance.py:1356} INFO - 
--------------------------------------------------------------------------------
[2022-06-12 16:13:58,210] {taskinstance.py:1357} INFO - Starting attempt 1 of 1
[2022-06-12 16:13:58,211] {taskinstance.py:1358} INFO - 
--------------------------------------------------------------------------------
[2022-06-12 16:13:58,315] {taskinstance.py:1377} INFO - Executing <Task(_PythonDecoratedOperator): get_data_to_ingest_from_local_file_task> on 2022-06-11 22:44:00+00:00
[2022-06-12 16:13:58,322] {standard_task_runner.py:52} INFO - Started process 2512 to run task
[2022-06-12 16:13:58,328] {standard_task_runner.py:79} INFO - Running: ['airflow', 'tasks', 'run', 'ingest_data', 'get_data_to_ingest_from_local_file_task', 'scheduled__2022-06-11T22:44:00+00:00', '--job-id', '242', '--raw', '--subdir', 'DAGS_FOLDER/ingestion_dag.py', '--cfg-path', '/tmp/tmpi375ys22', '--error-file', '/tmp/tmp28pjth_9']
[2022-06-12 16:13:58,329] {standard_task_runner.py:80} INFO - Job 242: Subtask get_data_to_ingest_from_local_file_task
[2022-06-12 16:13:58,487] {task_command.py:370} INFO - Running <TaskInstance: ingest_data.get_data_to_ingest_from_local_file_task scheduled__2022-06-11T22:44:00+00:00 [running]> on host DESKTOP-GDPK8BL.localdomain
[2022-06-12 16:13:58,870] {taskinstance.py:1569} INFO - Exporting the following env vars:
AIRFLOW_CTX_DAG_OWNER=airflow
AIRFLOW_CTX_DAG_ID=ingest_data
AIRFLOW_CTX_TASK_ID=get_data_to_ingest_from_local_file_task
AIRFLOW_CTX_EXECUTION_DATE=2022-06-11T22:44:00+00:00
AIRFLOW_CTX_TRY_NUMBER=1
AIRFLOW_CTX_DAG_RUN_ID=scheduled__2022-06-11T22:44:00+00:00
[2022-06-12 16:13:58,943] {python.py:173} INFO - Done. Returned value was:           AT      V       AP      RH      PE
9094   17.26  49.78  1007.38  100.06  453.54
44736  16.31  52.75  1024.40   55.69  456.58
33470  26.18  52.36  1013.46   56.65  453.54
18708  18.15  58.46  1017.42   88.24  449.48
27245  14.62  46.18  1014.75   96.81  462.26
[2022-06-12 16:13:59,054] {taskinstance.py:1395} INFO - Marking task as SUCCESS. dag_id=ingest_data, task_id=get_data_to_ingest_from_local_file_task, execution_date=20220611T224400, start_date=20220612T141358, end_date=20220612T141359
[2022-06-12 16:13:59,145] {local_task_job.py:156} INFO - Task exited with return code 0
[2022-06-12 16:13:59,378] {local_task_job.py:273} INFO - 1 downstream tasks scheduled from follow-on schedule check
