[2022-06-12 17:50:32,564] {taskinstance.py:1159} INFO - Dependencies all met for <TaskInstance: ingest_data.get_data_to_ingest_from_local_file_task scheduled__2022-06-12T08:16:00+00:00 [queued]>
[2022-06-12 17:50:32,597] {taskinstance.py:1159} INFO - Dependencies all met for <TaskInstance: ingest_data.get_data_to_ingest_from_local_file_task scheduled__2022-06-12T08:16:00+00:00 [queued]>
[2022-06-12 17:50:32,597] {taskinstance.py:1356} INFO - 
--------------------------------------------------------------------------------
[2022-06-12 17:50:32,598] {taskinstance.py:1357} INFO - Starting attempt 1 of 1
[2022-06-12 17:50:32,599] {taskinstance.py:1358} INFO - 
--------------------------------------------------------------------------------
[2022-06-12 17:50:32,654] {taskinstance.py:1377} INFO - Executing <Task(_PythonDecoratedOperator): get_data_to_ingest_from_local_file_task> on 2022-06-12 08:16:00+00:00
[2022-06-12 17:50:32,661] {standard_task_runner.py:52} INFO - Started process 11108 to run task
[2022-06-12 17:50:32,668] {standard_task_runner.py:79} INFO - Running: ['airflow', 'tasks', 'run', 'ingest_data', 'get_data_to_ingest_from_local_file_task', 'scheduled__2022-06-12T08:16:00+00:00', '--job-id', '1386', '--raw', '--subdir', 'DAGS_FOLDER/ingestion_dag.py', '--cfg-path', '/tmp/tmpb7_duex2', '--error-file', '/tmp/tmpvmo7j1r4']
[2022-06-12 17:50:32,670] {standard_task_runner.py:80} INFO - Job 1386: Subtask get_data_to_ingest_from_local_file_task
[2022-06-12 17:50:32,846] {task_command.py:370} INFO - Running <TaskInstance: ingest_data.get_data_to_ingest_from_local_file_task scheduled__2022-06-12T08:16:00+00:00 [running]> on host DESKTOP-GDPK8BL.localdomain
[2022-06-12 17:50:33,327] {taskinstance.py:1569} INFO - Exporting the following env vars:
AIRFLOW_CTX_DAG_OWNER=airflow
AIRFLOW_CTX_DAG_ID=ingest_data
AIRFLOW_CTX_TASK_ID=get_data_to_ingest_from_local_file_task
AIRFLOW_CTX_EXECUTION_DATE=2022-06-12T08:16:00+00:00
AIRFLOW_CTX_TRY_NUMBER=1
AIRFLOW_CTX_DAG_RUN_ID=scheduled__2022-06-12T08:16:00+00:00
[2022-06-12 17:50:33,395] {python.py:173} INFO - Done. Returned value was:           AT      V       AP      RH      PE
21891  25.21  46.21  1010.87   59.35  439.55
40910  25.10  69.89  1015.42   85.81  434.98
32817  17.18  46.00  1002.74  100.10  454.02
5257   13.18  40.24  1016.81   86.71  469.35
23526  14.22  37.85  1011.24   88.49  471.05
[2022-06-12 17:50:33,544] {taskinstance.py:1395} INFO - Marking task as SUCCESS. dag_id=ingest_data, task_id=get_data_to_ingest_from_local_file_task, execution_date=20220612T081600, start_date=20220612T155032, end_date=20220612T155033
[2022-06-12 17:50:33,614] {local_task_job.py:156} INFO - Task exited with return code 0
[2022-06-12 17:50:33,854] {local_task_job.py:273} INFO - 1 downstream tasks scheduled from follow-on schedule check
