[2022-06-12 16:16:20,375] {taskinstance.py:1159} INFO - Dependencies all met for <TaskInstance: ingest_data.get_data_to_ingest_from_local_file_task scheduled__2022-06-11T22:58:00+00:00 [queued]>
[2022-06-12 16:16:20,415] {taskinstance.py:1159} INFO - Dependencies all met for <TaskInstance: ingest_data.get_data_to_ingest_from_local_file_task scheduled__2022-06-11T22:58:00+00:00 [queued]>
[2022-06-12 16:16:20,416] {taskinstance.py:1356} INFO - 
--------------------------------------------------------------------------------
[2022-06-12 16:16:20,417] {taskinstance.py:1357} INFO - Starting attempt 1 of 1
[2022-06-12 16:16:20,418] {taskinstance.py:1358} INFO - 
--------------------------------------------------------------------------------
[2022-06-12 16:16:20,490] {taskinstance.py:1377} INFO - Executing <Task(_PythonDecoratedOperator): get_data_to_ingest_from_local_file_task> on 2022-06-11 22:58:00+00:00
[2022-06-12 16:16:20,497] {standard_task_runner.py:52} INFO - Started process 2750 to run task
[2022-06-12 16:16:20,506] {standard_task_runner.py:79} INFO - Running: ['airflow', 'tasks', 'run', 'ingest_data', 'get_data_to_ingest_from_local_file_task', 'scheduled__2022-06-11T22:58:00+00:00', '--job-id', '270', '--raw', '--subdir', 'DAGS_FOLDER/ingestion_dag.py', '--cfg-path', '/tmp/tmp7tsaodb7', '--error-file', '/tmp/tmp9rr52gdu']
[2022-06-12 16:16:20,507] {standard_task_runner.py:80} INFO - Job 270: Subtask get_data_to_ingest_from_local_file_task
[2022-06-12 16:16:20,638] {task_command.py:370} INFO - Running <TaskInstance: ingest_data.get_data_to_ingest_from_local_file_task scheduled__2022-06-11T22:58:00+00:00 [running]> on host DESKTOP-GDPK8BL.localdomain
[2022-06-12 16:16:20,970] {taskinstance.py:1569} INFO - Exporting the following env vars:
AIRFLOW_CTX_DAG_OWNER=airflow
AIRFLOW_CTX_DAG_ID=ingest_data
AIRFLOW_CTX_TASK_ID=get_data_to_ingest_from_local_file_task
AIRFLOW_CTX_EXECUTION_DATE=2022-06-11T22:58:00+00:00
AIRFLOW_CTX_TRY_NUMBER=1
AIRFLOW_CTX_DAG_RUN_ID=scheduled__2022-06-11T22:58:00+00:00
[2022-06-12 16:16:21,040] {python.py:173} INFO - Done. Returned value was:           AT      V       AP     RH      PE
47759  27.19  64.27  1013.06  58.13  444.54
45468  11.45  45.01  1018.88  92.12  470.40
28235   8.51  39.96  1026.34  96.10  475.96
20032  17.82  65.94  1013.44  88.13  452.82
37150  11.98  44.60  1018.59  86.71  470.02
[2022-06-12 16:16:21,145] {taskinstance.py:1395} INFO - Marking task as SUCCESS. dag_id=ingest_data, task_id=get_data_to_ingest_from_local_file_task, execution_date=20220611T225800, start_date=20220612T141620, end_date=20220612T141621
[2022-06-12 16:16:21,205] {local_task_job.py:156} INFO - Task exited with return code 0
[2022-06-12 16:16:21,435] {local_task_job.py:273} INFO - 1 downstream tasks scheduled from follow-on schedule check
