[2022-06-12 16:36:08,058] {taskinstance.py:1159} INFO - Dependencies all met for <TaskInstance: ingest_data.get_data_to_ingest_from_local_file_task scheduled__2022-06-12T00:57:00+00:00 [queued]>
[2022-06-12 16:36:08,088] {taskinstance.py:1159} INFO - Dependencies all met for <TaskInstance: ingest_data.get_data_to_ingest_from_local_file_task scheduled__2022-06-12T00:57:00+00:00 [queued]>
[2022-06-12 16:36:08,088] {taskinstance.py:1356} INFO - 
--------------------------------------------------------------------------------
[2022-06-12 16:36:08,089] {taskinstance.py:1357} INFO - Starting attempt 1 of 1
[2022-06-12 16:36:08,090] {taskinstance.py:1358} INFO - 
--------------------------------------------------------------------------------
[2022-06-12 16:36:08,151] {taskinstance.py:1377} INFO - Executing <Task(_PythonDecoratedOperator): get_data_to_ingest_from_local_file_task> on 2022-06-12 00:57:00+00:00
[2022-06-12 16:36:08,156] {standard_task_runner.py:52} INFO - Started process 4587 to run task
[2022-06-12 16:36:08,163] {standard_task_runner.py:79} INFO - Running: ['airflow', 'tasks', 'run', 'ingest_data', 'get_data_to_ingest_from_local_file_task', 'scheduled__2022-06-12T00:57:00+00:00', '--job-id', '507', '--raw', '--subdir', 'DAGS_FOLDER/ingestion_dag.py', '--cfg-path', '/tmp/tmpmv9oaa64', '--error-file', '/tmp/tmp34g147uq']
[2022-06-12 16:36:08,164] {standard_task_runner.py:80} INFO - Job 507: Subtask get_data_to_ingest_from_local_file_task
[2022-06-12 16:36:08,310] {task_command.py:370} INFO - Running <TaskInstance: ingest_data.get_data_to_ingest_from_local_file_task scheduled__2022-06-12T00:57:00+00:00 [running]> on host DESKTOP-GDPK8BL.localdomain
[2022-06-12 16:36:08,710] {taskinstance.py:1569} INFO - Exporting the following env vars:
AIRFLOW_CTX_DAG_OWNER=airflow
AIRFLOW_CTX_DAG_ID=ingest_data
AIRFLOW_CTX_TASK_ID=get_data_to_ingest_from_local_file_task
AIRFLOW_CTX_EXECUTION_DATE=2022-06-12T00:57:00+00:00
AIRFLOW_CTX_TRY_NUMBER=1
AIRFLOW_CTX_DAG_RUN_ID=scheduled__2022-06-12T00:57:00+00:00
[2022-06-12 16:36:08,784] {python.py:173} INFO - Done. Returned value was:           AT      V       AP     RH      PE
21919  18.61  67.71  1004.07  84.49  443.57
12852  23.62  56.85  1011.11  64.44  442.96
41680   9.99  42.07  1018.78  85.68  471.60
24903   6.19  41.31  1002.48  88.80  485.08
40012  14.39  42.77  1017.36  83.28  463.65
[2022-06-12 16:36:08,924] {taskinstance.py:1395} INFO - Marking task as SUCCESS. dag_id=ingest_data, task_id=get_data_to_ingest_from_local_file_task, execution_date=20220612T005700, start_date=20220612T143608, end_date=20220612T143608
[2022-06-12 16:36:09,022] {local_task_job.py:156} INFO - Task exited with return code 0
[2022-06-12 16:36:09,244] {local_task_job.py:273} INFO - 1 downstream tasks scheduled from follow-on schedule check
