[2022-06-12 16:29:10,063] {taskinstance.py:1159} INFO - Dependencies all met for <TaskInstance: ingest_data.get_data_to_ingest_from_local_file_task scheduled__2022-06-12T00:12:00+00:00 [queued]>
[2022-06-12 16:29:10,110] {taskinstance.py:1159} INFO - Dependencies all met for <TaskInstance: ingest_data.get_data_to_ingest_from_local_file_task scheduled__2022-06-12T00:12:00+00:00 [queued]>
[2022-06-12 16:29:10,111] {taskinstance.py:1356} INFO - 
--------------------------------------------------------------------------------
[2022-06-12 16:29:10,112] {taskinstance.py:1357} INFO - Starting attempt 1 of 1
[2022-06-12 16:29:10,113] {taskinstance.py:1358} INFO - 
--------------------------------------------------------------------------------
[2022-06-12 16:29:10,194] {taskinstance.py:1377} INFO - Executing <Task(_PythonDecoratedOperator): get_data_to_ingest_from_local_file_task> on 2022-06-12 00:12:00+00:00
[2022-06-12 16:29:10,200] {standard_task_runner.py:52} INFO - Started process 3928 to run task
[2022-06-12 16:29:10,206] {standard_task_runner.py:79} INFO - Running: ['airflow', 'tasks', 'run', 'ingest_data', 'get_data_to_ingest_from_local_file_task', 'scheduled__2022-06-12T00:12:00+00:00', '--job-id', '418', '--raw', '--subdir', 'DAGS_FOLDER/ingestion_dag.py', '--cfg-path', '/tmp/tmp96rfohjz', '--error-file', '/tmp/tmpo93jub9o']
[2022-06-12 16:29:10,217] {standard_task_runner.py:80} INFO - Job 418: Subtask get_data_to_ingest_from_local_file_task
[2022-06-12 16:29:10,526] {task_command.py:370} INFO - Running <TaskInstance: ingest_data.get_data_to_ingest_from_local_file_task scheduled__2022-06-12T00:12:00+00:00 [running]> on host DESKTOP-GDPK8BL.localdomain
[2022-06-12 16:29:11,200] {taskinstance.py:1569} INFO - Exporting the following env vars:
AIRFLOW_CTX_DAG_OWNER=airflow
AIRFLOW_CTX_DAG_ID=ingest_data
AIRFLOW_CTX_TASK_ID=get_data_to_ingest_from_local_file_task
AIRFLOW_CTX_EXECUTION_DATE=2022-06-12T00:12:00+00:00
AIRFLOW_CTX_TRY_NUMBER=1
AIRFLOW_CTX_DAG_RUN_ID=scheduled__2022-06-12T00:12:00+00:00
[2022-06-12 16:29:11,338] {python.py:173} INFO - Done. Returned value was:           AT      V       AP     RH      PE
35635  31.46  77.17  1009.26  59.61  435.56
25366   6.61  38.91  1015.77  92.31  484.32
20052  28.39  65.51  1014.52  66.48  438.78
32660  10.90  41.93  1014.96  96.24  477.93
41394  14.05  40.69  1015.66  74.39  470.90
[2022-06-12 16:29:11,559] {taskinstance.py:1395} INFO - Marking task as SUCCESS. dag_id=ingest_data, task_id=get_data_to_ingest_from_local_file_task, execution_date=20220612T001200, start_date=20220612T142910, end_date=20220612T142911
[2022-06-12 16:29:11,653] {local_task_job.py:156} INFO - Task exited with return code 0
[2022-06-12 16:29:12,104] {local_task_job.py:273} INFO - 1 downstream tasks scheduled from follow-on schedule check
