[2022-06-12 16:19:31,252] {taskinstance.py:1159} INFO - Dependencies all met for <TaskInstance: ingest_data.get_data_to_ingest_from_local_file_task scheduled__2022-06-11T23:17:00+00:00 [queued]>
[2022-06-12 16:19:31,284] {taskinstance.py:1159} INFO - Dependencies all met for <TaskInstance: ingest_data.get_data_to_ingest_from_local_file_task scheduled__2022-06-11T23:17:00+00:00 [queued]>
[2022-06-12 16:19:31,285] {taskinstance.py:1356} INFO - 
--------------------------------------------------------------------------------
[2022-06-12 16:19:31,285] {taskinstance.py:1357} INFO - Starting attempt 1 of 1
[2022-06-12 16:19:31,286] {taskinstance.py:1358} INFO - 
--------------------------------------------------------------------------------
[2022-06-12 16:19:31,354] {taskinstance.py:1377} INFO - Executing <Task(_PythonDecoratedOperator): get_data_to_ingest_from_local_file_task> on 2022-06-11 23:17:00+00:00
[2022-06-12 16:19:31,362] {standard_task_runner.py:52} INFO - Started process 3073 to run task
[2022-06-12 16:19:31,368] {standard_task_runner.py:79} INFO - Running: ['airflow', 'tasks', 'run', 'ingest_data', 'get_data_to_ingest_from_local_file_task', 'scheduled__2022-06-11T23:17:00+00:00', '--job-id', '308', '--raw', '--subdir', 'DAGS_FOLDER/ingestion_dag.py', '--cfg-path', '/tmp/tmp97e7o86m', '--error-file', '/tmp/tmpjow1xs10']
[2022-06-12 16:19:31,370] {standard_task_runner.py:80} INFO - Job 308: Subtask get_data_to_ingest_from_local_file_task
[2022-06-12 16:19:31,511] {task_command.py:370} INFO - Running <TaskInstance: ingest_data.get_data_to_ingest_from_local_file_task scheduled__2022-06-11T23:17:00+00:00 [running]> on host DESKTOP-GDPK8BL.localdomain
[2022-06-12 16:19:31,869] {taskinstance.py:1569} INFO - Exporting the following env vars:
AIRFLOW_CTX_DAG_OWNER=airflow
AIRFLOW_CTX_DAG_ID=ingest_data
AIRFLOW_CTX_TASK_ID=get_data_to_ingest_from_local_file_task
AIRFLOW_CTX_EXECUTION_DATE=2022-06-11T23:17:00+00:00
AIRFLOW_CTX_TRY_NUMBER=1
AIRFLOW_CTX_DAG_RUN_ID=scheduled__2022-06-11T23:17:00+00:00
[2022-06-12 16:19:31,947] {python.py:173} INFO - Done. Returned value was:           AT      V       AP     RH      PE
5078   19.83  59.44  1012.98  91.24  446.15
1593   10.82  41.55  1004.55  65.14  475.44
16811  14.33  42.86  1010.82  88.59  469.52
17763  26.24  70.36  1005.40  82.43  437.31
15661  27.89  69.88  1007.99  85.62  430.75
[2022-06-12 16:19:32,064] {taskinstance.py:1395} INFO - Marking task as SUCCESS. dag_id=ingest_data, task_id=get_data_to_ingest_from_local_file_task, execution_date=20220611T231700, start_date=20220612T141931, end_date=20220612T141932
[2022-06-12 16:19:32,146] {local_task_job.py:156} INFO - Task exited with return code 0
[2022-06-12 16:19:32,371] {local_task_job.py:273} INFO - 1 downstream tasks scheduled from follow-on schedule check
