[2022-06-12 17:45:26,014] {taskinstance.py:1159} INFO - Dependencies all met for <TaskInstance: ingest_data.get_data_to_ingest_from_local_file_task scheduled__2022-06-12T07:45:00+00:00 [queued]>
[2022-06-12 17:45:26,061] {taskinstance.py:1159} INFO - Dependencies all met for <TaskInstance: ingest_data.get_data_to_ingest_from_local_file_task scheduled__2022-06-12T07:45:00+00:00 [queued]>
[2022-06-12 17:45:26,062] {taskinstance.py:1356} INFO - 
--------------------------------------------------------------------------------
[2022-06-12 17:45:26,062] {taskinstance.py:1357} INFO - Starting attempt 1 of 1
[2022-06-12 17:45:26,063] {taskinstance.py:1358} INFO - 
--------------------------------------------------------------------------------
[2022-06-12 17:45:26,116] {taskinstance.py:1377} INFO - Executing <Task(_PythonDecoratedOperator): get_data_to_ingest_from_local_file_task> on 2022-06-12 07:45:00+00:00
[2022-06-12 17:45:26,122] {standard_task_runner.py:52} INFO - Started process 10642 to run task
[2022-06-12 17:45:26,128] {standard_task_runner.py:79} INFO - Running: ['airflow', 'tasks', 'run', 'ingest_data', 'get_data_to_ingest_from_local_file_task', 'scheduled__2022-06-12T07:45:00+00:00', '--job-id', '1323', '--raw', '--subdir', 'DAGS_FOLDER/ingestion_dag.py', '--cfg-path', '/tmp/tmpt8loaucv', '--error-file', '/tmp/tmpzlhwx_zx']
[2022-06-12 17:45:26,129] {standard_task_runner.py:80} INFO - Job 1323: Subtask get_data_to_ingest_from_local_file_task
[2022-06-12 17:45:26,269] {task_command.py:370} INFO - Running <TaskInstance: ingest_data.get_data_to_ingest_from_local_file_task scheduled__2022-06-12T07:45:00+00:00 [running]> on host DESKTOP-GDPK8BL.localdomain
[2022-06-12 17:45:26,826] {taskinstance.py:1569} INFO - Exporting the following env vars:
AIRFLOW_CTX_DAG_OWNER=airflow
AIRFLOW_CTX_DAG_ID=ingest_data
AIRFLOW_CTX_TASK_ID=get_data_to_ingest_from_local_file_task
AIRFLOW_CTX_EXECUTION_DATE=2022-06-12T07:45:00+00:00
AIRFLOW_CTX_TRY_NUMBER=1
AIRFLOW_CTX_DAG_RUN_ID=scheduled__2022-06-12T07:45:00+00:00
[2022-06-12 17:45:26,898] {python.py:173} INFO - Done. Returned value was:           AT      V       AP     RH      PE
9149   27.84  68.08  1013.34  46.19  436.37
2602   29.08  66.54  1004.67  64.50  430.16
36505  17.88  45.87  1008.39  93.63  455.83
22831   6.37  41.03  1022.23  80.36  490.47
18042   7.95  40.72  1023.70  84.19  486.14
[2022-06-12 17:45:27,113] {taskinstance.py:1395} INFO - Marking task as SUCCESS. dag_id=ingest_data, task_id=get_data_to_ingest_from_local_file_task, execution_date=20220612T074500, start_date=20220612T154526, end_date=20220612T154527
[2022-06-12 17:45:27,186] {local_task_job.py:156} INFO - Task exited with return code 0
[2022-06-12 17:45:27,438] {local_task_job.py:273} INFO - 1 downstream tasks scheduled from follow-on schedule check
