[2022-06-13 13:46:48,287] {taskinstance.py:1159} INFO - Dependencies all met for <TaskInstance: ingest_data.get_data_to_ingest_from_local_file_task scheduled__2022-06-12T21:03:00+00:00 [queued]>
[2022-06-13 13:46:48,320] {taskinstance.py:1159} INFO - Dependencies all met for <TaskInstance: ingest_data.get_data_to_ingest_from_local_file_task scheduled__2022-06-12T21:03:00+00:00 [queued]>
[2022-06-13 13:46:48,321] {taskinstance.py:1356} INFO - 
--------------------------------------------------------------------------------
[2022-06-13 13:46:48,321] {taskinstance.py:1357} INFO - Starting attempt 1 of 1
[2022-06-13 13:46:48,321] {taskinstance.py:1358} INFO - 
--------------------------------------------------------------------------------
[2022-06-13 13:46:48,376] {taskinstance.py:1377} INFO - Executing <Task(_PythonDecoratedOperator): get_data_to_ingest_from_local_file_task> on 2022-06-12 21:03:00+00:00
[2022-06-13 13:46:48,381] {standard_task_runner.py:52} INFO - Started process 227 to run task
[2022-06-13 13:46:48,385] {standard_task_runner.py:79} INFO - Running: ['airflow', 'tasks', 'run', 'ingest_data', 'get_data_to_ingest_from_local_file_task', 'scheduled__2022-06-12T21:03:00+00:00', '--job-id', '1536', '--raw', '--subdir', 'DAGS_FOLDER/ingestion_dag.py', '--cfg-path', '/tmp/tmpn22dn070', '--error-file', '/tmp/tmpgxasadb8']
[2022-06-13 13:46:48,387] {standard_task_runner.py:80} INFO - Job 1536: Subtask get_data_to_ingest_from_local_file_task
[2022-06-13 13:46:48,515] {task_command.py:370} INFO - Running <TaskInstance: ingest_data.get_data_to_ingest_from_local_file_task scheduled__2022-06-12T21:03:00+00:00 [running]> on host DESKTOP-GDPK8BL.localdomain
[2022-06-13 13:46:48,964] {taskinstance.py:1569} INFO - Exporting the following env vars:
AIRFLOW_CTX_DAG_OWNER=airflow
AIRFLOW_CTX_DAG_ID=ingest_data
AIRFLOW_CTX_TASK_ID=get_data_to_ingest_from_local_file_task
AIRFLOW_CTX_EXECUTION_DATE=2022-06-12T21:03:00+00:00
AIRFLOW_CTX_TRY_NUMBER=1
AIRFLOW_CTX_DAG_RUN_ID=scheduled__2022-06-12T21:03:00+00:00
[2022-06-13 13:46:49,039] {python.py:173} INFO - Done. Returned value was:           AT      V       AP     RH      PE
31702  33.58  77.54  1010.19  53.49  433.75
30256   5.23  40.78  1025.13  92.74  483.12
22113  20.18  43.43  1011.31  65.11  450.09
2917   17.36  41.23   998.08  63.46  459.10
1481    3.00  39.64  1011.00  80.14  485.20
[2022-06-13 13:46:49,194] {taskinstance.py:1395} INFO - Marking task as SUCCESS. dag_id=ingest_data, task_id=get_data_to_ingest_from_local_file_task, execution_date=20220612T210300, start_date=20220613T114648, end_date=20220613T114649
[2022-06-13 13:46:49,284] {local_task_job.py:156} INFO - Task exited with return code 0
[2022-06-13 13:46:49,508] {local_task_job.py:273} INFO - 1 downstream tasks scheduled from follow-on schedule check
