[2022-06-12 17:34:35,716] {taskinstance.py:1159} INFO - Dependencies all met for <TaskInstance: ingest_data.get_data_to_ingest_from_local_file_task scheduled__2022-06-12T06:35:00+00:00 [queued]>
[2022-06-12 17:34:35,753] {taskinstance.py:1159} INFO - Dependencies all met for <TaskInstance: ingest_data.get_data_to_ingest_from_local_file_task scheduled__2022-06-12T06:35:00+00:00 [queued]>
[2022-06-12 17:34:35,754] {taskinstance.py:1356} INFO - 
--------------------------------------------------------------------------------
[2022-06-12 17:34:35,754] {taskinstance.py:1357} INFO - Starting attempt 1 of 1
[2022-06-12 17:34:35,755] {taskinstance.py:1358} INFO - 
--------------------------------------------------------------------------------
[2022-06-12 17:34:35,823] {taskinstance.py:1377} INFO - Executing <Task(_PythonDecoratedOperator): get_data_to_ingest_from_local_file_task> on 2022-06-12 06:35:00+00:00
[2022-06-12 17:34:35,833] {standard_task_runner.py:52} INFO - Started process 9616 to run task
[2022-06-12 17:34:35,839] {standard_task_runner.py:79} INFO - Running: ['airflow', 'tasks', 'run', 'ingest_data', 'get_data_to_ingest_from_local_file_task', 'scheduled__2022-06-12T06:35:00+00:00', '--job-id', '1184', '--raw', '--subdir', 'DAGS_FOLDER/ingestion_dag.py', '--cfg-path', '/tmp/tmp4k8gwj0h', '--error-file', '/tmp/tmp70jr4y23']
[2022-06-12 17:34:35,845] {standard_task_runner.py:80} INFO - Job 1184: Subtask get_data_to_ingest_from_local_file_task
[2022-06-12 17:34:36,005] {task_command.py:370} INFO - Running <TaskInstance: ingest_data.get_data_to_ingest_from_local_file_task scheduled__2022-06-12T06:35:00+00:00 [running]> on host DESKTOP-GDPK8BL.localdomain
[2022-06-12 17:34:36,447] {taskinstance.py:1569} INFO - Exporting the following env vars:
AIRFLOW_CTX_DAG_OWNER=airflow
AIRFLOW_CTX_DAG_ID=ingest_data
AIRFLOW_CTX_TASK_ID=get_data_to_ingest_from_local_file_task
AIRFLOW_CTX_EXECUTION_DATE=2022-06-12T06:35:00+00:00
AIRFLOW_CTX_TRY_NUMBER=1
AIRFLOW_CTX_DAG_RUN_ID=scheduled__2022-06-12T06:35:00+00:00
[2022-06-12 17:34:36,516] {python.py:173} INFO - Done. Returned value was:           AT      V       AP     RH      PE
34416  14.79  44.06  1018.53  74.79  465.77
20345  10.02  41.44  1017.37  77.65  479.63
35368  21.76  60.27  1018.96  85.06  446.86
26595  13.44  37.85  1009.78  99.13  469.89
12413  20.26  51.19  1008.90  93.47  448.10
[2022-06-12 17:34:36,667] {taskinstance.py:1395} INFO - Marking task as SUCCESS. dag_id=ingest_data, task_id=get_data_to_ingest_from_local_file_task, execution_date=20220612T063500, start_date=20220612T153435, end_date=20220612T153436
[2022-06-12 17:34:36,744] {local_task_job.py:156} INFO - Task exited with return code 0
[2022-06-12 17:34:36,969] {local_task_job.py:273} INFO - 1 downstream tasks scheduled from follow-on schedule check
