[2022-06-12 17:33:35,050] {taskinstance.py:1159} INFO - Dependencies all met for <TaskInstance: ingest_data.get_data_to_ingest_from_local_file_task scheduled__2022-06-12T06:29:00+00:00 [queued]>
[2022-06-12 17:33:35,084] {taskinstance.py:1159} INFO - Dependencies all met for <TaskInstance: ingest_data.get_data_to_ingest_from_local_file_task scheduled__2022-06-12T06:29:00+00:00 [queued]>
[2022-06-12 17:33:35,085] {taskinstance.py:1356} INFO - 
--------------------------------------------------------------------------------
[2022-06-12 17:33:35,086] {taskinstance.py:1357} INFO - Starting attempt 1 of 1
[2022-06-12 17:33:35,086] {taskinstance.py:1358} INFO - 
--------------------------------------------------------------------------------
[2022-06-12 17:33:35,155] {taskinstance.py:1377} INFO - Executing <Task(_PythonDecoratedOperator): get_data_to_ingest_from_local_file_task> on 2022-06-12 06:29:00+00:00
[2022-06-12 17:33:35,161] {standard_task_runner.py:52} INFO - Started process 9519 to run task
[2022-06-12 17:33:35,174] {standard_task_runner.py:79} INFO - Running: ['airflow', 'tasks', 'run', 'ingest_data', 'get_data_to_ingest_from_local_file_task', 'scheduled__2022-06-12T06:29:00+00:00', '--job-id', '1171', '--raw', '--subdir', 'DAGS_FOLDER/ingestion_dag.py', '--cfg-path', '/tmp/tmpzmvlb5ll', '--error-file', '/tmp/tmprh9pi9fw']
[2022-06-12 17:33:35,176] {standard_task_runner.py:80} INFO - Job 1171: Subtask get_data_to_ingest_from_local_file_task
[2022-06-12 17:33:35,346] {task_command.py:370} INFO - Running <TaskInstance: ingest_data.get_data_to_ingest_from_local_file_task scheduled__2022-06-12T06:29:00+00:00 [running]> on host DESKTOP-GDPK8BL.localdomain
[2022-06-12 17:33:35,816] {taskinstance.py:1569} INFO - Exporting the following env vars:
AIRFLOW_CTX_DAG_OWNER=airflow
AIRFLOW_CTX_DAG_ID=ingest_data
AIRFLOW_CTX_TASK_ID=get_data_to_ingest_from_local_file_task
AIRFLOW_CTX_EXECUTION_DATE=2022-06-12T06:29:00+00:00
AIRFLOW_CTX_TRY_NUMBER=1
AIRFLOW_CTX_DAG_RUN_ID=scheduled__2022-06-12T06:29:00+00:00
[2022-06-12 17:33:35,892] {python.py:173} INFO - Done. Returned value was:           AT      V       AP     RH      PE
44441  14.26  42.86  1011.33  88.37  471.19
31669  30.33  70.32  1007.75  52.49  430.10
21248  27.52  74.67  1015.77  72.01  433.56
1332    6.65  39.33  1011.29  92.85  490.41
17924  10.35  39.82  1013.33  94.78  477.14
[2022-06-12 17:33:36,063] {taskinstance.py:1395} INFO - Marking task as SUCCESS. dag_id=ingest_data, task_id=get_data_to_ingest_from_local_file_task, execution_date=20220612T062900, start_date=20220612T153335, end_date=20220612T153336
[2022-06-12 17:33:36,152] {local_task_job.py:156} INFO - Task exited with return code 0
[2022-06-12 17:33:36,379] {local_task_job.py:273} INFO - 1 downstream tasks scheduled from follow-on schedule check
