[2022-06-12 17:10:25,719] {taskinstance.py:1159} INFO - Dependencies all met for <TaskInstance: ingest_data.get_data_to_ingest_from_local_file_task scheduled__2022-06-12T04:08:00+00:00 [queued]>
[2022-06-12 17:10:25,747] {taskinstance.py:1159} INFO - Dependencies all met for <TaskInstance: ingest_data.get_data_to_ingest_from_local_file_task scheduled__2022-06-12T04:08:00+00:00 [queued]>
[2022-06-12 17:10:25,747] {taskinstance.py:1356} INFO - 
--------------------------------------------------------------------------------
[2022-06-12 17:10:25,747] {taskinstance.py:1357} INFO - Starting attempt 1 of 1
[2022-06-12 17:10:25,748] {taskinstance.py:1358} INFO - 
--------------------------------------------------------------------------------
[2022-06-12 17:10:25,804] {taskinstance.py:1377} INFO - Executing <Task(_PythonDecoratedOperator): get_data_to_ingest_from_local_file_task> on 2022-06-12 04:08:00+00:00
[2022-06-12 17:10:25,812] {standard_task_runner.py:52} INFO - Started process 7431 to run task
[2022-06-12 17:10:25,816] {standard_task_runner.py:79} INFO - Running: ['airflow', 'tasks', 'run', 'ingest_data', 'get_data_to_ingest_from_local_file_task', 'scheduled__2022-06-12T04:08:00+00:00', '--job-id', '889', '--raw', '--subdir', 'DAGS_FOLDER/ingestion_dag.py', '--cfg-path', '/tmp/tmp1_jfpu6g', '--error-file', '/tmp/tmpsr86r491']
[2022-06-12 17:10:25,818] {standard_task_runner.py:80} INFO - Job 889: Subtask get_data_to_ingest_from_local_file_task
[2022-06-12 17:10:25,995] {task_command.py:370} INFO - Running <TaskInstance: ingest_data.get_data_to_ingest_from_local_file_task scheduled__2022-06-12T04:08:00+00:00 [running]> on host DESKTOP-GDPK8BL.localdomain
[2022-06-12 17:10:26,436] {taskinstance.py:1569} INFO - Exporting the following env vars:
AIRFLOW_CTX_DAG_OWNER=airflow
AIRFLOW_CTX_DAG_ID=ingest_data
AIRFLOW_CTX_TASK_ID=get_data_to_ingest_from_local_file_task
AIRFLOW_CTX_EXECUTION_DATE=2022-06-12T04:08:00+00:00
AIRFLOW_CTX_TRY_NUMBER=1
AIRFLOW_CTX_DAG_RUN_ID=scheduled__2022-06-12T04:08:00+00:00
[2022-06-12 17:10:26,508] {python.py:173} INFO - Done. Returned value was:           AT      V       AP     RH      PE
30331  11.30  25.36  1008.66  96.18  471.19
32723   4.97  38.91  1018.99  89.86  489.96
19761  12.79  41.62  1010.52  81.83  466.91
23493  26.25  66.56  1008.29  60.65  436.30
1285    6.14  38.50  1012.40  75.35  489.26
[2022-06-12 17:10:26,628] {taskinstance.py:1395} INFO - Marking task as SUCCESS. dag_id=ingest_data, task_id=get_data_to_ingest_from_local_file_task, execution_date=20220612T040800, start_date=20220612T151025, end_date=20220612T151026
[2022-06-12 17:10:26,716] {local_task_job.py:156} INFO - Task exited with return code 0
[2022-06-12 17:10:27,075] {local_task_job.py:273} INFO - 1 downstream tasks scheduled from follow-on schedule check
