[2022-06-12 17:35:13,129] {taskinstance.py:1159} INFO - Dependencies all met for <TaskInstance: ingest_data.get_data_to_ingest_from_local_file_task scheduled__2022-06-12T06:39:00+00:00 [queued]>
[2022-06-12 17:35:13,164] {taskinstance.py:1159} INFO - Dependencies all met for <TaskInstance: ingest_data.get_data_to_ingest_from_local_file_task scheduled__2022-06-12T06:39:00+00:00 [queued]>
[2022-06-12 17:35:13,165] {taskinstance.py:1356} INFO - 
--------------------------------------------------------------------------------
[2022-06-12 17:35:13,165] {taskinstance.py:1357} INFO - Starting attempt 1 of 1
[2022-06-12 17:35:13,166] {taskinstance.py:1358} INFO - 
--------------------------------------------------------------------------------
[2022-06-12 17:35:13,234] {taskinstance.py:1377} INFO - Executing <Task(_PythonDecoratedOperator): get_data_to_ingest_from_local_file_task> on 2022-06-12 06:39:00+00:00
[2022-06-12 17:35:13,240] {standard_task_runner.py:52} INFO - Started process 9675 to run task
[2022-06-12 17:35:13,247] {standard_task_runner.py:79} INFO - Running: ['airflow', 'tasks', 'run', 'ingest_data', 'get_data_to_ingest_from_local_file_task', 'scheduled__2022-06-12T06:39:00+00:00', '--job-id', '1192', '--raw', '--subdir', 'DAGS_FOLDER/ingestion_dag.py', '--cfg-path', '/tmp/tmpq4p8z48h', '--error-file', '/tmp/tmplv35oa57']
[2022-06-12 17:35:13,254] {standard_task_runner.py:80} INFO - Job 1192: Subtask get_data_to_ingest_from_local_file_task
[2022-06-12 17:35:13,431] {task_command.py:370} INFO - Running <TaskInstance: ingest_data.get_data_to_ingest_from_local_file_task scheduled__2022-06-12T06:39:00+00:00 [running]> on host DESKTOP-GDPK8BL.localdomain
[2022-06-12 17:35:13,874] {taskinstance.py:1569} INFO - Exporting the following env vars:
AIRFLOW_CTX_DAG_OWNER=airflow
AIRFLOW_CTX_DAG_ID=ingest_data
AIRFLOW_CTX_TASK_ID=get_data_to_ingest_from_local_file_task
AIRFLOW_CTX_EXECUTION_DATE=2022-06-12T06:39:00+00:00
AIRFLOW_CTX_TRY_NUMBER=1
AIRFLOW_CTX_DAG_RUN_ID=scheduled__2022-06-12T06:39:00+00:00
[2022-06-12 17:35:13,943] {python.py:173} INFO - Done. Returned value was:           AT      V       AP     RH      PE
45901  12.33  45.51  1016.49  79.20  471.16
26420   5.98  39.61  1017.27  84.86  482.17
27898  30.69  71.98  1004.53  65.86  430.33
39798  22.51  66.49  1014.59  63.03  453.08
33104  12.28  39.96  1011.76  77.07  468.00
[2022-06-12 17:35:14,106] {taskinstance.py:1395} INFO - Marking task as SUCCESS. dag_id=ingest_data, task_id=get_data_to_ingest_from_local_file_task, execution_date=20220612T063900, start_date=20220612T153513, end_date=20220612T153514
[2022-06-12 17:35:14,190] {local_task_job.py:156} INFO - Task exited with return code 0
[2022-06-12 17:35:14,444] {local_task_job.py:273} INFO - 1 downstream tasks scheduled from follow-on schedule check
