[2022-06-12 16:51:28,978] {taskinstance.py:1159} INFO - Dependencies all met for <TaskInstance: ingest_data.get_data_to_ingest_from_local_file_task scheduled__2022-06-12T02:20:00+00:00 [queued]>
[2022-06-12 16:51:29,011] {taskinstance.py:1159} INFO - Dependencies all met for <TaskInstance: ingest_data.get_data_to_ingest_from_local_file_task scheduled__2022-06-12T02:20:00+00:00 [queued]>
[2022-06-12 16:51:29,012] {taskinstance.py:1356} INFO - 
--------------------------------------------------------------------------------
[2022-06-12 16:51:29,013] {taskinstance.py:1357} INFO - Starting attempt 1 of 1
[2022-06-12 16:51:29,014] {taskinstance.py:1358} INFO - 
--------------------------------------------------------------------------------
[2022-06-12 16:51:29,094] {taskinstance.py:1377} INFO - Executing <Task(_PythonDecoratedOperator): get_data_to_ingest_from_local_file_task> on 2022-06-12 02:20:00+00:00
[2022-06-12 16:51:29,100] {standard_task_runner.py:52} INFO - Started process 5833 to run task
[2022-06-12 16:51:29,107] {standard_task_runner.py:79} INFO - Running: ['airflow', 'tasks', 'run', 'ingest_data', 'get_data_to_ingest_from_local_file_task', 'scheduled__2022-06-12T02:20:00+00:00', '--job-id', '674', '--raw', '--subdir', 'DAGS_FOLDER/ingestion_dag.py', '--cfg-path', '/tmp/tmpkxp9pjw_', '--error-file', '/tmp/tmp2b064cjv']
[2022-06-12 16:51:29,109] {standard_task_runner.py:80} INFO - Job 674: Subtask get_data_to_ingest_from_local_file_task
[2022-06-12 16:51:29,231] {task_command.py:370} INFO - Running <TaskInstance: ingest_data.get_data_to_ingest_from_local_file_task scheduled__2022-06-12T02:20:00+00:00 [running]> on host DESKTOP-GDPK8BL.localdomain
[2022-06-12 16:51:29,592] {taskinstance.py:1569} INFO - Exporting the following env vars:
AIRFLOW_CTX_DAG_OWNER=airflow
AIRFLOW_CTX_DAG_ID=ingest_data
AIRFLOW_CTX_TASK_ID=get_data_to_ingest_from_local_file_task
AIRFLOW_CTX_EXECUTION_DATE=2022-06-12T02:20:00+00:00
AIRFLOW_CTX_TRY_NUMBER=1
AIRFLOW_CTX_DAG_RUN_ID=scheduled__2022-06-12T02:20:00+00:00
[2022-06-12 16:51:29,664] {python.py:173} INFO - Done. Returned value was:           AT      V       AP     RH      PE
8756   30.80  70.94  1007.06  63.09  432.44
24530  14.66  42.07  1018.14  84.68  462.77
35543  15.39  42.28  1007.35  81.35  467.30
19623  20.02  67.32  1012.05  76.34  445.31
39332   5.25  42.85  1013.75  89.67  477.78
[2022-06-12 16:51:29,779] {taskinstance.py:1395} INFO - Marking task as SUCCESS. dag_id=ingest_data, task_id=get_data_to_ingest_from_local_file_task, execution_date=20220612T022000, start_date=20220612T145128, end_date=20220612T145129
[2022-06-12 16:51:29,844] {local_task_job.py:156} INFO - Task exited with return code 0
[2022-06-12 16:51:30,073] {local_task_job.py:273} INFO - 1 downstream tasks scheduled from follow-on schedule check
