[2022-06-12 16:24:24,874] {taskinstance.py:1159} INFO - Dependencies all met for <TaskInstance: ingest_data.get_data_to_ingest_from_local_file_task scheduled__2022-06-11T23:42:00+00:00 [queued]>
[2022-06-12 16:24:24,904] {taskinstance.py:1159} INFO - Dependencies all met for <TaskInstance: ingest_data.get_data_to_ingest_from_local_file_task scheduled__2022-06-11T23:42:00+00:00 [queued]>
[2022-06-12 16:24:24,904] {taskinstance.py:1356} INFO - 
--------------------------------------------------------------------------------
[2022-06-12 16:24:24,905] {taskinstance.py:1357} INFO - Starting attempt 1 of 1
[2022-06-12 16:24:24,907] {taskinstance.py:1358} INFO - 
--------------------------------------------------------------------------------
[2022-06-12 16:24:24,968] {taskinstance.py:1377} INFO - Executing <Task(_PythonDecoratedOperator): get_data_to_ingest_from_local_file_task> on 2022-06-11 23:42:00+00:00
[2022-06-12 16:24:24,975] {standard_task_runner.py:52} INFO - Started process 3484 to run task
[2022-06-12 16:24:24,981] {standard_task_runner.py:79} INFO - Running: ['airflow', 'tasks', 'run', 'ingest_data', 'get_data_to_ingest_from_local_file_task', 'scheduled__2022-06-11T23:42:00+00:00', '--job-id', '358', '--raw', '--subdir', 'DAGS_FOLDER/ingestion_dag.py', '--cfg-path', '/tmp/tmp_mncg2gm', '--error-file', '/tmp/tmpgyhq3lah']
[2022-06-12 16:24:24,982] {standard_task_runner.py:80} INFO - Job 358: Subtask get_data_to_ingest_from_local_file_task
[2022-06-12 16:24:25,112] {task_command.py:370} INFO - Running <TaskInstance: ingest_data.get_data_to_ingest_from_local_file_task scheduled__2022-06-11T23:42:00+00:00 [running]> on host DESKTOP-GDPK8BL.localdomain
[2022-06-12 16:24:25,451] {taskinstance.py:1569} INFO - Exporting the following env vars:
AIRFLOW_CTX_DAG_OWNER=airflow
AIRFLOW_CTX_DAG_ID=ingest_data
AIRFLOW_CTX_TASK_ID=get_data_to_ingest_from_local_file_task
AIRFLOW_CTX_EXECUTION_DATE=2022-06-11T23:42:00+00:00
AIRFLOW_CTX_TRY_NUMBER=1
AIRFLOW_CTX_DAG_RUN_ID=scheduled__2022-06-11T23:42:00+00:00
[2022-06-12 16:24:25,525] {python.py:173} INFO - Done. Returned value was:           AT      V       AP     RH      PE
33388  17.90  43.72  1008.64  74.73  452.55
27454  14.08  39.31  1011.67  72.00  464.16
41920  15.21  43.50  1021.60  82.06  464.08
20270  22.33  70.79  1006.02  93.35  436.74
38755  31.95  67.17  1007.11  61.58  432.60
[2022-06-12 16:24:25,645] {taskinstance.py:1395} INFO - Marking task as SUCCESS. dag_id=ingest_data, task_id=get_data_to_ingest_from_local_file_task, execution_date=20220611T234200, start_date=20220612T142424, end_date=20220612T142425
[2022-06-12 16:24:25,717] {local_task_job.py:156} INFO - Task exited with return code 0
[2022-06-12 16:24:25,926] {local_task_job.py:273} INFO - 1 downstream tasks scheduled from follow-on schedule check
