[2022-06-12 17:09:21,902] {taskinstance.py:1159} INFO - Dependencies all met for <TaskInstance: ingest_data.get_data_to_ingest_from_local_file_task scheduled__2022-06-12T04:02:00+00:00 [queued]>
[2022-06-12 17:09:21,949] {taskinstance.py:1159} INFO - Dependencies all met for <TaskInstance: ingest_data.get_data_to_ingest_from_local_file_task scheduled__2022-06-12T04:02:00+00:00 [queued]>
[2022-06-12 17:09:21,950] {taskinstance.py:1356} INFO - 
--------------------------------------------------------------------------------
[2022-06-12 17:09:21,951] {taskinstance.py:1357} INFO - Starting attempt 1 of 1
[2022-06-12 17:09:21,952] {taskinstance.py:1358} INFO - 
--------------------------------------------------------------------------------
[2022-06-12 17:09:22,008] {taskinstance.py:1377} INFO - Executing <Task(_PythonDecoratedOperator): get_data_to_ingest_from_local_file_task> on 2022-06-12 04:02:00+00:00
[2022-06-12 17:09:22,024] {standard_task_runner.py:52} INFO - Started process 7341 to run task
[2022-06-12 17:09:22,021] {standard_task_runner.py:79} INFO - Running: ['airflow', 'tasks', 'run', 'ingest_data', 'get_data_to_ingest_from_local_file_task', 'scheduled__2022-06-12T04:02:00+00:00', '--job-id', '877', '--raw', '--subdir', 'DAGS_FOLDER/ingestion_dag.py', '--cfg-path', '/tmp/tmp9u2o2aqu', '--error-file', '/tmp/tmpy7cxxf90']
[2022-06-12 17:09:22,037] {standard_task_runner.py:80} INFO - Job 877: Subtask get_data_to_ingest_from_local_file_task
[2022-06-12 17:09:22,228] {task_command.py:370} INFO - Running <TaskInstance: ingest_data.get_data_to_ingest_from_local_file_task scheduled__2022-06-12T04:02:00+00:00 [running]> on host DESKTOP-GDPK8BL.localdomain
[2022-06-12 17:09:22,867] {taskinstance.py:1569} INFO - Exporting the following env vars:
AIRFLOW_CTX_DAG_OWNER=airflow
AIRFLOW_CTX_DAG_ID=ingest_data
AIRFLOW_CTX_TASK_ID=get_data_to_ingest_from_local_file_task
AIRFLOW_CTX_EXECUTION_DATE=2022-06-12T04:02:00+00:00
AIRFLOW_CTX_TRY_NUMBER=1
AIRFLOW_CTX_DAG_RUN_ID=scheduled__2022-06-12T04:02:00+00:00
[2022-06-12 17:09:22,951] {python.py:173} INFO - Done. Returned value was:           AT      V       AP     RH      PE
32626  27.16  56.85  1012.07  39.05  437.40
41034  11.82  41.26  1020.74  91.14  466.95
39778  14.50  41.76  1023.94  84.42  464.23
4936   31.30  70.79  1004.30  54.37  428.75
10459  32.13  74.34  1003.34  56.39  436.30
[2022-06-12 17:09:23,130] {taskinstance.py:1395} INFO - Marking task as SUCCESS. dag_id=ingest_data, task_id=get_data_to_ingest_from_local_file_task, execution_date=20220612T040200, start_date=20220612T150921, end_date=20220612T150923
[2022-06-12 17:09:23,214] {local_task_job.py:156} INFO - Task exited with return code 0
[2022-06-12 17:09:23,448] {local_task_job.py:273} INFO - 1 downstream tasks scheduled from follow-on schedule check
