[2022-06-12 17:07:18,316] {taskinstance.py:1159} INFO - Dependencies all met for <TaskInstance: ingest_data.get_data_to_ingest_from_local_file_task scheduled__2022-06-12T03:50:00+00:00 [queued]>
[2022-06-12 17:07:18,350] {taskinstance.py:1159} INFO - Dependencies all met for <TaskInstance: ingest_data.get_data_to_ingest_from_local_file_task scheduled__2022-06-12T03:50:00+00:00 [queued]>
[2022-06-12 17:07:18,351] {taskinstance.py:1356} INFO - 
--------------------------------------------------------------------------------
[2022-06-12 17:07:18,351] {taskinstance.py:1357} INFO - Starting attempt 1 of 1
[2022-06-12 17:07:18,352] {taskinstance.py:1358} INFO - 
--------------------------------------------------------------------------------
[2022-06-12 17:07:18,419] {taskinstance.py:1377} INFO - Executing <Task(_PythonDecoratedOperator): get_data_to_ingest_from_local_file_task> on 2022-06-12 03:50:00+00:00
[2022-06-12 17:07:18,428] {standard_task_runner.py:52} INFO - Started process 7163 to run task
[2022-06-12 17:07:18,436] {standard_task_runner.py:79} INFO - Running: ['airflow', 'tasks', 'run', 'ingest_data', 'get_data_to_ingest_from_local_file_task', 'scheduled__2022-06-12T03:50:00+00:00', '--job-id', '853', '--raw', '--subdir', 'DAGS_FOLDER/ingestion_dag.py', '--cfg-path', '/tmp/tmpnz1nmdh2', '--error-file', '/tmp/tmpjj9m2u2p']
[2022-06-12 17:07:18,440] {standard_task_runner.py:80} INFO - Job 853: Subtask get_data_to_ingest_from_local_file_task
[2022-06-12 17:07:18,669] {task_command.py:370} INFO - Running <TaskInstance: ingest_data.get_data_to_ingest_from_local_file_task scheduled__2022-06-12T03:50:00+00:00 [running]> on host DESKTOP-GDPK8BL.localdomain
[2022-06-12 17:07:19,184] {taskinstance.py:1569} INFO - Exporting the following env vars:
AIRFLOW_CTX_DAG_OWNER=airflow
AIRFLOW_CTX_DAG_ID=ingest_data
AIRFLOW_CTX_TASK_ID=get_data_to_ingest_from_local_file_task
AIRFLOW_CTX_EXECUTION_DATE=2022-06-12T03:50:00+00:00
AIRFLOW_CTX_TRY_NUMBER=1
AIRFLOW_CTX_DAG_RUN_ID=scheduled__2022-06-12T03:50:00+00:00
[2022-06-12 17:07:19,266] {python.py:173} INFO - Done. Returned value was:           AT      V       AP     RH      PE
41229  18.21  49.69  1013.54  80.16  454.25
27743  13.78  38.47  1015.20  57.80  466.41
19550  27.54  66.93  1017.06  55.20  450.22
6573   31.59  43.50  1005.12  43.50  429.96
37343  30.58  70.04  1010.40  48.16  431.59
[2022-06-12 17:07:19,437] {taskinstance.py:1395} INFO - Marking task as SUCCESS. dag_id=ingest_data, task_id=get_data_to_ingest_from_local_file_task, execution_date=20220612T035000, start_date=20220612T150718, end_date=20220612T150719
[2022-06-12 17:07:19,534] {local_task_job.py:156} INFO - Task exited with return code 0
[2022-06-12 17:07:19,780] {local_task_job.py:273} INFO - 1 downstream tasks scheduled from follow-on schedule check
