[2022-06-12 17:39:45,998] {taskinstance.py:1159} INFO - Dependencies all met for <TaskInstance: ingest_data.get_data_to_ingest_from_local_file_task scheduled__2022-06-12T07:09:00+00:00 [queued]>
[2022-06-12 17:39:46,035] {taskinstance.py:1159} INFO - Dependencies all met for <TaskInstance: ingest_data.get_data_to_ingest_from_local_file_task scheduled__2022-06-12T07:09:00+00:00 [queued]>
[2022-06-12 17:39:46,035] {taskinstance.py:1356} INFO - 
--------------------------------------------------------------------------------
[2022-06-12 17:39:46,036] {taskinstance.py:1357} INFO - Starting attempt 1 of 1
[2022-06-12 17:39:46,037] {taskinstance.py:1358} INFO - 
--------------------------------------------------------------------------------
[2022-06-12 17:39:46,117] {taskinstance.py:1377} INFO - Executing <Task(_PythonDecoratedOperator): get_data_to_ingest_from_local_file_task> on 2022-06-12 07:09:00+00:00
[2022-06-12 17:39:46,131] {standard_task_runner.py:79} INFO - Running: ['airflow', 'tasks', 'run', 'ingest_data', 'get_data_to_ingest_from_local_file_task', 'scheduled__2022-06-12T07:09:00+00:00', '--job-id', '1251', '--raw', '--subdir', 'DAGS_FOLDER/ingestion_dag.py', '--cfg-path', '/tmp/tmpq_2je78c', '--error-file', '/tmp/tmp183polo5']
[2022-06-12 17:39:46,133] {standard_task_runner.py:80} INFO - Job 1251: Subtask get_data_to_ingest_from_local_file_task
[2022-06-12 17:39:46,124] {standard_task_runner.py:52} INFO - Started process 10109 to run task
[2022-06-12 17:39:46,279] {task_command.py:370} INFO - Running <TaskInstance: ingest_data.get_data_to_ingest_from_local_file_task scheduled__2022-06-12T07:09:00+00:00 [running]> on host DESKTOP-GDPK8BL.localdomain
[2022-06-12 17:39:46,718] {taskinstance.py:1569} INFO - Exporting the following env vars:
AIRFLOW_CTX_DAG_OWNER=airflow
AIRFLOW_CTX_DAG_ID=ingest_data
AIRFLOW_CTX_TASK_ID=get_data_to_ingest_from_local_file_task
AIRFLOW_CTX_EXECUTION_DATE=2022-06-12T07:09:00+00:00
AIRFLOW_CTX_TRY_NUMBER=1
AIRFLOW_CTX_DAG_RUN_ID=scheduled__2022-06-12T07:09:00+00:00
[2022-06-12 17:39:46,788] {python.py:173} INFO - Done. Returned value was:           AT      V       AP     RH      PE
14974  13.56  39.52  1016.61  78.35  470.67
28900  28.00  69.05  1000.82  65.24  427.71
17512  22.08  41.10  1002.19  46.69  455.04
43037  26.26  63.73  1010.45  70.61  442.18
15325  15.79  50.88  1014.58  99.90  460.19
[2022-06-12 17:39:46,952] {taskinstance.py:1395} INFO - Marking task as SUCCESS. dag_id=ingest_data, task_id=get_data_to_ingest_from_local_file_task, execution_date=20220612T070900, start_date=20220612T153945, end_date=20220612T153946
[2022-06-12 17:39:47,038] {local_task_job.py:156} INFO - Task exited with return code 0
[2022-06-12 17:39:47,273] {local_task_job.py:273} INFO - 1 downstream tasks scheduled from follow-on schedule check
