[2022-06-12 16:06:53,499] {taskinstance.py:1159} INFO - Dependencies all met for <TaskInstance: ingest_data.get_data_to_ingest_from_local_file_task scheduled__2022-06-11T22:04:00+00:00 [queued]>
[2022-06-12 16:06:53,532] {taskinstance.py:1159} INFO - Dependencies all met for <TaskInstance: ingest_data.get_data_to_ingest_from_local_file_task scheduled__2022-06-11T22:04:00+00:00 [queued]>
[2022-06-12 16:06:53,533] {taskinstance.py:1356} INFO - 
--------------------------------------------------------------------------------
[2022-06-12 16:06:53,534] {taskinstance.py:1357} INFO - Starting attempt 1 of 1
[2022-06-12 16:06:53,535] {taskinstance.py:1358} INFO - 
--------------------------------------------------------------------------------
[2022-06-12 16:06:53,633] {taskinstance.py:1377} INFO - Executing <Task(_PythonDecoratedOperator): get_data_to_ingest_from_local_file_task> on 2022-06-11 22:04:00+00:00
[2022-06-12 16:06:53,640] {standard_task_runner.py:52} INFO - Started process 1832 to run task
[2022-06-12 16:06:53,647] {standard_task_runner.py:79} INFO - Running: ['airflow', 'tasks', 'run', 'ingest_data', 'get_data_to_ingest_from_local_file_task', 'scheduled__2022-06-11T22:04:00+00:00', '--job-id', '162', '--raw', '--subdir', 'DAGS_FOLDER/ingestion_dag.py', '--cfg-path', '/tmp/tmp61fvpzic', '--error-file', '/tmp/tmpf4x0pnox']
[2022-06-12 16:06:53,650] {standard_task_runner.py:80} INFO - Job 162: Subtask get_data_to_ingest_from_local_file_task
[2022-06-12 16:06:53,898] {task_command.py:370} INFO - Running <TaskInstance: ingest_data.get_data_to_ingest_from_local_file_task scheduled__2022-06-11T22:04:00+00:00 [running]> on host DESKTOP-GDPK8BL.localdomain
[2022-06-12 16:06:54,479] {taskinstance.py:1569} INFO - Exporting the following env vars:
AIRFLOW_CTX_DAG_OWNER=airflow
AIRFLOW_CTX_DAG_ID=ingest_data
AIRFLOW_CTX_TASK_ID=get_data_to_ingest_from_local_file_task
AIRFLOW_CTX_EXECUTION_DATE=2022-06-11T22:04:00+00:00
AIRFLOW_CTX_TRY_NUMBER=1
AIRFLOW_CTX_DAG_RUN_ID=scheduled__2022-06-11T22:04:00+00:00
[2022-06-12 16:06:54,651] {python.py:173} INFO - Done. Returned value was:           AT      V       AP     RH      PE
40243  10.53  40.64  1020.62  98.43  477.99
26630   5.54  45.87  1008.69  95.91  478.02
44316  30.63  53.30  1004.91  53.30  430.27
28187  31.09  59.57  1010.67  60.50  440.08
30143  20.91  58.20  1018.10  62.80  446.19
[2022-06-12 16:06:54,857] {taskinstance.py:1395} INFO - Marking task as SUCCESS. dag_id=ingest_data, task_id=get_data_to_ingest_from_local_file_task, execution_date=20220611T220400, start_date=20220612T140653, end_date=20220612T140654
[2022-06-12 16:06:55,000] {local_task_job.py:156} INFO - Task exited with return code 0
[2022-06-12 16:06:55,539] {local_task_job.py:273} INFO - 1 downstream tasks scheduled from follow-on schedule check
