[2022-06-12 19:48:37,759] {taskinstance.py:1159} INFO - Dependencies all met for <TaskInstance: ingest_data.get_data_to_ingest_from_local_file_task scheduled__2022-06-12T09:09:00+00:00 [queued]>
[2022-06-12 19:48:37,790] {taskinstance.py:1159} INFO - Dependencies all met for <TaskInstance: ingest_data.get_data_to_ingest_from_local_file_task scheduled__2022-06-12T09:09:00+00:00 [queued]>
[2022-06-12 19:48:37,790] {taskinstance.py:1356} INFO - 
--------------------------------------------------------------------------------
[2022-06-12 19:48:37,791] {taskinstance.py:1357} INFO - Starting attempt 1 of 1
[2022-06-12 19:48:37,791] {taskinstance.py:1358} INFO - 
--------------------------------------------------------------------------------
[2022-06-12 19:48:37,843] {taskinstance.py:1377} INFO - Executing <Task(_PythonDecoratedOperator): get_data_to_ingest_from_local_file_task> on 2022-06-12 09:09:00+00:00
[2022-06-12 19:48:37,859] {standard_task_runner.py:79} INFO - Running: ['airflow', 'tasks', 'run', 'ingest_data', 'get_data_to_ingest_from_local_file_task', 'scheduled__2022-06-12T09:09:00+00:00', '--job-id', '1491', '--raw', '--subdir', 'DAGS_FOLDER/ingestion_dag.py', '--cfg-path', '/tmp/tmpunt5o9j4', '--error-file', '/tmp/tmp4q0qr8sz']
[2022-06-12 19:48:37,862] {standard_task_runner.py:80} INFO - Job 1491: Subtask get_data_to_ingest_from_local_file_task
[2022-06-12 19:48:37,852] {standard_task_runner.py:52} INFO - Started process 11887 to run task
[2022-06-12 19:48:38,006] {task_command.py:370} INFO - Running <TaskInstance: ingest_data.get_data_to_ingest_from_local_file_task scheduled__2022-06-12T09:09:00+00:00 [running]> on host DESKTOP-GDPK8BL.localdomain
[2022-06-12 19:48:38,515] {taskinstance.py:1569} INFO - Exporting the following env vars:
AIRFLOW_CTX_DAG_OWNER=airflow
AIRFLOW_CTX_DAG_ID=ingest_data
AIRFLOW_CTX_TASK_ID=get_data_to_ingest_from_local_file_task
AIRFLOW_CTX_EXECUTION_DATE=2022-06-12T09:09:00+00:00
AIRFLOW_CTX_TRY_NUMBER=1
AIRFLOW_CTX_DAG_RUN_ID=scheduled__2022-06-12T09:09:00+00:00
[2022-06-12 19:48:38,588] {python.py:173} INFO - Done. Returned value was:           AT      V       AP     RH      PE
972    31.17  69.51  1010.51  43.11  428.94
12984  14.77  41.39  1018.95  65.61  470.21
26895  10.84  39.18  1023.64  87.10  474.49
26636  31.52  76.20  1008.31  57.35  435.31
23985   9.41  39.61  1016.14  78.38  477.34
[2022-06-12 19:48:38,756] {taskinstance.py:1395} INFO - Marking task as SUCCESS. dag_id=ingest_data, task_id=get_data_to_ingest_from_local_file_task, execution_date=20220612T090900, start_date=20220612T174837, end_date=20220612T174838
[2022-06-12 19:48:38,844] {local_task_job.py:156} INFO - Task exited with return code 0
[2022-06-12 19:48:39,046] {local_task_job.py:273} INFO - 1 downstream tasks scheduled from follow-on schedule check
