[2022-06-12 17:36:12,990] {taskinstance.py:1159} INFO - Dependencies all met for <TaskInstance: ingest_data.get_data_to_ingest_from_local_file_task scheduled__2022-06-12T06:46:00+00:00 [queued]>
[2022-06-12 17:36:13,027] {taskinstance.py:1159} INFO - Dependencies all met for <TaskInstance: ingest_data.get_data_to_ingest_from_local_file_task scheduled__2022-06-12T06:46:00+00:00 [queued]>
[2022-06-12 17:36:13,028] {taskinstance.py:1356} INFO - 
--------------------------------------------------------------------------------
[2022-06-12 17:36:13,029] {taskinstance.py:1357} INFO - Starting attempt 1 of 1
[2022-06-12 17:36:13,030] {taskinstance.py:1358} INFO - 
--------------------------------------------------------------------------------
[2022-06-12 17:36:13,105] {taskinstance.py:1377} INFO - Executing <Task(_PythonDecoratedOperator): get_data_to_ingest_from_local_file_task> on 2022-06-12 06:46:00+00:00
[2022-06-12 17:36:13,118] {standard_task_runner.py:52} INFO - Started process 9771 to run task
[2022-06-12 17:36:13,118] {standard_task_runner.py:79} INFO - Running: ['airflow', 'tasks', 'run', 'ingest_data', 'get_data_to_ingest_from_local_file_task', 'scheduled__2022-06-12T06:46:00+00:00', '--job-id', '1205', '--raw', '--subdir', 'DAGS_FOLDER/ingestion_dag.py', '--cfg-path', '/tmp/tmp3_xwa0x7', '--error-file', '/tmp/tmpqysojx4e']
[2022-06-12 17:36:13,129] {standard_task_runner.py:80} INFO - Job 1205: Subtask get_data_to_ingest_from_local_file_task
[2022-06-12 17:36:13,278] {task_command.py:370} INFO - Running <TaskInstance: ingest_data.get_data_to_ingest_from_local_file_task scheduled__2022-06-12T06:46:00+00:00 [running]> on host DESKTOP-GDPK8BL.localdomain
[2022-06-12 17:36:13,736] {taskinstance.py:1569} INFO - Exporting the following env vars:
AIRFLOW_CTX_DAG_OWNER=airflow
AIRFLOW_CTX_DAG_ID=ingest_data
AIRFLOW_CTX_TASK_ID=get_data_to_ingest_from_local_file_task
AIRFLOW_CTX_EXECUTION_DATE=2022-06-12T06:46:00+00:00
AIRFLOW_CTX_TRY_NUMBER=1
AIRFLOW_CTX_DAG_RUN_ID=scheduled__2022-06-12T06:46:00+00:00
[2022-06-12 17:36:13,811] {python.py:173} INFO - Done. Returned value was:           AT      V       AP     RH      PE
21630  32.77  71.32  1007.68  42.39  436.95
23045  21.96  48.78  1019.56  85.05  451.58
13744  14.51  44.84  1023.23  82.33  465.09
15011  13.05  34.03  1018.31  64.99  472.69
22264   4.27  39.64  1010.99  84.85  487.19
[2022-06-12 17:36:13,981] {taskinstance.py:1395} INFO - Marking task as SUCCESS. dag_id=ingest_data, task_id=get_data_to_ingest_from_local_file_task, execution_date=20220612T064600, start_date=20220612T153612, end_date=20220612T153613
[2022-06-12 17:36:14,064] {local_task_job.py:156} INFO - Task exited with return code 0
[2022-06-12 17:36:14,307] {local_task_job.py:273} INFO - 1 downstream tasks scheduled from follow-on schedule check
