[2022-06-12 16:15:50,066] {taskinstance.py:1159} INFO - Dependencies all met for <TaskInstance: ingest_data.get_data_to_ingest_from_local_file_task scheduled__2022-06-11T22:55:00+00:00 [queued]>
[2022-06-12 16:15:50,094] {taskinstance.py:1159} INFO - Dependencies all met for <TaskInstance: ingest_data.get_data_to_ingest_from_local_file_task scheduled__2022-06-11T22:55:00+00:00 [queued]>
[2022-06-12 16:15:50,094] {taskinstance.py:1356} INFO - 
--------------------------------------------------------------------------------
[2022-06-12 16:15:50,095] {taskinstance.py:1357} INFO - Starting attempt 1 of 1
[2022-06-12 16:15:50,095] {taskinstance.py:1358} INFO - 
--------------------------------------------------------------------------------
[2022-06-12 16:15:50,161] {taskinstance.py:1377} INFO - Executing <Task(_PythonDecoratedOperator): get_data_to_ingest_from_local_file_task> on 2022-06-11 22:55:00+00:00
[2022-06-12 16:15:50,168] {standard_task_runner.py:52} INFO - Started process 2699 to run task
[2022-06-12 16:15:50,175] {standard_task_runner.py:79} INFO - Running: ['airflow', 'tasks', 'run', 'ingest_data', 'get_data_to_ingest_from_local_file_task', 'scheduled__2022-06-11T22:55:00+00:00', '--job-id', '264', '--raw', '--subdir', 'DAGS_FOLDER/ingestion_dag.py', '--cfg-path', '/tmp/tmpalsvn45o', '--error-file', '/tmp/tmp70hwpvia']
[2022-06-12 16:15:50,176] {standard_task_runner.py:80} INFO - Job 264: Subtask get_data_to_ingest_from_local_file_task
[2022-06-12 16:15:50,334] {task_command.py:370} INFO - Running <TaskInstance: ingest_data.get_data_to_ingest_from_local_file_task scheduled__2022-06-11T22:55:00+00:00 [running]> on host DESKTOP-GDPK8BL.localdomain
[2022-06-12 16:15:50,695] {taskinstance.py:1569} INFO - Exporting the following env vars:
AIRFLOW_CTX_DAG_OWNER=airflow
AIRFLOW_CTX_DAG_ID=ingest_data
AIRFLOW_CTX_TASK_ID=get_data_to_ingest_from_local_file_task
AIRFLOW_CTX_EXECUTION_DATE=2022-06-11T22:55:00+00:00
AIRFLOW_CTX_TRY_NUMBER=1
AIRFLOW_CTX_DAG_RUN_ID=scheduled__2022-06-11T22:55:00+00:00
[2022-06-12 16:15:50,766] {python.py:173} INFO - Done. Returned value was:           AT      V       AP     RH      PE
41923  14.65  35.40  1016.16  60.26  469.61
6279   20.85  56.89  1013.15  68.22  450.07
22200  10.31  42.49  1009.43  78.36  479.64
14221  12.68  41.40  1021.59  78.57  466.64
43756  19.65  63.91  1009.26  99.08  444.90
[2022-06-12 16:15:50,892] {taskinstance.py:1395} INFO - Marking task as SUCCESS. dag_id=ingest_data, task_id=get_data_to_ingest_from_local_file_task, execution_date=20220611T225500, start_date=20220612T141550, end_date=20220612T141550
[2022-06-12 16:15:50,993] {local_task_job.py:156} INFO - Task exited with return code 0
[2022-06-12 16:15:51,206] {local_task_job.py:273} INFO - 1 downstream tasks scheduled from follow-on schedule check
