[2022-06-12 16:33:03,708] {taskinstance.py:1159} INFO - Dependencies all met for <TaskInstance: ingest_data.get_data_to_ingest_from_local_file_task scheduled__2022-06-12T00:37:00+00:00 [queued]>
[2022-06-12 16:33:03,738] {taskinstance.py:1159} INFO - Dependencies all met for <TaskInstance: ingest_data.get_data_to_ingest_from_local_file_task scheduled__2022-06-12T00:37:00+00:00 [queued]>
[2022-06-12 16:33:03,739] {taskinstance.py:1356} INFO - 
--------------------------------------------------------------------------------
[2022-06-12 16:33:03,740] {taskinstance.py:1357} INFO - Starting attempt 1 of 1
[2022-06-12 16:33:03,741] {taskinstance.py:1358} INFO - 
--------------------------------------------------------------------------------
[2022-06-12 16:33:03,800] {taskinstance.py:1377} INFO - Executing <Task(_PythonDecoratedOperator): get_data_to_ingest_from_local_file_task> on 2022-06-12 00:37:00+00:00
[2022-06-12 16:33:03,813] {standard_task_runner.py:79} INFO - Running: ['airflow', 'tasks', 'run', 'ingest_data', 'get_data_to_ingest_from_local_file_task', 'scheduled__2022-06-12T00:37:00+00:00', '--job-id', '468', '--raw', '--subdir', 'DAGS_FOLDER/ingestion_dag.py', '--cfg-path', '/tmp/tmpax68_2a8', '--error-file', '/tmp/tmpdg_sjcps']
[2022-06-12 16:33:03,816] {standard_task_runner.py:80} INFO - Job 468: Subtask get_data_to_ingest_from_local_file_task
[2022-06-12 16:33:03,806] {standard_task_runner.py:52} INFO - Started process 4299 to run task
[2022-06-12 16:33:03,959] {task_command.py:370} INFO - Running <TaskInstance: ingest_data.get_data_to_ingest_from_local_file_task scheduled__2022-06-12T00:37:00+00:00 [running]> on host DESKTOP-GDPK8BL.localdomain
[2022-06-12 16:33:04,319] {taskinstance.py:1569} INFO - Exporting the following env vars:
AIRFLOW_CTX_DAG_OWNER=airflow
AIRFLOW_CTX_DAG_ID=ingest_data
AIRFLOW_CTX_TASK_ID=get_data_to_ingest_from_local_file_task
AIRFLOW_CTX_EXECUTION_DATE=2022-06-12T00:37:00+00:00
AIRFLOW_CTX_TRY_NUMBER=1
AIRFLOW_CTX_DAG_RUN_ID=scheduled__2022-06-12T00:37:00+00:00
[2022-06-12 16:33:04,390] {python.py:173} INFO - Done. Returned value was:           AT      V       AP     RH      PE
12044  26.91  74.99  1005.64  78.98  437.06
14001  15.37  50.59  1019.02  98.20  463.35
7890   23.06  56.85  1012.50  64.03  440.03
21075  23.10  60.08  1017.69  65.44  451.01
21598  14.10  44.84  1025.09  79.42  468.22
[2022-06-12 16:33:04,516] {taskinstance.py:1395} INFO - Marking task as SUCCESS. dag_id=ingest_data, task_id=get_data_to_ingest_from_local_file_task, execution_date=20220612T003700, start_date=20220612T143303, end_date=20220612T143304
[2022-06-12 16:33:04,598] {local_task_job.py:156} INFO - Task exited with return code 0
[2022-06-12 16:33:04,803] {local_task_job.py:273} INFO - 1 downstream tasks scheduled from follow-on schedule check
