[2022-06-12 16:29:44,377] {taskinstance.py:1159} INFO - Dependencies all met for <TaskInstance: ingest_data.get_data_to_ingest_from_local_file_task scheduled__2022-06-12T00:15:00+00:00 [queued]>
[2022-06-12 16:29:44,406] {taskinstance.py:1159} INFO - Dependencies all met for <TaskInstance: ingest_data.get_data_to_ingest_from_local_file_task scheduled__2022-06-12T00:15:00+00:00 [queued]>
[2022-06-12 16:29:44,406] {taskinstance.py:1356} INFO - 
--------------------------------------------------------------------------------
[2022-06-12 16:29:44,407] {taskinstance.py:1357} INFO - Starting attempt 1 of 1
[2022-06-12 16:29:44,407] {taskinstance.py:1358} INFO - 
--------------------------------------------------------------------------------
[2022-06-12 16:29:44,463] {taskinstance.py:1377} INFO - Executing <Task(_PythonDecoratedOperator): get_data_to_ingest_from_local_file_task> on 2022-06-12 00:15:00+00:00
[2022-06-12 16:29:44,469] {standard_task_runner.py:52} INFO - Started process 3973 to run task
[2022-06-12 16:29:44,475] {standard_task_runner.py:79} INFO - Running: ['airflow', 'tasks', 'run', 'ingest_data', 'get_data_to_ingest_from_local_file_task', 'scheduled__2022-06-12T00:15:00+00:00', '--job-id', '424', '--raw', '--subdir', 'DAGS_FOLDER/ingestion_dag.py', '--cfg-path', '/tmp/tmp02_uv5zc', '--error-file', '/tmp/tmp09o_or0p']
[2022-06-12 16:29:44,477] {standard_task_runner.py:80} INFO - Job 424: Subtask get_data_to_ingest_from_local_file_task
[2022-06-12 16:29:44,630] {task_command.py:370} INFO - Running <TaskInstance: ingest_data.get_data_to_ingest_from_local_file_task scheduled__2022-06-12T00:15:00+00:00 [running]> on host DESKTOP-GDPK8BL.localdomain
[2022-06-12 16:29:45,056] {taskinstance.py:1569} INFO - Exporting the following env vars:
AIRFLOW_CTX_DAG_OWNER=airflow
AIRFLOW_CTX_DAG_ID=ingest_data
AIRFLOW_CTX_TASK_ID=get_data_to_ingest_from_local_file_task
AIRFLOW_CTX_EXECUTION_DATE=2022-06-12T00:15:00+00:00
AIRFLOW_CTX_TRY_NUMBER=1
AIRFLOW_CTX_DAG_RUN_ID=scheduled__2022-06-12T00:15:00+00:00
[2022-06-12 16:29:45,144] {python.py:173} INFO - Done. Returned value was:           AT      V       AP     RH      PE
33078  18.88  43.69  1016.77  46.88  464.63
112    21.59  61.87  1011.18  57.21  446.58
2973   23.08  48.41  1008.44  82.35  443.50
967     7.24  38.06  1020.60  85.36  481.83
2697   23.93  68.28  1005.16  69.91  444.95
[2022-06-12 16:29:45,290] {taskinstance.py:1395} INFO - Marking task as SUCCESS. dag_id=ingest_data, task_id=get_data_to_ingest_from_local_file_task, execution_date=20220612T001500, start_date=20220612T142944, end_date=20220612T142945
[2022-06-12 16:29:45,375] {local_task_job.py:156} INFO - Task exited with return code 0
[2022-06-12 16:29:45,598] {local_task_job.py:273} INFO - 1 downstream tasks scheduled from follow-on schedule check
