[2022-06-13 13:46:39,733] {taskinstance.py:1159} INFO - Dependencies all met for <TaskInstance: ingest_data.get_data_to_ingest_from_local_file_task scheduled__2022-06-12T21:02:00+00:00 [queued]>
[2022-06-13 13:46:39,763] {taskinstance.py:1159} INFO - Dependencies all met for <TaskInstance: ingest_data.get_data_to_ingest_from_local_file_task scheduled__2022-06-12T21:02:00+00:00 [queued]>
[2022-06-13 13:46:39,764] {taskinstance.py:1356} INFO - 
--------------------------------------------------------------------------------
[2022-06-13 13:46:39,764] {taskinstance.py:1357} INFO - Starting attempt 1 of 1
[2022-06-13 13:46:39,765] {taskinstance.py:1358} INFO - 
--------------------------------------------------------------------------------
[2022-06-13 13:46:39,813] {taskinstance.py:1377} INFO - Executing <Task(_PythonDecoratedOperator): get_data_to_ingest_from_local_file_task> on 2022-06-12 21:02:00+00:00
[2022-06-13 13:46:39,818] {standard_task_runner.py:52} INFO - Started process 211 to run task
[2022-06-13 13:46:39,823] {standard_task_runner.py:79} INFO - Running: ['airflow', 'tasks', 'run', 'ingest_data', 'get_data_to_ingest_from_local_file_task', 'scheduled__2022-06-12T21:02:00+00:00', '--job-id', '1534', '--raw', '--subdir', 'DAGS_FOLDER/ingestion_dag.py', '--cfg-path', '/tmp/tmp4293wfga', '--error-file', '/tmp/tmpu6mb6c1g']
[2022-06-13 13:46:39,824] {standard_task_runner.py:80} INFO - Job 1534: Subtask get_data_to_ingest_from_local_file_task
[2022-06-13 13:46:39,963] {task_command.py:370} INFO - Running <TaskInstance: ingest_data.get_data_to_ingest_from_local_file_task scheduled__2022-06-12T21:02:00+00:00 [running]> on host DESKTOP-GDPK8BL.localdomain
[2022-06-13 13:46:40,382] {taskinstance.py:1569} INFO - Exporting the following env vars:
AIRFLOW_CTX_DAG_OWNER=airflow
AIRFLOW_CTX_DAG_ID=ingest_data
AIRFLOW_CTX_TASK_ID=get_data_to_ingest_from_local_file_task
AIRFLOW_CTX_EXECUTION_DATE=2022-06-12T21:02:00+00:00
AIRFLOW_CTX_TRY_NUMBER=1
AIRFLOW_CTX_DAG_RUN_ID=scheduled__2022-06-12T21:02:00+00:00
[2022-06-13 13:46:40,445] {python.py:173} INFO - Done. Returned value was:           AT      V       AP     RH      PE
2038   18.20  52.72  1025.87  54.26  463.47
43598  30.18  65.74  1012.63  47.74  441.65
38002  20.46  54.20  1011.40  84.00  448.10
21787  21.85  63.86  1020.16  68.84  445.62
18736  25.94  66.49  1012.83  61.81  433.38
[2022-06-13 13:46:40,597] {taskinstance.py:1395} INFO - Marking task as SUCCESS. dag_id=ingest_data, task_id=get_data_to_ingest_from_local_file_task, execution_date=20220612T210200, start_date=20220613T114639, end_date=20220613T114640
[2022-06-13 13:46:40,681] {local_task_job.py:156} INFO - Task exited with return code 0
[2022-06-13 13:46:40,868] {local_task_job.py:273} INFO - 1 downstream tasks scheduled from follow-on schedule check
