[2022-06-12 14:50:13,599] {taskinstance.py:1159} INFO - Dependencies all met for <TaskInstance: ingest_data.get_data_to_ingest_from_local_file_task scheduled__2022-06-11T21:34:00+00:00 [queued]>
[2022-06-12 14:50:13,626] {taskinstance.py:1159} INFO - Dependencies all met for <TaskInstance: ingest_data.get_data_to_ingest_from_local_file_task scheduled__2022-06-11T21:34:00+00:00 [queued]>
[2022-06-12 14:50:13,626] {taskinstance.py:1356} INFO - 
--------------------------------------------------------------------------------
[2022-06-12 14:50:13,627] {taskinstance.py:1357} INFO - Starting attempt 1 of 1
[2022-06-12 14:50:13,628] {taskinstance.py:1358} INFO - 
--------------------------------------------------------------------------------
[2022-06-12 14:50:13,691] {taskinstance.py:1377} INFO - Executing <Task(_PythonDecoratedOperator): get_data_to_ingest_from_local_file_task> on 2022-06-11 21:34:00+00:00
[2022-06-12 14:50:13,698] {standard_task_runner.py:52} INFO - Started process 1320 to run task
[2022-06-12 14:50:13,704] {standard_task_runner.py:79} INFO - Running: ['airflow', 'tasks', 'run', 'ingest_data', 'get_data_to_ingest_from_local_file_task', 'scheduled__2022-06-11T21:34:00+00:00', '--job-id', '102', '--raw', '--subdir', 'DAGS_FOLDER/ingestion_dag.py', '--cfg-path', '/tmp/tmp95y2m1k8', '--error-file', '/tmp/tmpjw8u89aa']
[2022-06-12 14:50:13,706] {standard_task_runner.py:80} INFO - Job 102: Subtask get_data_to_ingest_from_local_file_task
[2022-06-12 14:50:13,847] {task_command.py:370} INFO - Running <TaskInstance: ingest_data.get_data_to_ingest_from_local_file_task scheduled__2022-06-11T21:34:00+00:00 [running]> on host DESKTOP-GDPK8BL.localdomain
[2022-06-12 14:50:14,203] {taskinstance.py:1569} INFO - Exporting the following env vars:
AIRFLOW_CTX_DAG_OWNER=airflow
AIRFLOW_CTX_DAG_ID=ingest_data
AIRFLOW_CTX_TASK_ID=get_data_to_ingest_from_local_file_task
AIRFLOW_CTX_EXECUTION_DATE=2022-06-11T21:34:00+00:00
AIRFLOW_CTX_TRY_NUMBER=1
AIRFLOW_CTX_DAG_RUN_ID=scheduled__2022-06-11T21:34:00+00:00
[2022-06-12 14:50:14,273] {python.py:173} INFO - Done. Returned value was:           AT      V       AP     RH      PE
45207  21.49  61.27  1019.81  63.21  450.07
46557  24.86  72.39  1001.15  90.24  440.85
12978  17.02  51.86  1021.53  81.28  460.00
31041  22.30  57.19  1006.40  75.28  445.10
11289  13.91  44.58  1021.36  78.98  472.67
[2022-06-12 14:50:14,393] {taskinstance.py:1395} INFO - Marking task as SUCCESS. dag_id=ingest_data, task_id=get_data_to_ingest_from_local_file_task, execution_date=20220611T213400, start_date=20220612T125013, end_date=20220612T125014
[2022-06-12 14:50:14,482] {local_task_job.py:156} INFO - Task exited with return code 0
[2022-06-12 14:50:14,756] {local_task_job.py:273} INFO - 1 downstream tasks scheduled from follow-on schedule check
