[2022-06-12 17:36:31,957] {taskinstance.py:1159} INFO - Dependencies all met for <TaskInstance: ingest_data.get_data_to_ingest_from_local_file_task scheduled__2022-06-12T06:48:00+00:00 [queued]>
[2022-06-12 17:36:31,994] {taskinstance.py:1159} INFO - Dependencies all met for <TaskInstance: ingest_data.get_data_to_ingest_from_local_file_task scheduled__2022-06-12T06:48:00+00:00 [queued]>
[2022-06-12 17:36:31,994] {taskinstance.py:1356} INFO - 
--------------------------------------------------------------------------------
[2022-06-12 17:36:31,995] {taskinstance.py:1357} INFO - Starting attempt 1 of 1
[2022-06-12 17:36:31,995] {taskinstance.py:1358} INFO - 
--------------------------------------------------------------------------------
[2022-06-12 17:36:32,070] {taskinstance.py:1377} INFO - Executing <Task(_PythonDecoratedOperator): get_data_to_ingest_from_local_file_task> on 2022-06-12 06:48:00+00:00
[2022-06-12 17:36:32,082] {standard_task_runner.py:52} INFO - Started process 9800 to run task
[2022-06-12 17:36:32,093] {standard_task_runner.py:79} INFO - Running: ['airflow', 'tasks', 'run', 'ingest_data', 'get_data_to_ingest_from_local_file_task', 'scheduled__2022-06-12T06:48:00+00:00', '--job-id', '1209', '--raw', '--subdir', 'DAGS_FOLDER/ingestion_dag.py', '--cfg-path', '/tmp/tmpf6tr61gf', '--error-file', '/tmp/tmp1drmvytr']
[2022-06-12 17:36:32,094] {standard_task_runner.py:80} INFO - Job 1209: Subtask get_data_to_ingest_from_local_file_task
[2022-06-12 17:36:32,251] {task_command.py:370} INFO - Running <TaskInstance: ingest_data.get_data_to_ingest_from_local_file_task scheduled__2022-06-12T06:48:00+00:00 [running]> on host DESKTOP-GDPK8BL.localdomain
[2022-06-12 17:36:32,714] {taskinstance.py:1569} INFO - Exporting the following env vars:
AIRFLOW_CTX_DAG_OWNER=airflow
AIRFLOW_CTX_DAG_ID=ingest_data
AIRFLOW_CTX_TASK_ID=get_data_to_ingest_from_local_file_task
AIRFLOW_CTX_EXECUTION_DATE=2022-06-12T06:48:00+00:00
AIRFLOW_CTX_TRY_NUMBER=1
AIRFLOW_CTX_DAG_RUN_ID=scheduled__2022-06-12T06:48:00+00:00
[2022-06-12 17:36:32,795] {python.py:173} INFO - Done. Returned value was:           AT      V       AP     RH      PE
23624  29.17  64.79  1016.43  61.05  441.20
46335  20.76  51.19  1009.00  87.23  445.00
7989   31.19  69.68  1012.60  52.06  440.97
16780  20.53  65.06  1016.69  73.47  446.64
36132  27.56  63.90  1013.23  45.97  442.43
[2022-06-12 17:36:32,968] {taskinstance.py:1395} INFO - Marking task as SUCCESS. dag_id=ingest_data, task_id=get_data_to_ingest_from_local_file_task, execution_date=20220612T064800, start_date=20220612T153631, end_date=20220612T153632
[2022-06-12 17:36:33,071] {local_task_job.py:156} INFO - Task exited with return code 0
[2022-06-12 17:36:33,318] {local_task_job.py:273} INFO - 1 downstream tasks scheduled from follow-on schedule check
