[2022-06-12 17:18:02,584] {taskinstance.py:1159} INFO - Dependencies all met for <TaskInstance: ingest_data.get_data_to_ingest_from_local_file_task scheduled__2022-06-12T04:50:00+00:00 [queued]>
[2022-06-12 17:18:02,617] {taskinstance.py:1159} INFO - Dependencies all met for <TaskInstance: ingest_data.get_data_to_ingest_from_local_file_task scheduled__2022-06-12T04:50:00+00:00 [queued]>
[2022-06-12 17:18:02,618] {taskinstance.py:1356} INFO - 
--------------------------------------------------------------------------------
[2022-06-12 17:18:02,619] {taskinstance.py:1357} INFO - Starting attempt 1 of 1
[2022-06-12 17:18:02,619] {taskinstance.py:1358} INFO - 
--------------------------------------------------------------------------------
[2022-06-12 17:18:02,691] {taskinstance.py:1377} INFO - Executing <Task(_PythonDecoratedOperator): get_data_to_ingest_from_local_file_task> on 2022-06-12 04:50:00+00:00
[2022-06-12 17:18:02,698] {standard_task_runner.py:52} INFO - Started process 8065 to run task
[2022-06-12 17:18:02,716] {standard_task_runner.py:79} INFO - Running: ['airflow', 'tasks', 'run', 'ingest_data', 'get_data_to_ingest_from_local_file_task', 'scheduled__2022-06-12T04:50:00+00:00', '--job-id', '974', '--raw', '--subdir', 'DAGS_FOLDER/ingestion_dag.py', '--cfg-path', '/tmp/tmpnf77ewer', '--error-file', '/tmp/tmp3v2wbvjx']
[2022-06-12 17:18:02,718] {standard_task_runner.py:80} INFO - Job 974: Subtask get_data_to_ingest_from_local_file_task
[2022-06-12 17:18:02,859] {task_command.py:370} INFO - Running <TaskInstance: ingest_data.get_data_to_ingest_from_local_file_task scheduled__2022-06-12T04:50:00+00:00 [running]> on host DESKTOP-GDPK8BL.localdomain
[2022-06-12 17:18:03,225] {taskinstance.py:1569} INFO - Exporting the following env vars:
AIRFLOW_CTX_DAG_OWNER=airflow
AIRFLOW_CTX_DAG_ID=ingest_data
AIRFLOW_CTX_TASK_ID=get_data_to_ingest_from_local_file_task
AIRFLOW_CTX_EXECUTION_DATE=2022-06-12T04:50:00+00:00
AIRFLOW_CTX_TRY_NUMBER=1
AIRFLOW_CTX_DAG_RUN_ID=scheduled__2022-06-12T04:50:00+00:00
[2022-06-12 17:18:03,309] {python.py:173} INFO - Done. Returned value was:           AT      V       AP     RH      PE
10395  15.63  37.87  1020.40  74.77  465.28
42835  16.76  48.14  1012.92  65.74  456.31
12235  22.29  43.79  1015.68  41.75  461.23
33291  23.21  58.66  1012.24  65.31  450.92
13112   9.37  38.56  1016.84  62.07  482.77
[2022-06-12 17:18:03,465] {taskinstance.py:1395} INFO - Marking task as SUCCESS. dag_id=ingest_data, task_id=get_data_to_ingest_from_local_file_task, execution_date=20220612T045000, start_date=20220612T151802, end_date=20220612T151803
[2022-06-12 17:18:03,567] {local_task_job.py:156} INFO - Task exited with return code 0
[2022-06-12 17:18:03,828] {local_task_job.py:273} INFO - 1 downstream tasks scheduled from follow-on schedule check
