[2022-06-12 16:56:59,738] {taskinstance.py:1159} INFO - Dependencies all met for <TaskInstance: ingest_data.get_data_to_ingest_from_local_file_task scheduled__2022-06-12T02:51:00+00:00 [queued]>
[2022-06-12 16:56:59,770] {taskinstance.py:1159} INFO - Dependencies all met for <TaskInstance: ingest_data.get_data_to_ingest_from_local_file_task scheduled__2022-06-12T02:51:00+00:00 [queued]>
[2022-06-12 16:56:59,770] {taskinstance.py:1356} INFO - 
--------------------------------------------------------------------------------
[2022-06-12 16:56:59,771] {taskinstance.py:1357} INFO - Starting attempt 1 of 1
[2022-06-12 16:56:59,771] {taskinstance.py:1358} INFO - 
--------------------------------------------------------------------------------
[2022-06-12 16:56:59,841] {taskinstance.py:1377} INFO - Executing <Task(_PythonDecoratedOperator): get_data_to_ingest_from_local_file_task> on 2022-06-12 02:51:00+00:00
[2022-06-12 16:56:59,847] {standard_task_runner.py:52} INFO - Started process 6287 to run task
[2022-06-12 16:56:59,853] {standard_task_runner.py:79} INFO - Running: ['airflow', 'tasks', 'run', 'ingest_data', 'get_data_to_ingest_from_local_file_task', 'scheduled__2022-06-12T02:51:00+00:00', '--job-id', '735', '--raw', '--subdir', 'DAGS_FOLDER/ingestion_dag.py', '--cfg-path', '/tmp/tmpfgs4fckn', '--error-file', '/tmp/tmp2pcysyar']
[2022-06-12 16:56:59,854] {standard_task_runner.py:80} INFO - Job 735: Subtask get_data_to_ingest_from_local_file_task
[2022-06-12 16:57:00,028] {task_command.py:370} INFO - Running <TaskInstance: ingest_data.get_data_to_ingest_from_local_file_task scheduled__2022-06-12T02:51:00+00:00 [running]> on host DESKTOP-GDPK8BL.localdomain
[2022-06-12 16:57:00,626] {taskinstance.py:1569} INFO - Exporting the following env vars:
AIRFLOW_CTX_DAG_OWNER=airflow
AIRFLOW_CTX_DAG_ID=ingest_data
AIRFLOW_CTX_TASK_ID=get_data_to_ingest_from_local_file_task
AIRFLOW_CTX_EXECUTION_DATE=2022-06-12T02:51:00+00:00
AIRFLOW_CTX_TRY_NUMBER=1
AIRFLOW_CTX_DAG_RUN_ID=scheduled__2022-06-12T02:51:00+00:00
[2022-06-12 16:57:00,726] {python.py:173} INFO - Done. Returned value was:           AT      V       AP     RH      PE
21444  27.14  70.32  1007.08  73.08  427.21
2484   18.58  46.97  1014.25  74.09  454.26
19281  23.30  48.78  1018.17  75.36  441.08
41640  31.15  66.25  1008.89  61.08  437.55
2916   15.47  38.73  1001.13  77.61  467.96
[2022-06-12 16:57:00,885] {taskinstance.py:1395} INFO - Marking task as SUCCESS. dag_id=ingest_data, task_id=get_data_to_ingest_from_local_file_task, execution_date=20220612T025100, start_date=20220612T145659, end_date=20220612T145700
[2022-06-12 16:57:00,993] {local_task_job.py:156} INFO - Task exited with return code 0
[2022-06-12 16:57:01,237] {local_task_job.py:273} INFO - 1 downstream tasks scheduled from follow-on schedule check
