[2022-06-12 16:45:19,908] {taskinstance.py:1159} INFO - Dependencies all met for <TaskInstance: ingest_data.get_data_to_ingest_from_local_file_task scheduled__2022-06-12T01:45:00+00:00 [queued]>
[2022-06-12 16:45:19,944] {taskinstance.py:1159} INFO - Dependencies all met for <TaskInstance: ingest_data.get_data_to_ingest_from_local_file_task scheduled__2022-06-12T01:45:00+00:00 [queued]>
[2022-06-12 16:45:19,945] {taskinstance.py:1356} INFO - 
--------------------------------------------------------------------------------
[2022-06-12 16:45:19,946] {taskinstance.py:1357} INFO - Starting attempt 1 of 1
[2022-06-12 16:45:19,947] {taskinstance.py:1358} INFO - 
--------------------------------------------------------------------------------
[2022-06-12 16:45:20,011] {taskinstance.py:1377} INFO - Executing <Task(_PythonDecoratedOperator): get_data_to_ingest_from_local_file_task> on 2022-06-12 01:45:00+00:00
[2022-06-12 16:45:20,017] {standard_task_runner.py:52} INFO - Started process 5313 to run task
[2022-06-12 16:45:20,022] {standard_task_runner.py:79} INFO - Running: ['airflow', 'tasks', 'run', 'ingest_data', 'get_data_to_ingest_from_local_file_task', 'scheduled__2022-06-12T01:45:00+00:00', '--job-id', '604', '--raw', '--subdir', 'DAGS_FOLDER/ingestion_dag.py', '--cfg-path', '/tmp/tmphz1be9mg', '--error-file', '/tmp/tmpporwje35']
[2022-06-12 16:45:20,024] {standard_task_runner.py:80} INFO - Job 604: Subtask get_data_to_ingest_from_local_file_task
[2022-06-12 16:45:20,176] {task_command.py:370} INFO - Running <TaskInstance: ingest_data.get_data_to_ingest_from_local_file_task scheduled__2022-06-12T01:45:00+00:00 [running]> on host DESKTOP-GDPK8BL.localdomain
[2022-06-12 16:45:20,555] {taskinstance.py:1569} INFO - Exporting the following env vars:
AIRFLOW_CTX_DAG_OWNER=airflow
AIRFLOW_CTX_DAG_ID=ingest_data
AIRFLOW_CTX_TASK_ID=get_data_to_ingest_from_local_file_task
AIRFLOW_CTX_EXECUTION_DATE=2022-06-12T01:45:00+00:00
AIRFLOW_CTX_TRY_NUMBER=1
AIRFLOW_CTX_DAG_RUN_ID=scheduled__2022-06-12T01:45:00+00:00
[2022-06-12 16:45:20,634] {python.py:173} INFO - Done. Returned value was:           AT      V       AP     RH      PE
40950  31.90  69.40  1003.40  57.76  436.04
7020   31.85  69.04  1008.35  46.09  434.79
46427  28.50  64.84  1011.47  54.41  441.74
42766  10.82  42.02   996.03  99.34  475.46
10341  11.30  40.55  1005.97  97.99  476.72
[2022-06-12 16:45:20,780] {taskinstance.py:1395} INFO - Marking task as SUCCESS. dag_id=ingest_data, task_id=get_data_to_ingest_from_local_file_task, execution_date=20220612T014500, start_date=20220612T144519, end_date=20220612T144520
[2022-06-12 16:45:20,883] {local_task_job.py:156} INFO - Task exited with return code 0
[2022-06-12 16:45:21,147] {local_task_job.py:273} INFO - 1 downstream tasks scheduled from follow-on schedule check
