[2022-06-12 16:12:29,661] {taskinstance.py:1159} INFO - Dependencies all met for <TaskInstance: ingest_data.get_data_to_ingest_from_local_file_task scheduled__2022-06-11T22:35:00+00:00 [queued]>
[2022-06-12 16:12:29,689] {taskinstance.py:1159} INFO - Dependencies all met for <TaskInstance: ingest_data.get_data_to_ingest_from_local_file_task scheduled__2022-06-11T22:35:00+00:00 [queued]>
[2022-06-12 16:12:29,689] {taskinstance.py:1356} INFO - 
--------------------------------------------------------------------------------
[2022-06-12 16:12:29,690] {taskinstance.py:1357} INFO - Starting attempt 1 of 1
[2022-06-12 16:12:29,691] {taskinstance.py:1358} INFO - 
--------------------------------------------------------------------------------
[2022-06-12 16:12:29,757] {taskinstance.py:1377} INFO - Executing <Task(_PythonDecoratedOperator): get_data_to_ingest_from_local_file_task> on 2022-06-11 22:35:00+00:00
[2022-06-12 16:12:29,767] {standard_task_runner.py:52} INFO - Started process 2359 to run task
[2022-06-12 16:12:29,772] {standard_task_runner.py:79} INFO - Running: ['airflow', 'tasks', 'run', 'ingest_data', 'get_data_to_ingest_from_local_file_task', 'scheduled__2022-06-11T22:35:00+00:00', '--job-id', '224', '--raw', '--subdir', 'DAGS_FOLDER/ingestion_dag.py', '--cfg-path', '/tmp/tmpagq560vx', '--error-file', '/tmp/tmpvmx38az9']
[2022-06-12 16:12:29,773] {standard_task_runner.py:80} INFO - Job 224: Subtask get_data_to_ingest_from_local_file_task
[2022-06-12 16:12:29,918] {task_command.py:370} INFO - Running <TaskInstance: ingest_data.get_data_to_ingest_from_local_file_task scheduled__2022-06-11T22:35:00+00:00 [running]> on host DESKTOP-GDPK8BL.localdomain
[2022-06-12 16:12:30,245] {taskinstance.py:1569} INFO - Exporting the following env vars:
AIRFLOW_CTX_DAG_OWNER=airflow
AIRFLOW_CTX_DAG_ID=ingest_data
AIRFLOW_CTX_TASK_ID=get_data_to_ingest_from_local_file_task
AIRFLOW_CTX_EXECUTION_DATE=2022-06-11T22:35:00+00:00
AIRFLOW_CTX_TRY_NUMBER=1
AIRFLOW_CTX_DAG_RUN_ID=scheduled__2022-06-11T22:35:00+00:00
[2022-06-12 16:12:30,319] {python.py:173} INFO - Done. Returned value was:           AT      V       AP     RH      PE
27237  16.82  45.00  1022.05  37.28  468.22
29569  11.21  39.85  1013.01  75.55  480.61
36490  32.50  71.37  1003.75  43.80  433.70
3693   26.16  63.76  1010.03  68.77  437.24
9936   11.68  40.55  1006.48  96.16  474.80
[2022-06-12 16:12:30,436] {taskinstance.py:1395} INFO - Marking task as SUCCESS. dag_id=ingest_data, task_id=get_data_to_ingest_from_local_file_task, execution_date=20220611T223500, start_date=20220612T141229, end_date=20220612T141230
[2022-06-12 16:12:30,510] {local_task_job.py:156} INFO - Task exited with return code 0
[2022-06-12 16:12:30,726] {local_task_job.py:273} INFO - 1 downstream tasks scheduled from follow-on schedule check
