[2022-06-12 17:45:42,253] {taskinstance.py:1159} INFO - Dependencies all met for <TaskInstance: ingest_data.get_data_to_ingest_from_local_file_task scheduled__2022-06-12T07:46:00+00:00 [queued]>
[2022-06-12 17:45:42,295] {taskinstance.py:1159} INFO - Dependencies all met for <TaskInstance: ingest_data.get_data_to_ingest_from_local_file_task scheduled__2022-06-12T07:46:00+00:00 [queued]>
[2022-06-12 17:45:42,296] {taskinstance.py:1356} INFO - 
--------------------------------------------------------------------------------
[2022-06-12 17:45:42,296] {taskinstance.py:1357} INFO - Starting attempt 1 of 1
[2022-06-12 17:45:42,297] {taskinstance.py:1358} INFO - 
--------------------------------------------------------------------------------
[2022-06-12 17:45:42,375] {taskinstance.py:1377} INFO - Executing <Task(_PythonDecoratedOperator): get_data_to_ingest_from_local_file_task> on 2022-06-12 07:46:00+00:00
[2022-06-12 17:45:42,381] {standard_task_runner.py:52} INFO - Started process 10664 to run task
[2022-06-12 17:45:42,387] {standard_task_runner.py:79} INFO - Running: ['airflow', 'tasks', 'run', 'ingest_data', 'get_data_to_ingest_from_local_file_task', 'scheduled__2022-06-12T07:46:00+00:00', '--job-id', '1326', '--raw', '--subdir', 'DAGS_FOLDER/ingestion_dag.py', '--cfg-path', '/tmp/tmp_3tg9xzy', '--error-file', '/tmp/tmpj_e7lrmh']
[2022-06-12 17:45:42,388] {standard_task_runner.py:80} INFO - Job 1326: Subtask get_data_to_ingest_from_local_file_task
[2022-06-12 17:45:42,519] {task_command.py:370} INFO - Running <TaskInstance: ingest_data.get_data_to_ingest_from_local_file_task scheduled__2022-06-12T07:46:00+00:00 [running]> on host DESKTOP-GDPK8BL.localdomain
[2022-06-12 17:45:42,980] {taskinstance.py:1569} INFO - Exporting the following env vars:
AIRFLOW_CTX_DAG_OWNER=airflow
AIRFLOW_CTX_DAG_ID=ingest_data
AIRFLOW_CTX_TASK_ID=get_data_to_ingest_from_local_file_task
AIRFLOW_CTX_EXECUTION_DATE=2022-06-12T07:46:00+00:00
AIRFLOW_CTX_TRY_NUMBER=1
AIRFLOW_CTX_DAG_RUN_ID=scheduled__2022-06-12T07:46:00+00:00
[2022-06-12 17:45:43,053] {python.py:173} INFO - Done. Returned value was:           AT      V       AP     RH      PE
46749  20.58  50.90  1011.89  72.56  452.60
11163  22.17  65.61  1014.71  70.91  449.91
25617  30.20  56.90  1006.89  42.69  436.17
43689  12.31  40.64  1020.71  94.60  475.65
20414   5.70  40.35  1012.18  91.57  488.80
[2022-06-12 17:45:43,226] {taskinstance.py:1395} INFO - Marking task as SUCCESS. dag_id=ingest_data, task_id=get_data_to_ingest_from_local_file_task, execution_date=20220612T074600, start_date=20220612T154542, end_date=20220612T154543
[2022-06-12 17:45:43,326] {local_task_job.py:156} INFO - Task exited with return code 0
[2022-06-12 17:45:43,533] {local_task_job.py:273} INFO - 1 downstream tasks scheduled from follow-on schedule check
