[2022-06-12 14:45:23,486] {taskinstance.py:1159} INFO - Dependencies all met for <TaskInstance: ingest_data.get_data_to_ingest_from_local_file_task scheduled__2022-06-11T21:09:00+00:00 [queued]>
[2022-06-12 14:45:23,516] {taskinstance.py:1159} INFO - Dependencies all met for <TaskInstance: ingest_data.get_data_to_ingest_from_local_file_task scheduled__2022-06-11T21:09:00+00:00 [queued]>
[2022-06-12 14:45:23,517] {taskinstance.py:1356} INFO - 
--------------------------------------------------------------------------------
[2022-06-12 14:45:23,517] {taskinstance.py:1357} INFO - Starting attempt 1 of 1
[2022-06-12 14:45:23,518] {taskinstance.py:1358} INFO - 
--------------------------------------------------------------------------------
[2022-06-12 14:45:23,576] {taskinstance.py:1377} INFO - Executing <Task(_PythonDecoratedOperator): get_data_to_ingest_from_local_file_task> on 2022-06-11 21:09:00+00:00
[2022-06-12 14:45:23,582] {standard_task_runner.py:52} INFO - Started process 886 to run task
[2022-06-12 14:45:23,589] {standard_task_runner.py:79} INFO - Running: ['airflow', 'tasks', 'run', 'ingest_data', 'get_data_to_ingest_from_local_file_task', 'scheduled__2022-06-11T21:09:00+00:00', '--job-id', '48', '--raw', '--subdir', 'DAGS_FOLDER/ingestion_dag.py', '--cfg-path', '/tmp/tmpu4hmqxwu', '--error-file', '/tmp/tmpqmkmi4hg']
[2022-06-12 14:45:23,591] {standard_task_runner.py:80} INFO - Job 48: Subtask get_data_to_ingest_from_local_file_task
[2022-06-12 14:45:23,744] {task_command.py:370} INFO - Running <TaskInstance: ingest_data.get_data_to_ingest_from_local_file_task scheduled__2022-06-11T21:09:00+00:00 [running]> on host DESKTOP-GDPK8BL.localdomain
[2022-06-12 14:45:24,074] {taskinstance.py:1569} INFO - Exporting the following env vars:
AIRFLOW_CTX_DAG_OWNER=airflow
AIRFLOW_CTX_DAG_ID=ingest_data
AIRFLOW_CTX_TASK_ID=get_data_to_ingest_from_local_file_task
AIRFLOW_CTX_EXECUTION_DATE=2022-06-11T21:09:00+00:00
AIRFLOW_CTX_TRY_NUMBER=1
AIRFLOW_CTX_DAG_RUN_ID=scheduled__2022-06-11T21:09:00+00:00
[2022-06-12 14:45:24,146] {python.py:173} INFO - Done. Returned value was:           AT      V       AP     RH      PE
33112  31.97  79.74  1007.03  55.84  435.99
46744  10.94  39.04  1021.62  86.41  479.80
47648  24.26  42.80  1013.72  61.62  459.65
31057  26.42  59.27  1012.90  65.38  443.94
23986  26.62  76.20  1006.06  69.13  437.81
[2022-06-12 14:45:24,253] {taskinstance.py:1395} INFO - Marking task as SUCCESS. dag_id=ingest_data, task_id=get_data_to_ingest_from_local_file_task, execution_date=20220611T210900, start_date=20220612T124523, end_date=20220612T124524
[2022-06-12 14:45:24,328] {local_task_job.py:156} INFO - Task exited with return code 0
[2022-06-12 14:45:24,596] {local_task_job.py:273} INFO - 1 downstream tasks scheduled from follow-on schedule check
