[2022-06-13 13:49:22,149] {taskinstance.py:1159} INFO - Dependencies all met for <TaskInstance: loan_pred.get_data_to_ingest_from_local_file_task scheduled__2022-06-12T21:03:00+00:00 [queued]>
[2022-06-13 13:49:22,172] {taskinstance.py:1159} INFO - Dependencies all met for <TaskInstance: loan_pred.get_data_to_ingest_from_local_file_task scheduled__2022-06-12T21:03:00+00:00 [queued]>
[2022-06-13 13:49:22,172] {taskinstance.py:1356} INFO - 
--------------------------------------------------------------------------------
[2022-06-13 13:49:22,173] {taskinstance.py:1357} INFO - Starting attempt 1 of 1
[2022-06-13 13:49:22,173] {taskinstance.py:1358} INFO - 
--------------------------------------------------------------------------------
[2022-06-13 13:49:22,223] {taskinstance.py:1377} INFO - Executing <Task(_PythonDecoratedOperator): get_data_to_ingest_from_local_file_task> on 2022-06-12 21:03:00+00:00
[2022-06-13 13:49:22,228] {standard_task_runner.py:52} INFO - Started process 480 to run task
[2022-06-13 13:49:22,233] {standard_task_runner.py:79} INFO - Running: ['airflow', 'tasks', 'run', 'loan_pred', 'get_data_to_ingest_from_local_file_task', 'scheduled__2022-06-12T21:03:00+00:00', '--job-id', '1562', '--raw', '--subdir', 'DAGS_FOLDER/loan_pred.py', '--cfg-path', '/tmp/tmpvje6t1yu', '--error-file', '/tmp/tmpnsnyynom']
[2022-06-13 13:49:22,235] {standard_task_runner.py:80} INFO - Job 1562: Subtask get_data_to_ingest_from_local_file_task
[2022-06-13 13:49:22,361] {task_command.py:370} INFO - Running <TaskInstance: loan_pred.get_data_to_ingest_from_local_file_task scheduled__2022-06-12T21:03:00+00:00 [running]> on host DESKTOP-GDPK8BL.localdomain
[2022-06-13 13:49:22,751] {taskinstance.py:1569} INFO - Exporting the following env vars:
AIRFLOW_CTX_DAG_OWNER=airflow
AIRFLOW_CTX_DAG_ID=loan_pred
AIRFLOW_CTX_TASK_ID=get_data_to_ingest_from_local_file_task
AIRFLOW_CTX_EXECUTION_DATE=2022-06-12T21:03:00+00:00
AIRFLOW_CTX_TRY_NUMBER=1
AIRFLOW_CTX_DAG_RUN_ID=scheduled__2022-06-12T21:03:00+00:00
[2022-06-13 13:49:22,770] {python.py:173} INFO - Done. Returned value was:       Loan_ID Gender Married Dependents  ... LoanAmount Loan_Amount_Term  Credit_History  Property_Area
138  LP001769    NaN      No        NaN  ...      110.0            360.0             1.0      Semiurban
174  LP001995   Male     Yes          0  ...      110.0            360.0             0.0          Rural
211  LP002168   Male      No          0  ...      200.0            360.0             0.0          Rural
65   LP001351   Male     Yes          0  ...      138.0            360.0             1.0      Semiurban
148  LP001818   Male     Yes          1  ...      139.0            360.0             1.0      Semiurban

[5 rows x 12 columns]
[2022-06-13 13:49:22,917] {taskinstance.py:1395} INFO - Marking task as SUCCESS. dag_id=loan_pred, task_id=get_data_to_ingest_from_local_file_task, execution_date=20220612T210300, start_date=20220613T114922, end_date=20220613T114922
[2022-06-13 13:49:22,971] {local_task_job.py:156} INFO - Task exited with return code 0
[2022-06-13 13:49:23,160] {local_task_job.py:273} INFO - 1 downstream tasks scheduled from follow-on schedule check
