[2022-06-12 16:30:13,791] {taskinstance.py:1159} INFO - Dependencies all met for <TaskInstance: ingest_data.get_data_to_ingest_from_local_file_task scheduled__2022-06-12T00:18:00+00:00 [queued]>
[2022-06-12 16:30:13,820] {taskinstance.py:1159} INFO - Dependencies all met for <TaskInstance: ingest_data.get_data_to_ingest_from_local_file_task scheduled__2022-06-12T00:18:00+00:00 [queued]>
[2022-06-12 16:30:13,821] {taskinstance.py:1356} INFO - 
--------------------------------------------------------------------------------
[2022-06-12 16:30:13,821] {taskinstance.py:1357} INFO - Starting attempt 1 of 1
[2022-06-12 16:30:13,822] {taskinstance.py:1358} INFO - 
--------------------------------------------------------------------------------
[2022-06-12 16:30:13,893] {taskinstance.py:1377} INFO - Executing <Task(_PythonDecoratedOperator): get_data_to_ingest_from_local_file_task> on 2022-06-12 00:18:00+00:00
[2022-06-12 16:30:13,899] {standard_task_runner.py:52} INFO - Started process 4018 to run task
[2022-06-12 16:30:13,905] {standard_task_runner.py:79} INFO - Running: ['airflow', 'tasks', 'run', 'ingest_data', 'get_data_to_ingest_from_local_file_task', 'scheduled__2022-06-12T00:18:00+00:00', '--job-id', '430', '--raw', '--subdir', 'DAGS_FOLDER/ingestion_dag.py', '--cfg-path', '/tmp/tmpzixva2vm', '--error-file', '/tmp/tmp2gbrz9t8']
[2022-06-12 16:30:13,907] {standard_task_runner.py:80} INFO - Job 430: Subtask get_data_to_ingest_from_local_file_task
[2022-06-12 16:30:14,054] {task_command.py:370} INFO - Running <TaskInstance: ingest_data.get_data_to_ingest_from_local_file_task scheduled__2022-06-12T00:18:00+00:00 [running]> on host DESKTOP-GDPK8BL.localdomain
[2022-06-12 16:30:14,451] {taskinstance.py:1569} INFO - Exporting the following env vars:
AIRFLOW_CTX_DAG_OWNER=airflow
AIRFLOW_CTX_DAG_ID=ingest_data
AIRFLOW_CTX_TASK_ID=get_data_to_ingest_from_local_file_task
AIRFLOW_CTX_EXECUTION_DATE=2022-06-12T00:18:00+00:00
AIRFLOW_CTX_TRY_NUMBER=1
AIRFLOW_CTX_DAG_RUN_ID=scheduled__2022-06-12T00:18:00+00:00
[2022-06-12 16:30:14,533] {python.py:173} INFO - Done. Returned value was:           AT      V       AP     RH      PE
22227  16.37  54.30  1017.94  63.63  459.97
31700  24.73  71.14  1009.07  68.87  437.55
22350  29.17  73.17  1009.87  60.97  432.07
9141   15.98  39.64  1009.31  81.21  467.22
41153  15.78  48.60  1007.24  84.23  460.86
[2022-06-12 16:30:14,663] {taskinstance.py:1395} INFO - Marking task as SUCCESS. dag_id=ingest_data, task_id=get_data_to_ingest_from_local_file_task, execution_date=20220612T001800, start_date=20220612T143013, end_date=20220612T143014
[2022-06-12 16:30:14,763] {local_task_job.py:156} INFO - Task exited with return code 0
[2022-06-12 16:30:14,974] {local_task_job.py:273} INFO - 1 downstream tasks scheduled from follow-on schedule check
