[2022-06-12 19:50:39,383] {taskinstance.py:1159} INFO - Dependencies all met for <TaskInstance: ingest_data.get_data_to_ingest_from_local_file_task scheduled__2022-06-12T09:20:00+00:00 [queued]>
[2022-06-12 19:50:39,420] {taskinstance.py:1159} INFO - Dependencies all met for <TaskInstance: ingest_data.get_data_to_ingest_from_local_file_task scheduled__2022-06-12T09:20:00+00:00 [queued]>
[2022-06-12 19:50:39,421] {taskinstance.py:1356} INFO - 
--------------------------------------------------------------------------------
[2022-06-12 19:50:39,421] {taskinstance.py:1357} INFO - Starting attempt 1 of 1
[2022-06-12 19:50:39,422] {taskinstance.py:1358} INFO - 
--------------------------------------------------------------------------------
[2022-06-12 19:50:39,487] {taskinstance.py:1377} INFO - Executing <Task(_PythonDecoratedOperator): get_data_to_ingest_from_local_file_task> on 2022-06-12 09:20:00+00:00
[2022-06-12 19:50:39,493] {standard_task_runner.py:52} INFO - Started process 12057 to run task
[2022-06-12 19:50:39,501] {standard_task_runner.py:79} INFO - Running: ['airflow', 'tasks', 'run', 'ingest_data', 'get_data_to_ingest_from_local_file_task', 'scheduled__2022-06-12T09:20:00+00:00', '--job-id', '1514', '--raw', '--subdir', 'DAGS_FOLDER/ingestion_dag.py', '--cfg-path', '/tmp/tmppyb86iqh', '--error-file', '/tmp/tmpjpmosd9r']
[2022-06-12 19:50:39,503] {standard_task_runner.py:80} INFO - Job 1514: Subtask get_data_to_ingest_from_local_file_task
[2022-06-12 19:50:39,650] {task_command.py:370} INFO - Running <TaskInstance: ingest_data.get_data_to_ingest_from_local_file_task scheduled__2022-06-12T09:20:00+00:00 [running]> on host DESKTOP-GDPK8BL.localdomain
[2022-06-12 19:50:40,128] {taskinstance.py:1569} INFO - Exporting the following env vars:
AIRFLOW_CTX_DAG_OWNER=airflow
AIRFLOW_CTX_DAG_ID=ingest_data
AIRFLOW_CTX_TASK_ID=get_data_to_ingest_from_local_file_task
AIRFLOW_CTX_EXECUTION_DATE=2022-06-12T09:20:00+00:00
AIRFLOW_CTX_TRY_NUMBER=1
AIRFLOW_CTX_DAG_RUN_ID=scheduled__2022-06-12T09:20:00+00:00
[2022-06-12 19:50:40,198] {python.py:173} INFO - Done. Returned value was:           AT      V       AP     RH      PE
26769  29.82  69.75  1010.09  65.02  442.60
25984  10.94  39.04  1021.62  86.41  479.80
17683  33.45  73.88  1006.23  44.14  435.48
46927  26.08  76.86  1003.30  79.49  436.85
28529  12.07  43.71  1025.53  85.62  472.32
[2022-06-12 19:50:40,375] {taskinstance.py:1395} INFO - Marking task as SUCCESS. dag_id=ingest_data, task_id=get_data_to_ingest_from_local_file_task, execution_date=20220612T092000, start_date=20220612T175039, end_date=20220612T175040
[2022-06-12 19:50:40,442] {local_task_job.py:156} INFO - Task exited with return code 0
[2022-06-12 19:50:40,661] {local_task_job.py:273} INFO - 1 downstream tasks scheduled from follow-on schedule check
