[2022-06-13 13:46:22,024] {taskinstance.py:1159} INFO - Dependencies all met for <TaskInstance: ingest_data.get_data_to_ingest_from_local_file_task scheduled__2022-06-12T21:00:00+00:00 [queued]>
[2022-06-13 13:46:22,056] {taskinstance.py:1159} INFO - Dependencies all met for <TaskInstance: ingest_data.get_data_to_ingest_from_local_file_task scheduled__2022-06-12T21:00:00+00:00 [queued]>
[2022-06-13 13:46:22,057] {taskinstance.py:1356} INFO - 
--------------------------------------------------------------------------------
[2022-06-13 13:46:22,058] {taskinstance.py:1357} INFO - Starting attempt 1 of 1
[2022-06-13 13:46:22,058] {taskinstance.py:1358} INFO - 
--------------------------------------------------------------------------------
[2022-06-13 13:46:22,106] {taskinstance.py:1377} INFO - Executing <Task(_PythonDecoratedOperator): get_data_to_ingest_from_local_file_task> on 2022-06-12 21:00:00+00:00
[2022-06-13 13:46:22,111] {standard_task_runner.py:52} INFO - Started process 174 to run task
[2022-06-13 13:46:22,117] {standard_task_runner.py:79} INFO - Running: ['airflow', 'tasks', 'run', 'ingest_data', 'get_data_to_ingest_from_local_file_task', 'scheduled__2022-06-12T21:00:00+00:00', '--job-id', '1530', '--raw', '--subdir', 'DAGS_FOLDER/ingestion_dag.py', '--cfg-path', '/tmp/tmpx4v7snhs', '--error-file', '/tmp/tmpwk1v6rk1']
[2022-06-13 13:46:22,118] {standard_task_runner.py:80} INFO - Job 1530: Subtask get_data_to_ingest_from_local_file_task
[2022-06-13 13:46:22,254] {task_command.py:370} INFO - Running <TaskInstance: ingest_data.get_data_to_ingest_from_local_file_task scheduled__2022-06-12T21:00:00+00:00 [running]> on host DESKTOP-GDPK8BL.localdomain
[2022-06-13 13:46:22,683] {taskinstance.py:1569} INFO - Exporting the following env vars:
AIRFLOW_CTX_DAG_OWNER=airflow
AIRFLOW_CTX_DAG_ID=ingest_data
AIRFLOW_CTX_TASK_ID=get_data_to_ingest_from_local_file_task
AIRFLOW_CTX_EXECUTION_DATE=2022-06-12T21:00:00+00:00
AIRFLOW_CTX_TRY_NUMBER=1
AIRFLOW_CTX_DAG_RUN_ID=scheduled__2022-06-12T21:00:00+00:00
[2022-06-13 13:46:22,746] {python.py:173} INFO - Done. Returned value was:           AT      V       AP     RH      PE
45610  19.97  59.21  1017.87  83.46  450.41
17934  27.77  63.90  1013.62  51.43  441.30
7318    7.01  40.72  1024.00  86.37  489.64
8920   17.01  50.59  1015.80  80.95  463.40
20721  18.70  52.72  1024.84  57.72  458.06
[2022-06-13 13:46:22,903] {taskinstance.py:1395} INFO - Marking task as SUCCESS. dag_id=ingest_data, task_id=get_data_to_ingest_from_local_file_task, execution_date=20220612T210000, start_date=20220613T114622, end_date=20220613T114622
[2022-06-13 13:46:22,975] {local_task_job.py:156} INFO - Task exited with return code 0
[2022-06-13 13:46:23,157] {local_task_job.py:273} INFO - 1 downstream tasks scheduled from follow-on schedule check
