[2022-06-12 14:46:40,897] {taskinstance.py:1159} INFO - Dependencies all met for <TaskInstance: ingest_data.get_data_to_ingest_from_local_file_task scheduled__2022-06-11T21:15:00+00:00 [queued]>
[2022-06-12 14:46:40,931] {taskinstance.py:1159} INFO - Dependencies all met for <TaskInstance: ingest_data.get_data_to_ingest_from_local_file_task scheduled__2022-06-11T21:15:00+00:00 [queued]>
[2022-06-12 14:46:40,934] {taskinstance.py:1356} INFO - 
--------------------------------------------------------------------------------
[2022-06-12 14:46:40,935] {taskinstance.py:1357} INFO - Starting attempt 1 of 1
[2022-06-12 14:46:40,936] {taskinstance.py:1358} INFO - 
--------------------------------------------------------------------------------
[2022-06-12 14:46:41,011] {taskinstance.py:1377} INFO - Executing <Task(_PythonDecoratedOperator): get_data_to_ingest_from_local_file_task> on 2022-06-11 21:15:00+00:00
[2022-06-12 14:46:41,026] {standard_task_runner.py:79} INFO - Running: ['airflow', 'tasks', 'run', 'ingest_data', 'get_data_to_ingest_from_local_file_task', 'scheduled__2022-06-11T21:15:00+00:00', '--job-id', '63', '--raw', '--subdir', 'DAGS_FOLDER/ingestion_dag.py', '--cfg-path', '/tmp/tmpvbbdrawl', '--error-file', '/tmp/tmpad8k6i7o']
[2022-06-12 14:46:41,018] {standard_task_runner.py:52} INFO - Started process 989 to run task
[2022-06-12 14:46:41,029] {standard_task_runner.py:80} INFO - Job 63: Subtask get_data_to_ingest_from_local_file_task
[2022-06-12 14:46:41,202] {task_command.py:370} INFO - Running <TaskInstance: ingest_data.get_data_to_ingest_from_local_file_task scheduled__2022-06-11T21:15:00+00:00 [running]> on host DESKTOP-GDPK8BL.localdomain
[2022-06-12 14:46:41,515] {taskinstance.py:1569} INFO - Exporting the following env vars:
AIRFLOW_CTX_DAG_OWNER=airflow
AIRFLOW_CTX_DAG_ID=ingest_data
AIRFLOW_CTX_TASK_ID=get_data_to_ingest_from_local_file_task
AIRFLOW_CTX_EXECUTION_DATE=2022-06-11T21:15:00+00:00
AIRFLOW_CTX_TRY_NUMBER=1
AIRFLOW_CTX_DAG_RUN_ID=scheduled__2022-06-11T21:15:00+00:00
[2022-06-12 14:46:41,597] {python.py:173} INFO - Done. Returned value was:           AT      V       AP     RH      PE
9522   17.36  39.53  1008.28  68.87  456.57
46929  32.51  69.98  1011.92  49.45  428.37
12745  15.03  42.44  1014.25  94.52  464.91
3683   32.27  71.85  1008.06  59.28  429.72
9529   20.20  64.45  1009.03  61.77  452.33
[2022-06-12 14:46:41,740] {taskinstance.py:1395} INFO - Marking task as SUCCESS. dag_id=ingest_data, task_id=get_data_to_ingest_from_local_file_task, execution_date=20220611T211500, start_date=20220612T124640, end_date=20220612T124641
[2022-06-12 14:46:41,810] {local_task_job.py:156} INFO - Task exited with return code 0
[2022-06-12 14:46:42,068] {local_task_job.py:273} INFO - 1 downstream tasks scheduled from follow-on schedule check
