[2022-06-12 17:35:17,817] {taskinstance.py:1159} INFO - Dependencies all met for <TaskInstance: ingest_data.get_data_to_ingest_from_local_file_task scheduled__2022-06-12T06:40:00+00:00 [queued]>
[2022-06-12 17:35:17,852] {taskinstance.py:1159} INFO - Dependencies all met for <TaskInstance: ingest_data.get_data_to_ingest_from_local_file_task scheduled__2022-06-12T06:40:00+00:00 [queued]>
[2022-06-12 17:35:17,853] {taskinstance.py:1356} INFO - 
--------------------------------------------------------------------------------
[2022-06-12 17:35:17,853] {taskinstance.py:1357} INFO - Starting attempt 1 of 1
[2022-06-12 17:35:17,854] {taskinstance.py:1358} INFO - 
--------------------------------------------------------------------------------
[2022-06-12 17:35:17,917] {taskinstance.py:1377} INFO - Executing <Task(_PythonDecoratedOperator): get_data_to_ingest_from_local_file_task> on 2022-06-12 06:40:00+00:00
[2022-06-12 17:35:17,923] {standard_task_runner.py:52} INFO - Started process 9682 to run task
[2022-06-12 17:35:17,929] {standard_task_runner.py:79} INFO - Running: ['airflow', 'tasks', 'run', 'ingest_data', 'get_data_to_ingest_from_local_file_task', 'scheduled__2022-06-12T06:40:00+00:00', '--job-id', '1193', '--raw', '--subdir', 'DAGS_FOLDER/ingestion_dag.py', '--cfg-path', '/tmp/tmp_kzky7eo', '--error-file', '/tmp/tmps68q8aqv']
[2022-06-12 17:35:17,941] {standard_task_runner.py:80} INFO - Job 1193: Subtask get_data_to_ingest_from_local_file_task
[2022-06-12 17:35:18,095] {task_command.py:370} INFO - Running <TaskInstance: ingest_data.get_data_to_ingest_from_local_file_task scheduled__2022-06-12T06:40:00+00:00 [running]> on host DESKTOP-GDPK8BL.localdomain
[2022-06-12 17:35:18,524] {taskinstance.py:1569} INFO - Exporting the following env vars:
AIRFLOW_CTX_DAG_OWNER=airflow
AIRFLOW_CTX_DAG_ID=ingest_data
AIRFLOW_CTX_TASK_ID=get_data_to_ingest_from_local_file_task
AIRFLOW_CTX_EXECUTION_DATE=2022-06-12T06:40:00+00:00
AIRFLOW_CTX_TRY_NUMBER=1
AIRFLOW_CTX_DAG_RUN_ID=scheduled__2022-06-12T06:40:00+00:00
[2022-06-12 17:35:18,594] {python.py:173} INFO - Done. Returned value was:           AT      V       AP     RH      PE
10196   9.59  40.11  1026.05  74.27  470.71
31     26.09  58.41  1013.64  64.58  438.86
13542  28.50  73.77  1002.82  86.38  431.70
21072  29.05  75.60  1017.63  51.16  439.14
1906   33.26  68.51  1012.49  52.68  429.38
[2022-06-12 17:35:18,750] {taskinstance.py:1395} INFO - Marking task as SUCCESS. dag_id=ingest_data, task_id=get_data_to_ingest_from_local_file_task, execution_date=20220612T064000, start_date=20220612T153517, end_date=20220612T153518
[2022-06-12 17:35:18,836] {local_task_job.py:156} INFO - Task exited with return code 0
[2022-06-12 17:35:19,066] {local_task_job.py:273} INFO - 1 downstream tasks scheduled from follow-on schedule check
