[2022-06-12 17:26:24,980] {taskinstance.py:1159} INFO - Dependencies all met for <TaskInstance: ingest_data.get_data_to_ingest_from_local_file_task scheduled__2022-06-12T05:43:00+00:00 [queued]>
[2022-06-12 17:26:25,016] {taskinstance.py:1159} INFO - Dependencies all met for <TaskInstance: ingest_data.get_data_to_ingest_from_local_file_task scheduled__2022-06-12T05:43:00+00:00 [queued]>
[2022-06-12 17:26:25,016] {taskinstance.py:1356} INFO - 
--------------------------------------------------------------------------------
[2022-06-12 17:26:25,017] {taskinstance.py:1357} INFO - Starting attempt 1 of 1
[2022-06-12 17:26:25,018] {taskinstance.py:1358} INFO - 
--------------------------------------------------------------------------------
[2022-06-12 17:26:25,085] {taskinstance.py:1377} INFO - Executing <Task(_PythonDecoratedOperator): get_data_to_ingest_from_local_file_task> on 2022-06-12 05:43:00+00:00
[2022-06-12 17:26:25,096] {standard_task_runner.py:79} INFO - Running: ['airflow', 'tasks', 'run', 'ingest_data', 'get_data_to_ingest_from_local_file_task', 'scheduled__2022-06-12T05:43:00+00:00', '--job-id', '1079', '--raw', '--subdir', 'DAGS_FOLDER/ingestion_dag.py', '--cfg-path', '/tmp/tmpj1rn9083', '--error-file', '/tmp/tmptds2x18d']
[2022-06-12 17:26:25,099] {standard_task_runner.py:80} INFO - Job 1079: Subtask get_data_to_ingest_from_local_file_task
[2022-06-12 17:26:25,091] {standard_task_runner.py:52} INFO - Started process 8841 to run task
[2022-06-12 17:26:25,261] {task_command.py:370} INFO - Running <TaskInstance: ingest_data.get_data_to_ingest_from_local_file_task scheduled__2022-06-12T05:43:00+00:00 [running]> on host DESKTOP-GDPK8BL.localdomain
[2022-06-12 17:26:25,695] {taskinstance.py:1569} INFO - Exporting the following env vars:
AIRFLOW_CTX_DAG_OWNER=airflow
AIRFLOW_CTX_DAG_ID=ingest_data
AIRFLOW_CTX_TASK_ID=get_data_to_ingest_from_local_file_task
AIRFLOW_CTX_EXECUTION_DATE=2022-06-12T05:43:00+00:00
AIRFLOW_CTX_TRY_NUMBER=1
AIRFLOW_CTX_DAG_RUN_ID=scheduled__2022-06-12T05:43:00+00:00
[2022-06-12 17:26:25,767] {python.py:173} INFO - Done. Returned value was:           AT      V       AP     RH      PE
44323  24.27  68.28  1005.43  67.63  445.23
41234  32.00  58.90  1003.48  51.38  437.81
36693  25.94  77.24  1007.97  84.82  432.88
26169  29.78  73.42  1011.27  52.79  445.58
14285  32.09  79.74  1006.92  61.50  432.85
[2022-06-12 17:26:25,917] {taskinstance.py:1395} INFO - Marking task as SUCCESS. dag_id=ingest_data, task_id=get_data_to_ingest_from_local_file_task, execution_date=20220612T054300, start_date=20220612T152624, end_date=20220612T152625
[2022-06-12 17:26:26,004] {local_task_job.py:156} INFO - Task exited with return code 0
[2022-06-12 17:26:26,252] {local_task_job.py:273} INFO - 1 downstream tasks scheduled from follow-on schedule check
