[2022-06-12 16:08:08,573] {taskinstance.py:1159} INFO - Dependencies all met for <TaskInstance: ingest_data.get_data_to_ingest_from_local_file_task scheduled__2022-06-11T22:10:00+00:00 [queued]>
[2022-06-12 16:08:08,601] {taskinstance.py:1159} INFO - Dependencies all met for <TaskInstance: ingest_data.get_data_to_ingest_from_local_file_task scheduled__2022-06-11T22:10:00+00:00 [queued]>
[2022-06-12 16:08:08,601] {taskinstance.py:1356} INFO - 
--------------------------------------------------------------------------------
[2022-06-12 16:08:08,602] {taskinstance.py:1357} INFO - Starting attempt 1 of 1
[2022-06-12 16:08:08,603] {taskinstance.py:1358} INFO - 
--------------------------------------------------------------------------------
[2022-06-12 16:08:08,661] {taskinstance.py:1377} INFO - Executing <Task(_PythonDecoratedOperator): get_data_to_ingest_from_local_file_task> on 2022-06-11 22:10:00+00:00
[2022-06-12 16:08:08,668] {standard_task_runner.py:52} INFO - Started process 1934 to run task
[2022-06-12 16:08:08,675] {standard_task_runner.py:79} INFO - Running: ['airflow', 'tasks', 'run', 'ingest_data', 'get_data_to_ingest_from_local_file_task', 'scheduled__2022-06-11T22:10:00+00:00', '--job-id', '174', '--raw', '--subdir', 'DAGS_FOLDER/ingestion_dag.py', '--cfg-path', '/tmp/tmp7wpvcxyc', '--error-file', '/tmp/tmpre38xkd7']
[2022-06-12 16:08:08,676] {standard_task_runner.py:80} INFO - Job 174: Subtask get_data_to_ingest_from_local_file_task
[2022-06-12 16:08:08,803] {task_command.py:370} INFO - Running <TaskInstance: ingest_data.get_data_to_ingest_from_local_file_task scheduled__2022-06-11T22:10:00+00:00 [running]> on host DESKTOP-GDPK8BL.localdomain
[2022-06-12 16:08:09,131] {taskinstance.py:1569} INFO - Exporting the following env vars:
AIRFLOW_CTX_DAG_OWNER=airflow
AIRFLOW_CTX_DAG_ID=ingest_data
AIRFLOW_CTX_TASK_ID=get_data_to_ingest_from_local_file_task
AIRFLOW_CTX_EXECUTION_DATE=2022-06-11T22:10:00+00:00
AIRFLOW_CTX_TRY_NUMBER=1
AIRFLOW_CTX_DAG_RUN_ID=scheduled__2022-06-11T22:10:00+00:00
[2022-06-12 16:08:09,195] {python.py:173} INFO - Done. Returned value was:           AT      V       AP     RH      PE
7579   13.61  42.34  1017.57  91.35  465.65
3322   23.08  61.86  1013.44  84.64  441.44
47610  19.11  60.29  1017.10  76.62  454.16
11424  25.38  74.67  1016.61  81.34  435.41
15478  31.63  70.17   999.40  59.94  432.07
[2022-06-12 16:08:09,294] {taskinstance.py:1395} INFO - Marking task as SUCCESS. dag_id=ingest_data, task_id=get_data_to_ingest_from_local_file_task, execution_date=20220611T221000, start_date=20220612T140808, end_date=20220612T140809
[2022-06-12 16:08:09,372] {local_task_job.py:156} INFO - Task exited with return code 0
[2022-06-12 16:08:09,633] {local_task_job.py:273} INFO - 1 downstream tasks scheduled from follow-on schedule check
