[2022-06-12 16:16:00,083] {taskinstance.py:1159} INFO - Dependencies all met for <TaskInstance: ingest_data.get_data_to_ingest_from_local_file_task scheduled__2022-06-11T22:56:00+00:00 [queued]>
[2022-06-12 16:16:00,108] {taskinstance.py:1159} INFO - Dependencies all met for <TaskInstance: ingest_data.get_data_to_ingest_from_local_file_task scheduled__2022-06-11T22:56:00+00:00 [queued]>
[2022-06-12 16:16:00,108] {taskinstance.py:1356} INFO - 
--------------------------------------------------------------------------------
[2022-06-12 16:16:00,109] {taskinstance.py:1357} INFO - Starting attempt 1 of 1
[2022-06-12 16:16:00,109] {taskinstance.py:1358} INFO - 
--------------------------------------------------------------------------------
[2022-06-12 16:16:00,168] {taskinstance.py:1377} INFO - Executing <Task(_PythonDecoratedOperator): get_data_to_ingest_from_local_file_task> on 2022-06-11 22:56:00+00:00
[2022-06-12 16:16:00,182] {standard_task_runner.py:79} INFO - Running: ['airflow', 'tasks', 'run', 'ingest_data', 'get_data_to_ingest_from_local_file_task', 'scheduled__2022-06-11T22:56:00+00:00', '--job-id', '266', '--raw', '--subdir', 'DAGS_FOLDER/ingestion_dag.py', '--cfg-path', '/tmp/tmp7cwwna3a', '--error-file', '/tmp/tmp7h7nr2di']
[2022-06-12 16:16:00,179] {standard_task_runner.py:52} INFO - Started process 2716 to run task
[2022-06-12 16:16:00,185] {standard_task_runner.py:80} INFO - Job 266: Subtask get_data_to_ingest_from_local_file_task
[2022-06-12 16:16:00,346] {task_command.py:370} INFO - Running <TaskInstance: ingest_data.get_data_to_ingest_from_local_file_task scheduled__2022-06-11T22:56:00+00:00 [running]> on host DESKTOP-GDPK8BL.localdomain
[2022-06-12 16:16:00,686] {taskinstance.py:1569} INFO - Exporting the following env vars:
AIRFLOW_CTX_DAG_OWNER=airflow
AIRFLOW_CTX_DAG_ID=ingest_data
AIRFLOW_CTX_TASK_ID=get_data_to_ingest_from_local_file_task
AIRFLOW_CTX_EXECUTION_DATE=2022-06-11T22:56:00+00:00
AIRFLOW_CTX_TRY_NUMBER=1
AIRFLOW_CTX_DAG_RUN_ID=scheduled__2022-06-11T22:56:00+00:00
[2022-06-12 16:16:00,760] {python.py:173} INFO - Done. Returned value was:           AT      V       AP     RH      PE
15788  23.09  69.71  1009.75  91.35  437.70
6657   32.91  73.56  1007.02  55.03  434.03
14767   7.39  39.81  1019.45  85.02  482.99
38771  20.42  60.77  1017.65  87.07  447.85
12419   9.23  39.66  1019.44  76.11  481.77
[2022-06-12 16:16:00,878] {taskinstance.py:1395} INFO - Marking task as SUCCESS. dag_id=ingest_data, task_id=get_data_to_ingest_from_local_file_task, execution_date=20220611T225600, start_date=20220612T141600, end_date=20220612T141600
[2022-06-12 16:16:00,964] {local_task_job.py:156} INFO - Task exited with return code 0
[2022-06-12 16:16:01,197] {local_task_job.py:273} INFO - 1 downstream tasks scheduled from follow-on schedule check
