[2022-06-12 17:48:04,347] {taskinstance.py:1159} INFO - Dependencies all met for <TaskInstance: ingest_data.get_data_to_ingest_from_local_file_task scheduled__2022-06-12T08:01:00+00:00 [queued]>
[2022-06-12 17:48:04,379] {taskinstance.py:1159} INFO - Dependencies all met for <TaskInstance: ingest_data.get_data_to_ingest_from_local_file_task scheduled__2022-06-12T08:01:00+00:00 [queued]>
[2022-06-12 17:48:04,379] {taskinstance.py:1356} INFO - 
--------------------------------------------------------------------------------
[2022-06-12 17:48:04,380] {taskinstance.py:1357} INFO - Starting attempt 1 of 1
[2022-06-12 17:48:04,381] {taskinstance.py:1358} INFO - 
--------------------------------------------------------------------------------
[2022-06-12 17:48:04,436] {taskinstance.py:1377} INFO - Executing <Task(_PythonDecoratedOperator): get_data_to_ingest_from_local_file_task> on 2022-06-12 08:01:00+00:00
[2022-06-12 17:48:04,443] {standard_task_runner.py:52} INFO - Started process 10886 to run task
[2022-06-12 17:48:04,447] {standard_task_runner.py:79} INFO - Running: ['airflow', 'tasks', 'run', 'ingest_data', 'get_data_to_ingest_from_local_file_task', 'scheduled__2022-06-12T08:01:00+00:00', '--job-id', '1356', '--raw', '--subdir', 'DAGS_FOLDER/ingestion_dag.py', '--cfg-path', '/tmp/tmp1wtpnqmj', '--error-file', '/tmp/tmpz9wjyxek']
[2022-06-12 17:48:04,449] {standard_task_runner.py:80} INFO - Job 1356: Subtask get_data_to_ingest_from_local_file_task
[2022-06-12 17:48:04,619] {task_command.py:370} INFO - Running <TaskInstance: ingest_data.get_data_to_ingest_from_local_file_task scheduled__2022-06-12T08:01:00+00:00 [running]> on host DESKTOP-GDPK8BL.localdomain
[2022-06-12 17:48:05,080] {taskinstance.py:1569} INFO - Exporting the following env vars:
AIRFLOW_CTX_DAG_OWNER=airflow
AIRFLOW_CTX_DAG_ID=ingest_data
AIRFLOW_CTX_TASK_ID=get_data_to_ingest_from_local_file_task
AIRFLOW_CTX_EXECUTION_DATE=2022-06-12T08:01:00+00:00
AIRFLOW_CTX_TRY_NUMBER=1
AIRFLOW_CTX_DAG_RUN_ID=scheduled__2022-06-12T08:01:00+00:00
[2022-06-12 17:48:05,155] {python.py:173} INFO - Done. Returned value was:           AT      V       AP     RH      PE
44464  17.32  44.34  1019.52  56.24  468.80
25853  15.56  40.12  1013.72  89.78  461.21
11570  27.17  61.02  1011.38  65.32  437.06
37902  14.64  39.31  1008.84  79.30  462.72
32412  12.45  40.81  1025.63  66.26  474.73
[2022-06-12 17:48:05,325] {taskinstance.py:1395} INFO - Marking task as SUCCESS. dag_id=ingest_data, task_id=get_data_to_ingest_from_local_file_task, execution_date=20220612T080100, start_date=20220612T154804, end_date=20220612T154805
[2022-06-12 17:48:05,427] {local_task_job.py:156} INFO - Task exited with return code 0
[2022-06-12 17:48:05,640] {local_task_job.py:273} INFO - 1 downstream tasks scheduled from follow-on schedule check
