[2022-06-12 16:37:21,913] {taskinstance.py:1159} INFO - Dependencies all met for <TaskInstance: ingest_data.get_data_to_ingest_from_local_file_task scheduled__2022-06-12T01:05:00+00:00 [queued]>
[2022-06-12 16:37:21,940] {taskinstance.py:1159} INFO - Dependencies all met for <TaskInstance: ingest_data.get_data_to_ingest_from_local_file_task scheduled__2022-06-12T01:05:00+00:00 [queued]>
[2022-06-12 16:37:21,941] {taskinstance.py:1356} INFO - 
--------------------------------------------------------------------------------
[2022-06-12 16:37:21,941] {taskinstance.py:1357} INFO - Starting attempt 1 of 1
[2022-06-12 16:37:21,942] {taskinstance.py:1358} INFO - 
--------------------------------------------------------------------------------
[2022-06-12 16:37:21,996] {taskinstance.py:1377} INFO - Executing <Task(_PythonDecoratedOperator): get_data_to_ingest_from_local_file_task> on 2022-06-12 01:05:00+00:00
[2022-06-12 16:37:22,002] {standard_task_runner.py:52} INFO - Started process 4705 to run task
[2022-06-12 16:37:22,008] {standard_task_runner.py:79} INFO - Running: ['airflow', 'tasks', 'run', 'ingest_data', 'get_data_to_ingest_from_local_file_task', 'scheduled__2022-06-12T01:05:00+00:00', '--job-id', '523', '--raw', '--subdir', 'DAGS_FOLDER/ingestion_dag.py', '--cfg-path', '/tmp/tmpnpvb92ja', '--error-file', '/tmp/tmp8hzr7osn']
[2022-06-12 16:37:22,009] {standard_task_runner.py:80} INFO - Job 523: Subtask get_data_to_ingest_from_local_file_task
[2022-06-12 16:37:22,168] {task_command.py:370} INFO - Running <TaskInstance: ingest_data.get_data_to_ingest_from_local_file_task scheduled__2022-06-12T01:05:00+00:00 [running]> on host DESKTOP-GDPK8BL.localdomain
[2022-06-12 16:37:22,536] {taskinstance.py:1569} INFO - Exporting the following env vars:
AIRFLOW_CTX_DAG_OWNER=airflow
AIRFLOW_CTX_DAG_ID=ingest_data
AIRFLOW_CTX_TASK_ID=get_data_to_ingest_from_local_file_task
AIRFLOW_CTX_EXECUTION_DATE=2022-06-12T01:05:00+00:00
AIRFLOW_CTX_TRY_NUMBER=1
AIRFLOW_CTX_DAG_RUN_ID=scheduled__2022-06-12T01:05:00+00:00
[2022-06-12 16:37:22,613] {python.py:173} INFO - Done. Returned value was:           AT      V       AP     RH      PE
21150  10.68  37.92  1009.59  65.05  474.03
2458   26.94  62.91  1011.68  41.30  449.10
2977   14.02  42.86  1030.86  68.36  467.29
10067  26.75  70.32  1007.61  54.09  433.46
46512  24.34  62.96  1019.70  61.44  446.09
[2022-06-12 16:37:22,745] {taskinstance.py:1395} INFO - Marking task as SUCCESS. dag_id=ingest_data, task_id=get_data_to_ingest_from_local_file_task, execution_date=20220612T010500, start_date=20220612T143721, end_date=20220612T143722
[2022-06-12 16:37:22,824] {local_task_job.py:156} INFO - Task exited with return code 0
[2022-06-12 16:37:23,026] {local_task_job.py:273} INFO - 1 downstream tasks scheduled from follow-on schedule check
