[2022-06-12 16:50:19,876] {taskinstance.py:1159} INFO - Dependencies all met for <TaskInstance: ingest_data.get_data_to_ingest_from_local_file_task scheduled__2022-06-12T02:13:00+00:00 [queued]>
[2022-06-12 16:50:19,905] {taskinstance.py:1159} INFO - Dependencies all met for <TaskInstance: ingest_data.get_data_to_ingest_from_local_file_task scheduled__2022-06-12T02:13:00+00:00 [queued]>
[2022-06-12 16:50:19,906] {taskinstance.py:1356} INFO - 
--------------------------------------------------------------------------------
[2022-06-12 16:50:19,907] {taskinstance.py:1357} INFO - Starting attempt 1 of 1
[2022-06-12 16:50:19,907] {taskinstance.py:1358} INFO - 
--------------------------------------------------------------------------------
[2022-06-12 16:50:19,964] {taskinstance.py:1377} INFO - Executing <Task(_PythonDecoratedOperator): get_data_to_ingest_from_local_file_task> on 2022-06-12 02:13:00+00:00
[2022-06-12 16:50:19,974] {standard_task_runner.py:52} INFO - Started process 5729 to run task
[2022-06-12 16:50:19,977] {standard_task_runner.py:79} INFO - Running: ['airflow', 'tasks', 'run', 'ingest_data', 'get_data_to_ingest_from_local_file_task', 'scheduled__2022-06-12T02:13:00+00:00', '--job-id', '660', '--raw', '--subdir', 'DAGS_FOLDER/ingestion_dag.py', '--cfg-path', '/tmp/tmp398jghx9', '--error-file', '/tmp/tmpd7ej2ce9']
[2022-06-12 16:50:19,985] {standard_task_runner.py:80} INFO - Job 660: Subtask get_data_to_ingest_from_local_file_task
[2022-06-12 16:50:20,135] {task_command.py:370} INFO - Running <TaskInstance: ingest_data.get_data_to_ingest_from_local_file_task scheduled__2022-06-12T02:13:00+00:00 [running]> on host DESKTOP-GDPK8BL.localdomain
[2022-06-12 16:50:20,544] {taskinstance.py:1569} INFO - Exporting the following env vars:
AIRFLOW_CTX_DAG_OWNER=airflow
AIRFLOW_CTX_DAG_ID=ingest_data
AIRFLOW_CTX_TASK_ID=get_data_to_ingest_from_local_file_task
AIRFLOW_CTX_EXECUTION_DATE=2022-06-12T02:13:00+00:00
AIRFLOW_CTX_TRY_NUMBER=1
AIRFLOW_CTX_DAG_RUN_ID=scheduled__2022-06-12T02:13:00+00:00
[2022-06-12 16:50:20,620] {python.py:173} INFO - Done. Returned value was:           AT      V       AP     RH      PE
29659   9.13  40.02  1031.08  74.76  473.47
17572  20.97  47.43  1007.64  71.18  448.22
31443  25.14  60.93  1007.44  76.71  437.40
14081  33.17  70.40  1004.45  58.00  430.14
32951  24.33  46.93  1013.61  53.02  450.04
[2022-06-12 16:50:20,767] {taskinstance.py:1395} INFO - Marking task as SUCCESS. dag_id=ingest_data, task_id=get_data_to_ingest_from_local_file_task, execution_date=20220612T021300, start_date=20220612T145019, end_date=20220612T145020
[2022-06-12 16:50:20,839] {local_task_job.py:156} INFO - Task exited with return code 0
[2022-06-12 16:50:21,074] {local_task_job.py:273} INFO - 1 downstream tasks scheduled from follow-on schedule check
