[2022-06-12 16:10:18,968] {taskinstance.py:1159} INFO - Dependencies all met for <TaskInstance: ingest_data.get_data_to_ingest_from_local_file_task scheduled__2022-06-11T22:23:00+00:00 [queued]>
[2022-06-12 16:10:18,997] {taskinstance.py:1159} INFO - Dependencies all met for <TaskInstance: ingest_data.get_data_to_ingest_from_local_file_task scheduled__2022-06-11T22:23:00+00:00 [queued]>
[2022-06-12 16:10:18,997] {taskinstance.py:1356} INFO - 
--------------------------------------------------------------------------------
[2022-06-12 16:10:18,998] {taskinstance.py:1357} INFO - Starting attempt 1 of 1
[2022-06-12 16:10:18,999] {taskinstance.py:1358} INFO - 
--------------------------------------------------------------------------------
[2022-06-12 16:10:19,057] {taskinstance.py:1377} INFO - Executing <Task(_PythonDecoratedOperator): get_data_to_ingest_from_local_file_task> on 2022-06-11 22:23:00+00:00
[2022-06-12 16:10:19,070] {standard_task_runner.py:52} INFO - Started process 2155 to run task
[2022-06-12 16:10:19,073] {standard_task_runner.py:79} INFO - Running: ['airflow', 'tasks', 'run', 'ingest_data', 'get_data_to_ingest_from_local_file_task', 'scheduled__2022-06-11T22:23:00+00:00', '--job-id', '200', '--raw', '--subdir', 'DAGS_FOLDER/ingestion_dag.py', '--cfg-path', '/tmp/tmplr5904gz', '--error-file', '/tmp/tmpls24170l']
[2022-06-12 16:10:19,075] {standard_task_runner.py:80} INFO - Job 200: Subtask get_data_to_ingest_from_local_file_task
[2022-06-12 16:10:19,228] {task_command.py:370} INFO - Running <TaskInstance: ingest_data.get_data_to_ingest_from_local_file_task scheduled__2022-06-11T22:23:00+00:00 [running]> on host DESKTOP-GDPK8BL.localdomain
[2022-06-12 16:10:19,564] {taskinstance.py:1569} INFO - Exporting the following env vars:
AIRFLOW_CTX_DAG_OWNER=airflow
AIRFLOW_CTX_DAG_ID=ingest_data
AIRFLOW_CTX_TASK_ID=get_data_to_ingest_from_local_file_task
AIRFLOW_CTX_EXECUTION_DATE=2022-06-11T22:23:00+00:00
AIRFLOW_CTX_TRY_NUMBER=1
AIRFLOW_CTX_DAG_RUN_ID=scheduled__2022-06-11T22:23:00+00:00
[2022-06-12 16:10:19,644] {python.py:173} INFO - Done. Returned value was:           AT      V       AP     RH      PE
6634   27.21  64.05  1010.08  76.69  442.37
24071  10.15  39.22  1020.09  68.75  474.87
22312  25.53  59.57  1010.65  82.04  445.59
7277   13.91  44.58  1021.36  78.98  472.67
34018  19.89  69.48  1011.06  86.73  447.63
[2022-06-12 16:10:19,750] {taskinstance.py:1395} INFO - Marking task as SUCCESS. dag_id=ingest_data, task_id=get_data_to_ingest_from_local_file_task, execution_date=20220611T222300, start_date=20220612T141018, end_date=20220612T141019
[2022-06-12 16:10:19,854] {local_task_job.py:156} INFO - Task exited with return code 0
[2022-06-12 16:10:20,054] {local_task_job.py:273} INFO - 1 downstream tasks scheduled from follow-on schedule check
