[2022-06-12 17:39:31,938] {taskinstance.py:1159} INFO - Dependencies all met for <TaskInstance: ingest_data.get_data_to_ingest_from_local_file_task scheduled__2022-06-12T07:07:00+00:00 [queued]>
[2022-06-12 17:39:31,974] {taskinstance.py:1159} INFO - Dependencies all met for <TaskInstance: ingest_data.get_data_to_ingest_from_local_file_task scheduled__2022-06-12T07:07:00+00:00 [queued]>
[2022-06-12 17:39:31,974] {taskinstance.py:1356} INFO - 
--------------------------------------------------------------------------------
[2022-06-12 17:39:31,975] {taskinstance.py:1357} INFO - Starting attempt 1 of 1
[2022-06-12 17:39:31,976] {taskinstance.py:1358} INFO - 
--------------------------------------------------------------------------------
[2022-06-12 17:39:32,071] {taskinstance.py:1377} INFO - Executing <Task(_PythonDecoratedOperator): get_data_to_ingest_from_local_file_task> on 2022-06-12 07:07:00+00:00
[2022-06-12 17:39:32,077] {standard_task_runner.py:52} INFO - Started process 10088 to run task
[2022-06-12 17:39:32,094] {standard_task_runner.py:79} INFO - Running: ['airflow', 'tasks', 'run', 'ingest_data', 'get_data_to_ingest_from_local_file_task', 'scheduled__2022-06-12T07:07:00+00:00', '--job-id', '1248', '--raw', '--subdir', 'DAGS_FOLDER/ingestion_dag.py', '--cfg-path', '/tmp/tmpiw0ds129', '--error-file', '/tmp/tmpxvgv8hr5']
[2022-06-12 17:39:32,096] {standard_task_runner.py:80} INFO - Job 1248: Subtask get_data_to_ingest_from_local_file_task
[2022-06-12 17:39:32,246] {task_command.py:370} INFO - Running <TaskInstance: ingest_data.get_data_to_ingest_from_local_file_task scheduled__2022-06-12T07:07:00+00:00 [running]> on host DESKTOP-GDPK8BL.localdomain
[2022-06-12 17:39:32,695] {taskinstance.py:1569} INFO - Exporting the following env vars:
AIRFLOW_CTX_DAG_OWNER=airflow
AIRFLOW_CTX_DAG_ID=ingest_data
AIRFLOW_CTX_TASK_ID=get_data_to_ingest_from_local_file_task
AIRFLOW_CTX_EXECUTION_DATE=2022-06-12T07:07:00+00:00
AIRFLOW_CTX_TRY_NUMBER=1
AIRFLOW_CTX_DAG_RUN_ID=scheduled__2022-06-12T07:07:00+00:00
[2022-06-12 17:39:32,767] {python.py:173} INFO - Done. Returned value was:           AT      V       AP     RH      PE
46249  26.66  70.02  1010.88  58.37  439.99
33816  10.07  41.39  1019.89  70.53  480.54
7698   11.51  41.06  1021.30  78.11  476.91
33279  27.06  72.58  1009.24  90.31  429.18
26875  25.50  68.08  1011.13  72.86  436.07
[2022-06-12 17:39:32,931] {taskinstance.py:1395} INFO - Marking task as SUCCESS. dag_id=ingest_data, task_id=get_data_to_ingest_from_local_file_task, execution_date=20220612T070700, start_date=20220612T153931, end_date=20220612T153932
[2022-06-12 17:39:33,032] {local_task_job.py:156} INFO - Task exited with return code 0
[2022-06-12 17:39:33,258] {local_task_job.py:273} INFO - 1 downstream tasks scheduled from follow-on schedule check
