[2022-06-12 17:47:13,479] {taskinstance.py:1159} INFO - Dependencies all met for <TaskInstance: ingest_data.get_data_to_ingest_from_local_file_task scheduled__2022-06-12T07:56:00+00:00 [queued]>
[2022-06-12 17:47:13,515] {taskinstance.py:1159} INFO - Dependencies all met for <TaskInstance: ingest_data.get_data_to_ingest_from_local_file_task scheduled__2022-06-12T07:56:00+00:00 [queued]>
[2022-06-12 17:47:13,516] {taskinstance.py:1356} INFO - 
--------------------------------------------------------------------------------
[2022-06-12 17:47:13,516] {taskinstance.py:1357} INFO - Starting attempt 1 of 1
[2022-06-12 17:47:13,517] {taskinstance.py:1358} INFO - 
--------------------------------------------------------------------------------
[2022-06-12 17:47:13,583] {taskinstance.py:1377} INFO - Executing <Task(_PythonDecoratedOperator): get_data_to_ingest_from_local_file_task> on 2022-06-12 07:56:00+00:00
[2022-06-12 17:47:13,589] {standard_task_runner.py:52} INFO - Started process 10805 to run task
[2022-06-12 17:47:13,596] {standard_task_runner.py:79} INFO - Running: ['airflow', 'tasks', 'run', 'ingest_data', 'get_data_to_ingest_from_local_file_task', 'scheduled__2022-06-12T07:56:00+00:00', '--job-id', '1345', '--raw', '--subdir', 'DAGS_FOLDER/ingestion_dag.py', '--cfg-path', '/tmp/tmpoucezeof', '--error-file', '/tmp/tmpqmalqk3i']
[2022-06-12 17:47:13,607] {standard_task_runner.py:80} INFO - Job 1345: Subtask get_data_to_ingest_from_local_file_task
[2022-06-12 17:47:13,768] {task_command.py:370} INFO - Running <TaskInstance: ingest_data.get_data_to_ingest_from_local_file_task scheduled__2022-06-12T07:56:00+00:00 [running]> on host DESKTOP-GDPK8BL.localdomain
[2022-06-12 17:47:14,230] {taskinstance.py:1569} INFO - Exporting the following env vars:
AIRFLOW_CTX_DAG_OWNER=airflow
AIRFLOW_CTX_DAG_ID=ingest_data
AIRFLOW_CTX_TASK_ID=get_data_to_ingest_from_local_file_task
AIRFLOW_CTX_EXECUTION_DATE=2022-06-12T07:56:00+00:00
AIRFLOW_CTX_TRY_NUMBER=1
AIRFLOW_CTX_DAG_RUN_ID=scheduled__2022-06-12T07:56:00+00:00
[2022-06-12 17:47:14,306] {python.py:173} INFO - Done. Returned value was:           AT      V       AP     RH      PE
3497   12.72  40.60  1013.45  86.16  471.23
45075  29.29  70.02  1010.13  46.93  438.84
10855  18.34  62.10  1020.52  78.60  453.01
31388  22.83  65.18  1012.24  79.74  442.43
9178    7.44  38.50  1012.81  70.27  488.12
[2022-06-12 17:47:14,470] {taskinstance.py:1395} INFO - Marking task as SUCCESS. dag_id=ingest_data, task_id=get_data_to_ingest_from_local_file_task, execution_date=20220612T075600, start_date=20220612T154713, end_date=20220612T154714
[2022-06-12 17:47:14,583] {local_task_job.py:156} INFO - Task exited with return code 0
[2022-06-12 17:47:14,829] {local_task_job.py:273} INFO - 1 downstream tasks scheduled from follow-on schedule check
