[2022-06-12 17:20:49,468] {taskinstance.py:1159} INFO - Dependencies all met for <TaskInstance: ingest_data.get_data_to_ingest_from_local_file_task scheduled__2022-06-12T05:08:00+00:00 [queued]>
[2022-06-12 17:20:49,501] {taskinstance.py:1159} INFO - Dependencies all met for <TaskInstance: ingest_data.get_data_to_ingest_from_local_file_task scheduled__2022-06-12T05:08:00+00:00 [queued]>
[2022-06-12 17:20:49,502] {taskinstance.py:1356} INFO - 
--------------------------------------------------------------------------------
[2022-06-12 17:20:49,503] {taskinstance.py:1357} INFO - Starting attempt 1 of 1
[2022-06-12 17:20:49,503] {taskinstance.py:1358} INFO - 
--------------------------------------------------------------------------------
[2022-06-12 17:20:49,565] {taskinstance.py:1377} INFO - Executing <Task(_PythonDecoratedOperator): get_data_to_ingest_from_local_file_task> on 2022-06-12 05:08:00+00:00
[2022-06-12 17:20:49,578] {standard_task_runner.py:79} INFO - Running: ['airflow', 'tasks', 'run', 'ingest_data', 'get_data_to_ingest_from_local_file_task', 'scheduled__2022-06-12T05:08:00+00:00', '--job-id', '1009', '--raw', '--subdir', 'DAGS_FOLDER/ingestion_dag.py', '--cfg-path', '/tmp/tmprgu7q66i', '--error-file', '/tmp/tmpscul540h']
[2022-06-12 17:20:49,576] {standard_task_runner.py:52} INFO - Started process 8324 to run task
[2022-06-12 17:20:49,580] {standard_task_runner.py:80} INFO - Job 1009: Subtask get_data_to_ingest_from_local_file_task
[2022-06-12 17:20:49,751] {task_command.py:370} INFO - Running <TaskInstance: ingest_data.get_data_to_ingest_from_local_file_task scheduled__2022-06-12T05:08:00+00:00 [running]> on host DESKTOP-GDPK8BL.localdomain
[2022-06-12 17:20:50,212] {taskinstance.py:1569} INFO - Exporting the following env vars:
AIRFLOW_CTX_DAG_OWNER=airflow
AIRFLOW_CTX_DAG_ID=ingest_data
AIRFLOW_CTX_TASK_ID=get_data_to_ingest_from_local_file_task
AIRFLOW_CTX_EXECUTION_DATE=2022-06-12T05:08:00+00:00
AIRFLOW_CTX_TRY_NUMBER=1
AIRFLOW_CTX_DAG_RUN_ID=scheduled__2022-06-12T05:08:00+00:00
[2022-06-12 17:20:50,282] {python.py:173} INFO - Done. Returned value was:           AT      V       AP     RH      PE
16617  25.56  60.32  1016.28  59.84  445.01
18942  20.01  68.63  1012.34  69.49  454.50
22271   5.21  35.79  1012.44  94.35  485.17
27636  15.02  41.48  1015.19  58.69  456.04
10850  25.26  61.08  1013.68  71.72  447.46
[2022-06-12 17:20:50,434] {taskinstance.py:1395} INFO - Marking task as SUCCESS. dag_id=ingest_data, task_id=get_data_to_ingest_from_local_file_task, execution_date=20220612T050800, start_date=20220612T152049, end_date=20220612T152050
[2022-06-12 17:20:50,525] {local_task_job.py:156} INFO - Task exited with return code 0
[2022-06-12 17:20:50,747] {local_task_job.py:273} INFO - 1 downstream tasks scheduled from follow-on schedule check
