[2022-06-12 17:34:07,510] {taskinstance.py:1159} INFO - Dependencies all met for <TaskInstance: ingest_data.save_data_task scheduled__2022-06-12T06:31:00+00:00 [queued]>
[2022-06-12 17:34:07,545] {taskinstance.py:1159} INFO - Dependencies all met for <TaskInstance: ingest_data.save_data_task scheduled__2022-06-12T06:31:00+00:00 [queued]>
[2022-06-12 17:34:07,546] {taskinstance.py:1356} INFO - 
--------------------------------------------------------------------------------
[2022-06-12 17:34:07,547] {taskinstance.py:1357} INFO - Starting attempt 1 of 1
[2022-06-12 17:34:07,547] {taskinstance.py:1358} INFO - 
--------------------------------------------------------------------------------
[2022-06-12 17:34:07,620] {taskinstance.py:1377} INFO - Executing <Task(_PythonDecoratedOperator): save_data_task> on 2022-06-12 06:31:00+00:00
[2022-06-12 17:34:07,626] {standard_task_runner.py:52} INFO - Started process 9571 to run task
[2022-06-12 17:34:07,639] {standard_task_runner.py:79} INFO - Running: ['airflow', 'tasks', 'run', 'ingest_data', 'save_data_task', 'scheduled__2022-06-12T06:31:00+00:00', '--job-id', '1178', '--raw', '--subdir', 'DAGS_FOLDER/ingestion_dag.py', '--cfg-path', '/tmp/tmpyk924m6p', '--error-file', '/tmp/tmpwnndl43e']
[2022-06-12 17:34:07,641] {standard_task_runner.py:80} INFO - Job 1178: Subtask save_data_task
[2022-06-12 17:34:07,783] {task_command.py:370} INFO - Running <TaskInstance: ingest_data.save_data_task scheduled__2022-06-12T06:31:00+00:00 [running]> on host DESKTOP-GDPK8BL.localdomain
[2022-06-12 17:34:08,280] {taskinstance.py:1569} INFO - Exporting the following env vars:
AIRFLOW_CTX_DAG_OWNER=airflow
AIRFLOW_CTX_DAG_ID=ingest_data
AIRFLOW_CTX_TASK_ID=save_data_task
AIRFLOW_CTX_EXECUTION_DATE=2022-06-12T06:31:00+00:00
AIRFLOW_CTX_TRY_NUMBER=1
AIRFLOW_CTX_DAG_RUN_ID=scheduled__2022-06-12T06:31:00+00:00
[2022-06-12 17:34:08,293] {python.py:173} INFO - Done. Returned value was: None
[2022-06-12 17:34:08,317] {taskinstance.py:1395} INFO - Marking task as SUCCESS. dag_id=ingest_data, task_id=save_data_task, execution_date=20220612T063100, start_date=20220612T153407, end_date=20220612T153408
[2022-06-12 17:34:08,418] {local_task_job.py:156} INFO - Task exited with return code 0
[2022-06-12 17:34:08,590] {local_task_job.py:273} INFO - 0 downstream tasks scheduled from follow-on schedule check
