[2022-06-12 17:33:44,715] {taskinstance.py:1159} INFO - Dependencies all met for <TaskInstance: ingest_data.get_data_to_ingest_from_local_file_task scheduled__2022-06-12T06:30:00+00:00 [queued]>
[2022-06-12 17:33:44,745] {taskinstance.py:1159} INFO - Dependencies all met for <TaskInstance: ingest_data.get_data_to_ingest_from_local_file_task scheduled__2022-06-12T06:30:00+00:00 [queued]>
[2022-06-12 17:33:44,745] {taskinstance.py:1356} INFO - 
--------------------------------------------------------------------------------
[2022-06-12 17:33:44,746] {taskinstance.py:1357} INFO - Starting attempt 1 of 1
[2022-06-12 17:33:44,747] {taskinstance.py:1358} INFO - 
--------------------------------------------------------------------------------
[2022-06-12 17:33:44,803] {taskinstance.py:1377} INFO - Executing <Task(_PythonDecoratedOperator): get_data_to_ingest_from_local_file_task> on 2022-06-12 06:30:00+00:00
[2022-06-12 17:33:44,817] {standard_task_runner.py:79} INFO - Running: ['airflow', 'tasks', 'run', 'ingest_data', 'get_data_to_ingest_from_local_file_task', 'scheduled__2022-06-12T06:30:00+00:00', '--job-id', '1173', '--raw', '--subdir', 'DAGS_FOLDER/ingestion_dag.py', '--cfg-path', '/tmp/tmp8zj17mxt', '--error-file', '/tmp/tmpt9c1l3_d']
[2022-06-12 17:33:44,817] {standard_task_runner.py:52} INFO - Started process 9535 to run task
[2022-06-12 17:33:44,823] {standard_task_runner.py:80} INFO - Job 1173: Subtask get_data_to_ingest_from_local_file_task
[2022-06-12 17:33:44,988] {task_command.py:370} INFO - Running <TaskInstance: ingest_data.get_data_to_ingest_from_local_file_task scheduled__2022-06-12T06:30:00+00:00 [running]> on host DESKTOP-GDPK8BL.localdomain
[2022-06-12 17:33:45,426] {taskinstance.py:1569} INFO - Exporting the following env vars:
AIRFLOW_CTX_DAG_OWNER=airflow
AIRFLOW_CTX_DAG_ID=ingest_data
AIRFLOW_CTX_TASK_ID=get_data_to_ingest_from_local_file_task
AIRFLOW_CTX_EXECUTION_DATE=2022-06-12T06:30:00+00:00
AIRFLOW_CTX_TRY_NUMBER=1
AIRFLOW_CTX_DAG_RUN_ID=scheduled__2022-06-12T06:30:00+00:00
[2022-06-12 17:33:45,497] {python.py:173} INFO - Done. Returned value was:           AT      V       AP     RH      PE
6372   24.34  50.16  1004.78  74.00  445.33
26940  25.95  65.61  1014.36  52.54  443.88
41439  25.79  63.90  1014.39  60.49  442.70
6815   23.21  73.42  1010.34  88.29  439.66
18744  16.54  42.86  1014.85  78.00  465.26
[2022-06-12 17:33:45,661] {taskinstance.py:1395} INFO - Marking task as SUCCESS. dag_id=ingest_data, task_id=get_data_to_ingest_from_local_file_task, execution_date=20220612T063000, start_date=20220612T153344, end_date=20220612T153345
[2022-06-12 17:33:45,764] {local_task_job.py:156} INFO - Task exited with return code 0
[2022-06-12 17:33:45,998] {local_task_job.py:273} INFO - 1 downstream tasks scheduled from follow-on schedule check
