[2022-06-13 13:46:35,077] {taskinstance.py:1159} INFO - Dependencies all met for <TaskInstance: ingest_data.get_data_to_ingest_from_local_file_task scheduled__2022-06-12T21:01:00+00:00 [queued]>
[2022-06-13 13:46:35,111] {taskinstance.py:1159} INFO - Dependencies all met for <TaskInstance: ingest_data.get_data_to_ingest_from_local_file_task scheduled__2022-06-12T21:01:00+00:00 [queued]>
[2022-06-13 13:46:35,111] {taskinstance.py:1356} INFO - 
--------------------------------------------------------------------------------
[2022-06-13 13:46:35,112] {taskinstance.py:1357} INFO - Starting attempt 1 of 1
[2022-06-13 13:46:35,112] {taskinstance.py:1358} INFO - 
--------------------------------------------------------------------------------
[2022-06-13 13:46:35,170] {taskinstance.py:1377} INFO - Executing <Task(_PythonDecoratedOperator): get_data_to_ingest_from_local_file_task> on 2022-06-12 21:01:00+00:00
[2022-06-13 13:46:35,175] {standard_task_runner.py:52} INFO - Started process 202 to run task
[2022-06-13 13:46:35,180] {standard_task_runner.py:79} INFO - Running: ['airflow', 'tasks', 'run', 'ingest_data', 'get_data_to_ingest_from_local_file_task', 'scheduled__2022-06-12T21:01:00+00:00', '--job-id', '1533', '--raw', '--subdir', 'DAGS_FOLDER/ingestion_dag.py', '--cfg-path', '/tmp/tmpbe18p67g', '--error-file', '/tmp/tmpc4pjqn9x']
[2022-06-13 13:46:35,182] {standard_task_runner.py:80} INFO - Job 1533: Subtask get_data_to_ingest_from_local_file_task
[2022-06-13 13:46:35,302] {task_command.py:370} INFO - Running <TaskInstance: ingest_data.get_data_to_ingest_from_local_file_task scheduled__2022-06-12T21:01:00+00:00 [running]> on host DESKTOP-GDPK8BL.localdomain
[2022-06-13 13:46:35,670] {taskinstance.py:1569} INFO - Exporting the following env vars:
AIRFLOW_CTX_DAG_OWNER=airflow
AIRFLOW_CTX_DAG_ID=ingest_data
AIRFLOW_CTX_TASK_ID=get_data_to_ingest_from_local_file_task
AIRFLOW_CTX_EXECUTION_DATE=2022-06-12T21:01:00+00:00
AIRFLOW_CTX_TRY_NUMBER=1
AIRFLOW_CTX_DAG_RUN_ID=scheduled__2022-06-12T21:01:00+00:00
[2022-06-13 13:46:35,728] {python.py:173} INFO - Done. Returned value was:           AT      V       AP     RH      PE
18125  19.45  58.95  1017.79  93.46  445.10
16070   8.00  34.03  1018.98  78.67  487.17
43951  28.28  61.86  1012.07  64.49  439.65
15348  21.34  48.06  1014.49  63.23  458.13
4063   29.03  69.51  1009.80  47.04  435.09
[2022-06-13 13:46:35,864] {taskinstance.py:1395} INFO - Marking task as SUCCESS. dag_id=ingest_data, task_id=get_data_to_ingest_from_local_file_task, execution_date=20220612T210100, start_date=20220613T114635, end_date=20220613T114635
[2022-06-13 13:46:35,918] {local_task_job.py:156} INFO - Task exited with return code 0
[2022-06-13 13:46:36,122] {local_task_job.py:273} INFO - 1 downstream tasks scheduled from follow-on schedule check
