[2022-06-12 16:44:18,208] {taskinstance.py:1159} INFO - Dependencies all met for <TaskInstance: ingest_data.get_data_to_ingest_from_local_file_task scheduled__2022-06-12T01:39:00+00:00 [queued]>
[2022-06-12 16:44:18,237] {taskinstance.py:1159} INFO - Dependencies all met for <TaskInstance: ingest_data.get_data_to_ingest_from_local_file_task scheduled__2022-06-12T01:39:00+00:00 [queued]>
[2022-06-12 16:44:18,237] {taskinstance.py:1356} INFO - 
--------------------------------------------------------------------------------
[2022-06-12 16:44:18,238] {taskinstance.py:1357} INFO - Starting attempt 1 of 1
[2022-06-12 16:44:18,238] {taskinstance.py:1358} INFO - 
--------------------------------------------------------------------------------
[2022-06-12 16:44:18,300] {taskinstance.py:1377} INFO - Executing <Task(_PythonDecoratedOperator): get_data_to_ingest_from_local_file_task> on 2022-06-12 01:39:00+00:00
[2022-06-12 16:44:18,307] {standard_task_runner.py:52} INFO - Started process 5225 to run task
[2022-06-12 16:44:18,314] {standard_task_runner.py:79} INFO - Running: ['airflow', 'tasks', 'run', 'ingest_data', 'get_data_to_ingest_from_local_file_task', 'scheduled__2022-06-12T01:39:00+00:00', '--job-id', '592', '--raw', '--subdir', 'DAGS_FOLDER/ingestion_dag.py', '--cfg-path', '/tmp/tmpc3mnt6vq', '--error-file', '/tmp/tmp5mtqqt6_']
[2022-06-12 16:44:18,315] {standard_task_runner.py:80} INFO - Job 592: Subtask get_data_to_ingest_from_local_file_task
[2022-06-12 16:44:18,466] {task_command.py:370} INFO - Running <TaskInstance: ingest_data.get_data_to_ingest_from_local_file_task scheduled__2022-06-12T01:39:00+00:00 [running]> on host DESKTOP-GDPK8BL.localdomain
[2022-06-12 16:44:18,927] {taskinstance.py:1569} INFO - Exporting the following env vars:
AIRFLOW_CTX_DAG_OWNER=airflow
AIRFLOW_CTX_DAG_ID=ingest_data
AIRFLOW_CTX_TASK_ID=get_data_to_ingest_from_local_file_task
AIRFLOW_CTX_EXECUTION_DATE=2022-06-12T01:39:00+00:00
AIRFLOW_CTX_TRY_NUMBER=1
AIRFLOW_CTX_DAG_RUN_ID=scheduled__2022-06-12T01:39:00+00:00
[2022-06-12 16:44:18,993] {python.py:173} INFO - Done. Returned value was:           AT      V       AP     RH      PE
45774  12.34  43.22  1009.28  78.23  468.52
30501  23.19  49.82  1014.59  70.52  451.08
47367  22.37  50.78  1008.84  82.06  449.08
33549  31.87  68.67  1005.64  48.85  435.66
25249  24.74  59.39  1015.23  74.64  437.49
[2022-06-12 16:44:19,124] {taskinstance.py:1395} INFO - Marking task as SUCCESS. dag_id=ingest_data, task_id=get_data_to_ingest_from_local_file_task, execution_date=20220612T013900, start_date=20220612T144418, end_date=20220612T144419
[2022-06-12 16:44:19,211] {local_task_job.py:156} INFO - Task exited with return code 0
[2022-06-12 16:44:19,420] {local_task_job.py:273} INFO - 1 downstream tasks scheduled from follow-on schedule check
