[2022-06-12 17:23:59,778] {taskinstance.py:1159} INFO - Dependencies all met for <TaskInstance: ingest_data.get_data_to_ingest_from_local_file_task scheduled__2022-06-12T05:28:00+00:00 [queued]>
[2022-06-12 17:23:59,812] {taskinstance.py:1159} INFO - Dependencies all met for <TaskInstance: ingest_data.get_data_to_ingest_from_local_file_task scheduled__2022-06-12T05:28:00+00:00 [queued]>
[2022-06-12 17:23:59,813] {taskinstance.py:1356} INFO - 
--------------------------------------------------------------------------------
[2022-06-12 17:23:59,814] {taskinstance.py:1357} INFO - Starting attempt 1 of 1
[2022-06-12 17:23:59,814] {taskinstance.py:1358} INFO - 
--------------------------------------------------------------------------------
[2022-06-12 17:23:59,895] {taskinstance.py:1377} INFO - Executing <Task(_PythonDecoratedOperator): get_data_to_ingest_from_local_file_task> on 2022-06-12 05:28:00+00:00
[2022-06-12 17:23:59,904] {standard_task_runner.py:52} INFO - Started process 8619 to run task
[2022-06-12 17:23:59,911] {standard_task_runner.py:79} INFO - Running: ['airflow', 'tasks', 'run', 'ingest_data', 'get_data_to_ingest_from_local_file_task', 'scheduled__2022-06-12T05:28:00+00:00', '--job-id', '1049', '--raw', '--subdir', 'DAGS_FOLDER/ingestion_dag.py', '--cfg-path', '/tmp/tmpjf237m3o', '--error-file', '/tmp/tmpqjovts88']
[2022-06-12 17:23:59,921] {standard_task_runner.py:80} INFO - Job 1049: Subtask get_data_to_ingest_from_local_file_task
[2022-06-12 17:24:00,075] {task_command.py:370} INFO - Running <TaskInstance: ingest_data.get_data_to_ingest_from_local_file_task scheduled__2022-06-12T05:28:00+00:00 [running]> on host DESKTOP-GDPK8BL.localdomain
[2022-06-12 17:24:00,504] {taskinstance.py:1569} INFO - Exporting the following env vars:
AIRFLOW_CTX_DAG_OWNER=airflow
AIRFLOW_CTX_DAG_ID=ingest_data
AIRFLOW_CTX_TASK_ID=get_data_to_ingest_from_local_file_task
AIRFLOW_CTX_EXECUTION_DATE=2022-06-12T05:28:00+00:00
AIRFLOW_CTX_TRY_NUMBER=1
AIRFLOW_CTX_DAG_RUN_ID=scheduled__2022-06-12T05:28:00+00:00
[2022-06-12 17:24:00,576] {python.py:173} INFO - Done. Returned value was:           AT      V       AP     RH      PE
4473   10.59  41.93  1017.70  92.91  479.85
40409  22.11  59.80  1016.86  70.14  450.62
35887  20.87  57.19  1006.50  77.00  445.95
26295  14.78  42.86  1015.32  84.75  471.17
17819  19.26  58.46  1015.74  84.64  450.66
[2022-06-12 17:24:00,737] {taskinstance.py:1395} INFO - Marking task as SUCCESS. dag_id=ingest_data, task_id=get_data_to_ingest_from_local_file_task, execution_date=20220612T052800, start_date=20220612T152359, end_date=20220612T152400
[2022-06-12 17:24:00,818] {local_task_job.py:156} INFO - Task exited with return code 0
[2022-06-12 17:24:01,053] {local_task_job.py:273} INFO - 1 downstream tasks scheduled from follow-on schedule check
