[2022-06-12 16:48:52,120] {taskinstance.py:1159} INFO - Dependencies all met for <TaskInstance: ingest_data.get_data_to_ingest_from_local_file_task scheduled__2022-06-12T02:06:00+00:00 [queued]>
[2022-06-12 16:48:52,159] {taskinstance.py:1159} INFO - Dependencies all met for <TaskInstance: ingest_data.get_data_to_ingest_from_local_file_task scheduled__2022-06-12T02:06:00+00:00 [queued]>
[2022-06-12 16:48:52,160] {taskinstance.py:1356} INFO - 
--------------------------------------------------------------------------------
[2022-06-12 16:48:52,160] {taskinstance.py:1357} INFO - Starting attempt 1 of 1
[2022-06-12 16:48:52,161] {taskinstance.py:1358} INFO - 
--------------------------------------------------------------------------------
[2022-06-12 16:48:52,251] {taskinstance.py:1377} INFO - Executing <Task(_PythonDecoratedOperator): get_data_to_ingest_from_local_file_task> on 2022-06-12 02:06:00+00:00
[2022-06-12 16:48:52,264] {standard_task_runner.py:79} INFO - Running: ['airflow', 'tasks', 'run', 'ingest_data', 'get_data_to_ingest_from_local_file_task', 'scheduled__2022-06-12T02:06:00+00:00', '--job-id', '645', '--raw', '--subdir', 'DAGS_FOLDER/ingestion_dag.py', '--cfg-path', '/tmp/tmpqpr_dvrq', '--error-file', '/tmp/tmpa3tzepci']
[2022-06-12 16:48:52,267] {standard_task_runner.py:80} INFO - Job 645: Subtask get_data_to_ingest_from_local_file_task
[2022-06-12 16:48:52,257] {standard_task_runner.py:52} INFO - Started process 5618 to run task
[2022-06-12 16:48:52,424] {task_command.py:370} INFO - Running <TaskInstance: ingest_data.get_data_to_ingest_from_local_file_task scheduled__2022-06-12T02:06:00+00:00 [running]> on host DESKTOP-GDPK8BL.localdomain
[2022-06-12 16:48:52,882] {taskinstance.py:1569} INFO - Exporting the following env vars:
AIRFLOW_CTX_DAG_OWNER=airflow
AIRFLOW_CTX_DAG_ID=ingest_data
AIRFLOW_CTX_TASK_ID=get_data_to_ingest_from_local_file_task
AIRFLOW_CTX_EXECUTION_DATE=2022-06-12T02:06:00+00:00
AIRFLOW_CTX_TRY_NUMBER=1
AIRFLOW_CTX_DAG_RUN_ID=scheduled__2022-06-12T02:06:00+00:00
[2022-06-12 16:48:52,970] {python.py:173} INFO - Done. Returned value was:           AT      V       AP     RH      PE
40501  20.79  50.66  1013.39  77.93  454.78
19228  25.76  71.06  1007.93  90.40  433.75
17959  20.80  50.90  1012.07  73.16  457.00
32048  21.62  48.78  1020.06  85.09  448.52
41678  17.92  44.20  1018.97  53.80  455.37
[2022-06-12 16:48:53,112] {taskinstance.py:1395} INFO - Marking task as SUCCESS. dag_id=ingest_data, task_id=get_data_to_ingest_from_local_file_task, execution_date=20220612T020600, start_date=20220612T144852, end_date=20220612T144853
[2022-06-12 16:48:53,210] {local_task_job.py:156} INFO - Task exited with return code 0
[2022-06-12 16:48:53,441] {local_task_job.py:273} INFO - 1 downstream tasks scheduled from follow-on schedule check
