[2022-06-12 17:26:43,368] {taskinstance.py:1159} INFO - Dependencies all met for <TaskInstance: ingest_data.get_data_to_ingest_from_local_file_task scheduled__2022-06-12T05:45:00+00:00 [queued]>
[2022-06-12 17:26:43,396] {taskinstance.py:1159} INFO - Dependencies all met for <TaskInstance: ingest_data.get_data_to_ingest_from_local_file_task scheduled__2022-06-12T05:45:00+00:00 [queued]>
[2022-06-12 17:26:43,397] {taskinstance.py:1356} INFO - 
--------------------------------------------------------------------------------
[2022-06-12 17:26:43,397] {taskinstance.py:1357} INFO - Starting attempt 1 of 1
[2022-06-12 17:26:43,398] {taskinstance.py:1358} INFO - 
--------------------------------------------------------------------------------
[2022-06-12 17:26:43,451] {taskinstance.py:1377} INFO - Executing <Task(_PythonDecoratedOperator): get_data_to_ingest_from_local_file_task> on 2022-06-12 05:45:00+00:00
[2022-06-12 17:26:43,457] {standard_task_runner.py:52} INFO - Started process 8870 to run task
[2022-06-12 17:26:43,463] {standard_task_runner.py:79} INFO - Running: ['airflow', 'tasks', 'run', 'ingest_data', 'get_data_to_ingest_from_local_file_task', 'scheduled__2022-06-12T05:45:00+00:00', '--job-id', '1083', '--raw', '--subdir', 'DAGS_FOLDER/ingestion_dag.py', '--cfg-path', '/tmp/tmpf85ts10q', '--error-file', '/tmp/tmp9jwhfi8y']
[2022-06-12 17:26:43,465] {standard_task_runner.py:80} INFO - Job 1083: Subtask get_data_to_ingest_from_local_file_task
[2022-06-12 17:26:43,635] {task_command.py:370} INFO - Running <TaskInstance: ingest_data.get_data_to_ingest_from_local_file_task scheduled__2022-06-12T05:45:00+00:00 [running]> on host DESKTOP-GDPK8BL.localdomain
[2022-06-12 17:26:44,061] {taskinstance.py:1569} INFO - Exporting the following env vars:
AIRFLOW_CTX_DAG_OWNER=airflow
AIRFLOW_CTX_DAG_ID=ingest_data
AIRFLOW_CTX_TASK_ID=get_data_to_ingest_from_local_file_task
AIRFLOW_CTX_EXECUTION_DATE=2022-06-12T05:45:00+00:00
AIRFLOW_CTX_TRY_NUMBER=1
AIRFLOW_CTX_DAG_RUN_ID=scheduled__2022-06-12T05:45:00+00:00
[2022-06-12 17:26:44,140] {python.py:173} INFO - Done. Returned value was:           AT      V       AP     RH      PE
26877  11.60  40.27  1008.55  72.12  473.89
35148  25.33  73.21  1002.19  97.24  433.43
34921   6.49  43.65  1020.41  72.78  484.94
22417  14.66  40.89  1009.72  91.56  465.73
12685  21.24  41.67  1012.60  49.27  459.81
[2022-06-12 17:26:44,301] {taskinstance.py:1395} INFO - Marking task as SUCCESS. dag_id=ingest_data, task_id=get_data_to_ingest_from_local_file_task, execution_date=20220612T054500, start_date=20220612T152643, end_date=20220612T152644
[2022-06-12 17:26:44,402] {local_task_job.py:156} INFO - Task exited with return code 0
[2022-06-12 17:26:44,620] {local_task_job.py:273} INFO - 1 downstream tasks scheduled from follow-on schedule check
