[2022-06-12 19:42:30,330] {taskinstance.py:1159} INFO - Dependencies all met for <TaskInstance: ingest_data.get_data_to_ingest_from_local_file_task scheduled__2022-06-12T08:30:00+00:00 [queued]>
[2022-06-12 19:42:30,369] {taskinstance.py:1159} INFO - Dependencies all met for <TaskInstance: ingest_data.get_data_to_ingest_from_local_file_task scheduled__2022-06-12T08:30:00+00:00 [queued]>
[2022-06-12 19:42:30,370] {taskinstance.py:1356} INFO - 
--------------------------------------------------------------------------------
[2022-06-12 19:42:30,371] {taskinstance.py:1357} INFO - Starting attempt 1 of 1
[2022-06-12 19:42:30,372] {taskinstance.py:1358} INFO - 
--------------------------------------------------------------------------------
[2022-06-12 19:42:30,433] {taskinstance.py:1377} INFO - Executing <Task(_PythonDecoratedOperator): get_data_to_ingest_from_local_file_task> on 2022-06-12 08:30:00+00:00
[2022-06-12 19:42:30,439] {standard_task_runner.py:52} INFO - Started process 11311 to run task
[2022-06-12 19:42:30,446] {standard_task_runner.py:79} INFO - Running: ['airflow', 'tasks', 'run', 'ingest_data', 'get_data_to_ingest_from_local_file_task', 'scheduled__2022-06-12T08:30:00+00:00', '--job-id', '1413', '--raw', '--subdir', 'DAGS_FOLDER/ingestion_dag.py', '--cfg-path', '/tmp/tmp9citxv3o', '--error-file', '/tmp/tmpywkl7h07']
[2022-06-12 19:42:30,448] {standard_task_runner.py:80} INFO - Job 1413: Subtask get_data_to_ingest_from_local_file_task
[2022-06-12 19:42:30,596] {task_command.py:370} INFO - Running <TaskInstance: ingest_data.get_data_to_ingest_from_local_file_task scheduled__2022-06-12T08:30:00+00:00 [running]> on host DESKTOP-GDPK8BL.localdomain
[2022-06-12 19:42:31,058] {taskinstance.py:1569} INFO - Exporting the following env vars:
AIRFLOW_CTX_DAG_OWNER=airflow
AIRFLOW_CTX_DAG_ID=ingest_data
AIRFLOW_CTX_TASK_ID=get_data_to_ingest_from_local_file_task
AIRFLOW_CTX_EXECUTION_DATE=2022-06-12T08:30:00+00:00
AIRFLOW_CTX_TRY_NUMBER=1
AIRFLOW_CTX_DAG_RUN_ID=scheduled__2022-06-12T08:30:00+00:00
[2022-06-12 19:42:31,131] {python.py:173} INFO - Done. Returned value was:           AT      V       AP     RH      PE
1300   30.27  64.05  1011.93  65.72  438.68
27263  26.06  71.73  1009.65  77.02  432.38
19593  23.63  71.29  1008.01  70.07  442.65
27544  19.68  62.96  1020.41  82.26  453.58
44463   7.24  38.06  1020.60  85.36  481.83
[2022-06-12 19:42:31,282] {taskinstance.py:1395} INFO - Marking task as SUCCESS. dag_id=ingest_data, task_id=get_data_to_ingest_from_local_file_task, execution_date=20220612T083000, start_date=20220612T174230, end_date=20220612T174231
[2022-06-12 19:42:31,344] {local_task_job.py:156} INFO - Task exited with return code 0
[2022-06-12 19:42:31,590] {local_task_job.py:273} INFO - 1 downstream tasks scheduled from follow-on schedule check
