[2022-06-12 17:05:03,846] {taskinstance.py:1159} INFO - Dependencies all met for <TaskInstance: ingest_data.get_data_to_ingest_from_local_file_task scheduled__2022-06-12T03:40:00+00:00 [queued]>
[2022-06-12 17:05:03,887] {taskinstance.py:1159} INFO - Dependencies all met for <TaskInstance: ingest_data.get_data_to_ingest_from_local_file_task scheduled__2022-06-12T03:40:00+00:00 [queued]>
[2022-06-12 17:05:03,887] {taskinstance.py:1356} INFO - 
--------------------------------------------------------------------------------
[2022-06-12 17:05:03,888] {taskinstance.py:1357} INFO - Starting attempt 1 of 1
[2022-06-12 17:05:03,889] {taskinstance.py:1358} INFO - 
--------------------------------------------------------------------------------
[2022-06-12 17:05:03,949] {taskinstance.py:1377} INFO - Executing <Task(_PythonDecoratedOperator): get_data_to_ingest_from_local_file_task> on 2022-06-12 03:40:00+00:00
[2022-06-12 17:05:03,955] {standard_task_runner.py:52} INFO - Started process 7014 to run task
[2022-06-12 17:05:03,962] {standard_task_runner.py:79} INFO - Running: ['airflow', 'tasks', 'run', 'ingest_data', 'get_data_to_ingest_from_local_file_task', 'scheduled__2022-06-12T03:40:00+00:00', '--job-id', '833', '--raw', '--subdir', 'DAGS_FOLDER/ingestion_dag.py', '--cfg-path', '/tmp/tmpcyv5yy8_', '--error-file', '/tmp/tmpxyispbi4']
[2022-06-12 17:05:03,964] {standard_task_runner.py:80} INFO - Job 833: Subtask get_data_to_ingest_from_local_file_task
[2022-06-12 17:05:04,093] {task_command.py:370} INFO - Running <TaskInstance: ingest_data.get_data_to_ingest_from_local_file_task scheduled__2022-06-12T03:40:00+00:00 [running]> on host DESKTOP-GDPK8BL.localdomain
[2022-06-12 17:05:04,465] {taskinstance.py:1569} INFO - Exporting the following env vars:
AIRFLOW_CTX_DAG_OWNER=airflow
AIRFLOW_CTX_DAG_ID=ingest_data
AIRFLOW_CTX_TASK_ID=get_data_to_ingest_from_local_file_task
AIRFLOW_CTX_EXECUTION_DATE=2022-06-12T03:40:00+00:00
AIRFLOW_CTX_TRY_NUMBER=1
AIRFLOW_CTX_DAG_RUN_ID=scheduled__2022-06-12T03:40:00+00:00
[2022-06-12 17:05:04,538] {python.py:173} INFO - Done. Returned value was:           AT      V       AP     RH      PE
19829  17.28  44.06  1018.15  66.93  462.05
38215  22.54  63.07  1011.71  81.64  442.28
26955  20.28  62.52  1017.89  75.67  452.45
25986  11.16  40.05  1014.95  88.38  479.11
43121  29.05  68.24  1007.88  42.67  433.92
[2022-06-12 17:05:04,663] {taskinstance.py:1395} INFO - Marking task as SUCCESS. dag_id=ingest_data, task_id=get_data_to_ingest_from_local_file_task, execution_date=20220612T034000, start_date=20220612T150503, end_date=20220612T150504
[2022-06-12 17:05:04,742] {local_task_job.py:156} INFO - Task exited with return code 0
[2022-06-12 17:05:04,972] {local_task_job.py:273} INFO - 1 downstream tasks scheduled from follow-on schedule check
