[2022-06-13 13:46:13,541] {taskinstance.py:1159} INFO - Dependencies all met for <TaskInstance: ingest_data.get_data_to_ingest_from_local_file_task scheduled__2022-06-12T09:27:00+00:00 [queued]>
[2022-06-13 13:46:13,576] {taskinstance.py:1159} INFO - Dependencies all met for <TaskInstance: ingest_data.get_data_to_ingest_from_local_file_task scheduled__2022-06-12T09:27:00+00:00 [queued]>
[2022-06-13 13:46:13,577] {taskinstance.py:1356} INFO - 
--------------------------------------------------------------------------------
[2022-06-13 13:46:13,577] {taskinstance.py:1357} INFO - Starting attempt 1 of 1
[2022-06-13 13:46:13,578] {taskinstance.py:1358} INFO - 
--------------------------------------------------------------------------------
[2022-06-13 13:46:13,633] {taskinstance.py:1377} INFO - Executing <Task(_PythonDecoratedOperator): get_data_to_ingest_from_local_file_task> on 2022-06-12 09:27:00+00:00
[2022-06-13 13:46:13,640] {standard_task_runner.py:52} INFO - Started process 158 to run task
[2022-06-13 13:46:13,646] {standard_task_runner.py:79} INFO - Running: ['airflow', 'tasks', 'run', 'ingest_data', 'get_data_to_ingest_from_local_file_task', 'scheduled__2022-06-12T09:27:00+00:00', '--job-id', '1528', '--raw', '--subdir', 'DAGS_FOLDER/ingestion_dag.py', '--cfg-path', '/tmp/tmpcdl2be8s', '--error-file', '/tmp/tmpbilux1k9']
[2022-06-13 13:46:13,647] {standard_task_runner.py:80} INFO - Job 1528: Subtask get_data_to_ingest_from_local_file_task
[2022-06-13 13:46:13,777] {task_command.py:370} INFO - Running <TaskInstance: ingest_data.get_data_to_ingest_from_local_file_task scheduled__2022-06-12T09:27:00+00:00 [running]> on host DESKTOP-GDPK8BL.localdomain
[2022-06-13 13:46:14,250] {taskinstance.py:1569} INFO - Exporting the following env vars:
AIRFLOW_CTX_DAG_OWNER=airflow
AIRFLOW_CTX_DAG_ID=ingest_data
AIRFLOW_CTX_TASK_ID=get_data_to_ingest_from_local_file_task
AIRFLOW_CTX_EXECUTION_DATE=2022-06-12T09:27:00+00:00
AIRFLOW_CTX_TRY_NUMBER=1
AIRFLOW_CTX_DAG_RUN_ID=scheduled__2022-06-12T09:27:00+00:00
[2022-06-13 13:46:14,337] {python.py:173} INFO - Done. Returned value was:           AT      V       AP     RH      PE
37882  17.17  44.68  1018.72  83.58  462.53
24049   3.20  41.31   997.67  98.84  489.86
12241  19.86  41.67  1012.31  53.90  462.86
11872  29.17  74.34  1004.51  82.02  433.03
18845  24.27  57.85  1012.81  63.48  445.10
[2022-06-13 13:46:14,499] {taskinstance.py:1395} INFO - Marking task as SUCCESS. dag_id=ingest_data, task_id=get_data_to_ingest_from_local_file_task, execution_date=20220612T092700, start_date=20220613T114613, end_date=20220613T114614
[2022-06-13 13:46:14,583] {local_task_job.py:156} INFO - Task exited with return code 0
[2022-06-13 13:46:14,760] {local_task_job.py:273} INFO - 1 downstream tasks scheduled from follow-on schedule check
