[2022-06-12 16:42:07,654] {taskinstance.py:1159} INFO - Dependencies all met for <TaskInstance: ingest_data.get_data_to_ingest_from_local_file_task scheduled__2022-06-12T01:28:00+00:00 [queued]>
[2022-06-12 16:42:07,710] {taskinstance.py:1159} INFO - Dependencies all met for <TaskInstance: ingest_data.get_data_to_ingest_from_local_file_task scheduled__2022-06-12T01:28:00+00:00 [queued]>
[2022-06-12 16:42:07,711] {taskinstance.py:1356} INFO - 
--------------------------------------------------------------------------------
[2022-06-12 16:42:07,711] {taskinstance.py:1357} INFO - Starting attempt 1 of 1
[2022-06-12 16:42:07,712] {taskinstance.py:1358} INFO - 
--------------------------------------------------------------------------------
[2022-06-12 16:42:07,818] {taskinstance.py:1377} INFO - Executing <Task(_PythonDecoratedOperator): get_data_to_ingest_from_local_file_task> on 2022-06-12 01:28:00+00:00
[2022-06-12 16:42:07,825] {standard_task_runner.py:52} INFO - Started process 5059 to run task
[2022-06-12 16:42:07,839] {standard_task_runner.py:79} INFO - Running: ['airflow', 'tasks', 'run', 'ingest_data', 'get_data_to_ingest_from_local_file_task', 'scheduled__2022-06-12T01:28:00+00:00', '--job-id', '570', '--raw', '--subdir', 'DAGS_FOLDER/ingestion_dag.py', '--cfg-path', '/tmp/tmpiqk5_1u2', '--error-file', '/tmp/tmpg92_la2i']
[2022-06-12 16:42:07,845] {standard_task_runner.py:80} INFO - Job 570: Subtask get_data_to_ingest_from_local_file_task
[2022-06-12 16:42:08,030] {task_command.py:370} INFO - Running <TaskInstance: ingest_data.get_data_to_ingest_from_local_file_task scheduled__2022-06-12T01:28:00+00:00 [running]> on host DESKTOP-GDPK8BL.localdomain
[2022-06-12 16:42:08,529] {taskinstance.py:1569} INFO - Exporting the following env vars:
AIRFLOW_CTX_DAG_OWNER=airflow
AIRFLOW_CTX_DAG_ID=ingest_data
AIRFLOW_CTX_TASK_ID=get_data_to_ingest_from_local_file_task
AIRFLOW_CTX_EXECUTION_DATE=2022-06-12T01:28:00+00:00
AIRFLOW_CTX_TRY_NUMBER=1
AIRFLOW_CTX_DAG_RUN_ID=scheduled__2022-06-12T01:28:00+00:00
[2022-06-12 16:42:08,633] {python.py:173} INFO - Done. Returned value was:           AT      V       AP     RH      PE
34655  24.65  63.86  1018.37  56.15  442.89
19652  18.01  62.26  1011.89  89.29  451.14
8925   12.00  39.96  1011.73  77.77  471.42
19825  29.79  69.34  1008.82  65.13  434.74
29945  24.84  56.89  1012.15  67.24  440.36
[2022-06-12 16:42:08,761] {taskinstance.py:1395} INFO - Marking task as SUCCESS. dag_id=ingest_data, task_id=get_data_to_ingest_from_local_file_task, execution_date=20220612T012800, start_date=20220612T144207, end_date=20220612T144208
[2022-06-12 16:42:08,865] {local_task_job.py:156} INFO - Task exited with return code 0
[2022-06-12 16:42:09,121] {local_task_job.py:273} INFO - 1 downstream tasks scheduled from follow-on schedule check
