[2022-06-12 17:29:12,211] {taskinstance.py:1159} INFO - Dependencies all met for <TaskInstance: ingest_data.get_data_to_ingest_from_local_file_task scheduled__2022-06-12T06:01:00+00:00 [queued]>
[2022-06-12 17:29:12,253] {taskinstance.py:1159} INFO - Dependencies all met for <TaskInstance: ingest_data.get_data_to_ingest_from_local_file_task scheduled__2022-06-12T06:01:00+00:00 [queued]>
[2022-06-12 17:29:12,254] {taskinstance.py:1356} INFO - 
--------------------------------------------------------------------------------
[2022-06-12 17:29:12,254] {taskinstance.py:1357} INFO - Starting attempt 1 of 1
[2022-06-12 17:29:12,255] {taskinstance.py:1358} INFO - 
--------------------------------------------------------------------------------
[2022-06-12 17:29:12,350] {taskinstance.py:1377} INFO - Executing <Task(_PythonDecoratedOperator): get_data_to_ingest_from_local_file_task> on 2022-06-12 06:01:00+00:00
[2022-06-12 17:29:12,358] {standard_task_runner.py:52} INFO - Started process 9106 to run task
[2022-06-12 17:29:12,362] {standard_task_runner.py:79} INFO - Running: ['airflow', 'tasks', 'run', 'ingest_data', 'get_data_to_ingest_from_local_file_task', 'scheduled__2022-06-12T06:01:00+00:00', '--job-id', '1115', '--raw', '--subdir', 'DAGS_FOLDER/ingestion_dag.py', '--cfg-path', '/tmp/tmpey3ye9mn', '--error-file', '/tmp/tmpilb55_g6']
[2022-06-12 17:29:12,363] {standard_task_runner.py:80} INFO - Job 1115: Subtask get_data_to_ingest_from_local_file_task
[2022-06-12 17:29:12,496] {task_command.py:370} INFO - Running <TaskInstance: ingest_data.get_data_to_ingest_from_local_file_task scheduled__2022-06-12T06:01:00+00:00 [running]> on host DESKTOP-GDPK8BL.localdomain
[2022-06-12 17:29:12,947] {taskinstance.py:1569} INFO - Exporting the following env vars:
AIRFLOW_CTX_DAG_OWNER=airflow
AIRFLOW_CTX_DAG_ID=ingest_data
AIRFLOW_CTX_TASK_ID=get_data_to_ingest_from_local_file_task
AIRFLOW_CTX_EXECUTION_DATE=2022-06-12T06:01:00+00:00
AIRFLOW_CTX_TRY_NUMBER=1
AIRFLOW_CTX_DAG_RUN_ID=scheduled__2022-06-12T06:01:00+00:00
[2022-06-12 17:29:13,019] {python.py:173} INFO - Done. Returned value was:           AT      V       AP     RH      PE
21660   4.16  35.47  1017.72  88.49  486.70
38345  11.77  41.06  1021.45  76.63  475.88
23233  15.65  54.30  1018.00  69.66  461.69
4505   24.07  71.97  1008.83  94.87  441.84
14599   7.94  40.56  1023.25  80.84  488.01
[2022-06-12 17:29:13,178] {taskinstance.py:1395} INFO - Marking task as SUCCESS. dag_id=ingest_data, task_id=get_data_to_ingest_from_local_file_task, execution_date=20220612T060100, start_date=20220612T152912, end_date=20220612T152913
[2022-06-12 17:29:13,260] {local_task_job.py:156} INFO - Task exited with return code 0
[2022-06-12 17:29:13,488] {local_task_job.py:273} INFO - 1 downstream tasks scheduled from follow-on schedule check
