[2022-06-12 17:29:20,894] {taskinstance.py:1159} INFO - Dependencies all met for <TaskInstance: ingest_data.get_data_to_ingest_from_local_file_task scheduled__2022-06-12T06:02:00+00:00 [queued]>
[2022-06-12 17:29:20,929] {taskinstance.py:1159} INFO - Dependencies all met for <TaskInstance: ingest_data.get_data_to_ingest_from_local_file_task scheduled__2022-06-12T06:02:00+00:00 [queued]>
[2022-06-12 17:29:20,929] {taskinstance.py:1356} INFO - 
--------------------------------------------------------------------------------
[2022-06-12 17:29:20,930] {taskinstance.py:1357} INFO - Starting attempt 1 of 1
[2022-06-12 17:29:20,931] {taskinstance.py:1358} INFO - 
--------------------------------------------------------------------------------
[2022-06-12 17:29:21,005] {taskinstance.py:1377} INFO - Executing <Task(_PythonDecoratedOperator): get_data_to_ingest_from_local_file_task> on 2022-06-12 06:02:00+00:00
[2022-06-12 17:29:21,011] {standard_task_runner.py:52} INFO - Started process 9120 to run task
[2022-06-12 17:29:21,018] {standard_task_runner.py:79} INFO - Running: ['airflow', 'tasks', 'run', 'ingest_data', 'get_data_to_ingest_from_local_file_task', 'scheduled__2022-06-12T06:02:00+00:00', '--job-id', '1117', '--raw', '--subdir', 'DAGS_FOLDER/ingestion_dag.py', '--cfg-path', '/tmp/tmpqpp2yran', '--error-file', '/tmp/tmp63jvizbd']
[2022-06-12 17:29:21,029] {standard_task_runner.py:80} INFO - Job 1117: Subtask get_data_to_ingest_from_local_file_task
[2022-06-12 17:29:21,168] {task_command.py:370} INFO - Running <TaskInstance: ingest_data.get_data_to_ingest_from_local_file_task scheduled__2022-06-12T06:02:00+00:00 [running]> on host DESKTOP-GDPK8BL.localdomain
[2022-06-12 17:29:21,618] {taskinstance.py:1569} INFO - Exporting the following env vars:
AIRFLOW_CTX_DAG_OWNER=airflow
AIRFLOW_CTX_DAG_ID=ingest_data
AIRFLOW_CTX_TASK_ID=get_data_to_ingest_from_local_file_task
AIRFLOW_CTX_EXECUTION_DATE=2022-06-12T06:02:00+00:00
AIRFLOW_CTX_TRY_NUMBER=1
AIRFLOW_CTX_DAG_RUN_ID=scheduled__2022-06-12T06:02:00+00:00
[2022-06-12 17:29:21,691] {python.py:173} INFO - Done. Returned value was:           AT      V       AP     RH      PE
38096  32.95  75.08  1005.32  47.70  436.30
16480  18.90  60.07  1016.02  71.38  451.50
29147   5.21  41.31  1003.51  91.23  486.46
27505  13.51  43.22  1009.63  75.02  465.89
8997   27.83  72.29  1012.04  48.86  445.73
[2022-06-12 17:29:21,817] {taskinstance.py:1395} INFO - Marking task as SUCCESS. dag_id=ingest_data, task_id=get_data_to_ingest_from_local_file_task, execution_date=20220612T060200, start_date=20220612T152920, end_date=20220612T152921
[2022-06-12 17:29:21,882] {local_task_job.py:156} INFO - Task exited with return code 0
[2022-06-12 17:29:22,108] {local_task_job.py:273} INFO - 1 downstream tasks scheduled from follow-on schedule check
