[2022-06-12 17:35:54,587] {taskinstance.py:1159} INFO - Dependencies all met for <TaskInstance: ingest_data.get_data_to_ingest_from_local_file_task scheduled__2022-06-12T06:44:00+00:00 [queued]>
[2022-06-12 17:35:54,622] {taskinstance.py:1159} INFO - Dependencies all met for <TaskInstance: ingest_data.get_data_to_ingest_from_local_file_task scheduled__2022-06-12T06:44:00+00:00 [queued]>
[2022-06-12 17:35:54,623] {taskinstance.py:1356} INFO - 
--------------------------------------------------------------------------------
[2022-06-12 17:35:54,623] {taskinstance.py:1357} INFO - Starting attempt 1 of 1
[2022-06-12 17:35:54,624] {taskinstance.py:1358} INFO - 
--------------------------------------------------------------------------------
[2022-06-12 17:35:54,697] {taskinstance.py:1377} INFO - Executing <Task(_PythonDecoratedOperator): get_data_to_ingest_from_local_file_task> on 2022-06-12 06:44:00+00:00
[2022-06-12 17:35:54,708] {standard_task_runner.py:52} INFO - Started process 9741 to run task
[2022-06-12 17:35:54,716] {standard_task_runner.py:79} INFO - Running: ['airflow', 'tasks', 'run', 'ingest_data', 'get_data_to_ingest_from_local_file_task', 'scheduled__2022-06-12T06:44:00+00:00', '--job-id', '1201', '--raw', '--subdir', 'DAGS_FOLDER/ingestion_dag.py', '--cfg-path', '/tmp/tmp3c4c6gvd', '--error-file', '/tmp/tmpbn7i27ai']
[2022-06-12 17:35:54,718] {standard_task_runner.py:80} INFO - Job 1201: Subtask get_data_to_ingest_from_local_file_task
[2022-06-12 17:35:54,871] {task_command.py:370} INFO - Running <TaskInstance: ingest_data.get_data_to_ingest_from_local_file_task scheduled__2022-06-12T06:44:00+00:00 [running]> on host DESKTOP-GDPK8BL.localdomain
[2022-06-12 17:35:55,305] {taskinstance.py:1569} INFO - Exporting the following env vars:
AIRFLOW_CTX_DAG_OWNER=airflow
AIRFLOW_CTX_DAG_ID=ingest_data
AIRFLOW_CTX_TASK_ID=get_data_to_ingest_from_local_file_task
AIRFLOW_CTX_EXECUTION_DATE=2022-06-12T06:44:00+00:00
AIRFLOW_CTX_TRY_NUMBER=1
AIRFLOW_CTX_DAG_RUN_ID=scheduled__2022-06-12T06:44:00+00:00
[2022-06-12 17:35:55,378] {python.py:173} INFO - Done. Returned value was:           AT      V       AP     RH      PE
40992  29.74  70.32  1008.10  52.72  432.69
11580  10.23  42.07  1017.93  91.10  475.14
1416   25.21  60.37  1006.01  73.14  436.23
34719  29.72  74.78  1009.32  55.25  438.19
33652  20.25  59.80  1015.30  82.69  453.81
[2022-06-12 17:35:55,545] {taskinstance.py:1395} INFO - Marking task as SUCCESS. dag_id=ingest_data, task_id=get_data_to_ingest_from_local_file_task, execution_date=20220612T064400, start_date=20220612T153554, end_date=20220612T153555
[2022-06-12 17:35:55,652] {local_task_job.py:156} INFO - Task exited with return code 0
[2022-06-12 17:35:55,889] {local_task_job.py:273} INFO - 1 downstream tasks scheduled from follow-on schedule check
