[2022-06-12 16:37:59,213] {taskinstance.py:1159} INFO - Dependencies all met for <TaskInstance: ingest_data.get_data_to_ingest_from_local_file_task scheduled__2022-06-12T01:09:00+00:00 [queued]>
[2022-06-12 16:37:59,244] {taskinstance.py:1159} INFO - Dependencies all met for <TaskInstance: ingest_data.get_data_to_ingest_from_local_file_task scheduled__2022-06-12T01:09:00+00:00 [queued]>
[2022-06-12 16:37:59,244] {taskinstance.py:1356} INFO - 
--------------------------------------------------------------------------------
[2022-06-12 16:37:59,245] {taskinstance.py:1357} INFO - Starting attempt 1 of 1
[2022-06-12 16:37:59,246] {taskinstance.py:1358} INFO - 
--------------------------------------------------------------------------------
[2022-06-12 16:37:59,305] {taskinstance.py:1377} INFO - Executing <Task(_PythonDecoratedOperator): get_data_to_ingest_from_local_file_task> on 2022-06-12 01:09:00+00:00
[2022-06-12 16:37:59,318] {standard_task_runner.py:79} INFO - Running: ['airflow', 'tasks', 'run', 'ingest_data', 'get_data_to_ingest_from_local_file_task', 'scheduled__2022-06-12T01:09:00+00:00', '--job-id', '531', '--raw', '--subdir', 'DAGS_FOLDER/ingestion_dag.py', '--cfg-path', '/tmp/tmpug0cxi5k', '--error-file', '/tmp/tmphb0i4_22']
[2022-06-12 16:37:59,317] {standard_task_runner.py:52} INFO - Started process 4764 to run task
[2022-06-12 16:37:59,320] {standard_task_runner.py:80} INFO - Job 531: Subtask get_data_to_ingest_from_local_file_task
[2022-06-12 16:37:59,498] {task_command.py:370} INFO - Running <TaskInstance: ingest_data.get_data_to_ingest_from_local_file_task scheduled__2022-06-12T01:09:00+00:00 [running]> on host DESKTOP-GDPK8BL.localdomain
[2022-06-12 16:37:59,922] {taskinstance.py:1569} INFO - Exporting the following env vars:
AIRFLOW_CTX_DAG_OWNER=airflow
AIRFLOW_CTX_DAG_ID=ingest_data
AIRFLOW_CTX_TASK_ID=get_data_to_ingest_from_local_file_task
AIRFLOW_CTX_EXECUTION_DATE=2022-06-12T01:09:00+00:00
AIRFLOW_CTX_TRY_NUMBER=1
AIRFLOW_CTX_DAG_RUN_ID=scheduled__2022-06-12T01:09:00+00:00
[2022-06-12 16:38:00,061] {python.py:173} INFO - Done. Returned value was:           AT      V       AP     RH      PE
39335   8.67  36.66  1026.80  84.36  480.38
6359   23.05  62.52  1016.50  65.65  449.98
21279   9.86  43.56  1015.13  74.89  481.87
13320  14.65  35.40  1016.16  60.26  469.61
1075   16.00  44.90  1020.50  80.89  461.50
[2022-06-12 16:38:00,255] {taskinstance.py:1395} INFO - Marking task as SUCCESS. dag_id=ingest_data, task_id=get_data_to_ingest_from_local_file_task, execution_date=20220612T010900, start_date=20220612T143759, end_date=20220612T143800
[2022-06-12 16:38:00,382] {local_task_job.py:156} INFO - Task exited with return code 0
[2022-06-12 16:38:00,645] {local_task_job.py:273} INFO - 1 downstream tasks scheduled from follow-on schedule check
