[2022-06-12 17:00:41,706] {taskinstance.py:1159} INFO - Dependencies all met for <TaskInstance: ingest_data.get_data_to_ingest_from_local_file_task scheduled__2022-06-12T03:13:00+00:00 [queued]>
[2022-06-12 17:00:41,734] {taskinstance.py:1159} INFO - Dependencies all met for <TaskInstance: ingest_data.get_data_to_ingest_from_local_file_task scheduled__2022-06-12T03:13:00+00:00 [queued]>
[2022-06-12 17:00:41,734] {taskinstance.py:1356} INFO - 
--------------------------------------------------------------------------------
[2022-06-12 17:00:41,735] {taskinstance.py:1357} INFO - Starting attempt 1 of 1
[2022-06-12 17:00:41,735] {taskinstance.py:1358} INFO - 
--------------------------------------------------------------------------------
[2022-06-12 17:00:41,789] {taskinstance.py:1377} INFO - Executing <Task(_PythonDecoratedOperator): get_data_to_ingest_from_local_file_task> on 2022-06-12 03:13:00+00:00
[2022-06-12 17:00:41,794] {standard_task_runner.py:52} INFO - Started process 6615 to run task
[2022-06-12 17:00:41,801] {standard_task_runner.py:79} INFO - Running: ['airflow', 'tasks', 'run', 'ingest_data', 'get_data_to_ingest_from_local_file_task', 'scheduled__2022-06-12T03:13:00+00:00', '--job-id', '779', '--raw', '--subdir', 'DAGS_FOLDER/ingestion_dag.py', '--cfg-path', '/tmp/tmpoa24olsi', '--error-file', '/tmp/tmpy4i_kqpi']
[2022-06-12 17:00:41,802] {standard_task_runner.py:80} INFO - Job 779: Subtask get_data_to_ingest_from_local_file_task
[2022-06-12 17:00:41,959] {task_command.py:370} INFO - Running <TaskInstance: ingest_data.get_data_to_ingest_from_local_file_task scheduled__2022-06-12T03:13:00+00:00 [running]> on host DESKTOP-GDPK8BL.localdomain
[2022-06-12 17:00:42,350] {taskinstance.py:1569} INFO - Exporting the following env vars:
AIRFLOW_CTX_DAG_OWNER=airflow
AIRFLOW_CTX_DAG_ID=ingest_data
AIRFLOW_CTX_TASK_ID=get_data_to_ingest_from_local_file_task
AIRFLOW_CTX_EXECUTION_DATE=2022-06-12T03:13:00+00:00
AIRFLOW_CTX_TRY_NUMBER=1
AIRFLOW_CTX_DAG_RUN_ID=scheduled__2022-06-12T03:13:00+00:00
[2022-06-12 17:00:42,438] {python.py:173} INFO - Done. Returned value was:           AT      V       AP     RH      PE
7773   24.39  60.84  1018.50  61.73  442.72
40371  25.64  68.08  1011.06  71.06  431.77
46368  24.44  47.93  1003.13  67.04  440.53
44961  24.37  70.02  1010.97  71.97  443.53
27853  25.59  65.46  1014.47  37.89  444.90
[2022-06-12 17:00:42,580] {taskinstance.py:1395} INFO - Marking task as SUCCESS. dag_id=ingest_data, task_id=get_data_to_ingest_from_local_file_task, execution_date=20220612T031300, start_date=20220612T150041, end_date=20220612T150042
[2022-06-12 17:00:42,658] {local_task_job.py:156} INFO - Task exited with return code 0
[2022-06-12 17:00:42,866] {local_task_job.py:273} INFO - 1 downstream tasks scheduled from follow-on schedule check
