[2022-06-12 16:57:59,219] {taskinstance.py:1159} INFO - Dependencies all met for <TaskInstance: ingest_data.get_data_to_ingest_from_local_file_task scheduled__2022-06-12T02:57:00+00:00 [queued]>
[2022-06-12 16:57:59,249] {taskinstance.py:1159} INFO - Dependencies all met for <TaskInstance: ingest_data.get_data_to_ingest_from_local_file_task scheduled__2022-06-12T02:57:00+00:00 [queued]>
[2022-06-12 16:57:59,250] {taskinstance.py:1356} INFO - 
--------------------------------------------------------------------------------
[2022-06-12 16:57:59,251] {taskinstance.py:1357} INFO - Starting attempt 1 of 1
[2022-06-12 16:57:59,252] {taskinstance.py:1358} INFO - 
--------------------------------------------------------------------------------
[2022-06-12 16:57:59,314] {taskinstance.py:1377} INFO - Executing <Task(_PythonDecoratedOperator): get_data_to_ingest_from_local_file_task> on 2022-06-12 02:57:00+00:00
[2022-06-12 16:57:59,327] {standard_task_runner.py:79} INFO - Running: ['airflow', 'tasks', 'run', 'ingest_data', 'get_data_to_ingest_from_local_file_task', 'scheduled__2022-06-12T02:57:00+00:00', '--job-id', '747', '--raw', '--subdir', 'DAGS_FOLDER/ingestion_dag.py', '--cfg-path', '/tmp/tmpy2sdgouz', '--error-file', '/tmp/tmp2w_o2hwc']
[2022-06-12 16:57:59,330] {standard_task_runner.py:80} INFO - Job 747: Subtask get_data_to_ingest_from_local_file_task
[2022-06-12 16:57:59,320] {standard_task_runner.py:52} INFO - Started process 6376 to run task
[2022-06-12 16:57:59,504] {task_command.py:370} INFO - Running <TaskInstance: ingest_data.get_data_to_ingest_from_local_file_task scheduled__2022-06-12T02:57:00+00:00 [running]> on host DESKTOP-GDPK8BL.localdomain
[2022-06-12 16:57:59,906] {taskinstance.py:1569} INFO - Exporting the following env vars:
AIRFLOW_CTX_DAG_OWNER=airflow
AIRFLOW_CTX_DAG_ID=ingest_data
AIRFLOW_CTX_TASK_ID=get_data_to_ingest_from_local_file_task
AIRFLOW_CTX_EXECUTION_DATE=2022-06-12T02:57:00+00:00
AIRFLOW_CTX_TRY_NUMBER=1
AIRFLOW_CTX_DAG_RUN_ID=scheduled__2022-06-12T02:57:00+00:00
[2022-06-12 16:57:59,980] {python.py:173} INFO - Done. Returned value was:           AT      V       AP     RH      PE
1084   14.51  42.77  1017.47  81.95  463.37
27628  10.67  40.56  1022.39  77.92  482.36
4001   21.79  46.21  1012.89  72.00  449.99
9041   26.48  68.14  1004.83  55.96  432.19
34887  25.31  60.75  1008.65  79.35  437.33
[2022-06-12 16:58:00,116] {taskinstance.py:1395} INFO - Marking task as SUCCESS. dag_id=ingest_data, task_id=get_data_to_ingest_from_local_file_task, execution_date=20220612T025700, start_date=20220612T145759, end_date=20220612T145800
[2022-06-12 16:58:00,231] {local_task_job.py:156} INFO - Task exited with return code 0
[2022-06-12 16:58:00,510] {local_task_job.py:273} INFO - 1 downstream tasks scheduled from follow-on schedule check
