[2022-06-12 17:36:40,706] {taskinstance.py:1159} INFO - Dependencies all met for <TaskInstance: ingest_data.get_data_to_ingest_from_local_file_task scheduled__2022-06-12T06:49:00+00:00 [queued]>
[2022-06-12 17:36:40,744] {taskinstance.py:1159} INFO - Dependencies all met for <TaskInstance: ingest_data.get_data_to_ingest_from_local_file_task scheduled__2022-06-12T06:49:00+00:00 [queued]>
[2022-06-12 17:36:40,745] {taskinstance.py:1356} INFO - 
--------------------------------------------------------------------------------
[2022-06-12 17:36:40,745] {taskinstance.py:1357} INFO - Starting attempt 1 of 1
[2022-06-12 17:36:40,746] {taskinstance.py:1358} INFO - 
--------------------------------------------------------------------------------
[2022-06-12 17:36:40,823] {taskinstance.py:1377} INFO - Executing <Task(_PythonDecoratedOperator): get_data_to_ingest_from_local_file_task> on 2022-06-12 06:49:00+00:00
[2022-06-12 17:36:40,829] {standard_task_runner.py:52} INFO - Started process 9814 to run task
[2022-06-12 17:36:40,846] {standard_task_runner.py:79} INFO - Running: ['airflow', 'tasks', 'run', 'ingest_data', 'get_data_to_ingest_from_local_file_task', 'scheduled__2022-06-12T06:49:00+00:00', '--job-id', '1211', '--raw', '--subdir', 'DAGS_FOLDER/ingestion_dag.py', '--cfg-path', '/tmp/tmp2ve6wlsj', '--error-file', '/tmp/tmpftaxbqz4']
[2022-06-12 17:36:40,847] {standard_task_runner.py:80} INFO - Job 1211: Subtask get_data_to_ingest_from_local_file_task
[2022-06-12 17:36:40,999] {task_command.py:370} INFO - Running <TaskInstance: ingest_data.get_data_to_ingest_from_local_file_task scheduled__2022-06-12T06:49:00+00:00 [running]> on host DESKTOP-GDPK8BL.localdomain
[2022-06-12 17:36:41,442] {taskinstance.py:1569} INFO - Exporting the following env vars:
AIRFLOW_CTX_DAG_OWNER=airflow
AIRFLOW_CTX_DAG_ID=ingest_data
AIRFLOW_CTX_TASK_ID=get_data_to_ingest_from_local_file_task
AIRFLOW_CTX_EXECUTION_DATE=2022-06-12T06:49:00+00:00
AIRFLOW_CTX_TRY_NUMBER=1
AIRFLOW_CTX_DAG_RUN_ID=scheduled__2022-06-12T06:49:00+00:00
[2022-06-12 17:36:41,510] {python.py:173} INFO - Done. Returned value was:           AT      V       AP     RH      PE
21002   5.53  35.79  1011.19  94.01  484.64
32508  19.15  57.76  1019.62  74.89  458.66
26801  27.43  64.96   999.72  67.94  431.21
37470  25.26  52.30  1006.65  64.64  442.76
34941  11.26  44.92  1023.63  88.99  474.69
[2022-06-12 17:36:41,666] {taskinstance.py:1395} INFO - Marking task as SUCCESS. dag_id=ingest_data, task_id=get_data_to_ingest_from_local_file_task, execution_date=20220612T064900, start_date=20220612T153640, end_date=20220612T153641
[2022-06-12 17:36:41,744] {local_task_job.py:156} INFO - Task exited with return code 0
[2022-06-12 17:36:41,975] {local_task_job.py:273} INFO - 1 downstream tasks scheduled from follow-on schedule check
