[2022-06-12 16:17:10,152] {taskinstance.py:1159} INFO - Dependencies all met for <TaskInstance: ingest_data.get_data_to_ingest_from_local_file_task scheduled__2022-06-11T23:03:00+00:00 [queued]>
[2022-06-12 16:17:10,186] {taskinstance.py:1159} INFO - Dependencies all met for <TaskInstance: ingest_data.get_data_to_ingest_from_local_file_task scheduled__2022-06-11T23:03:00+00:00 [queued]>
[2022-06-12 16:17:10,187] {taskinstance.py:1356} INFO - 
--------------------------------------------------------------------------------
[2022-06-12 16:17:10,188] {taskinstance.py:1357} INFO - Starting attempt 1 of 1
[2022-06-12 16:17:10,189] {taskinstance.py:1358} INFO - 
--------------------------------------------------------------------------------
[2022-06-12 16:17:10,260] {taskinstance.py:1377} INFO - Executing <Task(_PythonDecoratedOperator): get_data_to_ingest_from_local_file_task> on 2022-06-11 23:03:00+00:00
[2022-06-12 16:17:10,267] {standard_task_runner.py:52} INFO - Started process 2835 to run task
[2022-06-12 16:17:10,273] {standard_task_runner.py:79} INFO - Running: ['airflow', 'tasks', 'run', 'ingest_data', 'get_data_to_ingest_from_local_file_task', 'scheduled__2022-06-11T23:03:00+00:00', '--job-id', '280', '--raw', '--subdir', 'DAGS_FOLDER/ingestion_dag.py', '--cfg-path', '/tmp/tmp1d6rfrji', '--error-file', '/tmp/tmpkgfezbz1']
[2022-06-12 16:17:10,275] {standard_task_runner.py:80} INFO - Job 280: Subtask get_data_to_ingest_from_local_file_task
[2022-06-12 16:17:10,405] {task_command.py:370} INFO - Running <TaskInstance: ingest_data.get_data_to_ingest_from_local_file_task scheduled__2022-06-11T23:03:00+00:00 [running]> on host DESKTOP-GDPK8BL.localdomain
[2022-06-12 16:17:10,710] {taskinstance.py:1569} INFO - Exporting the following env vars:
AIRFLOW_CTX_DAG_OWNER=airflow
AIRFLOW_CTX_DAG_ID=ingest_data
AIRFLOW_CTX_TASK_ID=get_data_to_ingest_from_local_file_task
AIRFLOW_CTX_EXECUTION_DATE=2022-06-11T23:03:00+00:00
AIRFLOW_CTX_TRY_NUMBER=1
AIRFLOW_CTX_DAG_RUN_ID=scheduled__2022-06-11T23:03:00+00:00
[2022-06-12 16:17:10,776] {python.py:173} INFO - Done. Returned value was:           AT      V       AP     RH      PE
33241  20.88  57.85  1012.39  85.47  450.87
7726    9.65  44.68  1022.90  98.08  476.71
39165  10.81  45.00  1023.45  85.89  482.63
46086  17.33  42.28  1007.97  50.33  462.26
39167  25.32  61.25  1011.56  80.10  436.67
[2022-06-12 16:17:10,883] {taskinstance.py:1395} INFO - Marking task as SUCCESS. dag_id=ingest_data, task_id=get_data_to_ingest_from_local_file_task, execution_date=20220611T230300, start_date=20220612T141710, end_date=20220612T141710
[2022-06-12 16:17:10,971] {local_task_job.py:156} INFO - Task exited with return code 0
[2022-06-12 16:17:11,192] {local_task_job.py:273} INFO - 1 downstream tasks scheduled from follow-on schedule check
