[2022-06-12 17:09:55,780] {taskinstance.py:1159} INFO - Dependencies all met for <TaskInstance: ingest_data.get_data_to_ingest_from_local_file_task scheduled__2022-06-12T04:05:00+00:00 [queued]>
[2022-06-12 17:09:55,808] {taskinstance.py:1159} INFO - Dependencies all met for <TaskInstance: ingest_data.get_data_to_ingest_from_local_file_task scheduled__2022-06-12T04:05:00+00:00 [queued]>
[2022-06-12 17:09:55,809] {taskinstance.py:1356} INFO - 
--------------------------------------------------------------------------------
[2022-06-12 17:09:55,809] {taskinstance.py:1357} INFO - Starting attempt 1 of 1
[2022-06-12 17:09:55,810] {taskinstance.py:1358} INFO - 
--------------------------------------------------------------------------------
[2022-06-12 17:09:55,860] {taskinstance.py:1377} INFO - Executing <Task(_PythonDecoratedOperator): get_data_to_ingest_from_local_file_task> on 2022-06-12 04:05:00+00:00
[2022-06-12 17:09:55,866] {standard_task_runner.py:52} INFO - Started process 7386 to run task
[2022-06-12 17:09:55,871] {standard_task_runner.py:79} INFO - Running: ['airflow', 'tasks', 'run', 'ingest_data', 'get_data_to_ingest_from_local_file_task', 'scheduled__2022-06-12T04:05:00+00:00', '--job-id', '883', '--raw', '--subdir', 'DAGS_FOLDER/ingestion_dag.py', '--cfg-path', '/tmp/tmpaoe31kq5', '--error-file', '/tmp/tmpn01gppde']
[2022-06-12 17:09:55,872] {standard_task_runner.py:80} INFO - Job 883: Subtask get_data_to_ingest_from_local_file_task
[2022-06-12 17:09:56,037] {task_command.py:370} INFO - Running <TaskInstance: ingest_data.get_data_to_ingest_from_local_file_task scheduled__2022-06-12T04:05:00+00:00 [running]> on host DESKTOP-GDPK8BL.localdomain
[2022-06-12 17:09:56,478] {taskinstance.py:1569} INFO - Exporting the following env vars:
AIRFLOW_CTX_DAG_OWNER=airflow
AIRFLOW_CTX_DAG_ID=ingest_data
AIRFLOW_CTX_TASK_ID=get_data_to_ingest_from_local_file_task
AIRFLOW_CTX_EXECUTION_DATE=2022-06-12T04:05:00+00:00
AIRFLOW_CTX_TRY_NUMBER=1
AIRFLOW_CTX_DAG_RUN_ID=scheduled__2022-06-12T04:05:00+00:00
[2022-06-12 17:09:56,551] {python.py:173} INFO - Done. Returned value was:           AT      V       AP     RH      PE
45152  12.95  41.38  1021.97  53.83  474.46
1878   10.17  41.46  1020.01  84.86  482.36
16245  21.31  58.05  1012.94  88.39  446.76
21435  16.92  44.60  1017.34  58.75  460.17
16077  12.86  40.60  1013.60  84.85  472.04
[2022-06-12 17:09:56,695] {taskinstance.py:1395} INFO - Marking task as SUCCESS. dag_id=ingest_data, task_id=get_data_to_ingest_from_local_file_task, execution_date=20220612T040500, start_date=20220612T150955, end_date=20220612T150956
[2022-06-12 17:09:56,768] {local_task_job.py:156} INFO - Task exited with return code 0
[2022-06-12 17:09:56,982] {local_task_job.py:273} INFO - 1 downstream tasks scheduled from follow-on schedule check
