[2022-06-12 17:06:03,230] {taskinstance.py:1159} INFO - Dependencies all met for <TaskInstance: ingest_data.get_data_to_ingest_from_local_file_task scheduled__2022-06-12T03:44:00+00:00 [queued]>
[2022-06-12 17:06:03,288] {taskinstance.py:1159} INFO - Dependencies all met for <TaskInstance: ingest_data.get_data_to_ingest_from_local_file_task scheduled__2022-06-12T03:44:00+00:00 [queued]>
[2022-06-12 17:06:03,289] {taskinstance.py:1356} INFO - 
--------------------------------------------------------------------------------
[2022-06-12 17:06:03,290] {taskinstance.py:1357} INFO - Starting attempt 1 of 1
[2022-06-12 17:06:03,292] {taskinstance.py:1358} INFO - 
--------------------------------------------------------------------------------
[2022-06-12 17:06:03,441] {taskinstance.py:1377} INFO - Executing <Task(_PythonDecoratedOperator): get_data_to_ingest_from_local_file_task> on 2022-06-12 03:44:00+00:00
[2022-06-12 17:06:03,455] {standard_task_runner.py:52} INFO - Started process 7073 to run task
[2022-06-12 17:06:03,457] {standard_task_runner.py:79} INFO - Running: ['airflow', 'tasks', 'run', 'ingest_data', 'get_data_to_ingest_from_local_file_task', 'scheduled__2022-06-12T03:44:00+00:00', '--job-id', '841', '--raw', '--subdir', 'DAGS_FOLDER/ingestion_dag.py', '--cfg-path', '/tmp/tmps5azg896', '--error-file', '/tmp/tmpm45g4pob']
[2022-06-12 17:06:03,469] {standard_task_runner.py:80} INFO - Job 841: Subtask get_data_to_ingest_from_local_file_task
[2022-06-12 17:06:03,922] {task_command.py:370} INFO - Running <TaskInstance: ingest_data.get_data_to_ingest_from_local_file_task scheduled__2022-06-12T03:44:00+00:00 [running]> on host DESKTOP-GDPK8BL.localdomain
[2022-06-12 17:06:05,132] {taskinstance.py:1569} INFO - Exporting the following env vars:
AIRFLOW_CTX_DAG_OWNER=airflow
AIRFLOW_CTX_DAG_ID=ingest_data
AIRFLOW_CTX_TASK_ID=get_data_to_ingest_from_local_file_task
AIRFLOW_CTX_EXECUTION_DATE=2022-06-12T03:44:00+00:00
AIRFLOW_CTX_TRY_NUMBER=1
AIRFLOW_CTX_DAG_RUN_ID=scheduled__2022-06-12T03:44:00+00:00
[2022-06-12 17:06:05,371] {python.py:173} INFO - Done. Returned value was:           AT      V       AP     RH      PE
11356  13.05  44.34  1018.47  81.20  473.40
33114  27.98  74.87  1010.02  66.44  435.32
26476  26.63  73.68  1015.15  85.13  428.80
33991   6.07  38.91  1019.25  83.39  483.56
32979  19.32  52.84  1004.29  83.51  450.88
[2022-06-12 17:06:05,783] {taskinstance.py:1395} INFO - Marking task as SUCCESS. dag_id=ingest_data, task_id=get_data_to_ingest_from_local_file_task, execution_date=20220612T034400, start_date=20220612T150603, end_date=20220612T150605
[2022-06-12 17:06:05,902] {local_task_job.py:156} INFO - Task exited with return code 0
[2022-06-12 17:06:06,453] {local_task_job.py:273} INFO - 1 downstream tasks scheduled from follow-on schedule check
