[2022-06-12 16:41:17,711] {taskinstance.py:1159} INFO - Dependencies all met for <TaskInstance: ingest_data.get_data_to_ingest_from_local_file_task scheduled__2022-06-12T01:25:00+00:00 [queued]>
[2022-06-12 16:41:17,748] {taskinstance.py:1159} INFO - Dependencies all met for <TaskInstance: ingest_data.get_data_to_ingest_from_local_file_task scheduled__2022-06-12T01:25:00+00:00 [queued]>
[2022-06-12 16:41:17,749] {taskinstance.py:1356} INFO - 
--------------------------------------------------------------------------------
[2022-06-12 16:41:17,749] {taskinstance.py:1357} INFO - Starting attempt 1 of 1
[2022-06-12 16:41:17,750] {taskinstance.py:1358} INFO - 
--------------------------------------------------------------------------------
[2022-06-12 16:41:17,823] {taskinstance.py:1377} INFO - Executing <Task(_PythonDecoratedOperator): get_data_to_ingest_from_local_file_task> on 2022-06-12 01:25:00+00:00
[2022-06-12 16:41:17,829] {standard_task_runner.py:52} INFO - Started process 5012 to run task
[2022-06-12 16:41:17,836] {standard_task_runner.py:79} INFO - Running: ['airflow', 'tasks', 'run', 'ingest_data', 'get_data_to_ingest_from_local_file_task', 'scheduled__2022-06-12T01:25:00+00:00', '--job-id', '564', '--raw', '--subdir', 'DAGS_FOLDER/ingestion_dag.py', '--cfg-path', '/tmp/tmp5hu4pvvi', '--error-file', '/tmp/tmplujg6icl']
[2022-06-12 16:41:17,837] {standard_task_runner.py:80} INFO - Job 564: Subtask get_data_to_ingest_from_local_file_task
[2022-06-12 16:41:17,989] {task_command.py:370} INFO - Running <TaskInstance: ingest_data.get_data_to_ingest_from_local_file_task scheduled__2022-06-12T01:25:00+00:00 [running]> on host DESKTOP-GDPK8BL.localdomain
[2022-06-12 16:41:18,374] {taskinstance.py:1569} INFO - Exporting the following env vars:
AIRFLOW_CTX_DAG_OWNER=airflow
AIRFLOW_CTX_DAG_ID=ingest_data
AIRFLOW_CTX_TASK_ID=get_data_to_ingest_from_local_file_task
AIRFLOW_CTX_EXECUTION_DATE=2022-06-12T01:25:00+00:00
AIRFLOW_CTX_TRY_NUMBER=1
AIRFLOW_CTX_DAG_RUN_ID=scheduled__2022-06-12T01:25:00+00:00
[2022-06-12 16:41:18,448] {python.py:173} INFO - Done. Returned value was:           AT      V       AP     RH      PE
7616   20.55  68.63  1012.50  67.07  453.47
633    27.51  73.77  1002.42  90.88  436.91
11609  12.04  41.58  1018.02  88.91  464.45
19192  23.59  58.62  1017.81  66.68  448.09
47354  22.63  58.49  1010.94  72.70  448.38
[2022-06-12 16:41:18,576] {taskinstance.py:1395} INFO - Marking task as SUCCESS. dag_id=ingest_data, task_id=get_data_to_ingest_from_local_file_task, execution_date=20220612T012500, start_date=20220612T144117, end_date=20220612T144118
[2022-06-12 16:41:18,694] {local_task_job.py:156} INFO - Task exited with return code 0
[2022-06-12 16:41:18,924] {local_task_job.py:273} INFO - 1 downstream tasks scheduled from follow-on schedule check
