[2022-06-12 17:01:56,950] {taskinstance.py:1159} INFO - Dependencies all met for <TaskInstance: ingest_data.get_data_to_ingest_from_local_file_task scheduled__2022-06-12T03:21:00+00:00 [queued]>
[2022-06-12 17:01:56,982] {taskinstance.py:1159} INFO - Dependencies all met for <TaskInstance: ingest_data.get_data_to_ingest_from_local_file_task scheduled__2022-06-12T03:21:00+00:00 [queued]>
[2022-06-12 17:01:56,982] {taskinstance.py:1356} INFO - 
--------------------------------------------------------------------------------
[2022-06-12 17:01:56,983] {taskinstance.py:1357} INFO - Starting attempt 1 of 1
[2022-06-12 17:01:56,984] {taskinstance.py:1358} INFO - 
--------------------------------------------------------------------------------
[2022-06-12 17:01:57,050] {taskinstance.py:1377} INFO - Executing <Task(_PythonDecoratedOperator): get_data_to_ingest_from_local_file_task> on 2022-06-12 03:21:00+00:00
[2022-06-12 17:01:57,059] {standard_task_runner.py:52} INFO - Started process 6733 to run task
[2022-06-12 17:01:57,066] {standard_task_runner.py:79} INFO - Running: ['airflow', 'tasks', 'run', 'ingest_data', 'get_data_to_ingest_from_local_file_task', 'scheduled__2022-06-12T03:21:00+00:00', '--job-id', '795', '--raw', '--subdir', 'DAGS_FOLDER/ingestion_dag.py', '--cfg-path', '/tmp/tmp210m3663', '--error-file', '/tmp/tmpkhb07k1w']
[2022-06-12 17:01:57,068] {standard_task_runner.py:80} INFO - Job 795: Subtask get_data_to_ingest_from_local_file_task
[2022-06-12 17:01:57,265] {task_command.py:370} INFO - Running <TaskInstance: ingest_data.get_data_to_ingest_from_local_file_task scheduled__2022-06-12T03:21:00+00:00 [running]> on host DESKTOP-GDPK8BL.localdomain
[2022-06-12 17:01:57,743] {taskinstance.py:1569} INFO - Exporting the following env vars:
AIRFLOW_CTX_DAG_OWNER=airflow
AIRFLOW_CTX_DAG_ID=ingest_data
AIRFLOW_CTX_TASK_ID=get_data_to_ingest_from_local_file_task
AIRFLOW_CTX_EXECUTION_DATE=2022-06-12T03:21:00+00:00
AIRFLOW_CTX_TRY_NUMBER=1
AIRFLOW_CTX_DAG_RUN_ID=scheduled__2022-06-12T03:21:00+00:00
[2022-06-12 17:01:57,820] {python.py:173} INFO - Done. Returned value was:           AT      V       AP     RH      PE
27296  11.68  40.23  1018.49  83.43  475.47
37154  22.61  49.30  1003.51  83.02  441.76
33605  25.07  60.27  1018.13  70.33  439.52
25019  26.59  59.92  1009.97  70.09  438.22
47508   3.99  39.90  1009.74  96.81  490.91
[2022-06-12 17:01:57,984] {taskinstance.py:1395} INFO - Marking task as SUCCESS. dag_id=ingest_data, task_id=get_data_to_ingest_from_local_file_task, execution_date=20220612T032100, start_date=20220612T150156, end_date=20220612T150157
[2022-06-12 17:01:58,053] {local_task_job.py:156} INFO - Task exited with return code 0
[2022-06-12 17:01:58,287] {local_task_job.py:273} INFO - 1 downstream tasks scheduled from follow-on schedule check
