[2022-06-12 17:11:45,722] {taskinstance.py:1159} INFO - Dependencies all met for <TaskInstance: ingest_data.get_data_to_ingest_from_local_file_task scheduled__2022-06-12T04:16:00+00:00 [queued]>
[2022-06-12 17:11:45,760] {taskinstance.py:1159} INFO - Dependencies all met for <TaskInstance: ingest_data.get_data_to_ingest_from_local_file_task scheduled__2022-06-12T04:16:00+00:00 [queued]>
[2022-06-12 17:11:45,761] {taskinstance.py:1356} INFO - 
--------------------------------------------------------------------------------
[2022-06-12 17:11:45,761] {taskinstance.py:1357} INFO - Starting attempt 1 of 1
[2022-06-12 17:11:45,762] {taskinstance.py:1358} INFO - 
--------------------------------------------------------------------------------
[2022-06-12 17:11:45,841] {taskinstance.py:1377} INFO - Executing <Task(_PythonDecoratedOperator): get_data_to_ingest_from_local_file_task> on 2022-06-12 04:16:00+00:00
[2022-06-12 17:11:45,847] {standard_task_runner.py:52} INFO - Started process 7549 to run task
[2022-06-12 17:11:45,858] {standard_task_runner.py:79} INFO - Running: ['airflow', 'tasks', 'run', 'ingest_data', 'get_data_to_ingest_from_local_file_task', 'scheduled__2022-06-12T04:16:00+00:00', '--job-id', '905', '--raw', '--subdir', 'DAGS_FOLDER/ingestion_dag.py', '--cfg-path', '/tmp/tmpyxdzt8vg', '--error-file', '/tmp/tmp6gg48pcb']
[2022-06-12 17:11:45,860] {standard_task_runner.py:80} INFO - Job 905: Subtask get_data_to_ingest_from_local_file_task
[2022-06-12 17:11:46,000] {task_command.py:370} INFO - Running <TaskInstance: ingest_data.get_data_to_ingest_from_local_file_task scheduled__2022-06-12T04:16:00+00:00 [running]> on host DESKTOP-GDPK8BL.localdomain
[2022-06-12 17:11:46,434] {taskinstance.py:1569} INFO - Exporting the following env vars:
AIRFLOW_CTX_DAG_OWNER=airflow
AIRFLOW_CTX_DAG_ID=ingest_data
AIRFLOW_CTX_TASK_ID=get_data_to_ingest_from_local_file_task
AIRFLOW_CTX_EXECUTION_DATE=2022-06-12T04:16:00+00:00
AIRFLOW_CTX_TRY_NUMBER=1
AIRFLOW_CTX_DAG_RUN_ID=scheduled__2022-06-12T04:16:00+00:00
[2022-06-12 17:11:46,520] {python.py:173} INFO - Done. Returned value was:           AT      V       AP     RH      PE
36191  28.86  73.40  1011.37  58.76  439.33
24509  25.85  67.69  1007.70  70.14  434.00
40668  23.37  65.46  1016.25  48.64  447.07
3832   15.36  41.35  1002.40  91.67  465.01
16908  25.69  64.45  1013.05  42.00  450.94
[2022-06-12 17:11:46,757] {taskinstance.py:1395} INFO - Marking task as SUCCESS. dag_id=ingest_data, task_id=get_data_to_ingest_from_local_file_task, execution_date=20220612T041600, start_date=20220612T151145, end_date=20220612T151146
[2022-06-12 17:11:46,880] {local_task_job.py:156} INFO - Task exited with return code 0
[2022-06-12 17:11:47,147] {local_task_job.py:273} INFO - 1 downstream tasks scheduled from follow-on schedule check
