[2022-06-12 17:24:17,970] {taskinstance.py:1159} INFO - Dependencies all met for <TaskInstance: ingest_data.get_data_to_ingest_from_local_file_task scheduled__2022-06-12T05:30:00+00:00 [queued]>
[2022-06-12 17:24:18,002] {taskinstance.py:1159} INFO - Dependencies all met for <TaskInstance: ingest_data.get_data_to_ingest_from_local_file_task scheduled__2022-06-12T05:30:00+00:00 [queued]>
[2022-06-12 17:24:18,002] {taskinstance.py:1356} INFO - 
--------------------------------------------------------------------------------
[2022-06-12 17:24:18,003] {taskinstance.py:1357} INFO - Starting attempt 1 of 1
[2022-06-12 17:24:18,004] {taskinstance.py:1358} INFO - 
--------------------------------------------------------------------------------
[2022-06-12 17:24:18,060] {taskinstance.py:1377} INFO - Executing <Task(_PythonDecoratedOperator): get_data_to_ingest_from_local_file_task> on 2022-06-12 05:30:00+00:00
[2022-06-12 17:24:18,066] {standard_task_runner.py:52} INFO - Started process 8648 to run task
[2022-06-12 17:24:18,072] {standard_task_runner.py:79} INFO - Running: ['airflow', 'tasks', 'run', 'ingest_data', 'get_data_to_ingest_from_local_file_task', 'scheduled__2022-06-12T05:30:00+00:00', '--job-id', '1053', '--raw', '--subdir', 'DAGS_FOLDER/ingestion_dag.py', '--cfg-path', '/tmp/tmpbtmcgayp', '--error-file', '/tmp/tmpiun1nw9w']
[2022-06-12 17:24:18,074] {standard_task_runner.py:80} INFO - Job 1053: Subtask get_data_to_ingest_from_local_file_task
[2022-06-12 17:24:18,230] {task_command.py:370} INFO - Running <TaskInstance: ingest_data.get_data_to_ingest_from_local_file_task scheduled__2022-06-12T05:30:00+00:00 [running]> on host DESKTOP-GDPK8BL.localdomain
[2022-06-12 17:24:18,646] {taskinstance.py:1569} INFO - Exporting the following env vars:
AIRFLOW_CTX_DAG_OWNER=airflow
AIRFLOW_CTX_DAG_ID=ingest_data
AIRFLOW_CTX_TASK_ID=get_data_to_ingest_from_local_file_task
AIRFLOW_CTX_EXECUTION_DATE=2022-06-12T05:30:00+00:00
AIRFLOW_CTX_TRY_NUMBER=1
AIRFLOW_CTX_DAG_RUN_ID=scheduled__2022-06-12T05:30:00+00:00
[2022-06-12 17:24:18,730] {python.py:173} INFO - Done. Returned value was:           AT      V       AP     RH      PE
28890  31.95  67.17  1007.11  61.58  432.60
41883  11.18  39.61  1018.56  68.00  468.75
28659  13.70  45.64  1019.18  92.66  467.90
38394  23.39  71.25  1005.22  93.70  435.68
27894  21.23  68.08  1012.82  74.57  445.41
[2022-06-12 17:24:18,880] {taskinstance.py:1395} INFO - Marking task as SUCCESS. dag_id=ingest_data, task_id=get_data_to_ingest_from_local_file_task, execution_date=20220612T053000, start_date=20220612T152417, end_date=20220612T152418
[2022-06-12 17:24:18,974] {local_task_job.py:156} INFO - Task exited with return code 0
[2022-06-12 17:24:19,201] {local_task_job.py:273} INFO - 1 downstream tasks scheduled from follow-on schedule check
