[2022-06-12 16:04:27,033] {taskinstance.py:1159} INFO - Dependencies all met for <TaskInstance: ingest_data.get_data_to_ingest_from_local_file_task scheduled__2022-06-11T21:50:00+00:00 [queued]>
[2022-06-12 16:04:27,059] {taskinstance.py:1159} INFO - Dependencies all met for <TaskInstance: ingest_data.get_data_to_ingest_from_local_file_task scheduled__2022-06-11T21:50:00+00:00 [queued]>
[2022-06-12 16:04:27,060] {taskinstance.py:1356} INFO - 
--------------------------------------------------------------------------------
[2022-06-12 16:04:27,060] {taskinstance.py:1357} INFO - Starting attempt 1 of 1
[2022-06-12 16:04:27,061] {taskinstance.py:1358} INFO - 
--------------------------------------------------------------------------------
[2022-06-12 16:04:27,131] {taskinstance.py:1377} INFO - Executing <Task(_PythonDecoratedOperator): get_data_to_ingest_from_local_file_task> on 2022-06-11 21:50:00+00:00
[2022-06-12 16:04:27,138] {standard_task_runner.py:52} INFO - Started process 1594 to run task
[2022-06-12 16:04:27,143] {standard_task_runner.py:79} INFO - Running: ['airflow', 'tasks', 'run', 'ingest_data', 'get_data_to_ingest_from_local_file_task', 'scheduled__2022-06-11T21:50:00+00:00', '--job-id', '134', '--raw', '--subdir', 'DAGS_FOLDER/ingestion_dag.py', '--cfg-path', '/tmp/tmpbpn4hucn', '--error-file', '/tmp/tmpmru5jhux']
[2022-06-12 16:04:27,145] {standard_task_runner.py:80} INFO - Job 134: Subtask get_data_to_ingest_from_local_file_task
[2022-06-12 16:04:27,289] {task_command.py:370} INFO - Running <TaskInstance: ingest_data.get_data_to_ingest_from_local_file_task scheduled__2022-06-11T21:50:00+00:00 [running]> on host DESKTOP-GDPK8BL.localdomain
[2022-06-12 16:04:27,615] {taskinstance.py:1569} INFO - Exporting the following env vars:
AIRFLOW_CTX_DAG_OWNER=airflow
AIRFLOW_CTX_DAG_ID=ingest_data
AIRFLOW_CTX_TASK_ID=get_data_to_ingest_from_local_file_task
AIRFLOW_CTX_EXECUTION_DATE=2022-06-11T21:50:00+00:00
AIRFLOW_CTX_TRY_NUMBER=1
AIRFLOW_CTX_DAG_RUN_ID=scheduled__2022-06-11T21:50:00+00:00
[2022-06-12 16:04:27,682] {python.py:173} INFO - Done. Returned value was:           AT      V       AP     RH      PE
47113  16.64  45.87  1009.02  98.86  456.79
30532  10.03  40.96  1024.57  91.10  478.79
4972   13.85  45.08  1024.86  83.85  468.35
13251  13.51  40.10  1014.29  86.34  470.65
3524   27.78  60.07  1014.66  53.74  439.43
[2022-06-12 16:04:27,792] {taskinstance.py:1395} INFO - Marking task as SUCCESS. dag_id=ingest_data, task_id=get_data_to_ingest_from_local_file_task, execution_date=20220611T215000, start_date=20220612T140427, end_date=20220612T140427
[2022-06-12 16:04:27,881] {local_task_job.py:156} INFO - Task exited with return code 0
[2022-06-12 16:04:28,094] {local_task_job.py:273} INFO - 1 downstream tasks scheduled from follow-on schedule check
