[2022-06-12 17:13:50,510] {taskinstance.py:1159} INFO - Dependencies all met for <TaskInstance: ingest_data.get_data_to_ingest_from_local_file_task scheduled__2022-06-12T04:27:00+00:00 [queued]>
[2022-06-12 17:13:50,553] {taskinstance.py:1159} INFO - Dependencies all met for <TaskInstance: ingest_data.get_data_to_ingest_from_local_file_task scheduled__2022-06-12T04:27:00+00:00 [queued]>
[2022-06-12 17:13:50,554] {taskinstance.py:1356} INFO - 
--------------------------------------------------------------------------------
[2022-06-12 17:13:50,555] {taskinstance.py:1357} INFO - Starting attempt 1 of 1
[2022-06-12 17:13:50,556] {taskinstance.py:1358} INFO - 
--------------------------------------------------------------------------------
[2022-06-12 17:13:50,641] {taskinstance.py:1377} INFO - Executing <Task(_PythonDecoratedOperator): get_data_to_ingest_from_local_file_task> on 2022-06-12 04:27:00+00:00
[2022-06-12 17:13:50,648] {standard_task_runner.py:52} INFO - Started process 7722 to run task
[2022-06-12 17:13:50,655] {standard_task_runner.py:79} INFO - Running: ['airflow', 'tasks', 'run', 'ingest_data', 'get_data_to_ingest_from_local_file_task', 'scheduled__2022-06-12T04:27:00+00:00', '--job-id', '928', '--raw', '--subdir', 'DAGS_FOLDER/ingestion_dag.py', '--cfg-path', '/tmp/tmpnbim4y44', '--error-file', '/tmp/tmpon9ctjtw']
[2022-06-12 17:13:50,667] {standard_task_runner.py:80} INFO - Job 928: Subtask get_data_to_ingest_from_local_file_task
[2022-06-12 17:13:50,840] {task_command.py:370} INFO - Running <TaskInstance: ingest_data.get_data_to_ingest_from_local_file_task scheduled__2022-06-12T04:27:00+00:00 [running]> on host DESKTOP-GDPK8BL.localdomain
[2022-06-12 17:13:51,271] {taskinstance.py:1569} INFO - Exporting the following env vars:
AIRFLOW_CTX_DAG_OWNER=airflow
AIRFLOW_CTX_DAG_ID=ingest_data
AIRFLOW_CTX_TASK_ID=get_data_to_ingest_from_local_file_task
AIRFLOW_CTX_EXECUTION_DATE=2022-06-12T04:27:00+00:00
AIRFLOW_CTX_TRY_NUMBER=1
AIRFLOW_CTX_DAG_RUN_ID=scheduled__2022-06-12T04:27:00+00:00
[2022-06-12 17:13:51,344] {python.py:173} INFO - Done. Returned value was:           AT      V       AP     RH      PE
4899   30.80  73.56  1007.39  75.78  432.43
34418  21.86  49.21  1014.61  53.31  452.77
20272  25.97  43.21  1011.90  88.73  434.83
22385   9.92  40.64  1020.39  95.41  469.65
36448  10.63  44.20  1018.63  90.26  477.19
[2022-06-12 17:13:51,492] {taskinstance.py:1395} INFO - Marking task as SUCCESS. dag_id=ingest_data, task_id=get_data_to_ingest_from_local_file_task, execution_date=20220612T042700, start_date=20220612T151350, end_date=20220612T151351
[2022-06-12 17:13:51,562] {local_task_job.py:156} INFO - Task exited with return code 0
[2022-06-12 17:13:51,788] {local_task_job.py:273} INFO - 1 downstream tasks scheduled from follow-on schedule check
