[2022-06-12 17:31:03,279] {taskinstance.py:1159} INFO - Dependencies all met for <TaskInstance: ingest_data.get_data_to_ingest_from_local_file_task scheduled__2022-06-12T06:13:00+00:00 [queued]>
[2022-06-12 17:31:03,307] {taskinstance.py:1159} INFO - Dependencies all met for <TaskInstance: ingest_data.get_data_to_ingest_from_local_file_task scheduled__2022-06-12T06:13:00+00:00 [queued]>
[2022-06-12 17:31:03,307] {taskinstance.py:1356} INFO - 
--------------------------------------------------------------------------------
[2022-06-12 17:31:03,308] {taskinstance.py:1357} INFO - Starting attempt 1 of 1
[2022-06-12 17:31:03,308] {taskinstance.py:1358} INFO - 
--------------------------------------------------------------------------------
[2022-06-12 17:31:03,359] {taskinstance.py:1377} INFO - Executing <Task(_PythonDecoratedOperator): get_data_to_ingest_from_local_file_task> on 2022-06-12 06:13:00+00:00
[2022-06-12 17:31:03,365] {standard_task_runner.py:52} INFO - Started process 9283 to run task
[2022-06-12 17:31:03,371] {standard_task_runner.py:79} INFO - Running: ['airflow', 'tasks', 'run', 'ingest_data', 'get_data_to_ingest_from_local_file_task', 'scheduled__2022-06-12T06:13:00+00:00', '--job-id', '1139', '--raw', '--subdir', 'DAGS_FOLDER/ingestion_dag.py', '--cfg-path', '/tmp/tmp0hdfbz13', '--error-file', '/tmp/tmptyt8qmoy']
[2022-06-12 17:31:03,372] {standard_task_runner.py:80} INFO - Job 1139: Subtask get_data_to_ingest_from_local_file_task
[2022-06-12 17:31:03,565] {task_command.py:370} INFO - Running <TaskInstance: ingest_data.get_data_to_ingest_from_local_file_task scheduled__2022-06-12T06:13:00+00:00 [running]> on host DESKTOP-GDPK8BL.localdomain
[2022-06-12 17:31:04,002] {taskinstance.py:1569} INFO - Exporting the following env vars:
AIRFLOW_CTX_DAG_OWNER=airflow
AIRFLOW_CTX_DAG_ID=ingest_data
AIRFLOW_CTX_TASK_ID=get_data_to_ingest_from_local_file_task
AIRFLOW_CTX_EXECUTION_DATE=2022-06-12T06:13:00+00:00
AIRFLOW_CTX_TRY_NUMBER=1
AIRFLOW_CTX_DAG_RUN_ID=scheduled__2022-06-12T06:13:00+00:00
[2022-06-12 17:31:04,082] {python.py:173} INFO - Done. Returned value was:           AT      V       AP     RH      PE
5917   22.44  58.16  1017.28  63.68  452.71
13793  14.02  44.85  1016.54  75.73  469.53
25038  33.20  70.80  1008.75  59.41  430.71
36311  21.01  60.10  1010.93  78.60  450.99
11625  10.12  41.78  1013.43  73.47  477.67
[2022-06-12 17:31:04,241] {taskinstance.py:1395} INFO - Marking task as SUCCESS. dag_id=ingest_data, task_id=get_data_to_ingest_from_local_file_task, execution_date=20220612T061300, start_date=20220612T153103, end_date=20220612T153104
[2022-06-12 17:31:04,350] {local_task_job.py:156} INFO - Task exited with return code 0
[2022-06-12 17:31:04,570] {local_task_job.py:273} INFO - 1 downstream tasks scheduled from follow-on schedule check
