[2022-06-12 17:40:28,434] {taskinstance.py:1159} INFO - Dependencies all met for <TaskInstance: ingest_data.get_data_to_ingest_from_local_file_task scheduled__2022-06-12T07:13:00+00:00 [queued]>
[2022-06-12 17:40:28,470] {taskinstance.py:1159} INFO - Dependencies all met for <TaskInstance: ingest_data.get_data_to_ingest_from_local_file_task scheduled__2022-06-12T07:13:00+00:00 [queued]>
[2022-06-12 17:40:28,471] {taskinstance.py:1356} INFO - 
--------------------------------------------------------------------------------
[2022-06-12 17:40:28,472] {taskinstance.py:1357} INFO - Starting attempt 1 of 1
[2022-06-12 17:40:28,472] {taskinstance.py:1358} INFO - 
--------------------------------------------------------------------------------
[2022-06-12 17:40:28,542] {taskinstance.py:1377} INFO - Executing <Task(_PythonDecoratedOperator): get_data_to_ingest_from_local_file_task> on 2022-06-12 07:13:00+00:00
[2022-06-12 17:40:28,548] {standard_task_runner.py:52} INFO - Started process 10170 to run task
[2022-06-12 17:40:28,561] {standard_task_runner.py:79} INFO - Running: ['airflow', 'tasks', 'run', 'ingest_data', 'get_data_to_ingest_from_local_file_task', 'scheduled__2022-06-12T07:13:00+00:00', '--job-id', '1259', '--raw', '--subdir', 'DAGS_FOLDER/ingestion_dag.py', '--cfg-path', '/tmp/tmpspzu0spx', '--error-file', '/tmp/tmpnuro33vx']
[2022-06-12 17:40:28,563] {standard_task_runner.py:80} INFO - Job 1259: Subtask get_data_to_ingest_from_local_file_task
[2022-06-12 17:40:28,730] {task_command.py:370} INFO - Running <TaskInstance: ingest_data.get_data_to_ingest_from_local_file_task scheduled__2022-06-12T07:13:00+00:00 [running]> on host DESKTOP-GDPK8BL.localdomain
[2022-06-12 17:40:29,128] {taskinstance.py:1569} INFO - Exporting the following env vars:
AIRFLOW_CTX_DAG_OWNER=airflow
AIRFLOW_CTX_DAG_ID=ingest_data
AIRFLOW_CTX_TASK_ID=get_data_to_ingest_from_local_file_task
AIRFLOW_CTX_EXECUTION_DATE=2022-06-12T07:13:00+00:00
AIRFLOW_CTX_TRY_NUMBER=1
AIRFLOW_CTX_DAG_RUN_ID=scheduled__2022-06-12T07:13:00+00:00
[2022-06-12 17:40:29,205] {python.py:173} INFO - Done. Returned value was:           AT      V       AP     RH      PE
24610  29.45  68.84  1011.64  59.70  438.41
12892  29.44  64.33  1011.40  61.78  442.32
29836  12.80  39.16  1015.94  89.83  472.47
45765   5.62  40.62  1015.81  85.34  483.13
41062  23.02  63.47  1012.21  80.61  443.66
[2022-06-12 17:40:29,347] {taskinstance.py:1395} INFO - Marking task as SUCCESS. dag_id=ingest_data, task_id=get_data_to_ingest_from_local_file_task, execution_date=20220612T071300, start_date=20220612T154028, end_date=20220612T154029
[2022-06-12 17:40:29,422] {local_task_job.py:156} INFO - Task exited with return code 0
[2022-06-12 17:40:29,652] {local_task_job.py:273} INFO - 1 downstream tasks scheduled from follow-on schedule check
