[2022-06-12 17:38:04,179] {taskinstance.py:1159} INFO - Dependencies all met for <TaskInstance: ingest_data.get_data_to_ingest_from_local_file_task scheduled__2022-06-12T06:58:00+00:00 [queued]>
[2022-06-12 17:38:04,215] {taskinstance.py:1159} INFO - Dependencies all met for <TaskInstance: ingest_data.get_data_to_ingest_from_local_file_task scheduled__2022-06-12T06:58:00+00:00 [queued]>
[2022-06-12 17:38:04,215] {taskinstance.py:1356} INFO - 
--------------------------------------------------------------------------------
[2022-06-12 17:38:04,216] {taskinstance.py:1357} INFO - Starting attempt 1 of 1
[2022-06-12 17:38:04,217] {taskinstance.py:1358} INFO - 
--------------------------------------------------------------------------------
[2022-06-12 17:38:04,291] {taskinstance.py:1377} INFO - Executing <Task(_PythonDecoratedOperator): get_data_to_ingest_from_local_file_task> on 2022-06-12 06:58:00+00:00
[2022-06-12 17:38:04,305] {standard_task_runner.py:52} INFO - Started process 9948 to run task
[2022-06-12 17:38:04,309] {standard_task_runner.py:79} INFO - Running: ['airflow', 'tasks', 'run', 'ingest_data', 'get_data_to_ingest_from_local_file_task', 'scheduled__2022-06-12T06:58:00+00:00', '--job-id', '1229', '--raw', '--subdir', 'DAGS_FOLDER/ingestion_dag.py', '--cfg-path', '/tmp/tmphn6nt6mh', '--error-file', '/tmp/tmpqyik9_fe']
[2022-06-12 17:38:04,311] {standard_task_runner.py:80} INFO - Job 1229: Subtask get_data_to_ingest_from_local_file_task
[2022-06-12 17:38:04,449] {task_command.py:370} INFO - Running <TaskInstance: ingest_data.get_data_to_ingest_from_local_file_task scheduled__2022-06-12T06:58:00+00:00 [running]> on host DESKTOP-GDPK8BL.localdomain
[2022-06-12 17:38:04,838] {taskinstance.py:1569} INFO - Exporting the following env vars:
AIRFLOW_CTX_DAG_OWNER=airflow
AIRFLOW_CTX_DAG_ID=ingest_data
AIRFLOW_CTX_TASK_ID=get_data_to_ingest_from_local_file_task
AIRFLOW_CTX_EXECUTION_DATE=2022-06-12T06:58:00+00:00
AIRFLOW_CTX_TRY_NUMBER=1
AIRFLOW_CTX_DAG_RUN_ID=scheduled__2022-06-12T06:58:00+00:00
[2022-06-12 17:38:04,906] {python.py:173} INFO - Done. Returned value was:           AT      V       AP     RH      PE
1012   15.63  44.90  1009.38  82.80  457.44
41726  28.84  74.67  1016.52  67.43  428.98
33107  24.66  72.24  1011.35  77.45  434.33
29143  21.30  66.86  1013.04  55.43  450.56
34351  25.38  71.73  1009.97  72.60  434.44
[2022-06-12 17:38:05,039] {taskinstance.py:1395} INFO - Marking task as SUCCESS. dag_id=ingest_data, task_id=get_data_to_ingest_from_local_file_task, execution_date=20220612T065800, start_date=20220612T153804, end_date=20220612T153805
[2022-06-12 17:38:05,130] {local_task_job.py:156} INFO - Task exited with return code 0
[2022-06-12 17:38:05,362] {local_task_job.py:273} INFO - 1 downstream tasks scheduled from follow-on schedule check
