[2022-06-12 17:49:15,819] {taskinstance.py:1159} INFO - Dependencies all met for <TaskInstance: ingest_data.get_data_to_ingest_from_local_file_task scheduled__2022-06-12T08:08:00+00:00 [queued]>
[2022-06-12 17:49:15,855] {taskinstance.py:1159} INFO - Dependencies all met for <TaskInstance: ingest_data.get_data_to_ingest_from_local_file_task scheduled__2022-06-12T08:08:00+00:00 [queued]>
[2022-06-12 17:49:15,856] {taskinstance.py:1356} INFO - 
--------------------------------------------------------------------------------
[2022-06-12 17:49:15,857] {taskinstance.py:1357} INFO - Starting attempt 1 of 1
[2022-06-12 17:49:15,858] {taskinstance.py:1358} INFO - 
--------------------------------------------------------------------------------
[2022-06-12 17:49:15,925] {taskinstance.py:1377} INFO - Executing <Task(_PythonDecoratedOperator): get_data_to_ingest_from_local_file_task> on 2022-06-12 08:08:00+00:00
[2022-06-12 17:49:15,937] {standard_task_runner.py:79} INFO - Running: ['airflow', 'tasks', 'run', 'ingest_data', 'get_data_to_ingest_from_local_file_task', 'scheduled__2022-06-12T08:08:00+00:00', '--job-id', '1370', '--raw', '--subdir', 'DAGS_FOLDER/ingestion_dag.py', '--cfg-path', '/tmp/tmp23zt2ol4', '--error-file', '/tmp/tmp2niuyc70']
[2022-06-12 17:49:15,939] {standard_task_runner.py:80} INFO - Job 1370: Subtask get_data_to_ingest_from_local_file_task
[2022-06-12 17:49:15,931] {standard_task_runner.py:52} INFO - Started process 10990 to run task
[2022-06-12 17:49:16,096] {task_command.py:370} INFO - Running <TaskInstance: ingest_data.get_data_to_ingest_from_local_file_task scheduled__2022-06-12T08:08:00+00:00 [running]> on host DESKTOP-GDPK8BL.localdomain
[2022-06-12 17:49:16,542] {taskinstance.py:1569} INFO - Exporting the following env vars:
AIRFLOW_CTX_DAG_OWNER=airflow
AIRFLOW_CTX_DAG_ID=ingest_data
AIRFLOW_CTX_TASK_ID=get_data_to_ingest_from_local_file_task
AIRFLOW_CTX_EXECUTION_DATE=2022-06-12T08:08:00+00:00
AIRFLOW_CTX_TRY_NUMBER=1
AIRFLOW_CTX_DAG_RUN_ID=scheduled__2022-06-12T08:08:00+00:00
[2022-06-12 17:49:16,623] {python.py:173} INFO - Done. Returned value was:           AT      V       AP     RH      PE
24071  10.15  39.22  1020.09  68.75  474.87
5864   12.24  34.03  1018.44  69.27  474.18
33875  15.54  41.23   995.45  83.73  463.06
34241   4.00  39.90  1009.64  97.16  490.79
36467  20.15  65.59  1014.62  79.39  449.84
[2022-06-12 17:49:16,794] {taskinstance.py:1395} INFO - Marking task as SUCCESS. dag_id=ingest_data, task_id=get_data_to_ingest_from_local_file_task, execution_date=20220612T080800, start_date=20220612T154915, end_date=20220612T154916
[2022-06-12 17:49:16,884] {local_task_job.py:156} INFO - Task exited with return code 0
[2022-06-12 17:49:17,119] {local_task_job.py:273} INFO - 1 downstream tasks scheduled from follow-on schedule check
