[2022-06-12 14:48:51,252] {taskinstance.py:1159} INFO - Dependencies all met for <TaskInstance: ingest_data.get_data_to_ingest_from_local_file_task scheduled__2022-06-11T21:27:00+00:00 [queued]>
[2022-06-12 14:48:51,274] {taskinstance.py:1159} INFO - Dependencies all met for <TaskInstance: ingest_data.get_data_to_ingest_from_local_file_task scheduled__2022-06-11T21:27:00+00:00 [queued]>
[2022-06-12 14:48:51,274] {taskinstance.py:1356} INFO - 
--------------------------------------------------------------------------------
[2022-06-12 14:48:51,275] {taskinstance.py:1357} INFO - Starting attempt 1 of 1
[2022-06-12 14:48:51,276] {taskinstance.py:1358} INFO - 
--------------------------------------------------------------------------------
[2022-06-12 14:48:51,336] {taskinstance.py:1377} INFO - Executing <Task(_PythonDecoratedOperator): get_data_to_ingest_from_local_file_task> on 2022-06-11 21:27:00+00:00
[2022-06-12 14:48:51,351] {standard_task_runner.py:52} INFO - Started process 1201 to run task
[2022-06-12 14:48:51,361] {standard_task_runner.py:79} INFO - Running: ['airflow', 'tasks', 'run', 'ingest_data', 'get_data_to_ingest_from_local_file_task', 'scheduled__2022-06-11T21:27:00+00:00', '--job-id', '88', '--raw', '--subdir', 'DAGS_FOLDER/ingestion_dag.py', '--cfg-path', '/tmp/tmpckq9s8te', '--error-file', '/tmp/tmpj6bu3ywt']
[2022-06-12 14:48:51,363] {standard_task_runner.py:80} INFO - Job 88: Subtask get_data_to_ingest_from_local_file_task
[2022-06-12 14:48:51,560] {task_command.py:370} INFO - Running <TaskInstance: ingest_data.get_data_to_ingest_from_local_file_task scheduled__2022-06-11T21:27:00+00:00 [running]> on host DESKTOP-GDPK8BL.localdomain
[2022-06-12 14:48:51,907] {taskinstance.py:1569} INFO - Exporting the following env vars:
AIRFLOW_CTX_DAG_OWNER=airflow
AIRFLOW_CTX_DAG_ID=ingest_data
AIRFLOW_CTX_TASK_ID=get_data_to_ingest_from_local_file_task
AIRFLOW_CTX_EXECUTION_DATE=2022-06-11T21:27:00+00:00
AIRFLOW_CTX_TRY_NUMBER=1
AIRFLOW_CTX_DAG_RUN_ID=scheduled__2022-06-11T21:27:00+00:00
[2022-06-12 14:48:51,981] {python.py:173} INFO - Done. Returned value was:           AT      V       AP     RH      PE
9132   25.63  48.92  1009.99  34.64  439.87
42443  13.98  40.24  1017.19  87.45  467.20
24920  18.15  41.67  1012.75  52.69  464.44
44970  24.14  59.87  1018.47  57.76  444.04
16717  28.24  65.27  1013.43  48.74  439.36
[2022-06-12 14:48:52,120] {taskinstance.py:1395} INFO - Marking task as SUCCESS. dag_id=ingest_data, task_id=get_data_to_ingest_from_local_file_task, execution_date=20220611T212700, start_date=20220612T124851, end_date=20220612T124852
[2022-06-12 14:48:52,218] {local_task_job.py:156} INFO - Task exited with return code 0
[2022-06-12 14:48:52,450] {local_task_job.py:273} INFO - 1 downstream tasks scheduled from follow-on schedule check
