[2022-06-12 17:12:17,479] {taskinstance.py:1159} INFO - Dependencies all met for <TaskInstance: ingest_data.get_data_to_ingest_from_local_file_task scheduled__2022-06-12T04:19:00+00:00 [queued]>
[2022-06-12 17:12:17,509] {taskinstance.py:1159} INFO - Dependencies all met for <TaskInstance: ingest_data.get_data_to_ingest_from_local_file_task scheduled__2022-06-12T04:19:00+00:00 [queued]>
[2022-06-12 17:12:17,509] {taskinstance.py:1356} INFO - 
--------------------------------------------------------------------------------
[2022-06-12 17:12:17,510] {taskinstance.py:1357} INFO - Starting attempt 1 of 1
[2022-06-12 17:12:17,511] {taskinstance.py:1358} INFO - 
--------------------------------------------------------------------------------
[2022-06-12 17:12:17,574] {taskinstance.py:1377} INFO - Executing <Task(_PythonDecoratedOperator): get_data_to_ingest_from_local_file_task> on 2022-06-12 04:19:00+00:00
[2022-06-12 17:12:17,581] {standard_task_runner.py:52} INFO - Started process 7594 to run task
[2022-06-12 17:12:17,588] {standard_task_runner.py:79} INFO - Running: ['airflow', 'tasks', 'run', 'ingest_data', 'get_data_to_ingest_from_local_file_task', 'scheduled__2022-06-12T04:19:00+00:00', '--job-id', '911', '--raw', '--subdir', 'DAGS_FOLDER/ingestion_dag.py', '--cfg-path', '/tmp/tmpopunnf6t', '--error-file', '/tmp/tmpsiotm47t']
[2022-06-12 17:12:17,589] {standard_task_runner.py:80} INFO - Job 911: Subtask get_data_to_ingest_from_local_file_task
[2022-06-12 17:12:17,757] {task_command.py:370} INFO - Running <TaskInstance: ingest_data.get_data_to_ingest_from_local_file_task scheduled__2022-06-12T04:19:00+00:00 [running]> on host DESKTOP-GDPK8BL.localdomain
[2022-06-12 17:12:18,227] {taskinstance.py:1569} INFO - Exporting the following env vars:
AIRFLOW_CTX_DAG_OWNER=airflow
AIRFLOW_CTX_DAG_ID=ingest_data
AIRFLOW_CTX_TASK_ID=get_data_to_ingest_from_local_file_task
AIRFLOW_CTX_EXECUTION_DATE=2022-06-12T04:19:00+00:00
AIRFLOW_CTX_TRY_NUMBER=1
AIRFLOW_CTX_DAG_RUN_ID=scheduled__2022-06-12T04:19:00+00:00
[2022-06-12 17:12:18,304] {python.py:173} INFO - Done. Returned value was:           AT      V       AP     RH      PE
23414  23.03  59.04  1011.85  81.24  444.85
19806  33.96  68.94  1006.93  47.39  427.06
13216   4.49  38.44  1015.47  76.96  485.78
36677  25.09  71.58  1010.17  86.01  434.51
24905  21.08  44.05  1008.13  72.52  449.60
[2022-06-12 17:12:18,456] {taskinstance.py:1395} INFO - Marking task as SUCCESS. dag_id=ingest_data, task_id=get_data_to_ingest_from_local_file_task, execution_date=20220612T041900, start_date=20220612T151217, end_date=20220612T151218
[2022-06-12 17:12:18,527] {local_task_job.py:156} INFO - Task exited with return code 0
[2022-06-12 17:12:18,767] {local_task_job.py:273} INFO - 1 downstream tasks scheduled from follow-on schedule check
