[2022-06-12 17:29:58,297] {taskinstance.py:1159} INFO - Dependencies all met for <TaskInstance: ingest_data.get_data_to_ingest_from_local_file_task scheduled__2022-06-12T06:06:00+00:00 [queued]>
[2022-06-12 17:29:58,330] {taskinstance.py:1159} INFO - Dependencies all met for <TaskInstance: ingest_data.get_data_to_ingest_from_local_file_task scheduled__2022-06-12T06:06:00+00:00 [queued]>
[2022-06-12 17:29:58,333] {taskinstance.py:1356} INFO - 
--------------------------------------------------------------------------------
[2022-06-12 17:29:58,334] {taskinstance.py:1357} INFO - Starting attempt 1 of 1
[2022-06-12 17:29:58,335] {taskinstance.py:1358} INFO - 
--------------------------------------------------------------------------------
[2022-06-12 17:29:58,427] {taskinstance.py:1377} INFO - Executing <Task(_PythonDecoratedOperator): get_data_to_ingest_from_local_file_task> on 2022-06-12 06:06:00+00:00
[2022-06-12 17:29:58,433] {standard_task_runner.py:52} INFO - Started process 9179 to run task
[2022-06-12 17:29:58,439] {standard_task_runner.py:79} INFO - Running: ['airflow', 'tasks', 'run', 'ingest_data', 'get_data_to_ingest_from_local_file_task', 'scheduled__2022-06-12T06:06:00+00:00', '--job-id', '1125', '--raw', '--subdir', 'DAGS_FOLDER/ingestion_dag.py', '--cfg-path', '/tmp/tmpfuu_ncib', '--error-file', '/tmp/tmpnz06zs01']
[2022-06-12 17:29:58,441] {standard_task_runner.py:80} INFO - Job 1125: Subtask get_data_to_ingest_from_local_file_task
[2022-06-12 17:29:58,574] {task_command.py:370} INFO - Running <TaskInstance: ingest_data.get_data_to_ingest_from_local_file_task scheduled__2022-06-12T06:06:00+00:00 [running]> on host DESKTOP-GDPK8BL.localdomain
[2022-06-12 17:29:59,035] {taskinstance.py:1569} INFO - Exporting the following env vars:
AIRFLOW_CTX_DAG_OWNER=airflow
AIRFLOW_CTX_DAG_ID=ingest_data
AIRFLOW_CTX_TASK_ID=get_data_to_ingest_from_local_file_task
AIRFLOW_CTX_EXECUTION_DATE=2022-06-12T06:06:00+00:00
AIRFLOW_CTX_TRY_NUMBER=1
AIRFLOW_CTX_DAG_RUN_ID=scheduled__2022-06-12T06:06:00+00:00
[2022-06-12 17:29:59,105] {python.py:173} INFO - Done. Returned value was:           AT      V       AP     RH      PE
37915  23.02  67.25  1017.17  72.00  443.44
40708  30.95  71.58  1009.95  50.02  430.47
2987   26.14  61.02  1010.13  66.71  436.17
24016  12.90  44.63  1020.72  89.51  467.41
39527  15.27  38.73  1002.83  77.77  465.99
[2022-06-12 17:29:59,258] {taskinstance.py:1395} INFO - Marking task as SUCCESS. dag_id=ingest_data, task_id=get_data_to_ingest_from_local_file_task, execution_date=20220612T060600, start_date=20220612T152958, end_date=20220612T152959
[2022-06-12 17:29:59,337] {local_task_job.py:156} INFO - Task exited with return code 0
[2022-06-12 17:29:59,572] {local_task_job.py:273} INFO - 1 downstream tasks scheduled from follow-on schedule check
