[2022-06-15 19:14:26,357] {taskinstance.py:1159} INFO - Dependencies all met for <TaskInstance: loan_pred.get_data_to_ingest_from_local_file_task scheduled__2022-06-14T21:24:00+00:00 [queued]>
[2022-06-15 19:14:26,380] {taskinstance.py:1159} INFO - Dependencies all met for <TaskInstance: loan_pred.get_data_to_ingest_from_local_file_task scheduled__2022-06-14T21:24:00+00:00 [queued]>
[2022-06-15 19:14:26,380] {taskinstance.py:1356} INFO - 
--------------------------------------------------------------------------------
[2022-06-15 19:14:26,381] {taskinstance.py:1357} INFO - Starting attempt 1 of 1
[2022-06-15 19:14:26,382] {taskinstance.py:1358} INFO - 
--------------------------------------------------------------------------------
[2022-06-15 19:14:26,436] {taskinstance.py:1377} INFO - Executing <Task(_PythonDecoratedOperator): get_data_to_ingest_from_local_file_task> on 2022-06-14 21:24:00+00:00
[2022-06-15 19:14:26,441] {standard_task_runner.py:52} INFO - Started process 650 to run task
[2022-06-15 19:14:26,446] {standard_task_runner.py:79} INFO - Running: ['airflow', 'tasks', 'run', 'loan_pred', 'get_data_to_ingest_from_local_file_task', 'scheduled__2022-06-14T21:24:00+00:00', '--job-id', '1621', '--raw', '--subdir', 'DAGS_FOLDER/loan_pred.py', '--cfg-path', '/tmp/tmpuey2of0m', '--error-file', '/tmp/tmpxaeqw23y']
[2022-06-15 19:14:26,447] {standard_task_runner.py:80} INFO - Job 1621: Subtask get_data_to_ingest_from_local_file_task
[2022-06-15 19:14:26,587] {task_command.py:370} INFO - Running <TaskInstance: loan_pred.get_data_to_ingest_from_local_file_task scheduled__2022-06-14T21:24:00+00:00 [running]> on host DESKTOP-GDPK8BL.localdomain
[2022-06-15 19:14:26,991] {taskinstance.py:1569} INFO - Exporting the following env vars:
AIRFLOW_CTX_DAG_OWNER=airflow
AIRFLOW_CTX_DAG_ID=loan_pred
AIRFLOW_CTX_TASK_ID=get_data_to_ingest_from_local_file_task
AIRFLOW_CTX_EXECUTION_DATE=2022-06-14T21:24:00+00:00
AIRFLOW_CTX_TRY_NUMBER=1
AIRFLOW_CTX_DAG_RUN_ID=scheduled__2022-06-14T21:24:00+00:00
[2022-06-15 19:14:27,010] {python.py:173} INFO - Done. Returned value was:       Loan_ID  Gender Married Dependents  ... LoanAmount Loan_Amount_Term  Credit_History  Property_Area
156  LP001862    Male     Yes          2  ...      214.0            360.0             1.0          Urban
76   LP001407    Male     Yes          0  ...      186.0            360.0             1.0          Urban
261  LP002420    Male     Yes          0  ...      110.0            360.0             1.0      Semiurban
203  LP002117  Female     Yes          0  ...      108.0            360.0             1.0      Semiurban
135  LP001739    Male     Yes          0  ...      125.0            360.0             1.0          Urban

[5 rows x 12 columns]
[2022-06-15 19:14:27,164] {taskinstance.py:1395} INFO - Marking task as SUCCESS. dag_id=loan_pred, task_id=get_data_to_ingest_from_local_file_task, execution_date=20220614T212400, start_date=20220615T171426, end_date=20220615T171427
[2022-06-15 19:14:27,223] {local_task_job.py:156} INFO - Task exited with return code 0
[2022-06-15 19:14:27,405] {local_task_job.py:273} INFO - 1 downstream tasks scheduled from follow-on schedule check
