[2022-06-12 16:43:37,083] {taskinstance.py:1159} INFO - Dependencies all met for <TaskInstance: ingest_data.get_data_to_ingest_from_local_file_task scheduled__2022-06-12T01:36:00+00:00 [queued]>
[2022-06-12 16:43:37,131] {taskinstance.py:1159} INFO - Dependencies all met for <TaskInstance: ingest_data.get_data_to_ingest_from_local_file_task scheduled__2022-06-12T01:36:00+00:00 [queued]>
[2022-06-12 16:43:37,132] {taskinstance.py:1356} INFO - 
--------------------------------------------------------------------------------
[2022-06-12 16:43:37,133] {taskinstance.py:1357} INFO - Starting attempt 1 of 1
[2022-06-12 16:43:37,134] {taskinstance.py:1358} INFO - 
--------------------------------------------------------------------------------
[2022-06-12 16:43:37,216] {taskinstance.py:1377} INFO - Executing <Task(_PythonDecoratedOperator): get_data_to_ingest_from_local_file_task> on 2022-06-12 01:36:00+00:00
[2022-06-12 16:43:37,231] {standard_task_runner.py:79} INFO - Running: ['airflow', 'tasks', 'run', 'ingest_data', 'get_data_to_ingest_from_local_file_task', 'scheduled__2022-06-12T01:36:00+00:00', '--job-id', '586', '--raw', '--subdir', 'DAGS_FOLDER/ingestion_dag.py', '--cfg-path', '/tmp/tmpnnu1ydi0', '--error-file', '/tmp/tmpdlth5vaw']
[2022-06-12 16:43:37,234] {standard_task_runner.py:80} INFO - Job 586: Subtask get_data_to_ingest_from_local_file_task
[2022-06-12 16:43:37,223] {standard_task_runner.py:52} INFO - Started process 5178 to run task
[2022-06-12 16:43:37,456] {task_command.py:370} INFO - Running <TaskInstance: ingest_data.get_data_to_ingest_from_local_file_task scheduled__2022-06-12T01:36:00+00:00 [running]> on host DESKTOP-GDPK8BL.localdomain
[2022-06-12 16:43:37,914] {taskinstance.py:1569} INFO - Exporting the following env vars:
AIRFLOW_CTX_DAG_OWNER=airflow
AIRFLOW_CTX_DAG_ID=ingest_data
AIRFLOW_CTX_TASK_ID=get_data_to_ingest_from_local_file_task
AIRFLOW_CTX_EXECUTION_DATE=2022-06-12T01:36:00+00:00
AIRFLOW_CTX_TRY_NUMBER=1
AIRFLOW_CTX_DAG_RUN_ID=scheduled__2022-06-12T01:36:00+00:00
[2022-06-12 16:43:37,993] {python.py:173} INFO - Done. Returned value was:           AT      V       AP     RH      PE
34139   9.52  40.96  1023.48  86.49  483.59
46780  12.64  40.69  1015.86  82.06  474.08
24576  22.88  63.91  1009.63  87.82  442.50
31987  29.00  69.68  1012.78  66.09  442.79
10527  26.45  64.27  1013.23  60.92  444.90
[2022-06-12 16:43:38,237] {taskinstance.py:1395} INFO - Marking task as SUCCESS. dag_id=ingest_data, task_id=get_data_to_ingest_from_local_file_task, execution_date=20220612T013600, start_date=20220612T144337, end_date=20220612T144338
[2022-06-12 16:43:38,377] {local_task_job.py:156} INFO - Task exited with return code 0
[2022-06-12 16:43:38,948] {local_task_job.py:273} INFO - 1 downstream tasks scheduled from follow-on schedule check
