[2022-06-12 16:56:00,168] {taskinstance.py:1159} INFO - Dependencies all met for <TaskInstance: ingest_data.get_data_to_ingest_from_local_file_task scheduled__2022-06-12T02:47:00+00:00 [queued]>
[2022-06-12 16:56:00,216] {taskinstance.py:1159} INFO - Dependencies all met for <TaskInstance: ingest_data.get_data_to_ingest_from_local_file_task scheduled__2022-06-12T02:47:00+00:00 [queued]>
[2022-06-12 16:56:00,217] {taskinstance.py:1356} INFO - 
--------------------------------------------------------------------------------
[2022-06-12 16:56:00,218] {taskinstance.py:1357} INFO - Starting attempt 1 of 1
[2022-06-12 16:56:00,219] {taskinstance.py:1358} INFO - 
--------------------------------------------------------------------------------
[2022-06-12 16:56:00,392] {taskinstance.py:1377} INFO - Executing <Task(_PythonDecoratedOperator): get_data_to_ingest_from_local_file_task> on 2022-06-12 02:47:00+00:00
[2022-06-12 16:56:00,398] {standard_task_runner.py:52} INFO - Started process 6225 to run task
[2022-06-12 16:56:00,406] {standard_task_runner.py:79} INFO - Running: ['airflow', 'tasks', 'run', 'ingest_data', 'get_data_to_ingest_from_local_file_task', 'scheduled__2022-06-12T02:47:00+00:00', '--job-id', '727', '--raw', '--subdir', 'DAGS_FOLDER/ingestion_dag.py', '--cfg-path', '/tmp/tmpaywe31g6', '--error-file', '/tmp/tmpn4cjp6cf']
[2022-06-12 16:56:00,420] {standard_task_runner.py:80} INFO - Job 727: Subtask get_data_to_ingest_from_local_file_task
[2022-06-12 16:56:00,752] {task_command.py:370} INFO - Running <TaskInstance: ingest_data.get_data_to_ingest_from_local_file_task scheduled__2022-06-12T02:47:00+00:00 [running]> on host DESKTOP-GDPK8BL.localdomain
[2022-06-12 16:56:01,425] {taskinstance.py:1569} INFO - Exporting the following env vars:
AIRFLOW_CTX_DAG_OWNER=airflow
AIRFLOW_CTX_DAG_ID=ingest_data
AIRFLOW_CTX_TASK_ID=get_data_to_ingest_from_local_file_task
AIRFLOW_CTX_EXECUTION_DATE=2022-06-12T02:47:00+00:00
AIRFLOW_CTX_TRY_NUMBER=1
AIRFLOW_CTX_DAG_RUN_ID=scheduled__2022-06-12T02:47:00+00:00
[2022-06-12 16:56:01,518] {python.py:173} INFO - Done. Returned value was:           AT      V       AP     RH      PE
27439  14.07  40.78  1024.67  72.66  456.71
4304   25.20  61.08  1013.04  74.28  447.09
30154  21.79  58.20  1017.21  66.74  446.94
39659  22.21  61.87  1010.90  54.22  446.62
24301  14.05  41.39  1019.06  68.54  472.19
[2022-06-12 16:56:01,679] {taskinstance.py:1395} INFO - Marking task as SUCCESS. dag_id=ingest_data, task_id=get_data_to_ingest_from_local_file_task, execution_date=20220612T024700, start_date=20220612T145600, end_date=20220612T145601
[2022-06-12 16:56:01,760] {local_task_job.py:156} INFO - Task exited with return code 0
[2022-06-12 16:56:01,954] {local_task_job.py:273} INFO - 1 downstream tasks scheduled from follow-on schedule check
