[2022-06-12 16:41:29,447] {taskinstance.py:1159} INFO - Dependencies all met for <TaskInstance: ingest_data.get_data_to_ingest_from_local_file_task scheduled__2022-06-12T01:26:00+00:00 [queued]>
[2022-06-12 16:41:29,478] {taskinstance.py:1159} INFO - Dependencies all met for <TaskInstance: ingest_data.get_data_to_ingest_from_local_file_task scheduled__2022-06-12T01:26:00+00:00 [queued]>
[2022-06-12 16:41:29,479] {taskinstance.py:1356} INFO - 
--------------------------------------------------------------------------------
[2022-06-12 16:41:29,479] {taskinstance.py:1357} INFO - Starting attempt 1 of 1
[2022-06-12 16:41:29,481] {taskinstance.py:1358} INFO - 
--------------------------------------------------------------------------------
[2022-06-12 16:41:29,544] {taskinstance.py:1377} INFO - Executing <Task(_PythonDecoratedOperator): get_data_to_ingest_from_local_file_task> on 2022-06-12 01:26:00+00:00
[2022-06-12 16:41:29,550] {standard_task_runner.py:52} INFO - Started process 5029 to run task
[2022-06-12 16:41:29,556] {standard_task_runner.py:79} INFO - Running: ['airflow', 'tasks', 'run', 'ingest_data', 'get_data_to_ingest_from_local_file_task', 'scheduled__2022-06-12T01:26:00+00:00', '--job-id', '566', '--raw', '--subdir', 'DAGS_FOLDER/ingestion_dag.py', '--cfg-path', '/tmp/tmpp1q1dt0t', '--error-file', '/tmp/tmpy3_ohasb']
[2022-06-12 16:41:29,557] {standard_task_runner.py:80} INFO - Job 566: Subtask get_data_to_ingest_from_local_file_task
[2022-06-12 16:41:29,692] {task_command.py:370} INFO - Running <TaskInstance: ingest_data.get_data_to_ingest_from_local_file_task scheduled__2022-06-12T01:26:00+00:00 [running]> on host DESKTOP-GDPK8BL.localdomain
[2022-06-12 16:41:30,414] {taskinstance.py:1569} INFO - Exporting the following env vars:
AIRFLOW_CTX_DAG_OWNER=airflow
AIRFLOW_CTX_DAG_ID=ingest_data
AIRFLOW_CTX_TASK_ID=get_data_to_ingest_from_local_file_task
AIRFLOW_CTX_EXECUTION_DATE=2022-06-12T01:26:00+00:00
AIRFLOW_CTX_TRY_NUMBER=1
AIRFLOW_CTX_DAG_RUN_ID=scheduled__2022-06-12T01:26:00+00:00
[2022-06-12 16:41:30,567] {python.py:173} INFO - Done. Returned value was:           AT      V       AP     RH      PE
42509  26.14  72.99  1007.49  81.72  433.25
14210  19.39  43.14  1012.75  44.21  464.55
30556  16.20  38.73  1002.14  75.03  467.89
42343  23.27  60.84  1019.13  67.24  440.22
30226  24.24  72.43  1008.02  86.40  436.60
[2022-06-12 16:41:30,855] {taskinstance.py:1395} INFO - Marking task as SUCCESS. dag_id=ingest_data, task_id=get_data_to_ingest_from_local_file_task, execution_date=20220612T012600, start_date=20220612T144129, end_date=20220612T144130
[2022-06-12 16:41:31,023] {local_task_job.py:156} INFO - Task exited with return code 0
[2022-06-12 16:41:31,251] {local_task_job.py:273} INFO - 1 downstream tasks scheduled from follow-on schedule check
