[2022-06-12 19:46:49,756] {taskinstance.py:1159} INFO - Dependencies all met for <TaskInstance: ingest_data.get_data_to_ingest_from_local_file_task scheduled__2022-06-12T08:57:00+00:00 [queued]>
[2022-06-12 19:46:49,794] {taskinstance.py:1159} INFO - Dependencies all met for <TaskInstance: ingest_data.get_data_to_ingest_from_local_file_task scheduled__2022-06-12T08:57:00+00:00 [queued]>
[2022-06-12 19:46:49,795] {taskinstance.py:1356} INFO - 
--------------------------------------------------------------------------------
[2022-06-12 19:46:49,796] {taskinstance.py:1357} INFO - Starting attempt 1 of 1
[2022-06-12 19:46:49,796] {taskinstance.py:1358} INFO - 
--------------------------------------------------------------------------------
[2022-06-12 19:46:49,859] {taskinstance.py:1377} INFO - Executing <Task(_PythonDecoratedOperator): get_data_to_ingest_from_local_file_task> on 2022-06-12 08:57:00+00:00
[2022-06-12 19:46:49,866] {standard_task_runner.py:52} INFO - Started process 11710 to run task
[2022-06-12 19:46:49,872] {standard_task_runner.py:79} INFO - Running: ['airflow', 'tasks', 'run', 'ingest_data', 'get_data_to_ingest_from_local_file_task', 'scheduled__2022-06-12T08:57:00+00:00', '--job-id', '1467', '--raw', '--subdir', 'DAGS_FOLDER/ingestion_dag.py', '--cfg-path', '/tmp/tmpj0auvy_9', '--error-file', '/tmp/tmp7luy037u']
[2022-06-12 19:46:49,877] {standard_task_runner.py:80} INFO - Job 1467: Subtask get_data_to_ingest_from_local_file_task
[2022-06-12 19:46:50,023] {task_command.py:370} INFO - Running <TaskInstance: ingest_data.get_data_to_ingest_from_local_file_task scheduled__2022-06-12T08:57:00+00:00 [running]> on host DESKTOP-GDPK8BL.localdomain
[2022-06-12 19:46:50,513] {taskinstance.py:1569} INFO - Exporting the following env vars:
AIRFLOW_CTX_DAG_OWNER=airflow
AIRFLOW_CTX_DAG_ID=ingest_data
AIRFLOW_CTX_TASK_ID=get_data_to_ingest_from_local_file_task
AIRFLOW_CTX_EXECUTION_DATE=2022-06-12T08:57:00+00:00
AIRFLOW_CTX_TRY_NUMBER=1
AIRFLOW_CTX_DAG_RUN_ID=scheduled__2022-06-12T08:57:00+00:00
[2022-06-12 19:46:50,600] {python.py:173} INFO - Done. Returned value was:           AT      V       AP     RH      PE
23059  14.38  40.73  1017.48  90.64  462.98
17892  14.63  40.00  1018.03  63.40  457.09
39420  17.68  45.17  1017.50  77.57  461.96
3563    9.00  41.54  1018.83  79.61  484.08
32522  21.59  66.54  1004.88  90.54  441.71
[2022-06-12 19:46:50,818] {taskinstance.py:1395} INFO - Marking task as SUCCESS. dag_id=ingest_data, task_id=get_data_to_ingest_from_local_file_task, execution_date=20220612T085700, start_date=20220612T174649, end_date=20220612T174650
[2022-06-12 19:46:50,894] {local_task_job.py:156} INFO - Task exited with return code 0
[2022-06-12 19:46:51,106] {local_task_job.py:273} INFO - 1 downstream tasks scheduled from follow-on schedule check
