[2022-06-12 14:42:48,319] {taskinstance.py:1159} INFO - Dependencies all met for <TaskInstance: ingest_data.get_data_to_ingest_from_local_file_task scheduled__2022-06-11T21:01:00+00:00 [queued]>
[2022-06-12 14:42:48,344] {taskinstance.py:1159} INFO - Dependencies all met for <TaskInstance: ingest_data.get_data_to_ingest_from_local_file_task scheduled__2022-06-11T21:01:00+00:00 [queued]>
[2022-06-12 14:42:48,345] {taskinstance.py:1356} INFO - 
--------------------------------------------------------------------------------
[2022-06-12 14:42:48,346] {taskinstance.py:1357} INFO - Starting attempt 1 of 1
[2022-06-12 14:42:48,346] {taskinstance.py:1358} INFO - 
--------------------------------------------------------------------------------
[2022-06-12 14:42:48,406] {taskinstance.py:1377} INFO - Executing <Task(_PythonDecoratedOperator): get_data_to_ingest_from_local_file_task> on 2022-06-11 21:01:00+00:00
[2022-06-12 14:42:48,415] {standard_task_runner.py:52} INFO - Started process 696 to run task
[2022-06-12 14:42:48,421] {standard_task_runner.py:79} INFO - Running: ['airflow', 'tasks', 'run', 'ingest_data', 'get_data_to_ingest_from_local_file_task', 'scheduled__2022-06-11T21:01:00+00:00', '--job-id', '15', '--raw', '--subdir', 'DAGS_FOLDER/ingestion_dag.py', '--cfg-path', '/tmp/tmp6t254oud', '--error-file', '/tmp/tmpl7ouzkpm']
[2022-06-12 14:42:48,429] {standard_task_runner.py:80} INFO - Job 15: Subtask get_data_to_ingest_from_local_file_task
[2022-06-12 14:42:48,579] {task_command.py:370} INFO - Running <TaskInstance: ingest_data.get_data_to_ingest_from_local_file_task scheduled__2022-06-11T21:01:00+00:00 [running]> on host DESKTOP-GDPK8BL.localdomain
[2022-06-12 14:42:49,124] {taskinstance.py:1569} INFO - Exporting the following env vars:
AIRFLOW_CTX_DAG_OWNER=airflow
AIRFLOW_CTX_DAG_ID=ingest_data
AIRFLOW_CTX_TASK_ID=get_data_to_ingest_from_local_file_task
AIRFLOW_CTX_EXECUTION_DATE=2022-06-11T21:01:00+00:00
AIRFLOW_CTX_TRY_NUMBER=1
AIRFLOW_CTX_DAG_RUN_ID=scheduled__2022-06-11T21:01:00+00:00
[2022-06-12 14:42:49,201] {python.py:173} INFO - Done. Returned value was:           AT      V       AP     RH      PE
35067  19.82  46.63  1013.17  87.10  456.36
19491   7.69  43.02  1014.51  85.23  486.46
11625  10.12  41.78  1013.43  73.47  477.67
17466  24.67  70.94  1007.99  75.64  443.51
17050  22.30  44.57  1008.48  67.58  449.74
[2022-06-12 14:42:49,308] {taskinstance.py:1395} INFO - Marking task as SUCCESS. dag_id=ingest_data, task_id=get_data_to_ingest_from_local_file_task, execution_date=20220611T210100, start_date=20220612T124248, end_date=20220612T124249
[2022-06-12 14:42:49,407] {local_task_job.py:156} INFO - Task exited with return code 0
[2022-06-12 14:42:49,685] {local_task_job.py:273} INFO - 1 downstream tasks scheduled from follow-on schedule check
