[2022-06-12 16:45:55,653] {taskinstance.py:1159} INFO - Dependencies all met for <TaskInstance: ingest_data.get_data_to_ingest_from_local_file_task scheduled__2022-06-12T01:49:00+00:00 [queued]>
[2022-06-12 16:45:55,682] {taskinstance.py:1159} INFO - Dependencies all met for <TaskInstance: ingest_data.get_data_to_ingest_from_local_file_task scheduled__2022-06-12T01:49:00+00:00 [queued]>
[2022-06-12 16:45:55,682] {taskinstance.py:1356} INFO - 
--------------------------------------------------------------------------------
[2022-06-12 16:45:55,682] {taskinstance.py:1357} INFO - Starting attempt 1 of 1
[2022-06-12 16:45:55,683] {taskinstance.py:1358} INFO - 
--------------------------------------------------------------------------------
[2022-06-12 16:45:55,745] {taskinstance.py:1377} INFO - Executing <Task(_PythonDecoratedOperator): get_data_to_ingest_from_local_file_task> on 2022-06-12 01:49:00+00:00
[2022-06-12 16:45:55,758] {standard_task_runner.py:52} INFO - Started process 5365 to run task
[2022-06-12 16:45:55,760] {standard_task_runner.py:79} INFO - Running: ['airflow', 'tasks', 'run', 'ingest_data', 'get_data_to_ingest_from_local_file_task', 'scheduled__2022-06-12T01:49:00+00:00', '--job-id', '611', '--raw', '--subdir', 'DAGS_FOLDER/ingestion_dag.py', '--cfg-path', '/tmp/tmpyt5hp3jk', '--error-file', '/tmp/tmpzhaja1_x']
[2022-06-12 16:45:55,769] {standard_task_runner.py:80} INFO - Job 611: Subtask get_data_to_ingest_from_local_file_task
[2022-06-12 16:45:55,918] {task_command.py:370} INFO - Running <TaskInstance: ingest_data.get_data_to_ingest_from_local_file_task scheduled__2022-06-12T01:49:00+00:00 [running]> on host DESKTOP-GDPK8BL.localdomain
[2022-06-12 16:45:56,333] {taskinstance.py:1569} INFO - Exporting the following env vars:
AIRFLOW_CTX_DAG_OWNER=airflow
AIRFLOW_CTX_DAG_ID=ingest_data
AIRFLOW_CTX_TASK_ID=get_data_to_ingest_from_local_file_task
AIRFLOW_CTX_EXECUTION_DATE=2022-06-12T01:49:00+00:00
AIRFLOW_CTX_TRY_NUMBER=1
AIRFLOW_CTX_DAG_RUN_ID=scheduled__2022-06-12T01:49:00+00:00
[2022-06-12 16:45:56,406] {python.py:173} INFO - Done. Returned value was:           AT      V       AP     RH      PE
3066   14.58  41.92  1030.42  61.96  462.69
16274  14.08  41.93  1023.02  59.41  475.15
21318   8.46  39.42  1025.05  69.36  474.42
32064   9.43  41.40  1028.81  85.83  475.80
16146  10.48  40.22  1004.81  92.16  477.78
[2022-06-12 16:45:56,559] {taskinstance.py:1395} INFO - Marking task as SUCCESS. dag_id=ingest_data, task_id=get_data_to_ingest_from_local_file_task, execution_date=20220612T014900, start_date=20220612T144555, end_date=20220612T144556
[2022-06-12 16:45:56,668] {local_task_job.py:156} INFO - Task exited with return code 0
[2022-06-12 16:45:56,935] {local_task_job.py:273} INFO - 1 downstream tasks scheduled from follow-on schedule check
