[2022-06-12 17:08:04,545] {taskinstance.py:1159} INFO - Dependencies all met for <TaskInstance: ingest_data.get_data_to_ingest_from_local_file_task scheduled__2022-06-12T03:55:00+00:00 [queued]>
[2022-06-12 17:08:04,574] {taskinstance.py:1159} INFO - Dependencies all met for <TaskInstance: ingest_data.get_data_to_ingest_from_local_file_task scheduled__2022-06-12T03:55:00+00:00 [queued]>
[2022-06-12 17:08:04,575] {taskinstance.py:1356} INFO - 
--------------------------------------------------------------------------------
[2022-06-12 17:08:04,575] {taskinstance.py:1357} INFO - Starting attempt 1 of 1
[2022-06-12 17:08:04,576] {taskinstance.py:1358} INFO - 
--------------------------------------------------------------------------------
[2022-06-12 17:08:04,628] {taskinstance.py:1377} INFO - Executing <Task(_PythonDecoratedOperator): get_data_to_ingest_from_local_file_task> on 2022-06-12 03:55:00+00:00
[2022-06-12 17:08:04,634] {standard_task_runner.py:52} INFO - Started process 7237 to run task
[2022-06-12 17:08:04,639] {standard_task_runner.py:79} INFO - Running: ['airflow', 'tasks', 'run', 'ingest_data', 'get_data_to_ingest_from_local_file_task', 'scheduled__2022-06-12T03:55:00+00:00', '--job-id', '863', '--raw', '--subdir', 'DAGS_FOLDER/ingestion_dag.py', '--cfg-path', '/tmp/tmpzp6c2o6g', '--error-file', '/tmp/tmpb46zxpju']
[2022-06-12 17:08:04,641] {standard_task_runner.py:80} INFO - Job 863: Subtask get_data_to_ingest_from_local_file_task
[2022-06-12 17:08:04,791] {task_command.py:370} INFO - Running <TaskInstance: ingest_data.get_data_to_ingest_from_local_file_task scheduled__2022-06-12T03:55:00+00:00 [running]> on host DESKTOP-GDPK8BL.localdomain
[2022-06-12 17:08:05,208] {taskinstance.py:1569} INFO - Exporting the following env vars:
AIRFLOW_CTX_DAG_OWNER=airflow
AIRFLOW_CTX_DAG_ID=ingest_data
AIRFLOW_CTX_TASK_ID=get_data_to_ingest_from_local_file_task
AIRFLOW_CTX_EXECUTION_DATE=2022-06-12T03:55:00+00:00
AIRFLOW_CTX_TRY_NUMBER=1
AIRFLOW_CTX_DAG_RUN_ID=scheduled__2022-06-12T03:55:00+00:00
[2022-06-12 17:08:05,274] {python.py:173} INFO - Done. Returned value was:           AT      V       AP     RH      PE
16347  13.69  41.74  1021.19  60.86  471.84
9472   29.29  70.36  1006.64  60.82  431.26
10340  20.78  62.52  1017.58  73.30  452.30
1441    9.20  40.03  1017.05  92.46  480.38
40672  30.17  64.79  1017.06  43.81  439.75
[2022-06-12 17:08:05,416] {taskinstance.py:1395} INFO - Marking task as SUCCESS. dag_id=ingest_data, task_id=get_data_to_ingest_from_local_file_task, execution_date=20220612T035500, start_date=20220612T150804, end_date=20220612T150805
[2022-06-12 17:08:05,496] {local_task_job.py:156} INFO - Task exited with return code 0
[2022-06-12 17:08:05,694] {local_task_job.py:273} INFO - 1 downstream tasks scheduled from follow-on schedule check
