[2022-06-12 16:57:43,118] {taskinstance.py:1159} INFO - Dependencies all met for <TaskInstance: ingest_data.get_data_to_ingest_from_local_file_task scheduled__2022-06-12T02:55:00+00:00 [queued]>
[2022-06-12 16:57:43,152] {taskinstance.py:1159} INFO - Dependencies all met for <TaskInstance: ingest_data.get_data_to_ingest_from_local_file_task scheduled__2022-06-12T02:55:00+00:00 [queued]>
[2022-06-12 16:57:43,152] {taskinstance.py:1356} INFO - 
--------------------------------------------------------------------------------
[2022-06-12 16:57:43,153] {taskinstance.py:1357} INFO - Starting attempt 1 of 1
[2022-06-12 16:57:43,154] {taskinstance.py:1358} INFO - 
--------------------------------------------------------------------------------
[2022-06-12 16:57:43,255] {taskinstance.py:1377} INFO - Executing <Task(_PythonDecoratedOperator): get_data_to_ingest_from_local_file_task> on 2022-06-12 02:55:00+00:00
[2022-06-12 16:57:43,263] {standard_task_runner.py:52} INFO - Started process 6353 to run task
[2022-06-12 16:57:43,271] {standard_task_runner.py:79} INFO - Running: ['airflow', 'tasks', 'run', 'ingest_data', 'get_data_to_ingest_from_local_file_task', 'scheduled__2022-06-12T02:55:00+00:00', '--job-id', '744', '--raw', '--subdir', 'DAGS_FOLDER/ingestion_dag.py', '--cfg-path', '/tmp/tmp60hr4p24', '--error-file', '/tmp/tmp_2bq8a06']
[2022-06-12 16:57:43,273] {standard_task_runner.py:80} INFO - Job 744: Subtask get_data_to_ingest_from_local_file_task
[2022-06-12 16:57:43,432] {task_command.py:370} INFO - Running <TaskInstance: ingest_data.get_data_to_ingest_from_local_file_task scheduled__2022-06-12T02:55:00+00:00 [running]> on host DESKTOP-GDPK8BL.localdomain
[2022-06-12 16:57:43,865] {taskinstance.py:1569} INFO - Exporting the following env vars:
AIRFLOW_CTX_DAG_OWNER=airflow
AIRFLOW_CTX_DAG_ID=ingest_data
AIRFLOW_CTX_TASK_ID=get_data_to_ingest_from_local_file_task
AIRFLOW_CTX_EXECUTION_DATE=2022-06-12T02:55:00+00:00
AIRFLOW_CTX_TRY_NUMBER=1
AIRFLOW_CTX_DAG_RUN_ID=scheduled__2022-06-12T02:55:00+00:00
[2022-06-12 16:57:43,980] {python.py:173} INFO - Done. Returned value was:           AT      V       AP     RH      PE
38829   8.26  39.42  1025.89  70.53  474.72
9997   12.07  39.99  1009.70  93.27  473.06
5564    6.25  39.48  1004.82  52.71  484.26
40971  23.09  70.02  1010.58  77.85  443.27
33520  10.99  43.50  1021.10  93.64  469.34
[2022-06-12 16:57:44,151] {taskinstance.py:1395} INFO - Marking task as SUCCESS. dag_id=ingest_data, task_id=get_data_to_ingest_from_local_file_task, execution_date=20220612T025500, start_date=20220612T145743, end_date=20220612T145744
[2022-06-12 16:57:44,252] {local_task_job.py:156} INFO - Task exited with return code 0
[2022-06-12 16:57:44,550] {local_task_job.py:273} INFO - 1 downstream tasks scheduled from follow-on schedule check
