[2022-06-12 19:40:27,304] {taskinstance.py:1159} INFO - Dependencies all met for <TaskInstance: ingest_data.get_data_to_ingest_from_local_file_task scheduled__2022-06-12T08:19:00+00:00 [queued]>
[2022-06-12 19:40:27,384] {taskinstance.py:1159} INFO - Dependencies all met for <TaskInstance: ingest_data.get_data_to_ingest_from_local_file_task scheduled__2022-06-12T08:19:00+00:00 [queued]>
[2022-06-12 19:40:27,385] {taskinstance.py:1356} INFO - 
--------------------------------------------------------------------------------
[2022-06-12 19:40:27,386] {taskinstance.py:1357} INFO - Starting attempt 1 of 1
[2022-06-12 19:40:27,387] {taskinstance.py:1358} INFO - 
--------------------------------------------------------------------------------
[2022-06-12 19:40:27,508] {taskinstance.py:1377} INFO - Executing <Task(_PythonDecoratedOperator): get_data_to_ingest_from_local_file_task> on 2022-06-12 08:19:00+00:00
[2022-06-12 19:40:27,519] {standard_task_runner.py:52} INFO - Started process 11147 to run task
[2022-06-12 19:40:27,533] {standard_task_runner.py:79} INFO - Running: ['airflow', 'tasks', 'run', 'ingest_data', 'get_data_to_ingest_from_local_file_task', 'scheduled__2022-06-12T08:19:00+00:00', '--job-id', '1391', '--raw', '--subdir', 'DAGS_FOLDER/ingestion_dag.py', '--cfg-path', '/tmp/tmp_1ecv_qp', '--error-file', '/tmp/tmpqr05d44p']
[2022-06-12 19:40:27,535] {standard_task_runner.py:80} INFO - Job 1391: Subtask get_data_to_ingest_from_local_file_task
[2022-06-12 19:40:28,337] {task_command.py:370} INFO - Running <TaskInstance: ingest_data.get_data_to_ingest_from_local_file_task scheduled__2022-06-12T08:19:00+00:00 [running]> on host DESKTOP-GDPK8BL.localdomain
[2022-06-12 19:40:29,508] {taskinstance.py:1569} INFO - Exporting the following env vars:
AIRFLOW_CTX_DAG_OWNER=airflow
AIRFLOW_CTX_DAG_ID=ingest_data
AIRFLOW_CTX_TASK_ID=get_data_to_ingest_from_local_file_task
AIRFLOW_CTX_EXECUTION_DATE=2022-06-12T08:19:00+00:00
AIRFLOW_CTX_TRY_NUMBER=1
AIRFLOW_CTX_DAG_RUN_ID=scheduled__2022-06-12T08:19:00+00:00
[2022-06-12 19:40:29,731] {python.py:173} INFO - Done. Returned value was:           AT      V       AP     RH      PE
35918  12.27  41.17  1019.39  52.18  473.84
37977  22.35  65.61  1016.27  73.93  448.41
22524  11.56  40.71  1015.85  76.08  469.17
25597  18.80  39.72  1001.24  63.80  459.36
45822  16.39  41.96  1011.70  94.85  463.99
[2022-06-12 19:40:30,113] {taskinstance.py:1395} INFO - Marking task as SUCCESS. dag_id=ingest_data, task_id=get_data_to_ingest_from_local_file_task, execution_date=20220612T081900, start_date=20220612T174027, end_date=20220612T174030
[2022-06-12 19:40:30,285] {local_task_job.py:156} INFO - Task exited with return code 0
[2022-06-12 19:40:31,251] {local_task_job.py:273} INFO - 1 downstream tasks scheduled from follow-on schedule check
