[2022-06-12 16:28:24,100] {taskinstance.py:1159} INFO - Dependencies all met for <TaskInstance: ingest_data.get_data_to_ingest_from_local_file_task scheduled__2022-06-12T00:09:00+00:00 [queued]>
[2022-06-12 16:28:24,131] {taskinstance.py:1159} INFO - Dependencies all met for <TaskInstance: ingest_data.get_data_to_ingest_from_local_file_task scheduled__2022-06-12T00:09:00+00:00 [queued]>
[2022-06-12 16:28:24,132] {taskinstance.py:1356} INFO - 
--------------------------------------------------------------------------------
[2022-06-12 16:28:24,132] {taskinstance.py:1357} INFO - Starting attempt 1 of 1
[2022-06-12 16:28:24,133] {taskinstance.py:1358} INFO - 
--------------------------------------------------------------------------------
[2022-06-12 16:28:24,194] {taskinstance.py:1377} INFO - Executing <Task(_PythonDecoratedOperator): get_data_to_ingest_from_local_file_task> on 2022-06-12 00:09:00+00:00
[2022-06-12 16:28:24,201] {standard_task_runner.py:52} INFO - Started process 3876 to run task
[2022-06-12 16:28:24,206] {standard_task_runner.py:79} INFO - Running: ['airflow', 'tasks', 'run', 'ingest_data', 'get_data_to_ingest_from_local_file_task', 'scheduled__2022-06-12T00:09:00+00:00', '--job-id', '411', '--raw', '--subdir', 'DAGS_FOLDER/ingestion_dag.py', '--cfg-path', '/tmp/tmpf2t53n9y', '--error-file', '/tmp/tmpsusbdqdu']
[2022-06-12 16:28:24,208] {standard_task_runner.py:80} INFO - Job 411: Subtask get_data_to_ingest_from_local_file_task
[2022-06-12 16:28:24,342] {task_command.py:370} INFO - Running <TaskInstance: ingest_data.get_data_to_ingest_from_local_file_task scheduled__2022-06-12T00:09:00+00:00 [running]> on host DESKTOP-GDPK8BL.localdomain
[2022-06-12 16:28:24,675] {taskinstance.py:1569} INFO - Exporting the following env vars:
AIRFLOW_CTX_DAG_OWNER=airflow
AIRFLOW_CTX_DAG_ID=ingest_data
AIRFLOW_CTX_TASK_ID=get_data_to_ingest_from_local_file_task
AIRFLOW_CTX_EXECUTION_DATE=2022-06-12T00:09:00+00:00
AIRFLOW_CTX_TRY_NUMBER=1
AIRFLOW_CTX_DAG_RUN_ID=scheduled__2022-06-12T00:09:00+00:00
[2022-06-12 16:28:24,743] {python.py:173} INFO - Done. Returned value was:           AT      V       AP     RH      PE
18540  18.77  50.66  1014.89  87.34  457.07
35483   8.35  40.46  1019.23  73.26  474.79
31560  28.62  69.71  1009.67  62.12  437.52
38164  14.45  44.84  1023.28  82.79  461.00
1865   13.15  41.14  1026.72  80.31  461.49
[2022-06-12 16:28:24,845] {taskinstance.py:1395} INFO - Marking task as SUCCESS. dag_id=ingest_data, task_id=get_data_to_ingest_from_local_file_task, execution_date=20220612T000900, start_date=20220612T142824, end_date=20220612T142824
[2022-06-12 16:28:24,904] {local_task_job.py:156} INFO - Task exited with return code 0
[2022-06-12 16:28:25,117] {local_task_job.py:273} INFO - 1 downstream tasks scheduled from follow-on schedule check
