[2022-06-12 16:57:24,168] {taskinstance.py:1159} INFO - Dependencies all met for <TaskInstance: ingest_data.get_data_to_ingest_from_local_file_task scheduled__2022-06-12T02:53:00+00:00 [queued]>
[2022-06-12 16:57:24,198] {taskinstance.py:1159} INFO - Dependencies all met for <TaskInstance: ingest_data.get_data_to_ingest_from_local_file_task scheduled__2022-06-12T02:53:00+00:00 [queued]>
[2022-06-12 16:57:24,198] {taskinstance.py:1356} INFO - 
--------------------------------------------------------------------------------
[2022-06-12 16:57:24,199] {taskinstance.py:1357} INFO - Starting attempt 1 of 1
[2022-06-12 16:57:24,200] {taskinstance.py:1358} INFO - 
--------------------------------------------------------------------------------
[2022-06-12 16:57:24,279] {taskinstance.py:1377} INFO - Executing <Task(_PythonDecoratedOperator): get_data_to_ingest_from_local_file_task> on 2022-06-12 02:53:00+00:00
[2022-06-12 16:57:24,285] {standard_task_runner.py:52} INFO - Started process 6324 to run task
[2022-06-12 16:57:24,295] {standard_task_runner.py:79} INFO - Running: ['airflow', 'tasks', 'run', 'ingest_data', 'get_data_to_ingest_from_local_file_task', 'scheduled__2022-06-12T02:53:00+00:00', '--job-id', '740', '--raw', '--subdir', 'DAGS_FOLDER/ingestion_dag.py', '--cfg-path', '/tmp/tmp78um9inf', '--error-file', '/tmp/tmptzsubicm']
[2022-06-12 16:57:24,299] {standard_task_runner.py:80} INFO - Job 740: Subtask get_data_to_ingest_from_local_file_task
[2022-06-12 16:57:24,467] {task_command.py:370} INFO - Running <TaskInstance: ingest_data.get_data_to_ingest_from_local_file_task scheduled__2022-06-12T02:53:00+00:00 [running]> on host DESKTOP-GDPK8BL.localdomain
[2022-06-12 16:57:24,875] {taskinstance.py:1569} INFO - Exporting the following env vars:
AIRFLOW_CTX_DAG_OWNER=airflow
AIRFLOW_CTX_DAG_ID=ingest_data
AIRFLOW_CTX_TASK_ID=get_data_to_ingest_from_local_file_task
AIRFLOW_CTX_EXECUTION_DATE=2022-06-12T02:53:00+00:00
AIRFLOW_CTX_TRY_NUMBER=1
AIRFLOW_CTX_DAG_RUN_ID=scheduled__2022-06-12T02:53:00+00:00
[2022-06-12 16:57:24,950] {python.py:173} INFO - Done. Returned value was:           AT      V       AP     RH      PE
42821  17.82  65.48  1019.64  86.60  449.21
11150  24.26  61.02  1009.78  76.68  442.86
7734   12.42  43.14  1015.88  79.48  471.10
20874  26.11  47.43  1009.01  56.09  445.36
24229  27.33  52.84  1005.88  56.16  438.97
[2022-06-12 16:57:25,087] {taskinstance.py:1395} INFO - Marking task as SUCCESS. dag_id=ingest_data, task_id=get_data_to_ingest_from_local_file_task, execution_date=20220612T025300, start_date=20220612T145724, end_date=20220612T145725
[2022-06-12 16:57:25,157] {local_task_job.py:156} INFO - Task exited with return code 0
[2022-06-12 16:57:25,368] {local_task_job.py:273} INFO - 1 downstream tasks scheduled from follow-on schedule check
