[2022-06-12 19:45:46,401] {taskinstance.py:1159} INFO - Dependencies all met for <TaskInstance: ingest_data.save_data_task scheduled__2022-06-12T08:49:00+00:00 [queued]>
[2022-06-12 19:45:46,435] {taskinstance.py:1159} INFO - Dependencies all met for <TaskInstance: ingest_data.save_data_task scheduled__2022-06-12T08:49:00+00:00 [queued]>
[2022-06-12 19:45:46,436] {taskinstance.py:1356} INFO - 
--------------------------------------------------------------------------------
[2022-06-12 19:45:46,436] {taskinstance.py:1357} INFO - Starting attempt 1 of 1
[2022-06-12 19:45:46,437] {taskinstance.py:1358} INFO - 
--------------------------------------------------------------------------------
[2022-06-12 19:45:46,491] {taskinstance.py:1377} INFO - Executing <Task(_PythonDecoratedOperator): save_data_task> on 2022-06-12 08:49:00+00:00
[2022-06-12 19:45:46,497] {standard_task_runner.py:52} INFO - Started process 11613 to run task
[2022-06-12 19:45:46,505] {standard_task_runner.py:79} INFO - Running: ['airflow', 'tasks', 'run', 'ingest_data', 'save_data_task', 'scheduled__2022-06-12T08:49:00+00:00', '--job-id', '1454', '--raw', '--subdir', 'DAGS_FOLDER/ingestion_dag.py', '--cfg-path', '/tmp/tmpkcjoyd53', '--error-file', '/tmp/tmpri1_9zv3']
[2022-06-12 19:45:46,506] {standard_task_runner.py:80} INFO - Job 1454: Subtask save_data_task
[2022-06-12 19:45:46,638] {task_command.py:370} INFO - Running <TaskInstance: ingest_data.save_data_task scheduled__2022-06-12T08:49:00+00:00 [running]> on host DESKTOP-GDPK8BL.localdomain
[2022-06-12 19:45:47,220] {taskinstance.py:1569} INFO - Exporting the following env vars:
AIRFLOW_CTX_DAG_OWNER=airflow
AIRFLOW_CTX_DAG_ID=ingest_data
AIRFLOW_CTX_TASK_ID=save_data_task
AIRFLOW_CTX_EXECUTION_DATE=2022-06-12T08:49:00+00:00
AIRFLOW_CTX_TRY_NUMBER=1
AIRFLOW_CTX_DAG_RUN_ID=scheduled__2022-06-12T08:49:00+00:00
[2022-06-12 19:45:47,237] {python.py:173} INFO - Done. Returned value was: None
[2022-06-12 19:45:47,263] {taskinstance.py:1395} INFO - Marking task as SUCCESS. dag_id=ingest_data, task_id=save_data_task, execution_date=20220612T084900, start_date=20220612T174546, end_date=20220612T174547
[2022-06-12 19:45:47,363] {local_task_job.py:156} INFO - Task exited with return code 0
[2022-06-12 19:45:47,558] {local_task_job.py:273} INFO - 0 downstream tasks scheduled from follow-on schedule check
