[2022-06-12 17:00:32,153] {taskinstance.py:1159} INFO - Dependencies all met for <TaskInstance: ingest_data.get_data_to_ingest_from_local_file_task scheduled__2022-06-12T03:12:00+00:00 [queued]>
[2022-06-12 17:00:32,183] {taskinstance.py:1159} INFO - Dependencies all met for <TaskInstance: ingest_data.get_data_to_ingest_from_local_file_task scheduled__2022-06-12T03:12:00+00:00 [queued]>
[2022-06-12 17:00:32,184] {taskinstance.py:1356} INFO - 
--------------------------------------------------------------------------------
[2022-06-12 17:00:32,184] {taskinstance.py:1357} INFO - Starting attempt 1 of 1
[2022-06-12 17:00:32,185] {taskinstance.py:1358} INFO - 
--------------------------------------------------------------------------------
[2022-06-12 17:00:32,262] {taskinstance.py:1377} INFO - Executing <Task(_PythonDecoratedOperator): get_data_to_ingest_from_local_file_task> on 2022-06-12 03:12:00+00:00
[2022-06-12 17:00:32,267] {standard_task_runner.py:52} INFO - Started process 6599 to run task
[2022-06-12 17:00:32,273] {standard_task_runner.py:79} INFO - Running: ['airflow', 'tasks', 'run', 'ingest_data', 'get_data_to_ingest_from_local_file_task', 'scheduled__2022-06-12T03:12:00+00:00', '--job-id', '777', '--raw', '--subdir', 'DAGS_FOLDER/ingestion_dag.py', '--cfg-path', '/tmp/tmpucr5bv0s', '--error-file', '/tmp/tmpmb1p6hyw']
[2022-06-12 17:00:32,275] {standard_task_runner.py:80} INFO - Job 777: Subtask get_data_to_ingest_from_local_file_task
[2022-06-12 17:00:32,432] {task_command.py:370} INFO - Running <TaskInstance: ingest_data.get_data_to_ingest_from_local_file_task scheduled__2022-06-12T03:12:00+00:00 [running]> on host DESKTOP-GDPK8BL.localdomain
[2022-06-12 17:00:32,836] {taskinstance.py:1569} INFO - Exporting the following env vars:
AIRFLOW_CTX_DAG_OWNER=airflow
AIRFLOW_CTX_DAG_ID=ingest_data
AIRFLOW_CTX_TASK_ID=get_data_to_ingest_from_local_file_task
AIRFLOW_CTX_EXECUTION_DATE=2022-06-12T03:12:00+00:00
AIRFLOW_CTX_TRY_NUMBER=1
AIRFLOW_CTX_DAG_RUN_ID=scheduled__2022-06-12T03:12:00+00:00
[2022-06-12 17:00:32,922] {python.py:173} INFO - Done. Returned value was:           AT      V       AP     RH      PE
10449  28.75  57.55  1004.77  57.55  435.33
5416   20.95  44.89  1010.48  67.97  450.39
11923   7.41  39.16  1015.23  90.66  486.91
42177  23.20  61.02  1009.63  79.45  443.23
5761   32.77  72.86  1003.60  52.87  433.84
[2022-06-12 17:00:33,157] {taskinstance.py:1395} INFO - Marking task as SUCCESS. dag_id=ingest_data, task_id=get_data_to_ingest_from_local_file_task, execution_date=20220612T031200, start_date=20220612T150032, end_date=20220612T150033
[2022-06-12 17:00:33,293] {local_task_job.py:156} INFO - Task exited with return code 0
[2022-06-12 17:00:33,538] {local_task_job.py:273} INFO - 1 downstream tasks scheduled from follow-on schedule check
