[2022-06-12 16:07:06,668] {taskinstance.py:1159} INFO - Dependencies all met for <TaskInstance: ingest_data.get_data_to_ingest_from_local_file_task scheduled__2022-06-11T22:05:00+00:00 [queued]>
[2022-06-12 16:07:06,690] {taskinstance.py:1159} INFO - Dependencies all met for <TaskInstance: ingest_data.get_data_to_ingest_from_local_file_task scheduled__2022-06-11T22:05:00+00:00 [queued]>
[2022-06-12 16:07:06,691] {taskinstance.py:1356} INFO - 
--------------------------------------------------------------------------------
[2022-06-12 16:07:06,691] {taskinstance.py:1357} INFO - Starting attempt 1 of 1
[2022-06-12 16:07:06,692] {taskinstance.py:1358} INFO - 
--------------------------------------------------------------------------------
[2022-06-12 16:07:06,741] {taskinstance.py:1377} INFO - Executing <Task(_PythonDecoratedOperator): get_data_to_ingest_from_local_file_task> on 2022-06-11 22:05:00+00:00
[2022-06-12 16:07:06,748] {standard_task_runner.py:52} INFO - Started process 1849 to run task
[2022-06-12 16:07:06,753] {standard_task_runner.py:79} INFO - Running: ['airflow', 'tasks', 'run', 'ingest_data', 'get_data_to_ingest_from_local_file_task', 'scheduled__2022-06-11T22:05:00+00:00', '--job-id', '164', '--raw', '--subdir', 'DAGS_FOLDER/ingestion_dag.py', '--cfg-path', '/tmp/tmpcb1zrdyq', '--error-file', '/tmp/tmpumkn04wp']
[2022-06-12 16:07:06,754] {standard_task_runner.py:80} INFO - Job 164: Subtask get_data_to_ingest_from_local_file_task
[2022-06-12 16:07:06,937] {task_command.py:370} INFO - Running <TaskInstance: ingest_data.get_data_to_ingest_from_local_file_task scheduled__2022-06-11T22:05:00+00:00 [running]> on host DESKTOP-GDPK8BL.localdomain
[2022-06-12 16:07:07,296] {taskinstance.py:1569} INFO - Exporting the following env vars:
AIRFLOW_CTX_DAG_OWNER=airflow
AIRFLOW_CTX_DAG_ID=ingest_data
AIRFLOW_CTX_TASK_ID=get_data_to_ingest_from_local_file_task
AIRFLOW_CTX_EXECUTION_DATE=2022-06-11T22:05:00+00:00
AIRFLOW_CTX_TRY_NUMBER=1
AIRFLOW_CTX_DAG_RUN_ID=scheduled__2022-06-11T22:05:00+00:00
[2022-06-12 16:07:07,370] {python.py:173} INFO - Done. Returned value was:           AT      V       AP     RH      PE
26764  29.83  71.98  1004.32  67.55  426.98
5779    8.73  39.42  1025.63  69.87  474.44
24491  33.37  73.88  1005.80  47.94  436.76
46639  14.68  43.99  1023.36  86.79  461.91
25703  24.69  71.73  1010.13  70.54  436.78
[2022-06-12 16:07:07,480] {taskinstance.py:1395} INFO - Marking task as SUCCESS. dag_id=ingest_data, task_id=get_data_to_ingest_from_local_file_task, execution_date=20220611T220500, start_date=20220612T140706, end_date=20220612T140707
[2022-06-12 16:07:07,571] {local_task_job.py:156} INFO - Task exited with return code 0
[2022-06-12 16:07:07,813] {local_task_job.py:273} INFO - 1 downstream tasks scheduled from follow-on schedule check
