[2022-06-12 17:48:09,179] {taskinstance.py:1159} INFO - Dependencies all met for <TaskInstance: ingest_data.get_data_to_ingest_from_local_file_task scheduled__2022-06-12T08:02:00+00:00 [queued]>
[2022-06-12 17:48:09,211] {taskinstance.py:1159} INFO - Dependencies all met for <TaskInstance: ingest_data.get_data_to_ingest_from_local_file_task scheduled__2022-06-12T08:02:00+00:00 [queued]>
[2022-06-12 17:48:09,211] {taskinstance.py:1356} INFO - 
--------------------------------------------------------------------------------
[2022-06-12 17:48:09,211] {taskinstance.py:1357} INFO - Starting attempt 1 of 1
[2022-06-12 17:48:09,212] {taskinstance.py:1358} INFO - 
--------------------------------------------------------------------------------
[2022-06-12 17:48:09,270] {taskinstance.py:1377} INFO - Executing <Task(_PythonDecoratedOperator): get_data_to_ingest_from_local_file_task> on 2022-06-12 08:02:00+00:00
[2022-06-12 17:48:09,277] {standard_task_runner.py:52} INFO - Started process 10893 to run task
[2022-06-12 17:48:09,282] {standard_task_runner.py:79} INFO - Running: ['airflow', 'tasks', 'run', 'ingest_data', 'get_data_to_ingest_from_local_file_task', 'scheduled__2022-06-12T08:02:00+00:00', '--job-id', '1357', '--raw', '--subdir', 'DAGS_FOLDER/ingestion_dag.py', '--cfg-path', '/tmp/tmpltq9560n', '--error-file', '/tmp/tmpug2_z7u7']
[2022-06-12 17:48:09,284] {standard_task_runner.py:80} INFO - Job 1357: Subtask get_data_to_ingest_from_local_file_task
[2022-06-12 17:48:09,453] {task_command.py:370} INFO - Running <TaskInstance: ingest_data.get_data_to_ingest_from_local_file_task scheduled__2022-06-12T08:02:00+00:00 [running]> on host DESKTOP-GDPK8BL.localdomain
[2022-06-12 17:48:09,924] {taskinstance.py:1569} INFO - Exporting the following env vars:
AIRFLOW_CTX_DAG_OWNER=airflow
AIRFLOW_CTX_DAG_ID=ingest_data
AIRFLOW_CTX_TASK_ID=get_data_to_ingest_from_local_file_task
AIRFLOW_CTX_EXECUTION_DATE=2022-06-12T08:02:00+00:00
AIRFLOW_CTX_TRY_NUMBER=1
AIRFLOW_CTX_DAG_RUN_ID=scheduled__2022-06-12T08:02:00+00:00
[2022-06-12 17:48:09,996] {python.py:173} INFO - Done. Returned value was:           AT      V       AP     RH      PE
6192    7.87  43.02  1014.67  83.58  485.61
40099  27.17  61.25  1013.03  70.43  435.90
11310  25.60  71.73  1010.15  68.99  436.70
14726  30.12  69.68  1012.89  60.64  436.34
20829  12.99  41.93  1020.25  74.64  472.95
[2022-06-12 17:48:10,160] {taskinstance.py:1395} INFO - Marking task as SUCCESS. dag_id=ingest_data, task_id=get_data_to_ingest_from_local_file_task, execution_date=20220612T080200, start_date=20220612T154809, end_date=20220612T154810
[2022-06-12 17:48:10,263] {local_task_job.py:156} INFO - Task exited with return code 0
[2022-06-12 17:48:10,506] {local_task_job.py:273} INFO - 1 downstream tasks scheduled from follow-on schedule check
