[2022-06-12 17:38:18,445] {taskinstance.py:1159} INFO - Dependencies all met for <TaskInstance: ingest_data.get_data_to_ingest_from_local_file_task scheduled__2022-06-12T06:59:00+00:00 [queued]>
[2022-06-12 17:38:18,476] {taskinstance.py:1159} INFO - Dependencies all met for <TaskInstance: ingest_data.get_data_to_ingest_from_local_file_task scheduled__2022-06-12T06:59:00+00:00 [queued]>
[2022-06-12 17:38:18,477] {taskinstance.py:1356} INFO - 
--------------------------------------------------------------------------------
[2022-06-12 17:38:18,477] {taskinstance.py:1357} INFO - Starting attempt 1 of 1
[2022-06-12 17:38:18,478] {taskinstance.py:1358} INFO - 
--------------------------------------------------------------------------------
[2022-06-12 17:38:18,534] {taskinstance.py:1377} INFO - Executing <Task(_PythonDecoratedOperator): get_data_to_ingest_from_local_file_task> on 2022-06-12 06:59:00+00:00
[2022-06-12 17:38:18,540] {standard_task_runner.py:52} INFO - Started process 9970 to run task
[2022-06-12 17:38:18,544] {standard_task_runner.py:79} INFO - Running: ['airflow', 'tasks', 'run', 'ingest_data', 'get_data_to_ingest_from_local_file_task', 'scheduled__2022-06-12T06:59:00+00:00', '--job-id', '1232', '--raw', '--subdir', 'DAGS_FOLDER/ingestion_dag.py', '--cfg-path', '/tmp/tmpr74ms1v3', '--error-file', '/tmp/tmp1r87q5c5']
[2022-06-12 17:38:18,546] {standard_task_runner.py:80} INFO - Job 1232: Subtask get_data_to_ingest_from_local_file_task
[2022-06-12 17:38:18,712] {task_command.py:370} INFO - Running <TaskInstance: ingest_data.get_data_to_ingest_from_local_file_task scheduled__2022-06-12T06:59:00+00:00 [running]> on host DESKTOP-GDPK8BL.localdomain
[2022-06-12 17:38:19,152] {taskinstance.py:1569} INFO - Exporting the following env vars:
AIRFLOW_CTX_DAG_OWNER=airflow
AIRFLOW_CTX_DAG_ID=ingest_data
AIRFLOW_CTX_TASK_ID=get_data_to_ingest_from_local_file_task
AIRFLOW_CTX_EXECUTION_DATE=2022-06-12T06:59:00+00:00
AIRFLOW_CTX_TRY_NUMBER=1
AIRFLOW_CTX_DAG_RUN_ID=scheduled__2022-06-12T06:59:00+00:00
[2022-06-12 17:38:19,218] {python.py:173} INFO - Done. Returned value was:           AT      V       AP     RH      PE
9041   26.48  68.14  1004.83  55.96  432.19
36357  25.16  60.23  1011.21  68.31  444.98
27478  31.98  73.42  1010.66  60.06  432.20
17751  28.92  72.43  1007.03  66.14  431.50
18322  26.17  48.92  1009.87  34.43  440.09
[2022-06-12 17:38:19,386] {taskinstance.py:1395} INFO - Marking task as SUCCESS. dag_id=ingest_data, task_id=get_data_to_ingest_from_local_file_task, execution_date=20220612T065900, start_date=20220612T153818, end_date=20220612T153819
[2022-06-12 17:38:19,482] {local_task_job.py:156} INFO - Task exited with return code 0
[2022-06-12 17:38:19,705] {local_task_job.py:273} INFO - 1 downstream tasks scheduled from follow-on schedule check
