[2022-06-12 16:23:14,279] {taskinstance.py:1159} INFO - Dependencies all met for <TaskInstance: ingest_data.get_data_to_ingest_from_local_file_task scheduled__2022-06-11T23:35:00+00:00 [queued]>
[2022-06-12 16:23:14,320] {taskinstance.py:1159} INFO - Dependencies all met for <TaskInstance: ingest_data.get_data_to_ingest_from_local_file_task scheduled__2022-06-11T23:35:00+00:00 [queued]>
[2022-06-12 16:23:14,321] {taskinstance.py:1356} INFO - 
--------------------------------------------------------------------------------
[2022-06-12 16:23:14,322] {taskinstance.py:1357} INFO - Starting attempt 1 of 1
[2022-06-12 16:23:14,323] {taskinstance.py:1358} INFO - 
--------------------------------------------------------------------------------
[2022-06-12 16:23:14,424] {taskinstance.py:1377} INFO - Executing <Task(_PythonDecoratedOperator): get_data_to_ingest_from_local_file_task> on 2022-06-11 23:35:00+00:00
[2022-06-12 16:23:14,439] {standard_task_runner.py:52} INFO - Started process 3379 to run task
[2022-06-12 16:23:14,446] {standard_task_runner.py:79} INFO - Running: ['airflow', 'tasks', 'run', 'ingest_data', 'get_data_to_ingest_from_local_file_task', 'scheduled__2022-06-11T23:35:00+00:00', '--job-id', '344', '--raw', '--subdir', 'DAGS_FOLDER/ingestion_dag.py', '--cfg-path', '/tmp/tmpcrlq_zc4', '--error-file', '/tmp/tmpb4jbsfjw']
[2022-06-12 16:23:14,448] {standard_task_runner.py:80} INFO - Job 344: Subtask get_data_to_ingest_from_local_file_task
[2022-06-12 16:23:14,730] {task_command.py:370} INFO - Running <TaskInstance: ingest_data.get_data_to_ingest_from_local_file_task scheduled__2022-06-11T23:35:00+00:00 [running]> on host DESKTOP-GDPK8BL.localdomain
[2022-06-12 16:23:15,369] {taskinstance.py:1569} INFO - Exporting the following env vars:
AIRFLOW_CTX_DAG_OWNER=airflow
AIRFLOW_CTX_DAG_ID=ingest_data
AIRFLOW_CTX_TASK_ID=get_data_to_ingest_from_local_file_task
AIRFLOW_CTX_EXECUTION_DATE=2022-06-11T23:35:00+00:00
AIRFLOW_CTX_TRY_NUMBER=1
AIRFLOW_CTX_DAG_RUN_ID=scheduled__2022-06-11T23:35:00+00:00
[2022-06-12 16:23:15,488] {python.py:173} INFO - Done. Returned value was:           AT      V       AP     RH      PE
25481  31.84  77.95  1014.90  55.35  433.28
17646  30.69  74.16  1012.71  60.89  435.17
30227  19.10  56.53  1020.18  76.38  455.52
8713   31.70  76.09  1007.06  72.39  441.36
9755   12.47  45.01  1017.80  95.25  467.18
[2022-06-12 16:23:15,727] {taskinstance.py:1395} INFO - Marking task as SUCCESS. dag_id=ingest_data, task_id=get_data_to_ingest_from_local_file_task, execution_date=20220611T233500, start_date=20220612T142314, end_date=20220612T142315
[2022-06-12 16:23:15,867] {local_task_job.py:156} INFO - Task exited with return code 0
[2022-06-12 16:23:16,410] {local_task_job.py:273} INFO - 1 downstream tasks scheduled from follow-on schedule check
