[2022-06-12 17:10:45,287] {taskinstance.py:1159} INFO - Dependencies all met for <TaskInstance: ingest_data.get_data_to_ingest_from_local_file_task scheduled__2022-06-12T04:10:00+00:00 [queued]>
[2022-06-12 17:10:45,316] {taskinstance.py:1159} INFO - Dependencies all met for <TaskInstance: ingest_data.get_data_to_ingest_from_local_file_task scheduled__2022-06-12T04:10:00+00:00 [queued]>
[2022-06-12 17:10:45,316] {taskinstance.py:1356} INFO - 
--------------------------------------------------------------------------------
[2022-06-12 17:10:45,317] {taskinstance.py:1357} INFO - Starting attempt 1 of 1
[2022-06-12 17:10:45,317] {taskinstance.py:1358} INFO - 
--------------------------------------------------------------------------------
[2022-06-12 17:10:45,371] {taskinstance.py:1377} INFO - Executing <Task(_PythonDecoratedOperator): get_data_to_ingest_from_local_file_task> on 2022-06-12 04:10:00+00:00
[2022-06-12 17:10:45,377] {standard_task_runner.py:52} INFO - Started process 7461 to run task
[2022-06-12 17:10:45,383] {standard_task_runner.py:79} INFO - Running: ['airflow', 'tasks', 'run', 'ingest_data', 'get_data_to_ingest_from_local_file_task', 'scheduled__2022-06-12T04:10:00+00:00', '--job-id', '893', '--raw', '--subdir', 'DAGS_FOLDER/ingestion_dag.py', '--cfg-path', '/tmp/tmpdnahoa8a', '--error-file', '/tmp/tmpvvb2olpy']
[2022-06-12 17:10:45,385] {standard_task_runner.py:80} INFO - Job 893: Subtask get_data_to_ingest_from_local_file_task
[2022-06-12 17:10:45,554] {task_command.py:370} INFO - Running <TaskInstance: ingest_data.get_data_to_ingest_from_local_file_task scheduled__2022-06-12T04:10:00+00:00 [running]> on host DESKTOP-GDPK8BL.localdomain
[2022-06-12 17:10:45,982] {taskinstance.py:1569} INFO - Exporting the following env vars:
AIRFLOW_CTX_DAG_OWNER=airflow
AIRFLOW_CTX_DAG_ID=ingest_data
AIRFLOW_CTX_TASK_ID=get_data_to_ingest_from_local_file_task
AIRFLOW_CTX_EXECUTION_DATE=2022-06-12T04:10:00+00:00
AIRFLOW_CTX_TRY_NUMBER=1
AIRFLOW_CTX_DAG_RUN_ID=scheduled__2022-06-12T04:10:00+00:00
[2022-06-12 17:10:46,053] {python.py:173} INFO - Done. Returned value was:           AT      V       AP     RH      PE
38520  24.10  71.29  1007.96  67.56  442.80
18649  20.83  44.78  1008.51  35.90  460.60
29505  31.01  69.04  1009.14  52.81  442.07
17977  23.73  63.94  1010.70  87.10  441.78
36523  29.11  74.78  1009.60  56.93  438.75
[2022-06-12 17:10:46,198] {taskinstance.py:1395} INFO - Marking task as SUCCESS. dag_id=ingest_data, task_id=get_data_to_ingest_from_local_file_task, execution_date=20220612T041000, start_date=20220612T151045, end_date=20220612T151046
[2022-06-12 17:10:46,281] {local_task_job.py:156} INFO - Task exited with return code 0
[2022-06-12 17:10:46,511] {local_task_job.py:273} INFO - 1 downstream tasks scheduled from follow-on schedule check
