[2022-06-12 16:55:53,224] {taskinstance.py:1159} INFO - Dependencies all met for <TaskInstance: ingest_data.get_data_to_ingest_from_local_file_task scheduled__2022-06-12T02:46:00+00:00 [queued]>
[2022-06-12 16:55:53,263] {taskinstance.py:1159} INFO - Dependencies all met for <TaskInstance: ingest_data.get_data_to_ingest_from_local_file_task scheduled__2022-06-12T02:46:00+00:00 [queued]>
[2022-06-12 16:55:53,264] {taskinstance.py:1356} INFO - 
--------------------------------------------------------------------------------
[2022-06-12 16:55:53,264] {taskinstance.py:1357} INFO - Starting attempt 1 of 1
[2022-06-12 16:55:53,265] {taskinstance.py:1358} INFO - 
--------------------------------------------------------------------------------
[2022-06-12 16:55:53,329] {taskinstance.py:1377} INFO - Executing <Task(_PythonDecoratedOperator): get_data_to_ingest_from_local_file_task> on 2022-06-12 02:46:00+00:00
[2022-06-12 16:55:53,336] {standard_task_runner.py:52} INFO - Started process 6218 to run task
[2022-06-12 16:55:53,353] {standard_task_runner.py:79} INFO - Running: ['airflow', 'tasks', 'run', 'ingest_data', 'get_data_to_ingest_from_local_file_task', 'scheduled__2022-06-12T02:46:00+00:00', '--job-id', '726', '--raw', '--subdir', 'DAGS_FOLDER/ingestion_dag.py', '--cfg-path', '/tmp/tmpzx49mxuc', '--error-file', '/tmp/tmpbu9b6g_t']
[2022-06-12 16:55:53,354] {standard_task_runner.py:80} INFO - Job 726: Subtask get_data_to_ingest_from_local_file_task
[2022-06-12 16:55:53,504] {task_command.py:370} INFO - Running <TaskInstance: ingest_data.get_data_to_ingest_from_local_file_task scheduled__2022-06-12T02:46:00+00:00 [running]> on host DESKTOP-GDPK8BL.localdomain
[2022-06-12 16:55:54,097] {taskinstance.py:1569} INFO - Exporting the following env vars:
AIRFLOW_CTX_DAG_OWNER=airflow
AIRFLOW_CTX_DAG_ID=ingest_data
AIRFLOW_CTX_TASK_ID=get_data_to_ingest_from_local_file_task
AIRFLOW_CTX_EXECUTION_DATE=2022-06-12T02:46:00+00:00
AIRFLOW_CTX_TRY_NUMBER=1
AIRFLOW_CTX_DAG_RUN_ID=scheduled__2022-06-12T02:46:00+00:00
[2022-06-12 16:55:54,219] {python.py:173} INFO - Done. Returned value was:           AT      V       AP     RH      PE
9793   23.24  63.78  1017.10  63.80  446.95
10393  10.03  41.79  1020.35  66.42  475.42
14274  23.43  51.43  1011.31  73.55  444.09
32684  19.72  47.03  1012.10  90.36  458.59
40719  22.60  69.84  1006.37  79.59  435.13
[2022-06-12 16:55:54,366] {taskinstance.py:1395} INFO - Marking task as SUCCESS. dag_id=ingest_data, task_id=get_data_to_ingest_from_local_file_task, execution_date=20220612T024600, start_date=20220612T145553, end_date=20220612T145554
[2022-06-12 16:55:54,443] {local_task_job.py:156} INFO - Task exited with return code 0
[2022-06-12 16:55:54,671] {local_task_job.py:273} INFO - 1 downstream tasks scheduled from follow-on schedule check
