[2022-06-12 16:55:36,508] {taskinstance.py:1159} INFO - Dependencies all met for <TaskInstance: ingest_data.get_data_to_ingest_from_local_file_task scheduled__2022-06-12T02:45:00+00:00 [queued]>
[2022-06-12 16:55:36,543] {taskinstance.py:1159} INFO - Dependencies all met for <TaskInstance: ingest_data.get_data_to_ingest_from_local_file_task scheduled__2022-06-12T02:45:00+00:00 [queued]>
[2022-06-12 16:55:36,543] {taskinstance.py:1356} INFO - 
--------------------------------------------------------------------------------
[2022-06-12 16:55:36,544] {taskinstance.py:1357} INFO - Starting attempt 1 of 1
[2022-06-12 16:55:36,544] {taskinstance.py:1358} INFO - 
--------------------------------------------------------------------------------
[2022-06-12 16:55:36,607] {taskinstance.py:1377} INFO - Executing <Task(_PythonDecoratedOperator): get_data_to_ingest_from_local_file_task> on 2022-06-12 02:45:00+00:00
[2022-06-12 16:55:36,613] {standard_task_runner.py:52} INFO - Started process 6196 to run task
[2022-06-12 16:55:36,619] {standard_task_runner.py:79} INFO - Running: ['airflow', 'tasks', 'run', 'ingest_data', 'get_data_to_ingest_from_local_file_task', 'scheduled__2022-06-12T02:45:00+00:00', '--job-id', '723', '--raw', '--subdir', 'DAGS_FOLDER/ingestion_dag.py', '--cfg-path', '/tmp/tmpoz2fdffu', '--error-file', '/tmp/tmp97bvu229']
[2022-06-12 16:55:36,621] {standard_task_runner.py:80} INFO - Job 723: Subtask get_data_to_ingest_from_local_file_task
[2022-06-12 16:55:36,775] {task_command.py:370} INFO - Running <TaskInstance: ingest_data.get_data_to_ingest_from_local_file_task scheduled__2022-06-12T02:45:00+00:00 [running]> on host DESKTOP-GDPK8BL.localdomain
[2022-06-12 16:55:37,175] {taskinstance.py:1569} INFO - Exporting the following env vars:
AIRFLOW_CTX_DAG_OWNER=airflow
AIRFLOW_CTX_DAG_ID=ingest_data
AIRFLOW_CTX_TASK_ID=get_data_to_ingest_from_local_file_task
AIRFLOW_CTX_EXECUTION_DATE=2022-06-12T02:45:00+00:00
AIRFLOW_CTX_TRY_NUMBER=1
AIRFLOW_CTX_DAG_RUN_ID=scheduled__2022-06-12T02:45:00+00:00
[2022-06-12 16:55:37,250] {python.py:173} INFO - Done. Returned value was:           AT      V       AP     RH      PE
45989   8.39  36.30  1015.39  62.23  479.57
11774   8.74  40.03  1016.81  93.37  481.07
982    20.35  50.90  1012.60  72.43  453.50
23721  22.03  64.69  1007.21  75.75  440.92
38455  14.73  39.82  1012.67  80.82  470.41
[2022-06-12 16:55:37,400] {taskinstance.py:1395} INFO - Marking task as SUCCESS. dag_id=ingest_data, task_id=get_data_to_ingest_from_local_file_task, execution_date=20220612T024500, start_date=20220612T145536, end_date=20220612T145537
[2022-06-12 16:55:37,480] {local_task_job.py:156} INFO - Task exited with return code 0
[2022-06-12 16:55:37,721] {local_task_job.py:273} INFO - 1 downstream tasks scheduled from follow-on schedule check
