[2022-06-12 17:40:18,261] {taskinstance.py:1159} INFO - Dependencies all met for <TaskInstance: ingest_data.get_data_to_ingest_from_local_file_task scheduled__2022-06-12T07:12:00+00:00 [queued]>
[2022-06-12 17:40:18,318] {taskinstance.py:1159} INFO - Dependencies all met for <TaskInstance: ingest_data.get_data_to_ingest_from_local_file_task scheduled__2022-06-12T07:12:00+00:00 [queued]>
[2022-06-12 17:40:18,319] {taskinstance.py:1356} INFO - 
--------------------------------------------------------------------------------
[2022-06-12 17:40:18,320] {taskinstance.py:1357} INFO - Starting attempt 1 of 1
[2022-06-12 17:40:18,320] {taskinstance.py:1358} INFO - 
--------------------------------------------------------------------------------
[2022-06-12 17:40:18,379] {taskinstance.py:1377} INFO - Executing <Task(_PythonDecoratedOperator): get_data_to_ingest_from_local_file_task> on 2022-06-12 07:12:00+00:00
[2022-06-12 17:40:18,385] {standard_task_runner.py:52} INFO - Started process 10154 to run task
[2022-06-12 17:40:18,392] {standard_task_runner.py:79} INFO - Running: ['airflow', 'tasks', 'run', 'ingest_data', 'get_data_to_ingest_from_local_file_task', 'scheduled__2022-06-12T07:12:00+00:00', '--job-id', '1257', '--raw', '--subdir', 'DAGS_FOLDER/ingestion_dag.py', '--cfg-path', '/tmp/tmp875vmvuz', '--error-file', '/tmp/tmpa125p15v']
[2022-06-12 17:40:18,393] {standard_task_runner.py:80} INFO - Job 1257: Subtask get_data_to_ingest_from_local_file_task
[2022-06-12 17:40:18,538] {task_command.py:370} INFO - Running <TaskInstance: ingest_data.get_data_to_ingest_from_local_file_task scheduled__2022-06-12T07:12:00+00:00 [running]> on host DESKTOP-GDPK8BL.localdomain
[2022-06-12 17:40:19,088] {taskinstance.py:1569} INFO - Exporting the following env vars:
AIRFLOW_CTX_DAG_OWNER=airflow
AIRFLOW_CTX_DAG_ID=ingest_data
AIRFLOW_CTX_TASK_ID=get_data_to_ingest_from_local_file_task
AIRFLOW_CTX_EXECUTION_DATE=2022-06-12T07:12:00+00:00
AIRFLOW_CTX_TRY_NUMBER=1
AIRFLOW_CTX_DAG_RUN_ID=scheduled__2022-06-12T07:12:00+00:00
[2022-06-12 17:40:19,182] {python.py:173} INFO - Done. Returned value was:           AT      V       AP     RH      PE
20835  22.72  58.82  1012.54  77.72  448.67
287    22.56  62.26  1012.11  63.16  445.33
28881  31.28  75.08  1005.39  49.53  438.63
37489  22.50  45.38  1014.11  65.08  458.19
24254  16.00  43.34  1013.89  78.39  462.33
[2022-06-12 17:40:19,402] {taskinstance.py:1395} INFO - Marking task as SUCCESS. dag_id=ingest_data, task_id=get_data_to_ingest_from_local_file_task, execution_date=20220612T071200, start_date=20220612T154018, end_date=20220612T154019
[2022-06-12 17:40:19,492] {local_task_job.py:156} INFO - Task exited with return code 0
[2022-06-12 17:40:19,711] {local_task_job.py:273} INFO - 1 downstream tasks scheduled from follow-on schedule check
