[2022-06-12 14:47:25,772] {taskinstance.py:1159} INFO - Dependencies all met for <TaskInstance: ingest_data.get_data_to_ingest_from_local_file_task scheduled__2022-06-11T21:19:00+00:00 [queued]>
[2022-06-12 14:47:25,795] {taskinstance.py:1159} INFO - Dependencies all met for <TaskInstance: ingest_data.get_data_to_ingest_from_local_file_task scheduled__2022-06-11T21:19:00+00:00 [queued]>
[2022-06-12 14:47:25,796] {taskinstance.py:1356} INFO - 
--------------------------------------------------------------------------------
[2022-06-12 14:47:25,796] {taskinstance.py:1357} INFO - Starting attempt 1 of 1
[2022-06-12 14:47:25,797] {taskinstance.py:1358} INFO - 
--------------------------------------------------------------------------------
[2022-06-12 14:47:25,883] {taskinstance.py:1377} INFO - Executing <Task(_PythonDecoratedOperator): get_data_to_ingest_from_local_file_task> on 2022-06-11 21:19:00+00:00
[2022-06-12 14:47:25,889] {standard_task_runner.py:52} INFO - Started process 1064 to run task
[2022-06-12 14:47:25,896] {standard_task_runner.py:79} INFO - Running: ['airflow', 'tasks', 'run', 'ingest_data', 'get_data_to_ingest_from_local_file_task', 'scheduled__2022-06-11T21:19:00+00:00', '--job-id', '72', '--raw', '--subdir', 'DAGS_FOLDER/ingestion_dag.py', '--cfg-path', '/tmp/tmpvt1ohmv5', '--error-file', '/tmp/tmpy757j_nm']
[2022-06-12 14:47:25,898] {standard_task_runner.py:80} INFO - Job 72: Subtask get_data_to_ingest_from_local_file_task
[2022-06-12 14:47:26,032] {task_command.py:370} INFO - Running <TaskInstance: ingest_data.get_data_to_ingest_from_local_file_task scheduled__2022-06-11T21:19:00+00:00 [running]> on host DESKTOP-GDPK8BL.localdomain
[2022-06-12 14:47:26,335] {taskinstance.py:1569} INFO - Exporting the following env vars:
AIRFLOW_CTX_DAG_OWNER=airflow
AIRFLOW_CTX_DAG_ID=ingest_data
AIRFLOW_CTX_TASK_ID=get_data_to_ingest_from_local_file_task
AIRFLOW_CTX_EXECUTION_DATE=2022-06-11T21:19:00+00:00
AIRFLOW_CTX_TRY_NUMBER=1
AIRFLOW_CTX_DAG_RUN_ID=scheduled__2022-06-11T21:19:00+00:00
[2022-06-12 14:47:26,417] {python.py:173} INFO - Done. Returned value was:           AT      V       AP     RH      PE
46619  10.72  41.17  1019.68  60.71  479.21
12902  28.53  66.51  1015.90  40.68  436.16
24242   7.39  39.81  1019.45  85.02  482.99
2122   22.22  59.14  1017.32  83.41  442.31
38147  16.41  41.48  1016.28  45.19  451.93
[2022-06-12 14:47:26,529] {taskinstance.py:1395} INFO - Marking task as SUCCESS. dag_id=ingest_data, task_id=get_data_to_ingest_from_local_file_task, execution_date=20220611T211900, start_date=20220612T124725, end_date=20220612T124726
[2022-06-12 14:47:26,597] {local_task_job.py:156} INFO - Task exited with return code 0
[2022-06-12 14:47:26,804] {local_task_job.py:273} INFO - 1 downstream tasks scheduled from follow-on schedule check
