[2022-06-12 16:14:50,032] {taskinstance.py:1159} INFO - Dependencies all met for <TaskInstance: ingest_data.get_data_to_ingest_from_local_file_task scheduled__2022-06-11T22:49:00+00:00 [queued]>
[2022-06-12 16:14:50,063] {taskinstance.py:1159} INFO - Dependencies all met for <TaskInstance: ingest_data.get_data_to_ingest_from_local_file_task scheduled__2022-06-11T22:49:00+00:00 [queued]>
[2022-06-12 16:14:50,064] {taskinstance.py:1356} INFO - 
--------------------------------------------------------------------------------
[2022-06-12 16:14:50,064] {taskinstance.py:1357} INFO - Starting attempt 1 of 1
[2022-06-12 16:14:50,065] {taskinstance.py:1358} INFO - 
--------------------------------------------------------------------------------
[2022-06-12 16:14:50,125] {taskinstance.py:1377} INFO - Executing <Task(_PythonDecoratedOperator): get_data_to_ingest_from_local_file_task> on 2022-06-11 22:49:00+00:00
[2022-06-12 16:14:50,132] {standard_task_runner.py:52} INFO - Started process 2597 to run task
[2022-06-12 16:14:50,138] {standard_task_runner.py:79} INFO - Running: ['airflow', 'tasks', 'run', 'ingest_data', 'get_data_to_ingest_from_local_file_task', 'scheduled__2022-06-11T22:49:00+00:00', '--job-id', '252', '--raw', '--subdir', 'DAGS_FOLDER/ingestion_dag.py', '--cfg-path', '/tmp/tmpy4h_4z4s', '--error-file', '/tmp/tmp2_qqniec']
[2022-06-12 16:14:50,140] {standard_task_runner.py:80} INFO - Job 252: Subtask get_data_to_ingest_from_local_file_task
[2022-06-12 16:14:50,283] {task_command.py:370} INFO - Running <TaskInstance: ingest_data.get_data_to_ingest_from_local_file_task scheduled__2022-06-11T22:49:00+00:00 [running]> on host DESKTOP-GDPK8BL.localdomain
[2022-06-12 16:14:50,644] {taskinstance.py:1569} INFO - Exporting the following env vars:
AIRFLOW_CTX_DAG_OWNER=airflow
AIRFLOW_CTX_DAG_ID=ingest_data
AIRFLOW_CTX_TASK_ID=get_data_to_ingest_from_local_file_task
AIRFLOW_CTX_EXECUTION_DATE=2022-06-11T22:49:00+00:00
AIRFLOW_CTX_TRY_NUMBER=1
AIRFLOW_CTX_DAG_RUN_ID=scheduled__2022-06-11T22:49:00+00:00
[2022-06-12 16:14:50,715] {python.py:173} INFO - Done. Returned value was:           AT      V       AP     RH      PE
38835   7.49  36.08  1020.27  85.69  483.26
31780  18.01  44.20  1018.84  55.72  456.36
42963  28.37  67.07  1005.65  56.13  435.94
41738  27.94  63.07  1010.75  38.57  441.00
43412  12.69  40.71  1021.62  80.19  477.14
[2022-06-12 16:14:50,846] {taskinstance.py:1395} INFO - Marking task as SUCCESS. dag_id=ingest_data, task_id=get_data_to_ingest_from_local_file_task, execution_date=20220611T224900, start_date=20220612T141450, end_date=20220612T141450
[2022-06-12 16:14:50,917] {local_task_job.py:156} INFO - Task exited with return code 0
[2022-06-12 16:14:51,134] {local_task_job.py:273} INFO - 1 downstream tasks scheduled from follow-on schedule check
