[2022-06-12 16:53:24,371] {taskinstance.py:1159} INFO - Dependencies all met for <TaskInstance: ingest_data.get_data_to_ingest_from_local_file_task scheduled__2022-06-12T02:31:00+00:00 [queued]>
[2022-06-12 16:53:24,408] {taskinstance.py:1159} INFO - Dependencies all met for <TaskInstance: ingest_data.get_data_to_ingest_from_local_file_task scheduled__2022-06-12T02:31:00+00:00 [queued]>
[2022-06-12 16:53:24,409] {taskinstance.py:1356} INFO - 
--------------------------------------------------------------------------------
[2022-06-12 16:53:24,410] {taskinstance.py:1357} INFO - Starting attempt 1 of 1
[2022-06-12 16:53:24,411] {taskinstance.py:1358} INFO - 
--------------------------------------------------------------------------------
[2022-06-12 16:53:24,482] {taskinstance.py:1377} INFO - Executing <Task(_PythonDecoratedOperator): get_data_to_ingest_from_local_file_task> on 2022-06-12 02:31:00+00:00
[2022-06-12 16:53:24,487] {standard_task_runner.py:52} INFO - Started process 5996 to run task
[2022-06-12 16:53:24,493] {standard_task_runner.py:79} INFO - Running: ['airflow', 'tasks', 'run', 'ingest_data', 'get_data_to_ingest_from_local_file_task', 'scheduled__2022-06-12T02:31:00+00:00', '--job-id', '696', '--raw', '--subdir', 'DAGS_FOLDER/ingestion_dag.py', '--cfg-path', '/tmp/tmpffbgvfu7', '--error-file', '/tmp/tmp7ig_gago']
[2022-06-12 16:53:24,494] {standard_task_runner.py:80} INFO - Job 696: Subtask get_data_to_ingest_from_local_file_task
[2022-06-12 16:53:24,640] {task_command.py:370} INFO - Running <TaskInstance: ingest_data.get_data_to_ingest_from_local_file_task scheduled__2022-06-12T02:31:00+00:00 [running]> on host DESKTOP-GDPK8BL.localdomain
[2022-06-12 16:53:25,017] {taskinstance.py:1569} INFO - Exporting the following env vars:
AIRFLOW_CTX_DAG_OWNER=airflow
AIRFLOW_CTX_DAG_ID=ingest_data
AIRFLOW_CTX_TASK_ID=get_data_to_ingest_from_local_file_task
AIRFLOW_CTX_EXECUTION_DATE=2022-06-12T02:31:00+00:00
AIRFLOW_CTX_TRY_NUMBER=1
AIRFLOW_CTX_DAG_RUN_ID=scheduled__2022-06-12T02:31:00+00:00
[2022-06-12 16:53:25,094] {python.py:173} INFO - Done. Returned value was:           AT      V       AP     RH      PE
4817   27.84  72.39  1001.18  83.46  432.19
10104  26.04  74.67  1016.68  81.20  433.55
3308   29.28  65.71  1013.76  48.05  445.49
22822  13.53  40.71  1023.83  61.59  474.70
7474   27.29  64.45  1013.46  45.35  446.94
[2022-06-12 16:53:25,234] {taskinstance.py:1395} INFO - Marking task as SUCCESS. dag_id=ingest_data, task_id=get_data_to_ingest_from_local_file_task, execution_date=20220612T023100, start_date=20220612T145324, end_date=20220612T145325
[2022-06-12 16:53:25,312] {local_task_job.py:156} INFO - Task exited with return code 0
[2022-06-12 16:53:25,525] {local_task_job.py:273} INFO - 1 downstream tasks scheduled from follow-on schedule check
