[2022-06-12 19:42:25,843] {taskinstance.py:1159} INFO - Dependencies all met for <TaskInstance: ingest_data.get_data_to_ingest_from_local_file_task scheduled__2022-06-12T08:29:00+00:00 [queued]>
[2022-06-12 19:42:25,875] {taskinstance.py:1159} INFO - Dependencies all met for <TaskInstance: ingest_data.get_data_to_ingest_from_local_file_task scheduled__2022-06-12T08:29:00+00:00 [queued]>
[2022-06-12 19:42:25,875] {taskinstance.py:1356} INFO - 
--------------------------------------------------------------------------------
[2022-06-12 19:42:25,875] {taskinstance.py:1357} INFO - Starting attempt 1 of 1
[2022-06-12 19:42:25,876] {taskinstance.py:1358} INFO - 
--------------------------------------------------------------------------------
[2022-06-12 19:42:25,927] {taskinstance.py:1377} INFO - Executing <Task(_PythonDecoratedOperator): get_data_to_ingest_from_local_file_task> on 2022-06-12 08:29:00+00:00
[2022-06-12 19:42:25,933] {standard_task_runner.py:52} INFO - Started process 11304 to run task
[2022-06-12 19:42:25,938] {standard_task_runner.py:79} INFO - Running: ['airflow', 'tasks', 'run', 'ingest_data', 'get_data_to_ingest_from_local_file_task', 'scheduled__2022-06-12T08:29:00+00:00', '--job-id', '1412', '--raw', '--subdir', 'DAGS_FOLDER/ingestion_dag.py', '--cfg-path', '/tmp/tmprwj0u8si', '--error-file', '/tmp/tmptmep_rfh']
[2022-06-12 19:42:25,940] {standard_task_runner.py:80} INFO - Job 1412: Subtask get_data_to_ingest_from_local_file_task
[2022-06-12 19:42:26,083] {task_command.py:370} INFO - Running <TaskInstance: ingest_data.get_data_to_ingest_from_local_file_task scheduled__2022-06-12T08:29:00+00:00 [running]> on host DESKTOP-GDPK8BL.localdomain
[2022-06-12 19:42:26,534] {taskinstance.py:1569} INFO - Exporting the following env vars:
AIRFLOW_CTX_DAG_OWNER=airflow
AIRFLOW_CTX_DAG_ID=ingest_data
AIRFLOW_CTX_TASK_ID=get_data_to_ingest_from_local_file_task
AIRFLOW_CTX_EXECUTION_DATE=2022-06-12T08:29:00+00:00
AIRFLOW_CTX_TRY_NUMBER=1
AIRFLOW_CTX_DAG_RUN_ID=scheduled__2022-06-12T08:29:00+00:00
[2022-06-12 19:42:26,610] {python.py:173} INFO - Done. Returned value was:           AT      V       AP     RH      PE
6840   29.79  67.69  1006.86  55.93  428.71
39151  13.19  39.18  1023.67  66.78  469.62
26065  26.06  54.50  1015.52  67.12  451.67
46348   7.87  41.17  1020.33  77.77  486.20
47057  30.54  69.14  1007.25  70.46  435.46
[2022-06-12 19:42:26,785] {taskinstance.py:1395} INFO - Marking task as SUCCESS. dag_id=ingest_data, task_id=get_data_to_ingest_from_local_file_task, execution_date=20220612T082900, start_date=20220612T174225, end_date=20220612T174226
[2022-06-12 19:42:26,878] {local_task_job.py:156} INFO - Task exited with return code 0
[2022-06-12 19:42:27,116] {local_task_job.py:273} INFO - 1 downstream tasks scheduled from follow-on schedule check
