[2022-06-12 17:49:58,748] {taskinstance.py:1159} INFO - Dependencies all met for <TaskInstance: ingest_data.get_data_to_ingest_from_local_file_task scheduled__2022-06-12T08:13:00+00:00 [queued]>
[2022-06-12 17:49:58,777] {taskinstance.py:1159} INFO - Dependencies all met for <TaskInstance: ingest_data.get_data_to_ingest_from_local_file_task scheduled__2022-06-12T08:13:00+00:00 [queued]>
[2022-06-12 17:49:58,778] {taskinstance.py:1356} INFO - 
--------------------------------------------------------------------------------
[2022-06-12 17:49:58,779] {taskinstance.py:1357} INFO - Starting attempt 1 of 1
[2022-06-12 17:49:58,780] {taskinstance.py:1358} INFO - 
--------------------------------------------------------------------------------
[2022-06-12 17:49:58,831] {taskinstance.py:1377} INFO - Executing <Task(_PythonDecoratedOperator): get_data_to_ingest_from_local_file_task> on 2022-06-12 08:13:00+00:00
[2022-06-12 17:49:58,837] {standard_task_runner.py:52} INFO - Started process 11056 to run task
[2022-06-12 17:49:58,844] {standard_task_runner.py:79} INFO - Running: ['airflow', 'tasks', 'run', 'ingest_data', 'get_data_to_ingest_from_local_file_task', 'scheduled__2022-06-12T08:13:00+00:00', '--job-id', '1379', '--raw', '--subdir', 'DAGS_FOLDER/ingestion_dag.py', '--cfg-path', '/tmp/tmpxhrwglp0', '--error-file', '/tmp/tmp3ws64m9u']
[2022-06-12 17:49:58,846] {standard_task_runner.py:80} INFO - Job 1379: Subtask get_data_to_ingest_from_local_file_task
[2022-06-12 17:49:59,013] {task_command.py:370} INFO - Running <TaskInstance: ingest_data.get_data_to_ingest_from_local_file_task scheduled__2022-06-12T08:13:00+00:00 [running]> on host DESKTOP-GDPK8BL.localdomain
[2022-06-12 17:49:59,527] {taskinstance.py:1569} INFO - Exporting the following env vars:
AIRFLOW_CTX_DAG_OWNER=airflow
AIRFLOW_CTX_DAG_ID=ingest_data
AIRFLOW_CTX_TASK_ID=get_data_to_ingest_from_local_file_task
AIRFLOW_CTX_EXECUTION_DATE=2022-06-12T08:13:00+00:00
AIRFLOW_CTX_TRY_NUMBER=1
AIRFLOW_CTX_DAG_RUN_ID=scheduled__2022-06-12T08:13:00+00:00
[2022-06-12 17:49:59,607] {python.py:173} INFO - Done. Returned value was:           AT      V       AP     RH      PE
27982  12.59  39.72  1017.76  61.14  470.18
40130  12.95  40.10  1015.31  86.01  471.07
15700   6.29  43.65  1020.68  70.14  485.80
2919   13.54  40.69  1015.85  77.55  471.05
33803   5.15  35.19  1018.63  93.94  488.42
[2022-06-12 17:49:59,814] {taskinstance.py:1395} INFO - Marking task as SUCCESS. dag_id=ingest_data, task_id=get_data_to_ingest_from_local_file_task, execution_date=20220612T081300, start_date=20220612T154958, end_date=20220612T154959
[2022-06-12 17:49:59,905] {local_task_job.py:156} INFO - Task exited with return code 0
[2022-06-12 17:50:00,125] {local_task_job.py:273} INFO - 1 downstream tasks scheduled from follow-on schedule check
