[2022-06-12 17:13:19,605] {taskinstance.py:1159} INFO - Dependencies all met for <TaskInstance: ingest_data.get_data_to_ingest_from_local_file_task scheduled__2022-06-12T04:24:00+00:00 [queued]>
[2022-06-12 17:13:19,646] {taskinstance.py:1159} INFO - Dependencies all met for <TaskInstance: ingest_data.get_data_to_ingest_from_local_file_task scheduled__2022-06-12T04:24:00+00:00 [queued]>
[2022-06-12 17:13:19,647] {taskinstance.py:1356} INFO - 
--------------------------------------------------------------------------------
[2022-06-12 17:13:19,647] {taskinstance.py:1357} INFO - Starting attempt 1 of 1
[2022-06-12 17:13:19,649] {taskinstance.py:1358} INFO - 
--------------------------------------------------------------------------------
[2022-06-12 17:13:19,742] {taskinstance.py:1377} INFO - Executing <Task(_PythonDecoratedOperator): get_data_to_ingest_from_local_file_task> on 2022-06-12 04:24:00+00:00
[2022-06-12 17:13:19,748] {standard_task_runner.py:52} INFO - Started process 7677 to run task
[2022-06-12 17:13:19,760] {standard_task_runner.py:79} INFO - Running: ['airflow', 'tasks', 'run', 'ingest_data', 'get_data_to_ingest_from_local_file_task', 'scheduled__2022-06-12T04:24:00+00:00', '--job-id', '922', '--raw', '--subdir', 'DAGS_FOLDER/ingestion_dag.py', '--cfg-path', '/tmp/tmptolhmf9d', '--error-file', '/tmp/tmp4vrlouyf']
[2022-06-12 17:13:19,762] {standard_task_runner.py:80} INFO - Job 922: Subtask get_data_to_ingest_from_local_file_task
[2022-06-12 17:13:19,893] {task_command.py:370} INFO - Running <TaskInstance: ingest_data.get_data_to_ingest_from_local_file_task scheduled__2022-06-12T04:24:00+00:00 [running]> on host DESKTOP-GDPK8BL.localdomain
[2022-06-12 17:13:20,272] {taskinstance.py:1569} INFO - Exporting the following env vars:
AIRFLOW_CTX_DAG_OWNER=airflow
AIRFLOW_CTX_DAG_ID=ingest_data
AIRFLOW_CTX_TASK_ID=get_data_to_ingest_from_local_file_task
AIRFLOW_CTX_EXECUTION_DATE=2022-06-12T04:24:00+00:00
AIRFLOW_CTX_TRY_NUMBER=1
AIRFLOW_CTX_DAG_RUN_ID=scheduled__2022-06-12T04:24:00+00:00
[2022-06-12 17:13:20,340] {python.py:173} INFO - Done. Returned value was:           AT      V       AP     RH      PE
3976   10.20  41.17  1019.56  82.46  479.70
36906  20.01  43.77  1012.13  65.53  455.66
42700   7.77  41.82  1032.72  72.80  479.40
39940  13.13  40.75  1016.05  80.87  472.50
44097  28.18  64.84  1009.22  56.04  443.65
[2022-06-12 17:13:20,498] {taskinstance.py:1395} INFO - Marking task as SUCCESS. dag_id=ingest_data, task_id=get_data_to_ingest_from_local_file_task, execution_date=20220612T042400, start_date=20220612T151319, end_date=20220612T151320
[2022-06-12 17:13:20,618] {local_task_job.py:156} INFO - Task exited with return code 0
[2022-06-12 17:13:20,914] {local_task_job.py:273} INFO - 1 downstream tasks scheduled from follow-on schedule check
