[2022-06-12 16:46:20,047] {taskinstance.py:1159} INFO - Dependencies all met for <TaskInstance: ingest_data.get_data_to_ingest_from_local_file_task scheduled__2022-06-12T01:51:00+00:00 [queued]>
[2022-06-12 16:46:20,082] {taskinstance.py:1159} INFO - Dependencies all met for <TaskInstance: ingest_data.get_data_to_ingest_from_local_file_task scheduled__2022-06-12T01:51:00+00:00 [queued]>
[2022-06-12 16:46:20,083] {taskinstance.py:1356} INFO - 
--------------------------------------------------------------------------------
[2022-06-12 16:46:20,083] {taskinstance.py:1357} INFO - Starting attempt 1 of 1
[2022-06-12 16:46:20,085] {taskinstance.py:1358} INFO - 
--------------------------------------------------------------------------------
[2022-06-12 16:46:20,154] {taskinstance.py:1377} INFO - Executing <Task(_PythonDecoratedOperator): get_data_to_ingest_from_local_file_task> on 2022-06-12 01:51:00+00:00
[2022-06-12 16:46:20,160] {standard_task_runner.py:52} INFO - Started process 5403 to run task
[2022-06-12 16:46:20,170] {standard_task_runner.py:79} INFO - Running: ['airflow', 'tasks', 'run', 'ingest_data', 'get_data_to_ingest_from_local_file_task', 'scheduled__2022-06-12T01:51:00+00:00', '--job-id', '616', '--raw', '--subdir', 'DAGS_FOLDER/ingestion_dag.py', '--cfg-path', '/tmp/tmpfyb5fbd9', '--error-file', '/tmp/tmpfdqpftbn']
[2022-06-12 16:46:20,171] {standard_task_runner.py:80} INFO - Job 616: Subtask get_data_to_ingest_from_local_file_task
[2022-06-12 16:46:20,316] {task_command.py:370} INFO - Running <TaskInstance: ingest_data.get_data_to_ingest_from_local_file_task scheduled__2022-06-12T01:51:00+00:00 [running]> on host DESKTOP-GDPK8BL.localdomain
[2022-06-12 16:46:20,713] {taskinstance.py:1569} INFO - Exporting the following env vars:
AIRFLOW_CTX_DAG_OWNER=airflow
AIRFLOW_CTX_DAG_ID=ingest_data
AIRFLOW_CTX_TASK_ID=get_data_to_ingest_from_local_file_task
AIRFLOW_CTX_EXECUTION_DATE=2022-06-12T01:51:00+00:00
AIRFLOW_CTX_TRY_NUMBER=1
AIRFLOW_CTX_DAG_RUN_ID=scheduled__2022-06-12T01:51:00+00:00
[2022-06-12 16:46:20,784] {python.py:173} INFO - Done. Returned value was:           AT      V       AP     RH      PE
10972  23.07  65.27  1013.24  58.38  443.42
45516  25.31  60.75  1008.65  79.35  437.33
10982  13.86  41.78  1010.75  57.90  467.39
13606  10.74  41.46  1016.76  84.59  479.94
38675   7.51  41.01  1024.61  97.41  477.61
[2022-06-12 16:46:20,903] {taskinstance.py:1395} INFO - Marking task as SUCCESS. dag_id=ingest_data, task_id=get_data_to_ingest_from_local_file_task, execution_date=20220612T015100, start_date=20220612T144620, end_date=20220612T144620
[2022-06-12 16:46:20,986] {local_task_job.py:156} INFO - Task exited with return code 0
[2022-06-12 16:46:21,213] {local_task_job.py:273} INFO - 1 downstream tasks scheduled from follow-on schedule check
