[2022-06-12 19:47:44,366] {taskinstance.py:1159} INFO - Dependencies all met for <TaskInstance: ingest_data.get_data_to_ingest_from_local_file_task scheduled__2022-06-12T09:03:00+00:00 [queued]>
[2022-06-12 19:47:44,413] {taskinstance.py:1159} INFO - Dependencies all met for <TaskInstance: ingest_data.get_data_to_ingest_from_local_file_task scheduled__2022-06-12T09:03:00+00:00 [queued]>
[2022-06-12 19:47:44,414] {taskinstance.py:1356} INFO - 
--------------------------------------------------------------------------------
[2022-06-12 19:47:44,414] {taskinstance.py:1357} INFO - Starting attempt 1 of 1
[2022-06-12 19:47:44,415] {taskinstance.py:1358} INFO - 
--------------------------------------------------------------------------------
[2022-06-12 19:47:44,477] {taskinstance.py:1377} INFO - Executing <Task(_PythonDecoratedOperator): get_data_to_ingest_from_local_file_task> on 2022-06-12 09:03:00+00:00
[2022-06-12 19:47:44,484] {standard_task_runner.py:52} INFO - Started process 11799 to run task
[2022-06-12 19:47:44,490] {standard_task_runner.py:79} INFO - Running: ['airflow', 'tasks', 'run', 'ingest_data', 'get_data_to_ingest_from_local_file_task', 'scheduled__2022-06-12T09:03:00+00:00', '--job-id', '1479', '--raw', '--subdir', 'DAGS_FOLDER/ingestion_dag.py', '--cfg-path', '/tmp/tmp92cu9m4_', '--error-file', '/tmp/tmppurkhsvd']
[2022-06-12 19:47:44,492] {standard_task_runner.py:80} INFO - Job 1479: Subtask get_data_to_ingest_from_local_file_task
[2022-06-12 19:47:44,636] {task_command.py:370} INFO - Running <TaskInstance: ingest_data.get_data_to_ingest_from_local_file_task scheduled__2022-06-12T09:03:00+00:00 [running]> on host DESKTOP-GDPK8BL.localdomain
[2022-06-12 19:47:45,108] {taskinstance.py:1569} INFO - Exporting the following env vars:
AIRFLOW_CTX_DAG_OWNER=airflow
AIRFLOW_CTX_DAG_ID=ingest_data
AIRFLOW_CTX_TASK_ID=get_data_to_ingest_from_local_file_task
AIRFLOW_CTX_EXECUTION_DATE=2022-06-12T09:03:00+00:00
AIRFLOW_CTX_TRY_NUMBER=1
AIRFLOW_CTX_DAG_RUN_ID=scheduled__2022-06-12T09:03:00+00:00
[2022-06-12 19:47:45,182] {python.py:173} INFO - Done. Returned value was:           AT      V       AP     RH      PE
24170  12.83  41.67  1012.84  84.29  474.81
24620  23.21  58.49  1010.97  74.34  448.09
32765  26.70  49.02  1007.68  67.97  438.92
23363   7.26  40.69  1020.43  90.22  474.91
34909  23.55  62.96  1020.16  70.16  447.65
[2022-06-12 19:47:45,321] {taskinstance.py:1395} INFO - Marking task as SUCCESS. dag_id=ingest_data, task_id=get_data_to_ingest_from_local_file_task, execution_date=20220612T090300, start_date=20220612T174744, end_date=20220612T174745
[2022-06-12 19:47:45,388] {local_task_job.py:156} INFO - Task exited with return code 0
[2022-06-12 19:47:45,610] {local_task_job.py:273} INFO - 1 downstream tasks scheduled from follow-on schedule check
