[2022-06-12 17:27:20,339] {taskinstance.py:1159} INFO - Dependencies all met for <TaskInstance: ingest_data.get_data_to_ingest_from_local_file_task scheduled__2022-06-12T05:49:00+00:00 [queued]>
[2022-06-12 17:27:20,375] {taskinstance.py:1159} INFO - Dependencies all met for <TaskInstance: ingest_data.get_data_to_ingest_from_local_file_task scheduled__2022-06-12T05:49:00+00:00 [queued]>
[2022-06-12 17:27:20,375] {taskinstance.py:1356} INFO - 
--------------------------------------------------------------------------------
[2022-06-12 17:27:20,376] {taskinstance.py:1357} INFO - Starting attempt 1 of 1
[2022-06-12 17:27:20,377] {taskinstance.py:1358} INFO - 
--------------------------------------------------------------------------------
[2022-06-12 17:27:20,464] {taskinstance.py:1377} INFO - Executing <Task(_PythonDecoratedOperator): get_data_to_ingest_from_local_file_task> on 2022-06-12 05:49:00+00:00
[2022-06-12 17:27:20,470] {standard_task_runner.py:52} INFO - Started process 8929 to run task
[2022-06-12 17:27:20,486] {standard_task_runner.py:79} INFO - Running: ['airflow', 'tasks', 'run', 'ingest_data', 'get_data_to_ingest_from_local_file_task', 'scheduled__2022-06-12T05:49:00+00:00', '--job-id', '1091', '--raw', '--subdir', 'DAGS_FOLDER/ingestion_dag.py', '--cfg-path', '/tmp/tmpw6r8edcj', '--error-file', '/tmp/tmpd0nfw6mm']
[2022-06-12 17:27:20,488] {standard_task_runner.py:80} INFO - Job 1091: Subtask get_data_to_ingest_from_local_file_task
[2022-06-12 17:27:20,645] {task_command.py:370} INFO - Running <TaskInstance: ingest_data.get_data_to_ingest_from_local_file_task scheduled__2022-06-12T05:49:00+00:00 [running]> on host DESKTOP-GDPK8BL.localdomain
[2022-06-12 17:27:21,091] {taskinstance.py:1569} INFO - Exporting the following env vars:
AIRFLOW_CTX_DAG_OWNER=airflow
AIRFLOW_CTX_DAG_ID=ingest_data
AIRFLOW_CTX_TASK_ID=get_data_to_ingest_from_local_file_task
AIRFLOW_CTX_EXECUTION_DATE=2022-06-12T05:49:00+00:00
AIRFLOW_CTX_TRY_NUMBER=1
AIRFLOW_CTX_DAG_RUN_ID=scheduled__2022-06-12T05:49:00+00:00
[2022-06-12 17:27:21,163] {python.py:173} INFO - Done. Returned value was:           AT      V       AP     RH      PE
28899  24.78  50.16  1004.56  70.22  448.51
6669   30.24  73.90  1006.74  56.39  441.31
5128   31.63  68.30  1014.80  42.02  426.86
12057  16.51  51.86  1022.37  81.18  442.48
41006  30.68  71.25   999.98  68.99  433.47
[2022-06-12 17:27:21,310] {taskinstance.py:1395} INFO - Marking task as SUCCESS. dag_id=ingest_data, task_id=get_data_to_ingest_from_local_file_task, execution_date=20220612T054900, start_date=20220612T152720, end_date=20220612T152721
[2022-06-12 17:27:21,392] {local_task_job.py:156} INFO - Task exited with return code 0
[2022-06-12 17:27:21,644] {local_task_job.py:273} INFO - 1 downstream tasks scheduled from follow-on schedule check
