[2022-06-12 16:39:50,881] {taskinstance.py:1159} INFO - Dependencies all met for <TaskInstance: ingest_data.get_data_to_ingest_from_local_file_task scheduled__2022-06-12T01:18:00+00:00 [queued]>
[2022-06-12 16:39:50,913] {taskinstance.py:1159} INFO - Dependencies all met for <TaskInstance: ingest_data.get_data_to_ingest_from_local_file_task scheduled__2022-06-12T01:18:00+00:00 [queued]>
[2022-06-12 16:39:50,913] {taskinstance.py:1356} INFO - 
--------------------------------------------------------------------------------
[2022-06-12 16:39:50,914] {taskinstance.py:1357} INFO - Starting attempt 1 of 1
[2022-06-12 16:39:50,914] {taskinstance.py:1358} INFO - 
--------------------------------------------------------------------------------
[2022-06-12 16:39:50,984] {taskinstance.py:1377} INFO - Executing <Task(_PythonDecoratedOperator): get_data_to_ingest_from_local_file_task> on 2022-06-12 01:18:00+00:00
[2022-06-12 16:39:50,990] {standard_task_runner.py:52} INFO - Started process 4901 to run task
[2022-06-12 16:39:50,997] {standard_task_runner.py:79} INFO - Running: ['airflow', 'tasks', 'run', 'ingest_data', 'get_data_to_ingest_from_local_file_task', 'scheduled__2022-06-12T01:18:00+00:00', '--job-id', '549', '--raw', '--subdir', 'DAGS_FOLDER/ingestion_dag.py', '--cfg-path', '/tmp/tmpc7ldzhoo', '--error-file', '/tmp/tmpern61omx']
[2022-06-12 16:39:50,999] {standard_task_runner.py:80} INFO - Job 549: Subtask get_data_to_ingest_from_local_file_task
[2022-06-12 16:39:51,174] {task_command.py:370} INFO - Running <TaskInstance: ingest_data.get_data_to_ingest_from_local_file_task scheduled__2022-06-12T01:18:00+00:00 [running]> on host DESKTOP-GDPK8BL.localdomain
[2022-06-12 16:39:51,648] {taskinstance.py:1569} INFO - Exporting the following env vars:
AIRFLOW_CTX_DAG_OWNER=airflow
AIRFLOW_CTX_DAG_ID=ingest_data
AIRFLOW_CTX_TASK_ID=get_data_to_ingest_from_local_file_task
AIRFLOW_CTX_EXECUTION_DATE=2022-06-12T01:18:00+00:00
AIRFLOW_CTX_TRY_NUMBER=1
AIRFLOW_CTX_DAG_RUN_ID=scheduled__2022-06-12T01:18:00+00:00
[2022-06-12 16:39:51,728] {python.py:173} INFO - Done. Returned value was:           AT      V       AP     RH      PE
21641  12.19  41.17  1019.43  65.47  475.64
3759   22.53  74.87  1009.91  93.21  444.69
24817  30.13  68.94  1005.88  40.71  441.78
45112  20.25  58.59  1012.99  65.98  452.18
39272  26.09  60.29  1017.72  50.83  444.71
[2022-06-12 16:39:51,889] {taskinstance.py:1395} INFO - Marking task as SUCCESS. dag_id=ingest_data, task_id=get_data_to_ingest_from_local_file_task, execution_date=20220612T011800, start_date=20220612T143950, end_date=20220612T143951
[2022-06-12 16:39:51,976] {local_task_job.py:156} INFO - Task exited with return code 0
[2022-06-12 16:39:52,239] {local_task_job.py:273} INFO - 1 downstream tasks scheduled from follow-on schedule check
