[2022-06-12 17:30:58,719] {taskinstance.py:1159} INFO - Dependencies all met for <TaskInstance: ingest_data.get_data_to_ingest_from_local_file_task scheduled__2022-06-12T06:12:00+00:00 [queued]>
[2022-06-12 17:30:58,756] {taskinstance.py:1159} INFO - Dependencies all met for <TaskInstance: ingest_data.get_data_to_ingest_from_local_file_task scheduled__2022-06-12T06:12:00+00:00 [queued]>
[2022-06-12 17:30:58,757] {taskinstance.py:1356} INFO - 
--------------------------------------------------------------------------------
[2022-06-12 17:30:58,758] {taskinstance.py:1357} INFO - Starting attempt 1 of 1
[2022-06-12 17:30:58,759] {taskinstance.py:1358} INFO - 
--------------------------------------------------------------------------------
[2022-06-12 17:30:58,836] {taskinstance.py:1377} INFO - Executing <Task(_PythonDecoratedOperator): get_data_to_ingest_from_local_file_task> on 2022-06-12 06:12:00+00:00
[2022-06-12 17:30:58,843] {standard_task_runner.py:52} INFO - Started process 9276 to run task
[2022-06-12 17:30:58,850] {standard_task_runner.py:79} INFO - Running: ['airflow', 'tasks', 'run', 'ingest_data', 'get_data_to_ingest_from_local_file_task', 'scheduled__2022-06-12T06:12:00+00:00', '--job-id', '1138', '--raw', '--subdir', 'DAGS_FOLDER/ingestion_dag.py', '--cfg-path', '/tmp/tmps85ers6u', '--error-file', '/tmp/tmpv_pe72tg']
[2022-06-12 17:30:58,852] {standard_task_runner.py:80} INFO - Job 1138: Subtask get_data_to_ingest_from_local_file_task
[2022-06-12 17:30:59,011] {task_command.py:370} INFO - Running <TaskInstance: ingest_data.get_data_to_ingest_from_local_file_task scheduled__2022-06-12T06:12:00+00:00 [running]> on host DESKTOP-GDPK8BL.localdomain
[2022-06-12 17:30:59,428] {taskinstance.py:1569} INFO - Exporting the following env vars:
AIRFLOW_CTX_DAG_OWNER=airflow
AIRFLOW_CTX_DAG_ID=ingest_data
AIRFLOW_CTX_TASK_ID=get_data_to_ingest_from_local_file_task
AIRFLOW_CTX_EXECUTION_DATE=2022-06-12T06:12:00+00:00
AIRFLOW_CTX_TRY_NUMBER=1
AIRFLOW_CTX_DAG_RUN_ID=scheduled__2022-06-12T06:12:00+00:00
[2022-06-12 17:30:59,498] {python.py:173} INFO - Done. Returned value was:           AT      V       AP     RH      PE
46433  24.04  59.43  1007.60  76.98  437.51
36589  29.25  78.87  1012.05  84.28  430.49
5916   10.67  45.00  1022.99  85.91  481.83
45089  29.78  69.71  1008.96  67.46  434.33
20033  15.65  39.59  1012.80  87.63  461.94
[2022-06-12 17:30:59,630] {taskinstance.py:1395} INFO - Marking task as SUCCESS. dag_id=ingest_data, task_id=get_data_to_ingest_from_local_file_task, execution_date=20220612T061200, start_date=20220612T153058, end_date=20220612T153059
[2022-06-12 17:30:59,715] {local_task_job.py:156} INFO - Task exited with return code 0
[2022-06-12 17:30:59,955] {local_task_job.py:273} INFO - 1 downstream tasks scheduled from follow-on schedule check
