[2022-06-13 13:46:59,384] {taskinstance.py:1159} INFO - Dependencies all met for <TaskInstance: ingest_data.save_data_task scheduled__2022-06-12T21:03:00+00:00 [queued]>
[2022-06-13 13:46:59,441] {taskinstance.py:1159} INFO - Dependencies all met for <TaskInstance: ingest_data.save_data_task scheduled__2022-06-12T21:03:00+00:00 [queued]>
[2022-06-13 13:46:59,442] {taskinstance.py:1356} INFO - 
--------------------------------------------------------------------------------
[2022-06-13 13:46:59,442] {taskinstance.py:1357} INFO - Starting attempt 1 of 1
[2022-06-13 13:46:59,443] {taskinstance.py:1358} INFO - 
--------------------------------------------------------------------------------
[2022-06-13 13:46:59,544] {taskinstance.py:1377} INFO - Executing <Task(_PythonDecoratedOperator): save_data_task> on 2022-06-12 21:03:00+00:00
[2022-06-13 13:46:59,549] {standard_task_runner.py:52} INFO - Started process 258 to run task
[2022-06-13 13:46:59,568] {standard_task_runner.py:79} INFO - Running: ['airflow', 'tasks', 'run', 'ingest_data', 'save_data_task', 'scheduled__2022-06-12T21:03:00+00:00', '--job-id', '1538', '--raw', '--subdir', 'DAGS_FOLDER/ingestion_dag.py', '--cfg-path', '/tmp/tmpsucjyeex', '--error-file', '/tmp/tmpb34fqwsq']
[2022-06-13 13:46:59,570] {standard_task_runner.py:80} INFO - Job 1538: Subtask save_data_task
[2022-06-13 13:46:59,760] {standard_task_runner.py:92} ERROR - Failed to execute job 1538 for task save_data_task ((sqlite3.OperationalError) unable to open database file
[SQL: SELECT dag_run.state AS dag_run_state, dag_run.id AS dag_run_id, dag_run.dag_id AS dag_run_dag_id, dag_run.queued_at AS dag_run_queued_at, dag_run.execution_date AS dag_run_execution_date, dag_run.start_date AS dag_run_start_date, dag_run.end_date AS dag_run_end_date, dag_run.run_id AS dag_run_run_id, dag_run.creating_job_id AS dag_run_creating_job_id, dag_run.external_trigger AS dag_run_external_trigger, dag_run.run_type AS dag_run_run_type, dag_run.conf AS dag_run_conf, dag_run.data_interval_start AS dag_run_data_interval_start, dag_run.data_interval_end AS dag_run_data_interval_end, dag_run.last_scheduling_decision AS dag_run_last_scheduling_decision, dag_run.dag_hash AS dag_run_dag_hash, dag_run.log_template_id AS dag_run_log_template_id 
FROM dag_run 
WHERE dag_run.dag_id = ? AND dag_run.run_id = ?
 LIMIT ? OFFSET ?]
[parameters: ('ingest_data', 'scheduled__2022-06-12T21:03:00+00:00', 1, 0)]
(Background on this error at: http://sqlalche.me/e/14/e3q8); 258)
[2022-06-13 13:46:59,780] {local_task_job.py:156} INFO - Task exited with return code 1
[2022-06-13 13:46:59,892] {taskinstance.py:1395} INFO - Marking task as FAILED. dag_id=ingest_data, task_id=save_data_task, execution_date=20220612T210300, start_date=20220613T114659, end_date=20220613T114659
[2022-06-13 13:47:00,265] {local_task_job.py:273} INFO - 0 downstream tasks scheduled from follow-on schedule check
