[2022-06-12 19:49:22,142] {taskinstance.py:1159} INFO - Dependencies all met for <TaskInstance: ingest_data.get_data_to_ingest_from_local_file_task scheduled__2022-06-12T09:14:00+00:00 [queued]>
[2022-06-12 19:49:22,181] {taskinstance.py:1159} INFO - Dependencies all met for <TaskInstance: ingest_data.get_data_to_ingest_from_local_file_task scheduled__2022-06-12T09:14:00+00:00 [queued]>
[2022-06-12 19:49:22,181] {taskinstance.py:1356} INFO - 
--------------------------------------------------------------------------------
[2022-06-12 19:49:22,182] {taskinstance.py:1357} INFO - Starting attempt 1 of 1
[2022-06-12 19:49:22,183] {taskinstance.py:1358} INFO - 
--------------------------------------------------------------------------------
[2022-06-12 19:49:22,244] {taskinstance.py:1377} INFO - Executing <Task(_PythonDecoratedOperator): get_data_to_ingest_from_local_file_task> on 2022-06-12 09:14:00+00:00
[2022-06-12 19:49:22,252] {standard_task_runner.py:52} INFO - Started process 11960 to run task
[2022-06-12 19:49:22,258] {standard_task_runner.py:79} INFO - Running: ['airflow', 'tasks', 'run', 'ingest_data', 'get_data_to_ingest_from_local_file_task', 'scheduled__2022-06-12T09:14:00+00:00', '--job-id', '1501', '--raw', '--subdir', 'DAGS_FOLDER/ingestion_dag.py', '--cfg-path', '/tmp/tmps0h1yoq3', '--error-file', '/tmp/tmpwiu_bc32']
[2022-06-12 19:49:22,260] {standard_task_runner.py:80} INFO - Job 1501: Subtask get_data_to_ingest_from_local_file_task
[2022-06-12 19:49:22,407] {task_command.py:370} INFO - Running <TaskInstance: ingest_data.get_data_to_ingest_from_local_file_task scheduled__2022-06-12T09:14:00+00:00 [running]> on host DESKTOP-GDPK8BL.localdomain
[2022-06-12 19:49:22,821] {taskinstance.py:1569} INFO - Exporting the following env vars:
AIRFLOW_CTX_DAG_OWNER=airflow
AIRFLOW_CTX_DAG_ID=ingest_data
AIRFLOW_CTX_TASK_ID=get_data_to_ingest_from_local_file_task
AIRFLOW_CTX_EXECUTION_DATE=2022-06-12T09:14:00+00:00
AIRFLOW_CTX_TRY_NUMBER=1
AIRFLOW_CTX_DAG_RUN_ID=scheduled__2022-06-12T09:14:00+00:00
[2022-06-12 19:49:22,886] {python.py:173} INFO - Done. Returned value was:           AT      V       AP     RH      PE
29389  16.76  43.77  1012.25  77.95  457.00
22569  22.67  68.08  1013.00  66.59  443.79
29060  11.87  40.55  1019.06  94.11  473.79
47028  19.09  39.39  1013.36  59.14  466.13
11043  31.26  68.94  1005.94  39.49  438.03
[2022-06-12 19:49:23,027] {taskinstance.py:1395} INFO - Marking task as SUCCESS. dag_id=ingest_data, task_id=get_data_to_ingest_from_local_file_task, execution_date=20220612T091400, start_date=20220612T174922, end_date=20220612T174923
[2022-06-12 19:49:23,116] {local_task_job.py:156} INFO - Task exited with return code 0
[2022-06-12 19:49:23,342] {local_task_job.py:273} INFO - 1 downstream tasks scheduled from follow-on schedule check
