[2022-06-12 16:22:53,621] {taskinstance.py:1159} INFO - Dependencies all met for <TaskInstance: ingest_data.get_data_to_ingest_from_local_file_task scheduled__2022-06-11T23:34:00+00:00 [queued]>
[2022-06-12 16:22:53,679] {taskinstance.py:1159} INFO - Dependencies all met for <TaskInstance: ingest_data.get_data_to_ingest_from_local_file_task scheduled__2022-06-11T23:34:00+00:00 [queued]>
[2022-06-12 16:22:53,684] {taskinstance.py:1356} INFO - 
--------------------------------------------------------------------------------
[2022-06-12 16:22:53,685] {taskinstance.py:1357} INFO - Starting attempt 1 of 1
[2022-06-12 16:22:53,686] {taskinstance.py:1358} INFO - 
--------------------------------------------------------------------------------
[2022-06-12 16:22:53,819] {taskinstance.py:1377} INFO - Executing <Task(_PythonDecoratedOperator): get_data_to_ingest_from_local_file_task> on 2022-06-11 23:34:00+00:00
[2022-06-12 16:22:53,839] {standard_task_runner.py:79} INFO - Running: ['airflow', 'tasks', 'run', 'ingest_data', 'get_data_to_ingest_from_local_file_task', 'scheduled__2022-06-11T23:34:00+00:00', '--job-id', '342', '--raw', '--subdir', 'DAGS_FOLDER/ingestion_dag.py', '--cfg-path', '/tmp/tmpxwqkcog2', '--error-file', '/tmp/tmpwks6c8sl']
[2022-06-12 16:22:53,842] {standard_task_runner.py:80} INFO - Job 342: Subtask get_data_to_ingest_from_local_file_task
[2022-06-12 16:22:53,832] {standard_task_runner.py:52} INFO - Started process 3362 to run task
[2022-06-12 16:22:54,160] {task_command.py:370} INFO - Running <TaskInstance: ingest_data.get_data_to_ingest_from_local_file_task scheduled__2022-06-11T23:34:00+00:00 [running]> on host DESKTOP-GDPK8BL.localdomain
[2022-06-12 16:22:55,059] {taskinstance.py:1569} INFO - Exporting the following env vars:
AIRFLOW_CTX_DAG_OWNER=airflow
AIRFLOW_CTX_DAG_ID=ingest_data
AIRFLOW_CTX_TASK_ID=get_data_to_ingest_from_local_file_task
AIRFLOW_CTX_EXECUTION_DATE=2022-06-11T23:34:00+00:00
AIRFLOW_CTX_TRY_NUMBER=1
AIRFLOW_CTX_DAG_RUN_ID=scheduled__2022-06-11T23:34:00+00:00
[2022-06-12 16:22:55,197] {python.py:173} INFO - Done. Returned value was:           AT      V       AP     RH      PE
40382  13.24  54.30  1017.05  81.99  467.81
2632   22.33  71.94  1011.06  82.85  441.85
1459   20.80  50.90  1012.07  73.16  457.00
5312   14.78  38.58  1017.02  82.40  460.54
3588   21.95  68.08  1012.91  69.36  443.93
[2022-06-12 16:22:55,442] {taskinstance.py:1395} INFO - Marking task as SUCCESS. dag_id=ingest_data, task_id=get_data_to_ingest_from_local_file_task, execution_date=20220611T233400, start_date=20220612T142253, end_date=20220612T142255
[2022-06-12 16:22:55,592] {local_task_job.py:156} INFO - Task exited with return code 0
[2022-06-12 16:22:56,041] {local_task_job.py:273} INFO - 1 downstream tasks scheduled from follow-on schedule check
