[2022-06-12 16:32:41,274] {taskinstance.py:1159} INFO - Dependencies all met for <TaskInstance: ingest_data.get_data_to_ingest_from_local_file_task scheduled__2022-06-12T00:35:00+00:00 [queued]>
[2022-06-12 16:32:41,306] {taskinstance.py:1159} INFO - Dependencies all met for <TaskInstance: ingest_data.get_data_to_ingest_from_local_file_task scheduled__2022-06-12T00:35:00+00:00 [queued]>
[2022-06-12 16:32:41,306] {taskinstance.py:1356} INFO - 
--------------------------------------------------------------------------------
[2022-06-12 16:32:41,307] {taskinstance.py:1357} INFO - Starting attempt 1 of 1
[2022-06-12 16:32:41,308] {taskinstance.py:1358} INFO - 
--------------------------------------------------------------------------------
[2022-06-12 16:32:41,368] {taskinstance.py:1377} INFO - Executing <Task(_PythonDecoratedOperator): get_data_to_ingest_from_local_file_task> on 2022-06-12 00:35:00+00:00
[2022-06-12 16:32:41,373] {standard_task_runner.py:52} INFO - Started process 4261 to run task
[2022-06-12 16:32:41,379] {standard_task_runner.py:79} INFO - Running: ['airflow', 'tasks', 'run', 'ingest_data', 'get_data_to_ingest_from_local_file_task', 'scheduled__2022-06-12T00:35:00+00:00', '--job-id', '463', '--raw', '--subdir', 'DAGS_FOLDER/ingestion_dag.py', '--cfg-path', '/tmp/tmppaccr109', '--error-file', '/tmp/tmpbc9tryf3']
[2022-06-12 16:32:41,381] {standard_task_runner.py:80} INFO - Job 463: Subtask get_data_to_ingest_from_local_file_task
[2022-06-12 16:32:41,525] {task_command.py:370} INFO - Running <TaskInstance: ingest_data.get_data_to_ingest_from_local_file_task scheduled__2022-06-12T00:35:00+00:00 [running]> on host DESKTOP-GDPK8BL.localdomain
[2022-06-12 16:32:41,890] {taskinstance.py:1569} INFO - Exporting the following env vars:
AIRFLOW_CTX_DAG_OWNER=airflow
AIRFLOW_CTX_DAG_ID=ingest_data
AIRFLOW_CTX_TASK_ID=get_data_to_ingest_from_local_file_task
AIRFLOW_CTX_EXECUTION_DATE=2022-06-12T00:35:00+00:00
AIRFLOW_CTX_TRY_NUMBER=1
AIRFLOW_CTX_DAG_RUN_ID=scheduled__2022-06-12T00:35:00+00:00
[2022-06-12 16:32:41,960] {python.py:173} INFO - Done. Returned value was:           AT      V       AP     RH      PE
18012  21.69  69.94  1010.70  80.80  443.67
33286  24.32  66.25  1009.09  91.89  444.93
6440   25.31  65.48  1018.31  55.57  439.72
8127   30.83  71.58  1009.92  48.80  432.11
34220  25.02  59.44  1012.49  73.65  444.08
[2022-06-12 16:32:42,078] {taskinstance.py:1395} INFO - Marking task as SUCCESS. dag_id=ingest_data, task_id=get_data_to_ingest_from_local_file_task, execution_date=20220612T003500, start_date=20220612T143241, end_date=20220612T143242
[2022-06-12 16:32:42,158] {local_task_job.py:156} INFO - Task exited with return code 0
[2022-06-12 16:32:42,367] {local_task_job.py:273} INFO - 1 downstream tasks scheduled from follow-on schedule check
