[2022-06-12 16:26:02,538] {taskinstance.py:1159} INFO - Dependencies all met for <TaskInstance: ingest_data.get_data_to_ingest_from_local_file_task scheduled__2022-06-11T23:53:00+00:00 [queued]>
[2022-06-12 16:26:02,567] {taskinstance.py:1159} INFO - Dependencies all met for <TaskInstance: ingest_data.get_data_to_ingest_from_local_file_task scheduled__2022-06-11T23:53:00+00:00 [queued]>
[2022-06-12 16:26:02,568] {taskinstance.py:1356} INFO - 
--------------------------------------------------------------------------------
[2022-06-12 16:26:02,568] {taskinstance.py:1357} INFO - Starting attempt 1 of 1
[2022-06-12 16:26:02,569] {taskinstance.py:1358} INFO - 
--------------------------------------------------------------------------------
[2022-06-12 16:26:02,637] {taskinstance.py:1377} INFO - Executing <Task(_PythonDecoratedOperator): get_data_to_ingest_from_local_file_task> on 2022-06-11 23:53:00+00:00
[2022-06-12 16:26:02,644] {standard_task_runner.py:52} INFO - Started process 3647 to run task
[2022-06-12 16:26:02,652] {standard_task_runner.py:79} INFO - Running: ['airflow', 'tasks', 'run', 'ingest_data', 'get_data_to_ingest_from_local_file_task', 'scheduled__2022-06-11T23:53:00+00:00', '--job-id', '380', '--raw', '--subdir', 'DAGS_FOLDER/ingestion_dag.py', '--cfg-path', '/tmp/tmp6yrmhocf', '--error-file', '/tmp/tmpq8ayzxnv']
[2022-06-12 16:26:02,654] {standard_task_runner.py:80} INFO - Job 380: Subtask get_data_to_ingest_from_local_file_task
[2022-06-12 16:26:02,788] {task_command.py:370} INFO - Running <TaskInstance: ingest_data.get_data_to_ingest_from_local_file_task scheduled__2022-06-11T23:53:00+00:00 [running]> on host DESKTOP-GDPK8BL.localdomain
[2022-06-12 16:26:03,136] {taskinstance.py:1569} INFO - Exporting the following env vars:
AIRFLOW_CTX_DAG_OWNER=airflow
AIRFLOW_CTX_DAG_ID=ingest_data
AIRFLOW_CTX_TASK_ID=get_data_to_ingest_from_local_file_task
AIRFLOW_CTX_EXECUTION_DATE=2022-06-11T23:53:00+00:00
AIRFLOW_CTX_TRY_NUMBER=1
AIRFLOW_CTX_DAG_RUN_ID=scheduled__2022-06-11T23:53:00+00:00
[2022-06-12 16:26:03,205] {python.py:173} INFO - Done. Returned value was:           AT      V       AP     RH      PE
35182  25.47  65.34  1015.30  50.31  445.39
36156  24.83  62.40  1010.13  70.18  442.20
38553  10.56  39.13  1010.19  87.12  463.14
30262  19.72  46.21  1010.54  77.74  449.33
7022   18.83  63.91  1010.80  96.18  448.15
[2022-06-12 16:26:03,312] {taskinstance.py:1395} INFO - Marking task as SUCCESS. dag_id=ingest_data, task_id=get_data_to_ingest_from_local_file_task, execution_date=20220611T235300, start_date=20220612T142602, end_date=20220612T142603
[2022-06-12 16:26:03,393] {local_task_job.py:156} INFO - Task exited with return code 0
[2022-06-12 16:26:03,606] {local_task_job.py:273} INFO - 1 downstream tasks scheduled from follow-on schedule check
