[2022-06-12 17:35:36,133] {taskinstance.py:1159} INFO - Dependencies all met for <TaskInstance: ingest_data.get_data_to_ingest_from_local_file_task scheduled__2022-06-12T06:42:00+00:00 [queued]>
[2022-06-12 17:35:36,171] {taskinstance.py:1159} INFO - Dependencies all met for <TaskInstance: ingest_data.get_data_to_ingest_from_local_file_task scheduled__2022-06-12T06:42:00+00:00 [queued]>
[2022-06-12 17:35:36,172] {taskinstance.py:1356} INFO - 
--------------------------------------------------------------------------------
[2022-06-12 17:35:36,172] {taskinstance.py:1357} INFO - Starting attempt 1 of 1
[2022-06-12 17:35:36,173] {taskinstance.py:1358} INFO - 
--------------------------------------------------------------------------------
[2022-06-12 17:35:36,264] {taskinstance.py:1377} INFO - Executing <Task(_PythonDecoratedOperator): get_data_to_ingest_from_local_file_task> on 2022-06-12 06:42:00+00:00
[2022-06-12 17:35:36,270] {standard_task_runner.py:52} INFO - Started process 9712 to run task
[2022-06-12 17:35:36,277] {standard_task_runner.py:79} INFO - Running: ['airflow', 'tasks', 'run', 'ingest_data', 'get_data_to_ingest_from_local_file_task', 'scheduled__2022-06-12T06:42:00+00:00', '--job-id', '1197', '--raw', '--subdir', 'DAGS_FOLDER/ingestion_dag.py', '--cfg-path', '/tmp/tmpiehhamq2', '--error-file', '/tmp/tmp8h8hty4h']
[2022-06-12 17:35:36,278] {standard_task_runner.py:80} INFO - Job 1197: Subtask get_data_to_ingest_from_local_file_task
[2022-06-12 17:35:36,413] {task_command.py:370} INFO - Running <TaskInstance: ingest_data.get_data_to_ingest_from_local_file_task scheduled__2022-06-12T06:42:00+00:00 [running]> on host DESKTOP-GDPK8BL.localdomain
[2022-06-12 17:35:36,873] {taskinstance.py:1569} INFO - Exporting the following env vars:
AIRFLOW_CTX_DAG_OWNER=airflow
AIRFLOW_CTX_DAG_ID=ingest_data
AIRFLOW_CTX_TASK_ID=get_data_to_ingest_from_local_file_task
AIRFLOW_CTX_EXECUTION_DATE=2022-06-12T06:42:00+00:00
AIRFLOW_CTX_TRY_NUMBER=1
AIRFLOW_CTX_DAG_RUN_ID=scheduled__2022-06-12T06:42:00+00:00
[2022-06-12 17:35:36,948] {python.py:173} INFO - Done. Returned value was:           AT      V       AP     RH      PE
33790  20.00  56.53  1020.43  75.94  454.86
9877   12.82  38.62  1018.71  83.80  467.41
7497   18.64  43.79  1016.01  51.17  465.13
33576  15.25  46.36  1019.69  95.83  461.68
19205  20.73  69.94  1009.90  82.12  445.91
[2022-06-12 17:35:37,109] {taskinstance.py:1395} INFO - Marking task as SUCCESS. dag_id=ingest_data, task_id=get_data_to_ingest_from_local_file_task, execution_date=20220612T064200, start_date=20220612T153536, end_date=20220612T153537
[2022-06-12 17:35:37,216] {local_task_job.py:156} INFO - Task exited with return code 0
[2022-06-12 17:35:37,434] {local_task_job.py:273} INFO - 1 downstream tasks scheduled from follow-on schedule check
