[2022-06-12 19:46:06,716] {taskinstance.py:1159} INFO - Dependencies all met for <TaskInstance: ingest_data.get_data_to_ingest_from_local_file_task scheduled__2022-06-12T08:52:00+00:00 [queued]>
[2022-06-12 19:46:06,755] {taskinstance.py:1159} INFO - Dependencies all met for <TaskInstance: ingest_data.get_data_to_ingest_from_local_file_task scheduled__2022-06-12T08:52:00+00:00 [queued]>
[2022-06-12 19:46:06,756] {taskinstance.py:1356} INFO - 
--------------------------------------------------------------------------------
[2022-06-12 19:46:06,757] {taskinstance.py:1357} INFO - Starting attempt 1 of 1
[2022-06-12 19:46:06,758] {taskinstance.py:1358} INFO - 
--------------------------------------------------------------------------------
[2022-06-12 19:46:06,832] {taskinstance.py:1377} INFO - Executing <Task(_PythonDecoratedOperator): get_data_to_ingest_from_local_file_task> on 2022-06-12 08:52:00+00:00
[2022-06-12 19:46:06,838] {standard_task_runner.py:52} INFO - Started process 11644 to run task
[2022-06-12 19:46:06,843] {standard_task_runner.py:79} INFO - Running: ['airflow', 'tasks', 'run', 'ingest_data', 'get_data_to_ingest_from_local_file_task', 'scheduled__2022-06-12T08:52:00+00:00', '--job-id', '1458', '--raw', '--subdir', 'DAGS_FOLDER/ingestion_dag.py', '--cfg-path', '/tmp/tmp8un0qpaf', '--error-file', '/tmp/tmpc0lvawfa']
[2022-06-12 19:46:06,845] {standard_task_runner.py:80} INFO - Job 1458: Subtask get_data_to_ingest_from_local_file_task
[2022-06-12 19:46:06,984] {task_command.py:370} INFO - Running <TaskInstance: ingest_data.get_data_to_ingest_from_local_file_task scheduled__2022-06-12T08:52:00+00:00 [running]> on host DESKTOP-GDPK8BL.localdomain
[2022-06-12 19:46:07,490] {taskinstance.py:1569} INFO - Exporting the following env vars:
AIRFLOW_CTX_DAG_OWNER=airflow
AIRFLOW_CTX_DAG_ID=ingest_data
AIRFLOW_CTX_TASK_ID=get_data_to_ingest_from_local_file_task
AIRFLOW_CTX_EXECUTION_DATE=2022-06-12T08:52:00+00:00
AIRFLOW_CTX_TRY_NUMBER=1
AIRFLOW_CTX_DAG_RUN_ID=scheduled__2022-06-12T08:52:00+00:00
[2022-06-12 19:46:07,570] {python.py:173} INFO - Done. Returned value was:           AT      V       AP     RH      PE
34765  27.75  65.34  1014.80  45.91  440.83
4773   29.49  69.71  1009.34  56.35  440.99
41047  12.07  39.99  1009.70  93.27  473.06
34016  18.55  43.69  1016.84  47.95  465.20
34123  24.47  57.85  1013.05  66.34  445.37
[2022-06-12 19:46:07,746] {taskinstance.py:1395} INFO - Marking task as SUCCESS. dag_id=ingest_data, task_id=get_data_to_ingest_from_local_file_task, execution_date=20220612T085200, start_date=20220612T174606, end_date=20220612T174607
[2022-06-12 19:46:07,823] {local_task_job.py:156} INFO - Task exited with return code 0
[2022-06-12 19:46:08,028] {local_task_job.py:273} INFO - 1 downstream tasks scheduled from follow-on schedule check
