[2022-06-12 17:37:08,474] {taskinstance.py:1159} INFO - Dependencies all met for <TaskInstance: ingest_data.get_data_to_ingest_from_local_file_task scheduled__2022-06-12T06:52:00+00:00 [queued]>
[2022-06-12 17:37:08,510] {taskinstance.py:1159} INFO - Dependencies all met for <TaskInstance: ingest_data.get_data_to_ingest_from_local_file_task scheduled__2022-06-12T06:52:00+00:00 [queued]>
[2022-06-12 17:37:08,511] {taskinstance.py:1356} INFO - 
--------------------------------------------------------------------------------
[2022-06-12 17:37:08,511] {taskinstance.py:1357} INFO - Starting attempt 1 of 1
[2022-06-12 17:37:08,512] {taskinstance.py:1358} INFO - 
--------------------------------------------------------------------------------
[2022-06-12 17:37:08,584] {taskinstance.py:1377} INFO - Executing <Task(_PythonDecoratedOperator): get_data_to_ingest_from_local_file_task> on 2022-06-12 06:52:00+00:00
[2022-06-12 17:37:08,590] {standard_task_runner.py:52} INFO - Started process 9859 to run task
[2022-06-12 17:37:08,606] {standard_task_runner.py:79} INFO - Running: ['airflow', 'tasks', 'run', 'ingest_data', 'get_data_to_ingest_from_local_file_task', 'scheduled__2022-06-12T06:52:00+00:00', '--job-id', '1217', '--raw', '--subdir', 'DAGS_FOLDER/ingestion_dag.py', '--cfg-path', '/tmp/tmpb7i34sru', '--error-file', '/tmp/tmp3tmi8l3r']
[2022-06-12 17:37:08,608] {standard_task_runner.py:80} INFO - Job 1217: Subtask get_data_to_ingest_from_local_file_task
[2022-06-12 17:37:08,762] {task_command.py:370} INFO - Running <TaskInstance: ingest_data.get_data_to_ingest_from_local_file_task scheduled__2022-06-12T06:52:00+00:00 [running]> on host DESKTOP-GDPK8BL.localdomain
[2022-06-12 17:37:09,194] {taskinstance.py:1569} INFO - Exporting the following env vars:
AIRFLOW_CTX_DAG_OWNER=airflow
AIRFLOW_CTX_DAG_ID=ingest_data
AIRFLOW_CTX_TASK_ID=get_data_to_ingest_from_local_file_task
AIRFLOW_CTX_EXECUTION_DATE=2022-06-12T06:52:00+00:00
AIRFLOW_CTX_TRY_NUMBER=1
AIRFLOW_CTX_DAG_RUN_ID=scheduled__2022-06-12T06:52:00+00:00
[2022-06-12 17:37:09,267] {python.py:173} INFO - Done. Returned value was:           AT      V       AP     RH      PE
43488  19.65  57.85  1011.73  93.89  450.50
1869   12.65  41.93  1023.07  65.05  479.53
20564  21.81  60.27  1015.93  91.38  441.85
15518   8.83  41.26  1023.04  86.08  478.87
23994   9.96  42.03  1017.78  82.39  477.85
[2022-06-12 17:37:09,433] {taskinstance.py:1395} INFO - Marking task as SUCCESS. dag_id=ingest_data, task_id=get_data_to_ingest_from_local_file_task, execution_date=20220612T065200, start_date=20220612T153708, end_date=20220612T153709
[2022-06-12 17:37:09,542] {local_task_job.py:156} INFO - Task exited with return code 0
[2022-06-12 17:37:09,776] {local_task_job.py:273} INFO - 1 downstream tasks scheduled from follow-on schedule check
