[2022-06-12 14:46:36,358] {taskinstance.py:1159} INFO - Dependencies all met for <TaskInstance: ingest_data.get_data_to_ingest_from_local_file_task scheduled__2022-06-11T21:14:00+00:00 [queued]>
[2022-06-12 14:46:36,388] {taskinstance.py:1159} INFO - Dependencies all met for <TaskInstance: ingest_data.get_data_to_ingest_from_local_file_task scheduled__2022-06-11T21:14:00+00:00 [queued]>
[2022-06-12 14:46:36,389] {taskinstance.py:1356} INFO - 
--------------------------------------------------------------------------------
[2022-06-12 14:46:36,389] {taskinstance.py:1357} INFO - Starting attempt 1 of 1
[2022-06-12 14:46:36,390] {taskinstance.py:1358} INFO - 
--------------------------------------------------------------------------------
[2022-06-12 14:46:36,448] {taskinstance.py:1377} INFO - Executing <Task(_PythonDecoratedOperator): get_data_to_ingest_from_local_file_task> on 2022-06-11 21:14:00+00:00
[2022-06-12 14:46:36,455] {standard_task_runner.py:52} INFO - Started process 982 to run task
[2022-06-12 14:46:36,466] {standard_task_runner.py:79} INFO - Running: ['airflow', 'tasks', 'run', 'ingest_data', 'get_data_to_ingest_from_local_file_task', 'scheduled__2022-06-11T21:14:00+00:00', '--job-id', '62', '--raw', '--subdir', 'DAGS_FOLDER/ingestion_dag.py', '--cfg-path', '/tmp/tmphgx9wdye', '--error-file', '/tmp/tmpjvi109lw']
[2022-06-12 14:46:36,477] {standard_task_runner.py:80} INFO - Job 62: Subtask get_data_to_ingest_from_local_file_task
[2022-06-12 14:46:36,653] {task_command.py:370} INFO - Running <TaskInstance: ingest_data.get_data_to_ingest_from_local_file_task scheduled__2022-06-11T21:14:00+00:00 [running]> on host DESKTOP-GDPK8BL.localdomain
[2022-06-12 14:46:36,961] {taskinstance.py:1569} INFO - Exporting the following env vars:
AIRFLOW_CTX_DAG_OWNER=airflow
AIRFLOW_CTX_DAG_ID=ingest_data
AIRFLOW_CTX_TASK_ID=get_data_to_ingest_from_local_file_task
AIRFLOW_CTX_EXECUTION_DATE=2022-06-11T21:14:00+00:00
AIRFLOW_CTX_TRY_NUMBER=1
AIRFLOW_CTX_DAG_RUN_ID=scheduled__2022-06-11T21:14:00+00:00
[2022-06-12 14:46:37,046] {python.py:173} INFO - Done. Returned value was:           AT      V       AP     RH      PE
17522   8.06  39.96  1024.23  94.48  476.03
28611  14.19  49.83  1006.52  90.72  462.86
32187  23.59  58.62  1017.81  66.68  448.09
43102  29.11  74.78  1009.60  56.93  438.75
42047  21.50  45.38  1013.88  64.28  460.18
[2022-06-12 14:46:37,148] {taskinstance.py:1395} INFO - Marking task as SUCCESS. dag_id=ingest_data, task_id=get_data_to_ingest_from_local_file_task, execution_date=20220611T211400, start_date=20220612T124636, end_date=20220612T124637
[2022-06-12 14:46:37,207] {local_task_job.py:156} INFO - Task exited with return code 0
[2022-06-12 14:46:37,417] {local_task_job.py:273} INFO - 1 downstream tasks scheduled from follow-on schedule check
