[2022-06-12 16:51:13,588] {taskinstance.py:1159} INFO - Dependencies all met for <TaskInstance: ingest_data.get_data_to_ingest_from_local_file_task scheduled__2022-06-12T02:19:00+00:00 [queued]>
[2022-06-12 16:51:13,619] {taskinstance.py:1159} INFO - Dependencies all met for <TaskInstance: ingest_data.get_data_to_ingest_from_local_file_task scheduled__2022-06-12T02:19:00+00:00 [queued]>
[2022-06-12 16:51:13,620] {taskinstance.py:1356} INFO - 
--------------------------------------------------------------------------------
[2022-06-12 16:51:13,621] {taskinstance.py:1357} INFO - Starting attempt 1 of 1
[2022-06-12 16:51:13,621] {taskinstance.py:1358} INFO - 
--------------------------------------------------------------------------------
[2022-06-12 16:51:13,686] {taskinstance.py:1377} INFO - Executing <Task(_PythonDecoratedOperator): get_data_to_ingest_from_local_file_task> on 2022-06-12 02:19:00+00:00
[2022-06-12 16:51:13,693] {standard_task_runner.py:52} INFO - Started process 5811 to run task
[2022-06-12 16:51:13,700] {standard_task_runner.py:79} INFO - Running: ['airflow', 'tasks', 'run', 'ingest_data', 'get_data_to_ingest_from_local_file_task', 'scheduled__2022-06-12T02:19:00+00:00', '--job-id', '671', '--raw', '--subdir', 'DAGS_FOLDER/ingestion_dag.py', '--cfg-path', '/tmp/tmph6mnhn4m', '--error-file', '/tmp/tmptyrp_a_6']
[2022-06-12 16:51:13,703] {standard_task_runner.py:80} INFO - Job 671: Subtask get_data_to_ingest_from_local_file_task
[2022-06-12 16:51:13,854] {task_command.py:370} INFO - Running <TaskInstance: ingest_data.get_data_to_ingest_from_local_file_task scheduled__2022-06-12T02:19:00+00:00 [running]> on host DESKTOP-GDPK8BL.localdomain
[2022-06-12 16:51:14,266] {taskinstance.py:1569} INFO - Exporting the following env vars:
AIRFLOW_CTX_DAG_OWNER=airflow
AIRFLOW_CTX_DAG_ID=ingest_data
AIRFLOW_CTX_TASK_ID=get_data_to_ingest_from_local_file_task
AIRFLOW_CTX_EXECUTION_DATE=2022-06-12T02:19:00+00:00
AIRFLOW_CTX_TRY_NUMBER=1
AIRFLOW_CTX_DAG_RUN_ID=scheduled__2022-06-12T02:19:00+00:00
[2022-06-12 16:51:14,339] {python.py:173} INFO - Done. Returned value was:           AT      V       AP     RH      PE
6589   23.96  65.34  1015.52  56.82  449.23
30932  10.87  42.02  1002.08  95.22  472.63
16762  10.62  39.96  1025.37  96.64  470.80
734    24.64  72.24  1011.37  80.61  434.54
17314  23.10  60.08  1017.69  65.44  451.01
[2022-06-12 16:51:14,496] {taskinstance.py:1395} INFO - Marking task as SUCCESS. dag_id=ingest_data, task_id=get_data_to_ingest_from_local_file_task, execution_date=20220612T021900, start_date=20220612T145113, end_date=20220612T145114
[2022-06-12 16:51:14,599] {local_task_job.py:156} INFO - Task exited with return code 0
[2022-06-12 16:51:14,822] {local_task_job.py:273} INFO - 1 downstream tasks scheduled from follow-on schedule check
