[2022-06-12 16:44:35,398] {taskinstance.py:1159} INFO - Dependencies all met for <TaskInstance: ingest_data.get_data_to_ingest_from_local_file_task scheduled__2022-06-12T01:41:00+00:00 [queued]>
[2022-06-12 16:44:35,453] {taskinstance.py:1159} INFO - Dependencies all met for <TaskInstance: ingest_data.get_data_to_ingest_from_local_file_task scheduled__2022-06-12T01:41:00+00:00 [queued]>
[2022-06-12 16:44:35,454] {taskinstance.py:1356} INFO - 
--------------------------------------------------------------------------------
[2022-06-12 16:44:35,455] {taskinstance.py:1357} INFO - Starting attempt 1 of 1
[2022-06-12 16:44:35,455] {taskinstance.py:1358} INFO - 
--------------------------------------------------------------------------------
[2022-06-12 16:44:35,539] {taskinstance.py:1377} INFO - Executing <Task(_PythonDecoratedOperator): get_data_to_ingest_from_local_file_task> on 2022-06-12 01:41:00+00:00
[2022-06-12 16:44:35,554] {standard_task_runner.py:79} INFO - Running: ['airflow', 'tasks', 'run', 'ingest_data', 'get_data_to_ingest_from_local_file_task', 'scheduled__2022-06-12T01:41:00+00:00', '--job-id', '595', '--raw', '--subdir', 'DAGS_FOLDER/ingestion_dag.py', '--cfg-path', '/tmp/tmpht99ykzs', '--error-file', '/tmp/tmps5e0vm_o']
[2022-06-12 16:44:35,558] {standard_task_runner.py:80} INFO - Job 595: Subtask get_data_to_ingest_from_local_file_task
[2022-06-12 16:44:35,547] {standard_task_runner.py:52} INFO - Started process 5247 to run task
[2022-06-12 16:44:35,720] {task_command.py:370} INFO - Running <TaskInstance: ingest_data.get_data_to_ingest_from_local_file_task scheduled__2022-06-12T01:41:00+00:00 [running]> on host DESKTOP-GDPK8BL.localdomain
[2022-06-12 16:44:36,165] {taskinstance.py:1569} INFO - Exporting the following env vars:
AIRFLOW_CTX_DAG_OWNER=airflow
AIRFLOW_CTX_DAG_ID=ingest_data
AIRFLOW_CTX_TASK_ID=get_data_to_ingest_from_local_file_task
AIRFLOW_CTX_EXECUTION_DATE=2022-06-12T01:41:00+00:00
AIRFLOW_CTX_TRY_NUMBER=1
AIRFLOW_CTX_DAG_RUN_ID=scheduled__2022-06-12T01:41:00+00:00
[2022-06-12 16:44:36,249] {python.py:173} INFO - Done. Returned value was:           AT      V       AP     RH      PE
2293   33.43  66.44  1010.29  53.45  433.01
14544  26.95  70.80  1009.73  82.95  436.80
9303   12.84  39.54  1011.47  89.86  468.22
19969  23.72  70.47  1010.65  75.39  438.50
37991  13.40  41.78  1010.20  64.57  466.68
[2022-06-12 16:44:36,431] {taskinstance.py:1395} INFO - Marking task as SUCCESS. dag_id=ingest_data, task_id=get_data_to_ingest_from_local_file_task, execution_date=20220612T014100, start_date=20220612T144435, end_date=20220612T144436
[2022-06-12 16:44:36,544] {local_task_job.py:156} INFO - Task exited with return code 0
[2022-06-12 16:44:36,776] {local_task_job.py:273} INFO - 1 downstream tasks scheduled from follow-on schedule check
