[2022-06-12 16:14:44,636] {taskinstance.py:1159} INFO - Dependencies all met for <TaskInstance: ingest_data.save_data_task scheduled__2022-06-11T22:48:00+00:00 [queued]>
[2022-06-12 16:14:44,673] {taskinstance.py:1159} INFO - Dependencies all met for <TaskInstance: ingest_data.save_data_task scheduled__2022-06-11T22:48:00+00:00 [queued]>
[2022-06-12 16:14:44,674] {taskinstance.py:1356} INFO - 
--------------------------------------------------------------------------------
[2022-06-12 16:14:44,675] {taskinstance.py:1357} INFO - Starting attempt 1 of 1
[2022-06-12 16:14:44,676] {taskinstance.py:1358} INFO - 
--------------------------------------------------------------------------------
[2022-06-12 16:14:44,737] {taskinstance.py:1377} INFO - Executing <Task(_PythonDecoratedOperator): save_data_task> on 2022-06-11 22:48:00+00:00
[2022-06-12 16:14:44,743] {standard_task_runner.py:52} INFO - Started process 2588 to run task
[2022-06-12 16:14:44,750] {standard_task_runner.py:79} INFO - Running: ['airflow', 'tasks', 'run', 'ingest_data', 'save_data_task', 'scheduled__2022-06-11T22:48:00+00:00', '--job-id', '251', '--raw', '--subdir', 'DAGS_FOLDER/ingestion_dag.py', '--cfg-path', '/tmp/tmptwgkv9o6', '--error-file', '/tmp/tmp9bv4xu5l']
[2022-06-12 16:14:44,751] {standard_task_runner.py:80} INFO - Job 251: Subtask save_data_task
[2022-06-12 16:14:44,897] {task_command.py:370} INFO - Running <TaskInstance: ingest_data.save_data_task scheduled__2022-06-11T22:48:00+00:00 [running]> on host DESKTOP-GDPK8BL.localdomain
[2022-06-12 16:14:45,278] {taskinstance.py:1569} INFO - Exporting the following env vars:
AIRFLOW_CTX_DAG_OWNER=airflow
AIRFLOW_CTX_DAG_ID=ingest_data
AIRFLOW_CTX_TASK_ID=save_data_task
AIRFLOW_CTX_EXECUTION_DATE=2022-06-11T22:48:00+00:00
AIRFLOW_CTX_TRY_NUMBER=1
AIRFLOW_CTX_DAG_RUN_ID=scheduled__2022-06-11T22:48:00+00:00
[2022-06-12 16:14:45,292] {python.py:173} INFO - Done. Returned value was: None
[2022-06-12 16:14:45,317] {taskinstance.py:1395} INFO - Marking task as SUCCESS. dag_id=ingest_data, task_id=save_data_task, execution_date=20220611T224800, start_date=20220612T141444, end_date=20220612T141445
[2022-06-12 16:14:45,406] {local_task_job.py:156} INFO - Task exited with return code 0
[2022-06-12 16:14:45,596] {local_task_job.py:273} INFO - 0 downstream tasks scheduled from follow-on schedule check
