[2022-06-12 16:34:34,841] {taskinstance.py:1159} INFO - Dependencies all met for <TaskInstance: ingest_data.get_data_to_ingest_from_local_file_task scheduled__2022-06-12T00:47:00+00:00 [queued]>
[2022-06-12 16:34:34,875] {taskinstance.py:1159} INFO - Dependencies all met for <TaskInstance: ingest_data.get_data_to_ingest_from_local_file_task scheduled__2022-06-12T00:47:00+00:00 [queued]>
[2022-06-12 16:34:34,875] {taskinstance.py:1356} INFO - 
--------------------------------------------------------------------------------
[2022-06-12 16:34:34,876] {taskinstance.py:1357} INFO - Starting attempt 1 of 1
[2022-06-12 16:34:34,877] {taskinstance.py:1358} INFO - 
--------------------------------------------------------------------------------
[2022-06-12 16:34:34,940] {taskinstance.py:1377} INFO - Executing <Task(_PythonDecoratedOperator): get_data_to_ingest_from_local_file_task> on 2022-06-12 00:47:00+00:00
[2022-06-12 16:34:34,946] {standard_task_runner.py:52} INFO - Started process 4440 to run task
[2022-06-12 16:34:34,952] {standard_task_runner.py:79} INFO - Running: ['airflow', 'tasks', 'run', 'ingest_data', 'get_data_to_ingest_from_local_file_task', 'scheduled__2022-06-12T00:47:00+00:00', '--job-id', '487', '--raw', '--subdir', 'DAGS_FOLDER/ingestion_dag.py', '--cfg-path', '/tmp/tmpxrw1wr6w', '--error-file', '/tmp/tmp77wy1qd8']
[2022-06-12 16:34:34,954] {standard_task_runner.py:80} INFO - Job 487: Subtask get_data_to_ingest_from_local_file_task
[2022-06-12 16:34:35,099] {task_command.py:370} INFO - Running <TaskInstance: ingest_data.get_data_to_ingest_from_local_file_task scheduled__2022-06-12T00:47:00+00:00 [running]> on host DESKTOP-GDPK8BL.localdomain
[2022-06-12 16:34:35,506] {taskinstance.py:1569} INFO - Exporting the following env vars:
AIRFLOW_CTX_DAG_OWNER=airflow
AIRFLOW_CTX_DAG_ID=ingest_data
AIRFLOW_CTX_TASK_ID=get_data_to_ingest_from_local_file_task
AIRFLOW_CTX_EXECUTION_DATE=2022-06-12T00:47:00+00:00
AIRFLOW_CTX_TRY_NUMBER=1
AIRFLOW_CTX_DAG_RUN_ID=scheduled__2022-06-12T00:47:00+00:00
[2022-06-12 16:34:35,622] {python.py:173} INFO - Done. Returned value was:           AT      V       AP     RH      PE
41456   6.25  39.04  1019.65  71.27  484.14
29488  24.19  46.93  1013.40  49.39  446.30
44462  29.04  62.26  1010.63  56.60  433.97
47657   8.60  36.66  1026.40  81.23  481.86
32939  12.86  44.77  1018.75  74.73  468.43
[2022-06-12 16:34:35,745] {taskinstance.py:1395} INFO - Marking task as SUCCESS. dag_id=ingest_data, task_id=get_data_to_ingest_from_local_file_task, execution_date=20220612T004700, start_date=20220612T143434, end_date=20220612T143435
[2022-06-12 16:34:35,812] {local_task_job.py:156} INFO - Task exited with return code 0
[2022-06-12 16:34:36,078] {local_task_job.py:273} INFO - 1 downstream tasks scheduled from follow-on schedule check
