[2022-06-12 14:45:43,496] {taskinstance.py:1159} INFO - Dependencies all met for <TaskInstance: ingest_data.get_data_to_ingest_from_local_file_task scheduled__2022-06-11T21:10:00+00:00 [queued]>
[2022-06-12 14:45:43,522] {taskinstance.py:1159} INFO - Dependencies all met for <TaskInstance: ingest_data.get_data_to_ingest_from_local_file_task scheduled__2022-06-11T21:10:00+00:00 [queued]>
[2022-06-12 14:45:43,524] {taskinstance.py:1356} INFO - 
--------------------------------------------------------------------------------
[2022-06-12 14:45:43,524] {taskinstance.py:1357} INFO - Starting attempt 1 of 1
[2022-06-12 14:45:43,525] {taskinstance.py:1358} INFO - 
--------------------------------------------------------------------------------
[2022-06-12 14:45:43,610] {taskinstance.py:1377} INFO - Executing <Task(_PythonDecoratedOperator): get_data_to_ingest_from_local_file_task> on 2022-06-11 21:10:00+00:00
[2022-06-12 14:45:43,622] {standard_task_runner.py:79} INFO - Running: ['airflow', 'tasks', 'run', 'ingest_data', 'get_data_to_ingest_from_local_file_task', 'scheduled__2022-06-11T21:10:00+00:00', '--job-id', '52', '--raw', '--subdir', 'DAGS_FOLDER/ingestion_dag.py', '--cfg-path', '/tmp/tmpz6tgj6i7', '--error-file', '/tmp/tmpjyik7pzd']
[2022-06-12 14:45:43,616] {standard_task_runner.py:52} INFO - Started process 909 to run task
[2022-06-12 14:45:43,624] {standard_task_runner.py:80} INFO - Job 52: Subtask get_data_to_ingest_from_local_file_task
[2022-06-12 14:45:43,759] {task_command.py:370} INFO - Running <TaskInstance: ingest_data.get_data_to_ingest_from_local_file_task scheduled__2022-06-11T21:10:00+00:00 [running]> on host DESKTOP-GDPK8BL.localdomain
[2022-06-12 14:45:44,117] {taskinstance.py:1569} INFO - Exporting the following env vars:
AIRFLOW_CTX_DAG_OWNER=airflow
AIRFLOW_CTX_DAG_ID=ingest_data
AIRFLOW_CTX_TASK_ID=get_data_to_ingest_from_local_file_task
AIRFLOW_CTX_EXECUTION_DATE=2022-06-11T21:10:00+00:00
AIRFLOW_CTX_TRY_NUMBER=1
AIRFLOW_CTX_DAG_RUN_ID=scheduled__2022-06-11T21:10:00+00:00
[2022-06-12 14:45:44,185] {python.py:173} INFO - Done. Returned value was:           AT      V       AP     RH      PE
38321  25.28  67.69  1009.05  68.54  445.34
17762  18.98  60.10  1010.09  85.34  453.37
42891  21.17  58.46  1017.71  83.98  446.66
11503  24.78  66.49  1010.55  68.12  436.62
42581  12.37  46.97  1013.95  90.76  464.40
[2022-06-12 14:45:44,273] {taskinstance.py:1395} INFO - Marking task as SUCCESS. dag_id=ingest_data, task_id=get_data_to_ingest_from_local_file_task, execution_date=20220611T211000, start_date=20220612T124543, end_date=20220612T124544
[2022-06-12 14:45:44,364] {local_task_job.py:156} INFO - Task exited with return code 0
[2022-06-12 14:45:44,614] {local_task_job.py:273} INFO - 1 downstream tasks scheduled from follow-on schedule check
