[2022-06-12 14:44:51,441] {taskinstance.py:1159} INFO - Dependencies all met for <TaskInstance: example_2.task_2 scheduled__2022-06-12T01:16:00+00:00 [queued]>
[2022-06-12 14:44:51,466] {taskinstance.py:1159} INFO - Dependencies all met for <TaskInstance: example_2.task_2 scheduled__2022-06-12T01:16:00+00:00 [queued]>
[2022-06-12 14:44:51,467] {taskinstance.py:1356} INFO - 
--------------------------------------------------------------------------------
[2022-06-12 14:44:51,468] {taskinstance.py:1357} INFO - Starting attempt 1 of 1
[2022-06-12 14:44:51,468] {taskinstance.py:1358} INFO - 
--------------------------------------------------------------------------------
[2022-06-12 14:44:51,529] {taskinstance.py:1377} INFO - Executing <Task(_PythonDecoratedOperator): task_2> on 2022-06-12 01:16:00+00:00
[2022-06-12 14:44:51,535] {standard_task_runner.py:52} INFO - Started process 843 to run task
[2022-06-12 14:44:51,542] {standard_task_runner.py:79} INFO - Running: ['airflow', 'tasks', 'run', 'example_2', 'task_2', 'scheduled__2022-06-12T01:16:00+00:00', '--job-id', '41', '--raw', '--subdir', 'DAGS_FOLDER/dummy_dag.py', '--cfg-path', '/tmp/tmpgqq5idzw', '--error-file', '/tmp/tmprwnibgzq']
[2022-06-12 14:44:51,543] {standard_task_runner.py:80} INFO - Job 41: Subtask task_2
[2022-06-12 14:44:51,697] {task_command.py:370} INFO - Running <TaskInstance: example_2.task_2 scheduled__2022-06-12T01:16:00+00:00 [running]> on host DESKTOP-GDPK8BL.localdomain
[2022-06-12 14:44:51,928] {taskinstance.py:1569} INFO - Exporting the following env vars:
AIRFLOW_CTX_DAG_OWNER=airflow
AIRFLOW_CTX_DAG_ID=example_2
AIRFLOW_CTX_TASK_ID=task_2
AIRFLOW_CTX_EXECUTION_DATE=2022-06-12T01:16:00+00:00
AIRFLOW_CTX_TRY_NUMBER=1
AIRFLOW_CTX_DAG_RUN_ID=scheduled__2022-06-12T01:16:00+00:00
[2022-06-12 14:44:51,929] {python.py:173} INFO - Done. Returned value was: 4
[2022-06-12 14:44:52,047] {taskinstance.py:1395} INFO - Marking task as SUCCESS. dag_id=example_2, task_id=task_2, execution_date=20220612T011600, start_date=20220612T124451, end_date=20220612T124452
[2022-06-12 14:44:52,162] {local_task_job.py:156} INFO - Task exited with return code 0
[2022-06-12 14:44:52,224] {local_task_job.py:273} INFO - 0 downstream tasks scheduled from follow-on schedule check
