[2022-06-12 16:54:52,301] {taskinstance.py:1159} INFO - Dependencies all met for <TaskInstance: ingest_data.get_data_to_ingest_from_local_file_task scheduled__2022-06-12T02:41:00+00:00 [queued]>
[2022-06-12 16:54:52,331] {taskinstance.py:1159} INFO - Dependencies all met for <TaskInstance: ingest_data.get_data_to_ingest_from_local_file_task scheduled__2022-06-12T02:41:00+00:00 [queued]>
[2022-06-12 16:54:52,332] {taskinstance.py:1356} INFO - 
--------------------------------------------------------------------------------
[2022-06-12 16:54:52,332] {taskinstance.py:1357} INFO - Starting attempt 1 of 1
[2022-06-12 16:54:52,333] {taskinstance.py:1358} INFO - 
--------------------------------------------------------------------------------
[2022-06-12 16:54:52,402] {taskinstance.py:1377} INFO - Executing <Task(_PythonDecoratedOperator): get_data_to_ingest_from_local_file_task> on 2022-06-12 02:41:00+00:00
[2022-06-12 16:54:52,408] {standard_task_runner.py:52} INFO - Started process 6135 to run task
[2022-06-12 16:54:52,414] {standard_task_runner.py:79} INFO - Running: ['airflow', 'tasks', 'run', 'ingest_data', 'get_data_to_ingest_from_local_file_task', 'scheduled__2022-06-12T02:41:00+00:00', '--job-id', '715', '--raw', '--subdir', 'DAGS_FOLDER/ingestion_dag.py', '--cfg-path', '/tmp/tmp2bpzf3bc', '--error-file', '/tmp/tmpjzamv21p']
[2022-06-12 16:54:52,415] {standard_task_runner.py:80} INFO - Job 715: Subtask get_data_to_ingest_from_local_file_task
[2022-06-12 16:54:52,564] {task_command.py:370} INFO - Running <TaskInstance: ingest_data.get_data_to_ingest_from_local_file_task scheduled__2022-06-12T02:41:00+00:00 [running]> on host DESKTOP-GDPK8BL.localdomain
[2022-06-12 16:54:52,981] {taskinstance.py:1569} INFO - Exporting the following env vars:
AIRFLOW_CTX_DAG_OWNER=airflow
AIRFLOW_CTX_DAG_ID=ingest_data
AIRFLOW_CTX_TASK_ID=get_data_to_ingest_from_local_file_task
AIRFLOW_CTX_EXECUTION_DATE=2022-06-12T02:41:00+00:00
AIRFLOW_CTX_TRY_NUMBER=1
AIRFLOW_CTX_DAG_RUN_ID=scheduled__2022-06-12T02:41:00+00:00
[2022-06-12 16:54:53,059] {python.py:173} INFO - Done. Returned value was:           AT      V       AP     RH      PE
27247  28.76  60.23  1010.03  58.24  437.42
6302   11.91  40.69  1014.41  83.71  476.71
8428   28.07  66.17  1010.58  64.11  443.77
7272   26.12  70.47  1009.93  72.13  434.67
46710  22.53  74.87  1009.91  93.21  444.69
[2022-06-12 16:54:53,180] {taskinstance.py:1395} INFO - Marking task as SUCCESS. dag_id=ingest_data, task_id=get_data_to_ingest_from_local_file_task, execution_date=20220612T024100, start_date=20220612T145452, end_date=20220612T145453
[2022-06-12 16:54:53,271] {local_task_job.py:156} INFO - Task exited with return code 0
[2022-06-12 16:54:53,496] {local_task_job.py:273} INFO - 1 downstream tasks scheduled from follow-on schedule check
