[2022-06-12 16:05:45,655] {taskinstance.py:1159} INFO - Dependencies all met for <TaskInstance: ingest_data.get_data_to_ingest_from_local_file_task scheduled__2022-06-11T21:58:00+00:00 [queued]>
[2022-06-12 16:05:45,678] {taskinstance.py:1159} INFO - Dependencies all met for <TaskInstance: ingest_data.get_data_to_ingest_from_local_file_task scheduled__2022-06-11T21:58:00+00:00 [queued]>
[2022-06-12 16:05:45,678] {taskinstance.py:1356} INFO - 
--------------------------------------------------------------------------------
[2022-06-12 16:05:45,679] {taskinstance.py:1357} INFO - Starting attempt 1 of 1
[2022-06-12 16:05:45,679] {taskinstance.py:1358} INFO - 
--------------------------------------------------------------------------------
[2022-06-12 16:05:45,729] {taskinstance.py:1377} INFO - Executing <Task(_PythonDecoratedOperator): get_data_to_ingest_from_local_file_task> on 2022-06-11 21:58:00+00:00
[2022-06-12 16:05:45,736] {standard_task_runner.py:52} INFO - Started process 1730 to run task
[2022-06-12 16:05:45,742] {standard_task_runner.py:79} INFO - Running: ['airflow', 'tasks', 'run', 'ingest_data', 'get_data_to_ingest_from_local_file_task', 'scheduled__2022-06-11T21:58:00+00:00', '--job-id', '150', '--raw', '--subdir', 'DAGS_FOLDER/ingestion_dag.py', '--cfg-path', '/tmp/tmp3yd5aa7r', '--error-file', '/tmp/tmpc6ly_dgz']
[2022-06-12 16:05:45,744] {standard_task_runner.py:80} INFO - Job 150: Subtask get_data_to_ingest_from_local_file_task
[2022-06-12 16:05:45,902] {task_command.py:370} INFO - Running <TaskInstance: ingest_data.get_data_to_ingest_from_local_file_task scheduled__2022-06-11T21:58:00+00:00 [running]> on host DESKTOP-GDPK8BL.localdomain
[2022-06-12 16:05:46,260] {taskinstance.py:1569} INFO - Exporting the following env vars:
AIRFLOW_CTX_DAG_OWNER=airflow
AIRFLOW_CTX_DAG_ID=ingest_data
AIRFLOW_CTX_TASK_ID=get_data_to_ingest_from_local_file_task
AIRFLOW_CTX_EXECUTION_DATE=2022-06-11T21:58:00+00:00
AIRFLOW_CTX_TRY_NUMBER=1
AIRFLOW_CTX_DAG_RUN_ID=scheduled__2022-06-11T21:58:00+00:00
[2022-06-12 16:05:46,335] {python.py:173} INFO - Done. Returned value was:           AT      V       AP     RH      PE
4058   19.73  68.63  1012.41  74.12  450.26
33696  33.96  68.94  1006.93  47.39  427.06
13189  19.59  59.87  1018.28  84.83  449.74
14791  23.66  61.86  1013.33  83.09  444.27
16866  17.44  44.88  1018.05  68.35  465.72
[2022-06-12 16:05:46,460] {taskinstance.py:1395} INFO - Marking task as SUCCESS. dag_id=ingest_data, task_id=get_data_to_ingest_from_local_file_task, execution_date=20220611T215800, start_date=20220612T140545, end_date=20220612T140546
[2022-06-12 16:05:46,561] {local_task_job.py:156} INFO - Task exited with return code 0
[2022-06-12 16:05:46,815] {local_task_job.py:273} INFO - 1 downstream tasks scheduled from follow-on schedule check
