[2022-06-12 17:48:18,153] {taskinstance.py:1159} INFO - Dependencies all met for <TaskInstance: ingest_data.get_data_to_ingest_from_local_file_task scheduled__2022-06-12T08:03:00+00:00 [queued]>
[2022-06-12 17:48:18,187] {taskinstance.py:1159} INFO - Dependencies all met for <TaskInstance: ingest_data.get_data_to_ingest_from_local_file_task scheduled__2022-06-12T08:03:00+00:00 [queued]>
[2022-06-12 17:48:18,188] {taskinstance.py:1356} INFO - 
--------------------------------------------------------------------------------
[2022-06-12 17:48:18,188] {taskinstance.py:1357} INFO - Starting attempt 1 of 1
[2022-06-12 17:48:18,189] {taskinstance.py:1358} INFO - 
--------------------------------------------------------------------------------
[2022-06-12 17:48:18,258] {taskinstance.py:1377} INFO - Executing <Task(_PythonDecoratedOperator): get_data_to_ingest_from_local_file_task> on 2022-06-12 08:03:00+00:00
[2022-06-12 17:48:18,264] {standard_task_runner.py:52} INFO - Started process 10907 to run task
[2022-06-12 17:48:18,272] {standard_task_runner.py:79} INFO - Running: ['airflow', 'tasks', 'run', 'ingest_data', 'get_data_to_ingest_from_local_file_task', 'scheduled__2022-06-12T08:03:00+00:00', '--job-id', '1359', '--raw', '--subdir', 'DAGS_FOLDER/ingestion_dag.py', '--cfg-path', '/tmp/tmp9up133uu', '--error-file', '/tmp/tmpng_kauw2']
[2022-06-12 17:48:18,281] {standard_task_runner.py:80} INFO - Job 1359: Subtask get_data_to_ingest_from_local_file_task
[2022-06-12 17:48:18,416] {task_command.py:370} INFO - Running <TaskInstance: ingest_data.get_data_to_ingest_from_local_file_task scheduled__2022-06-12T08:03:00+00:00 [running]> on host DESKTOP-GDPK8BL.localdomain
[2022-06-12 17:48:18,808] {taskinstance.py:1569} INFO - Exporting the following env vars:
AIRFLOW_CTX_DAG_OWNER=airflow
AIRFLOW_CTX_DAG_ID=ingest_data
AIRFLOW_CTX_TASK_ID=get_data_to_ingest_from_local_file_task
AIRFLOW_CTX_EXECUTION_DATE=2022-06-12T08:03:00+00:00
AIRFLOW_CTX_TRY_NUMBER=1
AIRFLOW_CTX_DAG_RUN_ID=scheduled__2022-06-12T08:03:00+00:00
[2022-06-12 17:48:18,876] {python.py:173} INFO - Done. Returned value was:           AT      V       AP     RH      PE
36456  30.46  66.75  1017.81  54.48  432.45
7978   27.22  67.90  1005.73  57.29  441.22
8083   15.99  39.63  1006.09  89.92  464.95
9526   22.88  59.21  1011.51  86.93  440.25
47759  27.19  64.27  1013.06  58.13  444.54
[2022-06-12 17:48:19,013] {taskinstance.py:1395} INFO - Marking task as SUCCESS. dag_id=ingest_data, task_id=get_data_to_ingest_from_local_file_task, execution_date=20220612T080300, start_date=20220612T154818, end_date=20220612T154819
[2022-06-12 17:48:19,104] {local_task_job.py:156} INFO - Task exited with return code 0
[2022-06-12 17:48:19,360] {local_task_job.py:273} INFO - 1 downstream tasks scheduled from follow-on schedule check
