[2022-06-12 16:36:03,744] {taskinstance.py:1159} INFO - Dependencies all met for <TaskInstance: ingest_data.get_data_to_ingest_from_local_file_task scheduled__2022-06-12T00:56:00+00:00 [queued]>
[2022-06-12 16:36:03,772] {taskinstance.py:1159} INFO - Dependencies all met for <TaskInstance: ingest_data.get_data_to_ingest_from_local_file_task scheduled__2022-06-12T00:56:00+00:00 [queued]>
[2022-06-12 16:36:03,773] {taskinstance.py:1356} INFO - 
--------------------------------------------------------------------------------
[2022-06-12 16:36:03,773] {taskinstance.py:1357} INFO - Starting attempt 1 of 1
[2022-06-12 16:36:03,774] {taskinstance.py:1358} INFO - 
--------------------------------------------------------------------------------
[2022-06-12 16:36:03,829] {taskinstance.py:1377} INFO - Executing <Task(_PythonDecoratedOperator): get_data_to_ingest_from_local_file_task> on 2022-06-12 00:56:00+00:00
[2022-06-12 16:36:03,835] {standard_task_runner.py:52} INFO - Started process 4580 to run task
[2022-06-12 16:36:03,841] {standard_task_runner.py:79} INFO - Running: ['airflow', 'tasks', 'run', 'ingest_data', 'get_data_to_ingest_from_local_file_task', 'scheduled__2022-06-12T00:56:00+00:00', '--job-id', '506', '--raw', '--subdir', 'DAGS_FOLDER/ingestion_dag.py', '--cfg-path', '/tmp/tmpmpj_zt4j', '--error-file', '/tmp/tmps7ixbnir']
[2022-06-12 16:36:03,842] {standard_task_runner.py:80} INFO - Job 506: Subtask get_data_to_ingest_from_local_file_task
[2022-06-12 16:36:03,986] {task_command.py:370} INFO - Running <TaskInstance: ingest_data.get_data_to_ingest_from_local_file_task scheduled__2022-06-12T00:56:00+00:00 [running]> on host DESKTOP-GDPK8BL.localdomain
[2022-06-12 16:36:04,342] {taskinstance.py:1569} INFO - Exporting the following env vars:
AIRFLOW_CTX_DAG_OWNER=airflow
AIRFLOW_CTX_DAG_ID=ingest_data
AIRFLOW_CTX_TASK_ID=get_data_to_ingest_from_local_file_task
AIRFLOW_CTX_EXECUTION_DATE=2022-06-12T00:56:00+00:00
AIRFLOW_CTX_TRY_NUMBER=1
AIRFLOW_CTX_DAG_RUN_ID=scheduled__2022-06-12T00:56:00+00:00
[2022-06-12 16:36:04,422] {python.py:173} INFO - Done. Returned value was:           AT      V       AP     RH      PE
3458   15.78  41.16  1008.43  80.25  464.85
1634   17.31  44.71  1017.43  35.40  463.05
22755   4.65  35.19  1018.23  94.78  489.36
23492  31.44  79.74  1006.95  56.99  431.69
46073  24.30  69.94  1007.02  62.14  438.92
[2022-06-12 16:36:04,537] {taskinstance.py:1395} INFO - Marking task as SUCCESS. dag_id=ingest_data, task_id=get_data_to_ingest_from_local_file_task, execution_date=20220612T005600, start_date=20220612T143603, end_date=20220612T143604
[2022-06-12 16:36:04,619] {local_task_job.py:156} INFO - Task exited with return code 0
[2022-06-12 16:36:04,820] {local_task_job.py:273} INFO - 1 downstream tasks scheduled from follow-on schedule check
