[2022-06-12 16:42:49,000] {taskinstance.py:1159} INFO - Dependencies all met for <TaskInstance: ingest_data.get_data_to_ingest_from_local_file_task scheduled__2022-06-12T01:31:00+00:00 [queued]>
[2022-06-12 16:42:49,029] {taskinstance.py:1159} INFO - Dependencies all met for <TaskInstance: ingest_data.get_data_to_ingest_from_local_file_task scheduled__2022-06-12T01:31:00+00:00 [queued]>
[2022-06-12 16:42:49,030] {taskinstance.py:1356} INFO - 
--------------------------------------------------------------------------------
[2022-06-12 16:42:49,030] {taskinstance.py:1357} INFO - Starting attempt 1 of 1
[2022-06-12 16:42:49,031] {taskinstance.py:1358} INFO - 
--------------------------------------------------------------------------------
[2022-06-12 16:42:49,095] {taskinstance.py:1377} INFO - Executing <Task(_PythonDecoratedOperator): get_data_to_ingest_from_local_file_task> on 2022-06-12 01:31:00+00:00
[2022-06-12 16:42:49,101] {standard_task_runner.py:52} INFO - Started process 5105 to run task
[2022-06-12 16:42:49,108] {standard_task_runner.py:79} INFO - Running: ['airflow', 'tasks', 'run', 'ingest_data', 'get_data_to_ingest_from_local_file_task', 'scheduled__2022-06-12T01:31:00+00:00', '--job-id', '576', '--raw', '--subdir', 'DAGS_FOLDER/ingestion_dag.py', '--cfg-path', '/tmp/tmps1b7ey9v', '--error-file', '/tmp/tmp9vpf4rqo']
[2022-06-12 16:42:49,110] {standard_task_runner.py:80} INFO - Job 576: Subtask get_data_to_ingest_from_local_file_task
[2022-06-12 16:42:49,247] {task_command.py:370} INFO - Running <TaskInstance: ingest_data.get_data_to_ingest_from_local_file_task scheduled__2022-06-12T01:31:00+00:00 [running]> on host DESKTOP-GDPK8BL.localdomain
[2022-06-12 16:42:49,710] {taskinstance.py:1569} INFO - Exporting the following env vars:
AIRFLOW_CTX_DAG_OWNER=airflow
AIRFLOW_CTX_DAG_ID=ingest_data
AIRFLOW_CTX_TASK_ID=get_data_to_ingest_from_local_file_task
AIRFLOW_CTX_EXECUTION_DATE=2022-06-12T01:31:00+00:00
AIRFLOW_CTX_TRY_NUMBER=1
AIRFLOW_CTX_DAG_RUN_ID=scheduled__2022-06-12T01:31:00+00:00
[2022-06-12 16:42:49,784] {python.py:173} INFO - Done. Returned value was:           AT      V       AP     RH      PE
30921  23.43  63.94  1010.64  89.29  440.16
11550  13.33  38.47  1015.42  58.27  466.26
31873   5.95  37.80  1022.03  67.97  479.20
33122   8.34  40.72  1023.62  83.75  483.14
45432  13.95  38.73  1003.87  83.94  468.21
[2022-06-12 16:42:49,909] {taskinstance.py:1395} INFO - Marking task as SUCCESS. dag_id=ingest_data, task_id=get_data_to_ingest_from_local_file_task, execution_date=20220612T013100, start_date=20220612T144249, end_date=20220612T144249
[2022-06-12 16:42:50,007] {local_task_job.py:156} INFO - Task exited with return code 0
[2022-06-12 16:42:50,256] {local_task_job.py:273} INFO - 1 downstream tasks scheduled from follow-on schedule check
