[2022-06-12 17:41:58,109] {taskinstance.py:1159} INFO - Dependencies all met for <TaskInstance: ingest_data.get_data_to_ingest_from_local_file_task scheduled__2022-06-12T07:22:00+00:00 [queued]>
[2022-06-12 17:41:58,144] {taskinstance.py:1159} INFO - Dependencies all met for <TaskInstance: ingest_data.get_data_to_ingest_from_local_file_task scheduled__2022-06-12T07:22:00+00:00 [queued]>
[2022-06-12 17:41:58,144] {taskinstance.py:1356} INFO - 
--------------------------------------------------------------------------------
[2022-06-12 17:41:58,145] {taskinstance.py:1357} INFO - Starting attempt 1 of 1
[2022-06-12 17:41:58,146] {taskinstance.py:1358} INFO - 
--------------------------------------------------------------------------------
[2022-06-12 17:41:58,216] {taskinstance.py:1377} INFO - Executing <Task(_PythonDecoratedOperator): get_data_to_ingest_from_local_file_task> on 2022-06-12 07:22:00+00:00
[2022-06-12 17:41:58,222] {standard_task_runner.py:52} INFO - Started process 10310 to run task
[2022-06-12 17:41:58,228] {standard_task_runner.py:79} INFO - Running: ['airflow', 'tasks', 'run', 'ingest_data', 'get_data_to_ingest_from_local_file_task', 'scheduled__2022-06-12T07:22:00+00:00', '--job-id', '1278', '--raw', '--subdir', 'DAGS_FOLDER/ingestion_dag.py', '--cfg-path', '/tmp/tmpru9h9s39', '--error-file', '/tmp/tmp_8yhhm6l']
[2022-06-12 17:41:58,230] {standard_task_runner.py:80} INFO - Job 1278: Subtask get_data_to_ingest_from_local_file_task
[2022-06-12 17:41:58,395] {task_command.py:370} INFO - Running <TaskInstance: ingest_data.get_data_to_ingest_from_local_file_task scheduled__2022-06-12T07:22:00+00:00 [running]> on host DESKTOP-GDPK8BL.localdomain
[2022-06-12 17:41:58,869] {taskinstance.py:1569} INFO - Exporting the following env vars:
AIRFLOW_CTX_DAG_OWNER=airflow
AIRFLOW_CTX_DAG_ID=ingest_data
AIRFLOW_CTX_TASK_ID=get_data_to_ingest_from_local_file_task
AIRFLOW_CTX_EXECUTION_DATE=2022-06-12T07:22:00+00:00
AIRFLOW_CTX_TRY_NUMBER=1
AIRFLOW_CTX_DAG_RUN_ID=scheduled__2022-06-12T07:22:00+00:00
[2022-06-12 17:41:58,945] {python.py:173} INFO - Done. Returned value was:           AT      V       AP     RH      PE
33030  24.72  77.54  1008.39  81.03  438.52
26909   9.18  42.18  1017.40  87.30  475.57
683    10.94  39.04  1021.81  86.02  479.20
39211   5.28  45.87  1008.25  97.88  479.91
17371  20.01  52.90  1018.05  58.88  455.57
[2022-06-12 17:41:59,111] {taskinstance.py:1395} INFO - Marking task as SUCCESS. dag_id=ingest_data, task_id=get_data_to_ingest_from_local_file_task, execution_date=20220612T072200, start_date=20220612T154158, end_date=20220612T154159
[2022-06-12 17:41:59,214] {local_task_job.py:156} INFO - Task exited with return code 0
[2022-06-12 17:41:59,448] {local_task_job.py:273} INFO - 1 downstream tasks scheduled from follow-on schedule check
