[2022-06-15 19:13:21,180] {taskinstance.py:1159} INFO - Dependencies all met for <TaskInstance: loan_pred.get_data_to_ingest_from_local_file_task scheduled__2022-06-14T21:17:00+00:00 [queued]>
[2022-06-15 19:13:21,203] {taskinstance.py:1159} INFO - Dependencies all met for <TaskInstance: loan_pred.get_data_to_ingest_from_local_file_task scheduled__2022-06-14T21:17:00+00:00 [queued]>
[2022-06-15 19:13:21,204] {taskinstance.py:1356} INFO - 
--------------------------------------------------------------------------------
[2022-06-15 19:13:21,204] {taskinstance.py:1357} INFO - Starting attempt 1 of 1
[2022-06-15 19:13:21,205] {taskinstance.py:1358} INFO - 
--------------------------------------------------------------------------------
[2022-06-15 19:13:21,259] {taskinstance.py:1377} INFO - Executing <Task(_PythonDecoratedOperator): get_data_to_ingest_from_local_file_task> on 2022-06-14 21:17:00+00:00
[2022-06-15 19:13:21,264] {standard_task_runner.py:52} INFO - Started process 534 to run task
[2022-06-15 19:13:21,268] {standard_task_runner.py:79} INFO - Running: ['airflow', 'tasks', 'run', 'loan_pred', 'get_data_to_ingest_from_local_file_task', 'scheduled__2022-06-14T21:17:00+00:00', '--job-id', '1607', '--raw', '--subdir', 'DAGS_FOLDER/loan_pred.py', '--cfg-path', '/tmp/tmpj67u6pdw', '--error-file', '/tmp/tmph53x_3fy']
[2022-06-15 19:13:21,270] {standard_task_runner.py:80} INFO - Job 1607: Subtask get_data_to_ingest_from_local_file_task
[2022-06-15 19:13:21,397] {task_command.py:370} INFO - Running <TaskInstance: loan_pred.get_data_to_ingest_from_local_file_task scheduled__2022-06-14T21:17:00+00:00 [running]> on host DESKTOP-GDPK8BL.localdomain
[2022-06-15 19:13:21,795] {taskinstance.py:1569} INFO - Exporting the following env vars:
AIRFLOW_CTX_DAG_OWNER=airflow
AIRFLOW_CTX_DAG_ID=loan_pred
AIRFLOW_CTX_TASK_ID=get_data_to_ingest_from_local_file_task
AIRFLOW_CTX_EXECUTION_DATE=2022-06-14T21:17:00+00:00
AIRFLOW_CTX_TRY_NUMBER=1
AIRFLOW_CTX_DAG_RUN_ID=scheduled__2022-06-14T21:17:00+00:00
[2022-06-15 19:13:21,813] {python.py:173} INFO - Done. Returned value was:       Loan_ID  Gender Married Dependents  ... LoanAmount Loan_Amount_Term  Credit_History  Property_Area
333  LP002843  Female     Yes          0  ...      113.0            360.0             1.0      Semiurban
208  LP002152  Female      No          0  ...       80.0            360.0             1.0          Urban
145  LP001797  Female      No          0  ...      150.0            300.0             1.0          Urban
265  LP002441    Male      No        NaN  ...      138.0            360.0             NaN      Semiurban
335  LP002850    Male      No          2  ...       46.0            360.0             1.0          Urban

[5 rows x 12 columns]
[2022-06-15 19:13:21,990] {taskinstance.py:1395} INFO - Marking task as SUCCESS. dag_id=loan_pred, task_id=get_data_to_ingest_from_local_file_task, execution_date=20220614T211700, start_date=20220615T171321, end_date=20220615T171321
[2022-06-15 19:13:22,087] {local_task_job.py:156} INFO - Task exited with return code 0
[2022-06-15 19:13:22,278] {local_task_job.py:273} INFO - 1 downstream tasks scheduled from follow-on schedule check
