[2022-06-12 17:18:47,263] {taskinstance.py:1159} INFO - Dependencies all met for <TaskInstance: ingest_data.get_data_to_ingest_from_local_file_task scheduled__2022-06-12T04:55:00+00:00 [queued]>
[2022-06-12 17:18:47,296] {taskinstance.py:1159} INFO - Dependencies all met for <TaskInstance: ingest_data.get_data_to_ingest_from_local_file_task scheduled__2022-06-12T04:55:00+00:00 [queued]>
[2022-06-12 17:18:47,296] {taskinstance.py:1356} INFO - 
--------------------------------------------------------------------------------
[2022-06-12 17:18:47,297] {taskinstance.py:1357} INFO - Starting attempt 1 of 1
[2022-06-12 17:18:47,297] {taskinstance.py:1358} INFO - 
--------------------------------------------------------------------------------
[2022-06-12 17:18:47,371] {taskinstance.py:1377} INFO - Executing <Task(_PythonDecoratedOperator): get_data_to_ingest_from_local_file_task> on 2022-06-12 04:55:00+00:00
[2022-06-12 17:18:47,377] {standard_task_runner.py:52} INFO - Started process 8131 to run task
[2022-06-12 17:18:47,384] {standard_task_runner.py:79} INFO - Running: ['airflow', 'tasks', 'run', 'ingest_data', 'get_data_to_ingest_from_local_file_task', 'scheduled__2022-06-12T04:55:00+00:00', '--job-id', '983', '--raw', '--subdir', 'DAGS_FOLDER/ingestion_dag.py', '--cfg-path', '/tmp/tmpy9wsc8jx', '--error-file', '/tmp/tmp29er5v05']
[2022-06-12 17:18:47,387] {standard_task_runner.py:80} INFO - Job 983: Subtask get_data_to_ingest_from_local_file_task
[2022-06-12 17:18:47,545] {task_command.py:370} INFO - Running <TaskInstance: ingest_data.get_data_to_ingest_from_local_file_task scheduled__2022-06-12T04:55:00+00:00 [running]> on host DESKTOP-GDPK8BL.localdomain
[2022-06-12 17:18:47,998] {taskinstance.py:1569} INFO - Exporting the following env vars:
AIRFLOW_CTX_DAG_OWNER=airflow
AIRFLOW_CTX_DAG_ID=ingest_data
AIRFLOW_CTX_TASK_ID=get_data_to_ingest_from_local_file_task
AIRFLOW_CTX_EXECUTION_DATE=2022-06-12T04:55:00+00:00
AIRFLOW_CTX_TRY_NUMBER=1
AIRFLOW_CTX_DAG_RUN_ID=scheduled__2022-06-12T04:55:00+00:00
[2022-06-12 17:18:48,072] {python.py:173} INFO - Done. Returned value was:           AT      V       AP      RH      PE
25894   6.76  40.62  1015.67   87.16  478.56
43712  20.19  62.26  1011.37   89.69  443.58
10765  28.47  67.69  1004.79   56.51  430.67
24350  19.58  50.12  1009.82  100.10  449.44
3738   12.80  42.18  1016.27   83.90  467.69
[2022-06-12 17:18:48,221] {taskinstance.py:1395} INFO - Marking task as SUCCESS. dag_id=ingest_data, task_id=get_data_to_ingest_from_local_file_task, execution_date=20220612T045500, start_date=20220612T151847, end_date=20220612T151848
[2022-06-12 17:18:48,288] {local_task_job.py:156} INFO - Task exited with return code 0
[2022-06-12 17:18:48,533] {local_task_job.py:273} INFO - 1 downstream tasks scheduled from follow-on schedule check
