[2022-06-12 16:58:43,449] {taskinstance.py:1159} INFO - Dependencies all met for <TaskInstance: ingest_data.get_data_to_ingest_from_local_file_task scheduled__2022-06-12T03:01:00+00:00 [queued]>
[2022-06-12 16:58:43,502] {taskinstance.py:1159} INFO - Dependencies all met for <TaskInstance: ingest_data.get_data_to_ingest_from_local_file_task scheduled__2022-06-12T03:01:00+00:00 [queued]>
[2022-06-12 16:58:43,503] {taskinstance.py:1356} INFO - 
--------------------------------------------------------------------------------
[2022-06-12 16:58:43,505] {taskinstance.py:1357} INFO - Starting attempt 1 of 1
[2022-06-12 16:58:43,506] {taskinstance.py:1358} INFO - 
--------------------------------------------------------------------------------
[2022-06-12 16:58:43,596] {taskinstance.py:1377} INFO - Executing <Task(_PythonDecoratedOperator): get_data_to_ingest_from_local_file_task> on 2022-06-12 03:01:00+00:00
[2022-06-12 16:58:43,608] {standard_task_runner.py:52} INFO - Started process 6443 to run task
[2022-06-12 16:58:43,612] {standard_task_runner.py:79} INFO - Running: ['airflow', 'tasks', 'run', 'ingest_data', 'get_data_to_ingest_from_local_file_task', 'scheduled__2022-06-12T03:01:00+00:00', '--job-id', '756', '--raw', '--subdir', 'DAGS_FOLDER/ingestion_dag.py', '--cfg-path', '/tmp/tmpuw71ukco', '--error-file', '/tmp/tmpyikiivw5']
[2022-06-12 16:58:43,617] {standard_task_runner.py:80} INFO - Job 756: Subtask get_data_to_ingest_from_local_file_task
[2022-06-12 16:58:43,944] {task_command.py:370} INFO - Running <TaskInstance: ingest_data.get_data_to_ingest_from_local_file_task scheduled__2022-06-12T03:01:00+00:00 [running]> on host DESKTOP-GDPK8BL.localdomain
[2022-06-12 16:58:44,668] {taskinstance.py:1569} INFO - Exporting the following env vars:
AIRFLOW_CTX_DAG_OWNER=airflow
AIRFLOW_CTX_DAG_ID=ingest_data
AIRFLOW_CTX_TASK_ID=get_data_to_ingest_from_local_file_task
AIRFLOW_CTX_EXECUTION_DATE=2022-06-12T03:01:00+00:00
AIRFLOW_CTX_TRY_NUMBER=1
AIRFLOW_CTX_DAG_RUN_ID=scheduled__2022-06-12T03:01:00+00:00
[2022-06-12 16:58:44,742] {python.py:173} INFO - Done. Returned value was:           AT      V       AP     RH      PE
12517  17.51  41.85  1016.25  72.03  465.05
15194  21.26  51.43  1009.96  80.66  455.45
42827  23.86  66.54  1005.23  90.89  432.17
2971    9.17  40.67  1019.03  66.21  487.33
31469  24.93  73.50  1011.28  83.09  437.35
[2022-06-12 16:58:44,887] {taskinstance.py:1395} INFO - Marking task as SUCCESS. dag_id=ingest_data, task_id=get_data_to_ingest_from_local_file_task, execution_date=20220612T030100, start_date=20220612T145843, end_date=20220612T145844
[2022-06-12 16:58:44,961] {local_task_job.py:156} INFO - Task exited with return code 0
[2022-06-12 16:58:45,198] {local_task_job.py:273} INFO - 1 downstream tasks scheduled from follow-on schedule check
