[2022-06-15 19:11:58,045] {taskinstance.py:1159} INFO - Dependencies all met for <TaskInstance: loan_pred.get_data_to_ingest_from_local_file_task scheduled__2022-06-14T21:08:00+00:00 [queued]>
[2022-06-15 19:11:58,127] {taskinstance.py:1159} INFO - Dependencies all met for <TaskInstance: loan_pred.get_data_to_ingest_from_local_file_task scheduled__2022-06-14T21:08:00+00:00 [queued]>
[2022-06-15 19:11:58,127] {taskinstance.py:1356} INFO - 
--------------------------------------------------------------------------------
[2022-06-15 19:11:58,128] {taskinstance.py:1357} INFO - Starting attempt 1 of 1
[2022-06-15 19:11:58,129] {taskinstance.py:1358} INFO - 
--------------------------------------------------------------------------------
[2022-06-15 19:11:58,224] {taskinstance.py:1377} INFO - Executing <Task(_PythonDecoratedOperator): get_data_to_ingest_from_local_file_task> on 2022-06-14 21:08:00+00:00
[2022-06-15 19:11:58,230] {standard_task_runner.py:52} INFO - Started process 386 to run task
[2022-06-15 19:11:58,235] {standard_task_runner.py:79} INFO - Running: ['airflow', 'tasks', 'run', 'loan_pred', 'get_data_to_ingest_from_local_file_task', 'scheduled__2022-06-14T21:08:00+00:00', '--job-id', '1589', '--raw', '--subdir', 'DAGS_FOLDER/loan_pred.py', '--cfg-path', '/tmp/tmpnotznhbn', '--error-file', '/tmp/tmp0l2wrs22']
[2022-06-15 19:11:58,237] {standard_task_runner.py:80} INFO - Job 1589: Subtask get_data_to_ingest_from_local_file_task
[2022-06-15 19:11:58,602] {task_command.py:370} INFO - Running <TaskInstance: loan_pred.get_data_to_ingest_from_local_file_task scheduled__2022-06-14T21:08:00+00:00 [running]> on host DESKTOP-GDPK8BL.localdomain
[2022-06-15 19:11:59,297] {taskinstance.py:1569} INFO - Exporting the following env vars:
AIRFLOW_CTX_DAG_OWNER=airflow
AIRFLOW_CTX_DAG_ID=loan_pred
AIRFLOW_CTX_TASK_ID=get_data_to_ingest_from_local_file_task
AIRFLOW_CTX_EXECUTION_DATE=2022-06-14T21:08:00+00:00
AIRFLOW_CTX_TRY_NUMBER=1
AIRFLOW_CTX_DAG_RUN_ID=scheduled__2022-06-14T21:08:00+00:00
[2022-06-15 19:11:59,318] {python.py:173} INFO - Done. Returned value was:       Loan_ID  Gender Married Dependents  ... LoanAmount Loan_Amount_Term  Credit_History  Property_Area
282  LP002566  Female      No          0  ...      135.0            360.0             NaN          Urban
278  LP002551    Male     Yes         3+  ...      176.0            360.0             0.0      Semiurban
343  LP002870    Male     Yes          1  ...       80.0            360.0             1.0          Urban
38   LP001211    Male      No          0  ...      116.0            360.0             1.0          Urban
156  LP001862    Male     Yes          2  ...      214.0            360.0             1.0          Urban

[5 rows x 12 columns]
[2022-06-15 19:11:59,554] {taskinstance.py:1395} INFO - Marking task as SUCCESS. dag_id=loan_pred, task_id=get_data_to_ingest_from_local_file_task, execution_date=20220614T210800, start_date=20220615T171158, end_date=20220615T171159
[2022-06-15 19:11:59,660] {local_task_job.py:156} INFO - Task exited with return code 0
[2022-06-15 19:11:59,860] {local_task_job.py:273} INFO - 1 downstream tasks scheduled from follow-on schedule check
