[2022-06-12 17:11:00,046] {taskinstance.py:1159} INFO - Dependencies all met for <TaskInstance: ingest_data.get_data_to_ingest_from_local_file_task scheduled__2022-06-12T04:11:00+00:00 [queued]>
[2022-06-12 17:11:00,083] {taskinstance.py:1159} INFO - Dependencies all met for <TaskInstance: ingest_data.get_data_to_ingest_from_local_file_task scheduled__2022-06-12T04:11:00+00:00 [queued]>
[2022-06-12 17:11:00,084] {taskinstance.py:1356} INFO - 
--------------------------------------------------------------------------------
[2022-06-12 17:11:00,085] {taskinstance.py:1357} INFO - Starting attempt 1 of 1
[2022-06-12 17:11:00,086] {taskinstance.py:1358} INFO - 
--------------------------------------------------------------------------------
[2022-06-12 17:11:00,156] {taskinstance.py:1377} INFO - Executing <Task(_PythonDecoratedOperator): get_data_to_ingest_from_local_file_task> on 2022-06-12 04:11:00+00:00
[2022-06-12 17:11:00,168] {standard_task_runner.py:79} INFO - Running: ['airflow', 'tasks', 'run', 'ingest_data', 'get_data_to_ingest_from_local_file_task', 'scheduled__2022-06-12T04:11:00+00:00', '--job-id', '896', '--raw', '--subdir', 'DAGS_FOLDER/ingestion_dag.py', '--cfg-path', '/tmp/tmpvxbh2opq', '--error-file', '/tmp/tmpqgqzo4e7']
[2022-06-12 17:11:00,171] {standard_task_runner.py:80} INFO - Job 896: Subtask get_data_to_ingest_from_local_file_task
[2022-06-12 17:11:00,162] {standard_task_runner.py:52} INFO - Started process 7483 to run task
[2022-06-12 17:11:00,326] {task_command.py:370} INFO - Running <TaskInstance: ingest_data.get_data_to_ingest_from_local_file_task scheduled__2022-06-12T04:11:00+00:00 [running]> on host DESKTOP-GDPK8BL.localdomain
[2022-06-12 17:11:00,753] {taskinstance.py:1569} INFO - Exporting the following env vars:
AIRFLOW_CTX_DAG_OWNER=airflow
AIRFLOW_CTX_DAG_ID=ingest_data
AIRFLOW_CTX_TASK_ID=get_data_to_ingest_from_local_file_task
AIRFLOW_CTX_EXECUTION_DATE=2022-06-12T04:11:00+00:00
AIRFLOW_CTX_TRY_NUMBER=1
AIRFLOW_CTX_DAG_RUN_ID=scheduled__2022-06-12T04:11:00+00:00
[2022-06-12 17:11:00,834] {python.py:173} INFO - Done. Returned value was:           AT      V       AP     RH      PE
18936  14.31  42.86  1031.14  69.60  465.36
39469  17.06  58.96  1013.83  73.95  461.15
30296  24.39  70.72  1009.78  82.25  442.04
4824   21.18  45.01  1012.57  48.05  451.62
30984  23.56  49.16  1003.31  66.98  445.36
[2022-06-12 17:11:00,978] {taskinstance.py:1395} INFO - Marking task as SUCCESS. dag_id=ingest_data, task_id=get_data_to_ingest_from_local_file_task, execution_date=20220612T041100, start_date=20220612T151100, end_date=20220612T151100
[2022-06-12 17:11:01,073] {local_task_job.py:156} INFO - Task exited with return code 0
[2022-06-12 17:11:01,301] {local_task_job.py:273} INFO - 1 downstream tasks scheduled from follow-on schedule check
