[2022-06-12 19:43:37,685] {taskinstance.py:1159} INFO - Dependencies all met for <TaskInstance: ingest_data.get_data_to_ingest_from_local_file_task scheduled__2022-06-12T08:37:00+00:00 [queued]>
[2022-06-12 19:43:37,719] {taskinstance.py:1159} INFO - Dependencies all met for <TaskInstance: ingest_data.get_data_to_ingest_from_local_file_task scheduled__2022-06-12T08:37:00+00:00 [queued]>
[2022-06-12 19:43:37,720] {taskinstance.py:1356} INFO - 
--------------------------------------------------------------------------------
[2022-06-12 19:43:37,720] {taskinstance.py:1357} INFO - Starting attempt 1 of 1
[2022-06-12 19:43:37,721] {taskinstance.py:1358} INFO - 
--------------------------------------------------------------------------------
[2022-06-12 19:43:37,779] {taskinstance.py:1377} INFO - Executing <Task(_PythonDecoratedOperator): get_data_to_ingest_from_local_file_task> on 2022-06-12 08:37:00+00:00
[2022-06-12 19:43:37,785] {standard_task_runner.py:52} INFO - Started process 11422 to run task
[2022-06-12 19:43:37,791] {standard_task_runner.py:79} INFO - Running: ['airflow', 'tasks', 'run', 'ingest_data', 'get_data_to_ingest_from_local_file_task', 'scheduled__2022-06-12T08:37:00+00:00', '--job-id', '1428', '--raw', '--subdir', 'DAGS_FOLDER/ingestion_dag.py', '--cfg-path', '/tmp/tmpkf3zhx0w', '--error-file', '/tmp/tmpg1s3x70a']
[2022-06-12 19:43:37,793] {standard_task_runner.py:80} INFO - Job 1428: Subtask get_data_to_ingest_from_local_file_task
[2022-06-12 19:43:37,944] {task_command.py:370} INFO - Running <TaskInstance: ingest_data.get_data_to_ingest_from_local_file_task scheduled__2022-06-12T08:37:00+00:00 [running]> on host DESKTOP-GDPK8BL.localdomain
[2022-06-12 19:43:38,479] {taskinstance.py:1569} INFO - Exporting the following env vars:
AIRFLOW_CTX_DAG_OWNER=airflow
AIRFLOW_CTX_DAG_ID=ingest_data
AIRFLOW_CTX_TASK_ID=get_data_to_ingest_from_local_file_task
AIRFLOW_CTX_EXECUTION_DATE=2022-06-12T08:37:00+00:00
AIRFLOW_CTX_TRY_NUMBER=1
AIRFLOW_CTX_DAG_RUN_ID=scheduled__2022-06-12T08:37:00+00:00
[2022-06-12 19:43:38,560] {python.py:173} INFO - Done. Returned value was:           AT      V       AP     RH      PE
17160  15.30  43.67  1011.75  95.31  468.14
13061  18.15  41.67  1012.75  52.69  464.44
14561  12.92  39.35  1014.56  88.29  469.83
3937   23.46  57.85  1012.70  65.54  444.66
15552  25.56  74.67  1016.62  76.10  435.81
[2022-06-12 19:43:38,725] {taskinstance.py:1395} INFO - Marking task as SUCCESS. dag_id=ingest_data, task_id=get_data_to_ingest_from_local_file_task, execution_date=20220612T083700, start_date=20220612T174337, end_date=20220612T174338
[2022-06-12 19:43:38,809] {local_task_job.py:156} INFO - Task exited with return code 0
[2022-06-12 19:43:39,078] {local_task_job.py:273} INFO - 1 downstream tasks scheduled from follow-on schedule check
