[2022-06-12 16:26:50,061] {taskinstance.py:1159} INFO - Dependencies all met for <TaskInstance: ingest_data.get_data_to_ingest_from_local_file_task scheduled__2022-06-11T23:59:00+00:00 [queued]>
[2022-06-12 16:26:50,091] {taskinstance.py:1159} INFO - Dependencies all met for <TaskInstance: ingest_data.get_data_to_ingest_from_local_file_task scheduled__2022-06-11T23:59:00+00:00 [queued]>
[2022-06-12 16:26:50,092] {taskinstance.py:1356} INFO - 
--------------------------------------------------------------------------------
[2022-06-12 16:26:50,092] {taskinstance.py:1357} INFO - Starting attempt 1 of 1
[2022-06-12 16:26:50,093] {taskinstance.py:1358} INFO - 
--------------------------------------------------------------------------------
[2022-06-12 16:26:50,160] {taskinstance.py:1377} INFO - Executing <Task(_PythonDecoratedOperator): get_data_to_ingest_from_local_file_task> on 2022-06-11 23:59:00+00:00
[2022-06-12 16:26:50,168] {standard_task_runner.py:52} INFO - Started process 3727 to run task
[2022-06-12 16:26:50,180] {standard_task_runner.py:79} INFO - Running: ['airflow', 'tasks', 'run', 'ingest_data', 'get_data_to_ingest_from_local_file_task', 'scheduled__2022-06-11T23:59:00+00:00', '--job-id', '391', '--raw', '--subdir', 'DAGS_FOLDER/ingestion_dag.py', '--cfg-path', '/tmp/tmpasqd69g6', '--error-file', '/tmp/tmpab8mogwp']
[2022-06-12 16:26:50,181] {standard_task_runner.py:80} INFO - Job 391: Subtask get_data_to_ingest_from_local_file_task
[2022-06-12 16:26:50,335] {task_command.py:370} INFO - Running <TaskInstance: ingest_data.get_data_to_ingest_from_local_file_task scheduled__2022-06-11T23:59:00+00:00 [running]> on host DESKTOP-GDPK8BL.localdomain
[2022-06-12 16:26:50,696] {taskinstance.py:1569} INFO - Exporting the following env vars:
AIRFLOW_CTX_DAG_OWNER=airflow
AIRFLOW_CTX_DAG_ID=ingest_data
AIRFLOW_CTX_TASK_ID=get_data_to_ingest_from_local_file_task
AIRFLOW_CTX_EXECUTION_DATE=2022-06-11T23:59:00+00:00
AIRFLOW_CTX_TRY_NUMBER=1
AIRFLOW_CTX_DAG_RUN_ID=scheduled__2022-06-11T23:59:00+00:00
[2022-06-12 16:26:50,764] {python.py:173} INFO - Done. Returned value was:           AT      V       AP     RH      PE
46906  15.30  38.62  1017.19  70.63  462.65
47458  24.33  46.93  1013.72  48.27  447.43
16088  30.06  67.25  1017.63  53.59  435.02
7532   22.17  60.27  1018.21  89.55  443.31
47236  27.36  58.33  1013.86  56.70  439.14
[2022-06-12 16:26:50,885] {taskinstance.py:1395} INFO - Marking task as SUCCESS. dag_id=ingest_data, task_id=get_data_to_ingest_from_local_file_task, execution_date=20220611T235900, start_date=20220612T142650, end_date=20220612T142650
[2022-06-12 16:26:50,954] {local_task_job.py:156} INFO - Task exited with return code 0
[2022-06-12 16:26:51,170] {local_task_job.py:273} INFO - 1 downstream tasks scheduled from follow-on schedule check
