[2022-06-12 16:09:09,025] {taskinstance.py:1159} INFO - Dependencies all met for <TaskInstance: ingest_data.get_data_to_ingest_from_local_file_task scheduled__2022-06-11T22:16:00+00:00 [queued]>
[2022-06-12 16:09:09,054] {taskinstance.py:1159} INFO - Dependencies all met for <TaskInstance: ingest_data.get_data_to_ingest_from_local_file_task scheduled__2022-06-11T22:16:00+00:00 [queued]>
[2022-06-12 16:09:09,054] {taskinstance.py:1356} INFO - 
--------------------------------------------------------------------------------
[2022-06-12 16:09:09,055] {taskinstance.py:1357} INFO - Starting attempt 1 of 1
[2022-06-12 16:09:09,056] {taskinstance.py:1358} INFO - 
--------------------------------------------------------------------------------
[2022-06-12 16:09:09,119] {taskinstance.py:1377} INFO - Executing <Task(_PythonDecoratedOperator): get_data_to_ingest_from_local_file_task> on 2022-06-11 22:16:00+00:00
[2022-06-12 16:09:09,134] {standard_task_runner.py:52} INFO - Started process 2036 to run task
[2022-06-12 16:09:09,134] {standard_task_runner.py:79} INFO - Running: ['airflow', 'tasks', 'run', 'ingest_data', 'get_data_to_ingest_from_local_file_task', 'scheduled__2022-06-11T22:16:00+00:00', '--job-id', '186', '--raw', '--subdir', 'DAGS_FOLDER/ingestion_dag.py', '--cfg-path', '/tmp/tmpymmkrnn2', '--error-file', '/tmp/tmp1b0xpx8_']
[2022-06-12 16:09:09,143] {standard_task_runner.py:80} INFO - Job 186: Subtask get_data_to_ingest_from_local_file_task
[2022-06-12 16:09:09,279] {task_command.py:370} INFO - Running <TaskInstance: ingest_data.get_data_to_ingest_from_local_file_task scheduled__2022-06-11T22:16:00+00:00 [running]> on host DESKTOP-GDPK8BL.localdomain
[2022-06-12 16:09:09,637] {taskinstance.py:1569} INFO - Exporting the following env vars:
AIRFLOW_CTX_DAG_OWNER=airflow
AIRFLOW_CTX_DAG_ID=ingest_data
AIRFLOW_CTX_TASK_ID=get_data_to_ingest_from_local_file_task
AIRFLOW_CTX_EXECUTION_DATE=2022-06-11T22:16:00+00:00
AIRFLOW_CTX_TRY_NUMBER=1
AIRFLOW_CTX_DAG_RUN_ID=scheduled__2022-06-11T22:16:00+00:00
[2022-06-12 16:09:09,711] {python.py:173} INFO - Done. Returned value was:           AT      V       AP     RH      PE
8124   30.12  69.71  1009.10  52.02  435.85
7213   20.30  44.90  1008.25  64.08  457.60
2055   28.08  59.14  1016.16  58.08  438.83
6371   28.73  68.30  1016.53  55.73  434.15
19016  20.92  49.15  1021.15  49.76  455.32
[2022-06-12 16:09:09,822] {taskinstance.py:1395} INFO - Marking task as SUCCESS. dag_id=ingest_data, task_id=get_data_to_ingest_from_local_file_task, execution_date=20220611T221600, start_date=20220612T140909, end_date=20220612T140909
[2022-06-12 16:09:09,919] {local_task_job.py:156} INFO - Task exited with return code 0
[2022-06-12 16:09:10,139] {local_task_job.py:273} INFO - 1 downstream tasks scheduled from follow-on schedule check
