[2022-06-12 16:03:57,351] {taskinstance.py:1159} INFO - Dependencies all met for <TaskInstance: ingest_data.get_data_to_ingest_from_local_file_task scheduled__2022-06-11T21:47:00+00:00 [queued]>
[2022-06-12 16:03:57,380] {taskinstance.py:1159} INFO - Dependencies all met for <TaskInstance: ingest_data.get_data_to_ingest_from_local_file_task scheduled__2022-06-11T21:47:00+00:00 [queued]>
[2022-06-12 16:03:57,380] {taskinstance.py:1356} INFO - 
--------------------------------------------------------------------------------
[2022-06-12 16:03:57,381] {taskinstance.py:1357} INFO - Starting attempt 1 of 1
[2022-06-12 16:03:57,382] {taskinstance.py:1358} INFO - 
--------------------------------------------------------------------------------
[2022-06-12 16:03:57,443] {taskinstance.py:1377} INFO - Executing <Task(_PythonDecoratedOperator): get_data_to_ingest_from_local_file_task> on 2022-06-11 21:47:00+00:00
[2022-06-12 16:03:57,458] {standard_task_runner.py:52} INFO - Started process 1543 to run task
[2022-06-12 16:03:57,457] {standard_task_runner.py:79} INFO - Running: ['airflow', 'tasks', 'run', 'ingest_data', 'get_data_to_ingest_from_local_file_task', 'scheduled__2022-06-11T21:47:00+00:00', '--job-id', '128', '--raw', '--subdir', 'DAGS_FOLDER/ingestion_dag.py', '--cfg-path', '/tmp/tmp61ym_alc', '--error-file', '/tmp/tmppkmna8vv']
[2022-06-12 16:03:57,462] {standard_task_runner.py:80} INFO - Job 128: Subtask get_data_to_ingest_from_local_file_task
[2022-06-12 16:03:57,601] {task_command.py:370} INFO - Running <TaskInstance: ingest_data.get_data_to_ingest_from_local_file_task scheduled__2022-06-11T21:47:00+00:00 [running]> on host DESKTOP-GDPK8BL.localdomain
[2022-06-12 16:03:57,916] {taskinstance.py:1569} INFO - Exporting the following env vars:
AIRFLOW_CTX_DAG_OWNER=airflow
AIRFLOW_CTX_DAG_ID=ingest_data
AIRFLOW_CTX_TASK_ID=get_data_to_ingest_from_local_file_task
AIRFLOW_CTX_EXECUTION_DATE=2022-06-11T21:47:00+00:00
AIRFLOW_CTX_TRY_NUMBER=1
AIRFLOW_CTX_DAG_RUN_ID=scheduled__2022-06-11T21:47:00+00:00
[2022-06-12 16:03:57,988] {python.py:173} INFO - Done. Returned value was:           AT      V       AP     RH      PE
14798  14.66  42.07  1018.14  84.68  462.77
11825  26.63  62.44  1010.86  70.82  438.25
21460   8.18  40.02  1031.45  73.66  478.81
29475  26.98  43.77  1010.95  40.80  446.05
19393  11.47  40.27  1005.39  77.40  479.44
[2022-06-12 16:03:58,095] {taskinstance.py:1395} INFO - Marking task as SUCCESS. dag_id=ingest_data, task_id=get_data_to_ingest_from_local_file_task, execution_date=20220611T214700, start_date=20220612T140357, end_date=20220612T140358
[2022-06-12 16:03:58,159] {local_task_job.py:156} INFO - Task exited with return code 0
[2022-06-12 16:03:58,384] {local_task_job.py:273} INFO - 1 downstream tasks scheduled from follow-on schedule check
