[2022-06-12 17:11:25,644] {taskinstance.py:1159} INFO - Dependencies all met for <TaskInstance: ingest_data.get_data_to_ingest_from_local_file_task scheduled__2022-06-12T04:14:00+00:00 [queued]>
[2022-06-12 17:11:25,676] {taskinstance.py:1159} INFO - Dependencies all met for <TaskInstance: ingest_data.get_data_to_ingest_from_local_file_task scheduled__2022-06-12T04:14:00+00:00 [queued]>
[2022-06-12 17:11:25,676] {taskinstance.py:1356} INFO - 
--------------------------------------------------------------------------------
[2022-06-12 17:11:25,677] {taskinstance.py:1357} INFO - Starting attempt 1 of 1
[2022-06-12 17:11:25,678] {taskinstance.py:1358} INFO - 
--------------------------------------------------------------------------------
[2022-06-12 17:11:25,747] {taskinstance.py:1377} INFO - Executing <Task(_PythonDecoratedOperator): get_data_to_ingest_from_local_file_task> on 2022-06-12 04:14:00+00:00
[2022-06-12 17:11:25,760] {standard_task_runner.py:79} INFO - Running: ['airflow', 'tasks', 'run', 'ingest_data', 'get_data_to_ingest_from_local_file_task', 'scheduled__2022-06-12T04:14:00+00:00', '--job-id', '901', '--raw', '--subdir', 'DAGS_FOLDER/ingestion_dag.py', '--cfg-path', '/tmp/tmp9e6694ns', '--error-file', '/tmp/tmplcektbus']
[2022-06-12 17:11:25,760] {standard_task_runner.py:52} INFO - Started process 7520 to run task
[2022-06-12 17:11:25,767] {standard_task_runner.py:80} INFO - Job 901: Subtask get_data_to_ingest_from_local_file_task
[2022-06-12 17:11:25,923] {task_command.py:370} INFO - Running <TaskInstance: ingest_data.get_data_to_ingest_from_local_file_task scheduled__2022-06-12T04:14:00+00:00 [running]> on host DESKTOP-GDPK8BL.localdomain
[2022-06-12 17:11:26,363] {taskinstance.py:1569} INFO - Exporting the following env vars:
AIRFLOW_CTX_DAG_OWNER=airflow
AIRFLOW_CTX_DAG_ID=ingest_data
AIRFLOW_CTX_TASK_ID=get_data_to_ingest_from_local_file_task
AIRFLOW_CTX_EXECUTION_DATE=2022-06-12T04:14:00+00:00
AIRFLOW_CTX_TRY_NUMBER=1
AIRFLOW_CTX_DAG_RUN_ID=scheduled__2022-06-12T04:14:00+00:00
[2022-06-12 17:11:26,438] {python.py:173} INFO - Done. Returned value was:           AT      V       AP     RH      PE
32476   9.52  41.26  1020.55  89.73  475.44
46915   6.99  39.37  1020.19  75.06  487.18
39653  10.09  41.62  1015.21  96.56  463.86
892    21.82  65.27  1013.86  72.81  447.43
11984  24.17  71.25  1003.90  90.36  435.66
[2022-06-12 17:11:26,585] {taskinstance.py:1395} INFO - Marking task as SUCCESS. dag_id=ingest_data, task_id=get_data_to_ingest_from_local_file_task, execution_date=20220612T041400, start_date=20220612T151125, end_date=20220612T151126
[2022-06-12 17:11:26,667] {local_task_job.py:156} INFO - Task exited with return code 0
[2022-06-12 17:11:26,882] {local_task_job.py:273} INFO - 1 downstream tasks scheduled from follow-on schedule check
