[2022-06-12 16:43:07,327] {taskinstance.py:1159} INFO - Dependencies all met for <TaskInstance: ingest_data.get_data_to_ingest_from_local_file_task scheduled__2022-06-12T01:33:00+00:00 [queued]>
[2022-06-12 16:43:07,355] {taskinstance.py:1159} INFO - Dependencies all met for <TaskInstance: ingest_data.get_data_to_ingest_from_local_file_task scheduled__2022-06-12T01:33:00+00:00 [queued]>
[2022-06-12 16:43:07,355] {taskinstance.py:1356} INFO - 
--------------------------------------------------------------------------------
[2022-06-12 16:43:07,356] {taskinstance.py:1357} INFO - Starting attempt 1 of 1
[2022-06-12 16:43:07,356] {taskinstance.py:1358} INFO - 
--------------------------------------------------------------------------------
[2022-06-12 16:43:07,411] {taskinstance.py:1377} INFO - Executing <Task(_PythonDecoratedOperator): get_data_to_ingest_from_local_file_task> on 2022-06-12 01:33:00+00:00
[2022-06-12 16:43:07,417] {standard_task_runner.py:52} INFO - Started process 5135 to run task
[2022-06-12 16:43:07,424] {standard_task_runner.py:79} INFO - Running: ['airflow', 'tasks', 'run', 'ingest_data', 'get_data_to_ingest_from_local_file_task', 'scheduled__2022-06-12T01:33:00+00:00', '--job-id', '580', '--raw', '--subdir', 'DAGS_FOLDER/ingestion_dag.py', '--cfg-path', '/tmp/tmp8u1mvdt0', '--error-file', '/tmp/tmp1n1f6qr3']
[2022-06-12 16:43:07,426] {standard_task_runner.py:80} INFO - Job 580: Subtask get_data_to_ingest_from_local_file_task
[2022-06-12 16:43:07,578] {task_command.py:370} INFO - Running <TaskInstance: ingest_data.get_data_to_ingest_from_local_file_task scheduled__2022-06-12T01:33:00+00:00 [running]> on host DESKTOP-GDPK8BL.localdomain
[2022-06-12 16:43:07,940] {taskinstance.py:1569} INFO - Exporting the following env vars:
AIRFLOW_CTX_DAG_OWNER=airflow
AIRFLOW_CTX_DAG_ID=ingest_data
AIRFLOW_CTX_TASK_ID=get_data_to_ingest_from_local_file_task
AIRFLOW_CTX_EXECUTION_DATE=2022-06-12T01:33:00+00:00
AIRFLOW_CTX_TRY_NUMBER=1
AIRFLOW_CTX_DAG_RUN_ID=scheduled__2022-06-12T01:33:00+00:00
[2022-06-12 16:43:08,016] {python.py:173} INFO - Done. Returned value was:           AT      V       AP     RH      PE
39871  29.70  67.17  1007.31  66.56  438.04
35864   8.48  42.49  1010.77  88.68  483.50
9484   27.34  59.87  1012.06  59.04  448.26
2116   12.65  44.00  1023.03  88.73  471.46
38569  14.04  48.79  1017.62  75.25  464.09
[2022-06-12 16:43:08,154] {taskinstance.py:1395} INFO - Marking task as SUCCESS. dag_id=ingest_data, task_id=get_data_to_ingest_from_local_file_task, execution_date=20220612T013300, start_date=20220612T144307, end_date=20220612T144308
[2022-06-12 16:43:08,246] {local_task_job.py:156} INFO - Task exited with return code 0
[2022-06-12 16:43:08,451] {local_task_job.py:273} INFO - 1 downstream tasks scheduled from follow-on schedule check
