[2022-06-12 16:58:13,475] {taskinstance.py:1159} INFO - Dependencies all met for <TaskInstance: ingest_data.get_data_to_ingest_from_local_file_task scheduled__2022-06-12T02:58:00+00:00 [queued]>
[2022-06-12 16:58:13,517] {taskinstance.py:1159} INFO - Dependencies all met for <TaskInstance: ingest_data.get_data_to_ingest_from_local_file_task scheduled__2022-06-12T02:58:00+00:00 [queued]>
[2022-06-12 16:58:13,518] {taskinstance.py:1356} INFO - 
--------------------------------------------------------------------------------
[2022-06-12 16:58:13,518] {taskinstance.py:1357} INFO - Starting attempt 1 of 1
[2022-06-12 16:58:13,520] {taskinstance.py:1358} INFO - 
--------------------------------------------------------------------------------
[2022-06-12 16:58:13,605] {taskinstance.py:1377} INFO - Executing <Task(_PythonDecoratedOperator): get_data_to_ingest_from_local_file_task> on 2022-06-12 02:58:00+00:00
[2022-06-12 16:58:13,611] {standard_task_runner.py:52} INFO - Started process 6398 to run task
[2022-06-12 16:58:13,618] {standard_task_runner.py:79} INFO - Running: ['airflow', 'tasks', 'run', 'ingest_data', 'get_data_to_ingest_from_local_file_task', 'scheduled__2022-06-12T02:58:00+00:00', '--job-id', '750', '--raw', '--subdir', 'DAGS_FOLDER/ingestion_dag.py', '--cfg-path', '/tmp/tmpx921ogrn', '--error-file', '/tmp/tmpm4mynikj']
[2022-06-12 16:58:13,620] {standard_task_runner.py:80} INFO - Job 750: Subtask get_data_to_ingest_from_local_file_task
[2022-06-12 16:58:13,787] {task_command.py:370} INFO - Running <TaskInstance: ingest_data.get_data_to_ingest_from_local_file_task scheduled__2022-06-12T02:58:00+00:00 [running]> on host DESKTOP-GDPK8BL.localdomain
[2022-06-12 16:58:14,521] {taskinstance.py:1569} INFO - Exporting the following env vars:
AIRFLOW_CTX_DAG_OWNER=airflow
AIRFLOW_CTX_DAG_ID=ingest_data
AIRFLOW_CTX_TASK_ID=get_data_to_ingest_from_local_file_task
AIRFLOW_CTX_EXECUTION_DATE=2022-06-12T02:58:00+00:00
AIRFLOW_CTX_TRY_NUMBER=1
AIRFLOW_CTX_DAG_RUN_ID=scheduled__2022-06-12T02:58:00+00:00
[2022-06-12 16:58:14,628] {python.py:173} INFO - Done. Returned value was:           AT      V       AP     RH      PE
26525  29.38  74.90  1003.25  72.19  433.74
459     7.19  41.39  1018.12  90.76  486.35
9928   24.75  69.45  1013.97  53.49  438.28
23305   8.27  39.64  1011.00  84.64  479.91
14855  16.22  46.36  1020.04  91.73  460.73
[2022-06-12 16:58:14,754] {taskinstance.py:1395} INFO - Marking task as SUCCESS. dag_id=ingest_data, task_id=get_data_to_ingest_from_local_file_task, execution_date=20220612T025800, start_date=20220612T145813, end_date=20220612T145814
[2022-06-12 16:58:14,880] {local_task_job.py:156} INFO - Task exited with return code 0
[2022-06-12 16:58:15,262] {local_task_job.py:273} INFO - 1 downstream tasks scheduled from follow-on schedule check
