[2022-06-12 17:31:35,502] {taskinstance.py:1159} INFO - Dependencies all met for <TaskInstance: ingest_data.get_data_to_ingest_from_local_file_task scheduled__2022-06-12T06:16:00+00:00 [queued]>
[2022-06-12 17:31:35,533] {taskinstance.py:1159} INFO - Dependencies all met for <TaskInstance: ingest_data.get_data_to_ingest_from_local_file_task scheduled__2022-06-12T06:16:00+00:00 [queued]>
[2022-06-12 17:31:35,533] {taskinstance.py:1356} INFO - 
--------------------------------------------------------------------------------
[2022-06-12 17:31:35,534] {taskinstance.py:1357} INFO - Starting attempt 1 of 1
[2022-06-12 17:31:35,534] {taskinstance.py:1358} INFO - 
--------------------------------------------------------------------------------
[2022-06-12 17:31:35,584] {taskinstance.py:1377} INFO - Executing <Task(_PythonDecoratedOperator): get_data_to_ingest_from_local_file_task> on 2022-06-12 06:16:00+00:00
[2022-06-12 17:31:35,590] {standard_task_runner.py:52} INFO - Started process 9335 to run task
[2022-06-12 17:31:35,597] {standard_task_runner.py:79} INFO - Running: ['airflow', 'tasks', 'run', 'ingest_data', 'get_data_to_ingest_from_local_file_task', 'scheduled__2022-06-12T06:16:00+00:00', '--job-id', '1146', '--raw', '--subdir', 'DAGS_FOLDER/ingestion_dag.py', '--cfg-path', '/tmp/tmp6zbm8n4v', '--error-file', '/tmp/tmpa3a4f3xk']
[2022-06-12 17:31:35,598] {standard_task_runner.py:80} INFO - Job 1146: Subtask get_data_to_ingest_from_local_file_task
[2022-06-12 17:31:35,761] {task_command.py:370} INFO - Running <TaskInstance: ingest_data.get_data_to_ingest_from_local_file_task scheduled__2022-06-12T06:16:00+00:00 [running]> on host DESKTOP-GDPK8BL.localdomain
[2022-06-12 17:31:36,192] {taskinstance.py:1569} INFO - Exporting the following env vars:
AIRFLOW_CTX_DAG_OWNER=airflow
AIRFLOW_CTX_DAG_ID=ingest_data
AIRFLOW_CTX_TASK_ID=get_data_to_ingest_from_local_file_task
AIRFLOW_CTX_EXECUTION_DATE=2022-06-12T06:16:00+00:00
AIRFLOW_CTX_TRY_NUMBER=1
AIRFLOW_CTX_DAG_RUN_ID=scheduled__2022-06-12T06:16:00+00:00
[2022-06-12 17:31:36,260] {python.py:173} INFO - Done. Returned value was:           AT      V       AP     RH      PE
9823   25.22  71.85  1009.78  68.96  438.71
46367  27.76  65.59  1010.80  67.29  439.03
6466   24.13  48.98  1014.74  40.13  460.38
35014   7.30  39.72  1020.85  77.83  485.10
18301  18.23  58.96  1015.55  69.61  459.12
[2022-06-12 17:31:36,417] {taskinstance.py:1395} INFO - Marking task as SUCCESS. dag_id=ingest_data, task_id=get_data_to_ingest_from_local_file_task, execution_date=20220612T061600, start_date=20220612T153135, end_date=20220612T153136
[2022-06-12 17:31:36,497] {local_task_job.py:156} INFO - Task exited with return code 0
[2022-06-12 17:31:36,708] {local_task_job.py:273} INFO - 1 downstream tasks scheduled from follow-on schedule check
