[2022-06-12 17:20:17,152] {taskinstance.py:1159} INFO - Dependencies all met for <TaskInstance: ingest_data.save_data_task scheduled__2022-06-12T05:03:00+00:00 [queued]>
[2022-06-12 17:20:17,185] {taskinstance.py:1159} INFO - Dependencies all met for <TaskInstance: ingest_data.save_data_task scheduled__2022-06-12T05:03:00+00:00 [queued]>
[2022-06-12 17:20:17,186] {taskinstance.py:1356} INFO - 
--------------------------------------------------------------------------------
[2022-06-12 17:20:17,186] {taskinstance.py:1357} INFO - Starting attempt 1 of 1
[2022-06-12 17:20:17,187] {taskinstance.py:1358} INFO - 
--------------------------------------------------------------------------------
[2022-06-12 17:20:17,251] {taskinstance.py:1377} INFO - Executing <Task(_PythonDecoratedOperator): save_data_task> on 2022-06-12 05:03:00+00:00
[2022-06-12 17:20:17,257] {standard_task_runner.py:52} INFO - Started process 8272 to run task
[2022-06-12 17:20:17,278] {standard_task_runner.py:79} INFO - Running: ['airflow', 'tasks', 'run', 'ingest_data', 'save_data_task', 'scheduled__2022-06-12T05:03:00+00:00', '--job-id', '1002', '--raw', '--subdir', 'DAGS_FOLDER/ingestion_dag.py', '--cfg-path', '/tmp/tmpuhovoou_', '--error-file', '/tmp/tmpy0x3r3nw']
[2022-06-12 17:20:17,280] {standard_task_runner.py:80} INFO - Job 1002: Subtask save_data_task
[2022-06-12 17:20:17,428] {task_command.py:370} INFO - Running <TaskInstance: ingest_data.save_data_task scheduled__2022-06-12T05:03:00+00:00 [running]> on host DESKTOP-GDPK8BL.localdomain
[2022-06-12 17:20:17,945] {taskinstance.py:1569} INFO - Exporting the following env vars:
AIRFLOW_CTX_DAG_OWNER=airflow
AIRFLOW_CTX_DAG_ID=ingest_data
AIRFLOW_CTX_TASK_ID=save_data_task
AIRFLOW_CTX_EXECUTION_DATE=2022-06-12T05:03:00+00:00
AIRFLOW_CTX_TRY_NUMBER=1
AIRFLOW_CTX_DAG_RUN_ID=scheduled__2022-06-12T05:03:00+00:00
[2022-06-12 17:20:17,959] {python.py:173} INFO - Done. Returned value was: None
[2022-06-12 17:20:17,985] {taskinstance.py:1395} INFO - Marking task as SUCCESS. dag_id=ingest_data, task_id=save_data_task, execution_date=20220612T050300, start_date=20220612T152017, end_date=20220612T152017
[2022-06-12 17:20:18,054] {local_task_job.py:156} INFO - Task exited with return code 0
[2022-06-12 17:20:18,223] {local_task_job.py:273} INFO - 0 downstream tasks scheduled from follow-on schedule check
