[2022-06-12 16:18:10,914] {taskinstance.py:1159} INFO - Dependencies all met for <TaskInstance: ingest_data.get_data_to_ingest_from_local_file_task scheduled__2022-06-11T23:09:00+00:00 [queued]>
[2022-06-12 16:18:10,942] {taskinstance.py:1159} INFO - Dependencies all met for <TaskInstance: ingest_data.get_data_to_ingest_from_local_file_task scheduled__2022-06-11T23:09:00+00:00 [queued]>
[2022-06-12 16:18:10,943] {taskinstance.py:1356} INFO - 
--------------------------------------------------------------------------------
[2022-06-12 16:18:10,943] {taskinstance.py:1357} INFO - Starting attempt 1 of 1
[2022-06-12 16:18:10,944] {taskinstance.py:1358} INFO - 
--------------------------------------------------------------------------------
[2022-06-12 16:18:11,007] {taskinstance.py:1377} INFO - Executing <Task(_PythonDecoratedOperator): get_data_to_ingest_from_local_file_task> on 2022-06-11 23:09:00+00:00
[2022-06-12 16:18:11,014] {standard_task_runner.py:52} INFO - Started process 2937 to run task
[2022-06-12 16:18:11,019] {standard_task_runner.py:79} INFO - Running: ['airflow', 'tasks', 'run', 'ingest_data', 'get_data_to_ingest_from_local_file_task', 'scheduled__2022-06-11T23:09:00+00:00', '--job-id', '292', '--raw', '--subdir', 'DAGS_FOLDER/ingestion_dag.py', '--cfg-path', '/tmp/tmp6x_ytxxd', '--error-file', '/tmp/tmppzmg97ry']
[2022-06-12 16:18:11,021] {standard_task_runner.py:80} INFO - Job 292: Subtask get_data_to_ingest_from_local_file_task
[2022-06-12 16:18:11,193] {task_command.py:370} INFO - Running <TaskInstance: ingest_data.get_data_to_ingest_from_local_file_task scheduled__2022-06-11T23:09:00+00:00 [running]> on host DESKTOP-GDPK8BL.localdomain
[2022-06-12 16:18:11,582] {taskinstance.py:1569} INFO - Exporting the following env vars:
AIRFLOW_CTX_DAG_OWNER=airflow
AIRFLOW_CTX_DAG_ID=ingest_data
AIRFLOW_CTX_TASK_ID=get_data_to_ingest_from_local_file_task
AIRFLOW_CTX_EXECUTION_DATE=2022-06-11T23:09:00+00:00
AIRFLOW_CTX_TRY_NUMBER=1
AIRFLOW_CTX_DAG_RUN_ID=scheduled__2022-06-11T23:09:00+00:00
[2022-06-12 16:18:11,655] {python.py:173} INFO - Done. Returned value was:           AT      V       AP     RH      PE
16100  30.28  79.74  1006.96  70.21  433.45
34184  28.15  72.99  1007.62  70.03  431.83
31647   8.27  39.64  1011.00  84.64  479.91
12748  22.98  58.46  1016.06  72.69  445.05
22452  13.80  42.99  1007.16  67.28  470.93
[2022-06-12 16:18:11,776] {taskinstance.py:1395} INFO - Marking task as SUCCESS. dag_id=ingest_data, task_id=get_data_to_ingest_from_local_file_task, execution_date=20220611T230900, start_date=20220612T141810, end_date=20220612T141811
[2022-06-12 16:18:11,879] {local_task_job.py:156} INFO - Task exited with return code 0
[2022-06-12 16:18:12,143] {local_task_job.py:273} INFO - 1 downstream tasks scheduled from follow-on schedule check
