[2022-06-12 17:33:26,402] {taskinstance.py:1159} INFO - Dependencies all met for <TaskInstance: ingest_data.get_data_to_ingest_from_local_file_task scheduled__2022-06-12T06:28:00+00:00 [queued]>
[2022-06-12 17:33:26,437] {taskinstance.py:1159} INFO - Dependencies all met for <TaskInstance: ingest_data.get_data_to_ingest_from_local_file_task scheduled__2022-06-12T06:28:00+00:00 [queued]>
[2022-06-12 17:33:26,438] {taskinstance.py:1356} INFO - 
--------------------------------------------------------------------------------
[2022-06-12 17:33:26,438] {taskinstance.py:1357} INFO - Starting attempt 1 of 1
[2022-06-12 17:33:26,439] {taskinstance.py:1358} INFO - 
--------------------------------------------------------------------------------
[2022-06-12 17:33:26,502] {taskinstance.py:1377} INFO - Executing <Task(_PythonDecoratedOperator): get_data_to_ingest_from_local_file_task> on 2022-06-12 06:28:00+00:00
[2022-06-12 17:33:26,508] {standard_task_runner.py:52} INFO - Started process 9505 to run task
[2022-06-12 17:33:26,515] {standard_task_runner.py:79} INFO - Running: ['airflow', 'tasks', 'run', 'ingest_data', 'get_data_to_ingest_from_local_file_task', 'scheduled__2022-06-12T06:28:00+00:00', '--job-id', '1169', '--raw', '--subdir', 'DAGS_FOLDER/ingestion_dag.py', '--cfg-path', '/tmp/tmpul4g224_', '--error-file', '/tmp/tmpvvgqqjz7']
[2022-06-12 17:33:26,518] {standard_task_runner.py:80} INFO - Job 1169: Subtask get_data_to_ingest_from_local_file_task
[2022-06-12 17:33:26,674] {task_command.py:370} INFO - Running <TaskInstance: ingest_data.get_data_to_ingest_from_local_file_task scheduled__2022-06-12T06:28:00+00:00 [running]> on host DESKTOP-GDPK8BL.localdomain
[2022-06-12 17:33:27,126] {taskinstance.py:1569} INFO - Exporting the following env vars:
AIRFLOW_CTX_DAG_OWNER=airflow
AIRFLOW_CTX_DAG_ID=ingest_data
AIRFLOW_CTX_TASK_ID=get_data_to_ingest_from_local_file_task
AIRFLOW_CTX_EXECUTION_DATE=2022-06-12T06:28:00+00:00
AIRFLOW_CTX_TRY_NUMBER=1
AIRFLOW_CTX_DAG_RUN_ID=scheduled__2022-06-12T06:28:00+00:00
[2022-06-12 17:33:27,197] {python.py:173} INFO - Done. Returned value was:           AT      V       AP     RH      PE
30140  22.50  58.79  1017.48  73.02  443.35
11058  18.55  43.69  1016.84  47.95  465.20
20928  11.82  41.67  1012.94  84.51  476.73
15459  22.21  45.01  1012.22  54.84  450.60
4219   20.05  42.48  1012.29  85.09  457.01
[2022-06-12 17:33:27,331] {taskinstance.py:1395} INFO - Marking task as SUCCESS. dag_id=ingest_data, task_id=get_data_to_ingest_from_local_file_task, execution_date=20220612T062800, start_date=20220612T153326, end_date=20220612T153327
[2022-06-12 17:33:27,416] {local_task_job.py:156} INFO - Task exited with return code 0
[2022-06-12 17:33:27,649] {local_task_job.py:273} INFO - 1 downstream tasks scheduled from follow-on schedule check
