[2022-06-12 16:59:21,513] {taskinstance.py:1159} INFO - Dependencies all met for <TaskInstance: ingest_data.get_data_to_ingest_from_local_file_task scheduled__2022-06-12T03:05:00+00:00 [queued]>
[2022-06-12 16:59:21,553] {taskinstance.py:1159} INFO - Dependencies all met for <TaskInstance: ingest_data.get_data_to_ingest_from_local_file_task scheduled__2022-06-12T03:05:00+00:00 [queued]>
[2022-06-12 16:59:21,554] {taskinstance.py:1356} INFO - 
--------------------------------------------------------------------------------
[2022-06-12 16:59:21,555] {taskinstance.py:1357} INFO - Starting attempt 1 of 1
[2022-06-12 16:59:21,556] {taskinstance.py:1358} INFO - 
--------------------------------------------------------------------------------
[2022-06-12 16:59:21,607] {taskinstance.py:1377} INFO - Executing <Task(_PythonDecoratedOperator): get_data_to_ingest_from_local_file_task> on 2022-06-12 03:05:00+00:00
[2022-06-12 16:59:21,613] {standard_task_runner.py:52} INFO - Started process 6495 to run task
[2022-06-12 16:59:21,619] {standard_task_runner.py:79} INFO - Running: ['airflow', 'tasks', 'run', 'ingest_data', 'get_data_to_ingest_from_local_file_task', 'scheduled__2022-06-12T03:05:00+00:00', '--job-id', '763', '--raw', '--subdir', 'DAGS_FOLDER/ingestion_dag.py', '--cfg-path', '/tmp/tmpb3qt3nj2', '--error-file', '/tmp/tmpu_p8rgkw']
[2022-06-12 16:59:21,621] {standard_task_runner.py:80} INFO - Job 763: Subtask get_data_to_ingest_from_local_file_task
[2022-06-12 16:59:21,752] {task_command.py:370} INFO - Running <TaskInstance: ingest_data.get_data_to_ingest_from_local_file_task scheduled__2022-06-12T03:05:00+00:00 [running]> on host DESKTOP-GDPK8BL.localdomain
[2022-06-12 16:59:22,167] {taskinstance.py:1569} INFO - Exporting the following env vars:
AIRFLOW_CTX_DAG_OWNER=airflow
AIRFLOW_CTX_DAG_ID=ingest_data
AIRFLOW_CTX_TASK_ID=get_data_to_ingest_from_local_file_task
AIRFLOW_CTX_EXECUTION_DATE=2022-06-12T03:05:00+00:00
AIRFLOW_CTX_TRY_NUMBER=1
AIRFLOW_CTX_DAG_RUN_ID=scheduled__2022-06-12T03:05:00+00:00
[2022-06-12 16:59:22,284] {python.py:173} INFO - Done. Returned value was:           AT      V       AP      RH      PE
38000  13.94  47.83  1004.83   81.20  465.13
17472  23.86  66.54  1005.23   90.89  432.17
1137   20.55  48.98  1016.10   63.89  452.52
6860   17.75  49.78  1004.49  100.09  452.02
3529   18.90  47.83  1005.31   77.79  455.94
[2022-06-12 16:59:22,469] {taskinstance.py:1395} INFO - Marking task as SUCCESS. dag_id=ingest_data, task_id=get_data_to_ingest_from_local_file_task, execution_date=20220612T030500, start_date=20220612T145921, end_date=20220612T145922
[2022-06-12 16:59:22,599] {local_task_job.py:156} INFO - Task exited with return code 0
[2022-06-12 16:59:22,855] {local_task_job.py:273} INFO - 1 downstream tasks scheduled from follow-on schedule check
