[2022-06-12 16:30:28,788] {taskinstance.py:1159} INFO - Dependencies all met for <TaskInstance: ingest_data.get_data_to_ingest_from_local_file_task scheduled__2022-06-12T00:20:00+00:00 [queued]>
[2022-06-12 16:30:28,820] {taskinstance.py:1159} INFO - Dependencies all met for <TaskInstance: ingest_data.get_data_to_ingest_from_local_file_task scheduled__2022-06-12T00:20:00+00:00 [queued]>
[2022-06-12 16:30:28,821] {taskinstance.py:1356} INFO - 
--------------------------------------------------------------------------------
[2022-06-12 16:30:28,822] {taskinstance.py:1357} INFO - Starting attempt 1 of 1
[2022-06-12 16:30:28,823] {taskinstance.py:1358} INFO - 
--------------------------------------------------------------------------------
[2022-06-12 16:30:28,885] {taskinstance.py:1377} INFO - Executing <Task(_PythonDecoratedOperator): get_data_to_ingest_from_local_file_task> on 2022-06-12 00:20:00+00:00
[2022-06-12 16:30:28,891] {standard_task_runner.py:52} INFO - Started process 4041 to run task
[2022-06-12 16:30:28,897] {standard_task_runner.py:79} INFO - Running: ['airflow', 'tasks', 'run', 'ingest_data', 'get_data_to_ingest_from_local_file_task', 'scheduled__2022-06-12T00:20:00+00:00', '--job-id', '433', '--raw', '--subdir', 'DAGS_FOLDER/ingestion_dag.py', '--cfg-path', '/tmp/tmp__zp_8ju', '--error-file', '/tmp/tmpov_ns4ca']
[2022-06-12 16:30:28,898] {standard_task_runner.py:80} INFO - Job 433: Subtask get_data_to_ingest_from_local_file_task
[2022-06-12 16:30:29,048] {task_command.py:370} INFO - Running <TaskInstance: ingest_data.get_data_to_ingest_from_local_file_task scheduled__2022-06-12T00:20:00+00:00 [running]> on host DESKTOP-GDPK8BL.localdomain
[2022-06-12 16:30:29,440] {taskinstance.py:1569} INFO - Exporting the following env vars:
AIRFLOW_CTX_DAG_OWNER=airflow
AIRFLOW_CTX_DAG_ID=ingest_data
AIRFLOW_CTX_TASK_ID=get_data_to_ingest_from_local_file_task
AIRFLOW_CTX_EXECUTION_DATE=2022-06-12T00:20:00+00:00
AIRFLOW_CTX_TRY_NUMBER=1
AIRFLOW_CTX_DAG_RUN_ID=scheduled__2022-06-12T00:20:00+00:00
[2022-06-12 16:30:29,519] {python.py:173} INFO - Done. Returned value was:           AT      V       AP     RH      PE
40631  14.46  53.82  1016.55  68.11  462.60
14400   8.80  41.26  1008.08  96.52  479.74
41345  29.03  67.79  1010.86  54.03  445.03
14898  31.95  70.79  1003.80  55.25  426.37
32992  28.82  71.43  1011.51  58.58  443.68
[2022-06-12 16:30:29,651] {taskinstance.py:1395} INFO - Marking task as SUCCESS. dag_id=ingest_data, task_id=get_data_to_ingest_from_local_file_task, execution_date=20220612T002000, start_date=20220612T143028, end_date=20220612T143029
[2022-06-12 16:30:29,715] {local_task_job.py:156} INFO - Task exited with return code 0
[2022-06-12 16:30:29,922] {local_task_job.py:273} INFO - 1 downstream tasks scheduled from follow-on schedule check
