[2022-06-12 17:38:41,616] {taskinstance.py:1159} INFO - Dependencies all met for <TaskInstance: ingest_data.get_data_to_ingest_from_local_file_task scheduled__2022-06-12T07:02:00+00:00 [queued]>
[2022-06-12 17:38:41,649] {taskinstance.py:1159} INFO - Dependencies all met for <TaskInstance: ingest_data.get_data_to_ingest_from_local_file_task scheduled__2022-06-12T07:02:00+00:00 [queued]>
[2022-06-12 17:38:41,650] {taskinstance.py:1356} INFO - 
--------------------------------------------------------------------------------
[2022-06-12 17:38:41,651] {taskinstance.py:1357} INFO - Starting attempt 1 of 1
[2022-06-12 17:38:41,652] {taskinstance.py:1358} INFO - 
--------------------------------------------------------------------------------
[2022-06-12 17:38:41,707] {taskinstance.py:1377} INFO - Executing <Task(_PythonDecoratedOperator): get_data_to_ingest_from_local_file_task> on 2022-06-12 07:02:00+00:00
[2022-06-12 17:38:41,713] {standard_task_runner.py:52} INFO - Started process 10007 to run task
[2022-06-12 17:38:41,726] {standard_task_runner.py:79} INFO - Running: ['airflow', 'tasks', 'run', 'ingest_data', 'get_data_to_ingest_from_local_file_task', 'scheduled__2022-06-12T07:02:00+00:00', '--job-id', '1237', '--raw', '--subdir', 'DAGS_FOLDER/ingestion_dag.py', '--cfg-path', '/tmp/tmpxe1r5ad0', '--error-file', '/tmp/tmpl0ra1ddh']
[2022-06-12 17:38:41,728] {standard_task_runner.py:80} INFO - Job 1237: Subtask get_data_to_ingest_from_local_file_task
[2022-06-12 17:38:41,891] {task_command.py:370} INFO - Running <TaskInstance: ingest_data.get_data_to_ingest_from_local_file_task scheduled__2022-06-12T07:02:00+00:00 [running]> on host DESKTOP-GDPK8BL.localdomain
[2022-06-12 17:38:42,348] {taskinstance.py:1569} INFO - Exporting the following env vars:
AIRFLOW_CTX_DAG_OWNER=airflow
AIRFLOW_CTX_DAG_ID=ingest_data
AIRFLOW_CTX_TASK_ID=get_data_to_ingest_from_local_file_task
AIRFLOW_CTX_EXECUTION_DATE=2022-06-12T07:02:00+00:00
AIRFLOW_CTX_TRY_NUMBER=1
AIRFLOW_CTX_DAG_RUN_ID=scheduled__2022-06-12T07:02:00+00:00
[2022-06-12 17:38:42,418] {python.py:173} INFO - Done. Returned value was:           AT      V       AP     RH      PE
34425  27.68  69.34  1008.28  70.90  436.37
5223   10.59  41.26  1008.10  98.27  474.76
5996   19.44  60.07  1014.80  69.06  452.89
40186  13.68  44.47  1027.81  69.53  469.37
37728   6.99  35.19  1019.32  68.95  480.05
[2022-06-12 17:38:42,584] {taskinstance.py:1395} INFO - Marking task as SUCCESS. dag_id=ingest_data, task_id=get_data_to_ingest_from_local_file_task, execution_date=20220612T070200, start_date=20220612T153841, end_date=20220612T153842
[2022-06-12 17:38:42,662] {local_task_job.py:156} INFO - Task exited with return code 0
[2022-06-12 17:38:42,893] {local_task_job.py:273} INFO - 1 downstream tasks scheduled from follow-on schedule check
