[2022-06-12 17:25:23,592] {taskinstance.py:1159} INFO - Dependencies all met for <TaskInstance: ingest_data.get_data_to_ingest_from_local_file_task scheduled__2022-06-12T05:36:00+00:00 [queued]>
[2022-06-12 17:25:23,626] {taskinstance.py:1159} INFO - Dependencies all met for <TaskInstance: ingest_data.get_data_to_ingest_from_local_file_task scheduled__2022-06-12T05:36:00+00:00 [queued]>
[2022-06-12 17:25:23,627] {taskinstance.py:1356} INFO - 
--------------------------------------------------------------------------------
[2022-06-12 17:25:23,627] {taskinstance.py:1357} INFO - Starting attempt 1 of 1
[2022-06-12 17:25:23,628] {taskinstance.py:1358} INFO - 
--------------------------------------------------------------------------------
[2022-06-12 17:25:23,703] {taskinstance.py:1377} INFO - Executing <Task(_PythonDecoratedOperator): get_data_to_ingest_from_local_file_task> on 2022-06-12 05:36:00+00:00
[2022-06-12 17:25:23,712] {standard_task_runner.py:52} INFO - Started process 8745 to run task
[2022-06-12 17:25:23,719] {standard_task_runner.py:79} INFO - Running: ['airflow', 'tasks', 'run', 'ingest_data', 'get_data_to_ingest_from_local_file_task', 'scheduled__2022-06-12T05:36:00+00:00', '--job-id', '1066', '--raw', '--subdir', 'DAGS_FOLDER/ingestion_dag.py', '--cfg-path', '/tmp/tmpeyzbeikv', '--error-file', '/tmp/tmp1i1wf60w']
[2022-06-12 17:25:23,721] {standard_task_runner.py:80} INFO - Job 1066: Subtask get_data_to_ingest_from_local_file_task
[2022-06-12 17:25:23,882] {task_command.py:370} INFO - Running <TaskInstance: ingest_data.get_data_to_ingest_from_local_file_task scheduled__2022-06-12T05:36:00+00:00 [running]> on host DESKTOP-GDPK8BL.localdomain
[2022-06-12 17:25:24,322] {taskinstance.py:1569} INFO - Exporting the following env vars:
AIRFLOW_CTX_DAG_OWNER=airflow
AIRFLOW_CTX_DAG_ID=ingest_data
AIRFLOW_CTX_TASK_ID=get_data_to_ingest_from_local_file_task
AIRFLOW_CTX_EXECUTION_DATE=2022-06-12T05:36:00+00:00
AIRFLOW_CTX_TRY_NUMBER=1
AIRFLOW_CTX_DAG_RUN_ID=scheduled__2022-06-12T05:36:00+00:00
[2022-06-12 17:25:24,407] {python.py:173} INFO - Done. Returned value was:           AT      V       AP     RH      PE
20379   6.26  41.31  1002.04  87.54  485.57
8526   14.48  40.83  1009.42  81.74  469.64
20558  22.20  57.17  1009.82  78.43  447.75
35046  28.08  64.44  1013.02  64.34  440.26
14303  14.08  40.73  1017.52  91.49  461.58
[2022-06-12 17:25:24,570] {taskinstance.py:1395} INFO - Marking task as SUCCESS. dag_id=ingest_data, task_id=get_data_to_ingest_from_local_file_task, execution_date=20220612T053600, start_date=20220612T152523, end_date=20220612T152524
[2022-06-12 17:25:24,659] {local_task_job.py:156} INFO - Task exited with return code 0
[2022-06-12 17:25:24,892] {local_task_job.py:273} INFO - 1 downstream tasks scheduled from follow-on schedule check
