[2022-06-12 16:23:23,661] {taskinstance.py:1159} INFO - Dependencies all met for <TaskInstance: ingest_data.save_data_task scheduled__2022-06-11T23:35:00+00:00 [queued]>
[2022-06-12 16:23:23,703] {taskinstance.py:1159} INFO - Dependencies all met for <TaskInstance: ingest_data.save_data_task scheduled__2022-06-11T23:35:00+00:00 [queued]>
[2022-06-12 16:23:23,705] {taskinstance.py:1356} INFO - 
--------------------------------------------------------------------------------
[2022-06-12 16:23:23,707] {taskinstance.py:1357} INFO - Starting attempt 1 of 1
[2022-06-12 16:23:23,708] {taskinstance.py:1358} INFO - 
--------------------------------------------------------------------------------
[2022-06-12 16:23:23,847] {taskinstance.py:1377} INFO - Executing <Task(_PythonDecoratedOperator): save_data_task> on 2022-06-11 23:35:00+00:00
[2022-06-12 16:23:23,855] {standard_task_runner.py:52} INFO - Started process 3387 to run task
[2022-06-12 16:23:23,862] {standard_task_runner.py:79} INFO - Running: ['airflow', 'tasks', 'run', 'ingest_data', 'save_data_task', 'scheduled__2022-06-11T23:35:00+00:00', '--job-id', '345', '--raw', '--subdir', 'DAGS_FOLDER/ingestion_dag.py', '--cfg-path', '/tmp/tmphch245o2', '--error-file', '/tmp/tmp1dwu93n7']
[2022-06-12 16:23:23,888] {standard_task_runner.py:80} INFO - Job 345: Subtask save_data_task
[2022-06-12 16:23:24,153] {task_command.py:370} INFO - Running <TaskInstance: ingest_data.save_data_task scheduled__2022-06-11T23:35:00+00:00 [running]> on host DESKTOP-GDPK8BL.localdomain
[2022-06-12 16:23:25,004] {taskinstance.py:1569} INFO - Exporting the following env vars:
AIRFLOW_CTX_DAG_OWNER=airflow
AIRFLOW_CTX_DAG_ID=ingest_data
AIRFLOW_CTX_TASK_ID=save_data_task
AIRFLOW_CTX_EXECUTION_DATE=2022-06-11T23:35:00+00:00
AIRFLOW_CTX_TRY_NUMBER=1
AIRFLOW_CTX_DAG_RUN_ID=scheduled__2022-06-11T23:35:00+00:00
[2022-06-12 16:23:25,037] {python.py:173} INFO - Done. Returned value was: None
[2022-06-12 16:23:25,094] {taskinstance.py:1395} INFO - Marking task as SUCCESS. dag_id=ingest_data, task_id=save_data_task, execution_date=20220611T233500, start_date=20220612T142323, end_date=20220612T142325
[2022-06-12 16:23:25,214] {local_task_job.py:156} INFO - Task exited with return code 0
[2022-06-12 16:23:25,652] {local_task_job.py:273} INFO - 0 downstream tasks scheduled from follow-on schedule check
