[2022-06-13 13:47:53,620] {taskinstance.py:1159} INFO - Dependencies all met for <TaskInstance: ingest_data.get_data_to_ingest_from_local_file_task scheduled__2022-06-12T21:08:00+00:00 [queued]>
[2022-06-13 13:47:53,653] {taskinstance.py:1159} INFO - Dependencies all met for <TaskInstance: ingest_data.get_data_to_ingest_from_local_file_task scheduled__2022-06-12T21:08:00+00:00 [queued]>
[2022-06-13 13:47:53,654] {taskinstance.py:1356} INFO - 
--------------------------------------------------------------------------------
[2022-06-13 13:47:53,654] {taskinstance.py:1357} INFO - Starting attempt 1 of 1
[2022-06-13 13:47:53,655] {taskinstance.py:1358} INFO - 
--------------------------------------------------------------------------------
[2022-06-13 13:47:53,713] {taskinstance.py:1377} INFO - Executing <Task(_PythonDecoratedOperator): get_data_to_ingest_from_local_file_task> on 2022-06-12 21:08:00+00:00
[2022-06-13 13:47:53,718] {standard_task_runner.py:52} INFO - Started process 338 to run task
[2022-06-13 13:47:53,724] {standard_task_runner.py:79} INFO - Running: ['airflow', 'tasks', 'run', 'ingest_data', 'get_data_to_ingest_from_local_file_task', 'scheduled__2022-06-12T21:08:00+00:00', '--job-id', '1547', '--raw', '--subdir', 'DAGS_FOLDER/ingestion_dag.py', '--cfg-path', '/tmp/tmpt8w0ln85', '--error-file', '/tmp/tmpba8t29ik']
[2022-06-13 13:47:53,725] {standard_task_runner.py:80} INFO - Job 1547: Subtask get_data_to_ingest_from_local_file_task
[2022-06-13 13:47:53,864] {task_command.py:370} INFO - Running <TaskInstance: ingest_data.get_data_to_ingest_from_local_file_task scheduled__2022-06-12T21:08:00+00:00 [running]> on host DESKTOP-GDPK8BL.localdomain
[2022-06-13 13:47:54,293] {taskinstance.py:1569} INFO - Exporting the following env vars:
AIRFLOW_CTX_DAG_OWNER=airflow
AIRFLOW_CTX_DAG_ID=ingest_data
AIRFLOW_CTX_TASK_ID=get_data_to_ingest_from_local_file_task
AIRFLOW_CTX_EXECUTION_DATE=2022-06-12T21:08:00+00:00
AIRFLOW_CTX_TRY_NUMBER=1
AIRFLOW_CTX_DAG_RUN_ID=scheduled__2022-06-12T21:08:00+00:00
[2022-06-13 13:47:54,353] {python.py:173} INFO - Done. Returned value was:           AT      V       AP     RH      PE
45175  29.62  73.18  1012.21  61.60  427.22
29680  26.28  68.14  1005.61  53.17  435.71
38444  12.91  41.16  1011.90  89.19  472.71
778    13.35  41.39  1019.17  72.87  474.19
17990  14.43  38.28  1014.76  79.76  467.12
[2022-06-13 13:47:54,512] {taskinstance.py:1395} INFO - Marking task as SUCCESS. dag_id=ingest_data, task_id=get_data_to_ingest_from_local_file_task, execution_date=20220612T210800, start_date=20220613T114753, end_date=20220613T114754
[2022-06-13 13:47:54,581] {local_task_job.py:156} INFO - Task exited with return code 0
[2022-06-13 13:47:54,761] {local_task_job.py:273} INFO - 1 downstream tasks scheduled from follow-on schedule check
