[2022-06-12 17:22:57,849] {taskinstance.py:1159} INFO - Dependencies all met for <TaskInstance: ingest_data.get_data_to_ingest_from_local_file_task scheduled__2022-06-12T05:21:00+00:00 [queued]>
[2022-06-12 17:22:57,882] {taskinstance.py:1159} INFO - Dependencies all met for <TaskInstance: ingest_data.get_data_to_ingest_from_local_file_task scheduled__2022-06-12T05:21:00+00:00 [queued]>
[2022-06-12 17:22:57,882] {taskinstance.py:1356} INFO - 
--------------------------------------------------------------------------------
[2022-06-12 17:22:57,883] {taskinstance.py:1357} INFO - Starting attempt 1 of 1
[2022-06-12 17:22:57,883] {taskinstance.py:1358} INFO - 
--------------------------------------------------------------------------------
[2022-06-12 17:22:57,947] {taskinstance.py:1377} INFO - Executing <Task(_PythonDecoratedOperator): get_data_to_ingest_from_local_file_task> on 2022-06-12 05:21:00+00:00
[2022-06-12 17:22:57,959] {standard_task_runner.py:52} INFO - Started process 8523 to run task
[2022-06-12 17:22:57,961] {standard_task_runner.py:79} INFO - Running: ['airflow', 'tasks', 'run', 'ingest_data', 'get_data_to_ingest_from_local_file_task', 'scheduled__2022-06-12T05:21:00+00:00', '--job-id', '1036', '--raw', '--subdir', 'DAGS_FOLDER/ingestion_dag.py', '--cfg-path', '/tmp/tmpc9utqlfh', '--error-file', '/tmp/tmpffqtejuz']
[2022-06-12 17:22:57,964] {standard_task_runner.py:80} INFO - Job 1036: Subtask get_data_to_ingest_from_local_file_task
[2022-06-12 17:22:58,123] {task_command.py:370} INFO - Running <TaskInstance: ingest_data.get_data_to_ingest_from_local_file_task scheduled__2022-06-12T05:21:00+00:00 [running]> on host DESKTOP-GDPK8BL.localdomain
[2022-06-12 17:22:58,559] {taskinstance.py:1569} INFO - Exporting the following env vars:
AIRFLOW_CTX_DAG_OWNER=airflow
AIRFLOW_CTX_DAG_ID=ingest_data
AIRFLOW_CTX_TASK_ID=get_data_to_ingest_from_local_file_task
AIRFLOW_CTX_EXECUTION_DATE=2022-06-12T05:21:00+00:00
AIRFLOW_CTX_TRY_NUMBER=1
AIRFLOW_CTX_DAG_RUN_ID=scheduled__2022-06-12T05:21:00+00:00
[2022-06-12 17:22:58,634] {python.py:173} INFO - Done. Returned value was:           AT      V       AP     RH      PE
24866  23.48  65.12  1015.82  60.83  445.66
44275   8.22  41.82  1032.77  71.63  477.86
46304  29.46  71.94  1006.96  62.26  428.54
913    11.44  40.55  1023.37  88.43  477.68
37407  19.55  39.39  1013.55  57.82  464.36
[2022-06-12 17:22:58,785] {taskinstance.py:1395} INFO - Marking task as SUCCESS. dag_id=ingest_data, task_id=get_data_to_ingest_from_local_file_task, execution_date=20220612T052100, start_date=20220612T152257, end_date=20220612T152258
[2022-06-12 17:22:58,873] {local_task_job.py:156} INFO - Task exited with return code 0
[2022-06-12 17:22:59,124] {local_task_job.py:273} INFO - 1 downstream tasks scheduled from follow-on schedule check
