[2022-06-12 14:47:55,375] {taskinstance.py:1159} INFO - Dependencies all met for <TaskInstance: ingest_data.get_data_to_ingest_from_local_file_task scheduled__2022-06-11T21:22:00+00:00 [queued]>
[2022-06-12 14:47:55,405] {taskinstance.py:1159} INFO - Dependencies all met for <TaskInstance: ingest_data.get_data_to_ingest_from_local_file_task scheduled__2022-06-11T21:22:00+00:00 [queued]>
[2022-06-12 14:47:55,406] {taskinstance.py:1356} INFO - 
--------------------------------------------------------------------------------
[2022-06-12 14:47:55,406] {taskinstance.py:1357} INFO - Starting attempt 1 of 1
[2022-06-12 14:47:55,407] {taskinstance.py:1358} INFO - 
--------------------------------------------------------------------------------
[2022-06-12 14:47:55,485] {taskinstance.py:1377} INFO - Executing <Task(_PythonDecoratedOperator): get_data_to_ingest_from_local_file_task> on 2022-06-11 21:22:00+00:00
[2022-06-12 14:47:55,491] {standard_task_runner.py:52} INFO - Started process 1115 to run task
[2022-06-12 14:47:55,501] {standard_task_runner.py:79} INFO - Running: ['airflow', 'tasks', 'run', 'ingest_data', 'get_data_to_ingest_from_local_file_task', 'scheduled__2022-06-11T21:22:00+00:00', '--job-id', '78', '--raw', '--subdir', 'DAGS_FOLDER/ingestion_dag.py', '--cfg-path', '/tmp/tmprp4xxhpz', '--error-file', '/tmp/tmp4cr_kbax']
[2022-06-12 14:47:55,503] {standard_task_runner.py:80} INFO - Job 78: Subtask get_data_to_ingest_from_local_file_task
[2022-06-12 14:47:55,658] {task_command.py:370} INFO - Running <TaskInstance: ingest_data.get_data_to_ingest_from_local_file_task scheduled__2022-06-11T21:22:00+00:00 [running]> on host DESKTOP-GDPK8BL.localdomain
[2022-06-12 14:47:55,948] {taskinstance.py:1569} INFO - Exporting the following env vars:
AIRFLOW_CTX_DAG_OWNER=airflow
AIRFLOW_CTX_DAG_ID=ingest_data
AIRFLOW_CTX_TASK_ID=get_data_to_ingest_from_local_file_task
AIRFLOW_CTX_EXECUTION_DATE=2022-06-11T21:22:00+00:00
AIRFLOW_CTX_TRY_NUMBER=1
AIRFLOW_CTX_DAG_RUN_ID=scheduled__2022-06-11T21:22:00+00:00
[2022-06-12 14:47:56,037] {python.py:173} INFO - Done. Returned value was:           AT      V       AP     RH      PE
24622  13.61  41.74  1021.66  62.83  471.79
28423  26.39  66.49  1012.96  60.35  433.36
38775  16.73  54.30  1017.96  59.44  460.54
24236   6.06  41.17  1019.67  84.70  489.62
21294  25.32  60.37  1006.19  73.94  438.50
[2022-06-12 14:47:56,145] {taskinstance.py:1395} INFO - Marking task as SUCCESS. dag_id=ingest_data, task_id=get_data_to_ingest_from_local_file_task, execution_date=20220611T212200, start_date=20220612T124755, end_date=20220612T124756
[2022-06-12 14:47:56,203] {local_task_job.py:156} INFO - Task exited with return code 0
[2022-06-12 14:47:56,421] {local_task_job.py:273} INFO - 1 downstream tasks scheduled from follow-on schedule check
