[2022-06-12 19:49:31,419] {taskinstance.py:1159} INFO - Dependencies all met for <TaskInstance: ingest_data.get_data_to_ingest_from_local_file_task scheduled__2022-06-12T09:15:00+00:00 [queued]>
[2022-06-12 19:49:31,449] {taskinstance.py:1159} INFO - Dependencies all met for <TaskInstance: ingest_data.get_data_to_ingest_from_local_file_task scheduled__2022-06-12T09:15:00+00:00 [queued]>
[2022-06-12 19:49:31,450] {taskinstance.py:1356} INFO - 
--------------------------------------------------------------------------------
[2022-06-12 19:49:31,450] {taskinstance.py:1357} INFO - Starting attempt 1 of 1
[2022-06-12 19:49:31,451] {taskinstance.py:1358} INFO - 
--------------------------------------------------------------------------------
[2022-06-12 19:49:31,501] {taskinstance.py:1377} INFO - Executing <Task(_PythonDecoratedOperator): get_data_to_ingest_from_local_file_task> on 2022-06-12 09:15:00+00:00
[2022-06-12 19:49:31,507] {standard_task_runner.py:52} INFO - Started process 11976 to run task
[2022-06-12 19:49:31,513] {standard_task_runner.py:79} INFO - Running: ['airflow', 'tasks', 'run', 'ingest_data', 'get_data_to_ingest_from_local_file_task', 'scheduled__2022-06-12T09:15:00+00:00', '--job-id', '1503', '--raw', '--subdir', 'DAGS_FOLDER/ingestion_dag.py', '--cfg-path', '/tmp/tmp7zt4myxh', '--error-file', '/tmp/tmp9sdz6j9_']
[2022-06-12 19:49:31,514] {standard_task_runner.py:80} INFO - Job 1503: Subtask get_data_to_ingest_from_local_file_task
[2022-06-12 19:49:31,657] {task_command.py:370} INFO - Running <TaskInstance: ingest_data.get_data_to_ingest_from_local_file_task scheduled__2022-06-12T09:15:00+00:00 [running]> on host DESKTOP-GDPK8BL.localdomain
[2022-06-12 19:49:32,127] {taskinstance.py:1569} INFO - Exporting the following env vars:
AIRFLOW_CTX_DAG_OWNER=airflow
AIRFLOW_CTX_DAG_ID=ingest_data
AIRFLOW_CTX_TASK_ID=get_data_to_ingest_from_local_file_task
AIRFLOW_CTX_EXECUTION_DATE=2022-06-12T09:15:00+00:00
AIRFLOW_CTX_TRY_NUMBER=1
AIRFLOW_CTX_DAG_RUN_ID=scheduled__2022-06-12T09:15:00+00:00
[2022-06-12 19:49:32,200] {python.py:173} INFO - Done. Returned value was:           AT      V       AP     RH      PE
30696  28.01  44.89  1008.98  48.52  444.76
43447  29.08  67.79  1010.91  55.96  442.78
47793  20.99  50.78  1008.55  75.14  449.07
21589   7.32  39.42  1026.15  76.51  476.12
12727  13.86  44.21  1022.60  83.56  468.30
[2022-06-12 19:49:32,371] {taskinstance.py:1395} INFO - Marking task as SUCCESS. dag_id=ingest_data, task_id=get_data_to_ingest_from_local_file_task, execution_date=20220612T091500, start_date=20220612T174931, end_date=20220612T174932
[2022-06-12 19:49:32,450] {local_task_job.py:156} INFO - Task exited with return code 0
[2022-06-12 19:49:32,661] {local_task_job.py:273} INFO - 1 downstream tasks scheduled from follow-on schedule check
