[2022-06-12 16:47:59,474] {taskinstance.py:1159} INFO - Dependencies all met for <TaskInstance: ingest_data.get_data_to_ingest_from_local_file_task scheduled__2022-06-12T02:01:00+00:00 [queued]>
[2022-06-12 16:47:59,507] {taskinstance.py:1159} INFO - Dependencies all met for <TaskInstance: ingest_data.get_data_to_ingest_from_local_file_task scheduled__2022-06-12T02:01:00+00:00 [queued]>
[2022-06-12 16:47:59,508] {taskinstance.py:1356} INFO - 
--------------------------------------------------------------------------------
[2022-06-12 16:47:59,508] {taskinstance.py:1357} INFO - Starting attempt 1 of 1
[2022-06-12 16:47:59,509] {taskinstance.py:1358} INFO - 
--------------------------------------------------------------------------------
[2022-06-12 16:47:59,575] {taskinstance.py:1377} INFO - Executing <Task(_PythonDecoratedOperator): get_data_to_ingest_from_local_file_task> on 2022-06-12 02:01:00+00:00
[2022-06-12 16:47:59,582] {standard_task_runner.py:52} INFO - Started process 5544 to run task
[2022-06-12 16:47:59,587] {standard_task_runner.py:79} INFO - Running: ['airflow', 'tasks', 'run', 'ingest_data', 'get_data_to_ingest_from_local_file_task', 'scheduled__2022-06-12T02:01:00+00:00', '--job-id', '635', '--raw', '--subdir', 'DAGS_FOLDER/ingestion_dag.py', '--cfg-path', '/tmp/tmpqy1qo4vi', '--error-file', '/tmp/tmpayi3s8tk']
[2022-06-12 16:47:59,588] {standard_task_runner.py:80} INFO - Job 635: Subtask get_data_to_ingest_from_local_file_task
[2022-06-12 16:47:59,737] {task_command.py:370} INFO - Running <TaskInstance: ingest_data.get_data_to_ingest_from_local_file_task scheduled__2022-06-12T02:01:00+00:00 [running]> on host DESKTOP-GDPK8BL.localdomain
[2022-06-12 16:48:00,226] {taskinstance.py:1569} INFO - Exporting the following env vars:
AIRFLOW_CTX_DAG_OWNER=airflow
AIRFLOW_CTX_DAG_ID=ingest_data
AIRFLOW_CTX_TASK_ID=get_data_to_ingest_from_local_file_task
AIRFLOW_CTX_EXECUTION_DATE=2022-06-12T02:01:00+00:00
AIRFLOW_CTX_TRY_NUMBER=1
AIRFLOW_CTX_DAG_RUN_ID=scheduled__2022-06-12T02:01:00+00:00
[2022-06-12 16:48:00,303] {python.py:173} INFO - Done. Returned value was:           AT      V       AP     RH      PE
1546   11.72  41.54  1020.04  66.84  476.12
41608  19.35  64.15  1021.37  68.53  457.74
29567  20.04  49.39  1020.62  78.84  449.63
40338  14.43  41.76  1024.02  83.57  467.33
24366  25.66  61.08  1013.00  71.21  446.05
[2022-06-12 16:48:00,451] {taskinstance.py:1395} INFO - Marking task as SUCCESS. dag_id=ingest_data, task_id=get_data_to_ingest_from_local_file_task, execution_date=20220612T020100, start_date=20220612T144759, end_date=20220612T144800
[2022-06-12 16:48:00,565] {local_task_job.py:156} INFO - Task exited with return code 0
[2022-06-12 16:48:00,873] {local_task_job.py:273} INFO - 1 downstream tasks scheduled from follow-on schedule check
