[2022-06-12 19:44:36,145] {taskinstance.py:1159} INFO - Dependencies all met for <TaskInstance: ingest_data.get_data_to_ingest_from_local_file_task scheduled__2022-06-12T08:44:00+00:00 [queued]>
[2022-06-12 19:44:36,183] {taskinstance.py:1159} INFO - Dependencies all met for <TaskInstance: ingest_data.get_data_to_ingest_from_local_file_task scheduled__2022-06-12T08:44:00+00:00 [queued]>
[2022-06-12 19:44:36,184] {taskinstance.py:1356} INFO - 
--------------------------------------------------------------------------------
[2022-06-12 19:44:36,184] {taskinstance.py:1357} INFO - Starting attempt 1 of 1
[2022-06-12 19:44:36,185] {taskinstance.py:1358} INFO - 
--------------------------------------------------------------------------------
[2022-06-12 19:44:36,253] {taskinstance.py:1377} INFO - Executing <Task(_PythonDecoratedOperator): get_data_to_ingest_from_local_file_task> on 2022-06-12 08:44:00+00:00
[2022-06-12 19:44:36,259] {standard_task_runner.py:52} INFO - Started process 11518 to run task
[2022-06-12 19:44:36,273] {standard_task_runner.py:79} INFO - Running: ['airflow', 'tasks', 'run', 'ingest_data', 'get_data_to_ingest_from_local_file_task', 'scheduled__2022-06-12T08:44:00+00:00', '--job-id', '1441', '--raw', '--subdir', 'DAGS_FOLDER/ingestion_dag.py', '--cfg-path', '/tmp/tmp42w7ue46', '--error-file', '/tmp/tmpjkxslod7']
[2022-06-12 19:44:36,275] {standard_task_runner.py:80} INFO - Job 1441: Subtask get_data_to_ingest_from_local_file_task
[2022-06-12 19:44:36,418] {task_command.py:370} INFO - Running <TaskInstance: ingest_data.get_data_to_ingest_from_local_file_task scheduled__2022-06-12T08:44:00+00:00 [running]> on host DESKTOP-GDPK8BL.localdomain
[2022-06-12 19:44:36,883] {taskinstance.py:1569} INFO - Exporting the following env vars:
AIRFLOW_CTX_DAG_OWNER=airflow
AIRFLOW_CTX_DAG_ID=ingest_data
AIRFLOW_CTX_TASK_ID=get_data_to_ingest_from_local_file_task
AIRFLOW_CTX_EXECUTION_DATE=2022-06-12T08:44:00+00:00
AIRFLOW_CTX_TRY_NUMBER=1
AIRFLOW_CTX_DAG_RUN_ID=scheduled__2022-06-12T08:44:00+00:00
[2022-06-12 19:44:36,950] {python.py:173} INFO - Done. Returned value was:           AT      V       AP     RH      PE
12100   7.80  43.65  1018.92  60.77  479.78
8685   26.12  75.60  1017.41  72.31  439.68
13685  24.01  65.18  1012.57  76.02  437.27
25837  27.19  64.96  1006.71  73.99  428.79
31373  12.19  44.63  1018.96  80.91  468.91
[2022-06-12 19:44:37,094] {taskinstance.py:1395} INFO - Marking task as SUCCESS. dag_id=ingest_data, task_id=get_data_to_ingest_from_local_file_task, execution_date=20220612T084400, start_date=20220612T174436, end_date=20220612T174437
[2022-06-12 19:44:37,171] {local_task_job.py:156} INFO - Task exited with return code 0
[2022-06-12 19:44:37,389] {local_task_job.py:273} INFO - 1 downstream tasks scheduled from follow-on schedule check
