[2022-06-12 17:07:46,521] {taskinstance.py:1159} INFO - Dependencies all met for <TaskInstance: ingest_data.get_data_to_ingest_from_local_file_task scheduled__2022-06-12T03:53:00+00:00 [queued]>
[2022-06-12 17:07:46,559] {taskinstance.py:1159} INFO - Dependencies all met for <TaskInstance: ingest_data.get_data_to_ingest_from_local_file_task scheduled__2022-06-12T03:53:00+00:00 [queued]>
[2022-06-12 17:07:46,559] {taskinstance.py:1356} INFO - 
--------------------------------------------------------------------------------
[2022-06-12 17:07:46,560] {taskinstance.py:1357} INFO - Starting attempt 1 of 1
[2022-06-12 17:07:46,561] {taskinstance.py:1358} INFO - 
--------------------------------------------------------------------------------
[2022-06-12 17:07:46,632] {taskinstance.py:1377} INFO - Executing <Task(_PythonDecoratedOperator): get_data_to_ingest_from_local_file_task> on 2022-06-12 03:53:00+00:00
[2022-06-12 17:07:46,637] {standard_task_runner.py:52} INFO - Started process 7208 to run task
[2022-06-12 17:07:46,644] {standard_task_runner.py:79} INFO - Running: ['airflow', 'tasks', 'run', 'ingest_data', 'get_data_to_ingest_from_local_file_task', 'scheduled__2022-06-12T03:53:00+00:00', '--job-id', '859', '--raw', '--subdir', 'DAGS_FOLDER/ingestion_dag.py', '--cfg-path', '/tmp/tmpnltnk4rn', '--error-file', '/tmp/tmp4de8g5gd']
[2022-06-12 17:07:46,646] {standard_task_runner.py:80} INFO - Job 859: Subtask get_data_to_ingest_from_local_file_task
[2022-06-12 17:07:46,791] {task_command.py:370} INFO - Running <TaskInstance: ingest_data.get_data_to_ingest_from_local_file_task scheduled__2022-06-12T03:53:00+00:00 [running]> on host DESKTOP-GDPK8BL.localdomain
[2022-06-12 17:07:47,194] {taskinstance.py:1569} INFO - Exporting the following env vars:
AIRFLOW_CTX_DAG_OWNER=airflow
AIRFLOW_CTX_DAG_ID=ingest_data
AIRFLOW_CTX_TASK_ID=get_data_to_ingest_from_local_file_task
AIRFLOW_CTX_EXECUTION_DATE=2022-06-12T03:53:00+00:00
AIRFLOW_CTX_TRY_NUMBER=1
AIRFLOW_CTX_DAG_RUN_ID=scheduled__2022-06-12T03:53:00+00:00
[2022-06-12 17:07:47,275] {python.py:173} INFO - Done. Returned value was:           AT      V       AP     RH      PE
30157  11.75  42.32  1015.28  77.25  470.44
6692    7.67  35.77  1017.55  60.97  480.06
14844   7.97  38.50  1013.84  72.36  487.19
8783   29.10  70.40  1003.97  77.57  430.98
29758  25.09  57.43  1013.20  70.42  446.11
[2022-06-12 17:07:47,426] {taskinstance.py:1395} INFO - Marking task as SUCCESS. dag_id=ingest_data, task_id=get_data_to_ingest_from_local_file_task, execution_date=20220612T035300, start_date=20220612T150746, end_date=20220612T150747
[2022-06-12 17:07:47,502] {local_task_job.py:156} INFO - Task exited with return code 0
[2022-06-12 17:07:47,732] {local_task_job.py:273} INFO - 1 downstream tasks scheduled from follow-on schedule check
