[2022-06-12 17:02:43,693] {taskinstance.py:1159} INFO - Dependencies all met for <TaskInstance: ingest_data.get_data_to_ingest_from_local_file_task scheduled__2022-06-12T03:25:00+00:00 [queued]>
[2022-06-12 17:02:43,723] {taskinstance.py:1159} INFO - Dependencies all met for <TaskInstance: ingest_data.get_data_to_ingest_from_local_file_task scheduled__2022-06-12T03:25:00+00:00 [queued]>
[2022-06-12 17:02:43,724] {taskinstance.py:1356} INFO - 
--------------------------------------------------------------------------------
[2022-06-12 17:02:43,724] {taskinstance.py:1357} INFO - Starting attempt 1 of 1
[2022-06-12 17:02:43,725] {taskinstance.py:1358} INFO - 
--------------------------------------------------------------------------------
[2022-06-12 17:02:43,785] {taskinstance.py:1377} INFO - Executing <Task(_PythonDecoratedOperator): get_data_to_ingest_from_local_file_task> on 2022-06-12 03:25:00+00:00
[2022-06-12 17:02:43,800] {standard_task_runner.py:52} INFO - Started process 6800 to run task
[2022-06-12 17:02:43,798] {standard_task_runner.py:79} INFO - Running: ['airflow', 'tasks', 'run', 'ingest_data', 'get_data_to_ingest_from_local_file_task', 'scheduled__2022-06-12T03:25:00+00:00', '--job-id', '804', '--raw', '--subdir', 'DAGS_FOLDER/ingestion_dag.py', '--cfg-path', '/tmp/tmpcjhcz8s2', '--error-file', '/tmp/tmpn9g5j3h8']
[2022-06-12 17:02:43,806] {standard_task_runner.py:80} INFO - Job 804: Subtask get_data_to_ingest_from_local_file_task
[2022-06-12 17:02:43,949] {task_command.py:370} INFO - Running <TaskInstance: ingest_data.get_data_to_ingest_from_local_file_task scheduled__2022-06-12T03:25:00+00:00 [running]> on host DESKTOP-GDPK8BL.localdomain
[2022-06-12 17:02:44,336] {taskinstance.py:1569} INFO - Exporting the following env vars:
AIRFLOW_CTX_DAG_OWNER=airflow
AIRFLOW_CTX_DAG_ID=ingest_data
AIRFLOW_CTX_TASK_ID=get_data_to_ingest_from_local_file_task
AIRFLOW_CTX_EXECUTION_DATE=2022-06-12T03:25:00+00:00
AIRFLOW_CTX_TRY_NUMBER=1
AIRFLOW_CTX_DAG_RUN_ID=scheduled__2022-06-12T03:25:00+00:00
[2022-06-12 17:02:44,425] {python.py:173} INFO - Done. Returned value was:           AT      V       AP     RH      PE
33082   5.79  38.68  1017.19  70.46  487.40
15119  14.68  41.23   998.43  83.71  469.25
12630  10.20  41.01  1021.39  96.64  468.27
41472  20.70  58.16  1016.73  68.19  453.22
38336  31.92  68.30  1015.58  41.55  430.07
[2022-06-12 17:02:44,574] {taskinstance.py:1395} INFO - Marking task as SUCCESS. dag_id=ingest_data, task_id=get_data_to_ingest_from_local_file_task, execution_date=20220612T032500, start_date=20220612T150243, end_date=20220612T150244
[2022-06-12 17:02:44,663] {local_task_job.py:156} INFO - Task exited with return code 0
[2022-06-12 17:02:44,872] {local_task_job.py:273} INFO - 1 downstream tasks scheduled from follow-on schedule check
