[2022-06-12 14:48:37,154] {taskinstance.py:1159} INFO - Dependencies all met for <TaskInstance: ingest_data.get_data_to_ingest_from_local_file_task scheduled__2022-06-11T21:26:00+00:00 [queued]>
[2022-06-12 14:48:37,245] {taskinstance.py:1159} INFO - Dependencies all met for <TaskInstance: ingest_data.get_data_to_ingest_from_local_file_task scheduled__2022-06-11T21:26:00+00:00 [queued]>
[2022-06-12 14:48:37,246] {taskinstance.py:1356} INFO - 
--------------------------------------------------------------------------------
[2022-06-12 14:48:37,247] {taskinstance.py:1357} INFO - Starting attempt 1 of 1
[2022-06-12 14:48:37,248] {taskinstance.py:1358} INFO - 
--------------------------------------------------------------------------------
[2022-06-12 14:48:37,373] {taskinstance.py:1377} INFO - Executing <Task(_PythonDecoratedOperator): get_data_to_ingest_from_local_file_task> on 2022-06-11 21:26:00+00:00
[2022-06-12 14:48:37,386] {standard_task_runner.py:79} INFO - Running: ['airflow', 'tasks', 'run', 'ingest_data', 'get_data_to_ingest_from_local_file_task', 'scheduled__2022-06-11T21:26:00+00:00', '--job-id', '86', '--raw', '--subdir', 'DAGS_FOLDER/ingestion_dag.py', '--cfg-path', '/tmp/tmpon4phlx8', '--error-file', '/tmp/tmpiqxfy6t_']
[2022-06-12 14:48:37,388] {standard_task_runner.py:80} INFO - Job 86: Subtask get_data_to_ingest_from_local_file_task
[2022-06-12 14:48:37,380] {standard_task_runner.py:52} INFO - Started process 1184 to run task
[2022-06-12 14:48:37,808] {task_command.py:370} INFO - Running <TaskInstance: ingest_data.get_data_to_ingest_from_local_file_task scheduled__2022-06-11T21:26:00+00:00 [running]> on host DESKTOP-GDPK8BL.localdomain
[2022-06-12 14:48:38,325] {taskinstance.py:1569} INFO - Exporting the following env vars:
AIRFLOW_CTX_DAG_OWNER=airflow
AIRFLOW_CTX_DAG_ID=ingest_data
AIRFLOW_CTX_TASK_ID=get_data_to_ingest_from_local_file_task
AIRFLOW_CTX_EXECUTION_DATE=2022-06-11T21:26:00+00:00
AIRFLOW_CTX_TRY_NUMBER=1
AIRFLOW_CTX_DAG_RUN_ID=scheduled__2022-06-11T21:26:00+00:00
[2022-06-12 14:48:38,449] {python.py:173} INFO - Done. Returned value was:           AT      V       AP     RH      PE
19503  26.30  51.43  1012.05  63.62  442.28
35950  21.85  58.33  1013.03  66.39  447.31
47025  25.01  66.56  1009.68  64.94  435.73
11645  14.87  42.18  1015.23  74.41  465.89
43809  26.99  68.12  1011.45  58.48  436.95
[2022-06-12 14:48:38,627] {taskinstance.py:1395} INFO - Marking task as SUCCESS. dag_id=ingest_data, task_id=get_data_to_ingest_from_local_file_task, execution_date=20220611T212600, start_date=20220612T124837, end_date=20220612T124838
[2022-06-12 14:48:38,743] {local_task_job.py:156} INFO - Task exited with return code 0
[2022-06-12 14:48:39,052] {local_task_job.py:273} INFO - 1 downstream tasks scheduled from follow-on schedule check
