[2022-06-12 17:10:20,881] {taskinstance.py:1159} INFO - Dependencies all met for <TaskInstance: ingest_data.get_data_to_ingest_from_local_file_task scheduled__2022-06-12T04:07:00+00:00 [queued]>
[2022-06-12 17:10:20,915] {taskinstance.py:1159} INFO - Dependencies all met for <TaskInstance: ingest_data.get_data_to_ingest_from_local_file_task scheduled__2022-06-12T04:07:00+00:00 [queued]>
[2022-06-12 17:10:20,916] {taskinstance.py:1356} INFO - 
--------------------------------------------------------------------------------
[2022-06-12 17:10:20,917] {taskinstance.py:1357} INFO - Starting attempt 1 of 1
[2022-06-12 17:10:20,918] {taskinstance.py:1358} INFO - 
--------------------------------------------------------------------------------
[2022-06-12 17:10:21,000] {taskinstance.py:1377} INFO - Executing <Task(_PythonDecoratedOperator): get_data_to_ingest_from_local_file_task> on 2022-06-12 04:07:00+00:00
[2022-06-12 17:10:21,006] {standard_task_runner.py:52} INFO - Started process 7424 to run task
[2022-06-12 17:10:21,014] {standard_task_runner.py:79} INFO - Running: ['airflow', 'tasks', 'run', 'ingest_data', 'get_data_to_ingest_from_local_file_task', 'scheduled__2022-06-12T04:07:00+00:00', '--job-id', '888', '--raw', '--subdir', 'DAGS_FOLDER/ingestion_dag.py', '--cfg-path', '/tmp/tmpshpx0h5f', '--error-file', '/tmp/tmpgezp6h6e']
[2022-06-12 17:10:21,016] {standard_task_runner.py:80} INFO - Job 888: Subtask get_data_to_ingest_from_local_file_task
[2022-06-12 17:10:21,164] {task_command.py:370} INFO - Running <TaskInstance: ingest_data.get_data_to_ingest_from_local_file_task scheduled__2022-06-12T04:07:00+00:00 [running]> on host DESKTOP-GDPK8BL.localdomain
[2022-06-12 17:10:21,536] {taskinstance.py:1569} INFO - Exporting the following env vars:
AIRFLOW_CTX_DAG_OWNER=airflow
AIRFLOW_CTX_DAG_ID=ingest_data
AIRFLOW_CTX_TASK_ID=get_data_to_ingest_from_local_file_task
AIRFLOW_CTX_EXECUTION_DATE=2022-06-12T04:07:00+00:00
AIRFLOW_CTX_TRY_NUMBER=1
AIRFLOW_CTX_DAG_RUN_ID=scheduled__2022-06-12T04:07:00+00:00
[2022-06-12 17:10:21,615] {python.py:173} INFO - Done. Returned value was:           AT      V       AP     RH      PE
26883  12.31  37.73  1023.30  63.01  472.08
33870  19.82  57.85  1011.58  97.23  447.36
8795   13.74  38.73  1004.34  82.82  470.06
16089  26.57  73.21  1002.31  92.51  431.68
8567   23.84  49.21  1013.10  44.72  445.44
[2022-06-12 17:10:21,766] {taskinstance.py:1395} INFO - Marking task as SUCCESS. dag_id=ingest_data, task_id=get_data_to_ingest_from_local_file_task, execution_date=20220612T040700, start_date=20220612T151020, end_date=20220612T151021
[2022-06-12 17:10:21,835] {local_task_job.py:156} INFO - Task exited with return code 0
[2022-06-12 17:10:22,095] {local_task_job.py:273} INFO - 1 downstream tasks scheduled from follow-on schedule check
