[2022-06-12 17:16:25,093] {taskinstance.py:1159} INFO - Dependencies all met for <TaskInstance: ingest_data.get_data_to_ingest_from_local_file_task scheduled__2022-06-12T04:42:00+00:00 [queued]>
[2022-06-12 17:16:25,122] {taskinstance.py:1159} INFO - Dependencies all met for <TaskInstance: ingest_data.get_data_to_ingest_from_local_file_task scheduled__2022-06-12T04:42:00+00:00 [queued]>
[2022-06-12 17:16:25,122] {taskinstance.py:1356} INFO - 
--------------------------------------------------------------------------------
[2022-06-12 17:16:25,123] {taskinstance.py:1357} INFO - Starting attempt 1 of 1
[2022-06-12 17:16:25,123] {taskinstance.py:1358} INFO - 
--------------------------------------------------------------------------------
[2022-06-12 17:16:25,211] {taskinstance.py:1377} INFO - Executing <Task(_PythonDecoratedOperator): get_data_to_ingest_from_local_file_task> on 2022-06-12 04:42:00+00:00
[2022-06-12 17:16:25,217] {standard_task_runner.py:52} INFO - Started process 7937 to run task
[2022-06-12 17:16:25,224] {standard_task_runner.py:79} INFO - Running: ['airflow', 'tasks', 'run', 'ingest_data', 'get_data_to_ingest_from_local_file_task', 'scheduled__2022-06-12T04:42:00+00:00', '--job-id', '957', '--raw', '--subdir', 'DAGS_FOLDER/ingestion_dag.py', '--cfg-path', '/tmp/tmp45lzxctp', '--error-file', '/tmp/tmpr75nijog']
[2022-06-12 17:16:25,226] {standard_task_runner.py:80} INFO - Job 957: Subtask get_data_to_ingest_from_local_file_task
[2022-06-12 17:16:25,476] {task_command.py:370} INFO - Running <TaskInstance: ingest_data.get_data_to_ingest_from_local_file_task scheduled__2022-06-12T04:42:00+00:00 [running]> on host DESKTOP-GDPK8BL.localdomain
[2022-06-12 17:16:26,077] {taskinstance.py:1569} INFO - Exporting the following env vars:
AIRFLOW_CTX_DAG_OWNER=airflow
AIRFLOW_CTX_DAG_ID=ingest_data
AIRFLOW_CTX_TASK_ID=get_data_to_ingest_from_local_file_task
AIRFLOW_CTX_EXECUTION_DATE=2022-06-12T04:42:00+00:00
AIRFLOW_CTX_TRY_NUMBER=1
AIRFLOW_CTX_DAG_RUN_ID=scheduled__2022-06-12T04:42:00+00:00
[2022-06-12 17:16:26,157] {python.py:173} INFO - Done. Returned value was:           AT      V       AP     RH      PE
44621  11.81  40.75  1016.13  84.14  477.22
26086  12.42  43.14  1015.88  79.48  471.10
2473   32.53  77.95  1014.76  58.10  434.44
6393   24.20  60.77  1016.92  71.65  439.13
18023  24.88  71.94  1006.85  87.32  433.30
[2022-06-12 17:16:26,367] {taskinstance.py:1395} INFO - Marking task as SUCCESS. dag_id=ingest_data, task_id=get_data_to_ingest_from_local_file_task, execution_date=20220612T044200, start_date=20220612T151625, end_date=20220612T151626
[2022-06-12 17:16:26,486] {local_task_job.py:156} INFO - Task exited with return code 0
[2022-06-12 17:16:26,693] {local_task_job.py:273} INFO - 1 downstream tasks scheduled from follow-on schedule check
