[2022-06-12 19:51:18,623] {taskinstance.py:1159} INFO - Dependencies all met for <TaskInstance: ingest_data.get_data_to_ingest_from_local_file_task scheduled__2022-06-12T09:24:00+00:00 [queued]>
[2022-06-12 19:51:18,666] {taskinstance.py:1159} INFO - Dependencies all met for <TaskInstance: ingest_data.get_data_to_ingest_from_local_file_task scheduled__2022-06-12T09:24:00+00:00 [queued]>
[2022-06-12 19:51:18,666] {taskinstance.py:1356} INFO - 
--------------------------------------------------------------------------------
[2022-06-12 19:51:18,667] {taskinstance.py:1357} INFO - Starting attempt 1 of 1
[2022-06-12 19:51:18,668] {taskinstance.py:1358} INFO - 
--------------------------------------------------------------------------------
[2022-06-12 19:51:18,736] {taskinstance.py:1377} INFO - Executing <Task(_PythonDecoratedOperator): get_data_to_ingest_from_local_file_task> on 2022-06-12 09:24:00+00:00
[2022-06-12 19:51:18,742] {standard_task_runner.py:52} INFO - Started process 12109 to run task
[2022-06-12 19:51:18,749] {standard_task_runner.py:79} INFO - Running: ['airflow', 'tasks', 'run', 'ingest_data', 'get_data_to_ingest_from_local_file_task', 'scheduled__2022-06-12T09:24:00+00:00', '--job-id', '1521', '--raw', '--subdir', 'DAGS_FOLDER/ingestion_dag.py', '--cfg-path', '/tmp/tmphio7m8ih', '--error-file', '/tmp/tmpybtnhewp']
[2022-06-12 19:51:18,751] {standard_task_runner.py:80} INFO - Job 1521: Subtask get_data_to_ingest_from_local_file_task
[2022-06-12 19:51:18,894] {task_command.py:370} INFO - Running <TaskInstance: ingest_data.get_data_to_ingest_from_local_file_task scheduled__2022-06-12T09:24:00+00:00 [running]> on host DESKTOP-GDPK8BL.localdomain
[2022-06-12 19:51:19,429] {taskinstance.py:1569} INFO - Exporting the following env vars:
AIRFLOW_CTX_DAG_OWNER=airflow
AIRFLOW_CTX_DAG_ID=ingest_data
AIRFLOW_CTX_TASK_ID=get_data_to_ingest_from_local_file_task
AIRFLOW_CTX_EXECUTION_DATE=2022-06-12T09:24:00+00:00
AIRFLOW_CTX_TRY_NUMBER=1
AIRFLOW_CTX_DAG_RUN_ID=scheduled__2022-06-12T09:24:00+00:00
[2022-06-12 19:51:19,506] {python.py:173} INFO - Done. Returned value was:           AT      V       AP     RH      PE
24263  26.38  65.12  1016.10  47.57  441.07
19739  16.39  41.96  1011.70  94.85  463.99
38229   8.07  41.17  1019.40  86.43  484.54
32456  31.46  71.29  1008.57  41.79  430.80
15340  28.28  69.48  1008.56  61.30  428.75
[2022-06-12 19:51:19,691] {taskinstance.py:1395} INFO - Marking task as SUCCESS. dag_id=ingest_data, task_id=get_data_to_ingest_from_local_file_task, execution_date=20220612T092400, start_date=20220612T175118, end_date=20220612T175119
[2022-06-12 19:51:19,768] {local_task_job.py:156} INFO - Task exited with return code 0
[2022-06-12 19:51:19,974] {local_task_job.py:273} INFO - 1 downstream tasks scheduled from follow-on schedule check
