[2022-06-12 16:06:05,123] {taskinstance.py:1159} INFO - Dependencies all met for <TaskInstance: ingest_data.get_data_to_ingest_from_local_file_task scheduled__2022-06-11T22:00:00+00:00 [queued]>
[2022-06-12 16:06:05,150] {taskinstance.py:1159} INFO - Dependencies all met for <TaskInstance: ingest_data.get_data_to_ingest_from_local_file_task scheduled__2022-06-11T22:00:00+00:00 [queued]>
[2022-06-12 16:06:05,151] {taskinstance.py:1356} INFO - 
--------------------------------------------------------------------------------
[2022-06-12 16:06:05,151] {taskinstance.py:1357} INFO - Starting attempt 1 of 1
[2022-06-12 16:06:05,152] {taskinstance.py:1358} INFO - 
--------------------------------------------------------------------------------
[2022-06-12 16:06:05,218] {taskinstance.py:1377} INFO - Executing <Task(_PythonDecoratedOperator): get_data_to_ingest_from_local_file_task> on 2022-06-11 22:00:00+00:00
[2022-06-12 16:06:05,224] {standard_task_runner.py:52} INFO - Started process 1764 to run task
[2022-06-12 16:06:05,230] {standard_task_runner.py:79} INFO - Running: ['airflow', 'tasks', 'run', 'ingest_data', 'get_data_to_ingest_from_local_file_task', 'scheduled__2022-06-11T22:00:00+00:00', '--job-id', '154', '--raw', '--subdir', 'DAGS_FOLDER/ingestion_dag.py', '--cfg-path', '/tmp/tmpdjjq8b7i', '--error-file', '/tmp/tmpdgzm07gy']
[2022-06-12 16:06:05,232] {standard_task_runner.py:80} INFO - Job 154: Subtask get_data_to_ingest_from_local_file_task
[2022-06-12 16:06:05,368] {task_command.py:370} INFO - Running <TaskInstance: ingest_data.get_data_to_ingest_from_local_file_task scheduled__2022-06-11T22:00:00+00:00 [running]> on host DESKTOP-GDPK8BL.localdomain
[2022-06-12 16:06:05,694] {taskinstance.py:1569} INFO - Exporting the following env vars:
AIRFLOW_CTX_DAG_OWNER=airflow
AIRFLOW_CTX_DAG_ID=ingest_data
AIRFLOW_CTX_TASK_ID=get_data_to_ingest_from_local_file_task
AIRFLOW_CTX_EXECUTION_DATE=2022-06-11T22:00:00+00:00
AIRFLOW_CTX_TRY_NUMBER=1
AIRFLOW_CTX_DAG_RUN_ID=scheduled__2022-06-11T22:00:00+00:00
[2022-06-12 16:06:05,760] {python.py:173} INFO - Done. Returned value was:           AT      V       AP     RH      PE
37361  26.56  49.02  1007.65  70.78  438.82
21870  32.41  58.90  1003.26  45.33  439.11
10629  15.08  37.85  1009.85  85.90  465.58
36288  29.09  67.07  1005.99  41.39  429.93
20990   8.13  39.96  1026.07  95.84  477.12
[2022-06-12 16:06:05,870] {taskinstance.py:1395} INFO - Marking task as SUCCESS. dag_id=ingest_data, task_id=get_data_to_ingest_from_local_file_task, execution_date=20220611T220000, start_date=20220612T140605, end_date=20220612T140605
[2022-06-12 16:06:05,968] {local_task_job.py:156} INFO - Task exited with return code 0
[2022-06-12 16:06:06,205] {local_task_job.py:273} INFO - 1 downstream tasks scheduled from follow-on schedule check
