[2022-06-12 16:29:29,581] {taskinstance.py:1159} INFO - Dependencies all met for <TaskInstance: ingest_data.get_data_to_ingest_from_local_file_task scheduled__2022-06-12T00:14:00+00:00 [queued]>
[2022-06-12 16:29:29,608] {taskinstance.py:1159} INFO - Dependencies all met for <TaskInstance: ingest_data.get_data_to_ingest_from_local_file_task scheduled__2022-06-12T00:14:00+00:00 [queued]>
[2022-06-12 16:29:29,608] {taskinstance.py:1356} INFO - 
--------------------------------------------------------------------------------
[2022-06-12 16:29:29,609] {taskinstance.py:1357} INFO - Starting attempt 1 of 1
[2022-06-12 16:29:29,610] {taskinstance.py:1358} INFO - 
--------------------------------------------------------------------------------
[2022-06-12 16:29:29,666] {taskinstance.py:1377} INFO - Executing <Task(_PythonDecoratedOperator): get_data_to_ingest_from_local_file_task> on 2022-06-12 00:14:00+00:00
[2022-06-12 16:29:29,672] {standard_task_runner.py:52} INFO - Started process 3951 to run task
[2022-06-12 16:29:29,680] {standard_task_runner.py:79} INFO - Running: ['airflow', 'tasks', 'run', 'ingest_data', 'get_data_to_ingest_from_local_file_task', 'scheduled__2022-06-12T00:14:00+00:00', '--job-id', '421', '--raw', '--subdir', 'DAGS_FOLDER/ingestion_dag.py', '--cfg-path', '/tmp/tmpvb1k2i53', '--error-file', '/tmp/tmpqcjxblhs']
[2022-06-12 16:29:29,681] {standard_task_runner.py:80} INFO - Job 421: Subtask get_data_to_ingest_from_local_file_task
[2022-06-12 16:29:29,834] {task_command.py:370} INFO - Running <TaskInstance: ingest_data.get_data_to_ingest_from_local_file_task scheduled__2022-06-12T00:14:00+00:00 [running]> on host DESKTOP-GDPK8BL.localdomain
[2022-06-12 16:29:30,246] {taskinstance.py:1569} INFO - Exporting the following env vars:
AIRFLOW_CTX_DAG_OWNER=airflow
AIRFLOW_CTX_DAG_ID=ingest_data
AIRFLOW_CTX_TASK_ID=get_data_to_ingest_from_local_file_task
AIRFLOW_CTX_EXECUTION_DATE=2022-06-12T00:14:00+00:00
AIRFLOW_CTX_TRY_NUMBER=1
AIRFLOW_CTX_DAG_RUN_ID=scheduled__2022-06-12T00:14:00+00:00
[2022-06-12 16:29:30,322] {python.py:173} INFO - Done. Returned value was:           AT      V       AP     RH      PE
38891  29.23  68.14  1004.31  81.46  428.87
24776  10.11  52.75  1021.79  76.08  470.35
28096  14.98  43.99  1022.66  83.34  462.32
27844  17.28  65.94  1013.62  89.97  454.76
40572  21.81  60.27  1015.93  91.38  441.85
[2022-06-12 16:29:30,461] {taskinstance.py:1395} INFO - Marking task as SUCCESS. dag_id=ingest_data, task_id=get_data_to_ingest_from_local_file_task, execution_date=20220612T001400, start_date=20220612T142929, end_date=20220612T142930
[2022-06-12 16:29:30,540] {local_task_job.py:156} INFO - Task exited with return code 0
[2022-06-12 16:29:30,773] {local_task_job.py:273} INFO - 1 downstream tasks scheduled from follow-on schedule check
