[2022-06-13 13:48:20,649] {taskinstance.py:1159} INFO - Dependencies all met for <TaskInstance: ingest_data.get_data_to_ingest_from_local_file_task scheduled__2022-06-12T21:10:00+00:00 [queued]>
[2022-06-13 13:48:20,718] {taskinstance.py:1159} INFO - Dependencies all met for <TaskInstance: ingest_data.get_data_to_ingest_from_local_file_task scheduled__2022-06-12T21:10:00+00:00 [queued]>
[2022-06-13 13:48:20,719] {taskinstance.py:1356} INFO - 
--------------------------------------------------------------------------------
[2022-06-13 13:48:20,720] {taskinstance.py:1357} INFO - Starting attempt 1 of 1
[2022-06-13 13:48:20,721] {taskinstance.py:1358} INFO - 
--------------------------------------------------------------------------------
[2022-06-13 13:48:20,825] {taskinstance.py:1377} INFO - Executing <Task(_PythonDecoratedOperator): get_data_to_ingest_from_local_file_task> on 2022-06-12 21:10:00+00:00
[2022-06-13 13:48:20,835] {standard_task_runner.py:52} INFO - Started process 388 to run task
[2022-06-13 13:48:20,849] {standard_task_runner.py:79} INFO - Running: ['airflow', 'tasks', 'run', 'ingest_data', 'get_data_to_ingest_from_local_file_task', 'scheduled__2022-06-12T21:10:00+00:00', '--job-id', '1551', '--raw', '--subdir', 'DAGS_FOLDER/ingestion_dag.py', '--cfg-path', '/tmp/tmpylx4_79v', '--error-file', '/tmp/tmpa6e8ny5_']
[2022-06-13 13:48:20,850] {standard_task_runner.py:80} INFO - Job 1551: Subtask get_data_to_ingest_from_local_file_task
[2022-06-13 13:48:21,100] {task_command.py:370} INFO - Running <TaskInstance: ingest_data.get_data_to_ingest_from_local_file_task scheduled__2022-06-12T21:10:00+00:00 [running]> on host DESKTOP-GDPK8BL.localdomain
[2022-06-13 13:48:21,926] {taskinstance.py:1569} INFO - Exporting the following env vars:
AIRFLOW_CTX_DAG_OWNER=airflow
AIRFLOW_CTX_DAG_ID=ingest_data
AIRFLOW_CTX_TASK_ID=get_data_to_ingest_from_local_file_task
AIRFLOW_CTX_EXECUTION_DATE=2022-06-12T21:10:00+00:00
AIRFLOW_CTX_TRY_NUMBER=1
AIRFLOW_CTX_DAG_RUN_ID=scheduled__2022-06-12T21:10:00+00:00
[2022-06-13 13:48:22,046] {python.py:173} INFO - Done. Returned value was:           AT      V       AP     RH      PE
40023  19.46  42.04  1011.30  60.45  466.24
22603  10.55  41.92  1030.00  91.23  470.95
8684   14.20  52.75  1025.64  61.02  465.48
5748   10.53  41.26  1007.48  98.74  475.96
27580   7.40  41.03  1022.09  74.83  486.81
[2022-06-13 13:48:22,348] {taskinstance.py:1395} INFO - Marking task as SUCCESS. dag_id=ingest_data, task_id=get_data_to_ingest_from_local_file_task, execution_date=20220612T211000, start_date=20220613T114820, end_date=20220613T114822
[2022-06-13 13:48:22,421] {standard_task_runner.py:92} ERROR - Failed to execute job 1551 for task get_data_to_ingest_from_local_file_task ((sqlite3.OperationalError) disk I/O error
[SQL: INSERT INTO log (dttm, dag_id, task_id, map_index, event, execution_date, owner, extra) VALUES (?, ?, ?, ?, ?, ?, ?, ?)]
[parameters: ('2022-06-13 11:48:22.348978', 'ingest_data', 'get_data_to_ingest_from_local_file_task', -1, <TaskInstanceState.SUCCESS: 'success'>, '2022-06-12 21:10:00.000000', 'airflow', None)]
(Background on this error at: http://sqlalche.me/e/14/e3q8); 388)
[2022-06-13 13:48:22,473] {local_task_job.py:156} INFO - Task exited with return code 1
[2022-06-13 13:48:22,544] {taskinstance.py:1395} INFO - Marking task as FAILED. dag_id=ingest_data, task_id=get_data_to_ingest_from_local_file_task, execution_date=20220612T211000, start_date=20220613T114820, end_date=20220613T114822
[2022-06-13 13:48:22,871] {local_task_job.py:273} INFO - 0 downstream tasks scheduled from follow-on schedule check
