[2022-06-12 17:13:03,438] {taskinstance.py:1159} INFO - Dependencies all met for <TaskInstance: ingest_data.get_data_to_ingest_from_local_file_task scheduled__2022-06-12T04:23:00+00:00 [queued]>
[2022-06-12 17:13:03,473] {taskinstance.py:1159} INFO - Dependencies all met for <TaskInstance: ingest_data.get_data_to_ingest_from_local_file_task scheduled__2022-06-12T04:23:00+00:00 [queued]>
[2022-06-12 17:13:03,473] {taskinstance.py:1356} INFO - 
--------------------------------------------------------------------------------
[2022-06-12 17:13:03,474] {taskinstance.py:1357} INFO - Starting attempt 1 of 1
[2022-06-12 17:13:03,475] {taskinstance.py:1358} INFO - 
--------------------------------------------------------------------------------
[2022-06-12 17:13:03,548] {taskinstance.py:1377} INFO - Executing <Task(_PythonDecoratedOperator): get_data_to_ingest_from_local_file_task> on 2022-06-12 04:23:00+00:00
[2022-06-12 17:13:03,555] {standard_task_runner.py:52} INFO - Started process 7655 to run task
[2022-06-12 17:13:03,571] {standard_task_runner.py:79} INFO - Running: ['airflow', 'tasks', 'run', 'ingest_data', 'get_data_to_ingest_from_local_file_task', 'scheduled__2022-06-12T04:23:00+00:00', '--job-id', '919', '--raw', '--subdir', 'DAGS_FOLDER/ingestion_dag.py', '--cfg-path', '/tmp/tmpp7gc8ez2', '--error-file', '/tmp/tmp8_oqa5iw']
[2022-06-12 17:13:03,573] {standard_task_runner.py:80} INFO - Job 919: Subtask get_data_to_ingest_from_local_file_task
[2022-06-12 17:13:03,870] {task_command.py:370} INFO - Running <TaskInstance: ingest_data.get_data_to_ingest_from_local_file_task scheduled__2022-06-12T04:23:00+00:00 [running]> on host DESKTOP-GDPK8BL.localdomain
[2022-06-12 17:13:04,466] {taskinstance.py:1569} INFO - Exporting the following env vars:
AIRFLOW_CTX_DAG_OWNER=airflow
AIRFLOW_CTX_DAG_ID=ingest_data
AIRFLOW_CTX_TASK_ID=get_data_to_ingest_from_local_file_task
AIRFLOW_CTX_EXECUTION_DATE=2022-06-12T04:23:00+00:00
AIRFLOW_CTX_TRY_NUMBER=1
AIRFLOW_CTX_DAG_RUN_ID=scheduled__2022-06-12T04:23:00+00:00
[2022-06-12 17:13:04,615] {python.py:173} INFO - Done. Returned value was:           AT      V       AP     RH      PE
26089  17.98  39.63  1005.42  82.12  466.69
21480  25.42  75.60  1017.39  77.63  438.24
6504   15.27  39.54  1010.64  81.91  464.49
3722   13.11  41.44  1015.55  74.45  471.61
3042   23.23  56.89  1012.87  75.43  441.85
[2022-06-12 17:13:04,766] {taskinstance.py:1395} INFO - Marking task as SUCCESS. dag_id=ingest_data, task_id=get_data_to_ingest_from_local_file_task, execution_date=20220612T042300, start_date=20220612T151303, end_date=20220612T151304
[2022-06-12 17:13:04,835] {local_task_job.py:156} INFO - Task exited with return code 0
[2022-06-12 17:13:05,067] {local_task_job.py:273} INFO - 1 downstream tasks scheduled from follow-on schedule check
