[2022-06-12 16:34:02,649] {taskinstance.py:1159} INFO - Dependencies all met for <TaskInstance: ingest_data.get_data_to_ingest_from_local_file_task scheduled__2022-06-12T00:44:00+00:00 [queued]>
[2022-06-12 16:34:02,684] {taskinstance.py:1159} INFO - Dependencies all met for <TaskInstance: ingest_data.get_data_to_ingest_from_local_file_task scheduled__2022-06-12T00:44:00+00:00 [queued]>
[2022-06-12 16:34:02,685] {taskinstance.py:1356} INFO - 
--------------------------------------------------------------------------------
[2022-06-12 16:34:02,686] {taskinstance.py:1357} INFO - Starting attempt 1 of 1
[2022-06-12 16:34:02,686] {taskinstance.py:1358} INFO - 
--------------------------------------------------------------------------------
[2022-06-12 16:34:02,761] {taskinstance.py:1377} INFO - Executing <Task(_PythonDecoratedOperator): get_data_to_ingest_from_local_file_task> on 2022-06-12 00:44:00+00:00
[2022-06-12 16:34:02,768] {standard_task_runner.py:52} INFO - Started process 4395 to run task
[2022-06-12 16:34:02,777] {standard_task_runner.py:79} INFO - Running: ['airflow', 'tasks', 'run', 'ingest_data', 'get_data_to_ingest_from_local_file_task', 'scheduled__2022-06-12T00:44:00+00:00', '--job-id', '481', '--raw', '--subdir', 'DAGS_FOLDER/ingestion_dag.py', '--cfg-path', '/tmp/tmp27ipgkml', '--error-file', '/tmp/tmp4ka_qzqz']
[2022-06-12 16:34:02,779] {standard_task_runner.py:80} INFO - Job 481: Subtask get_data_to_ingest_from_local_file_task
[2022-06-12 16:34:02,955] {task_command.py:370} INFO - Running <TaskInstance: ingest_data.get_data_to_ingest_from_local_file_task scheduled__2022-06-12T00:44:00+00:00 [running]> on host DESKTOP-GDPK8BL.localdomain
[2022-06-12 16:34:03,433] {taskinstance.py:1569} INFO - Exporting the following env vars:
AIRFLOW_CTX_DAG_OWNER=airflow
AIRFLOW_CTX_DAG_ID=ingest_data
AIRFLOW_CTX_TASK_ID=get_data_to_ingest_from_local_file_task
AIRFLOW_CTX_EXECUTION_DATE=2022-06-12T00:44:00+00:00
AIRFLOW_CTX_TRY_NUMBER=1
AIRFLOW_CTX_DAG_RUN_ID=scheduled__2022-06-12T00:44:00+00:00
[2022-06-12 16:34:03,513] {python.py:173} INFO - Done. Returned value was:           AT      V       AP     RH      PE
15793  22.18  62.39  1007.84  85.74  452.31
40139  24.04  51.95  1006.13  73.92  450.07
44862  11.41  41.54  1019.94  66.49  477.89
47041  29.18  68.24  1010.04  68.04  428.52
2558   13.74  45.08  1024.97  84.79  466.79
[2022-06-12 16:34:03,685] {taskinstance.py:1395} INFO - Marking task as SUCCESS. dag_id=ingest_data, task_id=get_data_to_ingest_from_local_file_task, execution_date=20220612T004400, start_date=20220612T143402, end_date=20220612T143403
[2022-06-12 16:34:03,800] {local_task_job.py:156} INFO - Task exited with return code 0
[2022-06-12 16:34:04,059] {local_task_job.py:273} INFO - 1 downstream tasks scheduled from follow-on schedule check
