[2022-06-12 19:50:44,372] {taskinstance.py:1159} INFO - Dependencies all met for <TaskInstance: ingest_data.get_data_to_ingest_from_local_file_task scheduled__2022-06-12T09:21:00+00:00 [queued]>
[2022-06-12 19:50:44,423] {taskinstance.py:1159} INFO - Dependencies all met for <TaskInstance: ingest_data.get_data_to_ingest_from_local_file_task scheduled__2022-06-12T09:21:00+00:00 [queued]>
[2022-06-12 19:50:44,424] {taskinstance.py:1356} INFO - 
--------------------------------------------------------------------------------
[2022-06-12 19:50:44,425] {taskinstance.py:1357} INFO - Starting attempt 1 of 1
[2022-06-12 19:50:44,425] {taskinstance.py:1358} INFO - 
--------------------------------------------------------------------------------
[2022-06-12 19:50:44,485] {taskinstance.py:1377} INFO - Executing <Task(_PythonDecoratedOperator): get_data_to_ingest_from_local_file_task> on 2022-06-12 09:21:00+00:00
[2022-06-12 19:50:44,491] {standard_task_runner.py:52} INFO - Started process 12064 to run task
[2022-06-12 19:50:44,497] {standard_task_runner.py:79} INFO - Running: ['airflow', 'tasks', 'run', 'ingest_data', 'get_data_to_ingest_from_local_file_task', 'scheduled__2022-06-12T09:21:00+00:00', '--job-id', '1515', '--raw', '--subdir', 'DAGS_FOLDER/ingestion_dag.py', '--cfg-path', '/tmp/tmp5rmvlojf', '--error-file', '/tmp/tmpox_hjh5z']
[2022-06-12 19:50:44,499] {standard_task_runner.py:80} INFO - Job 1515: Subtask get_data_to_ingest_from_local_file_task
[2022-06-12 19:50:44,634] {task_command.py:370} INFO - Running <TaskInstance: ingest_data.get_data_to_ingest_from_local_file_task scheduled__2022-06-12T09:21:00+00:00 [running]> on host DESKTOP-GDPK8BL.localdomain
[2022-06-12 19:50:45,106] {taskinstance.py:1569} INFO - Exporting the following env vars:
AIRFLOW_CTX_DAG_OWNER=airflow
AIRFLOW_CTX_DAG_ID=ingest_data
AIRFLOW_CTX_TASK_ID=get_data_to_ingest_from_local_file_task
AIRFLOW_CTX_EXECUTION_DATE=2022-06-12T09:21:00+00:00
AIRFLOW_CTX_TRY_NUMBER=1
AIRFLOW_CTX_DAG_RUN_ID=scheduled__2022-06-12T09:21:00+00:00
[2022-06-12 19:50:45,184] {python.py:173} INFO - Done. Returned value was:           AT      V       AP     RH      PE
15493  32.95  67.90  1005.88  45.15  425.89
15906  31.38  68.27  1006.79  52.79  426.67
16478  26.06  64.05  1012.00  84.05  442.24
11296  10.45  40.00  1019.01  89.01  465.43
44600  23.04  48.06  1014.16  54.99  459.36
[2022-06-12 19:50:45,360] {taskinstance.py:1395} INFO - Marking task as SUCCESS. dag_id=ingest_data, task_id=get_data_to_ingest_from_local_file_task, execution_date=20220612T092100, start_date=20220612T175044, end_date=20220612T175045
[2022-06-12 19:50:45,437] {local_task_job.py:156} INFO - Task exited with return code 0
[2022-06-12 19:50:45,653] {local_task_job.py:273} INFO - 1 downstream tasks scheduled from follow-on schedule check
