[2022-06-12 16:21:02,208] {taskinstance.py:1159} INFO - Dependencies all met for <TaskInstance: ingest_data.get_data_to_ingest_from_local_file_task scheduled__2022-06-11T23:26:00+00:00 [queued]>
[2022-06-12 16:21:02,236] {taskinstance.py:1159} INFO - Dependencies all met for <TaskInstance: ingest_data.get_data_to_ingest_from_local_file_task scheduled__2022-06-11T23:26:00+00:00 [queued]>
[2022-06-12 16:21:02,237] {taskinstance.py:1356} INFO - 
--------------------------------------------------------------------------------
[2022-06-12 16:21:02,238] {taskinstance.py:1357} INFO - Starting attempt 1 of 1
[2022-06-12 16:21:02,238] {taskinstance.py:1358} INFO - 
--------------------------------------------------------------------------------
[2022-06-12 16:21:02,295] {taskinstance.py:1377} INFO - Executing <Task(_PythonDecoratedOperator): get_data_to_ingest_from_local_file_task> on 2022-06-11 23:26:00+00:00
[2022-06-12 16:21:02,302] {standard_task_runner.py:52} INFO - Started process 3226 to run task
[2022-06-12 16:21:02,308] {standard_task_runner.py:79} INFO - Running: ['airflow', 'tasks', 'run', 'ingest_data', 'get_data_to_ingest_from_local_file_task', 'scheduled__2022-06-11T23:26:00+00:00', '--job-id', '326', '--raw', '--subdir', 'DAGS_FOLDER/ingestion_dag.py', '--cfg-path', '/tmp/tmpcovc7q12', '--error-file', '/tmp/tmpx9aw2s53']
[2022-06-12 16:21:02,310] {standard_task_runner.py:80} INFO - Job 326: Subtask get_data_to_ingest_from_local_file_task
[2022-06-12 16:21:02,456] {task_command.py:370} INFO - Running <TaskInstance: ingest_data.get_data_to_ingest_from_local_file_task scheduled__2022-06-11T23:26:00+00:00 [running]> on host DESKTOP-GDPK8BL.localdomain
[2022-06-12 16:21:02,818] {taskinstance.py:1569} INFO - Exporting the following env vars:
AIRFLOW_CTX_DAG_OWNER=airflow
AIRFLOW_CTX_DAG_ID=ingest_data
AIRFLOW_CTX_TASK_ID=get_data_to_ingest_from_local_file_task
AIRFLOW_CTX_EXECUTION_DATE=2022-06-11T23:26:00+00:00
AIRFLOW_CTX_TRY_NUMBER=1
AIRFLOW_CTX_DAG_RUN_ID=scheduled__2022-06-11T23:26:00+00:00
[2022-06-12 16:21:02,888] {python.py:173} INFO - Done. Returned value was:           AT      V       AP      RH      PE
38599  22.61  49.30  1003.51   83.02  441.76
39935   4.84  38.50  1011.96   81.62  491.23
45795  27.21  66.49  1013.57   40.11  439.04
42755  10.73  25.36  1009.35  100.15  469.43
24803  28.83  72.43  1006.69   67.04  428.85
[2022-06-12 16:21:03,004] {taskinstance.py:1395} INFO - Marking task as SUCCESS. dag_id=ingest_data, task_id=get_data_to_ingest_from_local_file_task, execution_date=20220611T232600, start_date=20220612T142102, end_date=20220612T142103
[2022-06-12 16:21:03,086] {local_task_job.py:156} INFO - Task exited with return code 0
[2022-06-12 16:21:03,304] {local_task_job.py:273} INFO - 1 downstream tasks scheduled from follow-on schedule check
