[2022-06-12 16:53:28,803] {taskinstance.py:1159} INFO - Dependencies all met for <TaskInstance: ingest_data.get_data_to_ingest_from_local_file_task scheduled__2022-06-12T02:32:00+00:00 [queued]>
[2022-06-12 16:53:28,833] {taskinstance.py:1159} INFO - Dependencies all met for <TaskInstance: ingest_data.get_data_to_ingest_from_local_file_task scheduled__2022-06-12T02:32:00+00:00 [queued]>
[2022-06-12 16:53:28,834] {taskinstance.py:1356} INFO - 
--------------------------------------------------------------------------------
[2022-06-12 16:53:28,834] {taskinstance.py:1357} INFO - Starting attempt 1 of 1
[2022-06-12 16:53:28,835] {taskinstance.py:1358} INFO - 
--------------------------------------------------------------------------------
[2022-06-12 16:53:28,909] {taskinstance.py:1377} INFO - Executing <Task(_PythonDecoratedOperator): get_data_to_ingest_from_local_file_task> on 2022-06-12 02:32:00+00:00
[2022-06-12 16:53:28,915] {standard_task_runner.py:52} INFO - Started process 6003 to run task
[2022-06-12 16:53:28,921] {standard_task_runner.py:79} INFO - Running: ['airflow', 'tasks', 'run', 'ingest_data', 'get_data_to_ingest_from_local_file_task', 'scheduled__2022-06-12T02:32:00+00:00', '--job-id', '697', '--raw', '--subdir', 'DAGS_FOLDER/ingestion_dag.py', '--cfg-path', '/tmp/tmplwe_ufh2', '--error-file', '/tmp/tmpu6dcs1hd']
[2022-06-12 16:53:28,923] {standard_task_runner.py:80} INFO - Job 697: Subtask get_data_to_ingest_from_local_file_task
[2022-06-12 16:53:29,058] {task_command.py:370} INFO - Running <TaskInstance: ingest_data.get_data_to_ingest_from_local_file_task scheduled__2022-06-12T02:32:00+00:00 [running]> on host DESKTOP-GDPK8BL.localdomain
[2022-06-12 16:53:29,459] {taskinstance.py:1569} INFO - Exporting the following env vars:
AIRFLOW_CTX_DAG_OWNER=airflow
AIRFLOW_CTX_DAG_ID=ingest_data
AIRFLOW_CTX_TASK_ID=get_data_to_ingest_from_local_file_task
AIRFLOW_CTX_EXECUTION_DATE=2022-06-12T02:32:00+00:00
AIRFLOW_CTX_TRY_NUMBER=1
AIRFLOW_CTX_DAG_RUN_ID=scheduled__2022-06-12T02:32:00+00:00
[2022-06-12 16:53:29,531] {python.py:173} INFO - Done. Returned value was:           AT      V       AP     RH      PE
43234  23.75  68.51  1013.21  76.01  441.61
10758  25.04  70.36  1006.56  75.91  436.47
42681  26.90  77.95  1017.47  75.58  434.18
2003   10.67  42.02   996.55  99.94  472.65
5707   25.88  61.47  1007.93  68.71  445.65
[2022-06-12 16:53:29,664] {taskinstance.py:1395} INFO - Marking task as SUCCESS. dag_id=ingest_data, task_id=get_data_to_ingest_from_local_file_task, execution_date=20220612T023200, start_date=20220612T145328, end_date=20220612T145329
[2022-06-12 16:53:29,739] {local_task_job.py:156} INFO - Task exited with return code 0
[2022-06-12 16:53:29,962] {local_task_job.py:273} INFO - 1 downstream tasks scheduled from follow-on schedule check
