[2022-06-12 16:31:30,895] {taskinstance.py:1159} INFO - Dependencies all met for <TaskInstance: ingest_data.get_data_to_ingest_from_local_file_task scheduled__2022-06-12T00:27:00+00:00 [queued]>
[2022-06-12 16:31:30,929] {taskinstance.py:1159} INFO - Dependencies all met for <TaskInstance: ingest_data.get_data_to_ingest_from_local_file_task scheduled__2022-06-12T00:27:00+00:00 [queued]>
[2022-06-12 16:31:30,930] {taskinstance.py:1356} INFO - 
--------------------------------------------------------------------------------
[2022-06-12 16:31:30,932] {taskinstance.py:1357} INFO - Starting attempt 1 of 1
[2022-06-12 16:31:30,933] {taskinstance.py:1358} INFO - 
--------------------------------------------------------------------------------
[2022-06-12 16:31:31,004] {taskinstance.py:1377} INFO - Executing <Task(_PythonDecoratedOperator): get_data_to_ingest_from_local_file_task> on 2022-06-12 00:27:00+00:00
[2022-06-12 16:31:31,011] {standard_task_runner.py:52} INFO - Started process 4143 to run task
[2022-06-12 16:31:31,018] {standard_task_runner.py:79} INFO - Running: ['airflow', 'tasks', 'run', 'ingest_data', 'get_data_to_ingest_from_local_file_task', 'scheduled__2022-06-12T00:27:00+00:00', '--job-id', '447', '--raw', '--subdir', 'DAGS_FOLDER/ingestion_dag.py', '--cfg-path', '/tmp/tmpfb5r9l_3', '--error-file', '/tmp/tmpofi4ol5l']
[2022-06-12 16:31:31,020] {standard_task_runner.py:80} INFO - Job 447: Subtask get_data_to_ingest_from_local_file_task
[2022-06-12 16:31:31,167] {task_command.py:370} INFO - Running <TaskInstance: ingest_data.get_data_to_ingest_from_local_file_task scheduled__2022-06-12T00:27:00+00:00 [running]> on host DESKTOP-GDPK8BL.localdomain
[2022-06-12 16:31:31,533] {taskinstance.py:1569} INFO - Exporting the following env vars:
AIRFLOW_CTX_DAG_OWNER=airflow
AIRFLOW_CTX_DAG_ID=ingest_data
AIRFLOW_CTX_TASK_ID=get_data_to_ingest_from_local_file_task
AIRFLOW_CTX_EXECUTION_DATE=2022-06-12T00:27:00+00:00
AIRFLOW_CTX_TRY_NUMBER=1
AIRFLOW_CTX_DAG_RUN_ID=scheduled__2022-06-12T00:27:00+00:00
[2022-06-12 16:31:31,604] {python.py:173} INFO - Done. Returned value was:           AT      V       AP     RH      PE
39134  14.60  44.84  1023.58  88.21  464.88
29076  25.00  59.43  1007.84  68.91  438.28
21009  29.29  57.19  1008.30  60.11  435.69
22594  31.51  71.97  1007.84  71.18  430.11
34467  12.15  38.78  1013.34  95.05  474.15
[2022-06-12 16:31:31,736] {taskinstance.py:1395} INFO - Marking task as SUCCESS. dag_id=ingest_data, task_id=get_data_to_ingest_from_local_file_task, execution_date=20220612T002700, start_date=20220612T143130, end_date=20220612T143131
[2022-06-12 16:31:31,833] {local_task_job.py:156} INFO - Task exited with return code 0
[2022-06-12 16:31:32,080] {local_task_job.py:273} INFO - 1 downstream tasks scheduled from follow-on schedule check
