[2022-06-12 16:42:36,829] {taskinstance.py:1159} INFO - Dependencies all met for <TaskInstance: ingest_data.get_data_to_ingest_from_local_file_task scheduled__2022-06-12T01:30:00+00:00 [queued]>
[2022-06-12 16:42:36,874] {taskinstance.py:1159} INFO - Dependencies all met for <TaskInstance: ingest_data.get_data_to_ingest_from_local_file_task scheduled__2022-06-12T01:30:00+00:00 [queued]>
[2022-06-12 16:42:36,874] {taskinstance.py:1356} INFO - 
--------------------------------------------------------------------------------
[2022-06-12 16:42:36,875] {taskinstance.py:1357} INFO - Starting attempt 1 of 1
[2022-06-12 16:42:36,876] {taskinstance.py:1358} INFO - 
--------------------------------------------------------------------------------
[2022-06-12 16:42:36,967] {taskinstance.py:1377} INFO - Executing <Task(_PythonDecoratedOperator): get_data_to_ingest_from_local_file_task> on 2022-06-12 01:30:00+00:00
[2022-06-12 16:42:36,973] {standard_task_runner.py:52} INFO - Started process 5090 to run task
[2022-06-12 16:42:36,980] {standard_task_runner.py:79} INFO - Running: ['airflow', 'tasks', 'run', 'ingest_data', 'get_data_to_ingest_from_local_file_task', 'scheduled__2022-06-12T01:30:00+00:00', '--job-id', '574', '--raw', '--subdir', 'DAGS_FOLDER/ingestion_dag.py', '--cfg-path', '/tmp/tmpf1kn4np7', '--error-file', '/tmp/tmp79feap01']
[2022-06-12 16:42:36,991] {standard_task_runner.py:80} INFO - Job 574: Subtask get_data_to_ingest_from_local_file_task
[2022-06-12 16:42:37,160] {task_command.py:370} INFO - Running <TaskInstance: ingest_data.get_data_to_ingest_from_local_file_task scheduled__2022-06-12T01:30:00+00:00 [running]> on host DESKTOP-GDPK8BL.localdomain
[2022-06-12 16:42:37,687] {taskinstance.py:1569} INFO - Exporting the following env vars:
AIRFLOW_CTX_DAG_OWNER=airflow
AIRFLOW_CTX_DAG_ID=ingest_data
AIRFLOW_CTX_TASK_ID=get_data_to_ingest_from_local_file_task
AIRFLOW_CTX_EXECUTION_DATE=2022-06-12T01:30:00+00:00
AIRFLOW_CTX_TRY_NUMBER=1
AIRFLOW_CTX_DAG_RUN_ID=scheduled__2022-06-12T01:30:00+00:00
[2022-06-12 16:42:37,768] {python.py:173} INFO - Done. Returned value was:           AT      V       AP     RH      PE
28811  25.85  70.36  1005.59  78.23  433.06
3220   19.10  56.53  1020.18  76.38  455.52
35095  15.12  43.79  1016.37  75.62  470.11
23313  26.12  68.94  1007.12  67.08  434.11
39861  20.85  59.21  1012.90  75.97  444.44
[2022-06-12 16:42:38,046] {taskinstance.py:1395} INFO - Marking task as SUCCESS. dag_id=ingest_data, task_id=get_data_to_ingest_from_local_file_task, execution_date=20220612T013000, start_date=20220612T144236, end_date=20220612T144238
[2022-06-12 16:42:38,168] {local_task_job.py:156} INFO - Task exited with return code 0
[2022-06-12 16:42:38,736] {local_task_job.py:273} INFO - 1 downstream tasks scheduled from follow-on schedule check
