[2022-06-12 17:16:19,019] {taskinstance.py:1159} INFO - Dependencies all met for <TaskInstance: ingest_data.get_data_to_ingest_from_local_file_task scheduled__2022-06-12T04:41:00+00:00 [queued]>
[2022-06-12 17:16:19,056] {taskinstance.py:1159} INFO - Dependencies all met for <TaskInstance: ingest_data.get_data_to_ingest_from_local_file_task scheduled__2022-06-12T04:41:00+00:00 [queued]>
[2022-06-12 17:16:19,057] {taskinstance.py:1356} INFO - 
--------------------------------------------------------------------------------
[2022-06-12 17:16:19,057] {taskinstance.py:1357} INFO - Starting attempt 1 of 1
[2022-06-12 17:16:19,058] {taskinstance.py:1358} INFO - 
--------------------------------------------------------------------------------
[2022-06-12 17:16:19,123] {taskinstance.py:1377} INFO - Executing <Task(_PythonDecoratedOperator): get_data_to_ingest_from_local_file_task> on 2022-06-12 04:41:00+00:00
[2022-06-12 17:16:19,130] {standard_task_runner.py:52} INFO - Started process 7930 to run task
[2022-06-12 17:16:19,139] {standard_task_runner.py:79} INFO - Running: ['airflow', 'tasks', 'run', 'ingest_data', 'get_data_to_ingest_from_local_file_task', 'scheduled__2022-06-12T04:41:00+00:00', '--job-id', '956', '--raw', '--subdir', 'DAGS_FOLDER/ingestion_dag.py', '--cfg-path', '/tmp/tmppfsiz5c_', '--error-file', '/tmp/tmp68vofbnw']
[2022-06-12 17:16:19,141] {standard_task_runner.py:80} INFO - Job 956: Subtask get_data_to_ingest_from_local_file_task
[2022-06-12 17:16:19,277] {task_command.py:370} INFO - Running <TaskInstance: ingest_data.get_data_to_ingest_from_local_file_task scheduled__2022-06-12T04:41:00+00:00 [running]> on host DESKTOP-GDPK8BL.localdomain
[2022-06-12 17:16:19,727] {taskinstance.py:1569} INFO - Exporting the following env vars:
AIRFLOW_CTX_DAG_OWNER=airflow
AIRFLOW_CTX_DAG_ID=ingest_data
AIRFLOW_CTX_TASK_ID=get_data_to_ingest_from_local_file_task
AIRFLOW_CTX_EXECUTION_DATE=2022-06-12T04:41:00+00:00
AIRFLOW_CTX_TRY_NUMBER=1
AIRFLOW_CTX_DAG_RUN_ID=scheduled__2022-06-12T04:41:00+00:00
[2022-06-12 17:16:19,823] {python.py:173} INFO - Done. Returned value was:           AT      V       AP     RH      PE
2907   32.43  68.31  1010.09  42.22  439.75
20673  10.63  44.20  1018.63  90.26  477.19
43312  20.24  58.41  1013.73  99.59  449.49
17712  18.11  58.95  1016.61  89.17  454.29
47680  12.41  40.96  1023.36  78.96  473.59
[2022-06-12 17:16:20,053] {taskinstance.py:1395} INFO - Marking task as SUCCESS. dag_id=ingest_data, task_id=get_data_to_ingest_from_local_file_task, execution_date=20220612T044100, start_date=20220612T151619, end_date=20220612T151620
[2022-06-12 17:16:20,155] {local_task_job.py:156} INFO - Task exited with return code 0
[2022-06-12 17:16:20,419] {local_task_job.py:273} INFO - 1 downstream tasks scheduled from follow-on schedule check
