[2022-06-12 17:34:21,762] {taskinstance.py:1159} INFO - Dependencies all met for <TaskInstance: ingest_data.get_data_to_ingest_from_local_file_task scheduled__2022-06-12T06:34:00+00:00 [queued]>
[2022-06-12 17:34:21,798] {taskinstance.py:1159} INFO - Dependencies all met for <TaskInstance: ingest_data.get_data_to_ingest_from_local_file_task scheduled__2022-06-12T06:34:00+00:00 [queued]>
[2022-06-12 17:34:21,799] {taskinstance.py:1356} INFO - 
--------------------------------------------------------------------------------
[2022-06-12 17:34:21,800] {taskinstance.py:1357} INFO - Starting attempt 1 of 1
[2022-06-12 17:34:21,800] {taskinstance.py:1358} INFO - 
--------------------------------------------------------------------------------
[2022-06-12 17:34:21,872] {taskinstance.py:1377} INFO - Executing <Task(_PythonDecoratedOperator): get_data_to_ingest_from_local_file_task> on 2022-06-12 06:34:00+00:00
[2022-06-12 17:34:21,885] {standard_task_runner.py:79} INFO - Running: ['airflow', 'tasks', 'run', 'ingest_data', 'get_data_to_ingest_from_local_file_task', 'scheduled__2022-06-12T06:34:00+00:00', '--job-id', '1181', '--raw', '--subdir', 'DAGS_FOLDER/ingestion_dag.py', '--cfg-path', '/tmp/tmp_8j9k1mw', '--error-file', '/tmp/tmpa9a198tx']
[2022-06-12 17:34:21,878] {standard_task_runner.py:52} INFO - Started process 9594 to run task
[2022-06-12 17:34:21,887] {standard_task_runner.py:80} INFO - Job 1181: Subtask get_data_to_ingest_from_local_file_task
[2022-06-12 17:34:22,049] {task_command.py:370} INFO - Running <TaskInstance: ingest_data.get_data_to_ingest_from_local_file_task scheduled__2022-06-12T06:34:00+00:00 [running]> on host DESKTOP-GDPK8BL.localdomain
[2022-06-12 17:34:22,492] {taskinstance.py:1569} INFO - Exporting the following env vars:
AIRFLOW_CTX_DAG_OWNER=airflow
AIRFLOW_CTX_DAG_ID=ingest_data
AIRFLOW_CTX_TASK_ID=get_data_to_ingest_from_local_file_task
AIRFLOW_CTX_EXECUTION_DATE=2022-06-12T06:34:00+00:00
AIRFLOW_CTX_TRY_NUMBER=1
AIRFLOW_CTX_DAG_RUN_ID=scheduled__2022-06-12T06:34:00+00:00
[2022-06-12 17:34:22,566] {python.py:173} INFO - Done. Returned value was:           AT      V       AP     RH      PE
3819   14.74  42.77  1017.71  76.59  463.61
24126  13.76  45.08  1023.77  80.48  469.74
27649  16.84  39.63  1004.67  82.98  466.06
46233  26.67  59.44  1012.01  58.83  441.29
18184  28.16  70.40  1003.77  83.17  434.01
[2022-06-12 17:34:22,733] {taskinstance.py:1395} INFO - Marking task as SUCCESS. dag_id=ingest_data, task_id=get_data_to_ingest_from_local_file_task, execution_date=20220612T063400, start_date=20220612T153421, end_date=20220612T153422
[2022-06-12 17:34:22,831] {local_task_job.py:156} INFO - Task exited with return code 0
[2022-06-12 17:34:23,076] {local_task_job.py:273} INFO - 1 downstream tasks scheduled from follow-on schedule check
