[2022-06-12 16:12:58,925] {taskinstance.py:1159} INFO - Dependencies all met for <TaskInstance: ingest_data.get_data_to_ingest_from_local_file_task scheduled__2022-06-11T22:38:00+00:00 [queued]>
[2022-06-12 16:12:58,955] {taskinstance.py:1159} INFO - Dependencies all met for <TaskInstance: ingest_data.get_data_to_ingest_from_local_file_task scheduled__2022-06-11T22:38:00+00:00 [queued]>
[2022-06-12 16:12:58,956] {taskinstance.py:1356} INFO - 
--------------------------------------------------------------------------------
[2022-06-12 16:12:58,957] {taskinstance.py:1357} INFO - Starting attempt 1 of 1
[2022-06-12 16:12:58,957] {taskinstance.py:1358} INFO - 
--------------------------------------------------------------------------------
[2022-06-12 16:12:59,031] {taskinstance.py:1377} INFO - Executing <Task(_PythonDecoratedOperator): get_data_to_ingest_from_local_file_task> on 2022-06-11 22:38:00+00:00
[2022-06-12 16:12:59,038] {standard_task_runner.py:52} INFO - Started process 2410 to run task
[2022-06-12 16:12:59,045] {standard_task_runner.py:79} INFO - Running: ['airflow', 'tasks', 'run', 'ingest_data', 'get_data_to_ingest_from_local_file_task', 'scheduled__2022-06-11T22:38:00+00:00', '--job-id', '230', '--raw', '--subdir', 'DAGS_FOLDER/ingestion_dag.py', '--cfg-path', '/tmp/tmp2y5a0y21', '--error-file', '/tmp/tmp3kb6q4r8']
[2022-06-12 16:12:59,047] {standard_task_runner.py:80} INFO - Job 230: Subtask get_data_to_ingest_from_local_file_task
[2022-06-12 16:12:59,187] {task_command.py:370} INFO - Running <TaskInstance: ingest_data.get_data_to_ingest_from_local_file_task scheduled__2022-06-11T22:38:00+00:00 [running]> on host DESKTOP-GDPK8BL.localdomain
[2022-06-12 16:12:59,514] {taskinstance.py:1569} INFO - Exporting the following env vars:
AIRFLOW_CTX_DAG_OWNER=airflow
AIRFLOW_CTX_DAG_ID=ingest_data
AIRFLOW_CTX_TASK_ID=get_data_to_ingest_from_local_file_task
AIRFLOW_CTX_EXECUTION_DATE=2022-06-11T22:38:00+00:00
AIRFLOW_CTX_TRY_NUMBER=1
AIRFLOW_CTX_DAG_RUN_ID=scheduled__2022-06-11T22:38:00+00:00
[2022-06-12 16:12:59,583] {python.py:173} INFO - Done. Returned value was:           AT      V       AP     RH      PE
5748   10.53  41.26  1007.48  98.74  475.96
26437  25.06  52.36  1014.70  67.98  454.13
38974  13.76  45.87  1008.89  87.27  463.50
5466   26.71  59.39  1014.24  66.45  439.33
2942   31.90  73.42  1010.82  60.58  432.27
[2022-06-12 16:12:59,692] {taskinstance.py:1395} INFO - Marking task as SUCCESS. dag_id=ingest_data, task_id=get_data_to_ingest_from_local_file_task, execution_date=20220611T223800, start_date=20220612T141258, end_date=20220612T141259
[2022-06-12 16:12:59,782] {local_task_job.py:156} INFO - Task exited with return code 0
[2022-06-12 16:13:00,002] {local_task_job.py:273} INFO - 1 downstream tasks scheduled from follow-on schedule check
