[2022-06-12 19:49:09,218] {taskinstance.py:1159} INFO - Dependencies all met for <TaskInstance: ingest_data.get_data_to_ingest_from_local_file_task scheduled__2022-06-12T09:12:00+00:00 [queued]>
[2022-06-12 19:49:09,247] {taskinstance.py:1159} INFO - Dependencies all met for <TaskInstance: ingest_data.get_data_to_ingest_from_local_file_task scheduled__2022-06-12T09:12:00+00:00 [queued]>
[2022-06-12 19:49:09,247] {taskinstance.py:1356} INFO - 
--------------------------------------------------------------------------------
[2022-06-12 19:49:09,248] {taskinstance.py:1357} INFO - Starting attempt 1 of 1
[2022-06-12 19:49:09,248] {taskinstance.py:1358} INFO - 
--------------------------------------------------------------------------------
[2022-06-12 19:49:09,299] {taskinstance.py:1377} INFO - Executing <Task(_PythonDecoratedOperator): get_data_to_ingest_from_local_file_task> on 2022-06-12 09:12:00+00:00
[2022-06-12 19:49:09,304] {standard_task_runner.py:52} INFO - Started process 11939 to run task
[2022-06-12 19:49:09,310] {standard_task_runner.py:79} INFO - Running: ['airflow', 'tasks', 'run', 'ingest_data', 'get_data_to_ingest_from_local_file_task', 'scheduled__2022-06-12T09:12:00+00:00', '--job-id', '1498', '--raw', '--subdir', 'DAGS_FOLDER/ingestion_dag.py', '--cfg-path', '/tmp/tmpbdy_leuy', '--error-file', '/tmp/tmpch4xfbv7']
[2022-06-12 19:49:09,312] {standard_task_runner.py:80} INFO - Job 1498: Subtask get_data_to_ingest_from_local_file_task
[2022-06-12 19:49:09,473] {task_command.py:370} INFO - Running <TaskInstance: ingest_data.get_data_to_ingest_from_local_file_task scheduled__2022-06-12T09:12:00+00:00 [running]> on host DESKTOP-GDPK8BL.localdomain
[2022-06-12 19:49:09,952] {taskinstance.py:1569} INFO - Exporting the following env vars:
AIRFLOW_CTX_DAG_OWNER=airflow
AIRFLOW_CTX_DAG_ID=ingest_data
AIRFLOW_CTX_TASK_ID=get_data_to_ingest_from_local_file_task
AIRFLOW_CTX_EXECUTION_DATE=2022-06-12T09:12:00+00:00
AIRFLOW_CTX_TRY_NUMBER=1
AIRFLOW_CTX_DAG_RUN_ID=scheduled__2022-06-12T09:12:00+00:00
[2022-06-12 19:49:10,032] {python.py:173} INFO - Done. Returned value was:           AT      V       AP     RH      PE
31940  24.86  65.34  1012.99  60.33  447.25
15728  13.03  39.35  1015.34  79.18  474.02
38660  13.56  42.34  1017.95  93.83  462.60
5438   22.68  58.82  1010.11  82.80  443.86
5097   25.24  68.28  1000.26  78.17  435.90
[2022-06-12 19:49:10,205] {taskinstance.py:1395} INFO - Marking task as SUCCESS. dag_id=ingest_data, task_id=get_data_to_ingest_from_local_file_task, execution_date=20220612T091200, start_date=20220612T174909, end_date=20220612T174910
[2022-06-12 19:49:10,289] {local_task_job.py:156} INFO - Task exited with return code 0
[2022-06-12 19:49:10,493] {local_task_job.py:273} INFO - 1 downstream tasks scheduled from follow-on schedule check
