[2022-06-15 19:12:07,640] {taskinstance.py:1159} INFO - Dependencies all met for <TaskInstance: loan_pred.get_data_to_ingest_from_local_file_task scheduled__2022-06-14T21:09:00+00:00 [queued]>
[2022-06-15 19:12:07,662] {taskinstance.py:1159} INFO - Dependencies all met for <TaskInstance: loan_pred.get_data_to_ingest_from_local_file_task scheduled__2022-06-14T21:09:00+00:00 [queued]>
[2022-06-15 19:12:07,662] {taskinstance.py:1356} INFO - 
--------------------------------------------------------------------------------
[2022-06-15 19:12:07,663] {taskinstance.py:1357} INFO - Starting attempt 1 of 1
[2022-06-15 19:12:07,664] {taskinstance.py:1358} INFO - 
--------------------------------------------------------------------------------
[2022-06-15 19:12:07,720] {taskinstance.py:1377} INFO - Executing <Task(_PythonDecoratedOperator): get_data_to_ingest_from_local_file_task> on 2022-06-14 21:09:00+00:00
[2022-06-15 19:12:07,732] {standard_task_runner.py:79} INFO - Running: ['airflow', 'tasks', 'run', 'loan_pred', 'get_data_to_ingest_from_local_file_task', 'scheduled__2022-06-14T21:09:00+00:00', '--job-id', '1591', '--raw', '--subdir', 'DAGS_FOLDER/loan_pred.py', '--cfg-path', '/tmp/tmpnafl2kwu', '--error-file', '/tmp/tmpi3pwxn2y']
[2022-06-15 19:12:07,734] {standard_task_runner.py:80} INFO - Job 1591: Subtask get_data_to_ingest_from_local_file_task
[2022-06-15 19:12:07,726] {standard_task_runner.py:52} INFO - Started process 402 to run task
[2022-06-15 19:12:07,858] {task_command.py:370} INFO - Running <TaskInstance: loan_pred.get_data_to_ingest_from_local_file_task scheduled__2022-06-14T21:09:00+00:00 [running]> on host DESKTOP-GDPK8BL.localdomain
[2022-06-15 19:12:08,228] {taskinstance.py:1569} INFO - Exporting the following env vars:
AIRFLOW_CTX_DAG_OWNER=airflow
AIRFLOW_CTX_DAG_ID=loan_pred
AIRFLOW_CTX_TASK_ID=get_data_to_ingest_from_local_file_task
AIRFLOW_CTX_EXECUTION_DATE=2022-06-14T21:09:00+00:00
AIRFLOW_CTX_TRY_NUMBER=1
AIRFLOW_CTX_DAG_RUN_ID=scheduled__2022-06-14T21:09:00+00:00
[2022-06-15 19:12:08,245] {python.py:173} INFO - Done. Returned value was:       Loan_ID  Gender Married Dependents  ... LoanAmount Loan_Amount_Term  Credit_History  Property_Area
182  LP002028    Male     Yes          2  ...      110.0            360.0             1.0          Urban
290  LP002599    Male     Yes          0  ...      170.0            360.0             1.0      Semiurban
81   LP001428    Male     Yes         3+  ...      360.0            360.0             1.0          Urban
178  LP002016    Male     Yes          2  ...      143.0            360.0             1.0          Rural
58   LP001323  Female     Yes          2  ...      176.0            360.0             0.0      Semiurban

[5 rows x 12 columns]
[2022-06-15 19:12:08,458] {taskinstance.py:1395} INFO - Marking task as SUCCESS. dag_id=loan_pred, task_id=get_data_to_ingest_from_local_file_task, execution_date=20220614T210900, start_date=20220615T171207, end_date=20220615T171208
[2022-06-15 19:12:08,556] {local_task_job.py:156} INFO - Task exited with return code 0
[2022-06-15 19:12:08,806] {local_task_job.py:273} INFO - 1 downstream tasks scheduled from follow-on schedule check
