[2022-06-15 19:14:17,919] {taskinstance.py:1159} INFO - Dependencies all met for <TaskInstance: loan_pred.get_data_to_ingest_from_local_file_task scheduled__2022-06-14T21:23:00+00:00 [queued]>
[2022-06-15 19:14:17,944] {taskinstance.py:1159} INFO - Dependencies all met for <TaskInstance: loan_pred.get_data_to_ingest_from_local_file_task scheduled__2022-06-14T21:23:00+00:00 [queued]>
[2022-06-15 19:14:17,945] {taskinstance.py:1356} INFO - 
--------------------------------------------------------------------------------
[2022-06-15 19:14:17,945] {taskinstance.py:1357} INFO - Starting attempt 1 of 1
[2022-06-15 19:14:17,946] {taskinstance.py:1358} INFO - 
--------------------------------------------------------------------------------
[2022-06-15 19:14:18,005] {taskinstance.py:1377} INFO - Executing <Task(_PythonDecoratedOperator): get_data_to_ingest_from_local_file_task> on 2022-06-14 21:23:00+00:00
[2022-06-15 19:14:18,009] {standard_task_runner.py:52} INFO - Started process 633 to run task
[2022-06-15 19:14:18,016] {standard_task_runner.py:79} INFO - Running: ['airflow', 'tasks', 'run', 'loan_pred', 'get_data_to_ingest_from_local_file_task', 'scheduled__2022-06-14T21:23:00+00:00', '--job-id', '1619', '--raw', '--subdir', 'DAGS_FOLDER/loan_pred.py', '--cfg-path', '/tmp/tmp5re5neic', '--error-file', '/tmp/tmporiz9vto']
[2022-06-15 19:14:18,017] {standard_task_runner.py:80} INFO - Job 1619: Subtask get_data_to_ingest_from_local_file_task
[2022-06-15 19:14:18,131] {task_command.py:370} INFO - Running <TaskInstance: loan_pred.get_data_to_ingest_from_local_file_task scheduled__2022-06-14T21:23:00+00:00 [running]> on host DESKTOP-GDPK8BL.localdomain
[2022-06-15 19:14:18,491] {taskinstance.py:1569} INFO - Exporting the following env vars:
AIRFLOW_CTX_DAG_OWNER=airflow
AIRFLOW_CTX_DAG_ID=loan_pred
AIRFLOW_CTX_TASK_ID=get_data_to_ingest_from_local_file_task
AIRFLOW_CTX_EXECUTION_DATE=2022-06-14T21:23:00+00:00
AIRFLOW_CTX_TRY_NUMBER=1
AIRFLOW_CTX_DAG_RUN_ID=scheduled__2022-06-14T21:23:00+00:00
[2022-06-15 19:14:18,508] {python.py:173} INFO - Done. Returned value was:       Loan_ID  Gender Married Dependents  ... LoanAmount Loan_Amount_Term  Credit_History  Property_Area
326  LP002803    Male     Yes          1  ...      122.0            360.0             1.0      Semiurban
231  LP002298     NaN      No          0  ...      138.0            360.0             1.0          Urban
339  LP002858  Female      No          0  ...      162.0            360.0             0.0          Rural
9    LP001067    Male      No          0  ...      123.0            360.0             1.0      Semiurban
43   LP001230    Male      No          0  ...      200.0            360.0             1.0      Semiurban

[5 rows x 12 columns]
[2022-06-15 19:14:18,658] {taskinstance.py:1395} INFO - Marking task as SUCCESS. dag_id=loan_pred, task_id=get_data_to_ingest_from_local_file_task, execution_date=20220614T212300, start_date=20220615T171417, end_date=20220615T171418
[2022-06-15 19:14:18,712] {local_task_job.py:156} INFO - Task exited with return code 0
[2022-06-15 19:14:18,900] {local_task_job.py:273} INFO - 1 downstream tasks scheduled from follow-on schedule check
