[2022-06-12 16:46:33,944] {taskinstance.py:1159} INFO - Dependencies all met for <TaskInstance: ingest_data.get_data_to_ingest_from_local_file_task scheduled__2022-06-12T01:53:00+00:00 [queued]>
[2022-06-12 16:46:33,976] {taskinstance.py:1159} INFO - Dependencies all met for <TaskInstance: ingest_data.get_data_to_ingest_from_local_file_task scheduled__2022-06-12T01:53:00+00:00 [queued]>
[2022-06-12 16:46:33,976] {taskinstance.py:1356} INFO - 
--------------------------------------------------------------------------------
[2022-06-12 16:46:33,977] {taskinstance.py:1357} INFO - Starting attempt 1 of 1
[2022-06-12 16:46:33,978] {taskinstance.py:1358} INFO - 
--------------------------------------------------------------------------------
[2022-06-12 16:46:34,036] {taskinstance.py:1377} INFO - Executing <Task(_PythonDecoratedOperator): get_data_to_ingest_from_local_file_task> on 2022-06-12 01:53:00+00:00
[2022-06-12 16:46:34,042] {standard_task_runner.py:52} INFO - Started process 5424 to run task
[2022-06-12 16:46:34,049] {standard_task_runner.py:79} INFO - Running: ['airflow', 'tasks', 'run', 'ingest_data', 'get_data_to_ingest_from_local_file_task', 'scheduled__2022-06-12T01:53:00+00:00', '--job-id', '619', '--raw', '--subdir', 'DAGS_FOLDER/ingestion_dag.py', '--cfg-path', '/tmp/tmpyn0g88ad', '--error-file', '/tmp/tmpri69s9cu']
[2022-06-12 16:46:34,051] {standard_task_runner.py:80} INFO - Job 619: Subtask get_data_to_ingest_from_local_file_task
[2022-06-12 16:46:34,208] {task_command.py:370} INFO - Running <TaskInstance: ingest_data.get_data_to_ingest_from_local_file_task scheduled__2022-06-12T01:53:00+00:00 [running]> on host DESKTOP-GDPK8BL.localdomain
[2022-06-12 16:46:34,618] {taskinstance.py:1569} INFO - Exporting the following env vars:
AIRFLOW_CTX_DAG_OWNER=airflow
AIRFLOW_CTX_DAG_ID=ingest_data
AIRFLOW_CTX_TASK_ID=get_data_to_ingest_from_local_file_task
AIRFLOW_CTX_EXECUTION_DATE=2022-06-12T01:53:00+00:00
AIRFLOW_CTX_TRY_NUMBER=1
AIRFLOW_CTX_DAG_RUN_ID=scheduled__2022-06-12T01:53:00+00:00
[2022-06-12 16:46:34,695] {python.py:173} INFO - Done. Returned value was:           AT      V       AP     RH      PE
28120  14.39  44.85  1014.19  75.16  465.88
22877  23.00  63.78  1015.85  70.46  444.62
13511  13.92  39.85  1012.64  68.03  473.47
39533  13.72  45.01  1014.07  77.00  464.59
32134   3.21  38.44  1016.90  86.34  491.35
[2022-06-12 16:46:34,840] {taskinstance.py:1395} INFO - Marking task as SUCCESS. dag_id=ingest_data, task_id=get_data_to_ingest_from_local_file_task, execution_date=20220612T015300, start_date=20220612T144633, end_date=20220612T144634
[2022-06-12 16:46:34,907] {local_task_job.py:156} INFO - Task exited with return code 0
[2022-06-12 16:46:35,147] {local_task_job.py:273} INFO - 1 downstream tasks scheduled from follow-on schedule check
