[2022-06-12 17:46:05,989] {taskinstance.py:1159} INFO - Dependencies all met for <TaskInstance: ingest_data.get_data_to_ingest_from_local_file_task scheduled__2022-06-12T07:49:00+00:00 [queued]>
[2022-06-12 17:46:06,040] {taskinstance.py:1159} INFO - Dependencies all met for <TaskInstance: ingest_data.get_data_to_ingest_from_local_file_task scheduled__2022-06-12T07:49:00+00:00 [queued]>
[2022-06-12 17:46:06,041] {taskinstance.py:1356} INFO - 
--------------------------------------------------------------------------------
[2022-06-12 17:46:06,043] {taskinstance.py:1357} INFO - Starting attempt 1 of 1
[2022-06-12 17:46:06,045] {taskinstance.py:1358} INFO - 
--------------------------------------------------------------------------------
[2022-06-12 17:46:06,125] {taskinstance.py:1377} INFO - Executing <Task(_PythonDecoratedOperator): get_data_to_ingest_from_local_file_task> on 2022-06-12 07:49:00+00:00
[2022-06-12 17:46:06,135] {standard_task_runner.py:52} INFO - Started process 10701 to run task
[2022-06-12 17:46:06,139] {standard_task_runner.py:79} INFO - Running: ['airflow', 'tasks', 'run', 'ingest_data', 'get_data_to_ingest_from_local_file_task', 'scheduled__2022-06-12T07:49:00+00:00', '--job-id', '1331', '--raw', '--subdir', 'DAGS_FOLDER/ingestion_dag.py', '--cfg-path', '/tmp/tmpp920yjmr', '--error-file', '/tmp/tmprfn3rd3i']
[2022-06-12 17:46:06,141] {standard_task_runner.py:80} INFO - Job 1331: Subtask get_data_to_ingest_from_local_file_task
[2022-06-12 17:46:06,328] {task_command.py:370} INFO - Running <TaskInstance: ingest_data.get_data_to_ingest_from_local_file_task scheduled__2022-06-12T07:49:00+00:00 [running]> on host DESKTOP-GDPK8BL.localdomain
[2022-06-12 17:46:06,922] {taskinstance.py:1569} INFO - Exporting the following env vars:
AIRFLOW_CTX_DAG_OWNER=airflow
AIRFLOW_CTX_DAG_ID=ingest_data
AIRFLOW_CTX_TASK_ID=get_data_to_ingest_from_local_file_task
AIRFLOW_CTX_EXECUTION_DATE=2022-06-12T07:49:00+00:00
AIRFLOW_CTX_TRY_NUMBER=1
AIRFLOW_CTX_DAG_RUN_ID=scheduled__2022-06-12T07:49:00+00:00
[2022-06-12 17:46:07,024] {python.py:173} INFO - Done. Returned value was:           AT      V       AP     RH      PE
16334  17.92  50.66  1012.62  93.00  456.84
30075  23.66  61.86  1013.33  83.09  444.27
12952  20.46  54.20  1011.40  84.00  448.10
11369  28.32  68.12  1011.62  46.75  433.59
17968  23.08  64.44  1014.85  69.95  448.61
[2022-06-12 17:46:07,190] {taskinstance.py:1395} INFO - Marking task as SUCCESS. dag_id=ingest_data, task_id=get_data_to_ingest_from_local_file_task, execution_date=20220612T074900, start_date=20220612T154605, end_date=20220612T154607
[2022-06-12 17:46:07,281] {local_task_job.py:156} INFO - Task exited with return code 0
[2022-06-12 17:46:07,509] {local_task_job.py:273} INFO - 1 downstream tasks scheduled from follow-on schedule check
