[2022-06-12 17:17:46,006] {taskinstance.py:1159} INFO - Dependencies all met for <TaskInstance: ingest_data.get_data_to_ingest_from_local_file_task scheduled__2022-06-12T04:49:00+00:00 [queued]>
[2022-06-12 17:17:46,039] {taskinstance.py:1159} INFO - Dependencies all met for <TaskInstance: ingest_data.get_data_to_ingest_from_local_file_task scheduled__2022-06-12T04:49:00+00:00 [queued]>
[2022-06-12 17:17:46,040] {taskinstance.py:1356} INFO - 
--------------------------------------------------------------------------------
[2022-06-12 17:17:46,041] {taskinstance.py:1357} INFO - Starting attempt 1 of 1
[2022-06-12 17:17:46,042] {taskinstance.py:1358} INFO - 
--------------------------------------------------------------------------------
[2022-06-12 17:17:46,122] {taskinstance.py:1377} INFO - Executing <Task(_PythonDecoratedOperator): get_data_to_ingest_from_local_file_task> on 2022-06-12 04:49:00+00:00
[2022-06-12 17:17:46,135] {standard_task_runner.py:79} INFO - Running: ['airflow', 'tasks', 'run', 'ingest_data', 'get_data_to_ingest_from_local_file_task', 'scheduled__2022-06-12T04:49:00+00:00', '--job-id', '971', '--raw', '--subdir', 'DAGS_FOLDER/ingestion_dag.py', '--cfg-path', '/tmp/tmpizwp326g', '--error-file', '/tmp/tmpkovt6d17']
[2022-06-12 17:17:46,137] {standard_task_runner.py:80} INFO - Job 971: Subtask get_data_to_ingest_from_local_file_task
[2022-06-12 17:17:46,128] {standard_task_runner.py:52} INFO - Started process 8043 to run task
[2022-06-12 17:17:46,280] {task_command.py:370} INFO - Running <TaskInstance: ingest_data.get_data_to_ingest_from_local_file_task scheduled__2022-06-12T04:49:00+00:00 [running]> on host DESKTOP-GDPK8BL.localdomain
[2022-06-12 17:17:46,710] {taskinstance.py:1569} INFO - Exporting the following env vars:
AIRFLOW_CTX_DAG_OWNER=airflow
AIRFLOW_CTX_DAG_ID=ingest_data
AIRFLOW_CTX_TASK_ID=get_data_to_ingest_from_local_file_task
AIRFLOW_CTX_EXECUTION_DATE=2022-06-12T04:49:00+00:00
AIRFLOW_CTX_TRY_NUMBER=1
AIRFLOW_CTX_DAG_RUN_ID=scheduled__2022-06-12T04:49:00+00:00
[2022-06-12 17:17:46,779] {python.py:173} INFO - Done. Returned value was:           AT      V       AP     RH      PE
118    23.94  59.39  1014.32  74.55  438.64
3254   14.85  45.01  1013.12  85.53  460.19
36277  24.98  60.32  1016.39  63.12  446.46
6100   23.55  51.95  1006.00  76.46  449.54
43380  15.36  41.35  1002.40  91.67  465.01
[2022-06-12 17:17:46,961] {taskinstance.py:1395} INFO - Marking task as SUCCESS. dag_id=ingest_data, task_id=get_data_to_ingest_from_local_file_task, execution_date=20220612T044900, start_date=20220612T151746, end_date=20220612T151746
[2022-06-12 17:17:47,079] {local_task_job.py:156} INFO - Task exited with return code 0
[2022-06-12 17:17:47,328] {local_task_job.py:273} INFO - 1 downstream tasks scheduled from follow-on schedule check
