[2022-06-12 17:03:43,071] {taskinstance.py:1159} INFO - Dependencies all met for <TaskInstance: ingest_data.get_data_to_ingest_from_local_file_task scheduled__2022-06-12T03:32:00+00:00 [queued]>
[2022-06-12 17:03:43,105] {taskinstance.py:1159} INFO - Dependencies all met for <TaskInstance: ingest_data.get_data_to_ingest_from_local_file_task scheduled__2022-06-12T03:32:00+00:00 [queued]>
[2022-06-12 17:03:43,106] {taskinstance.py:1356} INFO - 
--------------------------------------------------------------------------------
[2022-06-12 17:03:43,106] {taskinstance.py:1357} INFO - Starting attempt 1 of 1
[2022-06-12 17:03:43,107] {taskinstance.py:1358} INFO - 
--------------------------------------------------------------------------------
[2022-06-12 17:03:43,175] {taskinstance.py:1377} INFO - Executing <Task(_PythonDecoratedOperator): get_data_to_ingest_from_local_file_task> on 2022-06-12 03:32:00+00:00
[2022-06-12 17:03:43,180] {standard_task_runner.py:52} INFO - Started process 6896 to run task
[2022-06-12 17:03:43,187] {standard_task_runner.py:79} INFO - Running: ['airflow', 'tasks', 'run', 'ingest_data', 'get_data_to_ingest_from_local_file_task', 'scheduled__2022-06-12T03:32:00+00:00', '--job-id', '817', '--raw', '--subdir', 'DAGS_FOLDER/ingestion_dag.py', '--cfg-path', '/tmp/tmpscmlpqi0', '--error-file', '/tmp/tmpe52xn4vp']
[2022-06-12 17:03:43,189] {standard_task_runner.py:80} INFO - Job 817: Subtask get_data_to_ingest_from_local_file_task
[2022-06-12 17:03:43,330] {task_command.py:370} INFO - Running <TaskInstance: ingest_data.get_data_to_ingest_from_local_file_task scheduled__2022-06-12T03:32:00+00:00 [running]> on host DESKTOP-GDPK8BL.localdomain
[2022-06-12 17:03:43,761] {taskinstance.py:1569} INFO - Exporting the following env vars:
AIRFLOW_CTX_DAG_OWNER=airflow
AIRFLOW_CTX_DAG_ID=ingest_data
AIRFLOW_CTX_TASK_ID=get_data_to_ingest_from_local_file_task
AIRFLOW_CTX_EXECUTION_DATE=2022-06-12T03:32:00+00:00
AIRFLOW_CTX_TRY_NUMBER=1
AIRFLOW_CTX_DAG_RUN_ID=scheduled__2022-06-12T03:32:00+00:00
[2022-06-12 17:03:43,851] {python.py:173} INFO - Done. Returned value was:           AT      V       AP     RH      PE
17298  26.52  65.06  1013.40  51.78  439.66
1516   22.12  60.77  1018.01  83.87  443.97
10093   9.27  39.64  1010.79  79.56  480.29
38480   6.07  41.14  1027.57  86.98  480.19
29090  24.20  60.95  1014.82  59.42  448.43
[2022-06-12 17:03:44,016] {taskinstance.py:1395} INFO - Marking task as SUCCESS. dag_id=ingest_data, task_id=get_data_to_ingest_from_local_file_task, execution_date=20220612T033200, start_date=20220612T150343, end_date=20220612T150344
[2022-06-12 17:03:44,085] {local_task_job.py:156} INFO - Task exited with return code 0
[2022-06-12 17:03:44,280] {local_task_job.py:273} INFO - 1 downstream tasks scheduled from follow-on schedule check
