[2022-06-12 17:45:15,357] {taskinstance.py:1159} INFO - Dependencies all met for <TaskInstance: ingest_data.get_data_to_ingest_from_local_file_task scheduled__2022-06-12T07:44:00+00:00 [queued]>
[2022-06-12 17:45:15,411] {taskinstance.py:1159} INFO - Dependencies all met for <TaskInstance: ingest_data.get_data_to_ingest_from_local_file_task scheduled__2022-06-12T07:44:00+00:00 [queued]>
[2022-06-12 17:45:15,413] {taskinstance.py:1356} INFO - 
--------------------------------------------------------------------------------
[2022-06-12 17:45:15,414] {taskinstance.py:1357} INFO - Starting attempt 1 of 1
[2022-06-12 17:45:15,419] {taskinstance.py:1358} INFO - 
--------------------------------------------------------------------------------
[2022-06-12 17:45:15,529] {taskinstance.py:1377} INFO - Executing <Task(_PythonDecoratedOperator): get_data_to_ingest_from_local_file_task> on 2022-06-12 07:44:00+00:00
[2022-06-12 17:45:15,535] {standard_task_runner.py:52} INFO - Started process 10626 to run task
[2022-06-12 17:45:15,542] {standard_task_runner.py:79} INFO - Running: ['airflow', 'tasks', 'run', 'ingest_data', 'get_data_to_ingest_from_local_file_task', 'scheduled__2022-06-12T07:44:00+00:00', '--job-id', '1321', '--raw', '--subdir', 'DAGS_FOLDER/ingestion_dag.py', '--cfg-path', '/tmp/tmpl_4b40ne', '--error-file', '/tmp/tmptwsysuym']
[2022-06-12 17:45:15,543] {standard_task_runner.py:80} INFO - Job 1321: Subtask get_data_to_ingest_from_local_file_task
[2022-06-12 17:45:16,108] {task_command.py:370} INFO - Running <TaskInstance: ingest_data.get_data_to_ingest_from_local_file_task scheduled__2022-06-12T07:44:00+00:00 [running]> on host DESKTOP-GDPK8BL.localdomain
[2022-06-12 17:45:16,839] {taskinstance.py:1569} INFO - Exporting the following env vars:
AIRFLOW_CTX_DAG_OWNER=airflow
AIRFLOW_CTX_DAG_ID=ingest_data
AIRFLOW_CTX_TASK_ID=get_data_to_ingest_from_local_file_task
AIRFLOW_CTX_EXECUTION_DATE=2022-06-12T07:44:00+00:00
AIRFLOW_CTX_TRY_NUMBER=1
AIRFLOW_CTX_DAG_RUN_ID=scheduled__2022-06-12T07:44:00+00:00
[2022-06-12 17:45:16,929] {python.py:173} INFO - Done. Returned value was:           AT      V       AP     RH      PE
38141  25.76  63.94  1018.49  42.14  445.78
24568  19.98  60.77  1017.72  90.71  448.46
30873  25.44  63.13  1011.74  77.83  441.91
45373   8.87  41.82  1033.30  74.28  477.97
8573   18.26  58.96  1014.04  69.70  457.43
[2022-06-12 17:45:17,113] {taskinstance.py:1395} INFO - Marking task as SUCCESS. dag_id=ingest_data, task_id=get_data_to_ingest_from_local_file_task, execution_date=20220612T074400, start_date=20220612T154515, end_date=20220612T154517
[2022-06-12 17:45:17,205] {local_task_job.py:156} INFO - Task exited with return code 0
[2022-06-12 17:45:17,487] {local_task_job.py:273} INFO - 1 downstream tasks scheduled from follow-on schedule check
