[2022-06-12 16:05:05,749] {taskinstance.py:1159} INFO - Dependencies all met for <TaskInstance: ingest_data.get_data_to_ingest_from_local_file_task scheduled__2022-06-11T21:54:00+00:00 [queued]>
[2022-06-12 16:05:05,777] {taskinstance.py:1159} INFO - Dependencies all met for <TaskInstance: ingest_data.get_data_to_ingest_from_local_file_task scheduled__2022-06-11T21:54:00+00:00 [queued]>
[2022-06-12 16:05:05,778] {taskinstance.py:1356} INFO - 
--------------------------------------------------------------------------------
[2022-06-12 16:05:05,779] {taskinstance.py:1357} INFO - Starting attempt 1 of 1
[2022-06-12 16:05:05,780] {taskinstance.py:1358} INFO - 
--------------------------------------------------------------------------------
[2022-06-12 16:05:05,833] {taskinstance.py:1377} INFO - Executing <Task(_PythonDecoratedOperator): get_data_to_ingest_from_local_file_task> on 2022-06-11 21:54:00+00:00
[2022-06-12 16:05:05,840] {standard_task_runner.py:52} INFO - Started process 1662 to run task
[2022-06-12 16:05:05,847] {standard_task_runner.py:79} INFO - Running: ['airflow', 'tasks', 'run', 'ingest_data', 'get_data_to_ingest_from_local_file_task', 'scheduled__2022-06-11T21:54:00+00:00', '--job-id', '142', '--raw', '--subdir', 'DAGS_FOLDER/ingestion_dag.py', '--cfg-path', '/tmp/tmp0mygij5e', '--error-file', '/tmp/tmps7ynvioa']
[2022-06-12 16:05:05,852] {standard_task_runner.py:80} INFO - Job 142: Subtask get_data_to_ingest_from_local_file_task
[2022-06-12 16:05:05,996] {task_command.py:370} INFO - Running <TaskInstance: ingest_data.get_data_to_ingest_from_local_file_task scheduled__2022-06-11T21:54:00+00:00 [running]> on host DESKTOP-GDPK8BL.localdomain
[2022-06-12 16:05:06,306] {taskinstance.py:1569} INFO - Exporting the following env vars:
AIRFLOW_CTX_DAG_OWNER=airflow
AIRFLOW_CTX_DAG_ID=ingest_data
AIRFLOW_CTX_TASK_ID=get_data_to_ingest_from_local_file_task
AIRFLOW_CTX_EXECUTION_DATE=2022-06-11T21:54:00+00:00
AIRFLOW_CTX_TRY_NUMBER=1
AIRFLOW_CTX_DAG_RUN_ID=scheduled__2022-06-11T21:54:00+00:00
[2022-06-12 16:05:06,383] {python.py:173} INFO - Done. Returned value was:           AT      V       AP     RH      PE
30338  21.44  50.78  1008.87  87.56  443.30
4336   11.04  45.51  1017.53  83.42  474.45
22444  32.51  69.98  1013.29  54.07  429.66
21141  15.11  45.01  1014.35  65.03  460.91
23588  21.93  58.96  1014.23  58.58  453.42
[2022-06-12 16:05:06,494] {taskinstance.py:1395} INFO - Marking task as SUCCESS. dag_id=ingest_data, task_id=get_data_to_ingest_from_local_file_task, execution_date=20220611T215400, start_date=20220612T140505, end_date=20220612T140506
[2022-06-12 16:05:06,592] {local_task_job.py:156} INFO - Task exited with return code 0
[2022-06-12 16:05:06,852] {local_task_job.py:273} INFO - 1 downstream tasks scheduled from follow-on schedule check
