[2022-06-12 16:53:46,776] {taskinstance.py:1159} INFO - Dependencies all met for <TaskInstance: ingest_data.get_data_to_ingest_from_local_file_task scheduled__2022-06-12T02:34:00+00:00 [queued]>
[2022-06-12 16:53:46,806] {taskinstance.py:1159} INFO - Dependencies all met for <TaskInstance: ingest_data.get_data_to_ingest_from_local_file_task scheduled__2022-06-12T02:34:00+00:00 [queued]>
[2022-06-12 16:53:46,807] {taskinstance.py:1356} INFO - 
--------------------------------------------------------------------------------
[2022-06-12 16:53:46,807] {taskinstance.py:1357} INFO - Starting attempt 1 of 1
[2022-06-12 16:53:46,808] {taskinstance.py:1358} INFO - 
--------------------------------------------------------------------------------
[2022-06-12 16:53:46,869] {taskinstance.py:1377} INFO - Executing <Task(_PythonDecoratedOperator): get_data_to_ingest_from_local_file_task> on 2022-06-12 02:34:00+00:00
[2022-06-12 16:53:46,876] {standard_task_runner.py:52} INFO - Started process 6033 to run task
[2022-06-12 16:53:46,884] {standard_task_runner.py:79} INFO - Running: ['airflow', 'tasks', 'run', 'ingest_data', 'get_data_to_ingest_from_local_file_task', 'scheduled__2022-06-12T02:34:00+00:00', '--job-id', '701', '--raw', '--subdir', 'DAGS_FOLDER/ingestion_dag.py', '--cfg-path', '/tmp/tmp3oz8_aet', '--error-file', '/tmp/tmpgr9yagr9']
[2022-06-12 16:53:46,888] {standard_task_runner.py:80} INFO - Job 701: Subtask get_data_to_ingest_from_local_file_task
[2022-06-12 16:53:47,032] {task_command.py:370} INFO - Running <TaskInstance: ingest_data.get_data_to_ingest_from_local_file_task scheduled__2022-06-12T02:34:00+00:00 [running]> on host DESKTOP-GDPK8BL.localdomain
[2022-06-12 16:53:47,418] {taskinstance.py:1569} INFO - Exporting the following env vars:
AIRFLOW_CTX_DAG_OWNER=airflow
AIRFLOW_CTX_DAG_ID=ingest_data
AIRFLOW_CTX_TASK_ID=get_data_to_ingest_from_local_file_task
AIRFLOW_CTX_EXECUTION_DATE=2022-06-12T02:34:00+00:00
AIRFLOW_CTX_TRY_NUMBER=1
AIRFLOW_CTX_DAG_RUN_ID=scheduled__2022-06-12T02:34:00+00:00
[2022-06-12 16:53:47,491] {python.py:173} INFO - Done. Returned value was:           AT      V       AP     RH      PE
20031   2.71  39.42  1026.66  81.11  489.30
29404  24.80  59.87  1018.79  60.79  441.00
40082  17.28  65.94  1013.62  89.97  454.76
8251   24.78  68.63  1013.96  43.70  448.43
11904  25.57  65.46  1014.81  38.58  444.46
[2022-06-12 16:53:47,632] {taskinstance.py:1395} INFO - Marking task as SUCCESS. dag_id=ingest_data, task_id=get_data_to_ingest_from_local_file_task, execution_date=20220612T023400, start_date=20220612T145346, end_date=20220612T145347
[2022-06-12 16:53:47,707] {local_task_job.py:156} INFO - Task exited with return code 0
[2022-06-12 16:53:47,923] {local_task_job.py:273} INFO - 1 downstream tasks scheduled from follow-on schedule check
