[2022-06-12 17:25:08,628] {taskinstance.py:1159} INFO - Dependencies all met for <TaskInstance: ingest_data.get_data_to_ingest_from_local_file_task scheduled__2022-06-12T05:35:00+00:00 [queued]>
[2022-06-12 17:25:08,687] {taskinstance.py:1159} INFO - Dependencies all met for <TaskInstance: ingest_data.get_data_to_ingest_from_local_file_task scheduled__2022-06-12T05:35:00+00:00 [queued]>
[2022-06-12 17:25:08,688] {taskinstance.py:1356} INFO - 
--------------------------------------------------------------------------------
[2022-06-12 17:25:08,688] {taskinstance.py:1357} INFO - Starting attempt 1 of 1
[2022-06-12 17:25:08,689] {taskinstance.py:1358} INFO - 
--------------------------------------------------------------------------------
[2022-06-12 17:25:08,771] {taskinstance.py:1377} INFO - Executing <Task(_PythonDecoratedOperator): get_data_to_ingest_from_local_file_task> on 2022-06-12 05:35:00+00:00
[2022-06-12 17:25:08,783] {standard_task_runner.py:79} INFO - Running: ['airflow', 'tasks', 'run', 'ingest_data', 'get_data_to_ingest_from_local_file_task', 'scheduled__2022-06-12T05:35:00+00:00', '--job-id', '1063', '--raw', '--subdir', 'DAGS_FOLDER/ingestion_dag.py', '--cfg-path', '/tmp/tmp_75cuiae', '--error-file', '/tmp/tmpbfipnzt0']
[2022-06-12 17:25:08,785] {standard_task_runner.py:80} INFO - Job 1063: Subtask get_data_to_ingest_from_local_file_task
[2022-06-12 17:25:08,777] {standard_task_runner.py:52} INFO - Started process 8723 to run task
[2022-06-12 17:25:08,991] {task_command.py:370} INFO - Running <TaskInstance: ingest_data.get_data_to_ingest_from_local_file_task scheduled__2022-06-12T05:35:00+00:00 [running]> on host DESKTOP-GDPK8BL.localdomain
[2022-06-12 17:25:09,670] {taskinstance.py:1569} INFO - Exporting the following env vars:
AIRFLOW_CTX_DAG_OWNER=airflow
AIRFLOW_CTX_DAG_ID=ingest_data
AIRFLOW_CTX_TASK_ID=get_data_to_ingest_from_local_file_task
AIRFLOW_CTX_EXECUTION_DATE=2022-06-12T05:35:00+00:00
AIRFLOW_CTX_TRY_NUMBER=1
AIRFLOW_CTX_DAG_RUN_ID=scheduled__2022-06-12T05:35:00+00:00
[2022-06-12 17:25:09,764] {python.py:173} INFO - Done. Returned value was:           AT      V       AP     RH      PE
20727  14.64  44.92  1025.54  91.12  462.64
40124   7.90  43.79  1016.14  83.05  485.26
11345  19.69  56.65  1020.79  66.94  457.17
18485  11.58  41.74  1020.41  74.09  478.06
33861  18.10  45.00  1023.05  48.41  465.46
[2022-06-12 17:25:09,893] {taskinstance.py:1395} INFO - Marking task as SUCCESS. dag_id=ingest_data, task_id=get_data_to_ingest_from_local_file_task, execution_date=20220612T053500, start_date=20220612T152508, end_date=20220612T152509
[2022-06-12 17:25:09,976] {local_task_job.py:156} INFO - Task exited with return code 0
[2022-06-12 17:25:10,205] {local_task_job.py:273} INFO - 1 downstream tasks scheduled from follow-on schedule check
