[2022-06-12 16:32:50,409] {taskinstance.py:1159} INFO - Dependencies all met for <TaskInstance: ingest_data.get_data_to_ingest_from_local_file_task scheduled__2022-06-12T00:36:00+00:00 [queued]>
[2022-06-12 16:32:50,434] {taskinstance.py:1159} INFO - Dependencies all met for <TaskInstance: ingest_data.get_data_to_ingest_from_local_file_task scheduled__2022-06-12T00:36:00+00:00 [queued]>
[2022-06-12 16:32:50,435] {taskinstance.py:1356} INFO - 
--------------------------------------------------------------------------------
[2022-06-12 16:32:50,435] {taskinstance.py:1357} INFO - Starting attempt 1 of 1
[2022-06-12 16:32:50,436] {taskinstance.py:1358} INFO - 
--------------------------------------------------------------------------------
[2022-06-12 16:32:50,487] {taskinstance.py:1377} INFO - Executing <Task(_PythonDecoratedOperator): get_data_to_ingest_from_local_file_task> on 2022-06-12 00:36:00+00:00
[2022-06-12 16:32:50,493] {standard_task_runner.py:52} INFO - Started process 4277 to run task
[2022-06-12 16:32:50,498] {standard_task_runner.py:79} INFO - Running: ['airflow', 'tasks', 'run', 'ingest_data', 'get_data_to_ingest_from_local_file_task', 'scheduled__2022-06-12T00:36:00+00:00', '--job-id', '465', '--raw', '--subdir', 'DAGS_FOLDER/ingestion_dag.py', '--cfg-path', '/tmp/tmpjti1bvh1', '--error-file', '/tmp/tmpju4dr0i4']
[2022-06-12 16:32:50,500] {standard_task_runner.py:80} INFO - Job 465: Subtask get_data_to_ingest_from_local_file_task
[2022-06-12 16:32:50,720] {task_command.py:370} INFO - Running <TaskInstance: ingest_data.get_data_to_ingest_from_local_file_task scheduled__2022-06-12T00:36:00+00:00 [running]> on host DESKTOP-GDPK8BL.localdomain
[2022-06-12 16:32:51,129] {taskinstance.py:1569} INFO - Exporting the following env vars:
AIRFLOW_CTX_DAG_OWNER=airflow
AIRFLOW_CTX_DAG_ID=ingest_data
AIRFLOW_CTX_TASK_ID=get_data_to_ingest_from_local_file_task
AIRFLOW_CTX_EXECUTION_DATE=2022-06-12T00:36:00+00:00
AIRFLOW_CTX_TRY_NUMBER=1
AIRFLOW_CTX_DAG_RUN_ID=scheduled__2022-06-12T00:36:00+00:00
[2022-06-12 16:32:51,198] {python.py:173} INFO - Done. Returned value was:           AT      V       AP     RH      PE
12126  28.21  73.06  1008.26  86.29  430.46
37528  14.23  46.18  1017.39  87.29  463.86
29035  16.62  52.05  1011.96  67.81  457.89
44191  22.85  47.43  1008.13  66.36  448.15
42953  13.30  37.90   997.41  91.51  465.61
[2022-06-12 16:32:51,317] {taskinstance.py:1395} INFO - Marking task as SUCCESS. dag_id=ingest_data, task_id=get_data_to_ingest_from_local_file_task, execution_date=20220612T003600, start_date=20220612T143250, end_date=20220612T143251
[2022-06-12 16:32:51,397] {local_task_job.py:156} INFO - Task exited with return code 0
[2022-06-12 16:32:51,616] {local_task_job.py:273} INFO - 1 downstream tasks scheduled from follow-on schedule check
