[2022-06-12 17:20:31,239] {taskinstance.py:1159} INFO - Dependencies all met for <TaskInstance: ingest_data.get_data_to_ingest_from_local_file_task scheduled__2022-06-12T05:06:00+00:00 [queued]>
[2022-06-12 17:20:31,275] {taskinstance.py:1159} INFO - Dependencies all met for <TaskInstance: ingest_data.get_data_to_ingest_from_local_file_task scheduled__2022-06-12T05:06:00+00:00 [queued]>
[2022-06-12 17:20:31,275] {taskinstance.py:1356} INFO - 
--------------------------------------------------------------------------------
[2022-06-12 17:20:31,276] {taskinstance.py:1357} INFO - Starting attempt 1 of 1
[2022-06-12 17:20:31,276] {taskinstance.py:1358} INFO - 
--------------------------------------------------------------------------------
[2022-06-12 17:20:31,355] {taskinstance.py:1377} INFO - Executing <Task(_PythonDecoratedOperator): get_data_to_ingest_from_local_file_task> on 2022-06-12 05:06:00+00:00
[2022-06-12 17:20:31,361] {standard_task_runner.py:52} INFO - Started process 8294 to run task
[2022-06-12 17:20:31,368] {standard_task_runner.py:79} INFO - Running: ['airflow', 'tasks', 'run', 'ingest_data', 'get_data_to_ingest_from_local_file_task', 'scheduled__2022-06-12T05:06:00+00:00', '--job-id', '1005', '--raw', '--subdir', 'DAGS_FOLDER/ingestion_dag.py', '--cfg-path', '/tmp/tmp_tklxhsl', '--error-file', '/tmp/tmpsk8avpsc']
[2022-06-12 17:20:31,382] {standard_task_runner.py:80} INFO - Job 1005: Subtask get_data_to_ingest_from_local_file_task
[2022-06-12 17:20:31,525] {task_command.py:370} INFO - Running <TaskInstance: ingest_data.get_data_to_ingest_from_local_file_task scheduled__2022-06-12T05:06:00+00:00 [running]> on host DESKTOP-GDPK8BL.localdomain
[2022-06-12 17:20:31,950] {taskinstance.py:1569} INFO - Exporting the following env vars:
AIRFLOW_CTX_DAG_OWNER=airflow
AIRFLOW_CTX_DAG_ID=ingest_data
AIRFLOW_CTX_TASK_ID=get_data_to_ingest_from_local_file_task
AIRFLOW_CTX_EXECUTION_DATE=2022-06-12T05:06:00+00:00
AIRFLOW_CTX_TRY_NUMBER=1
AIRFLOW_CTX_DAG_RUN_ID=scheduled__2022-06-12T05:06:00+00:00
[2022-06-12 17:20:32,025] {python.py:173} INFO - Done. Returned value was:           AT      V       AP     RH      PE
712    25.77  62.96  1019.86  58.07  442.83
28986  24.44  59.14  1016.74  71.82  443.50
18214  17.36  39.53  1008.28  68.87  456.57
10879  16.24  41.93  1021.66  44.91  467.69
15241  12.66  40.35  1011.37  82.77  473.11
[2022-06-12 17:20:32,174] {taskinstance.py:1395} INFO - Marking task as SUCCESS. dag_id=ingest_data, task_id=get_data_to_ingest_from_local_file_task, execution_date=20220612T050600, start_date=20220612T152031, end_date=20220612T152032
[2022-06-12 17:20:32,281] {local_task_job.py:156} INFO - Task exited with return code 0
[2022-06-12 17:20:32,533] {local_task_job.py:273} INFO - 1 downstream tasks scheduled from follow-on schedule check
