[2022-06-15 19:14:07,164] {taskinstance.py:1159} INFO - Dependencies all met for <TaskInstance: loan_pred.get_data_to_ingest_from_local_file_task scheduled__2022-06-14T21:22:00+00:00 [queued]>
[2022-06-15 19:14:07,189] {taskinstance.py:1159} INFO - Dependencies all met for <TaskInstance: loan_pred.get_data_to_ingest_from_local_file_task scheduled__2022-06-14T21:22:00+00:00 [queued]>
[2022-06-15 19:14:07,190] {taskinstance.py:1356} INFO - 
--------------------------------------------------------------------------------
[2022-06-15 19:14:07,190] {taskinstance.py:1357} INFO - Starting attempt 1 of 1
[2022-06-15 19:14:07,191] {taskinstance.py:1358} INFO - 
--------------------------------------------------------------------------------
[2022-06-15 19:14:07,282] {taskinstance.py:1377} INFO - Executing <Task(_PythonDecoratedOperator): get_data_to_ingest_from_local_file_task> on 2022-06-14 21:22:00+00:00
[2022-06-15 19:14:07,288] {standard_task_runner.py:52} INFO - Started process 616 to run task
[2022-06-15 19:14:07,301] {standard_task_runner.py:79} INFO - Running: ['airflow', 'tasks', 'run', 'loan_pred', 'get_data_to_ingest_from_local_file_task', 'scheduled__2022-06-14T21:22:00+00:00', '--job-id', '1617', '--raw', '--subdir', 'DAGS_FOLDER/loan_pred.py', '--cfg-path', '/tmp/tmphuok__hd', '--error-file', '/tmp/tmpt1oilff5']
[2022-06-15 19:14:07,306] {standard_task_runner.py:80} INFO - Job 1617: Subtask get_data_to_ingest_from_local_file_task
[2022-06-15 19:14:07,454] {task_command.py:370} INFO - Running <TaskInstance: loan_pred.get_data_to_ingest_from_local_file_task scheduled__2022-06-14T21:22:00+00:00 [running]> on host DESKTOP-GDPK8BL.localdomain
[2022-06-15 19:14:07,862] {taskinstance.py:1569} INFO - Exporting the following env vars:
AIRFLOW_CTX_DAG_OWNER=airflow
AIRFLOW_CTX_DAG_ID=loan_pred
AIRFLOW_CTX_TASK_ID=get_data_to_ingest_from_local_file_task
AIRFLOW_CTX_EXECUTION_DATE=2022-06-14T21:22:00+00:00
AIRFLOW_CTX_TRY_NUMBER=1
AIRFLOW_CTX_DAG_RUN_ID=scheduled__2022-06-14T21:22:00+00:00
[2022-06-15 19:14:07,881] {python.py:173} INFO - Done. Returned value was:       Loan_ID Gender Married Dependents  ... LoanAmount Loan_Amount_Term  Credit_History  Property_Area
283  LP002568   Male      No          0  ...      122.0            360.0             1.0          Rural
327  LP002805   Male     Yes          2  ...      150.0            360.0             1.0          Urban
157  LP001867   Male     Yes          0  ...      133.0            350.0             1.0          Rural
78   LP001415   Male     Yes          1  ...        NaN            360.0             1.0      Semiurban
80   LP001420   Male     Yes         3+  ...      163.0            360.0             0.0          Urban

[5 rows x 12 columns]
[2022-06-15 19:14:08,055] {taskinstance.py:1395} INFO - Marking task as SUCCESS. dag_id=loan_pred, task_id=get_data_to_ingest_from_local_file_task, execution_date=20220614T212200, start_date=20220615T171407, end_date=20220615T171408
[2022-06-15 19:14:08,124] {local_task_job.py:156} INFO - Task exited with return code 0
[2022-06-15 19:14:08,324] {local_task_job.py:273} INFO - 1 downstream tasks scheduled from follow-on schedule check
