[2022-06-13 13:47:44,190] {taskinstance.py:1159} INFO - Dependencies all met for <TaskInstance: ingest_data.get_data_to_ingest_from_local_file_task scheduled__2022-06-12T21:07:00+00:00 [queued]>
[2022-06-13 13:47:44,234] {taskinstance.py:1159} INFO - Dependencies all met for <TaskInstance: ingest_data.get_data_to_ingest_from_local_file_task scheduled__2022-06-12T21:07:00+00:00 [queued]>
[2022-06-13 13:47:44,235] {taskinstance.py:1356} INFO - 
--------------------------------------------------------------------------------
[2022-06-13 13:47:44,235] {taskinstance.py:1357} INFO - Starting attempt 1 of 1
[2022-06-13 13:47:44,236] {taskinstance.py:1358} INFO - 
--------------------------------------------------------------------------------
[2022-06-13 13:47:44,292] {taskinstance.py:1377} INFO - Executing <Task(_PythonDecoratedOperator): get_data_to_ingest_from_local_file_task> on 2022-06-12 21:07:00+00:00
[2022-06-13 13:47:44,298] {standard_task_runner.py:52} INFO - Started process 320 to run task
[2022-06-13 13:47:44,303] {standard_task_runner.py:79} INFO - Running: ['airflow', 'tasks', 'run', 'ingest_data', 'get_data_to_ingest_from_local_file_task', 'scheduled__2022-06-12T21:07:00+00:00', '--job-id', '1545', '--raw', '--subdir', 'DAGS_FOLDER/ingestion_dag.py', '--cfg-path', '/tmp/tmpkfm57jns', '--error-file', '/tmp/tmpd07d5syi']
[2022-06-13 13:47:44,305] {standard_task_runner.py:80} INFO - Job 1545: Subtask get_data_to_ingest_from_local_file_task
[2022-06-13 13:47:44,443] {task_command.py:370} INFO - Running <TaskInstance: ingest_data.get_data_to_ingest_from_local_file_task scheduled__2022-06-12T21:07:00+00:00 [running]> on host DESKTOP-GDPK8BL.localdomain
[2022-06-13 13:47:44,860] {taskinstance.py:1569} INFO - Exporting the following env vars:
AIRFLOW_CTX_DAG_OWNER=airflow
AIRFLOW_CTX_DAG_ID=ingest_data
AIRFLOW_CTX_TASK_ID=get_data_to_ingest_from_local_file_task
AIRFLOW_CTX_EXECUTION_DATE=2022-06-12T21:07:00+00:00
AIRFLOW_CTX_TRY_NUMBER=1
AIRFLOW_CTX_DAG_RUN_ID=scheduled__2022-06-12T21:07:00+00:00
[2022-06-13 13:47:44,931] {python.py:173} INFO - Done. Returned value was:           AT      V       AP     RH      PE
40602  15.07  39.30  1019.00  63.62  464.70
482    12.04  40.10  1014.42  89.65  474.28
41330  28.04  74.33  1013.53  48.65  432.92
47473   5.63  39.22  1013.35  77.67  486.83
3663   24.80  59.87  1018.79  60.79  441.00
[2022-06-13 13:47:45,100] {taskinstance.py:1395} INFO - Marking task as SUCCESS. dag_id=ingest_data, task_id=get_data_to_ingest_from_local_file_task, execution_date=20220612T210700, start_date=20220613T114744, end_date=20220613T114745
[2022-06-13 13:47:45,161] {local_task_job.py:156} INFO - Task exited with return code 0
[2022-06-13 13:47:45,354] {local_task_job.py:273} INFO - 1 downstream tasks scheduled from follow-on schedule check
