[2022-06-12 16:35:50,518] {taskinstance.py:1159} INFO - Dependencies all met for <TaskInstance: ingest_data.get_data_to_ingest_from_local_file_task scheduled__2022-06-12T00:55:00+00:00 [queued]>
[2022-06-12 16:35:50,548] {taskinstance.py:1159} INFO - Dependencies all met for <TaskInstance: ingest_data.get_data_to_ingest_from_local_file_task scheduled__2022-06-12T00:55:00+00:00 [queued]>
[2022-06-12 16:35:50,548] {taskinstance.py:1356} INFO - 
--------------------------------------------------------------------------------
[2022-06-12 16:35:50,549] {taskinstance.py:1357} INFO - Starting attempt 1 of 1
[2022-06-12 16:35:50,550] {taskinstance.py:1358} INFO - 
--------------------------------------------------------------------------------
[2022-06-12 16:35:50,615] {taskinstance.py:1377} INFO - Executing <Task(_PythonDecoratedOperator): get_data_to_ingest_from_local_file_task> on 2022-06-12 00:55:00+00:00
[2022-06-12 16:35:50,622] {standard_task_runner.py:52} INFO - Started process 4558 to run task
[2022-06-12 16:35:50,628] {standard_task_runner.py:79} INFO - Running: ['airflow', 'tasks', 'run', 'ingest_data', 'get_data_to_ingest_from_local_file_task', 'scheduled__2022-06-12T00:55:00+00:00', '--job-id', '503', '--raw', '--subdir', 'DAGS_FOLDER/ingestion_dag.py', '--cfg-path', '/tmp/tmp4nqlagvo', '--error-file', '/tmp/tmp64o_7sbe']
[2022-06-12 16:35:50,630] {standard_task_runner.py:80} INFO - Job 503: Subtask get_data_to_ingest_from_local_file_task
[2022-06-12 16:35:50,775] {task_command.py:370} INFO - Running <TaskInstance: ingest_data.get_data_to_ingest_from_local_file_task scheduled__2022-06-12T00:55:00+00:00 [running]> on host DESKTOP-GDPK8BL.localdomain
[2022-06-12 16:35:51,129] {taskinstance.py:1569} INFO - Exporting the following env vars:
AIRFLOW_CTX_DAG_OWNER=airflow
AIRFLOW_CTX_DAG_ID=ingest_data
AIRFLOW_CTX_TASK_ID=get_data_to_ingest_from_local_file_task
AIRFLOW_CTX_EXECUTION_DATE=2022-06-12T00:55:00+00:00
AIRFLOW_CTX_TRY_NUMBER=1
AIRFLOW_CTX_DAG_RUN_ID=scheduled__2022-06-12T00:55:00+00:00
[2022-06-12 16:35:51,204] {python.py:173} INFO - Done. Returned value was:           AT      V       AP     RH      PE
8673   20.76  70.72  1009.73  89.04  448.85
31341  29.36  78.05  1011.12  64.17  434.29
22555  22.30  44.57  1008.48  67.58  449.74
19619  21.32  45.01  1012.23  59.94  452.75
34694  29.35  68.31  1010.46  46.20  445.86
[2022-06-12 16:35:51,337] {taskinstance.py:1395} INFO - Marking task as SUCCESS. dag_id=ingest_data, task_id=get_data_to_ingest_from_local_file_task, execution_date=20220612T005500, start_date=20220612T143550, end_date=20220612T143551
[2022-06-12 16:35:51,409] {local_task_job.py:156} INFO - Task exited with return code 0
[2022-06-12 16:35:51,615] {local_task_job.py:273} INFO - 1 downstream tasks scheduled from follow-on schedule check
