[2022-06-12 16:56:11,381] {taskinstance.py:1159} INFO - Dependencies all met for <TaskInstance: ingest_data.get_data_to_ingest_from_local_file_task scheduled__2022-06-12T02:48:00+00:00 [queued]>
[2022-06-12 16:56:11,411] {taskinstance.py:1159} INFO - Dependencies all met for <TaskInstance: ingest_data.get_data_to_ingest_from_local_file_task scheduled__2022-06-12T02:48:00+00:00 [queued]>
[2022-06-12 16:56:11,411] {taskinstance.py:1356} INFO - 
--------------------------------------------------------------------------------
[2022-06-12 16:56:11,412] {taskinstance.py:1357} INFO - Starting attempt 1 of 1
[2022-06-12 16:56:11,412] {taskinstance.py:1358} INFO - 
--------------------------------------------------------------------------------
[2022-06-12 16:56:11,474] {taskinstance.py:1377} INFO - Executing <Task(_PythonDecoratedOperator): get_data_to_ingest_from_local_file_task> on 2022-06-12 02:48:00+00:00
[2022-06-12 16:56:11,480] {standard_task_runner.py:52} INFO - Started process 6241 to run task
[2022-06-12 16:56:11,486] {standard_task_runner.py:79} INFO - Running: ['airflow', 'tasks', 'run', 'ingest_data', 'get_data_to_ingest_from_local_file_task', 'scheduled__2022-06-12T02:48:00+00:00', '--job-id', '729', '--raw', '--subdir', 'DAGS_FOLDER/ingestion_dag.py', '--cfg-path', '/tmp/tmpxpbkynel', '--error-file', '/tmp/tmptmf_ztcm']
[2022-06-12 16:56:11,487] {standard_task_runner.py:80} INFO - Job 729: Subtask get_data_to_ingest_from_local_file_task
[2022-06-12 16:56:11,634] {task_command.py:370} INFO - Running <TaskInstance: ingest_data.get_data_to_ingest_from_local_file_task scheduled__2022-06-12T02:48:00+00:00 [running]> on host DESKTOP-GDPK8BL.localdomain
[2022-06-12 16:56:12,102] {taskinstance.py:1569} INFO - Exporting the following env vars:
AIRFLOW_CTX_DAG_OWNER=airflow
AIRFLOW_CTX_DAG_ID=ingest_data
AIRFLOW_CTX_TASK_ID=get_data_to_ingest_from_local_file_task
AIRFLOW_CTX_EXECUTION_DATE=2022-06-12T02:48:00+00:00
AIRFLOW_CTX_TRY_NUMBER=1
AIRFLOW_CTX_DAG_RUN_ID=scheduled__2022-06-12T02:48:00+00:00
[2022-06-12 16:56:12,194] {python.py:173} INFO - Done. Returned value was:           AT      V       AP     RH      PE
16574  27.09  49.30  1003.93  61.00  437.44
16022  23.30  72.99  1008.54  92.11  437.62
8390   11.21  40.75  1016.45  86.14  479.20
46302  12.62  40.83  1010.06  81.52  470.94
11126  13.49  41.78  1010.66  63.34  467.92
[2022-06-12 16:56:12,368] {taskinstance.py:1395} INFO - Marking task as SUCCESS. dag_id=ingest_data, task_id=get_data_to_ingest_from_local_file_task, execution_date=20220612T024800, start_date=20220612T145611, end_date=20220612T145612
[2022-06-12 16:56:12,464] {local_task_job.py:156} INFO - Task exited with return code 0
[2022-06-12 16:56:12,742] {local_task_job.py:273} INFO - 1 downstream tasks scheduled from follow-on schedule check
