[2022-06-12 16:36:39,586] {taskinstance.py:1159} INFO - Dependencies all met for <TaskInstance: ingest_data.get_data_to_ingest_from_local_file_task scheduled__2022-06-12T01:00:00+00:00 [queued]>
[2022-06-12 16:36:39,636] {taskinstance.py:1159} INFO - Dependencies all met for <TaskInstance: ingest_data.get_data_to_ingest_from_local_file_task scheduled__2022-06-12T01:00:00+00:00 [queued]>
[2022-06-12 16:36:39,637] {taskinstance.py:1356} INFO - 
--------------------------------------------------------------------------------
[2022-06-12 16:36:39,640] {taskinstance.py:1357} INFO - Starting attempt 1 of 1
[2022-06-12 16:36:39,641] {taskinstance.py:1358} INFO - 
--------------------------------------------------------------------------------
[2022-06-12 16:36:39,717] {taskinstance.py:1377} INFO - Executing <Task(_PythonDecoratedOperator): get_data_to_ingest_from_local_file_task> on 2022-06-12 01:00:00+00:00
[2022-06-12 16:36:39,728] {standard_task_runner.py:52} INFO - Started process 4639 to run task
[2022-06-12 16:36:39,732] {standard_task_runner.py:79} INFO - Running: ['airflow', 'tasks', 'run', 'ingest_data', 'get_data_to_ingest_from_local_file_task', 'scheduled__2022-06-12T01:00:00+00:00', '--job-id', '514', '--raw', '--subdir', 'DAGS_FOLDER/ingestion_dag.py', '--cfg-path', '/tmp/tmp0zz1_sxa', '--error-file', '/tmp/tmptw8hzhpz']
[2022-06-12 16:36:39,734] {standard_task_runner.py:80} INFO - Job 514: Subtask get_data_to_ingest_from_local_file_task
[2022-06-12 16:36:39,929] {task_command.py:370} INFO - Running <TaskInstance: ingest_data.get_data_to_ingest_from_local_file_task scheduled__2022-06-12T01:00:00+00:00 [running]> on host DESKTOP-GDPK8BL.localdomain
[2022-06-12 16:36:40,356] {taskinstance.py:1569} INFO - Exporting the following env vars:
AIRFLOW_CTX_DAG_OWNER=airflow
AIRFLOW_CTX_DAG_ID=ingest_data
AIRFLOW_CTX_TASK_ID=get_data_to_ingest_from_local_file_task
AIRFLOW_CTX_EXECUTION_DATE=2022-06-12T01:00:00+00:00
AIRFLOW_CTX_TRY_NUMBER=1
AIRFLOW_CTX_DAG_RUN_ID=scheduled__2022-06-12T01:00:00+00:00
[2022-06-12 16:36:40,437] {python.py:173} INFO - Done. Returned value was:           AT      V       AP     RH      PE
29715  24.99  58.79  1016.37  67.16  439.20
12435  20.37  69.48  1011.04  84.31  445.81
9393   27.69  69.71  1009.90  69.91  440.43
31133  25.37  59.14  1017.27  78.07  437.19
5134   10.81  44.63  1020.61  88.29  473.86
[2022-06-12 16:36:40,601] {taskinstance.py:1395} INFO - Marking task as SUCCESS. dag_id=ingest_data, task_id=get_data_to_ingest_from_local_file_task, execution_date=20220612T010000, start_date=20220612T143639, end_date=20220612T143640
[2022-06-12 16:36:40,713] {local_task_job.py:156} INFO - Task exited with return code 0
[2022-06-12 16:36:40,973] {local_task_job.py:273} INFO - 1 downstream tasks scheduled from follow-on schedule check
