[2022-06-12 14:42:43,843] {taskinstance.py:1159} INFO - Dependencies all met for <TaskInstance: example_2.task_2 scheduled__2022-06-12T01:02:00+00:00 [queued]>
[2022-06-12 14:42:43,869] {taskinstance.py:1159} INFO - Dependencies all met for <TaskInstance: example_2.task_2 scheduled__2022-06-12T01:02:00+00:00 [queued]>
[2022-06-12 14:42:43,869] {taskinstance.py:1356} INFO - 
--------------------------------------------------------------------------------
[2022-06-12 14:42:43,870] {taskinstance.py:1357} INFO - Starting attempt 1 of 1
[2022-06-12 14:42:43,870] {taskinstance.py:1358} INFO - 
--------------------------------------------------------------------------------
[2022-06-12 14:42:43,941] {taskinstance.py:1377} INFO - Executing <Task(_PythonDecoratedOperator): task_2> on 2022-06-12 01:02:00+00:00
[2022-06-12 14:42:43,952] {standard_task_runner.py:52} INFO - Started process 688 to run task
[2022-06-12 14:42:43,953] {standard_task_runner.py:79} INFO - Running: ['airflow', 'tasks', 'run', 'example_2', 'task_2', 'scheduled__2022-06-12T01:02:00+00:00', '--job-id', '14', '--raw', '--subdir', 'DAGS_FOLDER/dummy_dag.py', '--cfg-path', '/tmp/tmpkspp1g4i', '--error-file', '/tmp/tmpefgwxhs9']
[2022-06-12 14:42:43,956] {standard_task_runner.py:80} INFO - Job 14: Subtask task_2
[2022-06-12 14:42:44,097] {task_command.py:370} INFO - Running <TaskInstance: example_2.task_2 scheduled__2022-06-12T01:02:00+00:00 [running]> on host DESKTOP-GDPK8BL.localdomain
[2022-06-12 14:42:44,286] {taskinstance.py:1569} INFO - Exporting the following env vars:
AIRFLOW_CTX_DAG_OWNER=airflow
AIRFLOW_CTX_DAG_ID=example_2
AIRFLOW_CTX_TASK_ID=task_2
AIRFLOW_CTX_EXECUTION_DATE=2022-06-12T01:02:00+00:00
AIRFLOW_CTX_TRY_NUMBER=1
AIRFLOW_CTX_DAG_RUN_ID=scheduled__2022-06-12T01:02:00+00:00
[2022-06-12 14:42:44,287] {python.py:173} INFO - Done. Returned value was: 4
[2022-06-12 14:42:44,352] {taskinstance.py:1395} INFO - Marking task as SUCCESS. dag_id=example_2, task_id=task_2, execution_date=20220612T010200, start_date=20220612T124243, end_date=20220612T124244
[2022-06-12 14:42:44,414] {local_task_job.py:156} INFO - Task exited with return code 0
[2022-06-12 14:42:44,477] {local_task_job.py:273} INFO - 0 downstream tasks scheduled from follow-on schedule check
