[2022-06-12 16:50:03,639] {taskinstance.py:1159} INFO - Dependencies all met for <TaskInstance: ingest_data.get_data_to_ingest_from_local_file_task scheduled__2022-06-12T02:12:00+00:00 [queued]>
[2022-06-12 16:50:03,682] {taskinstance.py:1159} INFO - Dependencies all met for <TaskInstance: ingest_data.get_data_to_ingest_from_local_file_task scheduled__2022-06-12T02:12:00+00:00 [queued]>
[2022-06-12 16:50:03,683] {taskinstance.py:1356} INFO - 
--------------------------------------------------------------------------------
[2022-06-12 16:50:03,684] {taskinstance.py:1357} INFO - Starting attempt 1 of 1
[2022-06-12 16:50:03,685] {taskinstance.py:1358} INFO - 
--------------------------------------------------------------------------------
[2022-06-12 16:50:03,861] {taskinstance.py:1377} INFO - Executing <Task(_PythonDecoratedOperator): get_data_to_ingest_from_local_file_task> on 2022-06-12 02:12:00+00:00
[2022-06-12 16:50:03,868] {standard_task_runner.py:52} INFO - Started process 5707 to run task
[2022-06-12 16:50:03,875] {standard_task_runner.py:79} INFO - Running: ['airflow', 'tasks', 'run', 'ingest_data', 'get_data_to_ingest_from_local_file_task', 'scheduled__2022-06-12T02:12:00+00:00', '--job-id', '657', '--raw', '--subdir', 'DAGS_FOLDER/ingestion_dag.py', '--cfg-path', '/tmp/tmpp2kgkmdh', '--error-file', '/tmp/tmpmry2gqr2']
[2022-06-12 16:50:03,878] {standard_task_runner.py:80} INFO - Job 657: Subtask get_data_to_ingest_from_local_file_task
[2022-06-12 16:50:04,163] {task_command.py:370} INFO - Running <TaskInstance: ingest_data.get_data_to_ingest_from_local_file_task scheduled__2022-06-12T02:12:00+00:00 [running]> on host DESKTOP-GDPK8BL.localdomain
[2022-06-12 16:50:04,684] {taskinstance.py:1569} INFO - Exporting the following env vars:
AIRFLOW_CTX_DAG_OWNER=airflow
AIRFLOW_CTX_DAG_ID=ingest_data
AIRFLOW_CTX_TASK_ID=get_data_to_ingest_from_local_file_task
AIRFLOW_CTX_EXECUTION_DATE=2022-06-12T02:12:00+00:00
AIRFLOW_CTX_TRY_NUMBER=1
AIRFLOW_CTX_DAG_RUN_ID=scheduled__2022-06-12T02:12:00+00:00
[2022-06-12 16:50:04,775] {python.py:173} INFO - Done. Returned value was:           AT      V       AP     RH      PE
30171  14.27  41.48  1014.83  62.70  458.19
43413  18.32  66.86  1012.02  70.00  454.46
23388  17.51  41.85  1016.25  72.03  465.05
25298  19.94  58.96  1014.16  66.27  455.55
1623   20.16  57.76  1019.34  72.10  455.13
[2022-06-12 16:50:04,941] {taskinstance.py:1395} INFO - Marking task as SUCCESS. dag_id=ingest_data, task_id=get_data_to_ingest_from_local_file_task, execution_date=20220612T021200, start_date=20220612T145003, end_date=20220612T145004
[2022-06-12 16:50:05,061] {local_task_job.py:156} INFO - Task exited with return code 0
[2022-06-12 16:50:05,315] {local_task_job.py:273} INFO - 1 downstream tasks scheduled from follow-on schedule check
