[2022-06-12 16:10:38,479] {taskinstance.py:1159} INFO - Dependencies all met for <TaskInstance: ingest_data.get_data_to_ingest_from_local_file_task scheduled__2022-06-11T22:25:00+00:00 [queued]>
[2022-06-12 16:10:38,508] {taskinstance.py:1159} INFO - Dependencies all met for <TaskInstance: ingest_data.get_data_to_ingest_from_local_file_task scheduled__2022-06-11T22:25:00+00:00 [queued]>
[2022-06-12 16:10:38,509] {taskinstance.py:1356} INFO - 
--------------------------------------------------------------------------------
[2022-06-12 16:10:38,509] {taskinstance.py:1357} INFO - Starting attempt 1 of 1
[2022-06-12 16:10:38,510] {taskinstance.py:1358} INFO - 
--------------------------------------------------------------------------------
[2022-06-12 16:10:38,581] {taskinstance.py:1377} INFO - Executing <Task(_PythonDecoratedOperator): get_data_to_ingest_from_local_file_task> on 2022-06-11 22:25:00+00:00
[2022-06-12 16:10:38,590] {standard_task_runner.py:52} INFO - Started process 2189 to run task
[2022-06-12 16:10:38,598] {standard_task_runner.py:79} INFO - Running: ['airflow', 'tasks', 'run', 'ingest_data', 'get_data_to_ingest_from_local_file_task', 'scheduled__2022-06-11T22:25:00+00:00', '--job-id', '204', '--raw', '--subdir', 'DAGS_FOLDER/ingestion_dag.py', '--cfg-path', '/tmp/tmpp7gr_hoa', '--error-file', '/tmp/tmpupn8axtc']
[2022-06-12 16:10:38,600] {standard_task_runner.py:80} INFO - Job 204: Subtask get_data_to_ingest_from_local_file_task
[2022-06-12 16:10:38,750] {task_command.py:370} INFO - Running <TaskInstance: ingest_data.get_data_to_ingest_from_local_file_task scheduled__2022-06-11T22:25:00+00:00 [running]> on host DESKTOP-GDPK8BL.localdomain
[2022-06-12 16:10:39,072] {taskinstance.py:1569} INFO - Exporting the following env vars:
AIRFLOW_CTX_DAG_OWNER=airflow
AIRFLOW_CTX_DAG_ID=ingest_data
AIRFLOW_CTX_TASK_ID=get_data_to_ingest_from_local_file_task
AIRFLOW_CTX_EXECUTION_DATE=2022-06-11T22:25:00+00:00
AIRFLOW_CTX_TRY_NUMBER=1
AIRFLOW_CTX_DAG_RUN_ID=scheduled__2022-06-11T22:25:00+00:00
[2022-06-12 16:10:39,146] {python.py:173} INFO - Done. Returned value was:           AT      V       AP     RH      PE
2714    9.26  39.61  1021.18  84.58  480.38
34308   5.07  40.07  1019.32  66.17  494.87
13221  28.84  60.23  1009.70  59.00  437.82
29714   4.47  35.19  1018.78  92.68  487.43
3495   11.61  41.17  1019.57  58.82  476.81
[2022-06-12 16:10:39,256] {taskinstance.py:1395} INFO - Marking task as SUCCESS. dag_id=ingest_data, task_id=get_data_to_ingest_from_local_file_task, execution_date=20220611T222500, start_date=20220612T141038, end_date=20220612T141039
[2022-06-12 16:10:39,334] {local_task_job.py:156} INFO - Task exited with return code 0
[2022-06-12 16:10:39,554] {local_task_job.py:273} INFO - 1 downstream tasks scheduled from follow-on schedule check
