[2022-06-12 19:47:08,191] {taskinstance.py:1159} INFO - Dependencies all met for <TaskInstance: ingest_data.get_data_to_ingest_from_local_file_task scheduled__2022-06-12T08:59:00+00:00 [queued]>
[2022-06-12 19:47:08,232] {taskinstance.py:1159} INFO - Dependencies all met for <TaskInstance: ingest_data.get_data_to_ingest_from_local_file_task scheduled__2022-06-12T08:59:00+00:00 [queued]>
[2022-06-12 19:47:08,232] {taskinstance.py:1356} INFO - 
--------------------------------------------------------------------------------
[2022-06-12 19:47:08,233] {taskinstance.py:1357} INFO - Starting attempt 1 of 1
[2022-06-12 19:47:08,234] {taskinstance.py:1358} INFO - 
--------------------------------------------------------------------------------
[2022-06-12 19:47:08,308] {taskinstance.py:1377} INFO - Executing <Task(_PythonDecoratedOperator): get_data_to_ingest_from_local_file_task> on 2022-06-12 08:59:00+00:00
[2022-06-12 19:47:08,314] {standard_task_runner.py:52} INFO - Started process 11740 to run task
[2022-06-12 19:47:08,320] {standard_task_runner.py:79} INFO - Running: ['airflow', 'tasks', 'run', 'ingest_data', 'get_data_to_ingest_from_local_file_task', 'scheduled__2022-06-12T08:59:00+00:00', '--job-id', '1471', '--raw', '--subdir', 'DAGS_FOLDER/ingestion_dag.py', '--cfg-path', '/tmp/tmpz18dc744', '--error-file', '/tmp/tmpziuidd4a']
[2022-06-12 19:47:08,323] {standard_task_runner.py:80} INFO - Job 1471: Subtask get_data_to_ingest_from_local_file_task
[2022-06-12 19:47:08,464] {task_command.py:370} INFO - Running <TaskInstance: ingest_data.get_data_to_ingest_from_local_file_task scheduled__2022-06-12T08:59:00+00:00 [running]> on host DESKTOP-GDPK8BL.localdomain
[2022-06-12 19:47:08,954] {taskinstance.py:1569} INFO - Exporting the following env vars:
AIRFLOW_CTX_DAG_OWNER=airflow
AIRFLOW_CTX_DAG_ID=ingest_data
AIRFLOW_CTX_TASK_ID=get_data_to_ingest_from_local_file_task
AIRFLOW_CTX_EXECUTION_DATE=2022-06-12T08:59:00+00:00
AIRFLOW_CTX_TRY_NUMBER=1
AIRFLOW_CTX_DAG_RUN_ID=scheduled__2022-06-12T08:59:00+00:00
[2022-06-12 19:47:09,025] {python.py:173} INFO - Done. Returned value was:           AT      V       AP     RH      PE
31353  23.86  74.93  1016.88  71.44  444.38
20626  16.62  54.30  1017.99  63.76  459.59
35461  12.95  43.71  1025.63  90.70  469.15
37840  13.80  42.99  1007.16  67.28  470.93
31821  16.50  44.20  1018.94  63.59  458.30
[2022-06-12 19:47:09,199] {taskinstance.py:1395} INFO - Marking task as SUCCESS. dag_id=ingest_data, task_id=get_data_to_ingest_from_local_file_task, execution_date=20220612T085900, start_date=20220612T174708, end_date=20220612T174709
[2022-06-12 19:47:09,300] {local_task_job.py:156} INFO - Task exited with return code 0
[2022-06-12 19:47:09,515] {local_task_job.py:273} INFO - 1 downstream tasks scheduled from follow-on schedule check
