[2022-06-13 13:49:59,508] {taskinstance.py:1159} INFO - Dependencies all met for <TaskInstance: loan_pred.save_data_task scheduled__2022-06-12T21:06:00+00:00 [queued]>
[2022-06-13 13:49:59,543] {taskinstance.py:1159} INFO - Dependencies all met for <TaskInstance: loan_pred.save_data_task scheduled__2022-06-12T21:06:00+00:00 [queued]>
[2022-06-13 13:49:59,544] {taskinstance.py:1356} INFO - 
--------------------------------------------------------------------------------
[2022-06-13 13:49:59,544] {taskinstance.py:1357} INFO - Starting attempt 1 of 1
[2022-06-13 13:49:59,545] {taskinstance.py:1358} INFO - 
--------------------------------------------------------------------------------
[2022-06-13 13:49:59,601] {taskinstance.py:1377} INFO - Executing <Task(_PythonDecoratedOperator): save_data_task> on 2022-06-12 21:06:00+00:00
[2022-06-13 13:49:59,605] {standard_task_runner.py:52} INFO - Started process 545 to run task
[2022-06-13 13:49:59,610] {standard_task_runner.py:79} INFO - Running: ['airflow', 'tasks', 'run', 'loan_pred', 'save_data_task', 'scheduled__2022-06-12T21:06:00+00:00', '--job-id', '1570', '--raw', '--subdir', 'DAGS_FOLDER/loan_pred.py', '--cfg-path', '/tmp/tmpkk79okgo', '--error-file', '/tmp/tmpjosrjt92']
[2022-06-13 13:49:59,611] {standard_task_runner.py:80} INFO - Job 1570: Subtask save_data_task
[2022-06-13 13:49:59,720] {task_command.py:370} INFO - Running <TaskInstance: loan_pred.save_data_task scheduled__2022-06-12T21:06:00+00:00 [running]> on host DESKTOP-GDPK8BL.localdomain
[2022-06-13 13:50:00,275] {taskinstance.py:1569} INFO - Exporting the following env vars:
AIRFLOW_CTX_DAG_OWNER=airflow
AIRFLOW_CTX_DAG_ID=loan_pred
AIRFLOW_CTX_TASK_ID=save_data_task
AIRFLOW_CTX_EXECUTION_DATE=2022-06-12T21:06:00+00:00
AIRFLOW_CTX_TRY_NUMBER=1
AIRFLOW_CTX_DAG_RUN_ID=scheduled__2022-06-12T21:06:00+00:00
[2022-06-13 13:50:00,289] {python.py:173} INFO - Done. Returned value was: None
[2022-06-13 13:50:00,311] {taskinstance.py:1395} INFO - Marking task as SUCCESS. dag_id=loan_pred, task_id=save_data_task, execution_date=20220612T210600, start_date=20220613T114959, end_date=20220613T115000
[2022-06-13 13:50:00,386] {local_task_job.py:156} INFO - Task exited with return code 0
[2022-06-13 13:50:00,555] {local_task_job.py:273} INFO - 0 downstream tasks scheduled from follow-on schedule check
