[2022-06-12 16:44:51,143] {taskinstance.py:1159} INFO - Dependencies all met for <TaskInstance: ingest_data.get_data_to_ingest_from_local_file_task scheduled__2022-06-12T01:42:00+00:00 [queued]>
[2022-06-12 16:44:51,175] {taskinstance.py:1159} INFO - Dependencies all met for <TaskInstance: ingest_data.get_data_to_ingest_from_local_file_task scheduled__2022-06-12T01:42:00+00:00 [queued]>
[2022-06-12 16:44:51,175] {taskinstance.py:1356} INFO - 
--------------------------------------------------------------------------------
[2022-06-12 16:44:51,176] {taskinstance.py:1357} INFO - Starting attempt 1 of 1
[2022-06-12 16:44:51,177] {taskinstance.py:1358} INFO - 
--------------------------------------------------------------------------------
[2022-06-12 16:44:51,239] {taskinstance.py:1377} INFO - Executing <Task(_PythonDecoratedOperator): get_data_to_ingest_from_local_file_task> on 2022-06-12 01:42:00+00:00
[2022-06-12 16:44:51,246] {standard_task_runner.py:52} INFO - Started process 5270 to run task
[2022-06-12 16:44:51,252] {standard_task_runner.py:79} INFO - Running: ['airflow', 'tasks', 'run', 'ingest_data', 'get_data_to_ingest_from_local_file_task', 'scheduled__2022-06-12T01:42:00+00:00', '--job-id', '598', '--raw', '--subdir', 'DAGS_FOLDER/ingestion_dag.py', '--cfg-path', '/tmp/tmp82o0ojv3', '--error-file', '/tmp/tmp9055ocdp']
[2022-06-12 16:44:51,254] {standard_task_runner.py:80} INFO - Job 598: Subtask get_data_to_ingest_from_local_file_task
[2022-06-12 16:44:51,394] {task_command.py:370} INFO - Running <TaskInstance: ingest_data.get_data_to_ingest_from_local_file_task scheduled__2022-06-12T01:42:00+00:00 [running]> on host DESKTOP-GDPK8BL.localdomain
[2022-06-12 16:44:51,763] {taskinstance.py:1569} INFO - Exporting the following env vars:
AIRFLOW_CTX_DAG_OWNER=airflow
AIRFLOW_CTX_DAG_ID=ingest_data
AIRFLOW_CTX_TASK_ID=get_data_to_ingest_from_local_file_task
AIRFLOW_CTX_EXECUTION_DATE=2022-06-12T01:42:00+00:00
AIRFLOW_CTX_TRY_NUMBER=1
AIRFLOW_CTX_DAG_RUN_ID=scheduled__2022-06-12T01:42:00+00:00
[2022-06-12 16:44:51,832] {python.py:173} INFO - Done. Returned value was:           AT      V       AP     RH      PE
11869  26.10  58.90  1004.18  71.63  444.40
34316  23.99  67.69  1007.90  78.57  437.10
6181    9.04  40.11  1023.30  76.32  473.57
10001  14.45  43.71  1025.26  84.23  463.60
27147  28.59  68.08  1013.20  42.96  436.70
[2022-06-12 16:44:51,958] {taskinstance.py:1395} INFO - Marking task as SUCCESS. dag_id=ingest_data, task_id=get_data_to_ingest_from_local_file_task, execution_date=20220612T014200, start_date=20220612T144451, end_date=20220612T144451
[2022-06-12 16:44:52,030] {local_task_job.py:156} INFO - Task exited with return code 0
[2022-06-12 16:44:52,257] {local_task_job.py:273} INFO - 1 downstream tasks scheduled from follow-on schedule check
