[2022-06-12 16:55:21,707] {taskinstance.py:1159} INFO - Dependencies all met for <TaskInstance: ingest_data.get_data_to_ingest_from_local_file_task scheduled__2022-06-12T02:44:00+00:00 [queued]>
[2022-06-12 16:55:21,743] {taskinstance.py:1159} INFO - Dependencies all met for <TaskInstance: ingest_data.get_data_to_ingest_from_local_file_task scheduled__2022-06-12T02:44:00+00:00 [queued]>
[2022-06-12 16:55:21,744] {taskinstance.py:1356} INFO - 
--------------------------------------------------------------------------------
[2022-06-12 16:55:21,744] {taskinstance.py:1357} INFO - Starting attempt 1 of 1
[2022-06-12 16:55:21,745] {taskinstance.py:1358} INFO - 
--------------------------------------------------------------------------------
[2022-06-12 16:55:21,818] {taskinstance.py:1377} INFO - Executing <Task(_PythonDecoratedOperator): get_data_to_ingest_from_local_file_task> on 2022-06-12 02:44:00+00:00
[2022-06-12 16:55:21,826] {standard_task_runner.py:52} INFO - Started process 6180 to run task
[2022-06-12 16:55:21,834] {standard_task_runner.py:79} INFO - Running: ['airflow', 'tasks', 'run', 'ingest_data', 'get_data_to_ingest_from_local_file_task', 'scheduled__2022-06-12T02:44:00+00:00', '--job-id', '721', '--raw', '--subdir', 'DAGS_FOLDER/ingestion_dag.py', '--cfg-path', '/tmp/tmpuo1dxenw', '--error-file', '/tmp/tmppt413y2w']
[2022-06-12 16:55:21,836] {standard_task_runner.py:80} INFO - Job 721: Subtask get_data_to_ingest_from_local_file_task
[2022-06-12 16:55:22,019] {task_command.py:370} INFO - Running <TaskInstance: ingest_data.get_data_to_ingest_from_local_file_task scheduled__2022-06-12T02:44:00+00:00 [running]> on host DESKTOP-GDPK8BL.localdomain
[2022-06-12 16:55:22,560] {taskinstance.py:1569} INFO - Exporting the following env vars:
AIRFLOW_CTX_DAG_OWNER=airflow
AIRFLOW_CTX_DAG_ID=ingest_data
AIRFLOW_CTX_TASK_ID=get_data_to_ingest_from_local_file_task
AIRFLOW_CTX_EXECUTION_DATE=2022-06-12T02:44:00+00:00
AIRFLOW_CTX_TRY_NUMBER=1
AIRFLOW_CTX_DAG_RUN_ID=scheduled__2022-06-12T02:44:00+00:00
[2022-06-12 16:55:22,694] {python.py:173} INFO - Done. Returned value was:           AT      V       AP     RH      PE
38056  30.51  70.94  1007.64  59.42  430.91
31825  12.53  44.03  1007.21  84.20  470.04
26224  27.11  69.59  1008.56  79.20  437.20
39319  28.54  76.86  1000.09  74.67  433.35
30829  32.02  67.83  1007.77  53.31  426.55
[2022-06-12 16:55:22,987] {taskinstance.py:1395} INFO - Marking task as SUCCESS. dag_id=ingest_data, task_id=get_data_to_ingest_from_local_file_task, execution_date=20220612T024400, start_date=20220612T145521, end_date=20220612T145522
[2022-06-12 16:55:23,099] {local_task_job.py:156} INFO - Task exited with return code 0
[2022-06-12 16:55:23,501] {local_task_job.py:273} INFO - 1 downstream tasks scheduled from follow-on schedule check
