[2022-06-12 16:11:59,533] {taskinstance.py:1159} INFO - Dependencies all met for <TaskInstance: ingest_data.get_data_to_ingest_from_local_file_task scheduled__2022-06-11T22:32:00+00:00 [queued]>
[2022-06-12 16:11:59,586] {taskinstance.py:1159} INFO - Dependencies all met for <TaskInstance: ingest_data.get_data_to_ingest_from_local_file_task scheduled__2022-06-11T22:32:00+00:00 [queued]>
[2022-06-12 16:11:59,587] {taskinstance.py:1356} INFO - 
--------------------------------------------------------------------------------
[2022-06-12 16:11:59,588] {taskinstance.py:1357} INFO - Starting attempt 1 of 1
[2022-06-12 16:11:59,589] {taskinstance.py:1358} INFO - 
--------------------------------------------------------------------------------
[2022-06-12 16:11:59,682] {taskinstance.py:1377} INFO - Executing <Task(_PythonDecoratedOperator): get_data_to_ingest_from_local_file_task> on 2022-06-11 22:32:00+00:00
[2022-06-12 16:11:59,695] {standard_task_runner.py:52} INFO - Started process 2308 to run task
[2022-06-12 16:11:59,696] {standard_task_runner.py:79} INFO - Running: ['airflow', 'tasks', 'run', 'ingest_data', 'get_data_to_ingest_from_local_file_task', 'scheduled__2022-06-11T22:32:00+00:00', '--job-id', '218', '--raw', '--subdir', 'DAGS_FOLDER/ingestion_dag.py', '--cfg-path', '/tmp/tmpqubyf95f', '--error-file', '/tmp/tmpy6sozes9']
[2022-06-12 16:11:59,699] {standard_task_runner.py:80} INFO - Job 218: Subtask get_data_to_ingest_from_local_file_task
[2022-06-12 16:11:59,915] {task_command.py:370} INFO - Running <TaskInstance: ingest_data.get_data_to_ingest_from_local_file_task scheduled__2022-06-11T22:32:00+00:00 [running]> on host DESKTOP-GDPK8BL.localdomain
[2022-06-12 16:12:00,507] {taskinstance.py:1569} INFO - Exporting the following env vars:
AIRFLOW_CTX_DAG_OWNER=airflow
AIRFLOW_CTX_DAG_ID=ingest_data
AIRFLOW_CTX_TASK_ID=get_data_to_ingest_from_local_file_task
AIRFLOW_CTX_EXECUTION_DATE=2022-06-11T22:32:00+00:00
AIRFLOW_CTX_TRY_NUMBER=1
AIRFLOW_CTX_DAG_RUN_ID=scheduled__2022-06-11T22:32:00+00:00
[2022-06-12 16:12:00,576] {python.py:173} INFO - Done. Returned value was:           AT      V       AP     RH      PE
40703  27.97  58.84  1002.25  57.88  446.11
42262  24.67  63.56  1013.75  67.56  446.30
47811  21.54  58.12  1015.33  78.67  454.32
8978   17.68  44.92  1024.55  69.70  458.12
28568  24.38  57.17  1009.85  74.46  444.59
[2022-06-12 16:12:00,689] {taskinstance.py:1395} INFO - Marking task as SUCCESS. dag_id=ingest_data, task_id=get_data_to_ingest_from_local_file_task, execution_date=20220611T223200, start_date=20220612T141159, end_date=20220612T141200
[2022-06-12 16:12:00,772] {local_task_job.py:156} INFO - Task exited with return code 0
[2022-06-12 16:12:00,989] {local_task_job.py:273} INFO - 1 downstream tasks scheduled from follow-on schedule check
