[2022-06-12 19:41:29,282] {taskinstance.py:1159} INFO - Dependencies all met for <TaskInstance: ingest_data.get_data_to_ingest_from_local_file_task scheduled__2022-06-12T08:23:00+00:00 [queued]>
[2022-06-12 19:41:29,318] {taskinstance.py:1159} INFO - Dependencies all met for <TaskInstance: ingest_data.get_data_to_ingest_from_local_file_task scheduled__2022-06-12T08:23:00+00:00 [queued]>
[2022-06-12 19:41:29,318] {taskinstance.py:1356} INFO - 
--------------------------------------------------------------------------------
[2022-06-12 19:41:29,319] {taskinstance.py:1357} INFO - Starting attempt 1 of 1
[2022-06-12 19:41:29,319] {taskinstance.py:1358} INFO - 
--------------------------------------------------------------------------------
[2022-06-12 19:41:29,391] {taskinstance.py:1377} INFO - Executing <Task(_PythonDecoratedOperator): get_data_to_ingest_from_local_file_task> on 2022-06-12 08:23:00+00:00
[2022-06-12 19:41:29,404] {standard_task_runner.py:79} INFO - Running: ['airflow', 'tasks', 'run', 'ingest_data', 'get_data_to_ingest_from_local_file_task', 'scheduled__2022-06-12T08:23:00+00:00', '--job-id', '1400', '--raw', '--subdir', 'DAGS_FOLDER/ingestion_dag.py', '--cfg-path', '/tmp/tmp4qunw0iu', '--error-file', '/tmp/tmpxb1cn8s9']
[2022-06-12 19:41:29,397] {standard_task_runner.py:52} INFO - Started process 11214 to run task
[2022-06-12 19:41:29,406] {standard_task_runner.py:80} INFO - Job 1400: Subtask get_data_to_ingest_from_local_file_task
[2022-06-12 19:41:29,553] {task_command.py:370} INFO - Running <TaskInstance: ingest_data.get_data_to_ingest_from_local_file_task scheduled__2022-06-12T08:23:00+00:00 [running]> on host DESKTOP-GDPK8BL.localdomain
[2022-06-12 19:41:30,043] {taskinstance.py:1569} INFO - Exporting the following env vars:
AIRFLOW_CTX_DAG_OWNER=airflow
AIRFLOW_CTX_DAG_ID=ingest_data
AIRFLOW_CTX_TASK_ID=get_data_to_ingest_from_local_file_task
AIRFLOW_CTX_EXECUTION_DATE=2022-06-12T08:23:00+00:00
AIRFLOW_CTX_TRY_NUMBER=1
AIRFLOW_CTX_DAG_RUN_ID=scheduled__2022-06-12T08:23:00+00:00
[2022-06-12 19:41:30,119] {python.py:173} INFO - Done. Returned value was:           AT      V       AP     RH      PE
1741   17.88  46.97  1013.73  67.78  456.77
20650  25.37  58.33  1013.49  51.42  444.46
22405   6.48  36.24  1013.62  92.03  484.65
28435  22.58  58.12  1014.88  80.59  448.32
15165  17.57  46.21  1014.09  80.81  453.29
[2022-06-12 19:41:30,292] {taskinstance.py:1395} INFO - Marking task as SUCCESS. dag_id=ingest_data, task_id=get_data_to_ingest_from_local_file_task, execution_date=20220612T082300, start_date=20220612T174129, end_date=20220612T174130
[2022-06-12 19:41:30,388] {local_task_job.py:156} INFO - Task exited with return code 0
[2022-06-12 19:41:30,610] {local_task_job.py:273} INFO - 1 downstream tasks scheduled from follow-on schedule check
