[2022-06-12 17:18:33,903] {taskinstance.py:1159} INFO - Dependencies all met for <TaskInstance: ingest_data.get_data_to_ingest_from_local_file_task scheduled__2022-06-12T04:53:00+00:00 [queued]>
[2022-06-12 17:18:33,935] {taskinstance.py:1159} INFO - Dependencies all met for <TaskInstance: ingest_data.get_data_to_ingest_from_local_file_task scheduled__2022-06-12T04:53:00+00:00 [queued]>
[2022-06-12 17:18:33,935] {taskinstance.py:1356} INFO - 
--------------------------------------------------------------------------------
[2022-06-12 17:18:33,936] {taskinstance.py:1357} INFO - Starting attempt 1 of 1
[2022-06-12 17:18:33,936] {taskinstance.py:1358} INFO - 
--------------------------------------------------------------------------------
[2022-06-12 17:18:33,989] {taskinstance.py:1377} INFO - Executing <Task(_PythonDecoratedOperator): get_data_to_ingest_from_local_file_task> on 2022-06-12 04:53:00+00:00
[2022-06-12 17:18:33,995] {standard_task_runner.py:52} INFO - Started process 8110 to run task
[2022-06-12 17:18:34,001] {standard_task_runner.py:79} INFO - Running: ['airflow', 'tasks', 'run', 'ingest_data', 'get_data_to_ingest_from_local_file_task', 'scheduled__2022-06-12T04:53:00+00:00', '--job-id', '980', '--raw', '--subdir', 'DAGS_FOLDER/ingestion_dag.py', '--cfg-path', '/tmp/tmp40gho6m3', '--error-file', '/tmp/tmpb1pnzj31']
[2022-06-12 17:18:34,003] {standard_task_runner.py:80} INFO - Job 980: Subtask get_data_to_ingest_from_local_file_task
[2022-06-12 17:18:34,168] {task_command.py:370} INFO - Running <TaskInstance: ingest_data.get_data_to_ingest_from_local_file_task scheduled__2022-06-12T04:53:00+00:00 [running]> on host DESKTOP-GDPK8BL.localdomain
[2022-06-12 17:18:34,600] {taskinstance.py:1569} INFO - Exporting the following env vars:
AIRFLOW_CTX_DAG_OWNER=airflow
AIRFLOW_CTX_DAG_ID=ingest_data
AIRFLOW_CTX_TASK_ID=get_data_to_ingest_from_local_file_task
AIRFLOW_CTX_EXECUTION_DATE=2022-06-12T04:53:00+00:00
AIRFLOW_CTX_TRY_NUMBER=1
AIRFLOW_CTX_DAG_RUN_ID=scheduled__2022-06-12T04:53:00+00:00
[2022-06-12 17:18:34,670] {python.py:173} INFO - Done. Returned value was:           AT      V       AP     RH      PE
32985  13.12  52.75  1023.69  67.50  462.70
28740  10.05  37.14  1012.64  75.97  474.16
39443  28.98  70.80  1008.19  73.45  434.08
29358  19.74  67.71  1007.68  64.02  446.10
44042   6.19  41.31  1002.48  88.80  485.08
[2022-06-12 17:18:34,819] {taskinstance.py:1395} INFO - Marking task as SUCCESS. dag_id=ingest_data, task_id=get_data_to_ingest_from_local_file_task, execution_date=20220612T045300, start_date=20220612T151833, end_date=20220612T151834
[2022-06-12 17:18:34,903] {local_task_job.py:156} INFO - Task exited with return code 0
[2022-06-12 17:18:35,122] {local_task_job.py:273} INFO - 1 downstream tasks scheduled from follow-on schedule check
