[2022-06-12 17:47:50,637] {taskinstance.py:1159} INFO - Dependencies all met for <TaskInstance: ingest_data.get_data_to_ingest_from_local_file_task scheduled__2022-06-12T08:00:00+00:00 [queued]>
[2022-06-12 17:47:50,675] {taskinstance.py:1159} INFO - Dependencies all met for <TaskInstance: ingest_data.get_data_to_ingest_from_local_file_task scheduled__2022-06-12T08:00:00+00:00 [queued]>
[2022-06-12 17:47:50,676] {taskinstance.py:1356} INFO - 
--------------------------------------------------------------------------------
[2022-06-12 17:47:50,676] {taskinstance.py:1357} INFO - Starting attempt 1 of 1
[2022-06-12 17:47:50,677] {taskinstance.py:1358} INFO - 
--------------------------------------------------------------------------------
[2022-06-12 17:47:50,741] {taskinstance.py:1377} INFO - Executing <Task(_PythonDecoratedOperator): get_data_to_ingest_from_local_file_task> on 2022-06-12 08:00:00+00:00
[2022-06-12 17:47:50,754] {standard_task_runner.py:79} INFO - Running: ['airflow', 'tasks', 'run', 'ingest_data', 'get_data_to_ingest_from_local_file_task', 'scheduled__2022-06-12T08:00:00+00:00', '--job-id', '1353', '--raw', '--subdir', 'DAGS_FOLDER/ingestion_dag.py', '--cfg-path', '/tmp/tmpjun69fsa', '--error-file', '/tmp/tmpvw3125nk']
[2022-06-12 17:47:50,757] {standard_task_runner.py:80} INFO - Job 1353: Subtask get_data_to_ingest_from_local_file_task
[2022-06-12 17:47:50,747] {standard_task_runner.py:52} INFO - Started process 10864 to run task
[2022-06-12 17:47:50,916] {task_command.py:370} INFO - Running <TaskInstance: ingest_data.get_data_to_ingest_from_local_file_task scheduled__2022-06-12T08:00:00+00:00 [running]> on host DESKTOP-GDPK8BL.localdomain
[2022-06-12 17:47:51,361] {taskinstance.py:1569} INFO - Exporting the following env vars:
AIRFLOW_CTX_DAG_OWNER=airflow
AIRFLOW_CTX_DAG_ID=ingest_data
AIRFLOW_CTX_TASK_ID=get_data_to_ingest_from_local_file_task
AIRFLOW_CTX_EXECUTION_DATE=2022-06-12T08:00:00+00:00
AIRFLOW_CTX_TRY_NUMBER=1
AIRFLOW_CTX_DAG_RUN_ID=scheduled__2022-06-12T08:00:00+00:00
[2022-06-12 17:47:51,430] {python.py:173} INFO - Done. Returned value was:           AT      V       AP     RH      PE
5032   21.36  58.95  1018.35  78.87  443.93
13274  13.07  42.18  1014.98  87.77  461.71
25975   7.29  39.37  1019.24  73.46  478.19
24872   9.77  44.68  1023.37  91.40  477.56
6475    6.72  38.91  1016.89  90.47  485.89
[2022-06-12 17:47:51,600] {taskinstance.py:1395} INFO - Marking task as SUCCESS. dag_id=ingest_data, task_id=get_data_to_ingest_from_local_file_task, execution_date=20220612T080000, start_date=20220612T154750, end_date=20220612T154751
[2022-06-12 17:47:51,698] {local_task_job.py:156} INFO - Task exited with return code 0
[2022-06-12 17:47:51,923] {local_task_job.py:273} INFO - 1 downstream tasks scheduled from follow-on schedule check
