[2022-06-12 16:13:28,540] {taskinstance.py:1159} INFO - Dependencies all met for <TaskInstance: ingest_data.get_data_to_ingest_from_local_file_task scheduled__2022-06-11T22:41:00+00:00 [queued]>
[2022-06-12 16:13:28,565] {taskinstance.py:1159} INFO - Dependencies all met for <TaskInstance: ingest_data.get_data_to_ingest_from_local_file_task scheduled__2022-06-11T22:41:00+00:00 [queued]>
[2022-06-12 16:13:28,565] {taskinstance.py:1356} INFO - 
--------------------------------------------------------------------------------
[2022-06-12 16:13:28,566] {taskinstance.py:1357} INFO - Starting attempt 1 of 1
[2022-06-12 16:13:28,567] {taskinstance.py:1358} INFO - 
--------------------------------------------------------------------------------
[2022-06-12 16:13:28,617] {taskinstance.py:1377} INFO - Executing <Task(_PythonDecoratedOperator): get_data_to_ingest_from_local_file_task> on 2022-06-11 22:41:00+00:00
[2022-06-12 16:13:28,623] {standard_task_runner.py:52} INFO - Started process 2461 to run task
[2022-06-12 16:13:28,629] {standard_task_runner.py:79} INFO - Running: ['airflow', 'tasks', 'run', 'ingest_data', 'get_data_to_ingest_from_local_file_task', 'scheduled__2022-06-11T22:41:00+00:00', '--job-id', '236', '--raw', '--subdir', 'DAGS_FOLDER/ingestion_dag.py', '--cfg-path', '/tmp/tmpnf_e8xh0', '--error-file', '/tmp/tmprv6fsivf']
[2022-06-12 16:13:28,630] {standard_task_runner.py:80} INFO - Job 236: Subtask get_data_to_ingest_from_local_file_task
[2022-06-12 16:13:28,783] {task_command.py:370} INFO - Running <TaskInstance: ingest_data.get_data_to_ingest_from_local_file_task scheduled__2022-06-11T22:41:00+00:00 [running]> on host DESKTOP-GDPK8BL.localdomain
[2022-06-12 16:13:29,125] {taskinstance.py:1569} INFO - Exporting the following env vars:
AIRFLOW_CTX_DAG_OWNER=airflow
AIRFLOW_CTX_DAG_ID=ingest_data
AIRFLOW_CTX_TASK_ID=get_data_to_ingest_from_local_file_task
AIRFLOW_CTX_EXECUTION_DATE=2022-06-11T22:41:00+00:00
AIRFLOW_CTX_TRY_NUMBER=1
AIRFLOW_CTX_DAG_RUN_ID=scheduled__2022-06-11T22:41:00+00:00
[2022-06-12 16:13:29,205] {python.py:173} INFO - Done. Returned value was:           AT      V       AP     RH      PE
24342  12.98  39.64  1013.95  74.39  473.54
743    20.06  52.84  1004.21  82.12  447.47
38740  23.37  70.94  1008.01  81.28  441.56
46768  14.10  39.16  1008.19  74.05  464.07
47262  23.19  58.82  1009.96  81.05  446.44
[2022-06-12 16:13:29,322] {taskinstance.py:1395} INFO - Marking task as SUCCESS. dag_id=ingest_data, task_id=get_data_to_ingest_from_local_file_task, execution_date=20220611T224100, start_date=20220612T141328, end_date=20220612T141329
[2022-06-12 16:13:29,408] {local_task_job.py:156} INFO - Task exited with return code 0
[2022-06-12 16:13:29,604] {local_task_job.py:273} INFO - 1 downstream tasks scheduled from follow-on schedule check
