[2022-06-12 16:19:41,095] {taskinstance.py:1159} INFO - Dependencies all met for <TaskInstance: ingest_data.get_data_to_ingest_from_local_file_task scheduled__2022-06-11T23:18:00+00:00 [queued]>
[2022-06-12 16:19:41,122] {taskinstance.py:1159} INFO - Dependencies all met for <TaskInstance: ingest_data.get_data_to_ingest_from_local_file_task scheduled__2022-06-11T23:18:00+00:00 [queued]>
[2022-06-12 16:19:41,123] {taskinstance.py:1356} INFO - 
--------------------------------------------------------------------------------
[2022-06-12 16:19:41,123] {taskinstance.py:1357} INFO - Starting attempt 1 of 1
[2022-06-12 16:19:41,124] {taskinstance.py:1358} INFO - 
--------------------------------------------------------------------------------
[2022-06-12 16:19:41,200] {taskinstance.py:1377} INFO - Executing <Task(_PythonDecoratedOperator): get_data_to_ingest_from_local_file_task> on 2022-06-11 23:18:00+00:00
[2022-06-12 16:19:41,207] {standard_task_runner.py:52} INFO - Started process 3090 to run task
[2022-06-12 16:19:41,213] {standard_task_runner.py:79} INFO - Running: ['airflow', 'tasks', 'run', 'ingest_data', 'get_data_to_ingest_from_local_file_task', 'scheduled__2022-06-11T23:18:00+00:00', '--job-id', '310', '--raw', '--subdir', 'DAGS_FOLDER/ingestion_dag.py', '--cfg-path', '/tmp/tmp2m1bp4jl', '--error-file', '/tmp/tmptsh3ovm_']
[2022-06-12 16:19:41,215] {standard_task_runner.py:80} INFO - Job 310: Subtask get_data_to_ingest_from_local_file_task
[2022-06-12 16:19:41,366] {task_command.py:370} INFO - Running <TaskInstance: ingest_data.get_data_to_ingest_from_local_file_task scheduled__2022-06-11T23:18:00+00:00 [running]> on host DESKTOP-GDPK8BL.localdomain
[2022-06-12 16:19:41,731] {taskinstance.py:1569} INFO - Exporting the following env vars:
AIRFLOW_CTX_DAG_OWNER=airflow
AIRFLOW_CTX_DAG_ID=ingest_data
AIRFLOW_CTX_TASK_ID=get_data_to_ingest_from_local_file_task
AIRFLOW_CTX_EXECUTION_DATE=2022-06-11T23:18:00+00:00
AIRFLOW_CTX_TRY_NUMBER=1
AIRFLOW_CTX_DAG_RUN_ID=scheduled__2022-06-11T23:18:00+00:00
[2022-06-12 16:19:41,796] {python.py:173} INFO - Done. Returned value was:           AT      V       AP     RH      PE
6818    3.21  38.44  1017.11  84.86  492.93
3910   31.92  75.33  1001.81  61.97  436.38
30135  14.14  39.82  1012.46  81.15  472.52
18384  26.78  66.54  1010.14  49.01  440.00
40169  12.83  44.88  1017.86  87.88  474.26
[2022-06-12 16:19:41,920] {taskinstance.py:1395} INFO - Marking task as SUCCESS. dag_id=ingest_data, task_id=get_data_to_ingest_from_local_file_task, execution_date=20220611T231800, start_date=20220612T141941, end_date=20220612T141941
[2022-06-12 16:19:41,991] {local_task_job.py:156} INFO - Task exited with return code 0
[2022-06-12 16:19:42,205] {local_task_job.py:273} INFO - 1 downstream tasks scheduled from follow-on schedule check
