[2022-06-12 17:19:15,464] {taskinstance.py:1159} INFO - Dependencies all met for <TaskInstance: ingest_data.get_data_to_ingest_from_local_file_task scheduled__2022-06-12T04:58:00+00:00 [queued]>
[2022-06-12 17:19:15,496] {taskinstance.py:1159} INFO - Dependencies all met for <TaskInstance: ingest_data.get_data_to_ingest_from_local_file_task scheduled__2022-06-12T04:58:00+00:00 [queued]>
[2022-06-12 17:19:15,496] {taskinstance.py:1356} INFO - 
--------------------------------------------------------------------------------
[2022-06-12 17:19:15,497] {taskinstance.py:1357} INFO - Starting attempt 1 of 1
[2022-06-12 17:19:15,498] {taskinstance.py:1358} INFO - 
--------------------------------------------------------------------------------
[2022-06-12 17:19:15,552] {taskinstance.py:1377} INFO - Executing <Task(_PythonDecoratedOperator): get_data_to_ingest_from_local_file_task> on 2022-06-12 04:58:00+00:00
[2022-06-12 17:19:15,558] {standard_task_runner.py:52} INFO - Started process 8176 to run task
[2022-06-12 17:19:15,563] {standard_task_runner.py:79} INFO - Running: ['airflow', 'tasks', 'run', 'ingest_data', 'get_data_to_ingest_from_local_file_task', 'scheduled__2022-06-12T04:58:00+00:00', '--job-id', '989', '--raw', '--subdir', 'DAGS_FOLDER/ingestion_dag.py', '--cfg-path', '/tmp/tmpl46e302f', '--error-file', '/tmp/tmpmt4fq34z']
[2022-06-12 17:19:15,565] {standard_task_runner.py:80} INFO - Job 989: Subtask get_data_to_ingest_from_local_file_task
[2022-06-12 17:19:15,732] {task_command.py:370} INFO - Running <TaskInstance: ingest_data.get_data_to_ingest_from_local_file_task scheduled__2022-06-12T04:58:00+00:00 [running]> on host DESKTOP-GDPK8BL.localdomain
[2022-06-12 17:19:16,151] {taskinstance.py:1569} INFO - Exporting the following env vars:
AIRFLOW_CTX_DAG_OWNER=airflow
AIRFLOW_CTX_DAG_ID=ingest_data
AIRFLOW_CTX_TASK_ID=get_data_to_ingest_from_local_file_task
AIRFLOW_CTX_EXECUTION_DATE=2022-06-12T04:58:00+00:00
AIRFLOW_CTX_TRY_NUMBER=1
AIRFLOW_CTX_DAG_RUN_ID=scheduled__2022-06-12T04:58:00+00:00
[2022-06-12 17:19:16,250] {python.py:173} INFO - Done. Returned value was:           AT      V       AP     RH      PE
112    21.59  61.87  1011.18  57.21  446.58
31297  30.90  73.42  1011.21  65.32  433.44
30728  25.37  66.75  1017.94  79.26  434.16
24583  30.46  66.75  1017.81  54.48  432.45
4407   19.15  56.53  1019.95  84.10  456.40
[2022-06-12 17:19:16,405] {taskinstance.py:1395} INFO - Marking task as SUCCESS. dag_id=ingest_data, task_id=get_data_to_ingest_from_local_file_task, execution_date=20220612T045800, start_date=20220612T151915, end_date=20220612T151916
[2022-06-12 17:19:16,502] {local_task_job.py:156} INFO - Task exited with return code 0
[2022-06-12 17:19:16,718] {local_task_job.py:273} INFO - 1 downstream tasks scheduled from follow-on schedule check
