[2022-06-12 14:49:36,027] {taskinstance.py:1159} INFO - Dependencies all met for <TaskInstance: ingest_data.get_data_to_ingest_from_local_file_task scheduled__2022-06-11T21:31:00+00:00 [queued]>
[2022-06-12 14:49:36,055] {taskinstance.py:1159} INFO - Dependencies all met for <TaskInstance: ingest_data.get_data_to_ingest_from_local_file_task scheduled__2022-06-11T21:31:00+00:00 [queued]>
[2022-06-12 14:49:36,056] {taskinstance.py:1356} INFO - 
--------------------------------------------------------------------------------
[2022-06-12 14:49:36,057] {taskinstance.py:1357} INFO - Starting attempt 1 of 1
[2022-06-12 14:49:36,057] {taskinstance.py:1358} INFO - 
--------------------------------------------------------------------------------
[2022-06-12 14:49:36,152] {taskinstance.py:1377} INFO - Executing <Task(_PythonDecoratedOperator): get_data_to_ingest_from_local_file_task> on 2022-06-11 21:31:00+00:00
[2022-06-12 14:49:36,159] {standard_task_runner.py:52} INFO - Started process 1269 to run task
[2022-06-12 14:49:36,165] {standard_task_runner.py:79} INFO - Running: ['airflow', 'tasks', 'run', 'ingest_data', 'get_data_to_ingest_from_local_file_task', 'scheduled__2022-06-11T21:31:00+00:00', '--job-id', '96', '--raw', '--subdir', 'DAGS_FOLDER/ingestion_dag.py', '--cfg-path', '/tmp/tmp3_y0shwk', '--error-file', '/tmp/tmpqnfj1y8r']
[2022-06-12 14:49:36,167] {standard_task_runner.py:80} INFO - Job 96: Subtask get_data_to_ingest_from_local_file_task
[2022-06-12 14:49:36,300] {task_command.py:370} INFO - Running <TaskInstance: ingest_data.get_data_to_ingest_from_local_file_task scheduled__2022-06-11T21:31:00+00:00 [running]> on host DESKTOP-GDPK8BL.localdomain
[2022-06-12 14:49:36,695] {taskinstance.py:1569} INFO - Exporting the following env vars:
AIRFLOW_CTX_DAG_OWNER=airflow
AIRFLOW_CTX_DAG_ID=ingest_data
AIRFLOW_CTX_TASK_ID=get_data_to_ingest_from_local_file_task
AIRFLOW_CTX_EXECUTION_DATE=2022-06-11T21:31:00+00:00
AIRFLOW_CTX_TRY_NUMBER=1
AIRFLOW_CTX_DAG_RUN_ID=scheduled__2022-06-11T21:31:00+00:00
[2022-06-12 14:49:36,786] {python.py:173} INFO - Done. Returned value was:           AT      V       AP     RH      PE
47653  19.62  62.96  1020.76  76.53  456.02
37284  23.92  63.21  1012.52  86.51  445.26
21565  14.81  43.69  1017.19  71.90  470.71
10378  26.02  70.79  1004.21  79.12  428.72
35872  15.17  36.71  1013.50  77.44  471.93
[2022-06-12 14:49:36,904] {taskinstance.py:1395} INFO - Marking task as SUCCESS. dag_id=ingest_data, task_id=get_data_to_ingest_from_local_file_task, execution_date=20220611T213100, start_date=20220612T124936, end_date=20220612T124936
[2022-06-12 14:49:36,984] {local_task_job.py:156} INFO - Task exited with return code 0
[2022-06-12 14:49:37,244] {local_task_job.py:273} INFO - 1 downstream tasks scheduled from follow-on schedule check
