[2022-06-12 16:33:16,171] {taskinstance.py:1159} INFO - Dependencies all met for <TaskInstance: ingest_data.get_data_to_ingest_from_local_file_task scheduled__2022-06-12T00:39:00+00:00 [queued]>
[2022-06-12 16:33:16,201] {taskinstance.py:1159} INFO - Dependencies all met for <TaskInstance: ingest_data.get_data_to_ingest_from_local_file_task scheduled__2022-06-12T00:39:00+00:00 [queued]>
[2022-06-12 16:33:16,201] {taskinstance.py:1356} INFO - 
--------------------------------------------------------------------------------
[2022-06-12 16:33:16,202] {taskinstance.py:1357} INFO - Starting attempt 1 of 1
[2022-06-12 16:33:16,202] {taskinstance.py:1358} INFO - 
--------------------------------------------------------------------------------
[2022-06-12 16:33:16,259] {taskinstance.py:1377} INFO - Executing <Task(_PythonDecoratedOperator): get_data_to_ingest_from_local_file_task> on 2022-06-12 00:39:00+00:00
[2022-06-12 16:33:16,265] {standard_task_runner.py:52} INFO - Started process 4320 to run task
[2022-06-12 16:33:16,275] {standard_task_runner.py:79} INFO - Running: ['airflow', 'tasks', 'run', 'ingest_data', 'get_data_to_ingest_from_local_file_task', 'scheduled__2022-06-12T00:39:00+00:00', '--job-id', '471', '--raw', '--subdir', 'DAGS_FOLDER/ingestion_dag.py', '--cfg-path', '/tmp/tmp9m6tou7p', '--error-file', '/tmp/tmptfke9j81']
[2022-06-12 16:33:16,277] {standard_task_runner.py:80} INFO - Job 471: Subtask get_data_to_ingest_from_local_file_task
[2022-06-12 16:33:16,424] {task_command.py:370} INFO - Running <TaskInstance: ingest_data.get_data_to_ingest_from_local_file_task scheduled__2022-06-12T00:39:00+00:00 [running]> on host DESKTOP-GDPK8BL.localdomain
[2022-06-12 16:33:16,789] {taskinstance.py:1569} INFO - Exporting the following env vars:
AIRFLOW_CTX_DAG_OWNER=airflow
AIRFLOW_CTX_DAG_ID=ingest_data
AIRFLOW_CTX_TASK_ID=get_data_to_ingest_from_local_file_task
AIRFLOW_CTX_EXECUTION_DATE=2022-06-12T00:39:00+00:00
AIRFLOW_CTX_TRY_NUMBER=1
AIRFLOW_CTX_DAG_RUN_ID=scheduled__2022-06-12T00:39:00+00:00
[2022-06-12 16:33:16,859] {python.py:173} INFO - Done. Returned value was:           AT      V       AP     RH      PE
46768  14.10  39.16  1008.19  74.05  464.07
32698  17.25  43.14  1018.34  76.17  462.80
27371  21.53  58.05  1012.90  87.57  447.93
5244   19.72  47.03  1012.10  90.36  458.59
12904  19.36  68.61  1010.85  94.87  454.50
[2022-06-12 16:33:16,976] {taskinstance.py:1395} INFO - Marking task as SUCCESS. dag_id=ingest_data, task_id=get_data_to_ingest_from_local_file_task, execution_date=20220612T003900, start_date=20220612T143316, end_date=20220612T143316
[2022-06-12 16:33:17,050] {local_task_job.py:156} INFO - Task exited with return code 0
[2022-06-12 16:33:17,260] {local_task_job.py:273} INFO - 1 downstream tasks scheduled from follow-on schedule check
