[2022-06-12 17:49:38,965] {taskinstance.py:1159} INFO - Dependencies all met for <TaskInstance: ingest_data.get_data_to_ingest_from_local_file_task scheduled__2022-06-12T08:11:00+00:00 [queued]>
[2022-06-12 17:49:39,001] {taskinstance.py:1159} INFO - Dependencies all met for <TaskInstance: ingest_data.get_data_to_ingest_from_local_file_task scheduled__2022-06-12T08:11:00+00:00 [queued]>
[2022-06-12 17:49:39,002] {taskinstance.py:1356} INFO - 
--------------------------------------------------------------------------------
[2022-06-12 17:49:39,002] {taskinstance.py:1357} INFO - Starting attempt 1 of 1
[2022-06-12 17:49:39,003] {taskinstance.py:1358} INFO - 
--------------------------------------------------------------------------------
[2022-06-12 17:49:39,075] {taskinstance.py:1377} INFO - Executing <Task(_PythonDecoratedOperator): get_data_to_ingest_from_local_file_task> on 2022-06-12 08:11:00+00:00
[2022-06-12 17:49:39,081] {standard_task_runner.py:52} INFO - Started process 11027 to run task
[2022-06-12 17:49:39,093] {standard_task_runner.py:79} INFO - Running: ['airflow', 'tasks', 'run', 'ingest_data', 'get_data_to_ingest_from_local_file_task', 'scheduled__2022-06-12T08:11:00+00:00', '--job-id', '1375', '--raw', '--subdir', 'DAGS_FOLDER/ingestion_dag.py', '--cfg-path', '/tmp/tmpajzaw11d', '--error-file', '/tmp/tmp0pia9zmc']
[2022-06-12 17:49:39,096] {standard_task_runner.py:80} INFO - Job 1375: Subtask get_data_to_ingest_from_local_file_task
[2022-06-12 17:49:39,252] {task_command.py:370} INFO - Running <TaskInstance: ingest_data.get_data_to_ingest_from_local_file_task scheduled__2022-06-12T08:11:00+00:00 [running]> on host DESKTOP-GDPK8BL.localdomain
[2022-06-12 17:49:39,734] {taskinstance.py:1569} INFO - Exporting the following env vars:
AIRFLOW_CTX_DAG_OWNER=airflow
AIRFLOW_CTX_DAG_ID=ingest_data
AIRFLOW_CTX_TASK_ID=get_data_to_ingest_from_local_file_task
AIRFLOW_CTX_EXECUTION_DATE=2022-06-12T08:11:00+00:00
AIRFLOW_CTX_TRY_NUMBER=1
AIRFLOW_CTX_DAG_RUN_ID=scheduled__2022-06-12T08:11:00+00:00
[2022-06-12 17:49:39,809] {python.py:173} INFO - Done. Returned value was:           AT      V       AP     RH      PE
16467  10.01  43.70  1015.73  91.97  479.24
34710  14.28  42.74  1028.79  70.67  467.22
6760   28.31  64.79  1016.58  60.88  440.96
40630  12.52  41.44  1016.08  68.94  477.18
14918  30.63  74.22  1007.47  46.52  430.38
[2022-06-12 17:49:39,976] {taskinstance.py:1395} INFO - Marking task as SUCCESS. dag_id=ingest_data, task_id=get_data_to_ingest_from_local_file_task, execution_date=20220612T081100, start_date=20220612T154938, end_date=20220612T154939
[2022-06-12 17:49:40,074] {local_task_job.py:156} INFO - Task exited with return code 0
[2022-06-12 17:49:40,304] {local_task_job.py:273} INFO - 1 downstream tasks scheduled from follow-on schedule check
