[2022-06-12 17:32:47,887] {taskinstance.py:1159} INFO - Dependencies all met for <TaskInstance: ingest_data.get_data_to_ingest_from_local_file_task scheduled__2022-06-12T06:24:00+00:00 [queued]>
[2022-06-12 17:32:47,914] {taskinstance.py:1159} INFO - Dependencies all met for <TaskInstance: ingest_data.get_data_to_ingest_from_local_file_task scheduled__2022-06-12T06:24:00+00:00 [queued]>
[2022-06-12 17:32:47,915] {taskinstance.py:1356} INFO - 
--------------------------------------------------------------------------------
[2022-06-12 17:32:47,915] {taskinstance.py:1357} INFO - Starting attempt 1 of 1
[2022-06-12 17:32:47,916] {taskinstance.py:1358} INFO - 
--------------------------------------------------------------------------------
[2022-06-12 17:32:47,969] {taskinstance.py:1377} INFO - Executing <Task(_PythonDecoratedOperator): get_data_to_ingest_from_local_file_task> on 2022-06-12 06:24:00+00:00
[2022-06-12 17:32:47,981] {standard_task_runner.py:79} INFO - Running: ['airflow', 'tasks', 'run', 'ingest_data', 'get_data_to_ingest_from_local_file_task', 'scheduled__2022-06-12T06:24:00+00:00', '--job-id', '1161', '--raw', '--subdir', 'DAGS_FOLDER/ingestion_dag.py', '--cfg-path', '/tmp/tmpun6wgbs5', '--error-file', '/tmp/tmpx4reribh']
[2022-06-12 17:32:47,979] {standard_task_runner.py:52} INFO - Started process 9446 to run task
[2022-06-12 17:32:47,984] {standard_task_runner.py:80} INFO - Job 1161: Subtask get_data_to_ingest_from_local_file_task
[2022-06-12 17:32:48,156] {task_command.py:370} INFO - Running <TaskInstance: ingest_data.get_data_to_ingest_from_local_file_task scheduled__2022-06-12T06:24:00+00:00 [running]> on host DESKTOP-GDPK8BL.localdomain
[2022-06-12 17:32:48,676] {taskinstance.py:1569} INFO - Exporting the following env vars:
AIRFLOW_CTX_DAG_OWNER=airflow
AIRFLOW_CTX_DAG_ID=ingest_data
AIRFLOW_CTX_TASK_ID=get_data_to_ingest_from_local_file_task
AIRFLOW_CTX_EXECUTION_DATE=2022-06-12T06:24:00+00:00
AIRFLOW_CTX_TRY_NUMBER=1
AIRFLOW_CTX_DAG_RUN_ID=scheduled__2022-06-12T06:24:00+00:00
[2022-06-12 17:32:48,757] {python.py:173} INFO - Done. Returned value was:           AT      V       AP     RH      PE
43704  22.36  58.79  1011.77  87.51  446.49
12224  14.48  44.06  1018.73  75.88  467.46
46612  19.18  58.20  1017.46  76.72  453.20
39645  28.69  73.18  1012.23  68.57  431.36
5032   21.36  58.95  1018.35  78.87  443.93
[2022-06-12 17:32:48,936] {taskinstance.py:1395} INFO - Marking task as SUCCESS. dag_id=ingest_data, task_id=get_data_to_ingest_from_local_file_task, execution_date=20220612T062400, start_date=20220612T153247, end_date=20220612T153248
[2022-06-12 17:32:49,045] {local_task_job.py:156} INFO - Task exited with return code 0
[2022-06-12 17:32:49,259] {local_task_job.py:273} INFO - 1 downstream tasks scheduled from follow-on schedule check
