[2022-06-12 16:31:04,958] {taskinstance.py:1159} INFO - Dependencies all met for <TaskInstance: ingest_data.get_data_to_ingest_from_local_file_task scheduled__2022-06-12T00:24:00+00:00 [queued]>
[2022-06-12 16:31:04,986] {taskinstance.py:1159} INFO - Dependencies all met for <TaskInstance: ingest_data.get_data_to_ingest_from_local_file_task scheduled__2022-06-12T00:24:00+00:00 [queued]>
[2022-06-12 16:31:04,987] {taskinstance.py:1356} INFO - 
--------------------------------------------------------------------------------
[2022-06-12 16:31:04,988] {taskinstance.py:1357} INFO - Starting attempt 1 of 1
[2022-06-12 16:31:04,988] {taskinstance.py:1358} INFO - 
--------------------------------------------------------------------------------
[2022-06-12 16:31:05,045] {taskinstance.py:1377} INFO - Executing <Task(_PythonDecoratedOperator): get_data_to_ingest_from_local_file_task> on 2022-06-12 00:24:00+00:00
[2022-06-12 16:31:05,052] {standard_task_runner.py:52} INFO - Started process 4100 to run task
[2022-06-12 16:31:05,061] {standard_task_runner.py:79} INFO - Running: ['airflow', 'tasks', 'run', 'ingest_data', 'get_data_to_ingest_from_local_file_task', 'scheduled__2022-06-12T00:24:00+00:00', '--job-id', '441', '--raw', '--subdir', 'DAGS_FOLDER/ingestion_dag.py', '--cfg-path', '/tmp/tmp3dfdxmkj', '--error-file', '/tmp/tmp1gocc8bx']
[2022-06-12 16:31:05,062] {standard_task_runner.py:80} INFO - Job 441: Subtask get_data_to_ingest_from_local_file_task
[2022-06-12 16:31:05,209] {task_command.py:370} INFO - Running <TaskInstance: ingest_data.get_data_to_ingest_from_local_file_task scheduled__2022-06-12T00:24:00+00:00 [running]> on host DESKTOP-GDPK8BL.localdomain
[2022-06-12 16:31:05,566] {taskinstance.py:1569} INFO - Exporting the following env vars:
AIRFLOW_CTX_DAG_OWNER=airflow
AIRFLOW_CTX_DAG_ID=ingest_data
AIRFLOW_CTX_TASK_ID=get_data_to_ingest_from_local_file_task
AIRFLOW_CTX_EXECUTION_DATE=2022-06-12T00:24:00+00:00
AIRFLOW_CTX_TRY_NUMBER=1
AIRFLOW_CTX_DAG_RUN_ID=scheduled__2022-06-12T00:24:00+00:00
[2022-06-12 16:31:05,641] {python.py:173} INFO - Done. Returned value was:           AT      V       AP     RH      PE
18289  17.38  43.14  1011.09  61.90  459.02
28531  14.17  41.67  1013.40  72.77  471.42
8300   28.72  68.14  1005.82  46.52  443.26
31088  17.36  52.90  1015.42  69.97  458.66
9178    7.44  38.50  1012.81  70.27  488.12
[2022-06-12 16:31:05,764] {taskinstance.py:1395} INFO - Marking task as SUCCESS. dag_id=ingest_data, task_id=get_data_to_ingest_from_local_file_task, execution_date=20220612T002400, start_date=20220612T143104, end_date=20220612T143105
[2022-06-12 16:31:05,837] {local_task_job.py:156} INFO - Task exited with return code 0
[2022-06-12 16:31:06,034] {local_task_job.py:273} INFO - 1 downstream tasks scheduled from follow-on schedule check
