[2022-06-12 17:26:06,803] {taskinstance.py:1159} INFO - Dependencies all met for <TaskInstance: ingest_data.get_data_to_ingest_from_local_file_task scheduled__2022-06-12T05:41:00+00:00 [queued]>
[2022-06-12 17:26:06,848] {taskinstance.py:1159} INFO - Dependencies all met for <TaskInstance: ingest_data.get_data_to_ingest_from_local_file_task scheduled__2022-06-12T05:41:00+00:00 [queued]>
[2022-06-12 17:26:06,849] {taskinstance.py:1356} INFO - 
--------------------------------------------------------------------------------
[2022-06-12 17:26:06,849] {taskinstance.py:1357} INFO - Starting attempt 1 of 1
[2022-06-12 17:26:06,850] {taskinstance.py:1358} INFO - 
--------------------------------------------------------------------------------
[2022-06-12 17:26:06,910] {taskinstance.py:1377} INFO - Executing <Task(_PythonDecoratedOperator): get_data_to_ingest_from_local_file_task> on 2022-06-12 05:41:00+00:00
[2022-06-12 17:26:06,922] {standard_task_runner.py:52} INFO - Started process 8811 to run task
[2022-06-12 17:26:06,928] {standard_task_runner.py:79} INFO - Running: ['airflow', 'tasks', 'run', 'ingest_data', 'get_data_to_ingest_from_local_file_task', 'scheduled__2022-06-12T05:41:00+00:00', '--job-id', '1075', '--raw', '--subdir', 'DAGS_FOLDER/ingestion_dag.py', '--cfg-path', '/tmp/tmp9vltz7kl', '--error-file', '/tmp/tmp7rgexl6r']
[2022-06-12 17:26:06,930] {standard_task_runner.py:80} INFO - Job 1075: Subtask get_data_to_ingest_from_local_file_task
[2022-06-12 17:26:07,075] {task_command.py:370} INFO - Running <TaskInstance: ingest_data.get_data_to_ingest_from_local_file_task scheduled__2022-06-12T05:41:00+00:00 [running]> on host DESKTOP-GDPK8BL.localdomain
[2022-06-12 17:26:07,538] {taskinstance.py:1569} INFO - Exporting the following env vars:
AIRFLOW_CTX_DAG_OWNER=airflow
AIRFLOW_CTX_DAG_ID=ingest_data
AIRFLOW_CTX_TASK_ID=get_data_to_ingest_from_local_file_task
AIRFLOW_CTX_EXECUTION_DATE=2022-06-12T05:41:00+00:00
AIRFLOW_CTX_TRY_NUMBER=1
AIRFLOW_CTX_DAG_RUN_ID=scheduled__2022-06-12T05:41:00+00:00
[2022-06-12 17:26:07,611] {python.py:173} INFO - Done. Returned value was:           AT      V       AP     RH      PE
8441   20.18  56.53  1020.30  77.10  454.14
13816  16.75  36.99  1006.42  87.18  464.18
24076  13.18  43.72  1010.59  99.09  464.70
12277  18.38  62.10  1020.12  77.27  452.91
35661  14.95  42.99  1008.75  90.76  468.61
[2022-06-12 17:26:07,775] {taskinstance.py:1395} INFO - Marking task as SUCCESS. dag_id=ingest_data, task_id=get_data_to_ingest_from_local_file_task, execution_date=20220612T054100, start_date=20220612T152606, end_date=20220612T152607
[2022-06-12 17:26:07,867] {local_task_job.py:156} INFO - Task exited with return code 0
[2022-06-12 17:26:08,072] {local_task_job.py:273} INFO - 1 downstream tasks scheduled from follow-on schedule check
