[2022-06-12 17:36:03,296] {taskinstance.py:1159} INFO - Dependencies all met for <TaskInstance: ingest_data.get_data_to_ingest_from_local_file_task scheduled__2022-06-12T06:45:00+00:00 [queued]>
[2022-06-12 17:36:03,332] {taskinstance.py:1159} INFO - Dependencies all met for <TaskInstance: ingest_data.get_data_to_ingest_from_local_file_task scheduled__2022-06-12T06:45:00+00:00 [queued]>
[2022-06-12 17:36:03,333] {taskinstance.py:1356} INFO - 
--------------------------------------------------------------------------------
[2022-06-12 17:36:03,334] {taskinstance.py:1357} INFO - Starting attempt 1 of 1
[2022-06-12 17:36:03,335] {taskinstance.py:1358} INFO - 
--------------------------------------------------------------------------------
[2022-06-12 17:36:03,409] {taskinstance.py:1377} INFO - Executing <Task(_PythonDecoratedOperator): get_data_to_ingest_from_local_file_task> on 2022-06-12 06:45:00+00:00
[2022-06-12 17:36:03,420] {standard_task_runner.py:52} INFO - Started process 9755 to run task
[2022-06-12 17:36:03,427] {standard_task_runner.py:79} INFO - Running: ['airflow', 'tasks', 'run', 'ingest_data', 'get_data_to_ingest_from_local_file_task', 'scheduled__2022-06-12T06:45:00+00:00', '--job-id', '1203', '--raw', '--subdir', 'DAGS_FOLDER/ingestion_dag.py', '--cfg-path', '/tmp/tmppprjgp7i', '--error-file', '/tmp/tmp558vd5jg']
[2022-06-12 17:36:03,429] {standard_task_runner.py:80} INFO - Job 1203: Subtask get_data_to_ingest_from_local_file_task
[2022-06-12 17:36:03,576] {task_command.py:370} INFO - Running <TaskInstance: ingest_data.get_data_to_ingest_from_local_file_task scheduled__2022-06-12T06:45:00+00:00 [running]> on host DESKTOP-GDPK8BL.localdomain
[2022-06-12 17:36:04,017] {taskinstance.py:1569} INFO - Exporting the following env vars:
AIRFLOW_CTX_DAG_OWNER=airflow
AIRFLOW_CTX_DAG_ID=ingest_data
AIRFLOW_CTX_TASK_ID=get_data_to_ingest_from_local_file_task
AIRFLOW_CTX_EXECUTION_DATE=2022-06-12T06:45:00+00:00
AIRFLOW_CTX_TRY_NUMBER=1
AIRFLOW_CTX_DAG_RUN_ID=scheduled__2022-06-12T06:45:00+00:00
[2022-06-12 17:36:04,090] {python.py:173} INFO - Done. Returned value was:           AT      V       AP     RH      PE
26361  34.35  77.17  1009.26  59.33  437.65
16382  24.22  62.08  1022.53  60.79  449.11
31138  30.33  70.36  1006.72  70.31  438.47
5015   25.90  71.73  1010.18  74.83  434.84
29922   9.31  41.39  1018.30  93.68  480.25
[2022-06-12 17:36:04,254] {taskinstance.py:1395} INFO - Marking task as SUCCESS. dag_id=ingest_data, task_id=get_data_to_ingest_from_local_file_task, execution_date=20220612T064500, start_date=20220612T153603, end_date=20220612T153604
[2022-06-12 17:36:04,365] {local_task_job.py:156} INFO - Task exited with return code 0
[2022-06-12 17:36:04,620] {local_task_job.py:273} INFO - 1 downstream tasks scheduled from follow-on schedule check
