[2022-06-12 14:43:25,605] {taskinstance.py:1159} INFO - Dependencies all met for <TaskInstance: ingest_data.save_data_task scheduled__2022-06-11T21:02:00+00:00 [queued]>
[2022-06-12 14:43:25,668] {taskinstance.py:1159} INFO - Dependencies all met for <TaskInstance: ingest_data.save_data_task scheduled__2022-06-11T21:02:00+00:00 [queued]>
[2022-06-12 14:43:25,669] {taskinstance.py:1356} INFO - 
--------------------------------------------------------------------------------
[2022-06-12 14:43:25,670] {taskinstance.py:1357} INFO - Starting attempt 1 of 1
[2022-06-12 14:43:25,671] {taskinstance.py:1358} INFO - 
--------------------------------------------------------------------------------
[2022-06-12 14:43:25,750] {taskinstance.py:1377} INFO - Executing <Task(_PythonDecoratedOperator): save_data_task> on 2022-06-11 21:02:00+00:00
[2022-06-12 14:43:25,760] {standard_task_runner.py:52} INFO - Started process 739 to run task
[2022-06-12 14:43:25,768] {standard_task_runner.py:79} INFO - Running: ['airflow', 'tasks', 'run', 'ingest_data', 'save_data_task', 'scheduled__2022-06-11T21:02:00+00:00', '--job-id', '23', '--raw', '--subdir', 'DAGS_FOLDER/ingestion_dag.py', '--cfg-path', '/tmp/tmppb05_3x2', '--error-file', '/tmp/tmp5mzgic5f']
[2022-06-12 14:43:25,771] {standard_task_runner.py:80} INFO - Job 23: Subtask save_data_task
[2022-06-12 14:43:25,925] {task_command.py:370} INFO - Running <TaskInstance: ingest_data.save_data_task scheduled__2022-06-11T21:02:00+00:00 [running]> on host DESKTOP-GDPK8BL.localdomain
[2022-06-12 14:43:26,401] {taskinstance.py:1569} INFO - Exporting the following env vars:
AIRFLOW_CTX_DAG_OWNER=airflow
AIRFLOW_CTX_DAG_ID=ingest_data
AIRFLOW_CTX_TASK_ID=save_data_task
AIRFLOW_CTX_EXECUTION_DATE=2022-06-11T21:02:00+00:00
AIRFLOW_CTX_TRY_NUMBER=1
AIRFLOW_CTX_DAG_RUN_ID=scheduled__2022-06-11T21:02:00+00:00
[2022-06-12 14:43:26,419] {python.py:173} INFO - Done. Returned value was: None
[2022-06-12 14:43:26,456] {taskinstance.py:1395} INFO - Marking task as SUCCESS. dag_id=ingest_data, task_id=save_data_task, execution_date=20220611T210200, start_date=20220612T124325, end_date=20220612T124326
[2022-06-12 14:43:26,590] {local_task_job.py:156} INFO - Task exited with return code 0
[2022-06-12 14:43:26,813] {local_task_job.py:273} INFO - 0 downstream tasks scheduled from follow-on schedule check
