[2022-06-12 16:02:49,344] {taskinstance.py:1159} INFO - Dependencies all met for <TaskInstance: ingest_data.get_data_to_ingest_from_local_file_task scheduled__2022-06-11T21:40:00+00:00 [queued]>
[2022-06-12 16:02:49,368] {taskinstance.py:1159} INFO - Dependencies all met for <TaskInstance: ingest_data.get_data_to_ingest_from_local_file_task scheduled__2022-06-11T21:40:00+00:00 [queued]>
[2022-06-12 16:02:49,368] {taskinstance.py:1356} INFO - 
--------------------------------------------------------------------------------
[2022-06-12 16:02:49,369] {taskinstance.py:1357} INFO - Starting attempt 1 of 1
[2022-06-12 16:02:49,370] {taskinstance.py:1358} INFO - 
--------------------------------------------------------------------------------
[2022-06-12 16:02:49,435] {taskinstance.py:1377} INFO - Executing <Task(_PythonDecoratedOperator): get_data_to_ingest_from_local_file_task> on 2022-06-11 21:40:00+00:00
[2022-06-12 16:02:49,441] {standard_task_runner.py:52} INFO - Started process 1424 to run task
[2022-06-12 16:02:49,447] {standard_task_runner.py:79} INFO - Running: ['airflow', 'tasks', 'run', 'ingest_data', 'get_data_to_ingest_from_local_file_task', 'scheduled__2022-06-11T21:40:00+00:00', '--job-id', '114', '--raw', '--subdir', 'DAGS_FOLDER/ingestion_dag.py', '--cfg-path', '/tmp/tmpsxmudaqo', '--error-file', '/tmp/tmph46lnwa3']
[2022-06-12 16:02:49,448] {standard_task_runner.py:80} INFO - Job 114: Subtask get_data_to_ingest_from_local_file_task
[2022-06-12 16:02:49,593] {task_command.py:370} INFO - Running <TaskInstance: ingest_data.get_data_to_ingest_from_local_file_task scheduled__2022-06-11T21:40:00+00:00 [running]> on host DESKTOP-GDPK8BL.localdomain
[2022-06-12 16:02:49,951] {taskinstance.py:1569} INFO - Exporting the following env vars:
AIRFLOW_CTX_DAG_OWNER=airflow
AIRFLOW_CTX_DAG_ID=ingest_data
AIRFLOW_CTX_TASK_ID=get_data_to_ingest_from_local_file_task
AIRFLOW_CTX_EXECUTION_DATE=2022-06-11T21:40:00+00:00
AIRFLOW_CTX_TRY_NUMBER=1
AIRFLOW_CTX_DAG_RUN_ID=scheduled__2022-06-11T21:40:00+00:00
[2022-06-12 16:02:50,020] {python.py:173} INFO - Done. Returned value was:           AT      V       AP     RH      PE
34274  24.79  50.78  1008.78  61.88  445.30
30524  24.70  50.23  1016.23  62.03  454.42
23439   8.35  43.52  1022.78  97.34  479.31
34767  23.90  61.41  1011.95  67.87  451.99
8793   25.10  69.89  1015.42  85.81  434.98
[2022-06-12 16:02:50,132] {taskinstance.py:1395} INFO - Marking task as SUCCESS. dag_id=ingest_data, task_id=get_data_to_ingest_from_local_file_task, execution_date=20220611T214000, start_date=20220612T140249, end_date=20220612T140250
[2022-06-12 16:02:50,224] {local_task_job.py:156} INFO - Task exited with return code 0
[2022-06-12 16:02:50,446] {local_task_job.py:273} INFO - 1 downstream tasks scheduled from follow-on schedule check
