[2022-06-12 17:18:18,785] {taskinstance.py:1159} INFO - Dependencies all met for <TaskInstance: ingest_data.get_data_to_ingest_from_local_file_task scheduled__2022-06-12T04:52:00+00:00 [queued]>
[2022-06-12 17:18:18,819] {taskinstance.py:1159} INFO - Dependencies all met for <TaskInstance: ingest_data.get_data_to_ingest_from_local_file_task scheduled__2022-06-12T04:52:00+00:00 [queued]>
[2022-06-12 17:18:18,820] {taskinstance.py:1356} INFO - 
--------------------------------------------------------------------------------
[2022-06-12 17:18:18,820] {taskinstance.py:1357} INFO - Starting attempt 1 of 1
[2022-06-12 17:18:18,821] {taskinstance.py:1358} INFO - 
--------------------------------------------------------------------------------
[2022-06-12 17:18:18,891] {taskinstance.py:1377} INFO - Executing <Task(_PythonDecoratedOperator): get_data_to_ingest_from_local_file_task> on 2022-06-12 04:52:00+00:00
[2022-06-12 17:18:18,902] {standard_task_runner.py:52} INFO - Started process 8088 to run task
[2022-06-12 17:18:18,911] {standard_task_runner.py:79} INFO - Running: ['airflow', 'tasks', 'run', 'ingest_data', 'get_data_to_ingest_from_local_file_task', 'scheduled__2022-06-12T04:52:00+00:00', '--job-id', '977', '--raw', '--subdir', 'DAGS_FOLDER/ingestion_dag.py', '--cfg-path', '/tmp/tmpngj14khi', '--error-file', '/tmp/tmp8s3suxr4']
[2022-06-12 17:18:18,913] {standard_task_runner.py:80} INFO - Job 977: Subtask get_data_to_ingest_from_local_file_task
[2022-06-12 17:18:19,075] {task_command.py:370} INFO - Running <TaskInstance: ingest_data.get_data_to_ingest_from_local_file_task scheduled__2022-06-12T04:52:00+00:00 [running]> on host DESKTOP-GDPK8BL.localdomain
[2022-06-12 17:18:19,508] {taskinstance.py:1569} INFO - Exporting the following env vars:
AIRFLOW_CTX_DAG_OWNER=airflow
AIRFLOW_CTX_DAG_ID=ingest_data
AIRFLOW_CTX_TASK_ID=get_data_to_ingest_from_local_file_task
AIRFLOW_CTX_EXECUTION_DATE=2022-06-12T04:52:00+00:00
AIRFLOW_CTX_TRY_NUMBER=1
AIRFLOW_CTX_DAG_RUN_ID=scheduled__2022-06-12T04:52:00+00:00
[2022-06-12 17:18:19,578] {python.py:173} INFO - Done. Returned value was:           AT      V       AP     RH      PE
42035  19.80  52.90  1017.75  66.67  456.64
32641  16.23  43.52  1020.13  76.30  464.74
9471   26.98  43.77  1010.95  40.80  446.05
9435   29.53  71.97  1008.60  79.25  434.96
37897  31.46  71.80  1010.75  54.88  434.96
[2022-06-12 17:18:19,729] {taskinstance.py:1395} INFO - Marking task as SUCCESS. dag_id=ingest_data, task_id=get_data_to_ingest_from_local_file_task, execution_date=20220612T045200, start_date=20220612T151818, end_date=20220612T151819
[2022-06-12 17:18:19,808] {local_task_job.py:156} INFO - Task exited with return code 0
[2022-06-12 17:18:20,092] {local_task_job.py:273} INFO - 1 downstream tasks scheduled from follow-on schedule check
