[2022-06-12 17:29:49,679] {taskinstance.py:1159} INFO - Dependencies all met for <TaskInstance: ingest_data.get_data_to_ingest_from_local_file_task scheduled__2022-06-12T06:05:00+00:00 [queued]>
[2022-06-12 17:29:49,711] {taskinstance.py:1159} INFO - Dependencies all met for <TaskInstance: ingest_data.get_data_to_ingest_from_local_file_task scheduled__2022-06-12T06:05:00+00:00 [queued]>
[2022-06-12 17:29:49,712] {taskinstance.py:1356} INFO - 
--------------------------------------------------------------------------------
[2022-06-12 17:29:49,712] {taskinstance.py:1357} INFO - Starting attempt 1 of 1
[2022-06-12 17:29:49,713] {taskinstance.py:1358} INFO - 
--------------------------------------------------------------------------------
[2022-06-12 17:29:49,775] {taskinstance.py:1377} INFO - Executing <Task(_PythonDecoratedOperator): get_data_to_ingest_from_local_file_task> on 2022-06-12 06:05:00+00:00
[2022-06-12 17:29:49,790] {standard_task_runner.py:79} INFO - Running: ['airflow', 'tasks', 'run', 'ingest_data', 'get_data_to_ingest_from_local_file_task', 'scheduled__2022-06-12T06:05:00+00:00', '--job-id', '1123', '--raw', '--subdir', 'DAGS_FOLDER/ingestion_dag.py', '--cfg-path', '/tmp/tmp6zwb8g42', '--error-file', '/tmp/tmp0dzmi8ku']
[2022-06-12 17:29:49,792] {standard_task_runner.py:80} INFO - Job 1123: Subtask get_data_to_ingest_from_local_file_task
[2022-06-12 17:29:49,784] {standard_task_runner.py:52} INFO - Started process 9165 to run task
[2022-06-12 17:29:49,960] {task_command.py:370} INFO - Running <TaskInstance: ingest_data.get_data_to_ingest_from_local_file_task scheduled__2022-06-12T06:05:00+00:00 [running]> on host DESKTOP-GDPK8BL.localdomain
[2022-06-12 17:29:50,375] {taskinstance.py:1569} INFO - Exporting the following env vars:
AIRFLOW_CTX_DAG_OWNER=airflow
AIRFLOW_CTX_DAG_ID=ingest_data
AIRFLOW_CTX_TASK_ID=get_data_to_ingest_from_local_file_task
AIRFLOW_CTX_EXECUTION_DATE=2022-06-12T06:05:00+00:00
AIRFLOW_CTX_TRY_NUMBER=1
AIRFLOW_CTX_DAG_RUN_ID=scheduled__2022-06-12T06:05:00+00:00
[2022-06-12 17:29:50,452] {python.py:173} INFO - Done. Returned value was:           AT      V       AP     RH      PE
5223   10.59  41.26  1008.10  98.27  474.76
40395  16.72  44.78  1007.75  56.79  453.39
25518  24.14  60.07  1016.56  58.08  440.17
15109  20.74  49.69  1010.91  69.10  454.59
10807  15.24  39.39  1013.01  74.24  469.79
[2022-06-12 17:29:50,615] {taskinstance.py:1395} INFO - Marking task as SUCCESS. dag_id=ingest_data, task_id=get_data_to_ingest_from_local_file_task, execution_date=20220612T060500, start_date=20220612T152949, end_date=20220612T152950
[2022-06-12 17:29:50,694] {local_task_job.py:156} INFO - Task exited with return code 0
[2022-06-12 17:29:50,923] {local_task_job.py:273} INFO - 1 downstream tasks scheduled from follow-on schedule check
