[2022-06-12 16:29:50,821] {taskinstance.py:1159} INFO - Dependencies all met for <TaskInstance: ingest_data.get_data_to_ingest_from_local_file_task scheduled__2022-06-12T00:16:00+00:00 [queued]>
[2022-06-12 16:29:50,851] {taskinstance.py:1159} INFO - Dependencies all met for <TaskInstance: ingest_data.get_data_to_ingest_from_local_file_task scheduled__2022-06-12T00:16:00+00:00 [queued]>
[2022-06-12 16:29:50,852] {taskinstance.py:1356} INFO - 
--------------------------------------------------------------------------------
[2022-06-12 16:29:50,853] {taskinstance.py:1357} INFO - Starting attempt 1 of 1
[2022-06-12 16:29:50,854] {taskinstance.py:1358} INFO - 
--------------------------------------------------------------------------------
[2022-06-12 16:29:50,919] {taskinstance.py:1377} INFO - Executing <Task(_PythonDecoratedOperator): get_data_to_ingest_from_local_file_task> on 2022-06-12 00:16:00+00:00
[2022-06-12 16:29:50,931] {standard_task_runner.py:79} INFO - Running: ['airflow', 'tasks', 'run', 'ingest_data', 'get_data_to_ingest_from_local_file_task', 'scheduled__2022-06-12T00:16:00+00:00', '--job-id', '425', '--raw', '--subdir', 'DAGS_FOLDER/ingestion_dag.py', '--cfg-path', '/tmp/tmpziilqgli', '--error-file', '/tmp/tmpyzfdvb2x']
[2022-06-12 16:29:50,924] {standard_task_runner.py:52} INFO - Started process 3982 to run task
[2022-06-12 16:29:50,937] {standard_task_runner.py:80} INFO - Job 425: Subtask get_data_to_ingest_from_local_file_task
[2022-06-12 16:29:51,086] {task_command.py:370} INFO - Running <TaskInstance: ingest_data.get_data_to_ingest_from_local_file_task scheduled__2022-06-12T00:16:00+00:00 [running]> on host DESKTOP-GDPK8BL.localdomain
[2022-06-12 16:29:51,502] {taskinstance.py:1569} INFO - Exporting the following env vars:
AIRFLOW_CTX_DAG_OWNER=airflow
AIRFLOW_CTX_DAG_ID=ingest_data
AIRFLOW_CTX_TASK_ID=get_data_to_ingest_from_local_file_task
AIRFLOW_CTX_EXECUTION_DATE=2022-06-12T00:16:00+00:00
AIRFLOW_CTX_TRY_NUMBER=1
AIRFLOW_CTX_DAG_RUN_ID=scheduled__2022-06-12T00:16:00+00:00
[2022-06-12 16:29:51,592] {python.py:173} INFO - Done. Returned value was:           AT      V       AP     RH      PE
44543  24.16  65.06  1013.88  58.96  442.32
36728  25.02  47.45  1008.07  60.42  446.62
11675  20.45  48.41  1010.81  86.70  444.69
15592  14.57  37.86  1022.44  68.82  463.58
7799   26.11  62.44  1010.68  72.59  438.87
[2022-06-12 16:29:51,712] {taskinstance.py:1395} INFO - Marking task as SUCCESS. dag_id=ingest_data, task_id=get_data_to_ingest_from_local_file_task, execution_date=20220612T001600, start_date=20220612T142950, end_date=20220612T142951
[2022-06-12 16:29:51,797] {local_task_job.py:156} INFO - Task exited with return code 0
[2022-06-12 16:29:52,043] {local_task_job.py:273} INFO - 1 downstream tasks scheduled from follow-on schedule check
