[2022-06-12 16:28:19,570] {taskinstance.py:1159} INFO - Dependencies all met for <TaskInstance: ingest_data.get_data_to_ingest_from_local_file_task scheduled__2022-06-12T00:08:00+00:00 [queued]>
[2022-06-12 16:28:19,595] {taskinstance.py:1159} INFO - Dependencies all met for <TaskInstance: ingest_data.get_data_to_ingest_from_local_file_task scheduled__2022-06-12T00:08:00+00:00 [queued]>
[2022-06-12 16:28:19,596] {taskinstance.py:1356} INFO - 
--------------------------------------------------------------------------------
[2022-06-12 16:28:19,596] {taskinstance.py:1357} INFO - Starting attempt 1 of 1
[2022-06-12 16:28:19,597] {taskinstance.py:1358} INFO - 
--------------------------------------------------------------------------------
[2022-06-12 16:28:19,650] {taskinstance.py:1377} INFO - Executing <Task(_PythonDecoratedOperator): get_data_to_ingest_from_local_file_task> on 2022-06-12 00:08:00+00:00
[2022-06-12 16:28:19,656] {standard_task_runner.py:52} INFO - Started process 3869 to run task
[2022-06-12 16:28:19,662] {standard_task_runner.py:79} INFO - Running: ['airflow', 'tasks', 'run', 'ingest_data', 'get_data_to_ingest_from_local_file_task', 'scheduled__2022-06-12T00:08:00+00:00', '--job-id', '410', '--raw', '--subdir', 'DAGS_FOLDER/ingestion_dag.py', '--cfg-path', '/tmp/tmpno9r9rkd', '--error-file', '/tmp/tmpu1urn27_']
[2022-06-12 16:28:19,663] {standard_task_runner.py:80} INFO - Job 410: Subtask get_data_to_ingest_from_local_file_task
[2022-06-12 16:28:19,813] {task_command.py:370} INFO - Running <TaskInstance: ingest_data.get_data_to_ingest_from_local_file_task scheduled__2022-06-12T00:08:00+00:00 [running]> on host DESKTOP-GDPK8BL.localdomain
[2022-06-12 16:28:20,153] {taskinstance.py:1569} INFO - Exporting the following env vars:
AIRFLOW_CTX_DAG_OWNER=airflow
AIRFLOW_CTX_DAG_ID=ingest_data
AIRFLOW_CTX_TASK_ID=get_data_to_ingest_from_local_file_task
AIRFLOW_CTX_EXECUTION_DATE=2022-06-12T00:08:00+00:00
AIRFLOW_CTX_TRY_NUMBER=1
AIRFLOW_CTX_DAG_RUN_ID=scheduled__2022-06-12T00:08:00+00:00
[2022-06-12 16:28:20,230] {python.py:173} INFO - Done. Returned value was:           AT      V       AP     RH      PE
9166   23.39  68.51  1013.09  78.60  438.35
144    23.40  65.06  1014.32  67.38  442.70
47077  32.31  62.04  1010.41  39.39  450.13
32834  10.37  39.04  1023.95  81.93  479.35
27928  25.45  69.59  1008.51  83.17  445.61
[2022-06-12 16:28:20,349] {taskinstance.py:1395} INFO - Marking task as SUCCESS. dag_id=ingest_data, task_id=get_data_to_ingest_from_local_file_task, execution_date=20220612T000800, start_date=20220612T142819, end_date=20220612T142820
[2022-06-12 16:28:20,439] {local_task_job.py:156} INFO - Task exited with return code 0
[2022-06-12 16:28:20,644] {local_task_job.py:273} INFO - 1 downstream tasks scheduled from follow-on schedule check
