[2022-06-12 16:29:19,204] {taskinstance.py:1159} INFO - Dependencies all met for <TaskInstance: ingest_data.get_data_to_ingest_from_local_file_task scheduled__2022-06-12T00:13:00+00:00 [queued]>
[2022-06-12 16:29:19,251] {taskinstance.py:1159} INFO - Dependencies all met for <TaskInstance: ingest_data.get_data_to_ingest_from_local_file_task scheduled__2022-06-12T00:13:00+00:00 [queued]>
[2022-06-12 16:29:19,252] {taskinstance.py:1356} INFO - 
--------------------------------------------------------------------------------
[2022-06-12 16:29:19,253] {taskinstance.py:1357} INFO - Starting attempt 1 of 1
[2022-06-12 16:29:19,254] {taskinstance.py:1358} INFO - 
--------------------------------------------------------------------------------
[2022-06-12 16:29:19,327] {taskinstance.py:1377} INFO - Executing <Task(_PythonDecoratedOperator): get_data_to_ingest_from_local_file_task> on 2022-06-12 00:13:00+00:00
[2022-06-12 16:29:19,334] {standard_task_runner.py:52} INFO - Started process 3937 to run task
[2022-06-12 16:29:19,340] {standard_task_runner.py:79} INFO - Running: ['airflow', 'tasks', 'run', 'ingest_data', 'get_data_to_ingest_from_local_file_task', 'scheduled__2022-06-12T00:13:00+00:00', '--job-id', '419', '--raw', '--subdir', 'DAGS_FOLDER/ingestion_dag.py', '--cfg-path', '/tmp/tmp6uiarw6h', '--error-file', '/tmp/tmpsknr4ygt']
[2022-06-12 16:29:19,342] {standard_task_runner.py:80} INFO - Job 419: Subtask get_data_to_ingest_from_local_file_task
[2022-06-12 16:29:19,506] {task_command.py:370} INFO - Running <TaskInstance: ingest_data.get_data_to_ingest_from_local_file_task scheduled__2022-06-12T00:13:00+00:00 [running]> on host DESKTOP-GDPK8BL.localdomain
[2022-06-12 16:29:19,923] {taskinstance.py:1569} INFO - Exporting the following env vars:
AIRFLOW_CTX_DAG_OWNER=airflow
AIRFLOW_CTX_DAG_ID=ingest_data
AIRFLOW_CTX_TASK_ID=get_data_to_ingest_from_local_file_task
AIRFLOW_CTX_EXECUTION_DATE=2022-06-12T00:13:00+00:00
AIRFLOW_CTX_TRY_NUMBER=1
AIRFLOW_CTX_DAG_RUN_ID=scheduled__2022-06-12T00:13:00+00:00
[2022-06-12 16:29:20,011] {python.py:173} INFO - Done. Returned value was:           AT      V       AP     RH      PE
13707  25.36  60.07  1015.06  66.11  439.73
12075  22.63  45.61  1014.14  73.06  457.88
20767  26.53  63.87  1017.38  48.53  445.11
33854  25.51  67.69  1004.53  80.03  433.02
39527  15.27  38.73  1002.83  77.77  465.99
[2022-06-12 16:29:20,146] {taskinstance.py:1395} INFO - Marking task as SUCCESS. dag_id=ingest_data, task_id=get_data_to_ingest_from_local_file_task, execution_date=20220612T001300, start_date=20220612T142919, end_date=20220612T142920
[2022-06-12 16:29:20,239] {local_task_job.py:156} INFO - Task exited with return code 0
[2022-06-12 16:29:20,471] {local_task_job.py:273} INFO - 1 downstream tasks scheduled from follow-on schedule check
