[2022-06-12 19:43:01,484] {taskinstance.py:1159} INFO - Dependencies all met for <TaskInstance: ingest_data.get_data_to_ingest_from_local_file_task scheduled__2022-06-12T08:33:00+00:00 [queued]>
[2022-06-12 19:43:01,524] {taskinstance.py:1159} INFO - Dependencies all met for <TaskInstance: ingest_data.get_data_to_ingest_from_local_file_task scheduled__2022-06-12T08:33:00+00:00 [queued]>
[2022-06-12 19:43:01,525] {taskinstance.py:1356} INFO - 
--------------------------------------------------------------------------------
[2022-06-12 19:43:01,525] {taskinstance.py:1357} INFO - Starting attempt 1 of 1
[2022-06-12 19:43:01,526] {taskinstance.py:1358} INFO - 
--------------------------------------------------------------------------------
[2022-06-12 19:43:01,600] {taskinstance.py:1377} INFO - Executing <Task(_PythonDecoratedOperator): get_data_to_ingest_from_local_file_task> on 2022-06-12 08:33:00+00:00
[2022-06-12 19:43:01,606] {standard_task_runner.py:52} INFO - Started process 11363 to run task
[2022-06-12 19:43:01,611] {standard_task_runner.py:79} INFO - Running: ['airflow', 'tasks', 'run', 'ingest_data', 'get_data_to_ingest_from_local_file_task', 'scheduled__2022-06-12T08:33:00+00:00', '--job-id', '1420', '--raw', '--subdir', 'DAGS_FOLDER/ingestion_dag.py', '--cfg-path', '/tmp/tmpb6uk33ik', '--error-file', '/tmp/tmpej93yx1_']
[2022-06-12 19:43:01,613] {standard_task_runner.py:80} INFO - Job 1420: Subtask get_data_to_ingest_from_local_file_task
[2022-06-12 19:43:01,745] {task_command.py:370} INFO - Running <TaskInstance: ingest_data.get_data_to_ingest_from_local_file_task scheduled__2022-06-12T08:33:00+00:00 [running]> on host DESKTOP-GDPK8BL.localdomain
[2022-06-12 19:43:02,133] {taskinstance.py:1569} INFO - Exporting the following env vars:
AIRFLOW_CTX_DAG_OWNER=airflow
AIRFLOW_CTX_DAG_ID=ingest_data
AIRFLOW_CTX_TASK_ID=get_data_to_ingest_from_local_file_task
AIRFLOW_CTX_EXECUTION_DATE=2022-06-12T08:33:00+00:00
AIRFLOW_CTX_TRY_NUMBER=1
AIRFLOW_CTX_DAG_RUN_ID=scheduled__2022-06-12T08:33:00+00:00
[2022-06-12 19:43:02,198] {python.py:173} INFO - Done. Returned value was:           AT      V       AP     RH      PE
4565   22.74  58.12  1015.16  79.58  447.86
32698  17.25  43.14  1018.34  76.17  462.80
4255   23.59  71.73  1009.69  87.06  435.67
38905  30.47  77.30  1002.13  63.70  434.68
4500   17.94  37.20  1012.64  68.11  467.65
[2022-06-12 19:43:02,341] {taskinstance.py:1395} INFO - Marking task as SUCCESS. dag_id=ingest_data, task_id=get_data_to_ingest_from_local_file_task, execution_date=20220612T083300, start_date=20220612T174301, end_date=20220612T174302
[2022-06-12 19:43:02,429] {local_task_job.py:156} INFO - Task exited with return code 0
[2022-06-12 19:43:02,648] {local_task_job.py:273} INFO - 1 downstream tasks scheduled from follow-on schedule check
