[2022-06-12 16:28:06,480] {taskinstance.py:1159} INFO - Dependencies all met for <TaskInstance: ingest_data.get_data_to_ingest_from_local_file_task scheduled__2022-06-12T00:07:00+00:00 [queued]>
[2022-06-12 16:28:06,505] {taskinstance.py:1159} INFO - Dependencies all met for <TaskInstance: ingest_data.get_data_to_ingest_from_local_file_task scheduled__2022-06-12T00:07:00+00:00 [queued]>
[2022-06-12 16:28:06,506] {taskinstance.py:1356} INFO - 
--------------------------------------------------------------------------------
[2022-06-12 16:28:06,506] {taskinstance.py:1357} INFO - Starting attempt 1 of 1
[2022-06-12 16:28:06,507] {taskinstance.py:1358} INFO - 
--------------------------------------------------------------------------------
[2022-06-12 16:28:06,561] {taskinstance.py:1377} INFO - Executing <Task(_PythonDecoratedOperator): get_data_to_ingest_from_local_file_task> on 2022-06-12 00:07:00+00:00
[2022-06-12 16:28:06,567] {standard_task_runner.py:52} INFO - Started process 3847 to run task
[2022-06-12 16:28:06,573] {standard_task_runner.py:79} INFO - Running: ['airflow', 'tasks', 'run', 'ingest_data', 'get_data_to_ingest_from_local_file_task', 'scheduled__2022-06-12T00:07:00+00:00', '--job-id', '407', '--raw', '--subdir', 'DAGS_FOLDER/ingestion_dag.py', '--cfg-path', '/tmp/tmpiottt4nh', '--error-file', '/tmp/tmplbhm07kv']
[2022-06-12 16:28:06,575] {standard_task_runner.py:80} INFO - Job 407: Subtask get_data_to_ingest_from_local_file_task
[2022-06-12 16:28:06,721] {task_command.py:370} INFO - Running <TaskInstance: ingest_data.get_data_to_ingest_from_local_file_task scheduled__2022-06-12T00:07:00+00:00 [running]> on host DESKTOP-GDPK8BL.localdomain
[2022-06-12 16:28:07,081] {taskinstance.py:1569} INFO - Exporting the following env vars:
AIRFLOW_CTX_DAG_OWNER=airflow
AIRFLOW_CTX_DAG_ID=ingest_data
AIRFLOW_CTX_TASK_ID=get_data_to_ingest_from_local_file_task
AIRFLOW_CTX_EXECUTION_DATE=2022-06-12T00:07:00+00:00
AIRFLOW_CTX_TRY_NUMBER=1
AIRFLOW_CTX_DAG_RUN_ID=scheduled__2022-06-12T00:07:00+00:00
[2022-06-12 16:28:07,156] {python.py:173} INFO - Done. Returned value was:           AT      V       AP     RH      PE
4521   11.18  37.50  1013.32  74.32  472.02
490    26.88  73.56  1004.85  94.36  430.63
42706  20.13  43.43  1009.75  66.16  453.47
32772  26.20  71.14  1007.92  72.95  431.70
39468  11.10  40.92  1021.98  94.14  462.07
[2022-06-12 16:28:07,282] {taskinstance.py:1395} INFO - Marking task as SUCCESS. dag_id=ingest_data, task_id=get_data_to_ingest_from_local_file_task, execution_date=20220612T000700, start_date=20220612T142806, end_date=20220612T142807
[2022-06-12 16:28:07,351] {local_task_job.py:156} INFO - Task exited with return code 0
[2022-06-12 16:28:07,549] {local_task_job.py:273} INFO - 1 downstream tasks scheduled from follow-on schedule check
