[2022-06-12 16:06:24,189] {taskinstance.py:1159} INFO - Dependencies all met for <TaskInstance: ingest_data.get_data_to_ingest_from_local_file_task scheduled__2022-06-11T22:02:00+00:00 [queued]>
[2022-06-12 16:06:24,218] {taskinstance.py:1159} INFO - Dependencies all met for <TaskInstance: ingest_data.get_data_to_ingest_from_local_file_task scheduled__2022-06-11T22:02:00+00:00 [queued]>
[2022-06-12 16:06:24,219] {taskinstance.py:1356} INFO - 
--------------------------------------------------------------------------------
[2022-06-12 16:06:24,219] {taskinstance.py:1357} INFO - Starting attempt 1 of 1
[2022-06-12 16:06:24,220] {taskinstance.py:1358} INFO - 
--------------------------------------------------------------------------------
[2022-06-12 16:06:24,280] {taskinstance.py:1377} INFO - Executing <Task(_PythonDecoratedOperator): get_data_to_ingest_from_local_file_task> on 2022-06-11 22:02:00+00:00
[2022-06-12 16:06:24,287] {standard_task_runner.py:52} INFO - Started process 1798 to run task
[2022-06-12 16:06:24,292] {standard_task_runner.py:79} INFO - Running: ['airflow', 'tasks', 'run', 'ingest_data', 'get_data_to_ingest_from_local_file_task', 'scheduled__2022-06-11T22:02:00+00:00', '--job-id', '158', '--raw', '--subdir', 'DAGS_FOLDER/ingestion_dag.py', '--cfg-path', '/tmp/tmps79is629', '--error-file', '/tmp/tmppisrwh18']
[2022-06-12 16:06:24,294] {standard_task_runner.py:80} INFO - Job 158: Subtask get_data_to_ingest_from_local_file_task
[2022-06-12 16:06:24,452] {task_command.py:370} INFO - Running <TaskInstance: ingest_data.get_data_to_ingest_from_local_file_task scheduled__2022-06-11T22:02:00+00:00 [running]> on host DESKTOP-GDPK8BL.localdomain
[2022-06-12 16:06:24,795] {taskinstance.py:1569} INFO - Exporting the following env vars:
AIRFLOW_CTX_DAG_OWNER=airflow
AIRFLOW_CTX_DAG_ID=ingest_data
AIRFLOW_CTX_TASK_ID=get_data_to_ingest_from_local_file_task
AIRFLOW_CTX_EXECUTION_DATE=2022-06-11T22:02:00+00:00
AIRFLOW_CTX_TRY_NUMBER=1
AIRFLOW_CTX_DAG_RUN_ID=scheduled__2022-06-11T22:02:00+00:00
[2022-06-12 16:06:24,869] {python.py:173} INFO - Done. Returned value was:           AT      V       AP     RH      PE
13021  30.99  69.82  1009.41  50.84  437.46
40045  29.85  61.85  1005.45  61.85  436.46
34821  22.01  58.46  1016.26  75.99  443.75
11995  25.07  56.85  1011.25  51.99  442.44
12419   9.23  39.66  1019.44  76.11  481.77
[2022-06-12 16:06:24,987] {taskinstance.py:1395} INFO - Marking task as SUCCESS. dag_id=ingest_data, task_id=get_data_to_ingest_from_local_file_task, execution_date=20220611T220200, start_date=20220612T140624, end_date=20220612T140624
[2022-06-12 16:06:25,072] {local_task_job.py:156} INFO - Task exited with return code 0
[2022-06-12 16:06:25,270] {local_task_job.py:273} INFO - 1 downstream tasks scheduled from follow-on schedule check
