[2022-06-12 16:58:28,496] {taskinstance.py:1159} INFO - Dependencies all met for <TaskInstance: ingest_data.get_data_to_ingest_from_local_file_task scheduled__2022-06-12T03:00:00+00:00 [queued]>
[2022-06-12 16:58:28,528] {taskinstance.py:1159} INFO - Dependencies all met for <TaskInstance: ingest_data.get_data_to_ingest_from_local_file_task scheduled__2022-06-12T03:00:00+00:00 [queued]>
[2022-06-12 16:58:28,528] {taskinstance.py:1356} INFO - 
--------------------------------------------------------------------------------
[2022-06-12 16:58:28,529] {taskinstance.py:1357} INFO - Starting attempt 1 of 1
[2022-06-12 16:58:28,530] {taskinstance.py:1358} INFO - 
--------------------------------------------------------------------------------
[2022-06-12 16:58:28,599] {taskinstance.py:1377} INFO - Executing <Task(_PythonDecoratedOperator): get_data_to_ingest_from_local_file_task> on 2022-06-12 03:00:00+00:00
[2022-06-12 16:58:28,606] {standard_task_runner.py:52} INFO - Started process 6421 to run task
[2022-06-12 16:58:28,613] {standard_task_runner.py:79} INFO - Running: ['airflow', 'tasks', 'run', 'ingest_data', 'get_data_to_ingest_from_local_file_task', 'scheduled__2022-06-12T03:00:00+00:00', '--job-id', '753', '--raw', '--subdir', 'DAGS_FOLDER/ingestion_dag.py', '--cfg-path', '/tmp/tmpcj9bxmm3', '--error-file', '/tmp/tmps1h557w5']
[2022-06-12 16:58:28,615] {standard_task_runner.py:80} INFO - Job 753: Subtask get_data_to_ingest_from_local_file_task
[2022-06-12 16:58:28,762] {task_command.py:370} INFO - Running <TaskInstance: ingest_data.get_data_to_ingest_from_local_file_task scheduled__2022-06-12T03:00:00+00:00 [running]> on host DESKTOP-GDPK8BL.localdomain
[2022-06-12 16:58:29,126] {taskinstance.py:1569} INFO - Exporting the following env vars:
AIRFLOW_CTX_DAG_OWNER=airflow
AIRFLOW_CTX_DAG_ID=ingest_data
AIRFLOW_CTX_TASK_ID=get_data_to_ingest_from_local_file_task
AIRFLOW_CTX_EXECUTION_DATE=2022-06-12T03:00:00+00:00
AIRFLOW_CTX_TRY_NUMBER=1
AIRFLOW_CTX_DAG_RUN_ID=scheduled__2022-06-12T03:00:00+00:00
[2022-06-12 16:58:29,203] {python.py:173} INFO - Done. Returned value was:           AT      V       AP     RH      PE
9979   11.44  41.39  1019.59  79.95  478.52
19288  10.20  40.67  1016.15  73.20  482.26
6145   29.23  66.51  1011.11  53.12  439.61
10302  23.90  61.47  1009.01  81.05  438.73
33866   9.17  40.67  1019.03  66.21  487.33
[2022-06-12 16:58:29,322] {taskinstance.py:1395} INFO - Marking task as SUCCESS. dag_id=ingest_data, task_id=get_data_to_ingest_from_local_file_task, execution_date=20220612T030000, start_date=20220612T145828, end_date=20220612T145829
[2022-06-12 16:58:29,394] {local_task_job.py:156} INFO - Task exited with return code 0
[2022-06-12 16:58:29,635] {local_task_job.py:273} INFO - 1 downstream tasks scheduled from follow-on schedule check
