[2022-06-12 16:01:49,401] {taskinstance.py:1159} INFO - Dependencies all met for <TaskInstance: ingest_data.get_data_to_ingest_from_local_file_task scheduled__2022-06-11T21:35:00+00:00 [queued]>
[2022-06-12 16:01:49,453] {taskinstance.py:1159} INFO - Dependencies all met for <TaskInstance: ingest_data.get_data_to_ingest_from_local_file_task scheduled__2022-06-11T21:35:00+00:00 [queued]>
[2022-06-12 16:01:49,453] {taskinstance.py:1356} INFO - 
--------------------------------------------------------------------------------
[2022-06-12 16:01:49,454] {taskinstance.py:1357} INFO - Starting attempt 1 of 1
[2022-06-12 16:01:49,455] {taskinstance.py:1358} INFO - 
--------------------------------------------------------------------------------
[2022-06-12 16:01:49,553] {taskinstance.py:1377} INFO - Executing <Task(_PythonDecoratedOperator): get_data_to_ingest_from_local_file_task> on 2022-06-11 21:35:00+00:00
[2022-06-12 16:01:49,568] {standard_task_runner.py:79} INFO - Running: ['airflow', 'tasks', 'run', 'ingest_data', 'get_data_to_ingest_from_local_file_task', 'scheduled__2022-06-11T21:35:00+00:00', '--job-id', '104', '--raw', '--subdir', 'DAGS_FOLDER/ingestion_dag.py', '--cfg-path', '/tmp/tmpmfxp_3rh', '--error-file', '/tmp/tmpgh_5uw3o']
[2022-06-12 16:01:49,570] {standard_task_runner.py:52} INFO - Started process 1339 to run task
[2022-06-12 16:01:49,571] {standard_task_runner.py:80} INFO - Job 104: Subtask get_data_to_ingest_from_local_file_task
[2022-06-12 16:01:49,785] {task_command.py:370} INFO - Running <TaskInstance: ingest_data.get_data_to_ingest_from_local_file_task scheduled__2022-06-11T21:35:00+00:00 [running]> on host DESKTOP-GDPK8BL.localdomain
[2022-06-12 16:01:50,358] {taskinstance.py:1569} INFO - Exporting the following env vars:
AIRFLOW_CTX_DAG_OWNER=airflow
AIRFLOW_CTX_DAG_ID=ingest_data
AIRFLOW_CTX_TASK_ID=get_data_to_ingest_from_local_file_task
AIRFLOW_CTX_EXECUTION_DATE=2022-06-11T21:35:00+00:00
AIRFLOW_CTX_TRY_NUMBER=1
AIRFLOW_CTX_DAG_RUN_ID=scheduled__2022-06-11T21:35:00+00:00
[2022-06-12 16:01:50,470] {python.py:173} INFO - Done. Returned value was:           AT      V       AP     RH      PE
31234  26.98  72.58  1008.55  78.50  431.12
14371  26.55  69.45  1013.88  55.39  435.64
15666  11.51  41.06  1021.30  78.11  476.91
23564  16.58  44.68  1021.50  83.38  458.87
33834   7.64  42.28  1008.46  84.29  484.78
[2022-06-12 16:01:50,605] {taskinstance.py:1395} INFO - Marking task as SUCCESS. dag_id=ingest_data, task_id=get_data_to_ingest_from_local_file_task, execution_date=20220611T213500, start_date=20220612T140149, end_date=20220612T140150
[2022-06-12 16:01:50,673] {local_task_job.py:156} INFO - Task exited with return code 0
[2022-06-12 16:01:50,975] {local_task_job.py:273} INFO - 1 downstream tasks scheduled from follow-on schedule check
