[2022-06-12 16:09:59,302] {taskinstance.py:1159} INFO - Dependencies all met for <TaskInstance: ingest_data.get_data_to_ingest_from_local_file_task scheduled__2022-06-11T22:21:00+00:00 [queued]>
[2022-06-12 16:09:59,324] {taskinstance.py:1159} INFO - Dependencies all met for <TaskInstance: ingest_data.get_data_to_ingest_from_local_file_task scheduled__2022-06-11T22:21:00+00:00 [queued]>
[2022-06-12 16:09:59,324] {taskinstance.py:1356} INFO - 
--------------------------------------------------------------------------------
[2022-06-12 16:09:59,325] {taskinstance.py:1357} INFO - Starting attempt 1 of 1
[2022-06-12 16:09:59,325] {taskinstance.py:1358} INFO - 
--------------------------------------------------------------------------------
[2022-06-12 16:09:59,375] {taskinstance.py:1377} INFO - Executing <Task(_PythonDecoratedOperator): get_data_to_ingest_from_local_file_task> on 2022-06-11 22:21:00+00:00
[2022-06-12 16:09:59,382] {standard_task_runner.py:52} INFO - Started process 2121 to run task
[2022-06-12 16:09:59,386] {standard_task_runner.py:79} INFO - Running: ['airflow', 'tasks', 'run', 'ingest_data', 'get_data_to_ingest_from_local_file_task', 'scheduled__2022-06-11T22:21:00+00:00', '--job-id', '196', '--raw', '--subdir', 'DAGS_FOLDER/ingestion_dag.py', '--cfg-path', '/tmp/tmp3yzep9bk', '--error-file', '/tmp/tmpug5c_jb6']
[2022-06-12 16:09:59,388] {standard_task_runner.py:80} INFO - Job 196: Subtask get_data_to_ingest_from_local_file_task
[2022-06-12 16:09:59,535] {task_command.py:370} INFO - Running <TaskInstance: ingest_data.get_data_to_ingest_from_local_file_task scheduled__2022-06-11T22:21:00+00:00 [running]> on host DESKTOP-GDPK8BL.localdomain
[2022-06-12 16:09:59,866] {taskinstance.py:1569} INFO - Exporting the following env vars:
AIRFLOW_CTX_DAG_OWNER=airflow
AIRFLOW_CTX_DAG_ID=ingest_data
AIRFLOW_CTX_TASK_ID=get_data_to_ingest_from_local_file_task
AIRFLOW_CTX_EXECUTION_DATE=2022-06-11T22:21:00+00:00
AIRFLOW_CTX_TRY_NUMBER=1
AIRFLOW_CTX_DAG_RUN_ID=scheduled__2022-06-11T22:21:00+00:00
[2022-06-12 16:09:59,936] {python.py:173} INFO - Done. Returned value was:           AT      V       AP     RH      PE
31917  17.55  43.14  1018.86  76.00  461.58
6271   30.81  71.97  1008.36  75.00  430.53
22849  15.91  38.62  1016.20  63.63  462.25
16318  30.92  78.05  1011.00  59.62  434.12
21204  20.79  50.66  1013.39  77.93  454.78
[2022-06-12 16:10:00,065] {taskinstance.py:1395} INFO - Marking task as SUCCESS. dag_id=ingest_data, task_id=get_data_to_ingest_from_local_file_task, execution_date=20220611T222100, start_date=20220612T140959, end_date=20220612T141000
[2022-06-12 16:10:00,164] {local_task_job.py:156} INFO - Task exited with return code 0
[2022-06-12 16:10:00,365] {local_task_job.py:273} INFO - 1 downstream tasks scheduled from follow-on schedule check
