[2022-06-12 16:18:50,786] {taskinstance.py:1159} INFO - Dependencies all met for <TaskInstance: ingest_data.get_data_to_ingest_from_local_file_task scheduled__2022-06-11T23:13:00+00:00 [queued]>
[2022-06-12 16:18:50,815] {taskinstance.py:1159} INFO - Dependencies all met for <TaskInstance: ingest_data.get_data_to_ingest_from_local_file_task scheduled__2022-06-11T23:13:00+00:00 [queued]>
[2022-06-12 16:18:50,816] {taskinstance.py:1356} INFO - 
--------------------------------------------------------------------------------
[2022-06-12 16:18:50,816] {taskinstance.py:1357} INFO - Starting attempt 1 of 1
[2022-06-12 16:18:50,817] {taskinstance.py:1358} INFO - 
--------------------------------------------------------------------------------
[2022-06-12 16:18:50,886] {taskinstance.py:1377} INFO - Executing <Task(_PythonDecoratedOperator): get_data_to_ingest_from_local_file_task> on 2022-06-11 23:13:00+00:00
[2022-06-12 16:18:50,893] {standard_task_runner.py:52} INFO - Started process 3005 to run task
[2022-06-12 16:18:50,899] {standard_task_runner.py:79} INFO - Running: ['airflow', 'tasks', 'run', 'ingest_data', 'get_data_to_ingest_from_local_file_task', 'scheduled__2022-06-11T23:13:00+00:00', '--job-id', '300', '--raw', '--subdir', 'DAGS_FOLDER/ingestion_dag.py', '--cfg-path', '/tmp/tmpkj0yd67r', '--error-file', '/tmp/tmpkeizes6d']
[2022-06-12 16:18:50,901] {standard_task_runner.py:80} INFO - Job 300: Subtask get_data_to_ingest_from_local_file_task
[2022-06-12 16:18:51,041] {task_command.py:370} INFO - Running <TaskInstance: ingest_data.get_data_to_ingest_from_local_file_task scheduled__2022-06-11T23:13:00+00:00 [running]> on host DESKTOP-GDPK8BL.localdomain
[2022-06-12 16:18:51,375] {taskinstance.py:1569} INFO - Exporting the following env vars:
AIRFLOW_CTX_DAG_OWNER=airflow
AIRFLOW_CTX_DAG_ID=ingest_data
AIRFLOW_CTX_TASK_ID=get_data_to_ingest_from_local_file_task
AIRFLOW_CTX_EXECUTION_DATE=2022-06-11T23:13:00+00:00
AIRFLOW_CTX_TRY_NUMBER=1
AIRFLOW_CTX_DAG_RUN_ID=scheduled__2022-06-11T23:13:00+00:00
[2022-06-12 16:18:51,449] {python.py:173} INFO - Done. Returned value was:           AT      V       AP     RH      PE
9705   18.34  50.59  1018.42  83.95  457.17
6557   25.04  70.47  1006.82  84.75  433.10
20778  33.60  74.33  1012.31  35.66  428.62
35774  24.42  62.66  1007.65  71.57  443.09
26532  13.83  45.08  1024.20  80.52  465.50
[2022-06-12 16:18:51,565] {taskinstance.py:1395} INFO - Marking task as SUCCESS. dag_id=ingest_data, task_id=get_data_to_ingest_from_local_file_task, execution_date=20220611T231300, start_date=20220612T141850, end_date=20220612T141851
[2022-06-12 16:18:51,639] {local_task_job.py:156} INFO - Task exited with return code 0
[2022-06-12 16:18:51,843] {local_task_job.py:273} INFO - 1 downstream tasks scheduled from follow-on schedule check
