[2022-06-12 17:19:49,992] {taskinstance.py:1159} INFO - Dependencies all met for <TaskInstance: ingest_data.get_data_to_ingest_from_local_file_task scheduled__2022-06-12T05:01:00+00:00 [queued]>
[2022-06-12 17:19:50,025] {taskinstance.py:1159} INFO - Dependencies all met for <TaskInstance: ingest_data.get_data_to_ingest_from_local_file_task scheduled__2022-06-12T05:01:00+00:00 [queued]>
[2022-06-12 17:19:50,026] {taskinstance.py:1356} INFO - 
--------------------------------------------------------------------------------
[2022-06-12 17:19:50,026] {taskinstance.py:1357} INFO - Starting attempt 1 of 1
[2022-06-12 17:19:50,027] {taskinstance.py:1358} INFO - 
--------------------------------------------------------------------------------
[2022-06-12 17:19:50,101] {taskinstance.py:1377} INFO - Executing <Task(_PythonDecoratedOperator): get_data_to_ingest_from_local_file_task> on 2022-06-12 05:01:00+00:00
[2022-06-12 17:19:50,113] {standard_task_runner.py:79} INFO - Running: ['airflow', 'tasks', 'run', 'ingest_data', 'get_data_to_ingest_from_local_file_task', 'scheduled__2022-06-12T05:01:00+00:00', '--job-id', '996', '--raw', '--subdir', 'DAGS_FOLDER/ingestion_dag.py', '--cfg-path', '/tmp/tmpvavw1d92', '--error-file', '/tmp/tmpk64lmyke']
[2022-06-12 17:19:50,106] {standard_task_runner.py:52} INFO - Started process 8228 to run task
[2022-06-12 17:19:50,121] {standard_task_runner.py:80} INFO - Job 996: Subtask get_data_to_ingest_from_local_file_task
[2022-06-12 17:19:50,282] {task_command.py:370} INFO - Running <TaskInstance: ingest_data.get_data_to_ingest_from_local_file_task scheduled__2022-06-12T05:01:00+00:00 [running]> on host DESKTOP-GDPK8BL.localdomain
[2022-06-12 17:19:50,716] {taskinstance.py:1569} INFO - Exporting the following env vars:
AIRFLOW_CTX_DAG_OWNER=airflow
AIRFLOW_CTX_DAG_ID=ingest_data
AIRFLOW_CTX_TASK_ID=get_data_to_ingest_from_local_file_task
AIRFLOW_CTX_EXECUTION_DATE=2022-06-12T05:01:00+00:00
AIRFLOW_CTX_TRY_NUMBER=1
AIRFLOW_CTX_DAG_RUN_ID=scheduled__2022-06-12T05:01:00+00:00
[2022-06-12 17:19:50,798] {python.py:173} INFO - Done. Returned value was:           AT      V       AP     RH      PE
38366  24.98  58.05  1011.69  69.97  447.15
18468  25.64  68.14  1005.48  56.11  437.63
37385  14.76  40.71  1017.37  71.07  465.58
1727   18.44  45.38  1014.30  86.02  461.99
24816  16.52  44.88  1017.61  90.08  459.73
[2022-06-12 17:19:50,948] {taskinstance.py:1395} INFO - Marking task as SUCCESS. dag_id=ingest_data, task_id=get_data_to_ingest_from_local_file_task, execution_date=20220612T050100, start_date=20220612T151949, end_date=20220612T151950
[2022-06-12 17:19:51,021] {local_task_job.py:156} INFO - Task exited with return code 0
[2022-06-12 17:19:51,265] {local_task_job.py:273} INFO - 1 downstream tasks scheduled from follow-on schedule check
