[2022-06-12 19:44:51,230] {taskinstance.py:1159} INFO - Dependencies all met for <TaskInstance: ingest_data.get_data_to_ingest_from_local_file_task scheduled__2022-06-12T08:45:00+00:00 [queued]>
[2022-06-12 19:44:51,267] {taskinstance.py:1159} INFO - Dependencies all met for <TaskInstance: ingest_data.get_data_to_ingest_from_local_file_task scheduled__2022-06-12T08:45:00+00:00 [queued]>
[2022-06-12 19:44:51,267] {taskinstance.py:1356} INFO - 
--------------------------------------------------------------------------------
[2022-06-12 19:44:51,268] {taskinstance.py:1357} INFO - Starting attempt 1 of 1
[2022-06-12 19:44:51,268] {taskinstance.py:1358} INFO - 
--------------------------------------------------------------------------------
[2022-06-12 19:44:51,327] {taskinstance.py:1377} INFO - Executing <Task(_PythonDecoratedOperator): get_data_to_ingest_from_local_file_task> on 2022-06-12 08:45:00+00:00
[2022-06-12 19:44:51,336] {standard_task_runner.py:52} INFO - Started process 11540 to run task
[2022-06-12 19:44:51,346] {standard_task_runner.py:79} INFO - Running: ['airflow', 'tasks', 'run', 'ingest_data', 'get_data_to_ingest_from_local_file_task', 'scheduled__2022-06-12T08:45:00+00:00', '--job-id', '1444', '--raw', '--subdir', 'DAGS_FOLDER/ingestion_dag.py', '--cfg-path', '/tmp/tmpqsb4ga16', '--error-file', '/tmp/tmpex7dtlus']
[2022-06-12 19:44:51,347] {standard_task_runner.py:80} INFO - Job 1444: Subtask get_data_to_ingest_from_local_file_task
[2022-06-12 19:44:51,487] {task_command.py:370} INFO - Running <TaskInstance: ingest_data.get_data_to_ingest_from_local_file_task scheduled__2022-06-12T08:45:00+00:00 [running]> on host DESKTOP-GDPK8BL.localdomain
[2022-06-12 19:44:51,984] {taskinstance.py:1569} INFO - Exporting the following env vars:
AIRFLOW_CTX_DAG_OWNER=airflow
AIRFLOW_CTX_DAG_ID=ingest_data
AIRFLOW_CTX_TASK_ID=get_data_to_ingest_from_local_file_task
AIRFLOW_CTX_EXECUTION_DATE=2022-06-12T08:45:00+00:00
AIRFLOW_CTX_TRY_NUMBER=1
AIRFLOW_CTX_DAG_RUN_ID=scheduled__2022-06-12T08:45:00+00:00
[2022-06-12 19:44:52,061] {python.py:173} INFO - Done. Returned value was:           AT      V       AP     RH      PE
4763   29.56  73.88  1005.77  66.45  436.60
863    27.10  79.74  1005.43  86.05  431.51
44025  21.12  49.15  1021.29  52.90  456.92
13984  14.85  45.01  1013.12  85.53  460.19
240    24.80  64.63  1020.69  55.74  447.82
[2022-06-12 19:44:52,239] {taskinstance.py:1395} INFO - Marking task as SUCCESS. dag_id=ingest_data, task_id=get_data_to_ingest_from_local_file_task, execution_date=20220612T084500, start_date=20220612T174451, end_date=20220612T174452
[2022-06-12 19:44:52,321] {local_task_job.py:156} INFO - Task exited with return code 0
[2022-06-12 19:44:52,534] {local_task_job.py:273} INFO - 1 downstream tasks scheduled from follow-on schedule check
