[2022-06-12 17:15:16,143] {taskinstance.py:1159} INFO - Dependencies all met for <TaskInstance: ingest_data.get_data_to_ingest_from_local_file_task scheduled__2022-06-12T04:36:00+00:00 [queued]>
[2022-06-12 17:15:16,195] {taskinstance.py:1159} INFO - Dependencies all met for <TaskInstance: ingest_data.get_data_to_ingest_from_local_file_task scheduled__2022-06-12T04:36:00+00:00 [queued]>
[2022-06-12 17:15:16,195] {taskinstance.py:1356} INFO - 
--------------------------------------------------------------------------------
[2022-06-12 17:15:16,196] {taskinstance.py:1357} INFO - Starting attempt 1 of 1
[2022-06-12 17:15:16,197] {taskinstance.py:1358} INFO - 
--------------------------------------------------------------------------------
[2022-06-12 17:15:16,299] {taskinstance.py:1377} INFO - Executing <Task(_PythonDecoratedOperator): get_data_to_ingest_from_local_file_task> on 2022-06-12 04:36:00+00:00
[2022-06-12 17:15:16,314] {standard_task_runner.py:79} INFO - Running: ['airflow', 'tasks', 'run', 'ingest_data', 'get_data_to_ingest_from_local_file_task', 'scheduled__2022-06-12T04:36:00+00:00', '--job-id', '945', '--raw', '--subdir', 'DAGS_FOLDER/ingestion_dag.py', '--cfg-path', '/tmp/tmpke8rasuk', '--error-file', '/tmp/tmpalewmzjw']
[2022-06-12 17:15:16,307] {standard_task_runner.py:52} INFO - Started process 7847 to run task
[2022-06-12 17:15:16,316] {standard_task_runner.py:80} INFO - Job 945: Subtask get_data_to_ingest_from_local_file_task
[2022-06-12 17:15:16,584] {task_command.py:370} INFO - Running <TaskInstance: ingest_data.get_data_to_ingest_from_local_file_task scheduled__2022-06-12T04:36:00+00:00 [running]> on host DESKTOP-GDPK8BL.localdomain
[2022-06-12 17:15:17,032] {taskinstance.py:1569} INFO - Exporting the following env vars:
AIRFLOW_CTX_DAG_OWNER=airflow
AIRFLOW_CTX_DAG_ID=ingest_data
AIRFLOW_CTX_TASK_ID=get_data_to_ingest_from_local_file_task
AIRFLOW_CTX_EXECUTION_DATE=2022-06-12T04:36:00+00:00
AIRFLOW_CTX_TRY_NUMBER=1
AIRFLOW_CTX_DAG_RUN_ID=scheduled__2022-06-12T04:36:00+00:00
[2022-06-12 17:15:17,114] {python.py:173} INFO - Done. Returned value was:           AT      V       AP     RH      PE
8248   28.24  65.27  1013.43  48.74  439.36
4764   31.93  70.40  1005.27  73.71  432.29
15420   6.16  38.50  1012.83  93.68  490.92
17971  17.22  36.71  1013.77  67.92  465.32
11786  21.86  64.45  1015.83  63.36  457.80
[2022-06-12 17:15:17,265] {taskinstance.py:1395} INFO - Marking task as SUCCESS. dag_id=ingest_data, task_id=get_data_to_ingest_from_local_file_task, execution_date=20220612T043600, start_date=20220612T151516, end_date=20220612T151517
[2022-06-12 17:15:17,339] {local_task_job.py:156} INFO - Task exited with return code 0
[2022-06-12 17:15:17,573] {local_task_job.py:273} INFO - 1 downstream tasks scheduled from follow-on schedule check
