[2022-06-12 16:47:13,903] {taskinstance.py:1159} INFO - Dependencies all met for <TaskInstance: ingest_data.get_data_to_ingest_from_local_file_task scheduled__2022-06-12T01:57:00+00:00 [queued]>
[2022-06-12 16:47:13,936] {taskinstance.py:1159} INFO - Dependencies all met for <TaskInstance: ingest_data.get_data_to_ingest_from_local_file_task scheduled__2022-06-12T01:57:00+00:00 [queued]>
[2022-06-12 16:47:13,937] {taskinstance.py:1356} INFO - 
--------------------------------------------------------------------------------
[2022-06-12 16:47:13,937] {taskinstance.py:1357} INFO - Starting attempt 1 of 1
[2022-06-12 16:47:13,938] {taskinstance.py:1358} INFO - 
--------------------------------------------------------------------------------
[2022-06-12 16:47:14,005] {taskinstance.py:1377} INFO - Executing <Task(_PythonDecoratedOperator): get_data_to_ingest_from_local_file_task> on 2022-06-12 01:57:00+00:00
[2022-06-12 16:47:14,011] {standard_task_runner.py:52} INFO - Started process 5483 to run task
[2022-06-12 16:47:14,017] {standard_task_runner.py:79} INFO - Running: ['airflow', 'tasks', 'run', 'ingest_data', 'get_data_to_ingest_from_local_file_task', 'scheduled__2022-06-12T01:57:00+00:00', '--job-id', '627', '--raw', '--subdir', 'DAGS_FOLDER/ingestion_dag.py', '--cfg-path', '/tmp/tmpqn7rs4k5', '--error-file', '/tmp/tmpjk8j54fq']
[2022-06-12 16:47:14,019] {standard_task_runner.py:80} INFO - Job 627: Subtask get_data_to_ingest_from_local_file_task
[2022-06-12 16:47:14,173] {task_command.py:370} INFO - Running <TaskInstance: ingest_data.get_data_to_ingest_from_local_file_task scheduled__2022-06-12T01:57:00+00:00 [running]> on host DESKTOP-GDPK8BL.localdomain
[2022-06-12 16:47:14,604] {taskinstance.py:1569} INFO - Exporting the following env vars:
AIRFLOW_CTX_DAG_OWNER=airflow
AIRFLOW_CTX_DAG_ID=ingest_data
AIRFLOW_CTX_TASK_ID=get_data_to_ingest_from_local_file_task
AIRFLOW_CTX_EXECUTION_DATE=2022-06-12T01:57:00+00:00
AIRFLOW_CTX_TRY_NUMBER=1
AIRFLOW_CTX_DAG_RUN_ID=scheduled__2022-06-12T01:57:00+00:00
[2022-06-12 16:47:14,674] {python.py:173} INFO - Done. Returned value was:           AT      V       AP     RH      PE
18330  29.53  70.94  1007.22  70.68  432.43
3204   22.78  59.92  1011.28  88.78  440.87
30400  31.85  73.91  1003.60  60.22  431.26
15314  27.55  73.68  1013.62  81.13  431.86
41635  31.94  69.98  1013.32  56.17  432.03
[2022-06-12 16:47:14,797] {taskinstance.py:1395} INFO - Marking task as SUCCESS. dag_id=ingest_data, task_id=get_data_to_ingest_from_local_file_task, execution_date=20220612T015700, start_date=20220612T144713, end_date=20220612T144714
[2022-06-12 16:47:14,877] {local_task_job.py:156} INFO - Task exited with return code 0
[2022-06-12 16:47:15,104] {local_task_job.py:273} INFO - 1 downstream tasks scheduled from follow-on schedule check
