[2022-06-12 17:00:55,155] {taskinstance.py:1159} INFO - Dependencies all met for <TaskInstance: ingest_data.get_data_to_ingest_from_local_file_task scheduled__2022-06-12T03:14:00+00:00 [queued]>
[2022-06-12 17:00:55,202] {taskinstance.py:1159} INFO - Dependencies all met for <TaskInstance: ingest_data.get_data_to_ingest_from_local_file_task scheduled__2022-06-12T03:14:00+00:00 [queued]>
[2022-06-12 17:00:55,203] {taskinstance.py:1356} INFO - 
--------------------------------------------------------------------------------
[2022-06-12 17:00:55,203] {taskinstance.py:1357} INFO - Starting attempt 1 of 1
[2022-06-12 17:00:55,204] {taskinstance.py:1358} INFO - 
--------------------------------------------------------------------------------
[2022-06-12 17:00:55,263] {taskinstance.py:1377} INFO - Executing <Task(_PythonDecoratedOperator): get_data_to_ingest_from_local_file_task> on 2022-06-12 03:14:00+00:00
[2022-06-12 17:00:55,270] {standard_task_runner.py:52} INFO - Started process 6637 to run task
[2022-06-12 17:00:55,276] {standard_task_runner.py:79} INFO - Running: ['airflow', 'tasks', 'run', 'ingest_data', 'get_data_to_ingest_from_local_file_task', 'scheduled__2022-06-12T03:14:00+00:00', '--job-id', '782', '--raw', '--subdir', 'DAGS_FOLDER/ingestion_dag.py', '--cfg-path', '/tmp/tmpjieq4jl_', '--error-file', '/tmp/tmptzptxm7d']
[2022-06-12 17:00:55,277] {standard_task_runner.py:80} INFO - Job 782: Subtask get_data_to_ingest_from_local_file_task
[2022-06-12 17:00:55,426] {task_command.py:370} INFO - Running <TaskInstance: ingest_data.get_data_to_ingest_from_local_file_task scheduled__2022-06-12T03:14:00+00:00 [running]> on host DESKTOP-GDPK8BL.localdomain
[2022-06-12 17:00:55,836] {taskinstance.py:1569} INFO - Exporting the following env vars:
AIRFLOW_CTX_DAG_OWNER=airflow
AIRFLOW_CTX_DAG_ID=ingest_data
AIRFLOW_CTX_TASK_ID=get_data_to_ingest_from_local_file_task
AIRFLOW_CTX_EXECUTION_DATE=2022-06-12T03:14:00+00:00
AIRFLOW_CTX_TRY_NUMBER=1
AIRFLOW_CTX_DAG_RUN_ID=scheduled__2022-06-12T03:14:00+00:00
[2022-06-12 17:00:55,913] {python.py:173} INFO - Done. Returned value was:           AT      V       AP     RH      PE
40190  26.87  69.23  1012.71  54.54  433.89
44406  18.50  51.43  1010.82  92.04  459.42
12049  16.17  46.97  1014.22  85.80  456.08
15999  26.99  72.99  1008.00  76.10  430.81
32212   8.39  36.30  1015.39  62.23  479.57
[2022-06-12 17:00:56,061] {taskinstance.py:1395} INFO - Marking task as SUCCESS. dag_id=ingest_data, task_id=get_data_to_ingest_from_local_file_task, execution_date=20220612T031400, start_date=20220612T150055, end_date=20220612T150056
[2022-06-12 17:00:56,134] {local_task_job.py:156} INFO - Task exited with return code 0
[2022-06-12 17:00:56,346] {local_task_job.py:273} INFO - 1 downstream tasks scheduled from follow-on schedule check
