[2022-06-12 16:53:09,851] {taskinstance.py:1159} INFO - Dependencies all met for <TaskInstance: ingest_data.get_data_to_ingest_from_local_file_task scheduled__2022-06-12T02:30:00+00:00 [queued]>
[2022-06-12 16:53:09,876] {taskinstance.py:1159} INFO - Dependencies all met for <TaskInstance: ingest_data.get_data_to_ingest_from_local_file_task scheduled__2022-06-12T02:30:00+00:00 [queued]>
[2022-06-12 16:53:09,876] {taskinstance.py:1356} INFO - 
--------------------------------------------------------------------------------
[2022-06-12 16:53:09,877] {taskinstance.py:1357} INFO - Starting attempt 1 of 1
[2022-06-12 16:53:09,878] {taskinstance.py:1358} INFO - 
--------------------------------------------------------------------------------
[2022-06-12 16:53:09,931] {taskinstance.py:1377} INFO - Executing <Task(_PythonDecoratedOperator): get_data_to_ingest_from_local_file_task> on 2022-06-12 02:30:00+00:00
[2022-06-12 16:53:09,936] {standard_task_runner.py:52} INFO - Started process 5974 to run task
[2022-06-12 16:53:09,941] {standard_task_runner.py:79} INFO - Running: ['airflow', 'tasks', 'run', 'ingest_data', 'get_data_to_ingest_from_local_file_task', 'scheduled__2022-06-12T02:30:00+00:00', '--job-id', '693', '--raw', '--subdir', 'DAGS_FOLDER/ingestion_dag.py', '--cfg-path', '/tmp/tmps_rq6u_a', '--error-file', '/tmp/tmpkdf5mm1d']
[2022-06-12 16:53:09,943] {standard_task_runner.py:80} INFO - Job 693: Subtask get_data_to_ingest_from_local_file_task
[2022-06-12 16:53:10,091] {task_command.py:370} INFO - Running <TaskInstance: ingest_data.get_data_to_ingest_from_local_file_task scheduled__2022-06-12T02:30:00+00:00 [running]> on host DESKTOP-GDPK8BL.localdomain
[2022-06-12 16:53:10,509] {taskinstance.py:1569} INFO - Exporting the following env vars:
AIRFLOW_CTX_DAG_OWNER=airflow
AIRFLOW_CTX_DAG_ID=ingest_data
AIRFLOW_CTX_TASK_ID=get_data_to_ingest_from_local_file_task
AIRFLOW_CTX_EXECUTION_DATE=2022-06-12T02:30:00+00:00
AIRFLOW_CTX_TRY_NUMBER=1
AIRFLOW_CTX_DAG_RUN_ID=scheduled__2022-06-12T02:30:00+00:00
[2022-06-12 16:53:10,581] {python.py:173} INFO - Done. Returned value was:           AT      V       AP     RH      PE
31938  10.82  44.63  1020.64  90.26  473.23
2033   17.67  53.16  1013.59  83.31  457.99
4173   19.01  58.46  1017.14  90.99  446.18
6842   13.57  41.40  1021.27  72.55  464.23
45901  12.33  45.51  1016.49  79.20  471.16
[2022-06-12 16:53:10,773] {taskinstance.py:1395} INFO - Marking task as SUCCESS. dag_id=ingest_data, task_id=get_data_to_ingest_from_local_file_task, execution_date=20220612T023000, start_date=20220612T145309, end_date=20220612T145310
[2022-06-12 16:53:10,880] {local_task_job.py:156} INFO - Task exited with return code 0
[2022-06-12 16:53:11,138] {local_task_job.py:273} INFO - 1 downstream tasks scheduled from follow-on schedule check
