[2022-06-12 19:43:14,881] {taskinstance.py:1159} INFO - Dependencies all met for <TaskInstance: ingest_data.get_data_to_ingest_from_local_file_task scheduled__2022-06-12T08:35:00+00:00 [queued]>
[2022-06-12 19:43:14,920] {taskinstance.py:1159} INFO - Dependencies all met for <TaskInstance: ingest_data.get_data_to_ingest_from_local_file_task scheduled__2022-06-12T08:35:00+00:00 [queued]>
[2022-06-12 19:43:14,921] {taskinstance.py:1356} INFO - 
--------------------------------------------------------------------------------
[2022-06-12 19:43:14,921] {taskinstance.py:1357} INFO - Starting attempt 1 of 1
[2022-06-12 19:43:14,922] {taskinstance.py:1358} INFO - 
--------------------------------------------------------------------------------
[2022-06-12 19:43:14,983] {taskinstance.py:1377} INFO - Executing <Task(_PythonDecoratedOperator): get_data_to_ingest_from_local_file_task> on 2022-06-12 08:35:00+00:00
[2022-06-12 19:43:14,995] {standard_task_runner.py:79} INFO - Running: ['airflow', 'tasks', 'run', 'ingest_data', 'get_data_to_ingest_from_local_file_task', 'scheduled__2022-06-12T08:35:00+00:00', '--job-id', '1423', '--raw', '--subdir', 'DAGS_FOLDER/ingestion_dag.py', '--cfg-path', '/tmp/tmp8d4cw6jg', '--error-file', '/tmp/tmpn7_m7e9x']
[2022-06-12 19:43:14,997] {standard_task_runner.py:80} INFO - Job 1423: Subtask get_data_to_ingest_from_local_file_task
[2022-06-12 19:43:14,989] {standard_task_runner.py:52} INFO - Started process 11384 to run task
[2022-06-12 19:43:15,152] {task_command.py:370} INFO - Running <TaskInstance: ingest_data.get_data_to_ingest_from_local_file_task scheduled__2022-06-12T08:35:00+00:00 [running]> on host DESKTOP-GDPK8BL.localdomain
[2022-06-12 19:43:15,616] {taskinstance.py:1569} INFO - Exporting the following env vars:
AIRFLOW_CTX_DAG_OWNER=airflow
AIRFLOW_CTX_DAG_ID=ingest_data
AIRFLOW_CTX_TASK_ID=get_data_to_ingest_from_local_file_task
AIRFLOW_CTX_EXECUTION_DATE=2022-06-12T08:35:00+00:00
AIRFLOW_CTX_TRY_NUMBER=1
AIRFLOW_CTX_DAG_RUN_ID=scheduled__2022-06-12T08:35:00+00:00
[2022-06-12 19:43:15,686] {python.py:173} INFO - Done. Returned value was:           AT      V       AP     RH      PE
46941  23.25  59.87  1018.69  66.40  444.23
36276  14.39  44.85  1014.19  75.16  465.88
15493  32.95  67.90  1005.88  45.15  425.89
8315   14.22  48.60  1006.26  88.05  459.69
43652  26.20  71.73  1010.14  76.14  430.89
[2022-06-12 19:43:15,858] {taskinstance.py:1395} INFO - Marking task as SUCCESS. dag_id=ingest_data, task_id=get_data_to_ingest_from_local_file_task, execution_date=20220612T083500, start_date=20220612T174314, end_date=20220612T174315
[2022-06-12 19:43:15,940] {local_task_job.py:156} INFO - Task exited with return code 0
[2022-06-12 19:43:16,159] {local_task_job.py:273} INFO - 1 downstream tasks scheduled from follow-on schedule check
