[2022-06-12 17:01:17,424] {taskinstance.py:1159} INFO - Dependencies all met for <TaskInstance: ingest_data.get_data_to_ingest_from_local_file_task scheduled__2022-06-12T03:17:00+00:00 [queued]>
[2022-06-12 17:01:17,454] {taskinstance.py:1159} INFO - Dependencies all met for <TaskInstance: ingest_data.get_data_to_ingest_from_local_file_task scheduled__2022-06-12T03:17:00+00:00 [queued]>
[2022-06-12 17:01:17,455] {taskinstance.py:1356} INFO - 
--------------------------------------------------------------------------------
[2022-06-12 17:01:17,455] {taskinstance.py:1357} INFO - Starting attempt 1 of 1
[2022-06-12 17:01:17,456] {taskinstance.py:1358} INFO - 
--------------------------------------------------------------------------------
[2022-06-12 17:01:17,528] {taskinstance.py:1377} INFO - Executing <Task(_PythonDecoratedOperator): get_data_to_ingest_from_local_file_task> on 2022-06-12 03:17:00+00:00
[2022-06-12 17:01:17,541] {standard_task_runner.py:79} INFO - Running: ['airflow', 'tasks', 'run', 'ingest_data', 'get_data_to_ingest_from_local_file_task', 'scheduled__2022-06-12T03:17:00+00:00', '--job-id', '787', '--raw', '--subdir', 'DAGS_FOLDER/ingestion_dag.py', '--cfg-path', '/tmp/tmpangd9oc_', '--error-file', '/tmp/tmpbjfb8yhz']
[2022-06-12 17:01:17,543] {standard_task_runner.py:80} INFO - Job 787: Subtask get_data_to_ingest_from_local_file_task
[2022-06-12 17:01:17,534] {standard_task_runner.py:52} INFO - Started process 6674 to run task
[2022-06-12 17:01:17,683] {task_command.py:370} INFO - Running <TaskInstance: ingest_data.get_data_to_ingest_from_local_file_task scheduled__2022-06-12T03:17:00+00:00 [running]> on host DESKTOP-GDPK8BL.localdomain
[2022-06-12 17:01:18,021] {taskinstance.py:1569} INFO - Exporting the following env vars:
AIRFLOW_CTX_DAG_OWNER=airflow
AIRFLOW_CTX_DAG_ID=ingest_data
AIRFLOW_CTX_TASK_ID=get_data_to_ingest_from_local_file_task
AIRFLOW_CTX_EXECUTION_DATE=2022-06-12T03:17:00+00:00
AIRFLOW_CTX_TRY_NUMBER=1
AIRFLOW_CTX_DAG_RUN_ID=scheduled__2022-06-12T03:17:00+00:00
[2022-06-12 17:01:18,095] {python.py:173} INFO - Done. Returned value was:           AT      V       AP     RH      PE
4315   28.32  72.58  1007.77  78.35  428.06
40174  11.92  40.62  1016.66  55.25  468.14
4555   29.61  67.07  1005.91  39.28  434.14
4724   15.55  43.02  1011.97  44.66  466.20
28884   9.29  34.03  1018.84  74.81  483.74
[2022-06-12 17:01:18,222] {taskinstance.py:1395} INFO - Marking task as SUCCESS. dag_id=ingest_data, task_id=get_data_to_ingest_from_local_file_task, execution_date=20220612T031700, start_date=20220612T150117, end_date=20220612T150118
[2022-06-12 17:01:18,283] {local_task_job.py:156} INFO - Task exited with return code 0
[2022-06-12 17:01:18,494] {local_task_job.py:273} INFO - 1 downstream tasks scheduled from follow-on schedule check
