[2022-06-12 16:02:59,367] {taskinstance.py:1159} INFO - Dependencies all met for <TaskInstance: ingest_data.get_data_to_ingest_from_local_file_task scheduled__2022-06-11T21:41:00+00:00 [queued]>
[2022-06-12 16:02:59,397] {taskinstance.py:1159} INFO - Dependencies all met for <TaskInstance: ingest_data.get_data_to_ingest_from_local_file_task scheduled__2022-06-11T21:41:00+00:00 [queued]>
[2022-06-12 16:02:59,398] {taskinstance.py:1356} INFO - 
--------------------------------------------------------------------------------
[2022-06-12 16:02:59,398] {taskinstance.py:1357} INFO - Starting attempt 1 of 1
[2022-06-12 16:02:59,400] {taskinstance.py:1358} INFO - 
--------------------------------------------------------------------------------
[2022-06-12 16:02:59,471] {taskinstance.py:1377} INFO - Executing <Task(_PythonDecoratedOperator): get_data_to_ingest_from_local_file_task> on 2022-06-11 21:41:00+00:00
[2022-06-12 16:02:59,477] {standard_task_runner.py:52} INFO - Started process 1441 to run task
[2022-06-12 16:02:59,482] {standard_task_runner.py:79} INFO - Running: ['airflow', 'tasks', 'run', 'ingest_data', 'get_data_to_ingest_from_local_file_task', 'scheduled__2022-06-11T21:41:00+00:00', '--job-id', '116', '--raw', '--subdir', 'DAGS_FOLDER/ingestion_dag.py', '--cfg-path', '/tmp/tmp8114uw0d', '--error-file', '/tmp/tmp3ysaviym']
[2022-06-12 16:02:59,484] {standard_task_runner.py:80} INFO - Job 116: Subtask get_data_to_ingest_from_local_file_task
[2022-06-12 16:02:59,630] {task_command.py:370} INFO - Running <TaskInstance: ingest_data.get_data_to_ingest_from_local_file_task scheduled__2022-06-11T21:41:00+00:00 [running]> on host DESKTOP-GDPK8BL.localdomain
[2022-06-12 16:02:59,962] {taskinstance.py:1569} INFO - Exporting the following env vars:
AIRFLOW_CTX_DAG_OWNER=airflow
AIRFLOW_CTX_DAG_ID=ingest_data
AIRFLOW_CTX_TASK_ID=get_data_to_ingest_from_local_file_task
AIRFLOW_CTX_EXECUTION_DATE=2022-06-11T21:41:00+00:00
AIRFLOW_CTX_TRY_NUMBER=1
AIRFLOW_CTX_DAG_RUN_ID=scheduled__2022-06-11T21:41:00+00:00
[2022-06-12 16:03:00,049] {python.py:173} INFO - Done. Returned value was:           AT      V       AP     RH      PE
17840   7.22  41.01  1025.19  97.27  476.15
28300  14.47  44.66  1016.33  93.52  464.41
26440   9.38  44.77  1020.41  85.26  473.90
25495  19.79  44.90  1008.66  72.68  455.59
35409  22.74  61.87  1009.66  55.03  444.59
[2022-06-12 16:03:00,162] {taskinstance.py:1395} INFO - Marking task as SUCCESS. dag_id=ingest_data, task_id=get_data_to_ingest_from_local_file_task, execution_date=20220611T214100, start_date=20220612T140259, end_date=20220612T140300
[2022-06-12 16:03:00,259] {local_task_job.py:156} INFO - Task exited with return code 0
[2022-06-12 16:03:00,494] {local_task_job.py:273} INFO - 1 downstream tasks scheduled from follow-on schedule check
