[2022-06-12 14:48:26,240] {taskinstance.py:1159} INFO - Dependencies all met for <TaskInstance: ingest_data.get_data_to_ingest_from_local_file_task scheduled__2022-06-11T21:25:00+00:00 [queued]>
[2022-06-12 14:48:26,265] {taskinstance.py:1159} INFO - Dependencies all met for <TaskInstance: ingest_data.get_data_to_ingest_from_local_file_task scheduled__2022-06-11T21:25:00+00:00 [queued]>
[2022-06-12 14:48:26,266] {taskinstance.py:1356} INFO - 
--------------------------------------------------------------------------------
[2022-06-12 14:48:26,266] {taskinstance.py:1357} INFO - Starting attempt 1 of 1
[2022-06-12 14:48:26,267] {taskinstance.py:1358} INFO - 
--------------------------------------------------------------------------------
[2022-06-12 14:48:26,330] {taskinstance.py:1377} INFO - Executing <Task(_PythonDecoratedOperator): get_data_to_ingest_from_local_file_task> on 2022-06-11 21:25:00+00:00
[2022-06-12 14:48:26,345] {standard_task_runner.py:52} INFO - Started process 1166 to run task
[2022-06-12 14:48:26,348] {standard_task_runner.py:79} INFO - Running: ['airflow', 'tasks', 'run', 'ingest_data', 'get_data_to_ingest_from_local_file_task', 'scheduled__2022-06-11T21:25:00+00:00', '--job-id', '84', '--raw', '--subdir', 'DAGS_FOLDER/ingestion_dag.py', '--cfg-path', '/tmp/tmp4t9amfsk', '--error-file', '/tmp/tmplzhf44kr']
[2022-06-12 14:48:26,356] {standard_task_runner.py:80} INFO - Job 84: Subtask get_data_to_ingest_from_local_file_task
[2022-06-12 14:48:26,506] {task_command.py:370} INFO - Running <TaskInstance: ingest_data.get_data_to_ingest_from_local_file_task scheduled__2022-06-11T21:25:00+00:00 [running]> on host DESKTOP-GDPK8BL.localdomain
[2022-06-12 14:48:26,772] {taskinstance.py:1569} INFO - Exporting the following env vars:
AIRFLOW_CTX_DAG_OWNER=airflow
AIRFLOW_CTX_DAG_ID=ingest_data
AIRFLOW_CTX_TASK_ID=get_data_to_ingest_from_local_file_task
AIRFLOW_CTX_EXECUTION_DATE=2022-06-11T21:25:00+00:00
AIRFLOW_CTX_TRY_NUMBER=1
AIRFLOW_CTX_DAG_RUN_ID=scheduled__2022-06-11T21:25:00+00:00
[2022-06-12 14:48:26,837] {python.py:173} INFO - Done. Returned value was:           AT      V       AP      RH      PE
10534  26.59  66.49  1013.32   49.76  439.72
22030  30.18  68.24  1009.31   64.06  427.38
3143   16.22  50.88  1014.33  100.09  454.94
15678  23.06  56.85  1012.50   64.03  440.03
23195  32.96  69.75  1008.86   40.23  435.56
[2022-06-12 14:48:26,952] {taskinstance.py:1395} INFO - Marking task as SUCCESS. dag_id=ingest_data, task_id=get_data_to_ingest_from_local_file_task, execution_date=20220611T212500, start_date=20220612T124826, end_date=20220612T124826
[2022-06-12 14:48:27,017] {local_task_job.py:156} INFO - Task exited with return code 0
[2022-06-12 14:48:27,225] {local_task_job.py:273} INFO - 1 downstream tasks scheduled from follow-on schedule check
