[2022-06-12 16:26:41,805] {taskinstance.py:1159} INFO - Dependencies all met for <TaskInstance: ingest_data.get_data_to_ingest_from_local_file_task scheduled__2022-06-11T23:58:00+00:00 [queued]>
[2022-06-12 16:26:41,835] {taskinstance.py:1159} INFO - Dependencies all met for <TaskInstance: ingest_data.get_data_to_ingest_from_local_file_task scheduled__2022-06-11T23:58:00+00:00 [queued]>
[2022-06-12 16:26:41,835] {taskinstance.py:1356} INFO - 
--------------------------------------------------------------------------------
[2022-06-12 16:26:41,836] {taskinstance.py:1357} INFO - Starting attempt 1 of 1
[2022-06-12 16:26:41,837] {taskinstance.py:1358} INFO - 
--------------------------------------------------------------------------------
[2022-06-12 16:26:41,903] {taskinstance.py:1377} INFO - Executing <Task(_PythonDecoratedOperator): get_data_to_ingest_from_local_file_task> on 2022-06-11 23:58:00+00:00
[2022-06-12 16:26:41,918] {standard_task_runner.py:79} INFO - Running: ['airflow', 'tasks', 'run', 'ingest_data', 'get_data_to_ingest_from_local_file_task', 'scheduled__2022-06-11T23:58:00+00:00', '--job-id', '389', '--raw', '--subdir', 'DAGS_FOLDER/ingestion_dag.py', '--cfg-path', '/tmp/tmp_2irclre', '--error-file', '/tmp/tmpqquavmml']
[2022-06-12 16:26:41,911] {standard_task_runner.py:52} INFO - Started process 3713 to run task
[2022-06-12 16:26:41,920] {standard_task_runner.py:80} INFO - Job 389: Subtask get_data_to_ingest_from_local_file_task
[2022-06-12 16:26:42,070] {task_command.py:370} INFO - Running <TaskInstance: ingest_data.get_data_to_ingest_from_local_file_task scheduled__2022-06-11T23:58:00+00:00 [running]> on host DESKTOP-GDPK8BL.localdomain
[2022-06-12 16:26:42,433] {taskinstance.py:1569} INFO - Exporting the following env vars:
AIRFLOW_CTX_DAG_OWNER=airflow
AIRFLOW_CTX_DAG_ID=ingest_data
AIRFLOW_CTX_TASK_ID=get_data_to_ingest_from_local_file_task
AIRFLOW_CTX_EXECUTION_DATE=2022-06-11T23:58:00+00:00
AIRFLOW_CTX_TRY_NUMBER=1
AIRFLOW_CTX_DAG_RUN_ID=scheduled__2022-06-11T23:58:00+00:00
[2022-06-12 16:26:42,502] {python.py:173} INFO - Done. Returned value was:           AT      V       AP     RH      PE
36792  24.88  52.36  1014.45  68.39  452.31
27536  11.18  39.61  1018.56  68.00  468.75
16665  25.11  56.89  1013.33  67.31  441.51
41787  23.28  60.84  1017.91  67.50  444.13
3507   25.25  58.46  1015.54  70.76  444.05
[2022-06-12 16:26:42,623] {taskinstance.py:1395} INFO - Marking task as SUCCESS. dag_id=ingest_data, task_id=get_data_to_ingest_from_local_file_task, execution_date=20220611T235800, start_date=20220612T142641, end_date=20220612T142642
[2022-06-12 16:26:42,700] {local_task_job.py:156} INFO - Task exited with return code 0
[2022-06-12 16:26:42,902] {local_task_job.py:273} INFO - 1 downstream tasks scheduled from follow-on schedule check
