[2022-06-12 17:00:22,771] {taskinstance.py:1159} INFO - Dependencies all met for <TaskInstance: ingest_data.get_data_to_ingest_from_local_file_task scheduled__2022-06-12T03:11:00+00:00 [queued]>
[2022-06-12 17:00:22,871] {taskinstance.py:1159} INFO - Dependencies all met for <TaskInstance: ingest_data.get_data_to_ingest_from_local_file_task scheduled__2022-06-12T03:11:00+00:00 [queued]>
[2022-06-12 17:00:22,885] {taskinstance.py:1356} INFO - 
--------------------------------------------------------------------------------
[2022-06-12 17:00:22,886] {taskinstance.py:1357} INFO - Starting attempt 1 of 1
[2022-06-12 17:00:22,887] {taskinstance.py:1358} INFO - 
--------------------------------------------------------------------------------
[2022-06-12 17:00:22,989] {taskinstance.py:1377} INFO - Executing <Task(_PythonDecoratedOperator): get_data_to_ingest_from_local_file_task> on 2022-06-12 03:11:00+00:00
[2022-06-12 17:00:23,005] {standard_task_runner.py:52} INFO - Started process 6585 to run task
[2022-06-12 17:00:23,008] {standard_task_runner.py:79} INFO - Running: ['airflow', 'tasks', 'run', 'ingest_data', 'get_data_to_ingest_from_local_file_task', 'scheduled__2022-06-12T03:11:00+00:00', '--job-id', '775', '--raw', '--subdir', 'DAGS_FOLDER/ingestion_dag.py', '--cfg-path', '/tmp/tmpmg6rat55', '--error-file', '/tmp/tmpatqpzrwn']
[2022-06-12 17:00:23,011] {standard_task_runner.py:80} INFO - Job 775: Subtask get_data_to_ingest_from_local_file_task
[2022-06-12 17:00:23,181] {task_command.py:370} INFO - Running <TaskInstance: ingest_data.get_data_to_ingest_from_local_file_task scheduled__2022-06-12T03:11:00+00:00 [running]> on host DESKTOP-GDPK8BL.localdomain
[2022-06-12 17:00:23,848] {taskinstance.py:1569} INFO - Exporting the following env vars:
AIRFLOW_CTX_DAG_OWNER=airflow
AIRFLOW_CTX_DAG_ID=ingest_data
AIRFLOW_CTX_TASK_ID=get_data_to_ingest_from_local_file_task
AIRFLOW_CTX_EXECUTION_DATE=2022-06-12T03:11:00+00:00
AIRFLOW_CTX_TRY_NUMBER=1
AIRFLOW_CTX_DAG_RUN_ID=scheduled__2022-06-12T03:11:00+00:00
[2022-06-12 17:00:23,972] {python.py:173} INFO - Done. Returned value was:           AT      V       AP     RH      PE
38802  13.98  39.18  1009.61  89.12  467.97
32424  25.59  72.43  1007.88  82.98  432.49
39619  11.92  40.62  1015.91  55.40  464.90
261    28.87  72.58  1008.69  79.34  428.89
12315  24.20  60.95  1014.82  59.42  448.43
[2022-06-12 17:00:24,187] {taskinstance.py:1395} INFO - Marking task as SUCCESS. dag_id=ingest_data, task_id=get_data_to_ingest_from_local_file_task, execution_date=20220612T031100, start_date=20220612T150022, end_date=20220612T150024
[2022-06-12 17:00:24,274] {local_task_job.py:156} INFO - Task exited with return code 0
[2022-06-12 17:00:24,491] {local_task_job.py:273} INFO - 1 downstream tasks scheduled from follow-on schedule check
