[2022-06-12 16:48:47,529] {taskinstance.py:1159} INFO - Dependencies all met for <TaskInstance: ingest_data.get_data_to_ingest_from_local_file_task scheduled__2022-06-12T02:05:00+00:00 [queued]>
[2022-06-12 16:48:47,556] {taskinstance.py:1159} INFO - Dependencies all met for <TaskInstance: ingest_data.get_data_to_ingest_from_local_file_task scheduled__2022-06-12T02:05:00+00:00 [queued]>
[2022-06-12 16:48:47,557] {taskinstance.py:1356} INFO - 
--------------------------------------------------------------------------------
[2022-06-12 16:48:47,557] {taskinstance.py:1357} INFO - Starting attempt 1 of 1
[2022-06-12 16:48:47,558] {taskinstance.py:1358} INFO - 
--------------------------------------------------------------------------------
[2022-06-12 16:48:47,620] {taskinstance.py:1377} INFO - Executing <Task(_PythonDecoratedOperator): get_data_to_ingest_from_local_file_task> on 2022-06-12 02:05:00+00:00
[2022-06-12 16:48:47,634] {standard_task_runner.py:79} INFO - Running: ['airflow', 'tasks', 'run', 'ingest_data', 'get_data_to_ingest_from_local_file_task', 'scheduled__2022-06-12T02:05:00+00:00', '--job-id', '644', '--raw', '--subdir', 'DAGS_FOLDER/ingestion_dag.py', '--cfg-path', '/tmp/tmpsywqen86', '--error-file', '/tmp/tmp1mi3xg1z']
[2022-06-12 16:48:47,627] {standard_task_runner.py:52} INFO - Started process 5611 to run task
[2022-06-12 16:48:47,640] {standard_task_runner.py:80} INFO - Job 644: Subtask get_data_to_ingest_from_local_file_task
[2022-06-12 16:48:47,788] {task_command.py:370} INFO - Running <TaskInstance: ingest_data.get_data_to_ingest_from_local_file_task scheduled__2022-06-12T02:05:00+00:00 [running]> on host DESKTOP-GDPK8BL.localdomain
[2022-06-12 16:48:48,192] {taskinstance.py:1569} INFO - Exporting the following env vars:
AIRFLOW_CTX_DAG_OWNER=airflow
AIRFLOW_CTX_DAG_ID=ingest_data
AIRFLOW_CTX_TASK_ID=get_data_to_ingest_from_local_file_task
AIRFLOW_CTX_EXECUTION_DATE=2022-06-12T02:05:00+00:00
AIRFLOW_CTX_TRY_NUMBER=1
AIRFLOW_CTX_DAG_RUN_ID=scheduled__2022-06-12T02:05:00+00:00
[2022-06-12 16:48:48,264] {python.py:173} INFO - Done. Returned value was:           AT      V       AP     RH      PE
6960   30.08  67.25  1017.57  47.77  432.10
32805  10.31  40.67  1017.61  69.61  485.25
40663  10.33  40.00  1021.35  90.84  479.32
4266   23.81  73.17  1012.13  86.13  438.11
46774  13.33  39.39  1013.93  84.74  471.23
[2022-06-12 16:48:48,384] {taskinstance.py:1395} INFO - Marking task as SUCCESS. dag_id=ingest_data, task_id=get_data_to_ingest_from_local_file_task, execution_date=20220612T020500, start_date=20220612T144847, end_date=20220612T144848
[2022-06-12 16:48:48,460] {local_task_job.py:156} INFO - Task exited with return code 0
[2022-06-12 16:48:48,713] {local_task_job.py:273} INFO - 1 downstream tasks scheduled from follow-on schedule check
