[2022-06-12 17:28:05,950] {taskinstance.py:1159} INFO - Dependencies all met for <TaskInstance: ingest_data.get_data_to_ingest_from_local_file_task scheduled__2022-06-12T05:54:00+00:00 [queued]>
[2022-06-12 17:28:05,987] {taskinstance.py:1159} INFO - Dependencies all met for <TaskInstance: ingest_data.get_data_to_ingest_from_local_file_task scheduled__2022-06-12T05:54:00+00:00 [queued]>
[2022-06-12 17:28:05,987] {taskinstance.py:1356} INFO - 
--------------------------------------------------------------------------------
[2022-06-12 17:28:05,988] {taskinstance.py:1357} INFO - Starting attempt 1 of 1
[2022-06-12 17:28:05,989] {taskinstance.py:1358} INFO - 
--------------------------------------------------------------------------------
[2022-06-12 17:28:06,051] {taskinstance.py:1377} INFO - Executing <Task(_PythonDecoratedOperator): get_data_to_ingest_from_local_file_task> on 2022-06-12 05:54:00+00:00
[2022-06-12 17:28:06,057] {standard_task_runner.py:52} INFO - Started process 9002 to run task
[2022-06-12 17:28:06,069] {standard_task_runner.py:79} INFO - Running: ['airflow', 'tasks', 'run', 'ingest_data', 'get_data_to_ingest_from_local_file_task', 'scheduled__2022-06-12T05:54:00+00:00', '--job-id', '1101', '--raw', '--subdir', 'DAGS_FOLDER/ingestion_dag.py', '--cfg-path', '/tmp/tmps8ugqjk0', '--error-file', '/tmp/tmpdp7yqqmg']
[2022-06-12 17:28:06,071] {standard_task_runner.py:80} INFO - Job 1101: Subtask get_data_to_ingest_from_local_file_task
[2022-06-12 17:28:06,219] {task_command.py:370} INFO - Running <TaskInstance: ingest_data.get_data_to_ingest_from_local_file_task scheduled__2022-06-12T05:54:00+00:00 [running]> on host DESKTOP-GDPK8BL.localdomain
[2022-06-12 17:28:06,605] {taskinstance.py:1569} INFO - Exporting the following env vars:
AIRFLOW_CTX_DAG_OWNER=airflow
AIRFLOW_CTX_DAG_ID=ingest_data
AIRFLOW_CTX_TASK_ID=get_data_to_ingest_from_local_file_task
AIRFLOW_CTX_EXECUTION_DATE=2022-06-12T05:54:00+00:00
AIRFLOW_CTX_TRY_NUMBER=1
AIRFLOW_CTX_DAG_RUN_ID=scheduled__2022-06-12T05:54:00+00:00
[2022-06-12 17:28:06,678] {python.py:173} INFO - Done. Returned value was:           AT      V       AP      RH      PE
8214   12.63  48.04  1013.00  100.13  464.60
21890  23.97  62.44  1013.64   88.50  442.46
9032   25.53  71.85  1009.19   74.70  431.26
46466  25.76  65.48  1017.82   54.77  441.14
44335  26.62  65.12  1016.00   43.24  441.22
[2022-06-12 17:28:06,838] {taskinstance.py:1395} INFO - Marking task as SUCCESS. dag_id=ingest_data, task_id=get_data_to_ingest_from_local_file_task, execution_date=20220612T055400, start_date=20220612T152805, end_date=20220612T152806
[2022-06-12 17:28:06,926] {local_task_job.py:156} INFO - Task exited with return code 0
[2022-06-12 17:28:07,167] {local_task_job.py:273} INFO - 1 downstream tasks scheduled from follow-on schedule check
