[2022-06-12 14:49:02,240] {taskinstance.py:1159} INFO - Dependencies all met for <TaskInstance: ingest_data.get_data_to_ingest_from_local_file_task scheduled__2022-06-11T21:28:00+00:00 [queued]>
[2022-06-12 14:49:02,264] {taskinstance.py:1159} INFO - Dependencies all met for <TaskInstance: ingest_data.get_data_to_ingest_from_local_file_task scheduled__2022-06-11T21:28:00+00:00 [queued]>
[2022-06-12 14:49:02,265] {taskinstance.py:1356} INFO - 
--------------------------------------------------------------------------------
[2022-06-12 14:49:02,265] {taskinstance.py:1357} INFO - Starting attempt 1 of 1
[2022-06-12 14:49:02,266] {taskinstance.py:1358} INFO - 
--------------------------------------------------------------------------------
[2022-06-12 14:49:02,349] {taskinstance.py:1377} INFO - Executing <Task(_PythonDecoratedOperator): get_data_to_ingest_from_local_file_task> on 2022-06-11 21:28:00+00:00
[2022-06-12 14:49:02,367] {standard_task_runner.py:79} INFO - Running: ['airflow', 'tasks', 'run', 'ingest_data', 'get_data_to_ingest_from_local_file_task', 'scheduled__2022-06-11T21:28:00+00:00', '--job-id', '90', '--raw', '--subdir', 'DAGS_FOLDER/ingestion_dag.py', '--cfg-path', '/tmp/tmp38tunx0g', '--error-file', '/tmp/tmpa7c5ljjo']
[2022-06-12 14:49:02,357] {standard_task_runner.py:52} INFO - Started process 1218 to run task
[2022-06-12 14:49:02,369] {standard_task_runner.py:80} INFO - Job 90: Subtask get_data_to_ingest_from_local_file_task
[2022-06-12 14:49:02,520] {task_command.py:370} INFO - Running <TaskInstance: ingest_data.get_data_to_ingest_from_local_file_task scheduled__2022-06-11T21:28:00+00:00 [running]> on host DESKTOP-GDPK8BL.localdomain
[2022-06-12 14:49:02,813] {taskinstance.py:1569} INFO - Exporting the following env vars:
AIRFLOW_CTX_DAG_OWNER=airflow
AIRFLOW_CTX_DAG_ID=ingest_data
AIRFLOW_CTX_TASK_ID=get_data_to_ingest_from_local_file_task
AIRFLOW_CTX_EXECUTION_DATE=2022-06-11T21:28:00+00:00
AIRFLOW_CTX_TRY_NUMBER=1
AIRFLOW_CTX_DAG_RUN_ID=scheduled__2022-06-11T21:28:00+00:00
[2022-06-12 14:49:02,902] {python.py:173} INFO - Done. Returned value was:           AT      V       AP     RH      PE
2185   21.04  50.32  1008.41  90.19  446.33
44257  12.73  37.73  1021.89  61.76  470.89
9592   13.98  40.24  1017.19  87.45  467.20
15875  13.51  40.89  1011.03  84.83  471.99
14085  29.82  69.75  1010.09  65.02  442.60
[2022-06-12 14:49:03,009] {taskinstance.py:1395} INFO - Marking task as SUCCESS. dag_id=ingest_data, task_id=get_data_to_ingest_from_local_file_task, execution_date=20220611T212800, start_date=20220612T124902, end_date=20220612T124903
[2022-06-12 14:49:03,112] {local_task_job.py:156} INFO - Task exited with return code 0
[2022-06-12 14:49:03,412] {local_task_job.py:273} INFO - 1 downstream tasks scheduled from follow-on schedule check
