[2022-06-12 16:41:08,542] {taskinstance.py:1159} INFO - Dependencies all met for <TaskInstance: ingest_data.get_data_to_ingest_from_local_file_task scheduled__2022-06-12T01:24:00+00:00 [queued]>
[2022-06-12 16:41:08,599] {taskinstance.py:1159} INFO - Dependencies all met for <TaskInstance: ingest_data.get_data_to_ingest_from_local_file_task scheduled__2022-06-12T01:24:00+00:00 [queued]>
[2022-06-12 16:41:08,600] {taskinstance.py:1356} INFO - 
--------------------------------------------------------------------------------
[2022-06-12 16:41:08,601] {taskinstance.py:1357} INFO - Starting attempt 1 of 1
[2022-06-12 16:41:08,602] {taskinstance.py:1358} INFO - 
--------------------------------------------------------------------------------
[2022-06-12 16:41:08,701] {taskinstance.py:1377} INFO - Executing <Task(_PythonDecoratedOperator): get_data_to_ingest_from_local_file_task> on 2022-06-12 01:24:00+00:00
[2022-06-12 16:41:08,710] {standard_task_runner.py:52} INFO - Started process 4998 to run task
[2022-06-12 16:41:08,725] {standard_task_runner.py:79} INFO - Running: ['airflow', 'tasks', 'run', 'ingest_data', 'get_data_to_ingest_from_local_file_task', 'scheduled__2022-06-12T01:24:00+00:00', '--job-id', '562', '--raw', '--subdir', 'DAGS_FOLDER/ingestion_dag.py', '--cfg-path', '/tmp/tmpxe701117', '--error-file', '/tmp/tmpte7qsd5e']
[2022-06-12 16:41:08,728] {standard_task_runner.py:80} INFO - Job 562: Subtask get_data_to_ingest_from_local_file_task
[2022-06-12 16:41:08,891] {task_command.py:370} INFO - Running <TaskInstance: ingest_data.get_data_to_ingest_from_local_file_task scheduled__2022-06-12T01:24:00+00:00 [running]> on host DESKTOP-GDPK8BL.localdomain
[2022-06-12 16:41:09,340] {taskinstance.py:1569} INFO - Exporting the following env vars:
AIRFLOW_CTX_DAG_OWNER=airflow
AIRFLOW_CTX_DAG_ID=ingest_data
AIRFLOW_CTX_TASK_ID=get_data_to_ingest_from_local_file_task
AIRFLOW_CTX_EXECUTION_DATE=2022-06-12T01:24:00+00:00
AIRFLOW_CTX_TRY_NUMBER=1
AIRFLOW_CTX_DAG_RUN_ID=scheduled__2022-06-12T01:24:00+00:00
[2022-06-12 16:41:09,417] {python.py:173} INFO - Done. Returned value was:           AT      V       AP     RH      PE
36548  21.78  68.28  1001.00  79.30  443.24
23041  15.95  49.25  1019.04  88.51  463.40
38128  20.37  69.48  1011.04  84.31  445.81
2831    9.41  41.54  1019.48  82.19  481.59
33260   9.58  38.08  1019.49  67.54  478.50
[2022-06-12 16:41:09,546] {taskinstance.py:1395} INFO - Marking task as SUCCESS. dag_id=ingest_data, task_id=get_data_to_ingest_from_local_file_task, execution_date=20220612T012400, start_date=20220612T144108, end_date=20220612T144109
[2022-06-12 16:41:09,618] {local_task_job.py:156} INFO - Task exited with return code 0
[2022-06-12 16:41:09,833] {local_task_job.py:273} INFO - 1 downstream tasks scheduled from follow-on schedule check
