[2022-06-12 16:43:26,018] {taskinstance.py:1159} INFO - Dependencies all met for <TaskInstance: ingest_data.get_data_to_ingest_from_local_file_task scheduled__2022-06-12T01:35:00+00:00 [queued]>
[2022-06-12 16:43:26,063] {taskinstance.py:1159} INFO - Dependencies all met for <TaskInstance: ingest_data.get_data_to_ingest_from_local_file_task scheduled__2022-06-12T01:35:00+00:00 [queued]>
[2022-06-12 16:43:26,064] {taskinstance.py:1356} INFO - 
--------------------------------------------------------------------------------
[2022-06-12 16:43:26,064] {taskinstance.py:1357} INFO - Starting attempt 1 of 1
[2022-06-12 16:43:26,065] {taskinstance.py:1358} INFO - 
--------------------------------------------------------------------------------
[2022-06-12 16:43:26,129] {taskinstance.py:1377} INFO - Executing <Task(_PythonDecoratedOperator): get_data_to_ingest_from_local_file_task> on 2022-06-12 01:35:00+00:00
[2022-06-12 16:43:26,135] {standard_task_runner.py:52} INFO - Started process 5164 to run task
[2022-06-12 16:43:26,141] {standard_task_runner.py:79} INFO - Running: ['airflow', 'tasks', 'run', 'ingest_data', 'get_data_to_ingest_from_local_file_task', 'scheduled__2022-06-12T01:35:00+00:00', '--job-id', '584', '--raw', '--subdir', 'DAGS_FOLDER/ingestion_dag.py', '--cfg-path', '/tmp/tmpqbxslm33', '--error-file', '/tmp/tmpbw_tybsd']
[2022-06-12 16:43:26,142] {standard_task_runner.py:80} INFO - Job 584: Subtask get_data_to_ingest_from_local_file_task
[2022-06-12 16:43:26,291] {task_command.py:370} INFO - Running <TaskInstance: ingest_data.get_data_to_ingest_from_local_file_task scheduled__2022-06-12T01:35:00+00:00 [running]> on host DESKTOP-GDPK8BL.localdomain
[2022-06-12 16:43:26,702] {taskinstance.py:1569} INFO - Exporting the following env vars:
AIRFLOW_CTX_DAG_OWNER=airflow
AIRFLOW_CTX_DAG_ID=ingest_data
AIRFLOW_CTX_TASK_ID=get_data_to_ingest_from_local_file_task
AIRFLOW_CTX_EXECUTION_DATE=2022-06-12T01:35:00+00:00
AIRFLOW_CTX_TRY_NUMBER=1
AIRFLOW_CTX_DAG_RUN_ID=scheduled__2022-06-12T01:35:00+00:00
[2022-06-12 16:43:26,774] {python.py:173} INFO - Done. Returned value was:           AT      V       AP     RH      PE
332    24.72  68.67  1006.74  79.02  443.06
30120  13.73  50.59  1020.44  85.54  459.60
27929  22.99  46.93  1014.15  49.42  451.41
12815  22.35  63.94  1010.32  93.02  443.90
30526  26.30  69.05  1005.37  41.70  438.12
[2022-06-12 16:43:26,903] {taskinstance.py:1395} INFO - Marking task as SUCCESS. dag_id=ingest_data, task_id=get_data_to_ingest_from_local_file_task, execution_date=20220612T013500, start_date=20220612T144326, end_date=20220612T144326
[2022-06-12 16:43:26,998] {local_task_job.py:156} INFO - Task exited with return code 0
[2022-06-12 16:43:27,224] {local_task_job.py:273} INFO - 1 downstream tasks scheduled from follow-on schedule check
