[2022-06-12 16:19:51,683] {taskinstance.py:1159} INFO - Dependencies all met for <TaskInstance: ingest_data.get_data_to_ingest_from_local_file_task scheduled__2022-06-11T23:19:00+00:00 [queued]>
[2022-06-12 16:19:51,711] {taskinstance.py:1159} INFO - Dependencies all met for <TaskInstance: ingest_data.get_data_to_ingest_from_local_file_task scheduled__2022-06-11T23:19:00+00:00 [queued]>
[2022-06-12 16:19:51,712] {taskinstance.py:1356} INFO - 
--------------------------------------------------------------------------------
[2022-06-12 16:19:51,712] {taskinstance.py:1357} INFO - Starting attempt 1 of 1
[2022-06-12 16:19:51,713] {taskinstance.py:1358} INFO - 
--------------------------------------------------------------------------------
[2022-06-12 16:19:51,774] {taskinstance.py:1377} INFO - Executing <Task(_PythonDecoratedOperator): get_data_to_ingest_from_local_file_task> on 2022-06-11 23:19:00+00:00
[2022-06-12 16:19:51,782] {standard_task_runner.py:52} INFO - Started process 3107 to run task
[2022-06-12 16:19:51,788] {standard_task_runner.py:79} INFO - Running: ['airflow', 'tasks', 'run', 'ingest_data', 'get_data_to_ingest_from_local_file_task', 'scheduled__2022-06-11T23:19:00+00:00', '--job-id', '312', '--raw', '--subdir', 'DAGS_FOLDER/ingestion_dag.py', '--cfg-path', '/tmp/tmpjxic07m4', '--error-file', '/tmp/tmp5c3wu81t']
[2022-06-12 16:19:51,790] {standard_task_runner.py:80} INFO - Job 312: Subtask get_data_to_ingest_from_local_file_task
[2022-06-12 16:19:51,945] {task_command.py:370} INFO - Running <TaskInstance: ingest_data.get_data_to_ingest_from_local_file_task scheduled__2022-06-11T23:19:00+00:00 [running]> on host DESKTOP-GDPK8BL.localdomain
[2022-06-12 16:19:52,309] {taskinstance.py:1569} INFO - Exporting the following env vars:
AIRFLOW_CTX_DAG_OWNER=airflow
AIRFLOW_CTX_DAG_ID=ingest_data
AIRFLOW_CTX_TASK_ID=get_data_to_ingest_from_local_file_task
AIRFLOW_CTX_EXECUTION_DATE=2022-06-11T23:19:00+00:00
AIRFLOW_CTX_TRY_NUMBER=1
AIRFLOW_CTX_DAG_RUN_ID=scheduled__2022-06-11T23:19:00+00:00
[2022-06-12 16:19:52,379] {python.py:173} INFO - Done. Returned value was:           AT      V       AP      RH      PE
10369  18.58  63.78  1016.24   78.74  453.96
4689   13.86  40.66  1017.15   83.82  463.49
9094   17.26  49.78  1007.38  100.06  453.54
8204   18.27  58.20  1018.34   72.73  448.17
16447  16.13  39.99  1007.04   80.49  465.25
[2022-06-12 16:19:52,498] {taskinstance.py:1395} INFO - Marking task as SUCCESS. dag_id=ingest_data, task_id=get_data_to_ingest_from_local_file_task, execution_date=20220611T231900, start_date=20220612T141951, end_date=20220612T141952
[2022-06-12 16:19:52,604] {local_task_job.py:156} INFO - Task exited with return code 0
[2022-06-12 16:19:52,822] {local_task_job.py:273} INFO - 1 downstream tasks scheduled from follow-on schedule check
