[2022-06-12 17:19:34,436] {taskinstance.py:1159} INFO - Dependencies all met for <TaskInstance: ingest_data.get_data_to_ingest_from_local_file_task scheduled__2022-06-12T05:00:00+00:00 [queued]>
[2022-06-12 17:19:34,473] {taskinstance.py:1159} INFO - Dependencies all met for <TaskInstance: ingest_data.get_data_to_ingest_from_local_file_task scheduled__2022-06-12T05:00:00+00:00 [queued]>
[2022-06-12 17:19:34,473] {taskinstance.py:1356} INFO - 
--------------------------------------------------------------------------------
[2022-06-12 17:19:34,474] {taskinstance.py:1357} INFO - Starting attempt 1 of 1
[2022-06-12 17:19:34,475] {taskinstance.py:1358} INFO - 
--------------------------------------------------------------------------------
[2022-06-12 17:19:34,550] {taskinstance.py:1377} INFO - Executing <Task(_PythonDecoratedOperator): get_data_to_ingest_from_local_file_task> on 2022-06-12 05:00:00+00:00
[2022-06-12 17:19:34,556] {standard_task_runner.py:52} INFO - Started process 8206 to run task
[2022-06-12 17:19:34,562] {standard_task_runner.py:79} INFO - Running: ['airflow', 'tasks', 'run', 'ingest_data', 'get_data_to_ingest_from_local_file_task', 'scheduled__2022-06-12T05:00:00+00:00', '--job-id', '993', '--raw', '--subdir', 'DAGS_FOLDER/ingestion_dag.py', '--cfg-path', '/tmp/tmp3qdol23p', '--error-file', '/tmp/tmpm5ed3lju']
[2022-06-12 17:19:34,564] {standard_task_runner.py:80} INFO - Job 993: Subtask get_data_to_ingest_from_local_file_task
[2022-06-12 17:19:34,721] {task_command.py:370} INFO - Running <TaskInstance: ingest_data.get_data_to_ingest_from_local_file_task scheduled__2022-06-12T05:00:00+00:00 [running]> on host DESKTOP-GDPK8BL.localdomain
[2022-06-12 17:19:35,193] {taskinstance.py:1569} INFO - Exporting the following env vars:
AIRFLOW_CTX_DAG_OWNER=airflow
AIRFLOW_CTX_DAG_ID=ingest_data
AIRFLOW_CTX_TASK_ID=get_data_to_ingest_from_local_file_task
AIRFLOW_CTX_EXECUTION_DATE=2022-06-12T05:00:00+00:00
AIRFLOW_CTX_TRY_NUMBER=1
AIRFLOW_CTX_DAG_RUN_ID=scheduled__2022-06-12T05:00:00+00:00
[2022-06-12 17:19:35,318] {python.py:173} INFO - Done. Returned value was:           AT      V       AP     RH      PE
24372  21.62  48.78  1020.06  85.09  448.52
37007   8.39  36.24  1013.39  89.13  480.69
36315  17.12  49.50  1014.79  87.03  463.39
8032   15.96  41.66  1011.93  55.47  466.39
27652   6.52  35.57  1025.37  78.32  486.06
[2022-06-12 17:19:35,490] {taskinstance.py:1395} INFO - Marking task as SUCCESS. dag_id=ingest_data, task_id=get_data_to_ingest_from_local_file_task, execution_date=20220612T050000, start_date=20220612T151934, end_date=20220612T151935
[2022-06-12 17:19:35,585] {local_task_job.py:156} INFO - Task exited with return code 0
[2022-06-12 17:19:35,893] {local_task_job.py:273} INFO - 1 downstream tasks scheduled from follow-on schedule check
