[2022-06-12 16:21:44,168] {taskinstance.py:1159} INFO - Dependencies all met for <TaskInstance: ingest_data.get_data_to_ingest_from_local_file_task scheduled__2022-06-11T23:30:00+00:00 [queued]>
[2022-06-12 16:21:44,199] {taskinstance.py:1159} INFO - Dependencies all met for <TaskInstance: ingest_data.get_data_to_ingest_from_local_file_task scheduled__2022-06-11T23:30:00+00:00 [queued]>
[2022-06-12 16:21:44,200] {taskinstance.py:1356} INFO - 
--------------------------------------------------------------------------------
[2022-06-12 16:21:44,201] {taskinstance.py:1357} INFO - Starting attempt 1 of 1
[2022-06-12 16:21:44,201] {taskinstance.py:1358} INFO - 
--------------------------------------------------------------------------------
[2022-06-12 16:21:44,255] {taskinstance.py:1377} INFO - Executing <Task(_PythonDecoratedOperator): get_data_to_ingest_from_local_file_task> on 2022-06-11 23:30:00+00:00
[2022-06-12 16:21:44,262] {standard_task_runner.py:52} INFO - Started process 3294 to run task
[2022-06-12 16:21:44,268] {standard_task_runner.py:79} INFO - Running: ['airflow', 'tasks', 'run', 'ingest_data', 'get_data_to_ingest_from_local_file_task', 'scheduled__2022-06-11T23:30:00+00:00', '--job-id', '334', '--raw', '--subdir', 'DAGS_FOLDER/ingestion_dag.py', '--cfg-path', '/tmp/tmp7_pi8rx9', '--error-file', '/tmp/tmp8qt8vj6t']
[2022-06-12 16:21:44,269] {standard_task_runner.py:80} INFO - Job 334: Subtask get_data_to_ingest_from_local_file_task
[2022-06-12 16:21:44,386] {task_command.py:370} INFO - Running <TaskInstance: ingest_data.get_data_to_ingest_from_local_file_task scheduled__2022-06-11T23:30:00+00:00 [running]> on host DESKTOP-GDPK8BL.localdomain
[2022-06-12 16:21:44,708] {taskinstance.py:1569} INFO - Exporting the following env vars:
AIRFLOW_CTX_DAG_OWNER=airflow
AIRFLOW_CTX_DAG_ID=ingest_data
AIRFLOW_CTX_TASK_ID=get_data_to_ingest_from_local_file_task
AIRFLOW_CTX_EXECUTION_DATE=2022-06-11T23:30:00+00:00
AIRFLOW_CTX_TRY_NUMBER=1
AIRFLOW_CTX_DAG_RUN_ID=scheduled__2022-06-11T23:30:00+00:00
[2022-06-12 16:21:44,771] {python.py:173} INFO - Done. Returned value was:           AT      V       AP     RH      PE
12783  24.57  66.54  1004.44  83.15  432.41
45095   8.18  43.69  1017.16  88.16  487.83
33079  25.51  73.56  1006.59  96.63  437.07
35218   2.58  39.42  1028.68  69.03  488.69
9003   27.57  70.36  1007.18  71.10  441.86
[2022-06-12 16:21:44,884] {taskinstance.py:1395} INFO - Marking task as SUCCESS. dag_id=ingest_data, task_id=get_data_to_ingest_from_local_file_task, execution_date=20220611T233000, start_date=20220612T142144, end_date=20220612T142144
[2022-06-12 16:21:44,965] {local_task_job.py:156} INFO - Task exited with return code 0
[2022-06-12 16:21:45,205] {local_task_job.py:273} INFO - 1 downstream tasks scheduled from follow-on schedule check
