[2022-06-12 17:02:57,019] {taskinstance.py:1159} INFO - Dependencies all met for <TaskInstance: ingest_data.get_data_to_ingest_from_local_file_task scheduled__2022-06-12T03:27:00+00:00 [queued]>
[2022-06-12 17:02:57,049] {taskinstance.py:1159} INFO - Dependencies all met for <TaskInstance: ingest_data.get_data_to_ingest_from_local_file_task scheduled__2022-06-12T03:27:00+00:00 [queued]>
[2022-06-12 17:02:57,050] {taskinstance.py:1356} INFO - 
--------------------------------------------------------------------------------
[2022-06-12 17:02:57,051] {taskinstance.py:1357} INFO - Starting attempt 1 of 1
[2022-06-12 17:02:57,052] {taskinstance.py:1358} INFO - 
--------------------------------------------------------------------------------
[2022-06-12 17:02:57,130] {taskinstance.py:1377} INFO - Executing <Task(_PythonDecoratedOperator): get_data_to_ingest_from_local_file_task> on 2022-06-12 03:27:00+00:00
[2022-06-12 17:02:57,136] {standard_task_runner.py:52} INFO - Started process 6821 to run task
[2022-06-12 17:02:57,142] {standard_task_runner.py:79} INFO - Running: ['airflow', 'tasks', 'run', 'ingest_data', 'get_data_to_ingest_from_local_file_task', 'scheduled__2022-06-12T03:27:00+00:00', '--job-id', '807', '--raw', '--subdir', 'DAGS_FOLDER/ingestion_dag.py', '--cfg-path', '/tmp/tmpqb0io7xi', '--error-file', '/tmp/tmpve3vxr7s']
[2022-06-12 17:02:57,143] {standard_task_runner.py:80} INFO - Job 807: Subtask get_data_to_ingest_from_local_file_task
[2022-06-12 17:02:57,281] {task_command.py:370} INFO - Running <TaskInstance: ingest_data.get_data_to_ingest_from_local_file_task scheduled__2022-06-12T03:27:00+00:00 [running]> on host DESKTOP-GDPK8BL.localdomain
[2022-06-12 17:02:57,654] {taskinstance.py:1569} INFO - Exporting the following env vars:
AIRFLOW_CTX_DAG_OWNER=airflow
AIRFLOW_CTX_DAG_ID=ingest_data
AIRFLOW_CTX_TASK_ID=get_data_to_ingest_from_local_file_task
AIRFLOW_CTX_EXECUTION_DATE=2022-06-12T03:27:00+00:00
AIRFLOW_CTX_TRY_NUMBER=1
AIRFLOW_CTX_DAG_RUN_ID=scheduled__2022-06-12T03:27:00+00:00
[2022-06-12 17:02:57,721] {python.py:173} INFO - Done. Returned value was:           AT      V       AP     RH      PE
24714  26.66  70.02  1010.88  58.37  439.99
42124  13.86  50.59  1019.20  97.22  467.23
36445  14.42  48.92  1011.76  76.03  461.14
491    29.05  65.74  1013.29  60.02  440.74
6333    7.87  42.85  1012.18  94.21  480.54
[2022-06-12 17:02:57,848] {taskinstance.py:1395} INFO - Marking task as SUCCESS. dag_id=ingest_data, task_id=get_data_to_ingest_from_local_file_task, execution_date=20220612T032700, start_date=20220612T150257, end_date=20220612T150257
[2022-06-12 17:02:57,919] {local_task_job.py:156} INFO - Task exited with return code 0
[2022-06-12 17:02:58,135] {local_task_job.py:273} INFO - 1 downstream tasks scheduled from follow-on schedule check
