[2022-06-12 16:18:40,847] {taskinstance.py:1159} INFO - Dependencies all met for <TaskInstance: ingest_data.get_data_to_ingest_from_local_file_task scheduled__2022-06-11T23:12:00+00:00 [queued]>
[2022-06-12 16:18:40,878] {taskinstance.py:1159} INFO - Dependencies all met for <TaskInstance: ingest_data.get_data_to_ingest_from_local_file_task scheduled__2022-06-11T23:12:00+00:00 [queued]>
[2022-06-12 16:18:40,878] {taskinstance.py:1356} INFO - 
--------------------------------------------------------------------------------
[2022-06-12 16:18:40,879] {taskinstance.py:1357} INFO - Starting attempt 1 of 1
[2022-06-12 16:18:40,880] {taskinstance.py:1358} INFO - 
--------------------------------------------------------------------------------
[2022-06-12 16:18:40,952] {taskinstance.py:1377} INFO - Executing <Task(_PythonDecoratedOperator): get_data_to_ingest_from_local_file_task> on 2022-06-11 23:12:00+00:00
[2022-06-12 16:18:40,959] {standard_task_runner.py:52} INFO - Started process 2988 to run task
[2022-06-12 16:18:40,965] {standard_task_runner.py:79} INFO - Running: ['airflow', 'tasks', 'run', 'ingest_data', 'get_data_to_ingest_from_local_file_task', 'scheduled__2022-06-11T23:12:00+00:00', '--job-id', '298', '--raw', '--subdir', 'DAGS_FOLDER/ingestion_dag.py', '--cfg-path', '/tmp/tmpxc4cxw9k', '--error-file', '/tmp/tmp5a4uwq3c']
[2022-06-12 16:18:40,967] {standard_task_runner.py:80} INFO - Job 298: Subtask get_data_to_ingest_from_local_file_task
[2022-06-12 16:18:41,109] {task_command.py:370} INFO - Running <TaskInstance: ingest_data.get_data_to_ingest_from_local_file_task scheduled__2022-06-11T23:12:00+00:00 [running]> on host DESKTOP-GDPK8BL.localdomain
[2022-06-12 16:18:41,456] {taskinstance.py:1569} INFO - Exporting the following env vars:
AIRFLOW_CTX_DAG_OWNER=airflow
AIRFLOW_CTX_DAG_ID=ingest_data
AIRFLOW_CTX_TASK_ID=get_data_to_ingest_from_local_file_task
AIRFLOW_CTX_EXECUTION_DATE=2022-06-11T23:12:00+00:00
AIRFLOW_CTX_TRY_NUMBER=1
AIRFLOW_CTX_DAG_RUN_ID=scheduled__2022-06-11T23:12:00+00:00
[2022-06-12 16:18:41,526] {python.py:173} INFO - Done. Returned value was:           AT      V       AP     RH      PE
28434  22.46  58.33  1013.21  68.68  445.90
38540  16.97  39.16  1005.70  69.13  458.59
22471  15.12  41.79  1007.16  82.35  455.63
32559  30.24  66.75  1017.95  55.66  435.02
41377  29.42  56.90  1006.51  53.60  439.51
[2022-06-12 16:18:41,642] {taskinstance.py:1395} INFO - Marking task as SUCCESS. dag_id=ingest_data, task_id=get_data_to_ingest_from_local_file_task, execution_date=20220611T231200, start_date=20220612T141840, end_date=20220612T141841
[2022-06-12 16:18:41,744] {local_task_job.py:156} INFO - Task exited with return code 0
[2022-06-12 16:18:42,040] {local_task_job.py:273} INFO - 1 downstream tasks scheduled from follow-on schedule check
