[2022-06-12 17:49:00,955] {taskinstance.py:1159} INFO - Dependencies all met for <TaskInstance: ingest_data.get_data_to_ingest_from_local_file_task scheduled__2022-06-12T08:07:00+00:00 [queued]>
[2022-06-12 17:49:00,994] {taskinstance.py:1159} INFO - Dependencies all met for <TaskInstance: ingest_data.get_data_to_ingest_from_local_file_task scheduled__2022-06-12T08:07:00+00:00 [queued]>
[2022-06-12 17:49:00,994] {taskinstance.py:1356} INFO - 
--------------------------------------------------------------------------------
[2022-06-12 17:49:00,995] {taskinstance.py:1357} INFO - Starting attempt 1 of 1
[2022-06-12 17:49:00,996] {taskinstance.py:1358} INFO - 
--------------------------------------------------------------------------------
[2022-06-12 17:49:01,069] {taskinstance.py:1377} INFO - Executing <Task(_PythonDecoratedOperator): get_data_to_ingest_from_local_file_task> on 2022-06-12 08:07:00+00:00
[2022-06-12 17:49:01,077] {standard_task_runner.py:52} INFO - Started process 10968 to run task
[2022-06-12 17:49:01,084] {standard_task_runner.py:79} INFO - Running: ['airflow', 'tasks', 'run', 'ingest_data', 'get_data_to_ingest_from_local_file_task', 'scheduled__2022-06-12T08:07:00+00:00', '--job-id', '1367', '--raw', '--subdir', 'DAGS_FOLDER/ingestion_dag.py', '--cfg-path', '/tmp/tmp97h0wa5s', '--error-file', '/tmp/tmprjvi3q_o']
[2022-06-12 17:49:01,086] {standard_task_runner.py:80} INFO - Job 1367: Subtask get_data_to_ingest_from_local_file_task
[2022-06-12 17:49:01,243] {task_command.py:370} INFO - Running <TaskInstance: ingest_data.get_data_to_ingest_from_local_file_task scheduled__2022-06-12T08:07:00+00:00 [running]> on host DESKTOP-GDPK8BL.localdomain
[2022-06-12 17:49:01,644] {taskinstance.py:1569} INFO - Exporting the following env vars:
AIRFLOW_CTX_DAG_OWNER=airflow
AIRFLOW_CTX_DAG_ID=ingest_data
AIRFLOW_CTX_TASK_ID=get_data_to_ingest_from_local_file_task
AIRFLOW_CTX_EXECUTION_DATE=2022-06-12T08:07:00+00:00
AIRFLOW_CTX_TRY_NUMBER=1
AIRFLOW_CTX_DAG_RUN_ID=scheduled__2022-06-12T08:07:00+00:00
[2022-06-12 17:49:01,718] {python.py:173} INFO - Done. Returned value was:           AT      V       AP     RH      PE
9149   27.84  68.08  1013.34  46.19  436.37
34552  28.83  72.43  1006.69  67.04  428.85
35256  23.86  66.54  1005.23  90.89  432.17
8319   22.51  59.21  1018.35  71.97  444.66
45992  25.60  59.15  1013.31  67.02  441.11
[2022-06-12 17:49:01,860] {taskinstance.py:1395} INFO - Marking task as SUCCESS. dag_id=ingest_data, task_id=get_data_to_ingest_from_local_file_task, execution_date=20220612T080700, start_date=20220612T154900, end_date=20220612T154901
[2022-06-12 17:49:01,944] {local_task_job.py:156} INFO - Task exited with return code 0
[2022-06-12 17:49:02,191] {local_task_job.py:273} INFO - 1 downstream tasks scheduled from follow-on schedule check
