[2022-06-12 16:47:24,938] {taskinstance.py:1159} INFO - Dependencies all met for <TaskInstance: ingest_data.get_data_to_ingest_from_local_file_task scheduled__2022-06-12T01:58:00+00:00 [queued]>
[2022-06-12 16:47:24,976] {taskinstance.py:1159} INFO - Dependencies all met for <TaskInstance: ingest_data.get_data_to_ingest_from_local_file_task scheduled__2022-06-12T01:58:00+00:00 [queued]>
[2022-06-12 16:47:24,977] {taskinstance.py:1356} INFO - 
--------------------------------------------------------------------------------
[2022-06-12 16:47:24,977] {taskinstance.py:1357} INFO - Starting attempt 1 of 1
[2022-06-12 16:47:24,978] {taskinstance.py:1358} INFO - 
--------------------------------------------------------------------------------
[2022-06-12 16:47:25,064] {taskinstance.py:1377} INFO - Executing <Task(_PythonDecoratedOperator): get_data_to_ingest_from_local_file_task> on 2022-06-12 01:58:00+00:00
[2022-06-12 16:47:25,074] {standard_task_runner.py:52} INFO - Started process 5499 to run task
[2022-06-12 16:47:25,084] {standard_task_runner.py:79} INFO - Running: ['airflow', 'tasks', 'run', 'ingest_data', 'get_data_to_ingest_from_local_file_task', 'scheduled__2022-06-12T01:58:00+00:00', '--job-id', '629', '--raw', '--subdir', 'DAGS_FOLDER/ingestion_dag.py', '--cfg-path', '/tmp/tmpayavgui9', '--error-file', '/tmp/tmpqnvkm4ar']
[2022-06-12 16:47:25,086] {standard_task_runner.py:80} INFO - Job 629: Subtask get_data_to_ingest_from_local_file_task
[2022-06-12 16:47:25,249] {task_command.py:370} INFO - Running <TaskInstance: ingest_data.get_data_to_ingest_from_local_file_task scheduled__2022-06-12T01:58:00+00:00 [running]> on host DESKTOP-GDPK8BL.localdomain
[2022-06-12 16:47:25,701] {taskinstance.py:1569} INFO - Exporting the following env vars:
AIRFLOW_CTX_DAG_OWNER=airflow
AIRFLOW_CTX_DAG_ID=ingest_data
AIRFLOW_CTX_TASK_ID=get_data_to_ingest_from_local_file_task
AIRFLOW_CTX_EXECUTION_DATE=2022-06-12T01:58:00+00:00
AIRFLOW_CTX_TRY_NUMBER=1
AIRFLOW_CTX_DAG_RUN_ID=scheduled__2022-06-12T01:58:00+00:00
[2022-06-12 16:47:25,778] {python.py:173} INFO - Done. Returned value was:           AT      V       AP     RH      PE
4626   21.99  51.19  1009.19  82.58  446.93
2684   10.33  40.69  1014.25  84.46  480.18
14126  29.03  43.21  1011.83  65.23  434.11
21459  23.10  51.30  1011.93  80.05  452.17
39871  29.70  67.17  1007.31  66.56  438.04
[2022-06-12 16:47:25,912] {taskinstance.py:1395} INFO - Marking task as SUCCESS. dag_id=ingest_data, task_id=get_data_to_ingest_from_local_file_task, execution_date=20220612T015800, start_date=20220612T144724, end_date=20220612T144725
[2022-06-12 16:47:26,022] {local_task_job.py:156} INFO - Task exited with return code 0
[2022-06-12 16:47:26,333] {local_task_job.py:273} INFO - 1 downstream tasks scheduled from follow-on schedule check
