[2022-06-12 16:11:10,742] {taskinstance.py:1159} INFO - Dependencies all met for <TaskInstance: ingest_data.get_data_to_ingest_from_local_file_task scheduled__2022-06-11T22:28:00+00:00 [queued]>
[2022-06-12 16:11:10,775] {taskinstance.py:1159} INFO - Dependencies all met for <TaskInstance: ingest_data.get_data_to_ingest_from_local_file_task scheduled__2022-06-11T22:28:00+00:00 [queued]>
[2022-06-12 16:11:10,776] {taskinstance.py:1356} INFO - 
--------------------------------------------------------------------------------
[2022-06-12 16:11:10,776] {taskinstance.py:1357} INFO - Starting attempt 1 of 1
[2022-06-12 16:11:10,777] {taskinstance.py:1358} INFO - 
--------------------------------------------------------------------------------
[2022-06-12 16:11:10,841] {taskinstance.py:1377} INFO - Executing <Task(_PythonDecoratedOperator): get_data_to_ingest_from_local_file_task> on 2022-06-11 22:28:00+00:00
[2022-06-12 16:11:10,848] {standard_task_runner.py:52} INFO - Started process 2240 to run task
[2022-06-12 16:11:10,856] {standard_task_runner.py:79} INFO - Running: ['airflow', 'tasks', 'run', 'ingest_data', 'get_data_to_ingest_from_local_file_task', 'scheduled__2022-06-11T22:28:00+00:00', '--job-id', '210', '--raw', '--subdir', 'DAGS_FOLDER/ingestion_dag.py', '--cfg-path', '/tmp/tmpx3d81pvb', '--error-file', '/tmp/tmpsyw42zim']
[2022-06-12 16:11:10,859] {standard_task_runner.py:80} INFO - Job 210: Subtask get_data_to_ingest_from_local_file_task
[2022-06-12 16:11:11,011] {task_command.py:370} INFO - Running <TaskInstance: ingest_data.get_data_to_ingest_from_local_file_task scheduled__2022-06-11T22:28:00+00:00 [running]> on host DESKTOP-GDPK8BL.localdomain
[2022-06-12 16:11:11,379] {taskinstance.py:1569} INFO - Exporting the following env vars:
AIRFLOW_CTX_DAG_OWNER=airflow
AIRFLOW_CTX_DAG_ID=ingest_data
AIRFLOW_CTX_TASK_ID=get_data_to_ingest_from_local_file_task
AIRFLOW_CTX_EXECUTION_DATE=2022-06-11T22:28:00+00:00
AIRFLOW_CTX_TRY_NUMBER=1
AIRFLOW_CTX_DAG_RUN_ID=scheduled__2022-06-11T22:28:00+00:00
[2022-06-12 16:11:11,461] {python.py:173} INFO - Done. Returned value was:           AT      V       AP     RH      PE
21423  22.53  74.87  1009.91  93.21  444.69
43333  27.22  66.49  1013.45  42.41  437.24
26992  28.24  71.58  1010.10  67.92  434.01
29845  18.21  62.26  1011.97  87.28  455.88
6527   25.18  56.89  1012.26  64.46  442.42
[2022-06-12 16:11:11,587] {taskinstance.py:1395} INFO - Marking task as SUCCESS. dag_id=ingest_data, task_id=get_data_to_ingest_from_local_file_task, execution_date=20220611T222800, start_date=20220612T141110, end_date=20220612T141111
[2022-06-12 16:11:11,678] {local_task_job.py:156} INFO - Task exited with return code 0
[2022-06-12 16:11:11,884] {local_task_job.py:273} INFO - 1 downstream tasks scheduled from follow-on schedule check
