[2022-06-12 16:52:55,186] {taskinstance.py:1159} INFO - Dependencies all met for <TaskInstance: ingest_data.get_data_to_ingest_from_local_file_task scheduled__2022-06-12T02:29:00+00:00 [queued]>
[2022-06-12 16:52:55,220] {taskinstance.py:1159} INFO - Dependencies all met for <TaskInstance: ingest_data.get_data_to_ingest_from_local_file_task scheduled__2022-06-12T02:29:00+00:00 [queued]>
[2022-06-12 16:52:55,221] {taskinstance.py:1356} INFO - 
--------------------------------------------------------------------------------
[2022-06-12 16:52:55,221] {taskinstance.py:1357} INFO - Starting attempt 1 of 1
[2022-06-12 16:52:55,222] {taskinstance.py:1358} INFO - 
--------------------------------------------------------------------------------
[2022-06-12 16:52:55,283] {taskinstance.py:1377} INFO - Executing <Task(_PythonDecoratedOperator): get_data_to_ingest_from_local_file_task> on 2022-06-12 02:29:00+00:00
[2022-06-12 16:52:55,289] {standard_task_runner.py:52} INFO - Started process 5958 to run task
[2022-06-12 16:52:55,295] {standard_task_runner.py:79} INFO - Running: ['airflow', 'tasks', 'run', 'ingest_data', 'get_data_to_ingest_from_local_file_task', 'scheduled__2022-06-12T02:29:00+00:00', '--job-id', '691', '--raw', '--subdir', 'DAGS_FOLDER/ingestion_dag.py', '--cfg-path', '/tmp/tmp5z95nydo', '--error-file', '/tmp/tmp4z3bvmw9']
[2022-06-12 16:52:55,298] {standard_task_runner.py:80} INFO - Job 691: Subtask get_data_to_ingest_from_local_file_task
[2022-06-12 16:52:55,440] {task_command.py:370} INFO - Running <TaskInstance: ingest_data.get_data_to_ingest_from_local_file_task scheduled__2022-06-12T02:29:00+00:00 [running]> on host DESKTOP-GDPK8BL.localdomain
[2022-06-12 16:52:55,944] {taskinstance.py:1569} INFO - Exporting the following env vars:
AIRFLOW_CTX_DAG_OWNER=airflow
AIRFLOW_CTX_DAG_ID=ingest_data
AIRFLOW_CTX_TASK_ID=get_data_to_ingest_from_local_file_task
AIRFLOW_CTX_EXECUTION_DATE=2022-06-12T02:29:00+00:00
AIRFLOW_CTX_TRY_NUMBER=1
AIRFLOW_CTX_DAG_RUN_ID=scheduled__2022-06-12T02:29:00+00:00
[2022-06-12 16:52:56,042] {python.py:173} INFO - Done. Returned value was:           AT      V       AP     RH      PE
4970   19.93  57.25  1010.60  89.34  455.15
7350   23.49  64.63  1020.75  65.16  450.28
33336  18.68  59.14  1016.96  77.09  452.85
32559  30.24  66.75  1017.95  55.66  435.02
47215  22.42  62.52  1016.83  63.27  451.64
[2022-06-12 16:52:56,226] {taskinstance.py:1395} INFO - Marking task as SUCCESS. dag_id=ingest_data, task_id=get_data_to_ingest_from_local_file_task, execution_date=20220612T022900, start_date=20220612T145255, end_date=20220612T145256
[2022-06-12 16:52:56,315] {local_task_job.py:156} INFO - Task exited with return code 0
[2022-06-12 16:52:56,618] {local_task_job.py:273} INFO - 1 downstream tasks scheduled from follow-on schedule check
