[2022-06-12 16:16:04,959] {taskinstance.py:1159} INFO - Dependencies all met for <TaskInstance: ingest_data.save_data_task scheduled__2022-06-11T22:56:00+00:00 [queued]>
[2022-06-12 16:16:04,989] {taskinstance.py:1159} INFO - Dependencies all met for <TaskInstance: ingest_data.save_data_task scheduled__2022-06-11T22:56:00+00:00 [queued]>
[2022-06-12 16:16:04,990] {taskinstance.py:1356} INFO - 
--------------------------------------------------------------------------------
[2022-06-12 16:16:04,990] {taskinstance.py:1357} INFO - Starting attempt 1 of 1
[2022-06-12 16:16:04,991] {taskinstance.py:1358} INFO - 
--------------------------------------------------------------------------------
[2022-06-12 16:16:05,068] {taskinstance.py:1377} INFO - Executing <Task(_PythonDecoratedOperator): save_data_task> on 2022-06-11 22:56:00+00:00
[2022-06-12 16:16:05,074] {standard_task_runner.py:52} INFO - Started process 2724 to run task
[2022-06-12 16:16:05,081] {standard_task_runner.py:79} INFO - Running: ['airflow', 'tasks', 'run', 'ingest_data', 'save_data_task', 'scheduled__2022-06-11T22:56:00+00:00', '--job-id', '267', '--raw', '--subdir', 'DAGS_FOLDER/ingestion_dag.py', '--cfg-path', '/tmp/tmp18o6gccf', '--error-file', '/tmp/tmp6l90q6nw']
[2022-06-12 16:16:05,083] {standard_task_runner.py:80} INFO - Job 267: Subtask save_data_task
[2022-06-12 16:16:05,229] {task_command.py:370} INFO - Running <TaskInstance: ingest_data.save_data_task scheduled__2022-06-11T22:56:00+00:00 [running]> on host DESKTOP-GDPK8BL.localdomain
[2022-06-12 16:16:05,651] {taskinstance.py:1569} INFO - Exporting the following env vars:
AIRFLOW_CTX_DAG_OWNER=airflow
AIRFLOW_CTX_DAG_ID=ingest_data
AIRFLOW_CTX_TASK_ID=save_data_task
AIRFLOW_CTX_EXECUTION_DATE=2022-06-11T22:56:00+00:00
AIRFLOW_CTX_TRY_NUMBER=1
AIRFLOW_CTX_DAG_RUN_ID=scheduled__2022-06-11T22:56:00+00:00
[2022-06-12 16:16:05,666] {python.py:173} INFO - Done. Returned value was: None
[2022-06-12 16:16:05,692] {taskinstance.py:1395} INFO - Marking task as SUCCESS. dag_id=ingest_data, task_id=save_data_task, execution_date=20220611T225600, start_date=20220612T141604, end_date=20220612T141605
[2022-06-12 16:16:05,777] {local_task_job.py:156} INFO - Task exited with return code 0
[2022-06-12 16:16:06,001] {local_task_job.py:273} INFO - 0 downstream tasks scheduled from follow-on schedule check
