[2022-06-12 16:54:43,950] {taskinstance.py:1159} INFO - Dependencies all met for <TaskInstance: ingest_data.get_data_to_ingest_from_local_file_task scheduled__2022-06-12T02:40:00+00:00 [queued]>
[2022-06-12 16:54:43,982] {taskinstance.py:1159} INFO - Dependencies all met for <TaskInstance: ingest_data.get_data_to_ingest_from_local_file_task scheduled__2022-06-12T02:40:00+00:00 [queued]>
[2022-06-12 16:54:43,982] {taskinstance.py:1356} INFO - 
--------------------------------------------------------------------------------
[2022-06-12 16:54:43,983] {taskinstance.py:1357} INFO - Starting attempt 1 of 1
[2022-06-12 16:54:43,984] {taskinstance.py:1358} INFO - 
--------------------------------------------------------------------------------
[2022-06-12 16:54:44,054] {taskinstance.py:1377} INFO - Executing <Task(_PythonDecoratedOperator): get_data_to_ingest_from_local_file_task> on 2022-06-12 02:40:00+00:00
[2022-06-12 16:54:44,059] {standard_task_runner.py:52} INFO - Started process 6121 to run task
[2022-06-12 16:54:44,065] {standard_task_runner.py:79} INFO - Running: ['airflow', 'tasks', 'run', 'ingest_data', 'get_data_to_ingest_from_local_file_task', 'scheduled__2022-06-12T02:40:00+00:00', '--job-id', '713', '--raw', '--subdir', 'DAGS_FOLDER/ingestion_dag.py', '--cfg-path', '/tmp/tmpgrt7swjs', '--error-file', '/tmp/tmp5akywfyy']
[2022-06-12 16:54:44,067] {standard_task_runner.py:80} INFO - Job 713: Subtask get_data_to_ingest_from_local_file_task
[2022-06-12 16:54:44,222] {task_command.py:370} INFO - Running <TaskInstance: ingest_data.get_data_to_ingest_from_local_file_task scheduled__2022-06-12T02:40:00+00:00 [running]> on host DESKTOP-GDPK8BL.localdomain
[2022-06-12 16:54:44,620] {taskinstance.py:1569} INFO - Exporting the following env vars:
AIRFLOW_CTX_DAG_OWNER=airflow
AIRFLOW_CTX_DAG_ID=ingest_data
AIRFLOW_CTX_TASK_ID=get_data_to_ingest_from_local_file_task
AIRFLOW_CTX_EXECUTION_DATE=2022-06-12T02:40:00+00:00
AIRFLOW_CTX_TRY_NUMBER=1
AIRFLOW_CTX_DAG_RUN_ID=scheduled__2022-06-12T02:40:00+00:00
[2022-06-12 16:54:44,689] {python.py:173} INFO - Done. Returned value was:           AT      V       AP     RH      PE
42602  18.34  44.63  1000.76  89.27  455.22
44869  27.58  57.19  1007.88  52.95  435.70
11884  15.52  43.70  1015.80  76.27  466.38
35865  12.76  42.32  1015.35  78.18  466.15
33183  27.41  59.21  1013.30  50.93  438.39
[2022-06-12 16:54:44,830] {taskinstance.py:1395} INFO - Marking task as SUCCESS. dag_id=ingest_data, task_id=get_data_to_ingest_from_local_file_task, execution_date=20220612T024000, start_date=20220612T145443, end_date=20220612T145444
[2022-06-12 16:54:44,922] {local_task_job.py:156} INFO - Task exited with return code 0
[2022-06-12 16:54:45,144] {local_task_job.py:273} INFO - 1 downstream tasks scheduled from follow-on schedule check
