[2022-06-12 17:20:39,873] {taskinstance.py:1159} INFO - Dependencies all met for <TaskInstance: ingest_data.get_data_to_ingest_from_local_file_task scheduled__2022-06-12T05:07:00+00:00 [queued]>
[2022-06-12 17:20:39,907] {taskinstance.py:1159} INFO - Dependencies all met for <TaskInstance: ingest_data.get_data_to_ingest_from_local_file_task scheduled__2022-06-12T05:07:00+00:00 [queued]>
[2022-06-12 17:20:39,908] {taskinstance.py:1356} INFO - 
--------------------------------------------------------------------------------
[2022-06-12 17:20:39,908] {taskinstance.py:1357} INFO - Starting attempt 1 of 1
[2022-06-12 17:20:39,909] {taskinstance.py:1358} INFO - 
--------------------------------------------------------------------------------
[2022-06-12 17:20:39,984] {taskinstance.py:1377} INFO - Executing <Task(_PythonDecoratedOperator): get_data_to_ingest_from_local_file_task> on 2022-06-12 05:07:00+00:00
[2022-06-12 17:20:39,992] {standard_task_runner.py:52} INFO - Started process 8308 to run task
[2022-06-12 17:20:39,998] {standard_task_runner.py:79} INFO - Running: ['airflow', 'tasks', 'run', 'ingest_data', 'get_data_to_ingest_from_local_file_task', 'scheduled__2022-06-12T05:07:00+00:00', '--job-id', '1007', '--raw', '--subdir', 'DAGS_FOLDER/ingestion_dag.py', '--cfg-path', '/tmp/tmpoehp0c9m', '--error-file', '/tmp/tmpd_9rdmlu']
[2022-06-12 17:20:40,000] {standard_task_runner.py:80} INFO - Job 1007: Subtask get_data_to_ingest_from_local_file_task
[2022-06-12 17:20:40,171] {task_command.py:370} INFO - Running <TaskInstance: ingest_data.get_data_to_ingest_from_local_file_task scheduled__2022-06-12T05:07:00+00:00 [running]> on host DESKTOP-GDPK8BL.localdomain
[2022-06-12 17:20:40,641] {taskinstance.py:1569} INFO - Exporting the following env vars:
AIRFLOW_CTX_DAG_OWNER=airflow
AIRFLOW_CTX_DAG_ID=ingest_data
AIRFLOW_CTX_TASK_ID=get_data_to_ingest_from_local_file_task
AIRFLOW_CTX_EXECUTION_DATE=2022-06-12T05:07:00+00:00
AIRFLOW_CTX_TRY_NUMBER=1
AIRFLOW_CTX_DAG_RUN_ID=scheduled__2022-06-12T05:07:00+00:00
[2022-06-12 17:20:40,712] {python.py:173} INFO - Done. Returned value was:           AT      V       AP     RH      PE
3414   26.91  70.02  1010.75  59.48  445.31
27926  29.75  70.32  1007.35  55.80  427.20
2035   17.28  65.94  1013.62  89.97  454.76
18960   8.60  40.77  1011.80  89.45  480.82
9545   26.30  61.41  1012.45  56.85  448.55
[2022-06-12 17:20:40,865] {taskinstance.py:1395} INFO - Marking task as SUCCESS. dag_id=ingest_data, task_id=get_data_to_ingest_from_local_file_task, execution_date=20220612T050700, start_date=20220612T152039, end_date=20220612T152040
[2022-06-12 17:20:40,950] {local_task_job.py:156} INFO - Task exited with return code 0
[2022-06-12 17:20:41,177] {local_task_job.py:273} INFO - 1 downstream tasks scheduled from follow-on schedule check
