[2022-06-12 16:21:12,466] {taskinstance.py:1159} INFO - Dependencies all met for <TaskInstance: ingest_data.get_data_to_ingest_from_local_file_task scheduled__2022-06-11T23:27:00+00:00 [queued]>
[2022-06-12 16:21:12,494] {taskinstance.py:1159} INFO - Dependencies all met for <TaskInstance: ingest_data.get_data_to_ingest_from_local_file_task scheduled__2022-06-11T23:27:00+00:00 [queued]>
[2022-06-12 16:21:12,495] {taskinstance.py:1356} INFO - 
--------------------------------------------------------------------------------
[2022-06-12 16:21:12,495] {taskinstance.py:1357} INFO - Starting attempt 1 of 1
[2022-06-12 16:21:12,496] {taskinstance.py:1358} INFO - 
--------------------------------------------------------------------------------
[2022-06-12 16:21:12,565] {taskinstance.py:1377} INFO - Executing <Task(_PythonDecoratedOperator): get_data_to_ingest_from_local_file_task> on 2022-06-11 23:27:00+00:00
[2022-06-12 16:21:12,572] {standard_task_runner.py:52} INFO - Started process 3243 to run task
[2022-06-12 16:21:12,579] {standard_task_runner.py:79} INFO - Running: ['airflow', 'tasks', 'run', 'ingest_data', 'get_data_to_ingest_from_local_file_task', 'scheduled__2022-06-11T23:27:00+00:00', '--job-id', '328', '--raw', '--subdir', 'DAGS_FOLDER/ingestion_dag.py', '--cfg-path', '/tmp/tmpye1yoeop', '--error-file', '/tmp/tmpx8700at_']
[2022-06-12 16:21:12,580] {standard_task_runner.py:80} INFO - Job 328: Subtask get_data_to_ingest_from_local_file_task
[2022-06-12 16:21:12,725] {task_command.py:370} INFO - Running <TaskInstance: ingest_data.get_data_to_ingest_from_local_file_task scheduled__2022-06-11T23:27:00+00:00 [running]> on host DESKTOP-GDPK8BL.localdomain
[2022-06-12 16:21:13,090] {taskinstance.py:1569} INFO - Exporting the following env vars:
AIRFLOW_CTX_DAG_OWNER=airflow
AIRFLOW_CTX_DAG_ID=ingest_data
AIRFLOW_CTX_TASK_ID=get_data_to_ingest_from_local_file_task
AIRFLOW_CTX_EXECUTION_DATE=2022-06-11T23:27:00+00:00
AIRFLOW_CTX_TRY_NUMBER=1
AIRFLOW_CTX_DAG_RUN_ID=scheduled__2022-06-11T23:27:00+00:00
[2022-06-12 16:21:13,165] {python.py:173} INFO - Done. Returned value was:           AT      V       AP     RH      PE
5586   21.67  69.71  1010.46  96.83  440.16
16871  18.02  53.16  1013.41  82.84  458.01
9982   29.86  64.79  1017.37  44.80  439.89
12712  30.55  68.24  1009.43  63.84  426.80
39668  18.80  47.83  1005.86  76.77  453.90
[2022-06-12 16:21:13,283] {taskinstance.py:1395} INFO - Marking task as SUCCESS. dag_id=ingest_data, task_id=get_data_to_ingest_from_local_file_task, execution_date=20220611T232700, start_date=20220612T142112, end_date=20220612T142113
[2022-06-12 16:21:13,358] {local_task_job.py:156} INFO - Task exited with return code 0
[2022-06-12 16:21:13,604] {local_task_job.py:273} INFO - 1 downstream tasks scheduled from follow-on schedule check
