[2022-06-12 17:06:32,248] {taskinstance.py:1159} INFO - Dependencies all met for <TaskInstance: ingest_data.get_data_to_ingest_from_local_file_task scheduled__2022-06-12T03:45:00+00:00 [queued]>
[2022-06-12 17:06:32,290] {taskinstance.py:1159} INFO - Dependencies all met for <TaskInstance: ingest_data.get_data_to_ingest_from_local_file_task scheduled__2022-06-12T03:45:00+00:00 [queued]>
[2022-06-12 17:06:32,291] {taskinstance.py:1356} INFO - 
--------------------------------------------------------------------------------
[2022-06-12 17:06:32,291] {taskinstance.py:1357} INFO - Starting attempt 1 of 1
[2022-06-12 17:06:32,292] {taskinstance.py:1358} INFO - 
--------------------------------------------------------------------------------
[2022-06-12 17:06:32,354] {taskinstance.py:1377} INFO - Executing <Task(_PythonDecoratedOperator): get_data_to_ingest_from_local_file_task> on 2022-06-12 03:45:00+00:00
[2022-06-12 17:06:32,359] {standard_task_runner.py:52} INFO - Started process 7097 to run task
[2022-06-12 17:06:32,366] {standard_task_runner.py:79} INFO - Running: ['airflow', 'tasks', 'run', 'ingest_data', 'get_data_to_ingest_from_local_file_task', 'scheduled__2022-06-12T03:45:00+00:00', '--job-id', '844', '--raw', '--subdir', 'DAGS_FOLDER/ingestion_dag.py', '--cfg-path', '/tmp/tmp81y9whu5', '--error-file', '/tmp/tmpjmb9b2hm']
[2022-06-12 17:06:32,368] {standard_task_runner.py:80} INFO - Job 844: Subtask get_data_to_ingest_from_local_file_task
[2022-06-12 17:06:32,494] {task_command.py:370} INFO - Running <TaskInstance: ingest_data.get_data_to_ingest_from_local_file_task scheduled__2022-06-12T03:45:00+00:00 [running]> on host DESKTOP-GDPK8BL.localdomain
[2022-06-12 17:06:32,861] {taskinstance.py:1569} INFO - Exporting the following env vars:
AIRFLOW_CTX_DAG_OWNER=airflow
AIRFLOW_CTX_DAG_ID=ingest_data
AIRFLOW_CTX_TASK_ID=get_data_to_ingest_from_local_file_task
AIRFLOW_CTX_EXECUTION_DATE=2022-06-12T03:45:00+00:00
AIRFLOW_CTX_TRY_NUMBER=1
AIRFLOW_CTX_DAG_RUN_ID=scheduled__2022-06-12T03:45:00+00:00
[2022-06-12 17:06:32,935] {python.py:173} INFO - Done. Returned value was:           AT      V       AP     RH      PE
16657  23.61  49.16  1002.39  65.63  443.50
47751   8.61  37.49  1009.35  82.62  477.13
15051  18.48  58.59  1015.61  85.14  452.52
4664   21.90  57.76  1017.45  66.89  449.95
38633  20.74  59.80  1015.46  76.39  452.99
[2022-06-12 17:06:33,055] {taskinstance.py:1395} INFO - Marking task as SUCCESS. dag_id=ingest_data, task_id=get_data_to_ingest_from_local_file_task, execution_date=20220612T034500, start_date=20220612T150632, end_date=20220612T150633
[2022-06-12 17:06:33,144] {local_task_job.py:156} INFO - Task exited with return code 0
[2022-06-12 17:06:33,364] {local_task_job.py:273} INFO - 1 downstream tasks scheduled from follow-on schedule check
