[2022-06-12 19:42:38,877] {taskinstance.py:1159} INFO - Dependencies all met for <TaskInstance: ingest_data.get_data_to_ingest_from_local_file_task scheduled__2022-06-12T08:31:00+00:00 [queued]>
[2022-06-12 19:42:38,914] {taskinstance.py:1159} INFO - Dependencies all met for <TaskInstance: ingest_data.get_data_to_ingest_from_local_file_task scheduled__2022-06-12T08:31:00+00:00 [queued]>
[2022-06-12 19:42:38,915] {taskinstance.py:1356} INFO - 
--------------------------------------------------------------------------------
[2022-06-12 19:42:38,915] {taskinstance.py:1357} INFO - Starting attempt 1 of 1
[2022-06-12 19:42:38,916] {taskinstance.py:1358} INFO - 
--------------------------------------------------------------------------------
[2022-06-12 19:42:38,986] {taskinstance.py:1377} INFO - Executing <Task(_PythonDecoratedOperator): get_data_to_ingest_from_local_file_task> on 2022-06-12 08:31:00+00:00
[2022-06-12 19:42:38,992] {standard_task_runner.py:52} INFO - Started process 11325 to run task
[2022-06-12 19:42:38,999] {standard_task_runner.py:79} INFO - Running: ['airflow', 'tasks', 'run', 'ingest_data', 'get_data_to_ingest_from_local_file_task', 'scheduled__2022-06-12T08:31:00+00:00', '--job-id', '1415', '--raw', '--subdir', 'DAGS_FOLDER/ingestion_dag.py', '--cfg-path', '/tmp/tmp58w1szrj', '--error-file', '/tmp/tmpvcfuz6i3']
[2022-06-12 19:42:39,000] {standard_task_runner.py:80} INFO - Job 1415: Subtask get_data_to_ingest_from_local_file_task
[2022-06-12 19:42:39,135] {task_command.py:370} INFO - Running <TaskInstance: ingest_data.get_data_to_ingest_from_local_file_task scheduled__2022-06-12T08:31:00+00:00 [running]> on host DESKTOP-GDPK8BL.localdomain
[2022-06-12 19:42:39,537] {taskinstance.py:1569} INFO - Exporting the following env vars:
AIRFLOW_CTX_DAG_OWNER=airflow
AIRFLOW_CTX_DAG_ID=ingest_data
AIRFLOW_CTX_TASK_ID=get_data_to_ingest_from_local_file_task
AIRFLOW_CTX_EXECUTION_DATE=2022-06-12T08:31:00+00:00
AIRFLOW_CTX_TRY_NUMBER=1
AIRFLOW_CTX_DAG_RUN_ID=scheduled__2022-06-12T08:31:00+00:00
[2022-06-12 19:42:39,605] {python.py:173} INFO - Done. Returned value was:           AT      V       AP     RH      PE
7533   30.97  69.13  1009.78  58.92  435.60
833    22.34  63.73  1014.37  83.19  444.39
1643   28.16  70.40  1003.77  83.17  434.01
13680  17.51  44.90  1009.05  74.91  455.01
21995  26.52  63.94  1018.23  42.41  440.47
[2022-06-12 19:42:39,775] {taskinstance.py:1395} INFO - Marking task as SUCCESS. dag_id=ingest_data, task_id=get_data_to_ingest_from_local_file_task, execution_date=20220612T083100, start_date=20220612T174238, end_date=20220612T174239
[2022-06-12 19:42:39,856] {local_task_job.py:156} INFO - Task exited with return code 0
[2022-06-12 19:42:40,063] {local_task_job.py:273} INFO - 1 downstream tasks scheduled from follow-on schedule check
