[2022-06-13 13:48:26,718] {taskinstance.py:1159} INFO - Dependencies all met for <TaskInstance: ingest_data.get_data_to_ingest_from_local_file_task scheduled__2022-06-12T21:11:00+00:00 [queued]>
[2022-06-13 13:48:26,751] {taskinstance.py:1159} INFO - Dependencies all met for <TaskInstance: ingest_data.get_data_to_ingest_from_local_file_task scheduled__2022-06-12T21:11:00+00:00 [queued]>
[2022-06-13 13:48:26,752] {taskinstance.py:1356} INFO - 
--------------------------------------------------------------------------------
[2022-06-13 13:48:26,752] {taskinstance.py:1357} INFO - Starting attempt 1 of 1
[2022-06-13 13:48:26,753] {taskinstance.py:1358} INFO - 
--------------------------------------------------------------------------------
[2022-06-13 13:48:26,814] {taskinstance.py:1377} INFO - Executing <Task(_PythonDecoratedOperator): get_data_to_ingest_from_local_file_task> on 2022-06-12 21:11:00+00:00
[2022-06-13 13:48:26,818] {standard_task_runner.py:52} INFO - Started process 397 to run task
[2022-06-13 13:48:26,824] {standard_task_runner.py:79} INFO - Running: ['airflow', 'tasks', 'run', 'ingest_data', 'get_data_to_ingest_from_local_file_task', 'scheduled__2022-06-12T21:11:00+00:00', '--job-id', '1552', '--raw', '--subdir', 'DAGS_FOLDER/ingestion_dag.py', '--cfg-path', '/tmp/tmpnophf94h', '--error-file', '/tmp/tmp22ialp3k']
[2022-06-13 13:48:26,826] {standard_task_runner.py:80} INFO - Job 1552: Subtask get_data_to_ingest_from_local_file_task
[2022-06-13 13:48:26,959] {task_command.py:370} INFO - Running <TaskInstance: ingest_data.get_data_to_ingest_from_local_file_task scheduled__2022-06-12T21:11:00+00:00 [running]> on host DESKTOP-GDPK8BL.localdomain
[2022-06-13 13:48:27,409] {taskinstance.py:1569} INFO - Exporting the following env vars:
AIRFLOW_CTX_DAG_OWNER=airflow
AIRFLOW_CTX_DAG_ID=ingest_data
AIRFLOW_CTX_TASK_ID=get_data_to_ingest_from_local_file_task
AIRFLOW_CTX_EXECUTION_DATE=2022-06-12T21:11:00+00:00
AIRFLOW_CTX_TRY_NUMBER=1
AIRFLOW_CTX_DAG_RUN_ID=scheduled__2022-06-12T21:11:00+00:00
[2022-06-13 13:48:27,473] {python.py:173} INFO - Done. Returned value was:           AT      V       AP      RH      PE
45422  28.37  75.60  1017.48   55.19  439.25
46031  33.50  70.80  1008.99   57.24  433.19
34467  12.15  38.78  1013.34   95.05  474.15
32871  15.16  50.88  1013.88  100.11  460.03
29701  13.33  39.39  1013.93   84.74  471.23
[2022-06-13 13:48:27,632] {taskinstance.py:1395} INFO - Marking task as SUCCESS. dag_id=ingest_data, task_id=get_data_to_ingest_from_local_file_task, execution_date=20220612T211100, start_date=20220613T114826, end_date=20220613T114827
[2022-06-13 13:48:27,721] {local_task_job.py:156} INFO - Task exited with return code 0
[2022-06-13 13:48:27,922] {local_task_job.py:273} INFO - 1 downstream tasks scheduled from follow-on schedule check
