[2022-06-12 17:12:48,206] {taskinstance.py:1159} INFO - Dependencies all met for <TaskInstance: ingest_data.get_data_to_ingest_from_local_file_task scheduled__2022-06-12T04:21:00+00:00 [queued]>
[2022-06-12 17:12:48,243] {taskinstance.py:1159} INFO - Dependencies all met for <TaskInstance: ingest_data.get_data_to_ingest_from_local_file_task scheduled__2022-06-12T04:21:00+00:00 [queued]>
[2022-06-12 17:12:48,244] {taskinstance.py:1356} INFO - 
--------------------------------------------------------------------------------
[2022-06-12 17:12:48,245] {taskinstance.py:1357} INFO - Starting attempt 1 of 1
[2022-06-12 17:12:48,246] {taskinstance.py:1358} INFO - 
--------------------------------------------------------------------------------
[2022-06-12 17:12:48,331] {taskinstance.py:1377} INFO - Executing <Task(_PythonDecoratedOperator): get_data_to_ingest_from_local_file_task> on 2022-06-12 04:21:00+00:00
[2022-06-12 17:12:48,337] {standard_task_runner.py:52} INFO - Started process 7632 to run task
[2022-06-12 17:12:48,344] {standard_task_runner.py:79} INFO - Running: ['airflow', 'tasks', 'run', 'ingest_data', 'get_data_to_ingest_from_local_file_task', 'scheduled__2022-06-12T04:21:00+00:00', '--job-id', '916', '--raw', '--subdir', 'DAGS_FOLDER/ingestion_dag.py', '--cfg-path', '/tmp/tmphru9fep4', '--error-file', '/tmp/tmp63u_l_uy']
[2022-06-12 17:12:48,355] {standard_task_runner.py:80} INFO - Job 916: Subtask get_data_to_ingest_from_local_file_task
[2022-06-12 17:12:48,569] {task_command.py:370} INFO - Running <TaskInstance: ingest_data.get_data_to_ingest_from_local_file_task scheduled__2022-06-12T04:21:00+00:00 [running]> on host DESKTOP-GDPK8BL.localdomain
[2022-06-12 17:12:49,092] {taskinstance.py:1569} INFO - Exporting the following env vars:
AIRFLOW_CTX_DAG_OWNER=airflow
AIRFLOW_CTX_DAG_ID=ingest_data
AIRFLOW_CTX_TASK_ID=get_data_to_ingest_from_local_file_task
AIRFLOW_CTX_EXECUTION_DATE=2022-06-12T04:21:00+00:00
AIRFLOW_CTX_TRY_NUMBER=1
AIRFLOW_CTX_DAG_RUN_ID=scheduled__2022-06-12T04:21:00+00:00
[2022-06-12 17:12:49,174] {python.py:173} INFO - Done. Returned value was:           AT      V       AP     RH      PE
1816   10.80  40.69  1014.30  87.44  478.19
28698  26.43  77.17  1008.67  92.59  431.26
31417  25.53  62.96  1019.81  59.70  444.38
25929  19.90  56.53  1020.52  78.05  456.48
11353  14.53  39.00  1016.48  76.36  464.86
[2022-06-12 17:12:49,335] {taskinstance.py:1395} INFO - Marking task as SUCCESS. dag_id=ingest_data, task_id=get_data_to_ingest_from_local_file_task, execution_date=20220612T042100, start_date=20220612T151248, end_date=20220612T151249
[2022-06-12 17:12:49,451] {local_task_job.py:156} INFO - Task exited with return code 0
[2022-06-12 17:12:49,708] {local_task_job.py:273} INFO - 1 downstream tasks scheduled from follow-on schedule check
