[2022-06-12 17:09:16,742] {taskinstance.py:1159} INFO - Dependencies all met for <TaskInstance: ingest_data.get_data_to_ingest_from_local_file_task scheduled__2022-06-12T04:01:00+00:00 [queued]>
[2022-06-12 17:09:16,786] {taskinstance.py:1159} INFO - Dependencies all met for <TaskInstance: ingest_data.get_data_to_ingest_from_local_file_task scheduled__2022-06-12T04:01:00+00:00 [queued]>
[2022-06-12 17:09:16,787] {taskinstance.py:1356} INFO - 
--------------------------------------------------------------------------------
[2022-06-12 17:09:16,788] {taskinstance.py:1357} INFO - Starting attempt 1 of 1
[2022-06-12 17:09:16,789] {taskinstance.py:1358} INFO - 
--------------------------------------------------------------------------------
[2022-06-12 17:09:16,864] {taskinstance.py:1377} INFO - Executing <Task(_PythonDecoratedOperator): get_data_to_ingest_from_local_file_task> on 2022-06-12 04:01:00+00:00
[2022-06-12 17:09:16,873] {standard_task_runner.py:52} INFO - Started process 7334 to run task
[2022-06-12 17:09:16,877] {standard_task_runner.py:79} INFO - Running: ['airflow', 'tasks', 'run', 'ingest_data', 'get_data_to_ingest_from_local_file_task', 'scheduled__2022-06-12T04:01:00+00:00', '--job-id', '876', '--raw', '--subdir', 'DAGS_FOLDER/ingestion_dag.py', '--cfg-path', '/tmp/tmpgst4wox9', '--error-file', '/tmp/tmp4k8crdgq']
[2022-06-12 17:09:16,878] {standard_task_runner.py:80} INFO - Job 876: Subtask get_data_to_ingest_from_local_file_task
[2022-06-12 17:09:17,022] {task_command.py:370} INFO - Running <TaskInstance: ingest_data.get_data_to_ingest_from_local_file_task scheduled__2022-06-12T04:01:00+00:00 [running]> on host DESKTOP-GDPK8BL.localdomain
[2022-06-12 17:09:17,469] {taskinstance.py:1569} INFO - Exporting the following env vars:
AIRFLOW_CTX_DAG_OWNER=airflow
AIRFLOW_CTX_DAG_ID=ingest_data
AIRFLOW_CTX_TASK_ID=get_data_to_ingest_from_local_file_task
AIRFLOW_CTX_EXECUTION_DATE=2022-06-12T04:01:00+00:00
AIRFLOW_CTX_TRY_NUMBER=1
AIRFLOW_CTX_DAG_RUN_ID=scheduled__2022-06-12T04:01:00+00:00
[2022-06-12 17:09:17,552] {python.py:173} INFO - Done. Returned value was:           AT      V       AP     RH      PE
19804   9.97  41.62  1013.99  96.02  464.86
35957   5.49  38.50  1012.18  79.33  490.84
6319   22.01  49.39  1019.60  75.80  451.84
32955  15.92  41.79  1006.24  79.42  458.68
39175  14.02  44.47  1028.02  68.97  465.93
[2022-06-12 17:09:17,711] {taskinstance.py:1395} INFO - Marking task as SUCCESS. dag_id=ingest_data, task_id=get_data_to_ingest_from_local_file_task, execution_date=20220612T040100, start_date=20220612T150916, end_date=20220612T150917
[2022-06-12 17:09:17,817] {local_task_job.py:156} INFO - Task exited with return code 0
[2022-06-12 17:09:18,067] {local_task_job.py:273} INFO - 1 downstream tasks scheduled from follow-on schedule check
