[2022-06-12 19:41:44,757] {taskinstance.py:1159} INFO - Dependencies all met for <TaskInstance: ingest_data.get_data_to_ingest_from_local_file_task scheduled__2022-06-12T08:25:00+00:00 [queued]>
[2022-06-12 19:41:44,795] {taskinstance.py:1159} INFO - Dependencies all met for <TaskInstance: ingest_data.get_data_to_ingest_from_local_file_task scheduled__2022-06-12T08:25:00+00:00 [queued]>
[2022-06-12 19:41:44,796] {taskinstance.py:1356} INFO - 
--------------------------------------------------------------------------------
[2022-06-12 19:41:44,797] {taskinstance.py:1357} INFO - Starting attempt 1 of 1
[2022-06-12 19:41:44,798] {taskinstance.py:1358} INFO - 
--------------------------------------------------------------------------------
[2022-06-12 19:41:44,858] {taskinstance.py:1377} INFO - Executing <Task(_PythonDecoratedOperator): get_data_to_ingest_from_local_file_task> on 2022-06-12 08:25:00+00:00
[2022-06-12 19:41:44,863] {standard_task_runner.py:52} INFO - Started process 11237 to run task
[2022-06-12 19:41:44,869] {standard_task_runner.py:79} INFO - Running: ['airflow', 'tasks', 'run', 'ingest_data', 'get_data_to_ingest_from_local_file_task', 'scheduled__2022-06-12T08:25:00+00:00', '--job-id', '1403', '--raw', '--subdir', 'DAGS_FOLDER/ingestion_dag.py', '--cfg-path', '/tmp/tmp306h9jfu', '--error-file', '/tmp/tmpnht01anj']
[2022-06-12 19:41:44,871] {standard_task_runner.py:80} INFO - Job 1403: Subtask get_data_to_ingest_from_local_file_task
[2022-06-12 19:41:45,018] {task_command.py:370} INFO - Running <TaskInstance: ingest_data.get_data_to_ingest_from_local_file_task scheduled__2022-06-12T08:25:00+00:00 [running]> on host DESKTOP-GDPK8BL.localdomain
[2022-06-12 19:41:45,520] {taskinstance.py:1569} INFO - Exporting the following env vars:
AIRFLOW_CTX_DAG_OWNER=airflow
AIRFLOW_CTX_DAG_ID=ingest_data
AIRFLOW_CTX_TASK_ID=get_data_to_ingest_from_local_file_task
AIRFLOW_CTX_EXECUTION_DATE=2022-06-12T08:25:00+00:00
AIRFLOW_CTX_TRY_NUMBER=1
AIRFLOW_CTX_DAG_RUN_ID=scheduled__2022-06-12T08:25:00+00:00
[2022-06-12 19:41:45,590] {python.py:173} INFO - Done. Returned value was:           AT      V       AP     RH      PE
31818  15.11  45.01  1014.35  65.03  460.91
45006   8.51  40.78  1023.51  89.84  471.11
3132   21.47  60.93  1006.46  87.83  442.75
5671   15.79  49.15  1020.62  76.22  465.62
14771  13.57  42.99  1007.51  88.95  472.04
[2022-06-12 19:41:45,760] {taskinstance.py:1395} INFO - Marking task as SUCCESS. dag_id=ingest_data, task_id=get_data_to_ingest_from_local_file_task, execution_date=20220612T082500, start_date=20220612T174144, end_date=20220612T174145
[2022-06-12 19:41:45,849] {local_task_job.py:156} INFO - Task exited with return code 0
[2022-06-12 19:41:46,071] {local_task_job.py:273} INFO - 1 downstream tasks scheduled from follow-on schedule check
