[2022-06-12 17:41:44,249] {taskinstance.py:1159} INFO - Dependencies all met for <TaskInstance: ingest_data.get_data_to_ingest_from_local_file_task scheduled__2022-06-12T07:21:00+00:00 [queued]>
[2022-06-12 17:41:44,303] {taskinstance.py:1159} INFO - Dependencies all met for <TaskInstance: ingest_data.get_data_to_ingest_from_local_file_task scheduled__2022-06-12T07:21:00+00:00 [queued]>
[2022-06-12 17:41:44,303] {taskinstance.py:1356} INFO - 
--------------------------------------------------------------------------------
[2022-06-12 17:41:44,304] {taskinstance.py:1357} INFO - Starting attempt 1 of 1
[2022-06-12 17:41:44,305] {taskinstance.py:1358} INFO - 
--------------------------------------------------------------------------------
[2022-06-12 17:41:44,371] {taskinstance.py:1377} INFO - Executing <Task(_PythonDecoratedOperator): get_data_to_ingest_from_local_file_task> on 2022-06-12 07:21:00+00:00
[2022-06-12 17:41:44,377] {standard_task_runner.py:52} INFO - Started process 10288 to run task
[2022-06-12 17:41:44,384] {standard_task_runner.py:79} INFO - Running: ['airflow', 'tasks', 'run', 'ingest_data', 'get_data_to_ingest_from_local_file_task', 'scheduled__2022-06-12T07:21:00+00:00', '--job-id', '1275', '--raw', '--subdir', 'DAGS_FOLDER/ingestion_dag.py', '--cfg-path', '/tmp/tmpoicxhsfr', '--error-file', '/tmp/tmpavnwzxvo']
[2022-06-12 17:41:44,385] {standard_task_runner.py:80} INFO - Job 1275: Subtask get_data_to_ingest_from_local_file_task
[2022-06-12 17:41:44,522] {task_command.py:370} INFO - Running <TaskInstance: ingest_data.get_data_to_ingest_from_local_file_task scheduled__2022-06-12T07:21:00+00:00 [running]> on host DESKTOP-GDPK8BL.localdomain
[2022-06-12 17:41:45,012] {taskinstance.py:1569} INFO - Exporting the following env vars:
AIRFLOW_CTX_DAG_OWNER=airflow
AIRFLOW_CTX_DAG_ID=ingest_data
AIRFLOW_CTX_TASK_ID=get_data_to_ingest_from_local_file_task
AIRFLOW_CTX_EXECUTION_DATE=2022-06-12T07:21:00+00:00
AIRFLOW_CTX_TRY_NUMBER=1
AIRFLOW_CTX_DAG_RUN_ID=scheduled__2022-06-12T07:21:00+00:00
[2022-06-12 17:41:45,086] {python.py:173} INFO - Done. Returned value was:           AT      V       AP     RH      PE
23544  26.80  58.84  1001.20  65.03  445.76
45366  28.00  74.22  1008.68  66.00  433.94
4380   29.27  69.89  1015.21  67.16  425.55
27240  22.42  71.77  1005.50  90.62  435.06
11158  28.90  71.94  1007.29  64.77  427.41
[2022-06-12 17:41:45,230] {taskinstance.py:1395} INFO - Marking task as SUCCESS. dag_id=ingest_data, task_id=get_data_to_ingest_from_local_file_task, execution_date=20220612T072100, start_date=20220612T154144, end_date=20220612T154145
[2022-06-12 17:41:45,322] {local_task_job.py:156} INFO - Task exited with return code 0
[2022-06-12 17:41:45,534] {local_task_job.py:273} INFO - 1 downstream tasks scheduled from follow-on schedule check
