[2022-06-12 14:46:55,597] {taskinstance.py:1159} INFO - Dependencies all met for <TaskInstance: ingest_data.get_data_to_ingest_from_local_file_task scheduled__2022-06-11T21:16:00+00:00 [queued]>
[2022-06-12 14:46:55,624] {taskinstance.py:1159} INFO - Dependencies all met for <TaskInstance: ingest_data.get_data_to_ingest_from_local_file_task scheduled__2022-06-11T21:16:00+00:00 [queued]>
[2022-06-12 14:46:55,625] {taskinstance.py:1356} INFO - 
--------------------------------------------------------------------------------
[2022-06-12 14:46:55,625] {taskinstance.py:1357} INFO - Starting attempt 1 of 1
[2022-06-12 14:46:55,626] {taskinstance.py:1358} INFO - 
--------------------------------------------------------------------------------
[2022-06-12 14:46:55,698] {taskinstance.py:1377} INFO - Executing <Task(_PythonDecoratedOperator): get_data_to_ingest_from_local_file_task> on 2022-06-11 21:16:00+00:00
[2022-06-12 14:46:55,704] {standard_task_runner.py:52} INFO - Started process 1013 to run task
[2022-06-12 14:46:55,717] {standard_task_runner.py:79} INFO - Running: ['airflow', 'tasks', 'run', 'ingest_data', 'get_data_to_ingest_from_local_file_task', 'scheduled__2022-06-11T21:16:00+00:00', '--job-id', '66', '--raw', '--subdir', 'DAGS_FOLDER/ingestion_dag.py', '--cfg-path', '/tmp/tmpb4r1o840', '--error-file', '/tmp/tmpo9uvpiyg']
[2022-06-12 14:46:55,727] {standard_task_runner.py:80} INFO - Job 66: Subtask get_data_to_ingest_from_local_file_task
[2022-06-12 14:46:55,871] {task_command.py:370} INFO - Running <TaskInstance: ingest_data.get_data_to_ingest_from_local_file_task scheduled__2022-06-11T21:16:00+00:00 [running]> on host DESKTOP-GDPK8BL.localdomain
[2022-06-12 14:46:56,189] {taskinstance.py:1569} INFO - Exporting the following env vars:
AIRFLOW_CTX_DAG_OWNER=airflow
AIRFLOW_CTX_DAG_ID=ingest_data
AIRFLOW_CTX_TASK_ID=get_data_to_ingest_from_local_file_task
AIRFLOW_CTX_EXECUTION_DATE=2022-06-11T21:16:00+00:00
AIRFLOW_CTX_TRY_NUMBER=1
AIRFLOW_CTX_DAG_RUN_ID=scheduled__2022-06-11T21:16:00+00:00
[2022-06-12 14:46:56,275] {python.py:173} INFO - Done. Returned value was:           AT      V       AP      RH      PE
45215  23.64  71.25  1004.92   93.87  442.26
27266  10.79  39.82  1012.89   88.25  479.92
10808  17.26  49.78  1007.38  100.06  453.54
10658  32.81  77.17  1009.17   53.13  430.53
18993  15.59  45.09  1013.41   91.97  457.54
[2022-06-12 14:46:56,383] {taskinstance.py:1395} INFO - Marking task as SUCCESS. dag_id=ingest_data, task_id=get_data_to_ingest_from_local_file_task, execution_date=20220611T211600, start_date=20220612T124655, end_date=20220612T124656
[2022-06-12 14:46:56,463] {local_task_job.py:156} INFO - Task exited with return code 0
[2022-06-12 14:46:56,659] {local_task_job.py:273} INFO - 1 downstream tasks scheduled from follow-on schedule check
