[2022-06-15 19:13:49,036] {taskinstance.py:1159} INFO - Dependencies all met for <TaskInstance: loan_pred.get_data_to_ingest_from_local_file_task scheduled__2022-06-14T21:20:00+00:00 [queued]>
[2022-06-15 19:13:49,057] {taskinstance.py:1159} INFO - Dependencies all met for <TaskInstance: loan_pred.get_data_to_ingest_from_local_file_task scheduled__2022-06-14T21:20:00+00:00 [queued]>
[2022-06-15 19:13:49,058] {taskinstance.py:1356} INFO - 
--------------------------------------------------------------------------------
[2022-06-15 19:13:49,058] {taskinstance.py:1357} INFO - Starting attempt 1 of 1
[2022-06-15 19:13:49,059] {taskinstance.py:1358} INFO - 
--------------------------------------------------------------------------------
[2022-06-15 19:13:49,110] {taskinstance.py:1377} INFO - Executing <Task(_PythonDecoratedOperator): get_data_to_ingest_from_local_file_task> on 2022-06-14 21:20:00+00:00
[2022-06-15 19:13:49,116] {standard_task_runner.py:52} INFO - Started process 584 to run task
[2022-06-15 19:13:49,122] {standard_task_runner.py:79} INFO - Running: ['airflow', 'tasks', 'run', 'loan_pred', 'get_data_to_ingest_from_local_file_task', 'scheduled__2022-06-14T21:20:00+00:00', '--job-id', '1613', '--raw', '--subdir', 'DAGS_FOLDER/loan_pred.py', '--cfg-path', '/tmp/tmpdajnaing', '--error-file', '/tmp/tmpnlh9hlwm']
[2022-06-15 19:13:49,171] {standard_task_runner.py:80} INFO - Job 1613: Subtask get_data_to_ingest_from_local_file_task
[2022-06-15 19:13:49,321] {task_command.py:370} INFO - Running <TaskInstance: loan_pred.get_data_to_ingest_from_local_file_task scheduled__2022-06-14T21:20:00+00:00 [running]> on host DESKTOP-GDPK8BL.localdomain
[2022-06-15 19:13:49,712] {taskinstance.py:1569} INFO - Exporting the following env vars:
AIRFLOW_CTX_DAG_OWNER=airflow
AIRFLOW_CTX_DAG_ID=loan_pred
AIRFLOW_CTX_TASK_ID=get_data_to_ingest_from_local_file_task
AIRFLOW_CTX_EXECUTION_DATE=2022-06-14T21:20:00+00:00
AIRFLOW_CTX_TRY_NUMBER=1
AIRFLOW_CTX_DAG_RUN_ID=scheduled__2022-06-14T21:20:00+00:00
[2022-06-15 19:13:49,726] {python.py:173} INFO - Done. Returned value was:       Loan_ID  Gender Married Dependents  ... LoanAmount Loan_Amount_Term  Credit_History  Property_Area
229  LP002286    Male     Yes         3+  ...      125.0            360.0             0.0          Urban
210  LP002167  Female      No          0  ...       55.0            360.0             1.0          Urban
160  LP001886    Male      No          0  ...      209.0            360.0             1.0          Rural
81   LP001428    Male     Yes         3+  ...      360.0            360.0             1.0          Urban
66   LP001352    Male     Yes          0  ...      135.0            360.0             0.0      Semiurban

[5 rows x 12 columns]
[2022-06-15 19:13:49,881] {taskinstance.py:1395} INFO - Marking task as SUCCESS. dag_id=loan_pred, task_id=get_data_to_ingest_from_local_file_task, execution_date=20220614T212000, start_date=20220615T171349, end_date=20220615T171349
[2022-06-15 19:13:49,946] {local_task_job.py:156} INFO - Task exited with return code 0
[2022-06-15 19:13:50,313] {local_task_job.py:273} INFO - 1 downstream tasks scheduled from follow-on schedule check
