[2022-06-12 17:50:07,899] {taskinstance.py:1159} INFO - Dependencies all met for <TaskInstance: ingest_data.get_data_to_ingest_from_local_file_task scheduled__2022-06-12T08:14:00+00:00 [queued]>
[2022-06-12 17:50:07,966] {taskinstance.py:1159} INFO - Dependencies all met for <TaskInstance: ingest_data.get_data_to_ingest_from_local_file_task scheduled__2022-06-12T08:14:00+00:00 [queued]>
[2022-06-12 17:50:07,967] {taskinstance.py:1356} INFO - 
--------------------------------------------------------------------------------
[2022-06-12 17:50:07,968] {taskinstance.py:1357} INFO - Starting attempt 1 of 1
[2022-06-12 17:50:07,970] {taskinstance.py:1358} INFO - 
--------------------------------------------------------------------------------
[2022-06-12 17:50:08,065] {taskinstance.py:1377} INFO - Executing <Task(_PythonDecoratedOperator): get_data_to_ingest_from_local_file_task> on 2022-06-12 08:14:00+00:00
[2022-06-12 17:50:08,072] {standard_task_runner.py:52} INFO - Started process 11070 to run task
[2022-06-12 17:50:08,079] {standard_task_runner.py:79} INFO - Running: ['airflow', 'tasks', 'run', 'ingest_data', 'get_data_to_ingest_from_local_file_task', 'scheduled__2022-06-12T08:14:00+00:00', '--job-id', '1381', '--raw', '--subdir', 'DAGS_FOLDER/ingestion_dag.py', '--cfg-path', '/tmp/tmpjz9hzz9u', '--error-file', '/tmp/tmpy1lz5z9w']
[2022-06-12 17:50:08,081] {standard_task_runner.py:80} INFO - Job 1381: Subtask get_data_to_ingest_from_local_file_task
[2022-06-12 17:50:08,220] {task_command.py:370} INFO - Running <TaskInstance: ingest_data.get_data_to_ingest_from_local_file_task scheduled__2022-06-12T08:14:00+00:00 [running]> on host DESKTOP-GDPK8BL.localdomain
[2022-06-12 17:50:08,698] {taskinstance.py:1569} INFO - Exporting the following env vars:
AIRFLOW_CTX_DAG_OWNER=airflow
AIRFLOW_CTX_DAG_ID=ingest_data
AIRFLOW_CTX_TASK_ID=get_data_to_ingest_from_local_file_task
AIRFLOW_CTX_EXECUTION_DATE=2022-06-12T08:14:00+00:00
AIRFLOW_CTX_TRY_NUMBER=1
AIRFLOW_CTX_DAG_RUN_ID=scheduled__2022-06-12T08:14:00+00:00
[2022-06-12 17:50:08,768] {python.py:173} INFO - Done. Returned value was:           AT      V       AP     RH      PE
22764  22.28  58.12  1014.54  83.27  448.97
23064  25.14  60.37  1006.63  77.17  438.39
15628  24.58  71.94  1006.85  89.02  433.99
5608   11.83  38.25  1013.36  85.33  473.31
34012   6.10  43.65  1018.07  75.85  485.24
[2022-06-12 17:50:08,947] {taskinstance.py:1395} INFO - Marking task as SUCCESS. dag_id=ingest_data, task_id=get_data_to_ingest_from_local_file_task, execution_date=20220612T081400, start_date=20220612T155007, end_date=20220612T155008
[2022-06-12 17:50:09,056] {local_task_job.py:156} INFO - Task exited with return code 0
[2022-06-12 17:50:09,271] {local_task_job.py:273} INFO - 1 downstream tasks scheduled from follow-on schedule check
