[2022-06-13 13:49:31,514] {taskinstance.py:1159} INFO - Dependencies all met for <TaskInstance: loan_pred.get_data_to_ingest_from_local_file_task scheduled__2022-06-12T21:04:00+00:00 [queued]>
[2022-06-13 13:49:31,536] {taskinstance.py:1159} INFO - Dependencies all met for <TaskInstance: loan_pred.get_data_to_ingest_from_local_file_task scheduled__2022-06-12T21:04:00+00:00 [queued]>
[2022-06-13 13:49:31,536] {taskinstance.py:1356} INFO - 
--------------------------------------------------------------------------------
[2022-06-13 13:49:31,537] {taskinstance.py:1357} INFO - Starting attempt 1 of 1
[2022-06-13 13:49:31,537] {taskinstance.py:1358} INFO - 
--------------------------------------------------------------------------------
[2022-06-13 13:49:31,589] {taskinstance.py:1377} INFO - Executing <Task(_PythonDecoratedOperator): get_data_to_ingest_from_local_file_task> on 2022-06-12 21:04:00+00:00
[2022-06-13 13:49:31,594] {standard_task_runner.py:52} INFO - Started process 497 to run task
[2022-06-13 13:49:31,598] {standard_task_runner.py:79} INFO - Running: ['airflow', 'tasks', 'run', 'loan_pred', 'get_data_to_ingest_from_local_file_task', 'scheduled__2022-06-12T21:04:00+00:00', '--job-id', '1564', '--raw', '--subdir', 'DAGS_FOLDER/loan_pred.py', '--cfg-path', '/tmp/tmph2l55d34', '--error-file', '/tmp/tmpoqsioomm']
[2022-06-13 13:49:31,600] {standard_task_runner.py:80} INFO - Job 1564: Subtask get_data_to_ingest_from_local_file_task
[2022-06-13 13:49:31,773] {task_command.py:370} INFO - Running <TaskInstance: loan_pred.get_data_to_ingest_from_local_file_task scheduled__2022-06-12T21:04:00+00:00 [running]> on host DESKTOP-GDPK8BL.localdomain
[2022-06-13 13:49:32,204] {taskinstance.py:1569} INFO - Exporting the following env vars:
AIRFLOW_CTX_DAG_OWNER=airflow
AIRFLOW_CTX_DAG_ID=loan_pred
AIRFLOW_CTX_TASK_ID=get_data_to_ingest_from_local_file_task
AIRFLOW_CTX_EXECUTION_DATE=2022-06-12T21:04:00+00:00
AIRFLOW_CTX_TRY_NUMBER=1
AIRFLOW_CTX_DAG_RUN_ID=scheduled__2022-06-12T21:04:00+00:00
[2022-06-13 13:49:32,218] {python.py:173} INFO - Done. Returned value was:       Loan_ID  Gender Married Dependents  ... LoanAmount Loan_Amount_Term  Credit_History  Property_Area
323  LP002791    Male      No          1  ...       40.0            360.0             1.0      Semiurban
54   LP001312    Male     Yes          0  ...       92.0            360.0             1.0          Urban
319  LP002781    Male      No          0  ...      120.0            360.0             1.0          Urban
234  LP002311  Female     Yes          0  ...      104.0            360.0             1.0          Urban
344  LP002876    Male      No          0  ...      176.0            360.0             1.0          Rural

[5 rows x 12 columns]
[2022-06-13 13:49:32,404] {taskinstance.py:1395} INFO - Marking task as SUCCESS. dag_id=loan_pred, task_id=get_data_to_ingest_from_local_file_task, execution_date=20220612T210400, start_date=20220613T114931, end_date=20220613T114932
[2022-06-13 13:49:32,496] {local_task_job.py:156} INFO - Task exited with return code 0
[2022-06-13 13:49:32,704] {local_task_job.py:273} INFO - 1 downstream tasks scheduled from follow-on schedule check
