[2022-06-12 16:03:47,738] {taskinstance.py:1159} INFO - Dependencies all met for <TaskInstance: ingest_data.get_data_to_ingest_from_local_file_task scheduled__2022-06-11T21:46:00+00:00 [queued]>
[2022-06-12 16:03:47,764] {taskinstance.py:1159} INFO - Dependencies all met for <TaskInstance: ingest_data.get_data_to_ingest_from_local_file_task scheduled__2022-06-11T21:46:00+00:00 [queued]>
[2022-06-12 16:03:47,765] {taskinstance.py:1356} INFO - 
--------------------------------------------------------------------------------
[2022-06-12 16:03:47,765] {taskinstance.py:1357} INFO - Starting attempt 1 of 1
[2022-06-12 16:03:47,766] {taskinstance.py:1358} INFO - 
--------------------------------------------------------------------------------
[2022-06-12 16:03:47,822] {taskinstance.py:1377} INFO - Executing <Task(_PythonDecoratedOperator): get_data_to_ingest_from_local_file_task> on 2022-06-11 21:46:00+00:00
[2022-06-12 16:03:47,830] {standard_task_runner.py:52} INFO - Started process 1526 to run task
[2022-06-12 16:03:47,835] {standard_task_runner.py:79} INFO - Running: ['airflow', 'tasks', 'run', 'ingest_data', 'get_data_to_ingest_from_local_file_task', 'scheduled__2022-06-11T21:46:00+00:00', '--job-id', '126', '--raw', '--subdir', 'DAGS_FOLDER/ingestion_dag.py', '--cfg-path', '/tmp/tmp7drptz67', '--error-file', '/tmp/tmpan3cfamq']
[2022-06-12 16:03:47,837] {standard_task_runner.py:80} INFO - Job 126: Subtask get_data_to_ingest_from_local_file_task
[2022-06-12 16:03:47,976] {task_command.py:370} INFO - Running <TaskInstance: ingest_data.get_data_to_ingest_from_local_file_task scheduled__2022-06-11T21:46:00+00:00 [running]> on host DESKTOP-GDPK8BL.localdomain
[2022-06-12 16:03:48,311] {taskinstance.py:1569} INFO - Exporting the following env vars:
AIRFLOW_CTX_DAG_OWNER=airflow
AIRFLOW_CTX_DAG_ID=ingest_data
AIRFLOW_CTX_TASK_ID=get_data_to_ingest_from_local_file_task
AIRFLOW_CTX_EXECUTION_DATE=2022-06-11T21:46:00+00:00
AIRFLOW_CTX_TRY_NUMBER=1
AIRFLOW_CTX_DAG_RUN_ID=scheduled__2022-06-11T21:46:00+00:00
[2022-06-12 16:03:48,383] {python.py:173} INFO - Done. Returned value was:           AT      V       AP     RH      PE
16920  20.79  68.28  1001.42  76.77  445.83
15788  23.09  69.71  1009.75  91.35  437.70
36861  14.47  42.86  1031.55  66.73  466.64
44116  24.48  66.25  1009.42  88.17  441.07
41771  15.33  36.71  1013.99  73.89  468.36
[2022-06-12 16:03:48,495] {taskinstance.py:1395} INFO - Marking task as SUCCESS. dag_id=ingest_data, task_id=get_data_to_ingest_from_local_file_task, execution_date=20220611T214600, start_date=20220612T140347, end_date=20220612T140348
[2022-06-12 16:03:48,575] {local_task_job.py:156} INFO - Task exited with return code 0
[2022-06-12 16:03:48,792] {local_task_job.py:273} INFO - 1 downstream tasks scheduled from follow-on schedule check
