[2022-06-12 16:17:00,374] {taskinstance.py:1159} INFO - Dependencies all met for <TaskInstance: ingest_data.get_data_to_ingest_from_local_file_task scheduled__2022-06-11T23:02:00+00:00 [queued]>
[2022-06-12 16:17:00,401] {taskinstance.py:1159} INFO - Dependencies all met for <TaskInstance: ingest_data.get_data_to_ingest_from_local_file_task scheduled__2022-06-11T23:02:00+00:00 [queued]>
[2022-06-12 16:17:00,401] {taskinstance.py:1356} INFO - 
--------------------------------------------------------------------------------
[2022-06-12 16:17:00,402] {taskinstance.py:1357} INFO - Starting attempt 1 of 1
[2022-06-12 16:17:00,403] {taskinstance.py:1358} INFO - 
--------------------------------------------------------------------------------
[2022-06-12 16:17:00,472] {taskinstance.py:1377} INFO - Executing <Task(_PythonDecoratedOperator): get_data_to_ingest_from_local_file_task> on 2022-06-11 23:02:00+00:00
[2022-06-12 16:17:00,479] {standard_task_runner.py:52} INFO - Started process 2818 to run task
[2022-06-12 16:17:00,486] {standard_task_runner.py:79} INFO - Running: ['airflow', 'tasks', 'run', 'ingest_data', 'get_data_to_ingest_from_local_file_task', 'scheduled__2022-06-11T23:02:00+00:00', '--job-id', '278', '--raw', '--subdir', 'DAGS_FOLDER/ingestion_dag.py', '--cfg-path', '/tmp/tmpzqwh7seu', '--error-file', '/tmp/tmp_sis3b0l']
[2022-06-12 16:17:00,488] {standard_task_runner.py:80} INFO - Job 278: Subtask get_data_to_ingest_from_local_file_task
[2022-06-12 16:17:00,615] {task_command.py:370} INFO - Running <TaskInstance: ingest_data.get_data_to_ingest_from_local_file_task scheduled__2022-06-11T23:02:00+00:00 [running]> on host DESKTOP-GDPK8BL.localdomain
[2022-06-12 16:17:00,928] {taskinstance.py:1569} INFO - Exporting the following env vars:
AIRFLOW_CTX_DAG_OWNER=airflow
AIRFLOW_CTX_DAG_ID=ingest_data
AIRFLOW_CTX_TASK_ID=get_data_to_ingest_from_local_file_task
AIRFLOW_CTX_EXECUTION_DATE=2022-06-11T23:02:00+00:00
AIRFLOW_CTX_TRY_NUMBER=1
AIRFLOW_CTX_DAG_RUN_ID=scheduled__2022-06-11T23:02:00+00:00
[2022-06-12 16:17:01,006] {python.py:173} INFO - Done. Returned value was:           AT      V       AP     RH      PE
2926   20.37  69.48  1011.04  84.31  445.81
44226  21.94  58.79  1010.30  88.21  447.52
26980  14.65  41.92  1030.61  63.07  464.95
13987  13.73  45.08  1023.55  81.64  470.35
17730   7.69  39.96  1023.90  89.18  478.05
[2022-06-12 16:17:01,112] {taskinstance.py:1395} INFO - Marking task as SUCCESS. dag_id=ingest_data, task_id=get_data_to_ingest_from_local_file_task, execution_date=20220611T230200, start_date=20220612T141700, end_date=20220612T141701
[2022-06-12 16:17:01,185] {local_task_job.py:156} INFO - Task exited with return code 0
[2022-06-12 16:17:01,408] {local_task_job.py:273} INFO - 1 downstream tasks scheduled from follow-on schedule check
