[2022-06-12 17:42:35,145] {taskinstance.py:1159} INFO - Dependencies all met for <TaskInstance: ingest_data.get_data_to_ingest_from_local_file_task scheduled__2022-06-12T07:26:00+00:00 [queued]>
[2022-06-12 17:42:35,174] {taskinstance.py:1159} INFO - Dependencies all met for <TaskInstance: ingest_data.get_data_to_ingest_from_local_file_task scheduled__2022-06-12T07:26:00+00:00 [queued]>
[2022-06-12 17:42:35,175] {taskinstance.py:1356} INFO - 
--------------------------------------------------------------------------------
[2022-06-12 17:42:35,175] {taskinstance.py:1357} INFO - Starting attempt 1 of 1
[2022-06-12 17:42:35,175] {taskinstance.py:1358} INFO - 
--------------------------------------------------------------------------------
[2022-06-12 17:42:35,230] {taskinstance.py:1377} INFO - Executing <Task(_PythonDecoratedOperator): get_data_to_ingest_from_local_file_task> on 2022-06-12 07:26:00+00:00
[2022-06-12 17:42:35,236] {standard_task_runner.py:52} INFO - Started process 10369 to run task
[2022-06-12 17:42:35,242] {standard_task_runner.py:79} INFO - Running: ['airflow', 'tasks', 'run', 'ingest_data', 'get_data_to_ingest_from_local_file_task', 'scheduled__2022-06-12T07:26:00+00:00', '--job-id', '1286', '--raw', '--subdir', 'DAGS_FOLDER/ingestion_dag.py', '--cfg-path', '/tmp/tmppy_9zxnc', '--error-file', '/tmp/tmp4eisqukm']
[2022-06-12 17:42:35,243] {standard_task_runner.py:80} INFO - Job 1286: Subtask get_data_to_ingest_from_local_file_task
[2022-06-12 17:42:35,414] {task_command.py:370} INFO - Running <TaskInstance: ingest_data.get_data_to_ingest_from_local_file_task scheduled__2022-06-12T07:26:00+00:00 [running]> on host DESKTOP-GDPK8BL.localdomain
[2022-06-12 17:42:35,888] {taskinstance.py:1569} INFO - Exporting the following env vars:
AIRFLOW_CTX_DAG_OWNER=airflow
AIRFLOW_CTX_DAG_ID=ingest_data
AIRFLOW_CTX_TASK_ID=get_data_to_ingest_from_local_file_task
AIRFLOW_CTX_EXECUTION_DATE=2022-06-12T07:26:00+00:00
AIRFLOW_CTX_TRY_NUMBER=1
AIRFLOW_CTX_DAG_RUN_ID=scheduled__2022-06-12T07:26:00+00:00
[2022-06-12 17:42:35,962] {python.py:173} INFO - Done. Returned value was:           AT      V       AP     RH      PE
7118   23.13  72.24  1010.92  92.30  437.67
271    29.92  57.19  1008.62  45.80  438.99
38916  24.41  56.90  1006.58  77.94  439.51
28698  26.43  77.17  1008.67  92.59  431.26
16634   5.95  39.48  1005.16  63.60  486.07
[2022-06-12 17:42:36,135] {taskinstance.py:1395} INFO - Marking task as SUCCESS. dag_id=ingest_data, task_id=get_data_to_ingest_from_local_file_task, execution_date=20220612T072600, start_date=20220612T154235, end_date=20220612T154236
[2022-06-12 17:42:36,219] {local_task_job.py:156} INFO - Task exited with return code 0
[2022-06-12 17:42:36,444] {local_task_job.py:273} INFO - 1 downstream tasks scheduled from follow-on schedule check
