[2022-06-12 16:59:33,155] {taskinstance.py:1159} INFO - Dependencies all met for <TaskInstance: ingest_data.get_data_to_ingest_from_local_file_task scheduled__2022-06-12T03:06:00+00:00 [queued]>
[2022-06-12 16:59:33,201] {taskinstance.py:1159} INFO - Dependencies all met for <TaskInstance: ingest_data.get_data_to_ingest_from_local_file_task scheduled__2022-06-12T03:06:00+00:00 [queued]>
[2022-06-12 16:59:33,201] {taskinstance.py:1356} INFO - 
--------------------------------------------------------------------------------
[2022-06-12 16:59:33,202] {taskinstance.py:1357} INFO - Starting attempt 1 of 1
[2022-06-12 16:59:33,203] {taskinstance.py:1358} INFO - 
--------------------------------------------------------------------------------
[2022-06-12 16:59:33,298] {taskinstance.py:1377} INFO - Executing <Task(_PythonDecoratedOperator): get_data_to_ingest_from_local_file_task> on 2022-06-12 03:06:00+00:00
[2022-06-12 16:59:33,303] {standard_task_runner.py:52} INFO - Started process 6511 to run task
[2022-06-12 16:59:33,310] {standard_task_runner.py:79} INFO - Running: ['airflow', 'tasks', 'run', 'ingest_data', 'get_data_to_ingest_from_local_file_task', 'scheduled__2022-06-12T03:06:00+00:00', '--job-id', '765', '--raw', '--subdir', 'DAGS_FOLDER/ingestion_dag.py', '--cfg-path', '/tmp/tmpr8_fywnm', '--error-file', '/tmp/tmpf91uwqei']
[2022-06-12 16:59:33,313] {standard_task_runner.py:80} INFO - Job 765: Subtask get_data_to_ingest_from_local_file_task
[2022-06-12 16:59:33,609] {task_command.py:370} INFO - Running <TaskInstance: ingest_data.get_data_to_ingest_from_local_file_task scheduled__2022-06-12T03:06:00+00:00 [running]> on host DESKTOP-GDPK8BL.localdomain
[2022-06-12 16:59:34,991] {taskinstance.py:1569} INFO - Exporting the following env vars:
AIRFLOW_CTX_DAG_OWNER=airflow
AIRFLOW_CTX_DAG_ID=ingest_data
AIRFLOW_CTX_TASK_ID=get_data_to_ingest_from_local_file_task
AIRFLOW_CTX_EXECUTION_DATE=2022-06-12T03:06:00+00:00
AIRFLOW_CTX_TRY_NUMBER=1
AIRFLOW_CTX_DAG_RUN_ID=scheduled__2022-06-12T03:06:00+00:00
[2022-06-12 16:59:35,125] {python.py:173} INFO - Done. Returned value was:           AT      V       AP     RH      PE
38958   8.73  41.26  1020.54  91.37  476.42
4701   14.35  35.71  1016.10  60.86  468.90
40922  17.31  58.49  1011.80  92.77  456.84
26806   8.85  40.43  1025.68  80.42  491.81
23583  30.17  64.79  1017.06  43.81  439.75
[2022-06-12 16:59:35,374] {taskinstance.py:1395} INFO - Marking task as SUCCESS. dag_id=ingest_data, task_id=get_data_to_ingest_from_local_file_task, execution_date=20220612T030600, start_date=20220612T145933, end_date=20220612T145935
[2022-06-12 16:59:35,458] {local_task_job.py:156} INFO - Task exited with return code 0
[2022-06-12 16:59:35,770] {local_task_job.py:273} INFO - 1 downstream tasks scheduled from follow-on schedule check
