[2022-06-12 16:20:52,090] {taskinstance.py:1159} INFO - Dependencies all met for <TaskInstance: ingest_data.get_data_to_ingest_from_local_file_task scheduled__2022-06-11T23:25:00+00:00 [queued]>
[2022-06-12 16:20:52,120] {taskinstance.py:1159} INFO - Dependencies all met for <TaskInstance: ingest_data.get_data_to_ingest_from_local_file_task scheduled__2022-06-11T23:25:00+00:00 [queued]>
[2022-06-12 16:20:52,120] {taskinstance.py:1356} INFO - 
--------------------------------------------------------------------------------
[2022-06-12 16:20:52,121] {taskinstance.py:1357} INFO - Starting attempt 1 of 1
[2022-06-12 16:20:52,121] {taskinstance.py:1358} INFO - 
--------------------------------------------------------------------------------
[2022-06-12 16:20:52,195] {taskinstance.py:1377} INFO - Executing <Task(_PythonDecoratedOperator): get_data_to_ingest_from_local_file_task> on 2022-06-11 23:25:00+00:00
[2022-06-12 16:20:52,203] {standard_task_runner.py:52} INFO - Started process 3209 to run task
[2022-06-12 16:20:52,209] {standard_task_runner.py:79} INFO - Running: ['airflow', 'tasks', 'run', 'ingest_data', 'get_data_to_ingest_from_local_file_task', 'scheduled__2022-06-11T23:25:00+00:00', '--job-id', '324', '--raw', '--subdir', 'DAGS_FOLDER/ingestion_dag.py', '--cfg-path', '/tmp/tmp40zxlxmy', '--error-file', '/tmp/tmpnmnzz1wo']
[2022-06-12 16:20:52,211] {standard_task_runner.py:80} INFO - Job 324: Subtask get_data_to_ingest_from_local_file_task
[2022-06-12 16:20:52,348] {task_command.py:370} INFO - Running <TaskInstance: ingest_data.get_data_to_ingest_from_local_file_task scheduled__2022-06-11T23:25:00+00:00 [running]> on host DESKTOP-GDPK8BL.localdomain
[2022-06-12 16:20:52,734] {taskinstance.py:1569} INFO - Exporting the following env vars:
AIRFLOW_CTX_DAG_OWNER=airflow
AIRFLOW_CTX_DAG_ID=ingest_data
AIRFLOW_CTX_TASK_ID=get_data_to_ingest_from_local_file_task
AIRFLOW_CTX_EXECUTION_DATE=2022-06-11T23:25:00+00:00
AIRFLOW_CTX_TRY_NUMBER=1
AIRFLOW_CTX_DAG_RUN_ID=scheduled__2022-06-11T23:25:00+00:00
[2022-06-12 16:20:52,811] {python.py:173} INFO - Done. Returned value was:           AT      V       AP     RH      PE
1473   23.95  51.86  1014.24  68.28  449.81
47749  23.74  65.34  1013.70  62.90  447.31
3851   23.63  71.29  1008.01  70.07  442.65
33748  29.33  52.84  1006.04  44.30  438.25
38906  15.48  47.83  1004.88  81.68  463.67
[2022-06-12 16:20:52,945] {taskinstance.py:1395} INFO - Marking task as SUCCESS. dag_id=ingest_data, task_id=get_data_to_ingest_from_local_file_task, execution_date=20220611T232500, start_date=20220612T142052, end_date=20220612T142052
[2022-06-12 16:20:53,027] {local_task_job.py:156} INFO - Task exited with return code 0
[2022-06-12 16:20:53,245] {local_task_job.py:273} INFO - 1 downstream tasks scheduled from follow-on schedule check
