[2022-06-13 13:49:49,808] {taskinstance.py:1159} INFO - Dependencies all met for <TaskInstance: loan_pred.save_data_task scheduled__2022-06-12T21:05:00+00:00 [queued]>
[2022-06-13 13:49:49,846] {taskinstance.py:1159} INFO - Dependencies all met for <TaskInstance: loan_pred.save_data_task scheduled__2022-06-12T21:05:00+00:00 [queued]>
[2022-06-13 13:49:49,847] {taskinstance.py:1356} INFO - 
--------------------------------------------------------------------------------
[2022-06-13 13:49:49,850] {taskinstance.py:1357} INFO - Starting attempt 1 of 1
[2022-06-13 13:49:49,850] {taskinstance.py:1358} INFO - 
--------------------------------------------------------------------------------
[2022-06-13 13:49:49,934] {taskinstance.py:1377} INFO - Executing <Task(_PythonDecoratedOperator): save_data_task> on 2022-06-12 21:05:00+00:00
[2022-06-13 13:49:49,940] {standard_task_runner.py:52} INFO - Started process 529 to run task
[2022-06-13 13:49:49,946] {standard_task_runner.py:79} INFO - Running: ['airflow', 'tasks', 'run', 'loan_pred', 'save_data_task', 'scheduled__2022-06-12T21:05:00+00:00', '--job-id', '1568', '--raw', '--subdir', 'DAGS_FOLDER/loan_pred.py', '--cfg-path', '/tmp/tmpo9_ba8ei', '--error-file', '/tmp/tmpegh4clho']
[2022-06-13 13:49:49,948] {standard_task_runner.py:80} INFO - Job 1568: Subtask save_data_task
[2022-06-13 13:49:50,154] {task_command.py:370} INFO - Running <TaskInstance: loan_pred.save_data_task scheduled__2022-06-12T21:05:00+00:00 [running]> on host DESKTOP-GDPK8BL.localdomain
[2022-06-13 13:49:50,680] {taskinstance.py:1569} INFO - Exporting the following env vars:
AIRFLOW_CTX_DAG_OWNER=airflow
AIRFLOW_CTX_DAG_ID=loan_pred
AIRFLOW_CTX_TASK_ID=save_data_task
AIRFLOW_CTX_EXECUTION_DATE=2022-06-12T21:05:00+00:00
AIRFLOW_CTX_TRY_NUMBER=1
AIRFLOW_CTX_DAG_RUN_ID=scheduled__2022-06-12T21:05:00+00:00
[2022-06-13 13:49:50,693] {python.py:173} INFO - Done. Returned value was: None
[2022-06-13 13:49:50,724] {taskinstance.py:1395} INFO - Marking task as SUCCESS. dag_id=loan_pred, task_id=save_data_task, execution_date=20220612T210500, start_date=20220613T114949, end_date=20220613T114950
[2022-06-13 13:49:50,805] {local_task_job.py:156} INFO - Task exited with return code 0
[2022-06-13 13:49:51,004] {local_task_job.py:273} INFO - 0 downstream tasks scheduled from follow-on schedule check
