[2022-06-12 16:17:50,999] {taskinstance.py:1159} INFO - Dependencies all met for <TaskInstance: ingest_data.get_data_to_ingest_from_local_file_task scheduled__2022-06-11T23:07:00+00:00 [queued]>
[2022-06-12 16:17:51,025] {taskinstance.py:1159} INFO - Dependencies all met for <TaskInstance: ingest_data.get_data_to_ingest_from_local_file_task scheduled__2022-06-11T23:07:00+00:00 [queued]>
[2022-06-12 16:17:51,026] {taskinstance.py:1356} INFO - 
--------------------------------------------------------------------------------
[2022-06-12 16:17:51,026] {taskinstance.py:1357} INFO - Starting attempt 1 of 1
[2022-06-12 16:17:51,028] {taskinstance.py:1358} INFO - 
--------------------------------------------------------------------------------
[2022-06-12 16:17:51,090] {taskinstance.py:1377} INFO - Executing <Task(_PythonDecoratedOperator): get_data_to_ingest_from_local_file_task> on 2022-06-11 23:07:00+00:00
[2022-06-12 16:17:51,099] {standard_task_runner.py:52} INFO - Started process 2903 to run task
[2022-06-12 16:17:51,105] {standard_task_runner.py:79} INFO - Running: ['airflow', 'tasks', 'run', 'ingest_data', 'get_data_to_ingest_from_local_file_task', 'scheduled__2022-06-11T23:07:00+00:00', '--job-id', '288', '--raw', '--subdir', 'DAGS_FOLDER/ingestion_dag.py', '--cfg-path', '/tmp/tmpteos1sdb', '--error-file', '/tmp/tmpx0100iqb']
[2022-06-12 16:17:51,107] {standard_task_runner.py:80} INFO - Job 288: Subtask get_data_to_ingest_from_local_file_task
[2022-06-12 16:17:51,248] {task_command.py:370} INFO - Running <TaskInstance: ingest_data.get_data_to_ingest_from_local_file_task scheduled__2022-06-11T23:07:00+00:00 [running]> on host DESKTOP-GDPK8BL.localdomain
[2022-06-12 16:17:51,721] {taskinstance.py:1569} INFO - Exporting the following env vars:
AIRFLOW_CTX_DAG_OWNER=airflow
AIRFLOW_CTX_DAG_ID=ingest_data
AIRFLOW_CTX_TASK_ID=get_data_to_ingest_from_local_file_task
AIRFLOW_CTX_EXECUTION_DATE=2022-06-11T23:07:00+00:00
AIRFLOW_CTX_TRY_NUMBER=1
AIRFLOW_CTX_DAG_RUN_ID=scheduled__2022-06-11T23:07:00+00:00
[2022-06-12 16:17:51,809] {python.py:173} INFO - Done. Returned value was:           AT      V       AP     RH      PE
15066  24.54  57.85  1013.02  65.61  444.93
29072  24.49  70.79  1005.51  88.65  430.54
19283   4.99  41.03  1022.33  83.11  493.16
17632  25.00  68.14  1005.35  57.13  437.67
35197  20.25  63.91  1009.27  97.97  448.37
[2022-06-12 16:17:51,944] {taskinstance.py:1395} INFO - Marking task as SUCCESS. dag_id=ingest_data, task_id=get_data_to_ingest_from_local_file_task, execution_date=20220611T230700, start_date=20220612T141751, end_date=20220612T141751
[2022-06-12 16:17:52,046] {local_task_job.py:156} INFO - Task exited with return code 0
[2022-06-12 16:17:52,266] {local_task_job.py:273} INFO - 1 downstream tasks scheduled from follow-on schedule check
