[2022-06-12 16:05:10,454] {taskinstance.py:1159} INFO - Dependencies all met for <TaskInstance: ingest_data.save_data_task scheduled__2022-06-11T21:54:00+00:00 [queued]>
[2022-06-12 16:05:10,481] {taskinstance.py:1159} INFO - Dependencies all met for <TaskInstance: ingest_data.save_data_task scheduled__2022-06-11T21:54:00+00:00 [queued]>
[2022-06-12 16:05:10,482] {taskinstance.py:1356} INFO - 
--------------------------------------------------------------------------------
[2022-06-12 16:05:10,482] {taskinstance.py:1357} INFO - Starting attempt 1 of 1
[2022-06-12 16:05:10,483] {taskinstance.py:1358} INFO - 
--------------------------------------------------------------------------------
[2022-06-12 16:05:10,549] {taskinstance.py:1377} INFO - Executing <Task(_PythonDecoratedOperator): save_data_task> on 2022-06-11 21:54:00+00:00
[2022-06-12 16:05:10,565] {standard_task_runner.py:52} INFO - Started process 1670 to run task
[2022-06-12 16:05:10,572] {standard_task_runner.py:79} INFO - Running: ['airflow', 'tasks', 'run', 'ingest_data', 'save_data_task', 'scheduled__2022-06-11T21:54:00+00:00', '--job-id', '143', '--raw', '--subdir', 'DAGS_FOLDER/ingestion_dag.py', '--cfg-path', '/tmp/tmp2ow4z6xl', '--error-file', '/tmp/tmpk4mz2o1i']
[2022-06-12 16:05:10,574] {standard_task_runner.py:80} INFO - Job 143: Subtask save_data_task
[2022-06-12 16:05:10,735] {task_command.py:370} INFO - Running <TaskInstance: ingest_data.save_data_task scheduled__2022-06-11T21:54:00+00:00 [running]> on host DESKTOP-GDPK8BL.localdomain
[2022-06-12 16:05:11,150] {taskinstance.py:1569} INFO - Exporting the following env vars:
AIRFLOW_CTX_DAG_OWNER=airflow
AIRFLOW_CTX_DAG_ID=ingest_data
AIRFLOW_CTX_TASK_ID=save_data_task
AIRFLOW_CTX_EXECUTION_DATE=2022-06-11T21:54:00+00:00
AIRFLOW_CTX_TRY_NUMBER=1
AIRFLOW_CTX_DAG_RUN_ID=scheduled__2022-06-11T21:54:00+00:00
[2022-06-12 16:05:11,169] {python.py:173} INFO - Done. Returned value was: None
[2022-06-12 16:05:11,198] {taskinstance.py:1395} INFO - Marking task as SUCCESS. dag_id=ingest_data, task_id=save_data_task, execution_date=20220611T215400, start_date=20220612T140510, end_date=20220612T140511
[2022-06-12 16:05:11,270] {local_task_job.py:156} INFO - Task exited with return code 0
[2022-06-12 16:05:11,436] {local_task_job.py:273} INFO - 0 downstream tasks scheduled from follow-on schedule check
