[2022-06-12 17:48:29,792] {taskinstance.py:1159} INFO - Dependencies all met for <TaskInstance: ingest_data.get_data_to_ingest_from_local_file_task scheduled__2022-06-12T08:04:00+00:00 [queued]>
[2022-06-12 17:48:29,898] {taskinstance.py:1159} INFO - Dependencies all met for <TaskInstance: ingest_data.get_data_to_ingest_from_local_file_task scheduled__2022-06-12T08:04:00+00:00 [queued]>
[2022-06-12 17:48:29,899] {taskinstance.py:1356} INFO - 
--------------------------------------------------------------------------------
[2022-06-12 17:48:29,900] {taskinstance.py:1357} INFO - Starting attempt 1 of 1
[2022-06-12 17:48:29,901] {taskinstance.py:1358} INFO - 
--------------------------------------------------------------------------------
[2022-06-12 17:48:29,993] {taskinstance.py:1377} INFO - Executing <Task(_PythonDecoratedOperator): get_data_to_ingest_from_local_file_task> on 2022-06-12 08:04:00+00:00
[2022-06-12 17:48:29,999] {standard_task_runner.py:52} INFO - Started process 10923 to run task
[2022-06-12 17:48:30,006] {standard_task_runner.py:79} INFO - Running: ['airflow', 'tasks', 'run', 'ingest_data', 'get_data_to_ingest_from_local_file_task', 'scheduled__2022-06-12T08:04:00+00:00', '--job-id', '1361', '--raw', '--subdir', 'DAGS_FOLDER/ingestion_dag.py', '--cfg-path', '/tmp/tmp04ps09cw', '--error-file', '/tmp/tmp_demr5ik']
[2022-06-12 17:48:30,009] {standard_task_runner.py:80} INFO - Job 1361: Subtask get_data_to_ingest_from_local_file_task
[2022-06-12 17:48:30,271] {task_command.py:370} INFO - Running <TaskInstance: ingest_data.get_data_to_ingest_from_local_file_task scheduled__2022-06-12T08:04:00+00:00 [running]> on host DESKTOP-GDPK8BL.localdomain
[2022-06-12 17:48:30,795] {taskinstance.py:1569} INFO - Exporting the following env vars:
AIRFLOW_CTX_DAG_OWNER=airflow
AIRFLOW_CTX_DAG_ID=ingest_data
AIRFLOW_CTX_TASK_ID=get_data_to_ingest_from_local_file_task
AIRFLOW_CTX_EXECUTION_DATE=2022-06-12T08:04:00+00:00
AIRFLOW_CTX_TRY_NUMBER=1
AIRFLOW_CTX_DAG_RUN_ID=scheduled__2022-06-12T08:04:00+00:00
[2022-06-12 17:48:30,890] {python.py:173} INFO - Done. Returned value was:           AT      V       AP     RH      PE
28968  17.90  67.71  1004.30  89.59  449.73
29958  12.88  40.64  1020.76  92.58  474.58
2594    7.61  44.71  1019.41  70.48  485.36
13688  28.21  70.80  1010.45  77.92  435.99
38985  13.16  43.41  1016.43  79.47  465.60
[2022-06-12 17:48:31,066] {taskinstance.py:1395} INFO - Marking task as SUCCESS. dag_id=ingest_data, task_id=get_data_to_ingest_from_local_file_task, execution_date=20220612T080400, start_date=20220612T154829, end_date=20220612T154831
[2022-06-12 17:48:31,149] {local_task_job.py:156} INFO - Task exited with return code 0
[2022-06-12 17:48:31,376] {local_task_job.py:273} INFO - 1 downstream tasks scheduled from follow-on schedule check
