[2022-06-12 16:52:12,573] {taskinstance.py:1159} INFO - Dependencies all met for <TaskInstance: ingest_data.get_data_to_ingest_from_local_file_task scheduled__2022-06-12T02:25:00+00:00 [queued]>
[2022-06-12 16:52:12,603] {taskinstance.py:1159} INFO - Dependencies all met for <TaskInstance: ingest_data.get_data_to_ingest_from_local_file_task scheduled__2022-06-12T02:25:00+00:00 [queued]>
[2022-06-12 16:52:12,603] {taskinstance.py:1356} INFO - 
--------------------------------------------------------------------------------
[2022-06-12 16:52:12,604] {taskinstance.py:1357} INFO - Starting attempt 1 of 1
[2022-06-12 16:52:12,605] {taskinstance.py:1358} INFO - 
--------------------------------------------------------------------------------
[2022-06-12 16:52:12,676] {taskinstance.py:1377} INFO - Executing <Task(_PythonDecoratedOperator): get_data_to_ingest_from_local_file_task> on 2022-06-12 02:25:00+00:00
[2022-06-12 16:52:12,683] {standard_task_runner.py:52} INFO - Started process 5899 to run task
[2022-06-12 16:52:12,690] {standard_task_runner.py:79} INFO - Running: ['airflow', 'tasks', 'run', 'ingest_data', 'get_data_to_ingest_from_local_file_task', 'scheduled__2022-06-12T02:25:00+00:00', '--job-id', '683', '--raw', '--subdir', 'DAGS_FOLDER/ingestion_dag.py', '--cfg-path', '/tmp/tmphajios0z', '--error-file', '/tmp/tmp7s1fzjy4']
[2022-06-12 16:52:12,692] {standard_task_runner.py:80} INFO - Job 683: Subtask get_data_to_ingest_from_local_file_task
[2022-06-12 16:52:12,856] {task_command.py:370} INFO - Running <TaskInstance: ingest_data.get_data_to_ingest_from_local_file_task scheduled__2022-06-12T02:25:00+00:00 [running]> on host DESKTOP-GDPK8BL.localdomain
[2022-06-12 16:52:13,263] {taskinstance.py:1569} INFO - Exporting the following env vars:
AIRFLOW_CTX_DAG_OWNER=airflow
AIRFLOW_CTX_DAG_ID=ingest_data
AIRFLOW_CTX_TASK_ID=get_data_to_ingest_from_local_file_task
AIRFLOW_CTX_EXECUTION_DATE=2022-06-12T02:25:00+00:00
AIRFLOW_CTX_TRY_NUMBER=1
AIRFLOW_CTX_DAG_RUN_ID=scheduled__2022-06-12T02:25:00+00:00
[2022-06-12 16:52:13,342] {python.py:173} INFO - Done. Returned value was:           AT      V       AP     RH      PE
40296  28.33  78.92  1011.15  70.04  432.67
1992    9.86  38.38  1018.22  85.35  479.56
35533  17.32  42.24  1017.35  62.96  472.33
13119  25.06  44.57  1007.39  56.07  443.66
33883   5.74  37.80  1021.37  74.47  490.81
[2022-06-12 16:52:13,486] {taskinstance.py:1395} INFO - Marking task as SUCCESS. dag_id=ingest_data, task_id=get_data_to_ingest_from_local_file_task, execution_date=20220612T022500, start_date=20220612T145212, end_date=20220612T145213
[2022-06-12 16:52:13,593] {local_task_job.py:156} INFO - Task exited with return code 0
[2022-06-12 16:52:13,837] {local_task_job.py:273} INFO - 1 downstream tasks scheduled from follow-on schedule check
