[2022-06-12 17:50:46,254] {taskinstance.py:1159} INFO - Dependencies all met for <TaskInstance: ingest_data.get_data_to_ingest_from_local_file_task scheduled__2022-06-12T08:18:00+00:00 [queued]>
[2022-06-12 17:50:46,312] {taskinstance.py:1159} INFO - Dependencies all met for <TaskInstance: ingest_data.get_data_to_ingest_from_local_file_task scheduled__2022-06-12T08:18:00+00:00 [queued]>
[2022-06-12 17:50:46,312] {taskinstance.py:1356} INFO - 
--------------------------------------------------------------------------------
[2022-06-12 17:50:46,313] {taskinstance.py:1357} INFO - Starting attempt 1 of 1
[2022-06-12 17:50:46,314] {taskinstance.py:1358} INFO - 
--------------------------------------------------------------------------------
[2022-06-12 17:50:46,373] {taskinstance.py:1377} INFO - Executing <Task(_PythonDecoratedOperator): get_data_to_ingest_from_local_file_task> on 2022-06-12 08:18:00+00:00
[2022-06-12 17:50:46,379] {standard_task_runner.py:52} INFO - Started process 11129 to run task
[2022-06-12 17:50:46,384] {standard_task_runner.py:79} INFO - Running: ['airflow', 'tasks', 'run', 'ingest_data', 'get_data_to_ingest_from_local_file_task', 'scheduled__2022-06-12T08:18:00+00:00', '--job-id', '1389', '--raw', '--subdir', 'DAGS_FOLDER/ingestion_dag.py', '--cfg-path', '/tmp/tmp0ely544o', '--error-file', '/tmp/tmpe3xnbq2p']
[2022-06-12 17:50:46,386] {standard_task_runner.py:80} INFO - Job 1389: Subtask get_data_to_ingest_from_local_file_task
[2022-06-12 17:50:46,515] {task_command.py:370} INFO - Running <TaskInstance: ingest_data.get_data_to_ingest_from_local_file_task scheduled__2022-06-12T08:18:00+00:00 [running]> on host DESKTOP-GDPK8BL.localdomain
[2022-06-12 17:50:47,024] {taskinstance.py:1569} INFO - Exporting the following env vars:
AIRFLOW_CTX_DAG_OWNER=airflow
AIRFLOW_CTX_DAG_ID=ingest_data
AIRFLOW_CTX_TASK_ID=get_data_to_ingest_from_local_file_task
AIRFLOW_CTX_EXECUTION_DATE=2022-06-12T08:18:00+00:00
AIRFLOW_CTX_TRY_NUMBER=1
AIRFLOW_CTX_DAG_RUN_ID=scheduled__2022-06-12T08:18:00+00:00
[2022-06-12 17:50:47,097] {python.py:173} INFO - Done. Returned value was:           AT      V       AP     RH      PE
21178  19.20  54.20  1011.46  84.44  450.75
28272  27.87  70.79  1003.96  72.17  428.41
14693  15.24  44.45  1020.56  66.13  460.94
23055  14.69  53.82  1016.54  63.49  463.52
39974  21.53  58.05  1012.90  87.57  447.93
[2022-06-12 17:50:47,280] {taskinstance.py:1395} INFO - Marking task as SUCCESS. dag_id=ingest_data, task_id=get_data_to_ingest_from_local_file_task, execution_date=20220612T081800, start_date=20220612T155046, end_date=20220612T155047
[2022-06-12 17:50:47,403] {local_task_job.py:156} INFO - Task exited with return code 0
[2022-06-12 17:50:47,626] {local_task_job.py:273} INFO - 1 downstream tasks scheduled from follow-on schedule check
