[2022-06-12 17:15:07,273] {taskinstance.py:1159} INFO - Dependencies all met for <TaskInstance: ingest_data.get_data_to_ingest_from_local_file_task scheduled__2022-06-12T04:35:00+00:00 [queued]>
[2022-06-12 17:15:07,304] {taskinstance.py:1159} INFO - Dependencies all met for <TaskInstance: ingest_data.get_data_to_ingest_from_local_file_task scheduled__2022-06-12T04:35:00+00:00 [queued]>
[2022-06-12 17:15:07,305] {taskinstance.py:1356} INFO - 
--------------------------------------------------------------------------------
[2022-06-12 17:15:07,305] {taskinstance.py:1357} INFO - Starting attempt 1 of 1
[2022-06-12 17:15:07,306] {taskinstance.py:1358} INFO - 
--------------------------------------------------------------------------------
[2022-06-12 17:15:07,361] {taskinstance.py:1377} INFO - Executing <Task(_PythonDecoratedOperator): get_data_to_ingest_from_local_file_task> on 2022-06-12 04:35:00+00:00
[2022-06-12 17:15:07,368] {standard_task_runner.py:52} INFO - Started process 7833 to run task
[2022-06-12 17:15:07,375] {standard_task_runner.py:79} INFO - Running: ['airflow', 'tasks', 'run', 'ingest_data', 'get_data_to_ingest_from_local_file_task', 'scheduled__2022-06-12T04:35:00+00:00', '--job-id', '943', '--raw', '--subdir', 'DAGS_FOLDER/ingestion_dag.py', '--cfg-path', '/tmp/tmpco1r29q3', '--error-file', '/tmp/tmpo3w6sef4']
[2022-06-12 17:15:07,385] {standard_task_runner.py:80} INFO - Job 943: Subtask get_data_to_ingest_from_local_file_task
[2022-06-12 17:15:07,548] {task_command.py:370} INFO - Running <TaskInstance: ingest_data.get_data_to_ingest_from_local_file_task scheduled__2022-06-12T04:35:00+00:00 [running]> on host DESKTOP-GDPK8BL.localdomain
[2022-06-12 17:15:07,961] {taskinstance.py:1569} INFO - Exporting the following env vars:
AIRFLOW_CTX_DAG_OWNER=airflow
AIRFLOW_CTX_DAG_ID=ingest_data
AIRFLOW_CTX_TASK_ID=get_data_to_ingest_from_local_file_task
AIRFLOW_CTX_EXECUTION_DATE=2022-06-12T04:35:00+00:00
AIRFLOW_CTX_TRY_NUMBER=1
AIRFLOW_CTX_DAG_RUN_ID=scheduled__2022-06-12T04:35:00+00:00
[2022-06-12 17:15:08,031] {python.py:173} INFO - Done. Returned value was:           AT      V       AP     RH      PE
10940  15.48  44.99  1011.94  69.95  463.92
22645   8.85  40.22  1008.61  90.60  482.30
41804  20.73  69.94  1009.90  82.12  445.91
26052  10.91  37.92  1008.66  66.53  473.72
26058  25.98  73.18  1012.28  85.78  439.73
[2022-06-12 17:15:08,180] {taskinstance.py:1395} INFO - Marking task as SUCCESS. dag_id=ingest_data, task_id=get_data_to_ingest_from_local_file_task, execution_date=20220612T043500, start_date=20220612T151507, end_date=20220612T151508
[2022-06-12 17:15:08,285] {local_task_job.py:156} INFO - Task exited with return code 0
[2022-06-12 17:15:08,523] {local_task_job.py:273} INFO - 1 downstream tasks scheduled from follow-on schedule check
