[2022-06-12 17:50:37,217] {taskinstance.py:1159} INFO - Dependencies all met for <TaskInstance: ingest_data.get_data_to_ingest_from_local_file_task scheduled__2022-06-12T08:17:00+00:00 [queued]>
[2022-06-12 17:50:37,255] {taskinstance.py:1159} INFO - Dependencies all met for <TaskInstance: ingest_data.get_data_to_ingest_from_local_file_task scheduled__2022-06-12T08:17:00+00:00 [queued]>
[2022-06-12 17:50:37,256] {taskinstance.py:1356} INFO - 
--------------------------------------------------------------------------------
[2022-06-12 17:50:37,257] {taskinstance.py:1357} INFO - Starting attempt 1 of 1
[2022-06-12 17:50:37,257] {taskinstance.py:1358} INFO - 
--------------------------------------------------------------------------------
[2022-06-12 17:50:37,356] {taskinstance.py:1377} INFO - Executing <Task(_PythonDecoratedOperator): get_data_to_ingest_from_local_file_task> on 2022-06-12 08:17:00+00:00
[2022-06-12 17:50:37,361] {standard_task_runner.py:52} INFO - Started process 11115 to run task
[2022-06-12 17:50:37,368] {standard_task_runner.py:79} INFO - Running: ['airflow', 'tasks', 'run', 'ingest_data', 'get_data_to_ingest_from_local_file_task', 'scheduled__2022-06-12T08:17:00+00:00', '--job-id', '1387', '--raw', '--subdir', 'DAGS_FOLDER/ingestion_dag.py', '--cfg-path', '/tmp/tmpplsxpdx7', '--error-file', '/tmp/tmpyo228ylk']
[2022-06-12 17:50:37,369] {standard_task_runner.py:80} INFO - Job 1387: Subtask get_data_to_ingest_from_local_file_task
[2022-06-12 17:50:37,506] {task_command.py:370} INFO - Running <TaskInstance: ingest_data.get_data_to_ingest_from_local_file_task scheduled__2022-06-12T08:17:00+00:00 [running]> on host DESKTOP-GDPK8BL.localdomain
[2022-06-12 17:50:37,981] {taskinstance.py:1569} INFO - Exporting the following env vars:
AIRFLOW_CTX_DAG_OWNER=airflow
AIRFLOW_CTX_DAG_ID=ingest_data
AIRFLOW_CTX_TASK_ID=get_data_to_ingest_from_local_file_task
AIRFLOW_CTX_EXECUTION_DATE=2022-06-12T08:17:00+00:00
AIRFLOW_CTX_TRY_NUMBER=1
AIRFLOW_CTX_DAG_RUN_ID=scheduled__2022-06-12T08:17:00+00:00
[2022-06-12 17:50:38,051] {python.py:173} INFO - Done. Returned value was:           AT      V       AP     RH      PE
28099  24.10  52.84  1006.47  47.58  444.69
46952   9.96  41.26  1022.90  83.83  475.21
21447  23.18  59.04  1011.44  79.28  443.12
31368  11.46  44.85  1014.30  63.24  475.33
31636  30.51  59.57  1011.08  61.94  436.92
[2022-06-12 17:50:38,192] {taskinstance.py:1395} INFO - Marking task as SUCCESS. dag_id=ingest_data, task_id=get_data_to_ingest_from_local_file_task, execution_date=20220612T081700, start_date=20220612T155037, end_date=20220612T155038
[2022-06-12 17:50:38,265] {local_task_job.py:156} INFO - Task exited with return code 0
[2022-06-12 17:50:38,513] {local_task_job.py:273} INFO - 1 downstream tasks scheduled from follow-on schedule check
