[2022-06-12 17:33:21,704] {taskinstance.py:1159} INFO - Dependencies all met for <TaskInstance: ingest_data.get_data_to_ingest_from_local_file_task scheduled__2022-06-12T06:27:00+00:00 [queued]>
[2022-06-12 17:33:21,741] {taskinstance.py:1159} INFO - Dependencies all met for <TaskInstance: ingest_data.get_data_to_ingest_from_local_file_task scheduled__2022-06-12T06:27:00+00:00 [queued]>
[2022-06-12 17:33:21,741] {taskinstance.py:1356} INFO - 
--------------------------------------------------------------------------------
[2022-06-12 17:33:21,742] {taskinstance.py:1357} INFO - Starting attempt 1 of 1
[2022-06-12 17:33:21,742] {taskinstance.py:1358} INFO - 
--------------------------------------------------------------------------------
[2022-06-12 17:33:21,805] {taskinstance.py:1377} INFO - Executing <Task(_PythonDecoratedOperator): get_data_to_ingest_from_local_file_task> on 2022-06-12 06:27:00+00:00
[2022-06-12 17:33:21,819] {standard_task_runner.py:79} INFO - Running: ['airflow', 'tasks', 'run', 'ingest_data', 'get_data_to_ingest_from_local_file_task', 'scheduled__2022-06-12T06:27:00+00:00', '--job-id', '1168', '--raw', '--subdir', 'DAGS_FOLDER/ingestion_dag.py', '--cfg-path', '/tmp/tmp4kampn1c', '--error-file', '/tmp/tmp083o761k']
[2022-06-12 17:33:21,821] {standard_task_runner.py:80} INFO - Job 1168: Subtask get_data_to_ingest_from_local_file_task
[2022-06-12 17:33:21,812] {standard_task_runner.py:52} INFO - Started process 9498 to run task
[2022-06-12 17:33:21,975] {task_command.py:370} INFO - Running <TaskInstance: ingest_data.get_data_to_ingest_from_local_file_task scheduled__2022-06-12T06:27:00+00:00 [running]> on host DESKTOP-GDPK8BL.localdomain
[2022-06-12 17:33:22,455] {taskinstance.py:1569} INFO - Exporting the following env vars:
AIRFLOW_CTX_DAG_OWNER=airflow
AIRFLOW_CTX_DAG_ID=ingest_data
AIRFLOW_CTX_TASK_ID=get_data_to_ingest_from_local_file_task
AIRFLOW_CTX_EXECUTION_DATE=2022-06-12T06:27:00+00:00
AIRFLOW_CTX_TRY_NUMBER=1
AIRFLOW_CTX_DAG_RUN_ID=scheduled__2022-06-12T06:27:00+00:00
[2022-06-12 17:33:22,532] {python.py:173} INFO - Done. Returned value was:           AT      V       AP     RH      PE
28377   9.39  41.79  1021.60  50.09  473.73
36735   9.88  40.00  1021.40  92.06  481.58
20490   7.99  41.38  1021.95  78.77  487.57
27251  16.71  46.18  1012.06  96.60  458.40
10486  25.30  71.29  1007.86  62.98  437.17
[2022-06-12 17:33:22,688] {taskinstance.py:1395} INFO - Marking task as SUCCESS. dag_id=ingest_data, task_id=get_data_to_ingest_from_local_file_task, execution_date=20220612T062700, start_date=20220612T153321, end_date=20220612T153322
[2022-06-12 17:33:22,764] {local_task_job.py:156} INFO - Task exited with return code 0
[2022-06-12 17:33:22,988] {local_task_job.py:273} INFO - 1 downstream tasks scheduled from follow-on schedule check
