[2022-06-12 16:45:35,473] {taskinstance.py:1159} INFO - Dependencies all met for <TaskInstance: ingest_data.get_data_to_ingest_from_local_file_task scheduled__2022-06-12T01:47:00+00:00 [queued]>
[2022-06-12 16:45:35,501] {taskinstance.py:1159} INFO - Dependencies all met for <TaskInstance: ingest_data.get_data_to_ingest_from_local_file_task scheduled__2022-06-12T01:47:00+00:00 [queued]>
[2022-06-12 16:45:35,502] {taskinstance.py:1356} INFO - 
--------------------------------------------------------------------------------
[2022-06-12 16:45:35,502] {taskinstance.py:1357} INFO - Starting attempt 1 of 1
[2022-06-12 16:45:35,503] {taskinstance.py:1358} INFO - 
--------------------------------------------------------------------------------
[2022-06-12 16:45:35,560] {taskinstance.py:1377} INFO - Executing <Task(_PythonDecoratedOperator): get_data_to_ingest_from_local_file_task> on 2022-06-12 01:47:00+00:00
[2022-06-12 16:45:35,567] {standard_task_runner.py:52} INFO - Started process 5336 to run task
[2022-06-12 16:45:35,573] {standard_task_runner.py:79} INFO - Running: ['airflow', 'tasks', 'run', 'ingest_data', 'get_data_to_ingest_from_local_file_task', 'scheduled__2022-06-12T01:47:00+00:00', '--job-id', '607', '--raw', '--subdir', 'DAGS_FOLDER/ingestion_dag.py', '--cfg-path', '/tmp/tmp8cokzvwb', '--error-file', '/tmp/tmpgaphw0vl']
[2022-06-12 16:45:35,575] {standard_task_runner.py:80} INFO - Job 607: Subtask get_data_to_ingest_from_local_file_task
[2022-06-12 16:45:35,728] {task_command.py:370} INFO - Running <TaskInstance: ingest_data.get_data_to_ingest_from_local_file_task scheduled__2022-06-12T01:47:00+00:00 [running]> on host DESKTOP-GDPK8BL.localdomain
[2022-06-12 16:45:36,139] {taskinstance.py:1569} INFO - Exporting the following env vars:
AIRFLOW_CTX_DAG_OWNER=airflow
AIRFLOW_CTX_DAG_ID=ingest_data
AIRFLOW_CTX_TASK_ID=get_data_to_ingest_from_local_file_task
AIRFLOW_CTX_EXECUTION_DATE=2022-06-12T01:47:00+00:00
AIRFLOW_CTX_TRY_NUMBER=1
AIRFLOW_CTX_DAG_RUN_ID=scheduled__2022-06-12T01:47:00+00:00
[2022-06-12 16:45:36,223] {python.py:173} INFO - Done. Returned value was:           AT      V       AP     RH      PE
8966   24.12  62.44  1013.83  88.02  443.30
45745  10.42  39.96  1025.21  95.69  470.81
36966  17.74  58.33  1013.55  81.80  446.01
40278  12.18  40.10  1016.67  91.87  471.49
46706  27.98  58.33  1013.92  54.25  437.76
[2022-06-12 16:45:36,368] {taskinstance.py:1395} INFO - Marking task as SUCCESS. dag_id=ingest_data, task_id=get_data_to_ingest_from_local_file_task, execution_date=20220612T014700, start_date=20220612T144535, end_date=20220612T144536
[2022-06-12 16:45:36,472] {local_task_job.py:156} INFO - Task exited with return code 0
[2022-06-12 16:45:36,687] {local_task_job.py:273} INFO - 1 downstream tasks scheduled from follow-on schedule check
