[2022-06-12 17:07:01,796] {taskinstance.py:1159} INFO - Dependencies all met for <TaskInstance: ingest_data.get_data_to_ingest_from_local_file_task scheduled__2022-06-12T03:48:00+00:00 [queued]>
[2022-06-12 17:07:01,825] {taskinstance.py:1159} INFO - Dependencies all met for <TaskInstance: ingest_data.get_data_to_ingest_from_local_file_task scheduled__2022-06-12T03:48:00+00:00 [queued]>
[2022-06-12 17:07:01,826] {taskinstance.py:1356} INFO - 
--------------------------------------------------------------------------------
[2022-06-12 17:07:01,826] {taskinstance.py:1357} INFO - Starting attempt 1 of 1
[2022-06-12 17:07:01,827] {taskinstance.py:1358} INFO - 
--------------------------------------------------------------------------------
[2022-06-12 17:07:01,882] {taskinstance.py:1377} INFO - Executing <Task(_PythonDecoratedOperator): get_data_to_ingest_from_local_file_task> on 2022-06-12 03:48:00+00:00
[2022-06-12 17:07:01,889] {standard_task_runner.py:52} INFO - Started process 7140 to run task
[2022-06-12 17:07:01,895] {standard_task_runner.py:79} INFO - Running: ['airflow', 'tasks', 'run', 'ingest_data', 'get_data_to_ingest_from_local_file_task', 'scheduled__2022-06-12T03:48:00+00:00', '--job-id', '850', '--raw', '--subdir', 'DAGS_FOLDER/ingestion_dag.py', '--cfg-path', '/tmp/tmpg5m_tpf2', '--error-file', '/tmp/tmpakqilonc']
[2022-06-12 17:07:01,902] {standard_task_runner.py:80} INFO - Job 850: Subtask get_data_to_ingest_from_local_file_task
[2022-06-12 17:07:02,080] {task_command.py:370} INFO - Running <TaskInstance: ingest_data.get_data_to_ingest_from_local_file_task scheduled__2022-06-12T03:48:00+00:00 [running]> on host DESKTOP-GDPK8BL.localdomain
[2022-06-12 17:07:02,657] {taskinstance.py:1569} INFO - Exporting the following env vars:
AIRFLOW_CTX_DAG_OWNER=airflow
AIRFLOW_CTX_DAG_ID=ingest_data
AIRFLOW_CTX_TASK_ID=get_data_to_ingest_from_local_file_task
AIRFLOW_CTX_EXECUTION_DATE=2022-06-12T03:48:00+00:00
AIRFLOW_CTX_TRY_NUMBER=1
AIRFLOW_CTX_DAG_RUN_ID=scheduled__2022-06-12T03:48:00+00:00
[2022-06-12 17:07:02,738] {python.py:173} INFO - Done. Returned value was:           AT      V       AP     RH      PE
19848   9.45  41.40  1027.06  87.35  479.00
1437    5.41  45.87  1008.47  97.51  479.48
34919  22.87  71.29  1008.10  73.10  442.27
21862  21.04  50.32  1008.41  90.19  446.33
22373  17.10  48.98  1016.48  85.63  454.43
[2022-06-12 17:07:02,909] {taskinstance.py:1395} INFO - Marking task as SUCCESS. dag_id=ingest_data, task_id=get_data_to_ingest_from_local_file_task, execution_date=20220612T034800, start_date=20220612T150701, end_date=20220612T150702
[2022-06-12 17:07:03,003] {local_task_job.py:156} INFO - Task exited with return code 0
[2022-06-12 17:07:03,251] {local_task_job.py:273} INFO - 1 downstream tasks scheduled from follow-on schedule check
