[2022-06-12 19:44:13,617] {taskinstance.py:1159} INFO - Dependencies all met for <TaskInstance: ingest_data.get_data_to_ingest_from_local_file_task scheduled__2022-06-12T08:41:00+00:00 [queued]>
[2022-06-12 19:44:13,649] {taskinstance.py:1159} INFO - Dependencies all met for <TaskInstance: ingest_data.get_data_to_ingest_from_local_file_task scheduled__2022-06-12T08:41:00+00:00 [queued]>
[2022-06-12 19:44:13,650] {taskinstance.py:1356} INFO - 
--------------------------------------------------------------------------------
[2022-06-12 19:44:13,650] {taskinstance.py:1357} INFO - Starting attempt 1 of 1
[2022-06-12 19:44:13,651] {taskinstance.py:1358} INFO - 
--------------------------------------------------------------------------------
[2022-06-12 19:44:13,705] {taskinstance.py:1377} INFO - Executing <Task(_PythonDecoratedOperator): get_data_to_ingest_from_local_file_task> on 2022-06-12 08:41:00+00:00
[2022-06-12 19:44:13,711] {standard_task_runner.py:52} INFO - Started process 11481 to run task
[2022-06-12 19:44:13,715] {standard_task_runner.py:79} INFO - Running: ['airflow', 'tasks', 'run', 'ingest_data', 'get_data_to_ingest_from_local_file_task', 'scheduled__2022-06-12T08:41:00+00:00', '--job-id', '1436', '--raw', '--subdir', 'DAGS_FOLDER/ingestion_dag.py', '--cfg-path', '/tmp/tmpxleod29_', '--error-file', '/tmp/tmp5n_ww90_']
[2022-06-12 19:44:13,717] {standard_task_runner.py:80} INFO - Job 1436: Subtask get_data_to_ingest_from_local_file_task
[2022-06-12 19:44:13,870] {task_command.py:370} INFO - Running <TaskInstance: ingest_data.get_data_to_ingest_from_local_file_task scheduled__2022-06-12T08:41:00+00:00 [running]> on host DESKTOP-GDPK8BL.localdomain
[2022-06-12 19:44:14,321] {taskinstance.py:1569} INFO - Exporting the following env vars:
AIRFLOW_CTX_DAG_OWNER=airflow
AIRFLOW_CTX_DAG_ID=ingest_data
AIRFLOW_CTX_TASK_ID=get_data_to_ingest_from_local_file_task
AIRFLOW_CTX_EXECUTION_DATE=2022-06-12T08:41:00+00:00
AIRFLOW_CTX_TRY_NUMBER=1
AIRFLOW_CTX_DAG_RUN_ID=scheduled__2022-06-12T08:41:00+00:00
[2022-06-12 19:44:14,389] {python.py:173} INFO - Done. Returned value was:           AT      V       AP     RH      PE
22733  10.41  44.68  1023.53  91.38  474.70
360    10.71  39.61  1018.72  73.66  473.77
2083    5.47  38.68  1017.33  72.71  485.70
14320   6.61  36.24  1013.57  91.80  483.12
33832  18.90  47.83  1005.31  77.79  455.94
[2022-06-12 19:44:14,559] {taskinstance.py:1395} INFO - Marking task as SUCCESS. dag_id=ingest_data, task_id=get_data_to_ingest_from_local_file_task, execution_date=20220612T084100, start_date=20220612T174413, end_date=20220612T174414
[2022-06-12 19:44:14,653] {local_task_job.py:156} INFO - Task exited with return code 0
[2022-06-12 19:44:14,883] {local_task_job.py:273} INFO - 1 downstream tasks scheduled from follow-on schedule check
