[2022-06-12 17:39:03,875] {taskinstance.py:1159} INFO - Dependencies all met for <TaskInstance: ingest_data.save_data_task scheduled__2022-06-12T07:03:00+00:00 [queued]>
[2022-06-12 17:39:03,916] {taskinstance.py:1159} INFO - Dependencies all met for <TaskInstance: ingest_data.save_data_task scheduled__2022-06-12T07:03:00+00:00 [queued]>
[2022-06-12 17:39:03,917] {taskinstance.py:1356} INFO - 
--------------------------------------------------------------------------------
[2022-06-12 17:39:03,918] {taskinstance.py:1357} INFO - Starting attempt 1 of 1
[2022-06-12 17:39:03,919] {taskinstance.py:1358} INFO - 
--------------------------------------------------------------------------------
[2022-06-12 17:39:03,997] {taskinstance.py:1377} INFO - Executing <Task(_PythonDecoratedOperator): save_data_task> on 2022-06-12 07:03:00+00:00
[2022-06-12 17:39:04,010] {standard_task_runner.py:79} INFO - Running: ['airflow', 'tasks', 'run', 'ingest_data', 'save_data_task', 'scheduled__2022-06-12T07:03:00+00:00', '--job-id', '1242', '--raw', '--subdir', 'DAGS_FOLDER/ingestion_dag.py', '--cfg-path', '/tmp/tmp_ag873tg', '--error-file', '/tmp/tmpdowwtm9p']
[2022-06-12 17:39:04,012] {standard_task_runner.py:80} INFO - Job 1242: Subtask save_data_task
[2022-06-12 17:39:04,004] {standard_task_runner.py:52} INFO - Started process 10043 to run task
[2022-06-12 17:39:04,167] {task_command.py:370} INFO - Running <TaskInstance: ingest_data.save_data_task scheduled__2022-06-12T07:03:00+00:00 [running]> on host DESKTOP-GDPK8BL.localdomain
[2022-06-12 17:39:04,762] {taskinstance.py:1569} INFO - Exporting the following env vars:
AIRFLOW_CTX_DAG_OWNER=airflow
AIRFLOW_CTX_DAG_ID=ingest_data
AIRFLOW_CTX_TASK_ID=save_data_task
AIRFLOW_CTX_EXECUTION_DATE=2022-06-12T07:03:00+00:00
AIRFLOW_CTX_TRY_NUMBER=1
AIRFLOW_CTX_DAG_RUN_ID=scheduled__2022-06-12T07:03:00+00:00
[2022-06-12 17:39:04,777] {python.py:173} INFO - Done. Returned value was: None
[2022-06-12 17:39:04,805] {taskinstance.py:1395} INFO - Marking task as SUCCESS. dag_id=ingest_data, task_id=save_data_task, execution_date=20220612T070300, start_date=20220612T153903, end_date=20220612T153904
[2022-06-12 17:39:04,875] {local_task_job.py:156} INFO - Task exited with return code 0
[2022-06-12 17:39:05,056] {local_task_job.py:273} INFO - 0 downstream tasks scheduled from follow-on schedule check
