[2022-06-12 16:16:30,447] {taskinstance.py:1159} INFO - Dependencies all met for <TaskInstance: ingest_data.get_data_to_ingest_from_local_file_task scheduled__2022-06-11T22:59:00+00:00 [queued]>
[2022-06-12 16:16:30,477] {taskinstance.py:1159} INFO - Dependencies all met for <TaskInstance: ingest_data.get_data_to_ingest_from_local_file_task scheduled__2022-06-11T22:59:00+00:00 [queued]>
[2022-06-12 16:16:30,478] {taskinstance.py:1356} INFO - 
--------------------------------------------------------------------------------
[2022-06-12 16:16:30,479] {taskinstance.py:1357} INFO - Starting attempt 1 of 1
[2022-06-12 16:16:30,480] {taskinstance.py:1358} INFO - 
--------------------------------------------------------------------------------
[2022-06-12 16:16:30,548] {taskinstance.py:1377} INFO - Executing <Task(_PythonDecoratedOperator): get_data_to_ingest_from_local_file_task> on 2022-06-11 22:59:00+00:00
[2022-06-12 16:16:30,555] {standard_task_runner.py:52} INFO - Started process 2767 to run task
[2022-06-12 16:16:30,561] {standard_task_runner.py:79} INFO - Running: ['airflow', 'tasks', 'run', 'ingest_data', 'get_data_to_ingest_from_local_file_task', 'scheduled__2022-06-11T22:59:00+00:00', '--job-id', '272', '--raw', '--subdir', 'DAGS_FOLDER/ingestion_dag.py', '--cfg-path', '/tmp/tmpzkje4hr8', '--error-file', '/tmp/tmpz48q8ar3']
[2022-06-12 16:16:30,562] {standard_task_runner.py:80} INFO - Job 272: Subtask get_data_to_ingest_from_local_file_task
[2022-06-12 16:16:30,722] {task_command.py:370} INFO - Running <TaskInstance: ingest_data.get_data_to_ingest_from_local_file_task scheduled__2022-06-11T22:59:00+00:00 [running]> on host DESKTOP-GDPK8BL.localdomain
[2022-06-12 16:16:31,090] {taskinstance.py:1569} INFO - Exporting the following env vars:
AIRFLOW_CTX_DAG_OWNER=airflow
AIRFLOW_CTX_DAG_ID=ingest_data
AIRFLOW_CTX_TASK_ID=get_data_to_ingest_from_local_file_task
AIRFLOW_CTX_EXECUTION_DATE=2022-06-11T22:59:00+00:00
AIRFLOW_CTX_TRY_NUMBER=1
AIRFLOW_CTX_DAG_RUN_ID=scheduled__2022-06-11T22:59:00+00:00
[2022-06-12 16:16:31,162] {python.py:173} INFO - Done. Returned value was:           AT      V       AP     RH      PE
18795  31.93  72.58  1006.90  56.27  425.14
35346   5.81  35.79  1012.14  92.28  484.41
34497  21.38  58.33  1013.05  72.75  446.80
33791  15.67  48.78  1013.76  88.92  462.96
33771  19.84  56.89  1013.23  78.32  447.92
[2022-06-12 16:16:31,289] {taskinstance.py:1395} INFO - Marking task as SUCCESS. dag_id=ingest_data, task_id=get_data_to_ingest_from_local_file_task, execution_date=20220611T225900, start_date=20220612T141630, end_date=20220612T141631
[2022-06-12 16:16:31,378] {local_task_job.py:156} INFO - Task exited with return code 0
[2022-06-12 16:16:31,592] {local_task_job.py:273} INFO - 1 downstream tasks scheduled from follow-on schedule check
