[2022-06-12 16:49:39,102] {taskinstance.py:1159} INFO - Dependencies all met for <TaskInstance: ingest_data.get_data_to_ingest_from_local_file_task scheduled__2022-06-12T02:11:00+00:00 [queued]>
[2022-06-12 16:49:39,133] {taskinstance.py:1159} INFO - Dependencies all met for <TaskInstance: ingest_data.get_data_to_ingest_from_local_file_task scheduled__2022-06-12T02:11:00+00:00 [queued]>
[2022-06-12 16:49:39,133] {taskinstance.py:1356} INFO - 
--------------------------------------------------------------------------------
[2022-06-12 16:49:39,134] {taskinstance.py:1357} INFO - Starting attempt 1 of 1
[2022-06-12 16:49:39,134] {taskinstance.py:1358} INFO - 
--------------------------------------------------------------------------------
[2022-06-12 16:49:39,204] {taskinstance.py:1377} INFO - Executing <Task(_PythonDecoratedOperator): get_data_to_ingest_from_local_file_task> on 2022-06-12 02:11:00+00:00
[2022-06-12 16:49:39,218] {standard_task_runner.py:79} INFO - Running: ['airflow', 'tasks', 'run', 'ingest_data', 'get_data_to_ingest_from_local_file_task', 'scheduled__2022-06-12T02:11:00+00:00', '--job-id', '655', '--raw', '--subdir', 'DAGS_FOLDER/ingestion_dag.py', '--cfg-path', '/tmp/tmp_wn_iudh', '--error-file', '/tmp/tmp1mdvlwmn']
[2022-06-12 16:49:39,211] {standard_task_runner.py:52} INFO - Started process 5691 to run task
[2022-06-12 16:49:39,219] {standard_task_runner.py:80} INFO - Job 655: Subtask get_data_to_ingest_from_local_file_task
[2022-06-12 16:49:39,363] {task_command.py:370} INFO - Running <TaskInstance: ingest_data.get_data_to_ingest_from_local_file_task scheduled__2022-06-12T02:11:00+00:00 [running]> on host DESKTOP-GDPK8BL.localdomain
[2022-06-12 16:49:39,785] {taskinstance.py:1569} INFO - Exporting the following env vars:
AIRFLOW_CTX_DAG_OWNER=airflow
AIRFLOW_CTX_DAG_ID=ingest_data
AIRFLOW_CTX_TASK_ID=get_data_to_ingest_from_local_file_task
AIRFLOW_CTX_EXECUTION_DATE=2022-06-12T02:11:00+00:00
AIRFLOW_CTX_TRY_NUMBER=1
AIRFLOW_CTX_DAG_RUN_ID=scheduled__2022-06-12T02:11:00+00:00
[2022-06-12 16:49:39,857] {python.py:173} INFO - Done. Returned value was:           AT      V       AP     RH      PE
43195  25.09  57.43  1013.20  70.42  446.11
2104   32.36  73.91  1003.88  59.84  431.92
42107  15.67  48.78  1013.76  88.92  462.96
9135   11.37  40.56  1017.56  64.80  478.88
28482  27.20  59.74  1011.99  56.74  440.13
[2022-06-12 16:49:40,004] {taskinstance.py:1395} INFO - Marking task as SUCCESS. dag_id=ingest_data, task_id=get_data_to_ingest_from_local_file_task, execution_date=20220612T021100, start_date=20220612T144939, end_date=20220612T144940
[2022-06-12 16:49:40,119] {local_task_job.py:156} INFO - Task exited with return code 0
[2022-06-12 16:49:40,355] {local_task_job.py:273} INFO - 1 downstream tasks scheduled from follow-on schedule check
