[2022-06-12 16:49:30,242] {taskinstance.py:1159} INFO - Dependencies all met for <TaskInstance: ingest_data.get_data_to_ingest_from_local_file_task scheduled__2022-06-12T02:10:00+00:00 [queued]>
[2022-06-12 16:49:30,276] {taskinstance.py:1159} INFO - Dependencies all met for <TaskInstance: ingest_data.get_data_to_ingest_from_local_file_task scheduled__2022-06-12T02:10:00+00:00 [queued]>
[2022-06-12 16:49:30,277] {taskinstance.py:1356} INFO - 
--------------------------------------------------------------------------------
[2022-06-12 16:49:30,278] {taskinstance.py:1357} INFO - Starting attempt 1 of 1
[2022-06-12 16:49:30,279] {taskinstance.py:1358} INFO - 
--------------------------------------------------------------------------------
[2022-06-12 16:49:30,356] {taskinstance.py:1377} INFO - Executing <Task(_PythonDecoratedOperator): get_data_to_ingest_from_local_file_task> on 2022-06-12 02:10:00+00:00
[2022-06-12 16:49:30,362] {standard_task_runner.py:52} INFO - Started process 5677 to run task
[2022-06-12 16:49:30,368] {standard_task_runner.py:79} INFO - Running: ['airflow', 'tasks', 'run', 'ingest_data', 'get_data_to_ingest_from_local_file_task', 'scheduled__2022-06-12T02:10:00+00:00', '--job-id', '653', '--raw', '--subdir', 'DAGS_FOLDER/ingestion_dag.py', '--cfg-path', '/tmp/tmppx6z2_d1', '--error-file', '/tmp/tmpgx5h4qj0']
[2022-06-12 16:49:30,371] {standard_task_runner.py:80} INFO - Job 653: Subtask get_data_to_ingest_from_local_file_task
[2022-06-12 16:49:30,513] {task_command.py:370} INFO - Running <TaskInstance: ingest_data.get_data_to_ingest_from_local_file_task scheduled__2022-06-12T02:10:00+00:00 [running]> on host DESKTOP-GDPK8BL.localdomain
[2022-06-12 16:49:30,910] {taskinstance.py:1569} INFO - Exporting the following env vars:
AIRFLOW_CTX_DAG_OWNER=airflow
AIRFLOW_CTX_DAG_ID=ingest_data
AIRFLOW_CTX_TASK_ID=get_data_to_ingest_from_local_file_task
AIRFLOW_CTX_EXECUTION_DATE=2022-06-12T02:10:00+00:00
AIRFLOW_CTX_TRY_NUMBER=1
AIRFLOW_CTX_DAG_RUN_ID=scheduled__2022-06-12T02:10:00+00:00
[2022-06-12 16:49:30,980] {python.py:173} INFO - Done. Returned value was:           AT      V       AP     RH      PE
11716  23.38  48.78  1019.03  78.69  446.18
47823  23.66  61.86  1013.33  83.09  444.27
31130  16.22  41.35  1000.96  79.59  462.21
26454  11.52  40.03  1017.56  87.87  472.31
29949  14.24  44.84  1023.60  94.06  466.67
[2022-06-12 16:49:31,125] {taskinstance.py:1395} INFO - Marking task as SUCCESS. dag_id=ingest_data, task_id=get_data_to_ingest_from_local_file_task, execution_date=20220612T021000, start_date=20220612T144930, end_date=20220612T144931
[2022-06-12 16:49:31,226] {local_task_job.py:156} INFO - Task exited with return code 0
[2022-06-12 16:49:31,458] {local_task_job.py:273} INFO - 1 downstream tasks scheduled from follow-on schedule check
