[2022-06-12 16:55:01,781] {taskinstance.py:1159} INFO - Dependencies all met for <TaskInstance: ingest_data.get_data_to_ingest_from_local_file_task scheduled__2022-06-12T02:42:00+00:00 [queued]>
[2022-06-12 16:55:01,808] {taskinstance.py:1159} INFO - Dependencies all met for <TaskInstance: ingest_data.get_data_to_ingest_from_local_file_task scheduled__2022-06-12T02:42:00+00:00 [queued]>
[2022-06-12 16:55:01,808] {taskinstance.py:1356} INFO - 
--------------------------------------------------------------------------------
[2022-06-12 16:55:01,809] {taskinstance.py:1357} INFO - Starting attempt 1 of 1
[2022-06-12 16:55:01,809] {taskinstance.py:1358} INFO - 
--------------------------------------------------------------------------------
[2022-06-12 16:55:01,864] {taskinstance.py:1377} INFO - Executing <Task(_PythonDecoratedOperator): get_data_to_ingest_from_local_file_task> on 2022-06-12 02:42:00+00:00
[2022-06-12 16:55:01,870] {standard_task_runner.py:52} INFO - Started process 6151 to run task
[2022-06-12 16:55:01,876] {standard_task_runner.py:79} INFO - Running: ['airflow', 'tasks', 'run', 'ingest_data', 'get_data_to_ingest_from_local_file_task', 'scheduled__2022-06-12T02:42:00+00:00', '--job-id', '717', '--raw', '--subdir', 'DAGS_FOLDER/ingestion_dag.py', '--cfg-path', '/tmp/tmp3fx2jvt9', '--error-file', '/tmp/tmpi2ju5d39']
[2022-06-12 16:55:01,880] {standard_task_runner.py:80} INFO - Job 717: Subtask get_data_to_ingest_from_local_file_task
[2022-06-12 16:55:02,028] {task_command.py:370} INFO - Running <TaskInstance: ingest_data.get_data_to_ingest_from_local_file_task scheduled__2022-06-12T02:42:00+00:00 [running]> on host DESKTOP-GDPK8BL.localdomain
[2022-06-12 16:55:02,395] {taskinstance.py:1569} INFO - Exporting the following env vars:
AIRFLOW_CTX_DAG_OWNER=airflow
AIRFLOW_CTX_DAG_ID=ingest_data
AIRFLOW_CTX_TASK_ID=get_data_to_ingest_from_local_file_task
AIRFLOW_CTX_EXECUTION_DATE=2022-06-12T02:42:00+00:00
AIRFLOW_CTX_TRY_NUMBER=1
AIRFLOW_CTX_DAG_RUN_ID=scheduled__2022-06-12T02:42:00+00:00
[2022-06-12 16:55:02,475] {python.py:173} INFO - Done. Returned value was:           AT      V       AP     RH      PE
41117   9.44  41.79  1020.16  72.26  474.03
579    13.06  41.78  1012.30  55.31  467.67
36695  11.85  42.07  1017.92  93.45  467.25
6870   32.06  69.88  1006.88  63.53  432.47
454    25.60  63.76  1010.18  67.43  435.75
[2022-06-12 16:55:02,616] {taskinstance.py:1395} INFO - Marking task as SUCCESS. dag_id=ingest_data, task_id=get_data_to_ingest_from_local_file_task, execution_date=20220612T024200, start_date=20220612T145501, end_date=20220612T145502
[2022-06-12 16:55:02,698] {local_task_job.py:156} INFO - Task exited with return code 0
[2022-06-12 16:55:02,908] {local_task_job.py:273} INFO - 1 downstream tasks scheduled from follow-on schedule check
