[2022-06-12 16:44:23,642] {taskinstance.py:1159} INFO - Dependencies all met for <TaskInstance: ingest_data.get_data_to_ingest_from_local_file_task scheduled__2022-06-12T01:40:00+00:00 [queued]>
[2022-06-12 16:44:23,674] {taskinstance.py:1159} INFO - Dependencies all met for <TaskInstance: ingest_data.get_data_to_ingest_from_local_file_task scheduled__2022-06-12T01:40:00+00:00 [queued]>
[2022-06-12 16:44:23,675] {taskinstance.py:1356} INFO - 
--------------------------------------------------------------------------------
[2022-06-12 16:44:23,676] {taskinstance.py:1357} INFO - Starting attempt 1 of 1
[2022-06-12 16:44:23,676] {taskinstance.py:1358} INFO - 
--------------------------------------------------------------------------------
[2022-06-12 16:44:23,739] {taskinstance.py:1377} INFO - Executing <Task(_PythonDecoratedOperator): get_data_to_ingest_from_local_file_task> on 2022-06-12 01:40:00+00:00
[2022-06-12 16:44:23,745] {standard_task_runner.py:52} INFO - Started process 5232 to run task
[2022-06-12 16:44:23,751] {standard_task_runner.py:79} INFO - Running: ['airflow', 'tasks', 'run', 'ingest_data', 'get_data_to_ingest_from_local_file_task', 'scheduled__2022-06-12T01:40:00+00:00', '--job-id', '593', '--raw', '--subdir', 'DAGS_FOLDER/ingestion_dag.py', '--cfg-path', '/tmp/tmp0lxspzhe', '--error-file', '/tmp/tmp1guvhzui']
[2022-06-12 16:44:23,753] {standard_task_runner.py:80} INFO - Job 593: Subtask get_data_to_ingest_from_local_file_task
[2022-06-12 16:44:23,901] {task_command.py:370} INFO - Running <TaskInstance: ingest_data.get_data_to_ingest_from_local_file_task scheduled__2022-06-12T01:40:00+00:00 [running]> on host DESKTOP-GDPK8BL.localdomain
[2022-06-12 16:44:24,376] {taskinstance.py:1569} INFO - Exporting the following env vars:
AIRFLOW_CTX_DAG_OWNER=airflow
AIRFLOW_CTX_DAG_ID=ingest_data
AIRFLOW_CTX_TASK_ID=get_data_to_ingest_from_local_file_task
AIRFLOW_CTX_EXECUTION_DATE=2022-06-12T01:40:00+00:00
AIRFLOW_CTX_TRY_NUMBER=1
AIRFLOW_CTX_DAG_RUN_ID=scheduled__2022-06-12T01:40:00+00:00
[2022-06-12 16:44:24,461] {python.py:173} INFO - Done. Returned value was:           AT      V       AP     RH      PE
44003  20.99  50.12  1008.82  95.97  448.07
29620  25.65  43.77  1011.65  46.18  444.01
13559  11.55  40.60  1014.44  87.06  475.14
30091  13.30  50.59  1019.38  92.96  469.13
30015  30.80  69.14  1007.68  63.78  433.62
[2022-06-12 16:44:24,591] {taskinstance.py:1395} INFO - Marking task as SUCCESS. dag_id=ingest_data, task_id=get_data_to_ingest_from_local_file_task, execution_date=20220612T014000, start_date=20220612T144423, end_date=20220612T144424
[2022-06-12 16:44:24,690] {local_task_job.py:156} INFO - Task exited with return code 0
[2022-06-12 16:44:24,955] {local_task_job.py:273} INFO - 1 downstream tasks scheduled from follow-on schedule check
