[2022-06-12 16:33:44,814] {taskinstance.py:1159} INFO - Dependencies all met for <TaskInstance: ingest_data.get_data_to_ingest_from_local_file_task scheduled__2022-06-12T00:42:00+00:00 [queued]>
[2022-06-12 16:33:44,841] {taskinstance.py:1159} INFO - Dependencies all met for <TaskInstance: ingest_data.get_data_to_ingest_from_local_file_task scheduled__2022-06-12T00:42:00+00:00 [queued]>
[2022-06-12 16:33:44,841] {taskinstance.py:1356} INFO - 
--------------------------------------------------------------------------------
[2022-06-12 16:33:44,842] {taskinstance.py:1357} INFO - Starting attempt 1 of 1
[2022-06-12 16:33:44,843] {taskinstance.py:1358} INFO - 
--------------------------------------------------------------------------------
[2022-06-12 16:33:44,920] {taskinstance.py:1377} INFO - Executing <Task(_PythonDecoratedOperator): get_data_to_ingest_from_local_file_task> on 2022-06-12 00:42:00+00:00
[2022-06-12 16:33:44,933] {standard_task_runner.py:79} INFO - Running: ['airflow', 'tasks', 'run', 'ingest_data', 'get_data_to_ingest_from_local_file_task', 'scheduled__2022-06-12T00:42:00+00:00', '--job-id', '477', '--raw', '--subdir', 'DAGS_FOLDER/ingestion_dag.py', '--cfg-path', '/tmp/tmp6407izug', '--error-file', '/tmp/tmpuotib5gi']
[2022-06-12 16:33:44,926] {standard_task_runner.py:52} INFO - Started process 4365 to run task
[2022-06-12 16:33:44,937] {standard_task_runner.py:80} INFO - Job 477: Subtask get_data_to_ingest_from_local_file_task
[2022-06-12 16:33:45,090] {task_command.py:370} INFO - Running <TaskInstance: ingest_data.get_data_to_ingest_from_local_file_task scheduled__2022-06-12T00:42:00+00:00 [running]> on host DESKTOP-GDPK8BL.localdomain
[2022-06-12 16:33:45,699] {taskinstance.py:1569} INFO - Exporting the following env vars:
AIRFLOW_CTX_DAG_OWNER=airflow
AIRFLOW_CTX_DAG_ID=ingest_data
AIRFLOW_CTX_TASK_ID=get_data_to_ingest_from_local_file_task
AIRFLOW_CTX_EXECUTION_DATE=2022-06-12T00:42:00+00:00
AIRFLOW_CTX_TRY_NUMBER=1
AIRFLOW_CTX_DAG_RUN_ID=scheduled__2022-06-12T00:42:00+00:00
[2022-06-12 16:33:45,851] {python.py:173} INFO - Done. Returned value was:           AT      V       AP     RH      PE
18178  29.22  75.23  1010.49  48.73  438.57
44312  23.64  69.94  1005.20  64.53  439.66
1601   26.45  69.13  1001.53  89.64  427.50
17531  16.64  44.90  1021.02  70.34  460.93
39942   7.09  43.13  1017.91  92.37  485.04
[2022-06-12 16:33:45,982] {taskinstance.py:1395} INFO - Marking task as SUCCESS. dag_id=ingest_data, task_id=get_data_to_ingest_from_local_file_task, execution_date=20220612T004200, start_date=20220612T143344, end_date=20220612T143345
[2022-06-12 16:33:46,079] {local_task_job.py:156} INFO - Task exited with return code 0
[2022-06-12 16:33:46,300] {local_task_job.py:273} INFO - 1 downstream tasks scheduled from follow-on schedule check
