[2022-06-12 16:03:28,608] {taskinstance.py:1159} INFO - Dependencies all met for <TaskInstance: ingest_data.get_data_to_ingest_from_local_file_task scheduled__2022-06-11T21:44:00+00:00 [queued]>
[2022-06-12 16:03:28,637] {taskinstance.py:1159} INFO - Dependencies all met for <TaskInstance: ingest_data.get_data_to_ingest_from_local_file_task scheduled__2022-06-11T21:44:00+00:00 [queued]>
[2022-06-12 16:03:28,638] {taskinstance.py:1356} INFO - 
--------------------------------------------------------------------------------
[2022-06-12 16:03:28,638] {taskinstance.py:1357} INFO - Starting attempt 1 of 1
[2022-06-12 16:03:28,639] {taskinstance.py:1358} INFO - 
--------------------------------------------------------------------------------
[2022-06-12 16:03:28,703] {taskinstance.py:1377} INFO - Executing <Task(_PythonDecoratedOperator): get_data_to_ingest_from_local_file_task> on 2022-06-11 21:44:00+00:00
[2022-06-12 16:03:28,712] {standard_task_runner.py:52} INFO - Started process 1492 to run task
[2022-06-12 16:03:28,717] {standard_task_runner.py:79} INFO - Running: ['airflow', 'tasks', 'run', 'ingest_data', 'get_data_to_ingest_from_local_file_task', 'scheduled__2022-06-11T21:44:00+00:00', '--job-id', '122', '--raw', '--subdir', 'DAGS_FOLDER/ingestion_dag.py', '--cfg-path', '/tmp/tmpawdc6kxi', '--error-file', '/tmp/tmp8xbed32g']
[2022-06-12 16:03:28,718] {standard_task_runner.py:80} INFO - Job 122: Subtask get_data_to_ingest_from_local_file_task
[2022-06-12 16:03:28,846] {task_command.py:370} INFO - Running <TaskInstance: ingest_data.get_data_to_ingest_from_local_file_task scheduled__2022-06-11T21:44:00+00:00 [running]> on host DESKTOP-GDPK8BL.localdomain
[2022-06-12 16:03:29,142] {taskinstance.py:1569} INFO - Exporting the following env vars:
AIRFLOW_CTX_DAG_OWNER=airflow
AIRFLOW_CTX_DAG_ID=ingest_data
AIRFLOW_CTX_TASK_ID=get_data_to_ingest_from_local_file_task
AIRFLOW_CTX_EXECUTION_DATE=2022-06-11T21:44:00+00:00
AIRFLOW_CTX_TRY_NUMBER=1
AIRFLOW_CTX_DAG_RUN_ID=scheduled__2022-06-11T21:44:00+00:00
[2022-06-12 16:03:29,211] {python.py:173} INFO - Done. Returned value was:           AT      V       AP     RH      PE
1920   15.65  54.30  1018.00  69.66  461.69
38692  23.49  47.45  1008.46  66.18  446.72
25883  28.86  49.30  1003.93  52.85  435.75
9596   19.65  44.89  1009.76  75.36  451.35
37105  30.51  70.79  1004.55  56.05  428.79
[2022-06-12 16:03:29,302] {taskinstance.py:1395} INFO - Marking task as SUCCESS. dag_id=ingest_data, task_id=get_data_to_ingest_from_local_file_task, execution_date=20220611T214400, start_date=20220612T140328, end_date=20220612T140329
[2022-06-12 16:03:29,377] {local_task_job.py:156} INFO - Task exited with return code 0
[2022-06-12 16:03:29,587] {local_task_job.py:273} INFO - 1 downstream tasks scheduled from follow-on schedule check
