[2022-06-13 13:47:08,986] {taskinstance.py:1159} INFO - Dependencies all met for <TaskInstance: ingest_data.get_data_to_ingest_from_local_file_task scheduled__2022-06-12T21:04:00+00:00 [queued]>
[2022-06-13 13:47:09,089] {taskinstance.py:1159} INFO - Dependencies all met for <TaskInstance: ingest_data.get_data_to_ingest_from_local_file_task scheduled__2022-06-12T21:04:00+00:00 [queued]>
[2022-06-13 13:47:09,092] {taskinstance.py:1356} INFO - 
--------------------------------------------------------------------------------
[2022-06-13 13:47:09,093] {taskinstance.py:1357} INFO - Starting attempt 1 of 1
[2022-06-13 13:47:09,094] {taskinstance.py:1358} INFO - 
--------------------------------------------------------------------------------
[2022-06-13 13:47:09,227] {taskinstance.py:1377} INFO - Executing <Task(_PythonDecoratedOperator): get_data_to_ingest_from_local_file_task> on 2022-06-12 21:04:00+00:00
[2022-06-13 13:47:09,237] {standard_task_runner.py:52} INFO - Started process 267 to run task
[2022-06-13 13:47:09,248] {standard_task_runner.py:79} INFO - Running: ['airflow', 'tasks', 'run', 'ingest_data', 'get_data_to_ingest_from_local_file_task', 'scheduled__2022-06-12T21:04:00+00:00', '--job-id', '1539', '--raw', '--subdir', 'DAGS_FOLDER/ingestion_dag.py', '--cfg-path', '/tmp/tmpafmh9fmy', '--error-file', '/tmp/tmpkxvrhl1f']
[2022-06-13 13:47:09,257] {standard_task_runner.py:80} INFO - Job 1539: Subtask get_data_to_ingest_from_local_file_task
[2022-06-13 13:47:09,600] {task_command.py:370} INFO - Running <TaskInstance: ingest_data.get_data_to_ingest_from_local_file_task scheduled__2022-06-12T21:04:00+00:00 [running]> on host DESKTOP-GDPK8BL.localdomain
[2022-06-13 13:47:10,575] {taskinstance.py:1569} INFO - Exporting the following env vars:
AIRFLOW_CTX_DAG_OWNER=airflow
AIRFLOW_CTX_DAG_ID=ingest_data
AIRFLOW_CTX_TASK_ID=get_data_to_ingest_from_local_file_task
AIRFLOW_CTX_EXECUTION_DATE=2022-06-12T21:04:00+00:00
AIRFLOW_CTX_TRY_NUMBER=1
AIRFLOW_CTX_DAG_RUN_ID=scheduled__2022-06-12T21:04:00+00:00
[2022-06-13 13:47:10,714] {python.py:173} INFO - Done. Returned value was:           AT      V       AP     RH      PE
9908   29.29  71.14  1011.49  49.97  432.58
43505  18.01  44.20  1018.84  55.72  456.36
41142  14.66  41.92  1030.81  68.88  464.57
15412  24.22  71.14  1009.38  64.53  438.88
39794  25.03  60.84  1017.69  59.23  441.58
[2022-06-13 13:47:11,492] {taskinstance.py:1395} INFO - Marking task as SUCCESS. dag_id=ingest_data, task_id=get_data_to_ingest_from_local_file_task, execution_date=20220612T210400, start_date=20220613T114708, end_date=20220613T114711
[2022-06-13 13:47:12,241] {local_task_job.py:156} INFO - Task exited with return code 0
[2022-06-13 13:47:13,138] {local_task_job.py:273} INFO - 1 downstream tasks scheduled from follow-on schedule check
