[2022-06-15 19:13:12,578] {taskinstance.py:1159} INFO - Dependencies all met for <TaskInstance: loan_pred.get_data_to_ingest_from_local_file_task scheduled__2022-06-14T21:16:00+00:00 [queued]>
[2022-06-15 19:13:12,603] {taskinstance.py:1159} INFO - Dependencies all met for <TaskInstance: loan_pred.get_data_to_ingest_from_local_file_task scheduled__2022-06-14T21:16:00+00:00 [queued]>
[2022-06-15 19:13:12,604] {taskinstance.py:1356} INFO - 
--------------------------------------------------------------------------------
[2022-06-15 19:13:12,604] {taskinstance.py:1357} INFO - Starting attempt 1 of 1
[2022-06-15 19:13:12,605] {taskinstance.py:1358} INFO - 
--------------------------------------------------------------------------------
[2022-06-15 19:13:12,661] {taskinstance.py:1377} INFO - Executing <Task(_PythonDecoratedOperator): get_data_to_ingest_from_local_file_task> on 2022-06-14 21:16:00+00:00
[2022-06-15 19:13:12,667] {standard_task_runner.py:52} INFO - Started process 518 to run task
[2022-06-15 19:13:12,672] {standard_task_runner.py:79} INFO - Running: ['airflow', 'tasks', 'run', 'loan_pred', 'get_data_to_ingest_from_local_file_task', 'scheduled__2022-06-14T21:16:00+00:00', '--job-id', '1605', '--raw', '--subdir', 'DAGS_FOLDER/loan_pred.py', '--cfg-path', '/tmp/tmpoqaqk_wd', '--error-file', '/tmp/tmp_2o3wdts']
[2022-06-15 19:13:12,674] {standard_task_runner.py:80} INFO - Job 1605: Subtask get_data_to_ingest_from_local_file_task
[2022-06-15 19:13:12,810] {task_command.py:370} INFO - Running <TaskInstance: loan_pred.get_data_to_ingest_from_local_file_task scheduled__2022-06-14T21:16:00+00:00 [running]> on host DESKTOP-GDPK8BL.localdomain
[2022-06-15 19:13:13,223] {taskinstance.py:1569} INFO - Exporting the following env vars:
AIRFLOW_CTX_DAG_OWNER=airflow
AIRFLOW_CTX_DAG_ID=loan_pred
AIRFLOW_CTX_TASK_ID=get_data_to_ingest_from_local_file_task
AIRFLOW_CTX_EXECUTION_DATE=2022-06-14T21:16:00+00:00
AIRFLOW_CTX_TRY_NUMBER=1
AIRFLOW_CTX_DAG_RUN_ID=scheduled__2022-06-14T21:16:00+00:00
[2022-06-15 19:13:13,238] {python.py:173} INFO - Done. Returned value was:       Loan_ID Gender Married Dependents  ... LoanAmount Loan_Amount_Term  Credit_History  Property_Area
130  LP001703   Male     Yes          0  ...      124.0            360.0             1.0          Urban
243  LP002346   Male     Yes          0  ...      125.0            360.0             0.0          Rural
181  LP002027   Male     Yes          0  ...      165.0            360.0             1.0      Semiurban
91   LP001483   Male     Yes         3+  ...      390.0            360.0             1.0          Rural
349  LP002891   Male     Yes          0  ...      137.0            300.0             1.0          Rural

[5 rows x 12 columns]
[2022-06-15 19:13:13,382] {taskinstance.py:1395} INFO - Marking task as SUCCESS. dag_id=loan_pred, task_id=get_data_to_ingest_from_local_file_task, execution_date=20220614T211600, start_date=20220615T171312, end_date=20220615T171313
[2022-06-15 19:13:13,450] {local_task_job.py:156} INFO - Task exited with return code 0
[2022-06-15 19:13:13,642] {local_task_job.py:273} INFO - 1 downstream tasks scheduled from follow-on schedule check
