[2022-06-12 17:27:38,560] {taskinstance.py:1159} INFO - Dependencies all met for <TaskInstance: ingest_data.get_data_to_ingest_from_local_file_task scheduled__2022-06-12T05:51:00+00:00 [queued]>
[2022-06-12 17:27:38,591] {taskinstance.py:1159} INFO - Dependencies all met for <TaskInstance: ingest_data.get_data_to_ingest_from_local_file_task scheduled__2022-06-12T05:51:00+00:00 [queued]>
[2022-06-12 17:27:38,592] {taskinstance.py:1356} INFO - 
--------------------------------------------------------------------------------
[2022-06-12 17:27:38,593] {taskinstance.py:1357} INFO - Starting attempt 1 of 1
[2022-06-12 17:27:38,593] {taskinstance.py:1358} INFO - 
--------------------------------------------------------------------------------
[2022-06-12 17:27:38,649] {taskinstance.py:1377} INFO - Executing <Task(_PythonDecoratedOperator): get_data_to_ingest_from_local_file_task> on 2022-06-12 05:51:00+00:00
[2022-06-12 17:27:38,663] {standard_task_runner.py:79} INFO - Running: ['airflow', 'tasks', 'run', 'ingest_data', 'get_data_to_ingest_from_local_file_task', 'scheduled__2022-06-12T05:51:00+00:00', '--job-id', '1095', '--raw', '--subdir', 'DAGS_FOLDER/ingestion_dag.py', '--cfg-path', '/tmp/tmpskv0ym2g', '--error-file', '/tmp/tmpx6f35tua']
[2022-06-12 17:27:38,656] {standard_task_runner.py:52} INFO - Started process 8959 to run task
[2022-06-12 17:27:38,669] {standard_task_runner.py:80} INFO - Job 1095: Subtask get_data_to_ingest_from_local_file_task
[2022-06-12 17:27:38,827] {task_command.py:370} INFO - Running <TaskInstance: ingest_data.get_data_to_ingest_from_local_file_task scheduled__2022-06-12T05:51:00+00:00 [running]> on host DESKTOP-GDPK8BL.localdomain
[2022-06-12 17:27:39,277] {taskinstance.py:1569} INFO - Exporting the following env vars:
AIRFLOW_CTX_DAG_OWNER=airflow
AIRFLOW_CTX_DAG_ID=ingest_data
AIRFLOW_CTX_TASK_ID=get_data_to_ingest_from_local_file_task
AIRFLOW_CTX_EXECUTION_DATE=2022-06-12T05:51:00+00:00
AIRFLOW_CTX_TRY_NUMBER=1
AIRFLOW_CTX_DAG_RUN_ID=scheduled__2022-06-12T05:51:00+00:00
[2022-06-12 17:27:39,352] {python.py:173} INFO - Done. Returned value was:           AT      V       AP     RH      PE
6977   25.48  65.12  1016.12  53.66  447.85
41450  11.86  40.55  1019.82  91.45  473.31
245    23.20  48.41  1008.64  80.92  444.69
46468  22.08  41.54  1014.21  73.73  458.74
31862  25.02  60.77  1016.71  69.85  441.21
[2022-06-12 17:27:39,510] {taskinstance.py:1395} INFO - Marking task as SUCCESS. dag_id=ingest_data, task_id=get_data_to_ingest_from_local_file_task, execution_date=20220612T055100, start_date=20220612T152738, end_date=20220612T152739
[2022-06-12 17:27:39,610] {local_task_job.py:156} INFO - Task exited with return code 0
[2022-06-12 17:27:39,827] {local_task_job.py:273} INFO - 1 downstream tasks scheduled from follow-on schedule check
