[2022-06-12 16:50:24,486] {taskinstance.py:1159} INFO - Dependencies all met for <TaskInstance: ingest_data.get_data_to_ingest_from_local_file_task scheduled__2022-06-12T02:14:00+00:00 [queued]>
[2022-06-12 16:50:24,518] {taskinstance.py:1159} INFO - Dependencies all met for <TaskInstance: ingest_data.get_data_to_ingest_from_local_file_task scheduled__2022-06-12T02:14:00+00:00 [queued]>
[2022-06-12 16:50:24,518] {taskinstance.py:1356} INFO - 
--------------------------------------------------------------------------------
[2022-06-12 16:50:24,519] {taskinstance.py:1357} INFO - Starting attempt 1 of 1
[2022-06-12 16:50:24,520] {taskinstance.py:1358} INFO - 
--------------------------------------------------------------------------------
[2022-06-12 16:50:24,587] {taskinstance.py:1377} INFO - Executing <Task(_PythonDecoratedOperator): get_data_to_ingest_from_local_file_task> on 2022-06-12 02:14:00+00:00
[2022-06-12 16:50:24,594] {standard_task_runner.py:52} INFO - Started process 5736 to run task
[2022-06-12 16:50:24,600] {standard_task_runner.py:79} INFO - Running: ['airflow', 'tasks', 'run', 'ingest_data', 'get_data_to_ingest_from_local_file_task', 'scheduled__2022-06-12T02:14:00+00:00', '--job-id', '661', '--raw', '--subdir', 'DAGS_FOLDER/ingestion_dag.py', '--cfg-path', '/tmp/tmpl33juyfv', '--error-file', '/tmp/tmpvi2ujqio']
[2022-06-12 16:50:24,602] {standard_task_runner.py:80} INFO - Job 661: Subtask get_data_to_ingest_from_local_file_task
[2022-06-12 16:50:24,749] {task_command.py:370} INFO - Running <TaskInstance: ingest_data.get_data_to_ingest_from_local_file_task scheduled__2022-06-12T02:14:00+00:00 [running]> on host DESKTOP-GDPK8BL.localdomain
[2022-06-12 16:50:25,152] {taskinstance.py:1569} INFO - Exporting the following env vars:
AIRFLOW_CTX_DAG_OWNER=airflow
AIRFLOW_CTX_DAG_ID=ingest_data
AIRFLOW_CTX_TASK_ID=get_data_to_ingest_from_local_file_task
AIRFLOW_CTX_EXECUTION_DATE=2022-06-12T02:14:00+00:00
AIRFLOW_CTX_TRY_NUMBER=1
AIRFLOW_CTX_DAG_RUN_ID=scheduled__2022-06-12T02:14:00+00:00
[2022-06-12 16:50:25,222] {python.py:173} INFO - Done. Returned value was:           AT      V       AP     RH      PE
11850  24.01  42.48  1011.39  55.10  453.12
37836  22.31  51.19  1009.38  79.72  444.74
29637  23.87  60.27  1018.94  77.16  439.86
47820  12.07  40.81  1025.63  68.02  475.96
28765   8.35  40.77  1011.77  90.25  478.82
[2022-06-12 16:50:25,358] {taskinstance.py:1395} INFO - Marking task as SUCCESS. dag_id=ingest_data, task_id=get_data_to_ingest_from_local_file_task, execution_date=20220612T021400, start_date=20220612T145024, end_date=20220612T145025
[2022-06-12 16:50:25,458] {local_task_job.py:156} INFO - Task exited with return code 0
[2022-06-12 16:50:25,687] {local_task_job.py:273} INFO - 1 downstream tasks scheduled from follow-on schedule check
