[2022-06-12 17:16:40,616] {taskinstance.py:1159} INFO - Dependencies all met for <TaskInstance: ingest_data.get_data_to_ingest_from_local_file_task scheduled__2022-06-12T04:43:00+00:00 [queued]>
[2022-06-12 17:16:40,650] {taskinstance.py:1159} INFO - Dependencies all met for <TaskInstance: ingest_data.get_data_to_ingest_from_local_file_task scheduled__2022-06-12T04:43:00+00:00 [queued]>
[2022-06-12 17:16:40,651] {taskinstance.py:1356} INFO - 
--------------------------------------------------------------------------------
[2022-06-12 17:16:40,652] {taskinstance.py:1357} INFO - Starting attempt 1 of 1
[2022-06-12 17:16:40,652] {taskinstance.py:1358} INFO - 
--------------------------------------------------------------------------------
[2022-06-12 17:16:40,734] {taskinstance.py:1377} INFO - Executing <Task(_PythonDecoratedOperator): get_data_to_ingest_from_local_file_task> on 2022-06-12 04:43:00+00:00
[2022-06-12 17:16:40,741] {standard_task_runner.py:52} INFO - Started process 7953 to run task
[2022-06-12 17:16:40,748] {standard_task_runner.py:79} INFO - Running: ['airflow', 'tasks', 'run', 'ingest_data', 'get_data_to_ingest_from_local_file_task', 'scheduled__2022-06-12T04:43:00+00:00', '--job-id', '959', '--raw', '--subdir', 'DAGS_FOLDER/ingestion_dag.py', '--cfg-path', '/tmp/tmpowydyxwo', '--error-file', '/tmp/tmpmjzbm4eb']
[2022-06-12 17:16:40,751] {standard_task_runner.py:80} INFO - Job 959: Subtask get_data_to_ingest_from_local_file_task
[2022-06-12 17:16:40,914] {task_command.py:370} INFO - Running <TaskInstance: ingest_data.get_data_to_ingest_from_local_file_task scheduled__2022-06-12T04:43:00+00:00 [running]> on host DESKTOP-GDPK8BL.localdomain
[2022-06-12 17:16:41,407] {taskinstance.py:1569} INFO - Exporting the following env vars:
AIRFLOW_CTX_DAG_OWNER=airflow
AIRFLOW_CTX_DAG_ID=ingest_data
AIRFLOW_CTX_TASK_ID=get_data_to_ingest_from_local_file_task
AIRFLOW_CTX_EXECUTION_DATE=2022-06-12T04:43:00+00:00
AIRFLOW_CTX_TRY_NUMBER=1
AIRFLOW_CTX_DAG_RUN_ID=scheduled__2022-06-12T04:43:00+00:00
[2022-06-12 17:16:41,477] {python.py:173} INFO - Done. Returned value was:           AT      V       AP     RH      PE
31086  23.57  61.47  1009.27  84.17  435.82
27889  30.76  73.17  1009.89  50.43  430.98
1848   22.97  64.15  1021.00  70.61  450.07
745    11.49  44.63  1020.44  86.04  471.08
1844    9.54  41.17  1019.79  65.61  481.18
[2022-06-12 17:16:41,697] {taskinstance.py:1395} INFO - Marking task as SUCCESS. dag_id=ingest_data, task_id=get_data_to_ingest_from_local_file_task, execution_date=20220612T044300, start_date=20220612T151640, end_date=20220612T151641
[2022-06-12 17:16:41,812] {local_task_job.py:156} INFO - Task exited with return code 0
[2022-06-12 17:16:42,058] {local_task_job.py:273} INFO - 1 downstream tasks scheduled from follow-on schedule check
