[2022-06-12 17:15:27,541] {taskinstance.py:1159} INFO - Dependencies all met for <TaskInstance: ingest_data.get_data_to_ingest_from_local_file_task scheduled__2022-06-12T04:37:00+00:00 [queued]>
[2022-06-12 17:15:27,595] {taskinstance.py:1159} INFO - Dependencies all met for <TaskInstance: ingest_data.get_data_to_ingest_from_local_file_task scheduled__2022-06-12T04:37:00+00:00 [queued]>
[2022-06-12 17:15:27,596] {taskinstance.py:1356} INFO - 
--------------------------------------------------------------------------------
[2022-06-12 17:15:27,596] {taskinstance.py:1357} INFO - Starting attempt 1 of 1
[2022-06-12 17:15:27,597] {taskinstance.py:1358} INFO - 
--------------------------------------------------------------------------------
[2022-06-12 17:15:27,658] {taskinstance.py:1377} INFO - Executing <Task(_PythonDecoratedOperator): get_data_to_ingest_from_local_file_task> on 2022-06-12 04:37:00+00:00
[2022-06-12 17:15:27,667] {standard_task_runner.py:52} INFO - Started process 7863 to run task
[2022-06-12 17:15:27,673] {standard_task_runner.py:79} INFO - Running: ['airflow', 'tasks', 'run', 'ingest_data', 'get_data_to_ingest_from_local_file_task', 'scheduled__2022-06-12T04:37:00+00:00', '--job-id', '947', '--raw', '--subdir', 'DAGS_FOLDER/ingestion_dag.py', '--cfg-path', '/tmp/tmpbq2pdn89', '--error-file', '/tmp/tmpy4llplm5']
[2022-06-12 17:15:27,675] {standard_task_runner.py:80} INFO - Job 947: Subtask get_data_to_ingest_from_local_file_task
[2022-06-12 17:15:27,822] {task_command.py:370} INFO - Running <TaskInstance: ingest_data.get_data_to_ingest_from_local_file_task scheduled__2022-06-12T04:37:00+00:00 [running]> on host DESKTOP-GDPK8BL.localdomain
[2022-06-12 17:15:28,284] {taskinstance.py:1569} INFO - Exporting the following env vars:
AIRFLOW_CTX_DAG_OWNER=airflow
AIRFLOW_CTX_DAG_ID=ingest_data
AIRFLOW_CTX_TASK_ID=get_data_to_ingest_from_local_file_task
AIRFLOW_CTX_EXECUTION_DATE=2022-06-12T04:37:00+00:00
AIRFLOW_CTX_TRY_NUMBER=1
AIRFLOW_CTX_DAG_RUN_ID=scheduled__2022-06-12T04:37:00+00:00
[2022-06-12 17:15:28,360] {python.py:173} INFO - Done. Returned value was:           AT      V       AP     RH      PE
14512  14.28  37.20  1013.96  82.71  467.44
6480   31.61  69.04  1008.11  47.96  439.19
27446  10.27  40.64  1020.63  84.60  474.99
34836   9.98  39.66  1017.32  77.78  481.64
34484  17.35  47.83  1006.71  80.57  453.96
[2022-06-12 17:15:28,563] {taskinstance.py:1395} INFO - Marking task as SUCCESS. dag_id=ingest_data, task_id=get_data_to_ingest_from_local_file_task, execution_date=20220612T043700, start_date=20220612T151527, end_date=20220612T151528
[2022-06-12 17:15:28,695] {local_task_job.py:156} INFO - Task exited with return code 0
[2022-06-12 17:15:29,218] {local_task_job.py:273} INFO - 1 downstream tasks scheduled from follow-on schedule check
