[2022-06-12 16:31:53,318] {taskinstance.py:1159} INFO - Dependencies all met for <TaskInstance: ingest_data.get_data_to_ingest_from_local_file_task scheduled__2022-06-12T00:29:00+00:00 [queued]>
[2022-06-12 16:31:53,347] {taskinstance.py:1159} INFO - Dependencies all met for <TaskInstance: ingest_data.get_data_to_ingest_from_local_file_task scheduled__2022-06-12T00:29:00+00:00 [queued]>
[2022-06-12 16:31:53,348] {taskinstance.py:1356} INFO - 
--------------------------------------------------------------------------------
[2022-06-12 16:31:53,348] {taskinstance.py:1357} INFO - Starting attempt 1 of 1
[2022-06-12 16:31:53,349] {taskinstance.py:1358} INFO - 
--------------------------------------------------------------------------------
[2022-06-12 16:31:53,423] {taskinstance.py:1377} INFO - Executing <Task(_PythonDecoratedOperator): get_data_to_ingest_from_local_file_task> on 2022-06-12 00:29:00+00:00
[2022-06-12 16:31:53,429] {standard_task_runner.py:52} INFO - Started process 4181 to run task
[2022-06-12 16:31:53,434] {standard_task_runner.py:79} INFO - Running: ['airflow', 'tasks', 'run', 'ingest_data', 'get_data_to_ingest_from_local_file_task', 'scheduled__2022-06-12T00:29:00+00:00', '--job-id', '452', '--raw', '--subdir', 'DAGS_FOLDER/ingestion_dag.py', '--cfg-path', '/tmp/tmpu9gpwgcq', '--error-file', '/tmp/tmpthr0e86i']
[2022-06-12 16:31:53,435] {standard_task_runner.py:80} INFO - Job 452: Subtask get_data_to_ingest_from_local_file_task
[2022-06-12 16:31:53,560] {task_command.py:370} INFO - Running <TaskInstance: ingest_data.get_data_to_ingest_from_local_file_task scheduled__2022-06-12T00:29:00+00:00 [running]> on host DESKTOP-GDPK8BL.localdomain
[2022-06-12 16:31:53,875] {taskinstance.py:1569} INFO - Exporting the following env vars:
AIRFLOW_CTX_DAG_OWNER=airflow
AIRFLOW_CTX_DAG_ID=ingest_data
AIRFLOW_CTX_TASK_ID=get_data_to_ingest_from_local_file_task
AIRFLOW_CTX_EXECUTION_DATE=2022-06-12T00:29:00+00:00
AIRFLOW_CTX_TRY_NUMBER=1
AIRFLOW_CTX_DAG_RUN_ID=scheduled__2022-06-12T00:29:00+00:00
[2022-06-12 16:31:53,950] {python.py:173} INFO - Done. Returned value was:           AT      V       AP     RH      PE
10403   8.87  41.82  1033.30  74.28  477.97
31013  16.18  43.99  1021.97  80.96  460.81
36019  26.07  71.37  1008.60  79.48  439.25
11948  14.91  46.90  1019.59  98.10  461.73
47729  18.99  44.60  1014.70  40.11  463.48
[2022-06-12 16:31:54,057] {taskinstance.py:1395} INFO - Marking task as SUCCESS. dag_id=ingest_data, task_id=get_data_to_ingest_from_local_file_task, execution_date=20220612T002900, start_date=20220612T143153, end_date=20220612T143154
[2022-06-12 16:31:54,130] {local_task_job.py:156} INFO - Task exited with return code 0
[2022-06-12 16:31:54,344] {local_task_job.py:273} INFO - 1 downstream tasks scheduled from follow-on schedule check
