[2022-06-12 16:36:16,410] {taskinstance.py:1159} INFO - Dependencies all met for <TaskInstance: ingest_data.get_data_to_ingest_from_local_file_task scheduled__2022-06-12T00:58:00+00:00 [queued]>
[2022-06-12 16:36:16,436] {taskinstance.py:1159} INFO - Dependencies all met for <TaskInstance: ingest_data.get_data_to_ingest_from_local_file_task scheduled__2022-06-12T00:58:00+00:00 [queued]>
[2022-06-12 16:36:16,437] {taskinstance.py:1356} INFO - 
--------------------------------------------------------------------------------
[2022-06-12 16:36:16,437] {taskinstance.py:1357} INFO - Starting attempt 1 of 1
[2022-06-12 16:36:16,438] {taskinstance.py:1358} INFO - 
--------------------------------------------------------------------------------
[2022-06-12 16:36:16,491] {taskinstance.py:1377} INFO - Executing <Task(_PythonDecoratedOperator): get_data_to_ingest_from_local_file_task> on 2022-06-12 00:58:00+00:00
[2022-06-12 16:36:16,497] {standard_task_runner.py:52} INFO - Started process 4601 to run task
[2022-06-12 16:36:16,503] {standard_task_runner.py:79} INFO - Running: ['airflow', 'tasks', 'run', 'ingest_data', 'get_data_to_ingest_from_local_file_task', 'scheduled__2022-06-12T00:58:00+00:00', '--job-id', '509', '--raw', '--subdir', 'DAGS_FOLDER/ingestion_dag.py', '--cfg-path', '/tmp/tmpo_9uwq83', '--error-file', '/tmp/tmpggzbt32f']
[2022-06-12 16:36:16,505] {standard_task_runner.py:80} INFO - Job 509: Subtask get_data_to_ingest_from_local_file_task
[2022-06-12 16:36:16,650] {task_command.py:370} INFO - Running <TaskInstance: ingest_data.get_data_to_ingest_from_local_file_task scheduled__2022-06-12T00:58:00+00:00 [running]> on host DESKTOP-GDPK8BL.localdomain
[2022-06-12 16:36:17,018] {taskinstance.py:1569} INFO - Exporting the following env vars:
AIRFLOW_CTX_DAG_OWNER=airflow
AIRFLOW_CTX_DAG_ID=ingest_data
AIRFLOW_CTX_TASK_ID=get_data_to_ingest_from_local_file_task
AIRFLOW_CTX_EXECUTION_DATE=2022-06-12T00:58:00+00:00
AIRFLOW_CTX_TRY_NUMBER=1
AIRFLOW_CTX_DAG_RUN_ID=scheduled__2022-06-12T00:58:00+00:00
[2022-06-12 16:36:17,098] {python.py:173} INFO - Done. Returned value was:           AT      V       AP     RH      PE
33061  14.42  44.66  1016.10  93.89  461.34
9933   19.31  60.07  1014.86  69.37  453.47
2899   27.16  65.61  1014.21  47.93  441.33
9283   16.76  45.09  1014.28  57.71  458.67
23297  29.37  74.78  1009.47  55.65  434.20
[2022-06-12 16:36:17,227] {taskinstance.py:1395} INFO - Marking task as SUCCESS. dag_id=ingest_data, task_id=get_data_to_ingest_from_local_file_task, execution_date=20220612T005800, start_date=20220612T143616, end_date=20220612T143617
[2022-06-12 16:36:17,321] {local_task_job.py:156} INFO - Task exited with return code 0
[2022-06-12 16:36:17,561] {local_task_job.py:273} INFO - 1 downstream tasks scheduled from follow-on schedule check
