[2022-06-12 17:32:19,607] {taskinstance.py:1159} INFO - Dependencies all met for <TaskInstance: ingest_data.get_data_to_ingest_from_local_file_task scheduled__2022-06-12T06:21:00+00:00 [queued]>
[2022-06-12 17:32:19,663] {taskinstance.py:1159} INFO - Dependencies all met for <TaskInstance: ingest_data.get_data_to_ingest_from_local_file_task scheduled__2022-06-12T06:21:00+00:00 [queued]>
[2022-06-12 17:32:19,664] {taskinstance.py:1356} INFO - 
--------------------------------------------------------------------------------
[2022-06-12 17:32:19,665] {taskinstance.py:1357} INFO - Starting attempt 1 of 1
[2022-06-12 17:32:19,666] {taskinstance.py:1358} INFO - 
--------------------------------------------------------------------------------
[2022-06-12 17:32:19,725] {taskinstance.py:1377} INFO - Executing <Task(_PythonDecoratedOperator): get_data_to_ingest_from_local_file_task> on 2022-06-12 06:21:00+00:00
[2022-06-12 17:32:19,730] {standard_task_runner.py:52} INFO - Started process 9401 to run task
[2022-06-12 17:32:19,736] {standard_task_runner.py:79} INFO - Running: ['airflow', 'tasks', 'run', 'ingest_data', 'get_data_to_ingest_from_local_file_task', 'scheduled__2022-06-12T06:21:00+00:00', '--job-id', '1155', '--raw', '--subdir', 'DAGS_FOLDER/ingestion_dag.py', '--cfg-path', '/tmp/tmpc6395nkk', '--error-file', '/tmp/tmp9cin7kee']
[2022-06-12 17:32:19,738] {standard_task_runner.py:80} INFO - Job 1155: Subtask get_data_to_ingest_from_local_file_task
[2022-06-12 17:32:19,874] {task_command.py:370} INFO - Running <TaskInstance: ingest_data.get_data_to_ingest_from_local_file_task scheduled__2022-06-12T06:21:00+00:00 [running]> on host DESKTOP-GDPK8BL.localdomain
[2022-06-12 17:32:20,363] {taskinstance.py:1569} INFO - Exporting the following env vars:
AIRFLOW_CTX_DAG_OWNER=airflow
AIRFLOW_CTX_DAG_ID=ingest_data
AIRFLOW_CTX_TASK_ID=get_data_to_ingest_from_local_file_task
AIRFLOW_CTX_EXECUTION_DATE=2022-06-12T06:21:00+00:00
AIRFLOW_CTX_TRY_NUMBER=1
AIRFLOW_CTX_DAG_RUN_ID=scheduled__2022-06-12T06:21:00+00:00
[2022-06-12 17:32:20,449] {python.py:173} INFO - Done. Returned value was:           AT      V       AP     RH      PE
1739    8.43  40.69  1020.36  87.28  484.94
12801  31.42  69.13  1009.34  57.16  425.98
47303  23.26  58.20  1016.72  57.98  446.87
30324  28.37  75.60  1017.48  55.19  439.25
23774  30.76  69.14  1007.63  71.24  431.67
[2022-06-12 17:32:20,636] {taskinstance.py:1395} INFO - Marking task as SUCCESS. dag_id=ingest_data, task_id=get_data_to_ingest_from_local_file_task, execution_date=20220612T062100, start_date=20220612T153219, end_date=20220612T153220
[2022-06-12 17:32:20,756] {local_task_job.py:156} INFO - Task exited with return code 0
[2022-06-12 17:32:20,967] {local_task_job.py:273} INFO - 1 downstream tasks scheduled from follow-on schedule check
