[2022-06-12 17:40:12,947] {taskinstance.py:1159} INFO - Dependencies all met for <TaskInstance: ingest_data.get_data_to_ingest_from_local_file_task scheduled__2022-06-12T07:11:00+00:00 [queued]>
[2022-06-12 17:40:12,983] {taskinstance.py:1159} INFO - Dependencies all met for <TaskInstance: ingest_data.get_data_to_ingest_from_local_file_task scheduled__2022-06-12T07:11:00+00:00 [queued]>
[2022-06-12 17:40:12,984] {taskinstance.py:1356} INFO - 
--------------------------------------------------------------------------------
[2022-06-12 17:40:12,985] {taskinstance.py:1357} INFO - Starting attempt 1 of 1
[2022-06-12 17:40:12,985] {taskinstance.py:1358} INFO - 
--------------------------------------------------------------------------------
[2022-06-12 17:40:13,055] {taskinstance.py:1377} INFO - Executing <Task(_PythonDecoratedOperator): get_data_to_ingest_from_local_file_task> on 2022-06-12 07:11:00+00:00
[2022-06-12 17:40:13,063] {standard_task_runner.py:52} INFO - Started process 10147 to run task
[2022-06-12 17:40:13,068] {standard_task_runner.py:79} INFO - Running: ['airflow', 'tasks', 'run', 'ingest_data', 'get_data_to_ingest_from_local_file_task', 'scheduled__2022-06-12T07:11:00+00:00', '--job-id', '1256', '--raw', '--subdir', 'DAGS_FOLDER/ingestion_dag.py', '--cfg-path', '/tmp/tmpg_c_utln', '--error-file', '/tmp/tmpcx2yhva5']
[2022-06-12 17:40:13,069] {standard_task_runner.py:80} INFO - Job 1256: Subtask get_data_to_ingest_from_local_file_task
[2022-06-12 17:40:13,221] {task_command.py:370} INFO - Running <TaskInstance: ingest_data.get_data_to_ingest_from_local_file_task scheduled__2022-06-12T07:11:00+00:00 [running]> on host DESKTOP-GDPK8BL.localdomain
[2022-06-12 17:40:13,820] {taskinstance.py:1569} INFO - Exporting the following env vars:
AIRFLOW_CTX_DAG_OWNER=airflow
AIRFLOW_CTX_DAG_ID=ingest_data
AIRFLOW_CTX_TASK_ID=get_data_to_ingest_from_local_file_task
AIRFLOW_CTX_EXECUTION_DATE=2022-06-12T07:11:00+00:00
AIRFLOW_CTX_TRY_NUMBER=1
AIRFLOW_CTX_DAG_RUN_ID=scheduled__2022-06-12T07:11:00+00:00
[2022-06-12 17:40:13,914] {python.py:173} INFO - Done. Returned value was:           AT      V       AP     RH      PE
23175  21.97  58.79  1010.93  86.70  448.80
45638  29.52  64.79  1017.53  44.83  439.60
43130  16.14  44.63  1019.44  47.85  463.50
30974  22.48  50.32  1008.47  83.58  444.50
8337   28.57  75.33  1003.16  76.14  431.58
[2022-06-12 17:40:14,097] {taskinstance.py:1395} INFO - Marking task as SUCCESS. dag_id=ingest_data, task_id=get_data_to_ingest_from_local_file_task, execution_date=20220612T071100, start_date=20220612T154012, end_date=20220612T154014
[2022-06-12 17:40:14,168] {local_task_job.py:156} INFO - Task exited with return code 0
[2022-06-12 17:40:14,430] {local_task_job.py:273} INFO - 1 downstream tasks scheduled from follow-on schedule check
