[2022-06-12 19:51:28,207] {taskinstance.py:1159} INFO - Dependencies all met for <TaskInstance: ingest_data.get_data_to_ingest_from_local_file_task scheduled__2022-06-12T09:25:00+00:00 [queued]>
[2022-06-12 19:51:28,238] {taskinstance.py:1159} INFO - Dependencies all met for <TaskInstance: ingest_data.get_data_to_ingest_from_local_file_task scheduled__2022-06-12T09:25:00+00:00 [queued]>
[2022-06-12 19:51:28,239] {taskinstance.py:1356} INFO - 
--------------------------------------------------------------------------------
[2022-06-12 19:51:28,239] {taskinstance.py:1357} INFO - Starting attempt 1 of 1
[2022-06-12 19:51:28,240] {taskinstance.py:1358} INFO - 
--------------------------------------------------------------------------------
[2022-06-12 19:51:28,291] {taskinstance.py:1377} INFO - Executing <Task(_PythonDecoratedOperator): get_data_to_ingest_from_local_file_task> on 2022-06-12 09:25:00+00:00
[2022-06-12 19:51:28,297] {standard_task_runner.py:52} INFO - Started process 12125 to run task
[2022-06-12 19:51:28,302] {standard_task_runner.py:79} INFO - Running: ['airflow', 'tasks', 'run', 'ingest_data', 'get_data_to_ingest_from_local_file_task', 'scheduled__2022-06-12T09:25:00+00:00', '--job-id', '1523', '--raw', '--subdir', 'DAGS_FOLDER/ingestion_dag.py', '--cfg-path', '/tmp/tmpv1jzpkoj', '--error-file', '/tmp/tmp3_wad3x7']
[2022-06-12 19:51:28,304] {standard_task_runner.py:80} INFO - Job 1523: Subtask get_data_to_ingest_from_local_file_task
[2022-06-12 19:51:28,459] {task_command.py:370} INFO - Running <TaskInstance: ingest_data.get_data_to_ingest_from_local_file_task scheduled__2022-06-12T09:25:00+00:00 [running]> on host DESKTOP-GDPK8BL.localdomain
[2022-06-12 19:51:28,909] {taskinstance.py:1569} INFO - Exporting the following env vars:
AIRFLOW_CTX_DAG_OWNER=airflow
AIRFLOW_CTX_DAG_ID=ingest_data
AIRFLOW_CTX_TASK_ID=get_data_to_ingest_from_local_file_task
AIRFLOW_CTX_EXECUTION_DATE=2022-06-12T09:25:00+00:00
AIRFLOW_CTX_TRY_NUMBER=1
AIRFLOW_CTX_DAG_RUN_ID=scheduled__2022-06-12T09:25:00+00:00
[2022-06-12 19:51:28,980] {python.py:173} INFO - Done. Returned value was:           AT      V       AP     RH      PE
42036  23.00  66.05  1020.61  80.29  421.57
19525  27.61  69.68  1012.79  77.01  438.31
7504   27.28  78.92  1011.05  75.48  434.78
16249  12.52  41.44  1016.08  68.94  477.18
40604  23.74  49.50  1013.20  49.51  463.40
[2022-06-12 19:51:29,153] {taskinstance.py:1395} INFO - Marking task as SUCCESS. dag_id=ingest_data, task_id=get_data_to_ingest_from_local_file_task, execution_date=20220612T092500, start_date=20220612T175128, end_date=20220612T175129
[2022-06-12 19:51:29,240] {local_task_job.py:156} INFO - Task exited with return code 0
[2022-06-12 19:51:29,449] {local_task_job.py:273} INFO - 1 downstream tasks scheduled from follow-on schedule check
