[2022-06-12 16:26:24,209] {taskinstance.py:1159} INFO - Dependencies all met for <TaskInstance: ingest_data.get_data_to_ingest_from_local_file_task scheduled__2022-06-11T23:56:00+00:00 [queued]>
[2022-06-12 16:26:24,234] {taskinstance.py:1159} INFO - Dependencies all met for <TaskInstance: ingest_data.get_data_to_ingest_from_local_file_task scheduled__2022-06-11T23:56:00+00:00 [queued]>
[2022-06-12 16:26:24,235] {taskinstance.py:1356} INFO - 
--------------------------------------------------------------------------------
[2022-06-12 16:26:24,235] {taskinstance.py:1357} INFO - Starting attempt 1 of 1
[2022-06-12 16:26:24,236] {taskinstance.py:1358} INFO - 
--------------------------------------------------------------------------------
[2022-06-12 16:26:24,286] {taskinstance.py:1377} INFO - Executing <Task(_PythonDecoratedOperator): get_data_to_ingest_from_local_file_task> on 2022-06-11 23:56:00+00:00
[2022-06-12 16:26:24,293] {standard_task_runner.py:52} INFO - Started process 3684 to run task
[2022-06-12 16:26:24,299] {standard_task_runner.py:79} INFO - Running: ['airflow', 'tasks', 'run', 'ingest_data', 'get_data_to_ingest_from_local_file_task', 'scheduled__2022-06-11T23:56:00+00:00', '--job-id', '385', '--raw', '--subdir', 'DAGS_FOLDER/ingestion_dag.py', '--cfg-path', '/tmp/tmpzjvn4k9s', '--error-file', '/tmp/tmpz42rt128']
[2022-06-12 16:26:24,300] {standard_task_runner.py:80} INFO - Job 385: Subtask get_data_to_ingest_from_local_file_task
[2022-06-12 16:26:24,452] {task_command.py:370} INFO - Running <TaskInstance: ingest_data.get_data_to_ingest_from_local_file_task scheduled__2022-06-11T23:56:00+00:00 [running]> on host DESKTOP-GDPK8BL.localdomain
[2022-06-12 16:26:24,800] {taskinstance.py:1569} INFO - Exporting the following env vars:
AIRFLOW_CTX_DAG_OWNER=airflow
AIRFLOW_CTX_DAG_ID=ingest_data
AIRFLOW_CTX_TASK_ID=get_data_to_ingest_from_local_file_task
AIRFLOW_CTX_EXECUTION_DATE=2022-06-11T23:56:00+00:00
AIRFLOW_CTX_TRY_NUMBER=1
AIRFLOW_CTX_DAG_RUN_ID=scheduled__2022-06-11T23:56:00+00:00
[2022-06-12 16:26:24,875] {python.py:173} INFO - Done. Returned value was:           AT      V       AP     RH      PE
31566  24.54  44.89  1010.05  59.13  445.11
8640   16.68  43.14  1018.39  76.48  459.83
27110  30.29  74.16  1008.77  75.23  431.39
6527   25.18  56.89  1012.26  64.46  442.42
44213  28.20  66.75  1018.35  60.18  433.46
[2022-06-12 16:26:25,001] {taskinstance.py:1395} INFO - Marking task as SUCCESS. dag_id=ingest_data, task_id=get_data_to_ingest_from_local_file_task, execution_date=20220611T235600, start_date=20220612T142624, end_date=20220612T142625
[2022-06-12 16:26:25,076] {local_task_job.py:156} INFO - Task exited with return code 0
[2022-06-12 16:26:25,275] {local_task_job.py:273} INFO - 1 downstream tasks scheduled from follow-on schedule check
