[2022-06-12 16:06:14,760] {taskinstance.py:1159} INFO - Dependencies all met for <TaskInstance: ingest_data.get_data_to_ingest_from_local_file_task scheduled__2022-06-11T22:01:00+00:00 [queued]>
[2022-06-12 16:06:14,789] {taskinstance.py:1159} INFO - Dependencies all met for <TaskInstance: ingest_data.get_data_to_ingest_from_local_file_task scheduled__2022-06-11T22:01:00+00:00 [queued]>
[2022-06-12 16:06:14,790] {taskinstance.py:1356} INFO - 
--------------------------------------------------------------------------------
[2022-06-12 16:06:14,790] {taskinstance.py:1357} INFO - Starting attempt 1 of 1
[2022-06-12 16:06:14,791] {taskinstance.py:1358} INFO - 
--------------------------------------------------------------------------------
[2022-06-12 16:06:14,866] {taskinstance.py:1377} INFO - Executing <Task(_PythonDecoratedOperator): get_data_to_ingest_from_local_file_task> on 2022-06-11 22:01:00+00:00
[2022-06-12 16:06:14,873] {standard_task_runner.py:52} INFO - Started process 1781 to run task
[2022-06-12 16:06:14,881] {standard_task_runner.py:79} INFO - Running: ['airflow', 'tasks', 'run', 'ingest_data', 'get_data_to_ingest_from_local_file_task', 'scheduled__2022-06-11T22:01:00+00:00', '--job-id', '156', '--raw', '--subdir', 'DAGS_FOLDER/ingestion_dag.py', '--cfg-path', '/tmp/tmpfam3d6ld', '--error-file', '/tmp/tmpwlg6inqe']
[2022-06-12 16:06:14,884] {standard_task_runner.py:80} INFO - Job 156: Subtask get_data_to_ingest_from_local_file_task
[2022-06-12 16:06:15,030] {task_command.py:370} INFO - Running <TaskInstance: ingest_data.get_data_to_ingest_from_local_file_task scheduled__2022-06-11T22:01:00+00:00 [running]> on host DESKTOP-GDPK8BL.localdomain
[2022-06-12 16:06:15,355] {taskinstance.py:1569} INFO - Exporting the following env vars:
AIRFLOW_CTX_DAG_OWNER=airflow
AIRFLOW_CTX_DAG_ID=ingest_data
AIRFLOW_CTX_TASK_ID=get_data_to_ingest_from_local_file_task
AIRFLOW_CTX_EXECUTION_DATE=2022-06-11T22:01:00+00:00
AIRFLOW_CTX_TRY_NUMBER=1
AIRFLOW_CTX_DAG_RUN_ID=scheduled__2022-06-11T22:01:00+00:00
[2022-06-12 16:06:15,422] {python.py:173} INFO - Done. Returned value was:           AT      V       AP     RH      PE
18775  22.43  63.21  1012.06  84.75  447.98
27554  29.72  71.97  1008.60  79.25  431.22
20466  27.77  63.90  1013.62  51.43  441.30
23250  20.30  62.52  1017.96  75.17  451.86
9476   28.16  71.94  1007.69  68.17  430.46
[2022-06-12 16:06:15,530] {taskinstance.py:1395} INFO - Marking task as SUCCESS. dag_id=ingest_data, task_id=get_data_to_ingest_from_local_file_task, execution_date=20220611T220100, start_date=20220612T140614, end_date=20220612T140615
[2022-06-12 16:06:15,623] {local_task_job.py:156} INFO - Task exited with return code 0
[2022-06-12 16:06:15,838] {local_task_job.py:273} INFO - 1 downstream tasks scheduled from follow-on schedule check
