[2022-06-12 17:41:21,188] {taskinstance.py:1159} INFO - Dependencies all met for <TaskInstance: ingest_data.get_data_to_ingest_from_local_file_task scheduled__2022-06-12T07:18:00+00:00 [queued]>
[2022-06-12 17:41:21,228] {taskinstance.py:1159} INFO - Dependencies all met for <TaskInstance: ingest_data.get_data_to_ingest_from_local_file_task scheduled__2022-06-12T07:18:00+00:00 [queued]>
[2022-06-12 17:41:21,229] {taskinstance.py:1356} INFO - 
--------------------------------------------------------------------------------
[2022-06-12 17:41:21,229] {taskinstance.py:1357} INFO - Starting attempt 1 of 1
[2022-06-12 17:41:21,231] {taskinstance.py:1358} INFO - 
--------------------------------------------------------------------------------
[2022-06-12 17:41:21,301] {taskinstance.py:1377} INFO - Executing <Task(_PythonDecoratedOperator): get_data_to_ingest_from_local_file_task> on 2022-06-12 07:18:00+00:00
[2022-06-12 17:41:21,313] {standard_task_runner.py:52} INFO - Started process 10251 to run task
[2022-06-12 17:41:21,318] {standard_task_runner.py:79} INFO - Running: ['airflow', 'tasks', 'run', 'ingest_data', 'get_data_to_ingest_from_local_file_task', 'scheduled__2022-06-12T07:18:00+00:00', '--job-id', '1270', '--raw', '--subdir', 'DAGS_FOLDER/ingestion_dag.py', '--cfg-path', '/tmp/tmp64wuwwef', '--error-file', '/tmp/tmpm6k8pqf5']
[2022-06-12 17:41:21,320] {standard_task_runner.py:80} INFO - Job 1270: Subtask get_data_to_ingest_from_local_file_task
[2022-06-12 17:41:21,477] {task_command.py:370} INFO - Running <TaskInstance: ingest_data.get_data_to_ingest_from_local_file_task scheduled__2022-06-12T07:18:00+00:00 [running]> on host DESKTOP-GDPK8BL.localdomain
[2022-06-12 17:41:21,935] {taskinstance.py:1569} INFO - Exporting the following env vars:
AIRFLOW_CTX_DAG_OWNER=airflow
AIRFLOW_CTX_DAG_ID=ingest_data
AIRFLOW_CTX_TASK_ID=get_data_to_ingest_from_local_file_task
AIRFLOW_CTX_EXECUTION_DATE=2022-06-12T07:18:00+00:00
AIRFLOW_CTX_TRY_NUMBER=1
AIRFLOW_CTX_DAG_RUN_ID=scheduled__2022-06-12T07:18:00+00:00
[2022-06-12 17:41:22,013] {python.py:173} INFO - Done. Returned value was:           AT      V       AP     RH      PE
18548   8.07  43.41  1016.02  76.26  467.56
35855  20.01  59.87  1019.00  84.12  448.39
8583   21.36  68.28  1007.60  72.37  445.91
37957  23.04  59.43  1010.23  68.99  442.99
4304   25.20  61.08  1013.04  74.28  447.09
[2022-06-12 17:41:22,171] {taskinstance.py:1395} INFO - Marking task as SUCCESS. dag_id=ingest_data, task_id=get_data_to_ingest_from_local_file_task, execution_date=20220612T071800, start_date=20220612T154121, end_date=20220612T154122
[2022-06-12 17:41:22,258] {local_task_job.py:156} INFO - Task exited with return code 0
[2022-06-12 17:41:22,491] {local_task_job.py:273} INFO - 1 downstream tasks scheduled from follow-on schedule check
