[2022-06-12 16:02:03,631] {taskinstance.py:1159} INFO - Dependencies all met for <TaskInstance: ingest_data.get_data_to_ingest_from_local_file_task scheduled__2022-06-11T21:36:00+00:00 [queued]>
[2022-06-12 16:02:03,657] {taskinstance.py:1159} INFO - Dependencies all met for <TaskInstance: ingest_data.get_data_to_ingest_from_local_file_task scheduled__2022-06-11T21:36:00+00:00 [queued]>
[2022-06-12 16:02:03,657] {taskinstance.py:1356} INFO - 
--------------------------------------------------------------------------------
[2022-06-12 16:02:03,658] {taskinstance.py:1357} INFO - Starting attempt 1 of 1
[2022-06-12 16:02:03,658] {taskinstance.py:1358} INFO - 
--------------------------------------------------------------------------------
[2022-06-12 16:02:03,715] {taskinstance.py:1377} INFO - Executing <Task(_PythonDecoratedOperator): get_data_to_ingest_from_local_file_task> on 2022-06-11 21:36:00+00:00
[2022-06-12 16:02:03,722] {standard_task_runner.py:52} INFO - Started process 1356 to run task
[2022-06-12 16:02:03,726] {standard_task_runner.py:79} INFO - Running: ['airflow', 'tasks', 'run', 'ingest_data', 'get_data_to_ingest_from_local_file_task', 'scheduled__2022-06-11T21:36:00+00:00', '--job-id', '106', '--raw', '--subdir', 'DAGS_FOLDER/ingestion_dag.py', '--cfg-path', '/tmp/tmph1372c5i', '--error-file', '/tmp/tmp0h12s0qd']
[2022-06-12 16:02:03,728] {standard_task_runner.py:80} INFO - Job 106: Subtask get_data_to_ingest_from_local_file_task
[2022-06-12 16:02:03,874] {task_command.py:370} INFO - Running <TaskInstance: ingest_data.get_data_to_ingest_from_local_file_task scheduled__2022-06-11T21:36:00+00:00 [running]> on host DESKTOP-GDPK8BL.localdomain
[2022-06-12 16:02:04,215] {taskinstance.py:1569} INFO - Exporting the following env vars:
AIRFLOW_CTX_DAG_OWNER=airflow
AIRFLOW_CTX_DAG_ID=ingest_data
AIRFLOW_CTX_TASK_ID=get_data_to_ingest_from_local_file_task
AIRFLOW_CTX_EXECUTION_DATE=2022-06-11T21:36:00+00:00
AIRFLOW_CTX_TRY_NUMBER=1
AIRFLOW_CTX_DAG_RUN_ID=scheduled__2022-06-11T21:36:00+00:00
[2022-06-12 16:02:04,293] {python.py:173} INFO - Done. Returned value was:           AT      V       AP     RH      PE
1911   20.79  50.59  1017.75  73.35  456.01
7618   18.40  43.69  1016.59  52.44  462.05
39042  25.79  67.17  1007.89  81.38  440.75
28461  25.17  68.08  1012.83  60.87  437.01
26867  10.15  41.46  1019.56  81.79  479.32
[2022-06-12 16:02:04,396] {taskinstance.py:1395} INFO - Marking task as SUCCESS. dag_id=ingest_data, task_id=get_data_to_ingest_from_local_file_task, execution_date=20220611T213600, start_date=20220612T140203, end_date=20220612T140204
[2022-06-12 16:02:04,465] {local_task_job.py:156} INFO - Task exited with return code 0
[2022-06-12 16:02:04,660] {local_task_job.py:273} INFO - 1 downstream tasks scheduled from follow-on schedule check
