[2022-06-12 16:30:18,263] {taskinstance.py:1159} INFO - Dependencies all met for <TaskInstance: ingest_data.get_data_to_ingest_from_local_file_task scheduled__2022-06-12T00:19:00+00:00 [queued]>
[2022-06-12 16:30:18,296] {taskinstance.py:1159} INFO - Dependencies all met for <TaskInstance: ingest_data.get_data_to_ingest_from_local_file_task scheduled__2022-06-12T00:19:00+00:00 [queued]>
[2022-06-12 16:30:18,296] {taskinstance.py:1356} INFO - 
--------------------------------------------------------------------------------
[2022-06-12 16:30:18,297] {taskinstance.py:1357} INFO - Starting attempt 1 of 1
[2022-06-12 16:30:18,298] {taskinstance.py:1358} INFO - 
--------------------------------------------------------------------------------
[2022-06-12 16:30:18,371] {taskinstance.py:1377} INFO - Executing <Task(_PythonDecoratedOperator): get_data_to_ingest_from_local_file_task> on 2022-06-12 00:19:00+00:00
[2022-06-12 16:30:18,377] {standard_task_runner.py:52} INFO - Started process 4025 to run task
[2022-06-12 16:30:18,384] {standard_task_runner.py:79} INFO - Running: ['airflow', 'tasks', 'run', 'ingest_data', 'get_data_to_ingest_from_local_file_task', 'scheduled__2022-06-12T00:19:00+00:00', '--job-id', '431', '--raw', '--subdir', 'DAGS_FOLDER/ingestion_dag.py', '--cfg-path', '/tmp/tmpyg05ee0k', '--error-file', '/tmp/tmpg_cidv57']
[2022-06-12 16:30:18,385] {standard_task_runner.py:80} INFO - Job 431: Subtask get_data_to_ingest_from_local_file_task
[2022-06-12 16:30:18,525] {task_command.py:370} INFO - Running <TaskInstance: ingest_data.get_data_to_ingest_from_local_file_task scheduled__2022-06-12T00:19:00+00:00 [running]> on host DESKTOP-GDPK8BL.localdomain
[2022-06-12 16:30:18,890] {taskinstance.py:1569} INFO - Exporting the following env vars:
AIRFLOW_CTX_DAG_OWNER=airflow
AIRFLOW_CTX_DAG_ID=ingest_data
AIRFLOW_CTX_TASK_ID=get_data_to_ingest_from_local_file_task
AIRFLOW_CTX_EXECUTION_DATE=2022-06-12T00:19:00+00:00
AIRFLOW_CTX_TRY_NUMBER=1
AIRFLOW_CTX_DAG_RUN_ID=scheduled__2022-06-12T00:19:00+00:00
[2022-06-12 16:30:18,956] {python.py:173} INFO - Done. Returned value was:           AT      V       AP     RH      PE
33772  27.06  61.41  1011.99  45.23  452.85
1699   12.30  39.85  1012.59  73.38  476.42
42328  21.54  66.54  1004.99  92.87  440.80
13628  26.42  59.27  1012.90  65.38  443.94
23935  19.83  63.94  1019.81  75.05  448.03
[2022-06-12 16:30:19,084] {taskinstance.py:1395} INFO - Marking task as SUCCESS. dag_id=ingest_data, task_id=get_data_to_ingest_from_local_file_task, execution_date=20220612T001900, start_date=20220612T143018, end_date=20220612T143019
[2022-06-12 16:30:19,165] {local_task_job.py:156} INFO - Task exited with return code 0
[2022-06-12 16:30:19,396] {local_task_job.py:273} INFO - 1 downstream tasks scheduled from follow-on schedule check
