[2022-06-12 16:50:54,619] {taskinstance.py:1159} INFO - Dependencies all met for <TaskInstance: ingest_data.get_data_to_ingest_from_local_file_task scheduled__2022-06-12T02:17:00+00:00 [queued]>
[2022-06-12 16:50:54,648] {taskinstance.py:1159} INFO - Dependencies all met for <TaskInstance: ingest_data.get_data_to_ingest_from_local_file_task scheduled__2022-06-12T02:17:00+00:00 [queued]>
[2022-06-12 16:50:54,649] {taskinstance.py:1356} INFO - 
--------------------------------------------------------------------------------
[2022-06-12 16:50:54,649] {taskinstance.py:1357} INFO - Starting attempt 1 of 1
[2022-06-12 16:50:54,650] {taskinstance.py:1358} INFO - 
--------------------------------------------------------------------------------
[2022-06-12 16:50:54,716] {taskinstance.py:1377} INFO - Executing <Task(_PythonDecoratedOperator): get_data_to_ingest_from_local_file_task> on 2022-06-12 02:17:00+00:00
[2022-06-12 16:50:54,723] {standard_task_runner.py:52} INFO - Started process 5781 to run task
[2022-06-12 16:50:54,732] {standard_task_runner.py:79} INFO - Running: ['airflow', 'tasks', 'run', 'ingest_data', 'get_data_to_ingest_from_local_file_task', 'scheduled__2022-06-12T02:17:00+00:00', '--job-id', '667', '--raw', '--subdir', 'DAGS_FOLDER/ingestion_dag.py', '--cfg-path', '/tmp/tmpdzd1xbpk', '--error-file', '/tmp/tmp7t5clf7e']
[2022-06-12 16:50:54,733] {standard_task_runner.py:80} INFO - Job 667: Subtask get_data_to_ingest_from_local_file_task
[2022-06-12 16:50:54,880] {task_command.py:370} INFO - Running <TaskInstance: ingest_data.get_data_to_ingest_from_local_file_task scheduled__2022-06-12T02:17:00+00:00 [running]> on host DESKTOP-GDPK8BL.localdomain
[2022-06-12 16:50:55,296] {taskinstance.py:1569} INFO - Exporting the following env vars:
AIRFLOW_CTX_DAG_OWNER=airflow
AIRFLOW_CTX_DAG_ID=ingest_data
AIRFLOW_CTX_TASK_ID=get_data_to_ingest_from_local_file_task
AIRFLOW_CTX_EXECUTION_DATE=2022-06-12T02:17:00+00:00
AIRFLOW_CTX_TRY_NUMBER=1
AIRFLOW_CTX_DAG_RUN_ID=scheduled__2022-06-12T02:17:00+00:00
[2022-06-12 16:50:55,373] {python.py:173} INFO - Done. Returned value was:           AT      V       AP     RH      PE
43201  24.38  47.01  1015.17  68.96  454.85
37660   9.68  41.48  1018.24  71.04  473.31
10212  16.94  50.59  1018.75  94.22  460.64
20268  15.64  44.21  1020.17  83.28  462.42
7553   12.74  41.50  1012.94  86.28  469.92
[2022-06-12 16:50:55,515] {taskinstance.py:1395} INFO - Marking task as SUCCESS. dag_id=ingest_data, task_id=get_data_to_ingest_from_local_file_task, execution_date=20220612T021700, start_date=20220612T145054, end_date=20220612T145055
[2022-06-12 16:50:55,589] {local_task_job.py:156} INFO - Task exited with return code 0
[2022-06-12 16:50:55,814] {local_task_job.py:273} INFO - 1 downstream tasks scheduled from follow-on schedule check
