[2022-06-12 14:42:29,682] {taskinstance.py:1159} INFO - Dependencies all met for <TaskInstance: example_2.task_2 scheduled__2022-06-12T01:00:00+00:00 [queued]>
[2022-06-12 14:42:29,709] {taskinstance.py:1159} INFO - Dependencies all met for <TaskInstance: example_2.task_2 scheduled__2022-06-12T01:00:00+00:00 [queued]>
[2022-06-12 14:42:29,710] {taskinstance.py:1356} INFO - 
--------------------------------------------------------------------------------
[2022-06-12 14:42:29,710] {taskinstance.py:1357} INFO - Starting attempt 1 of 1
[2022-06-12 14:42:29,711] {taskinstance.py:1358} INFO - 
--------------------------------------------------------------------------------
[2022-06-12 14:42:29,772] {taskinstance.py:1377} INFO - Executing <Task(_PythonDecoratedOperator): task_2> on 2022-06-12 01:00:00+00:00
[2022-06-12 14:42:29,777] {standard_task_runner.py:52} INFO - Started process 673 to run task
[2022-06-12 14:42:29,783] {standard_task_runner.py:79} INFO - Running: ['airflow', 'tasks', 'run', 'example_2', 'task_2', 'scheduled__2022-06-12T01:00:00+00:00', '--job-id', '11', '--raw', '--subdir', 'DAGS_FOLDER/dummy_dag.py', '--cfg-path', '/tmp/tmp65oaqllq', '--error-file', '/tmp/tmpkpr5e01j']
[2022-06-12 14:42:29,784] {standard_task_runner.py:80} INFO - Job 11: Subtask task_2
[2022-06-12 14:42:29,906] {task_command.py:370} INFO - Running <TaskInstance: example_2.task_2 scheduled__2022-06-12T01:00:00+00:00 [running]> on host DESKTOP-GDPK8BL.localdomain
[2022-06-12 14:42:30,111] {taskinstance.py:1569} INFO - Exporting the following env vars:
AIRFLOW_CTX_DAG_OWNER=airflow
AIRFLOW_CTX_DAG_ID=example_2
AIRFLOW_CTX_TASK_ID=task_2
AIRFLOW_CTX_EXECUTION_DATE=2022-06-12T01:00:00+00:00
AIRFLOW_CTX_TRY_NUMBER=1
AIRFLOW_CTX_DAG_RUN_ID=scheduled__2022-06-12T01:00:00+00:00
[2022-06-12 14:42:30,116] {python.py:173} INFO - Done. Returned value was: 4
[2022-06-12 14:42:30,203] {taskinstance.py:1395} INFO - Marking task as SUCCESS. dag_id=example_2, task_id=task_2, execution_date=20220612T010000, start_date=20220612T124229, end_date=20220612T124230
[2022-06-12 14:42:30,278] {local_task_job.py:156} INFO - Task exited with return code 0
[2022-06-12 14:42:30,384] {local_task_job.py:273} INFO - 0 downstream tasks scheduled from follow-on schedule check
