[2022-06-12 14:45:05,884] {taskinstance.py:1159} INFO - Dependencies all met for <TaskInstance: ingest_data.get_data_to_ingest_from_local_file_task scheduled__2022-06-11T21:08:00+00:00 [queued]>
[2022-06-12 14:45:05,911] {taskinstance.py:1159} INFO - Dependencies all met for <TaskInstance: ingest_data.get_data_to_ingest_from_local_file_task scheduled__2022-06-11T21:08:00+00:00 [queued]>
[2022-06-12 14:45:05,912] {taskinstance.py:1356} INFO - 
--------------------------------------------------------------------------------
[2022-06-12 14:45:05,912] {taskinstance.py:1357} INFO - Starting attempt 1 of 1
[2022-06-12 14:45:05,913] {taskinstance.py:1358} INFO - 
--------------------------------------------------------------------------------
[2022-06-12 14:45:05,989] {taskinstance.py:1377} INFO - Executing <Task(_PythonDecoratedOperator): get_data_to_ingest_from_local_file_task> on 2022-06-11 21:08:00+00:00
[2022-06-12 14:45:05,997] {standard_task_runner.py:52} INFO - Started process 863 to run task
[2022-06-12 14:45:06,009] {standard_task_runner.py:79} INFO - Running: ['airflow', 'tasks', 'run', 'ingest_data', 'get_data_to_ingest_from_local_file_task', 'scheduled__2022-06-11T21:08:00+00:00', '--job-id', '44', '--raw', '--subdir', 'DAGS_FOLDER/ingestion_dag.py', '--cfg-path', '/tmp/tmpky5e_2jz', '--error-file', '/tmp/tmpeiyi9ogk']
[2022-06-12 14:45:06,013] {standard_task_runner.py:80} INFO - Job 44: Subtask get_data_to_ingest_from_local_file_task
[2022-06-12 14:45:06,168] {task_command.py:370} INFO - Running <TaskInstance: ingest_data.get_data_to_ingest_from_local_file_task scheduled__2022-06-11T21:08:00+00:00 [running]> on host DESKTOP-GDPK8BL.localdomain
[2022-06-12 14:45:06,467] {taskinstance.py:1569} INFO - Exporting the following env vars:
AIRFLOW_CTX_DAG_OWNER=airflow
AIRFLOW_CTX_DAG_ID=ingest_data
AIRFLOW_CTX_TASK_ID=get_data_to_ingest_from_local_file_task
AIRFLOW_CTX_EXECUTION_DATE=2022-06-11T21:08:00+00:00
AIRFLOW_CTX_TRY_NUMBER=1
AIRFLOW_CTX_DAG_RUN_ID=scheduled__2022-06-11T21:08:00+00:00
[2022-06-12 14:45:06,552] {python.py:173} INFO - Done. Returned value was:           AT      V       AP     RH      PE
47037  14.50  44.47  1028.20  66.95  465.15
12875  29.38  69.68  1011.35  49.25  430.20
10523  13.63  43.22  1012.71  72.85  464.62
34069  26.00  69.88  1007.99  87.07  434.79
35401  29.82  43.21  1011.52  63.54  433.31
[2022-06-12 14:45:06,652] {taskinstance.py:1395} INFO - Marking task as SUCCESS. dag_id=ingest_data, task_id=get_data_to_ingest_from_local_file_task, execution_date=20220611T210800, start_date=20220612T124505, end_date=20220612T124506
[2022-06-12 14:45:06,713] {local_task_job.py:156} INFO - Task exited with return code 0
[2022-06-12 14:45:06,930] {local_task_job.py:273} INFO - 1 downstream tasks scheduled from follow-on schedule check
