[2022-06-12 19:48:33,246] {taskinstance.py:1159} INFO - Dependencies all met for <TaskInstance: ingest_data.get_data_to_ingest_from_local_file_task scheduled__2022-06-12T09:08:00+00:00 [queued]>
[2022-06-12 19:48:33,277] {taskinstance.py:1159} INFO - Dependencies all met for <TaskInstance: ingest_data.get_data_to_ingest_from_local_file_task scheduled__2022-06-12T09:08:00+00:00 [queued]>
[2022-06-12 19:48:33,277] {taskinstance.py:1356} INFO - 
--------------------------------------------------------------------------------
[2022-06-12 19:48:33,278] {taskinstance.py:1357} INFO - Starting attempt 1 of 1
[2022-06-12 19:48:33,278] {taskinstance.py:1358} INFO - 
--------------------------------------------------------------------------------
[2022-06-12 19:48:33,329] {taskinstance.py:1377} INFO - Executing <Task(_PythonDecoratedOperator): get_data_to_ingest_from_local_file_task> on 2022-06-12 09:08:00+00:00
[2022-06-12 19:48:33,334] {standard_task_runner.py:52} INFO - Started process 11880 to run task
[2022-06-12 19:48:33,340] {standard_task_runner.py:79} INFO - Running: ['airflow', 'tasks', 'run', 'ingest_data', 'get_data_to_ingest_from_local_file_task', 'scheduled__2022-06-12T09:08:00+00:00', '--job-id', '1490', '--raw', '--subdir', 'DAGS_FOLDER/ingestion_dag.py', '--cfg-path', '/tmp/tmp5at8w6ec', '--error-file', '/tmp/tmptj32086t']
[2022-06-12 19:48:33,342] {standard_task_runner.py:80} INFO - Job 1490: Subtask get_data_to_ingest_from_local_file_task
[2022-06-12 19:48:33,507] {task_command.py:370} INFO - Running <TaskInstance: ingest_data.get_data_to_ingest_from_local_file_task scheduled__2022-06-12T09:08:00+00:00 [running]> on host DESKTOP-GDPK8BL.localdomain
[2022-06-12 19:48:33,979] {taskinstance.py:1569} INFO - Exporting the following env vars:
AIRFLOW_CTX_DAG_OWNER=airflow
AIRFLOW_CTX_DAG_ID=ingest_data
AIRFLOW_CTX_TASK_ID=get_data_to_ingest_from_local_file_task
AIRFLOW_CTX_EXECUTION_DATE=2022-06-12T09:08:00+00:00
AIRFLOW_CTX_TRY_NUMBER=1
AIRFLOW_CTX_DAG_RUN_ID=scheduled__2022-06-12T09:08:00+00:00
[2022-06-12 19:48:34,050] {python.py:173} INFO - Done. Returned value was:           AT      V       AP     RH      PE
14182   9.48  40.11  1025.49  73.81  472.16
21664  26.46  61.41  1012.41  56.58  448.83
23853  15.69  37.87  1021.18  84.38  465.41
37869  20.86  63.73  1008.54  96.83  440.42
1784   25.38  70.94  1007.87  73.59  446.31
[2022-06-12 19:48:34,218] {taskinstance.py:1395} INFO - Marking task as SUCCESS. dag_id=ingest_data, task_id=get_data_to_ingest_from_local_file_task, execution_date=20220612T090800, start_date=20220612T174833, end_date=20220612T174834
[2022-06-12 19:48:34,319] {local_task_job.py:156} INFO - Task exited with return code 0
[2022-06-12 19:48:34,535] {local_task_job.py:273} INFO - 1 downstream tasks scheduled from follow-on schedule check
