[2022-06-12 16:38:12,685] {taskinstance.py:1159} INFO - Dependencies all met for <TaskInstance: ingest_data.get_data_to_ingest_from_local_file_task scheduled__2022-06-12T01:10:00+00:00 [queued]>
[2022-06-12 16:38:12,730] {taskinstance.py:1159} INFO - Dependencies all met for <TaskInstance: ingest_data.get_data_to_ingest_from_local_file_task scheduled__2022-06-12T01:10:00+00:00 [queued]>
[2022-06-12 16:38:12,732] {taskinstance.py:1356} INFO - 
--------------------------------------------------------------------------------
[2022-06-12 16:38:12,733] {taskinstance.py:1357} INFO - Starting attempt 1 of 1
[2022-06-12 16:38:12,734] {taskinstance.py:1358} INFO - 
--------------------------------------------------------------------------------
[2022-06-12 16:38:12,826] {taskinstance.py:1377} INFO - Executing <Task(_PythonDecoratedOperator): get_data_to_ingest_from_local_file_task> on 2022-06-12 01:10:00+00:00
[2022-06-12 16:38:12,833] {standard_task_runner.py:52} INFO - Started process 4780 to run task
[2022-06-12 16:38:12,845] {standard_task_runner.py:79} INFO - Running: ['airflow', 'tasks', 'run', 'ingest_data', 'get_data_to_ingest_from_local_file_task', 'scheduled__2022-06-12T01:10:00+00:00', '--job-id', '533', '--raw', '--subdir', 'DAGS_FOLDER/ingestion_dag.py', '--cfg-path', '/tmp/tmpv_hs6eox', '--error-file', '/tmp/tmp86hgvctz']
[2022-06-12 16:38:12,848] {standard_task_runner.py:80} INFO - Job 533: Subtask get_data_to_ingest_from_local_file_task
[2022-06-12 16:38:13,078] {task_command.py:370} INFO - Running <TaskInstance: ingest_data.get_data_to_ingest_from_local_file_task scheduled__2022-06-12T01:10:00+00:00 [running]> on host DESKTOP-GDPK8BL.localdomain
[2022-06-12 16:38:14,585] {taskinstance.py:1569} INFO - Exporting the following env vars:
AIRFLOW_CTX_DAG_OWNER=airflow
AIRFLOW_CTX_DAG_ID=ingest_data
AIRFLOW_CTX_TASK_ID=get_data_to_ingest_from_local_file_task
AIRFLOW_CTX_EXECUTION_DATE=2022-06-12T01:10:00+00:00
AIRFLOW_CTX_TRY_NUMBER=1
AIRFLOW_CTX_DAG_RUN_ID=scheduled__2022-06-12T01:10:00+00:00
[2022-06-12 16:38:14,892] {python.py:173} INFO - Done. Returned value was:           AT      V       AP     RH      PE
28150  22.12  63.91  1009.61  90.83  447.77
39147  32.39  74.16  1008.53  61.09  431.17
33232  13.61  42.34  1017.93  91.61  463.89
31699  15.24  40.00  1017.34  65.16  454.64
36922  22.08  55.50  1018.42  58.46  455.79
[2022-06-12 16:38:15,224] {taskinstance.py:1395} INFO - Marking task as SUCCESS. dag_id=ingest_data, task_id=get_data_to_ingest_from_local_file_task, execution_date=20220612T011000, start_date=20220612T143812, end_date=20220612T143815
[2022-06-12 16:38:15,356] {local_task_job.py:156} INFO - Task exited with return code 0
[2022-06-12 16:38:15,730] {local_task_job.py:273} INFO - 1 downstream tasks scheduled from follow-on schedule check
