[2022-06-12 19:47:21,877] {taskinstance.py:1159} INFO - Dependencies all met for <TaskInstance: ingest_data.get_data_to_ingest_from_local_file_task scheduled__2022-06-12T09:00:00+00:00 [queued]>
[2022-06-12 19:47:21,908] {taskinstance.py:1159} INFO - Dependencies all met for <TaskInstance: ingest_data.get_data_to_ingest_from_local_file_task scheduled__2022-06-12T09:00:00+00:00 [queued]>
[2022-06-12 19:47:21,909] {taskinstance.py:1356} INFO - 
--------------------------------------------------------------------------------
[2022-06-12 19:47:21,909] {taskinstance.py:1357} INFO - Starting attempt 1 of 1
[2022-06-12 19:47:21,910] {taskinstance.py:1358} INFO - 
--------------------------------------------------------------------------------
[2022-06-12 19:47:21,962] {taskinstance.py:1377} INFO - Executing <Task(_PythonDecoratedOperator): get_data_to_ingest_from_local_file_task> on 2022-06-12 09:00:00+00:00
[2022-06-12 19:47:21,968] {standard_task_runner.py:52} INFO - Started process 11762 to run task
[2022-06-12 19:47:21,974] {standard_task_runner.py:79} INFO - Running: ['airflow', 'tasks', 'run', 'ingest_data', 'get_data_to_ingest_from_local_file_task', 'scheduled__2022-06-12T09:00:00+00:00', '--job-id', '1474', '--raw', '--subdir', 'DAGS_FOLDER/ingestion_dag.py', '--cfg-path', '/tmp/tmpgy2l651x', '--error-file', '/tmp/tmpkn3qzz4f']
[2022-06-12 19:47:21,976] {standard_task_runner.py:80} INFO - Job 1474: Subtask get_data_to_ingest_from_local_file_task
[2022-06-12 19:47:22,131] {task_command.py:370} INFO - Running <TaskInstance: ingest_data.get_data_to_ingest_from_local_file_task scheduled__2022-06-12T09:00:00+00:00 [running]> on host DESKTOP-GDPK8BL.localdomain
[2022-06-12 19:47:22,568] {taskinstance.py:1569} INFO - Exporting the following env vars:
AIRFLOW_CTX_DAG_OWNER=airflow
AIRFLOW_CTX_DAG_ID=ingest_data
AIRFLOW_CTX_TASK_ID=get_data_to_ingest_from_local_file_task
AIRFLOW_CTX_EXECUTION_DATE=2022-06-12T09:00:00+00:00
AIRFLOW_CTX_TRY_NUMBER=1
AIRFLOW_CTX_DAG_RUN_ID=scheduled__2022-06-12T09:00:00+00:00
[2022-06-12 19:47:22,644] {python.py:173} INFO - Done. Returned value was:           AT      V       AP     RH      PE
31488   8.74  36.30  1015.18  61.97  438.63
9301   20.35  56.53  1020.23  70.05  456.04
34661  19.61  56.53  1019.69  77.13  454.22
27082  22.38  71.85  1009.56  74.91  441.47
38486  25.63  58.86  1014.86  52.75  443.84
[2022-06-12 19:47:22,820] {taskinstance.py:1395} INFO - Marking task as SUCCESS. dag_id=ingest_data, task_id=get_data_to_ingest_from_local_file_task, execution_date=20220612T090000, start_date=20220612T174721, end_date=20220612T174722
[2022-06-12 19:47:22,913] {local_task_job.py:156} INFO - Task exited with return code 0
[2022-06-12 19:47:23,115] {local_task_job.py:273} INFO - 1 downstream tasks scheduled from follow-on schedule check
