[2022-06-12 17:02:48,259] {taskinstance.py:1159} INFO - Dependencies all met for <TaskInstance: ingest_data.get_data_to_ingest_from_local_file_task scheduled__2022-06-12T03:26:00+00:00 [queued]>
[2022-06-12 17:02:48,290] {taskinstance.py:1159} INFO - Dependencies all met for <TaskInstance: ingest_data.get_data_to_ingest_from_local_file_task scheduled__2022-06-12T03:26:00+00:00 [queued]>
[2022-06-12 17:02:48,291] {taskinstance.py:1356} INFO - 
--------------------------------------------------------------------------------
[2022-06-12 17:02:48,292] {taskinstance.py:1357} INFO - Starting attempt 1 of 1
[2022-06-12 17:02:48,292] {taskinstance.py:1358} INFO - 
--------------------------------------------------------------------------------
[2022-06-12 17:02:48,355] {taskinstance.py:1377} INFO - Executing <Task(_PythonDecoratedOperator): get_data_to_ingest_from_local_file_task> on 2022-06-12 03:26:00+00:00
[2022-06-12 17:02:48,368] {standard_task_runner.py:79} INFO - Running: ['airflow', 'tasks', 'run', 'ingest_data', 'get_data_to_ingest_from_local_file_task', 'scheduled__2022-06-12T03:26:00+00:00', '--job-id', '805', '--raw', '--subdir', 'DAGS_FOLDER/ingestion_dag.py', '--cfg-path', '/tmp/tmptj2w16ex', '--error-file', '/tmp/tmp2yv8znnq']
[2022-06-12 17:02:48,361] {standard_task_runner.py:52} INFO - Started process 6807 to run task
[2022-06-12 17:02:48,370] {standard_task_runner.py:80} INFO - Job 805: Subtask get_data_to_ingest_from_local_file_task
[2022-06-12 17:02:48,521] {task_command.py:370} INFO - Running <TaskInstance: ingest_data.get_data_to_ingest_from_local_file_task scheduled__2022-06-12T03:26:00+00:00 [running]> on host DESKTOP-GDPK8BL.localdomain
[2022-06-12 17:02:48,919] {taskinstance.py:1569} INFO - Exporting the following env vars:
AIRFLOW_CTX_DAG_OWNER=airflow
AIRFLOW_CTX_DAG_ID=ingest_data
AIRFLOW_CTX_TASK_ID=get_data_to_ingest_from_local_file_task
AIRFLOW_CTX_EXECUTION_DATE=2022-06-12T03:26:00+00:00
AIRFLOW_CTX_TRY_NUMBER=1
AIRFLOW_CTX_DAG_RUN_ID=scheduled__2022-06-12T03:26:00+00:00
[2022-06-12 17:02:48,993] {python.py:173} INFO - Done. Returned value was:           AT      V       AP     RH      PE
16737  30.97  67.69  1005.61  50.88  425.35
19055   6.76  39.81  1017.11  87.90  483.16
34979  23.34  59.44  1012.67  80.76  445.24
30619  16.32  50.88  1013.37  97.19  458.28
40932  26.94  68.24  1010.49  76.58  430.34
[2022-06-12 17:02:49,135] {taskinstance.py:1395} INFO - Marking task as SUCCESS. dag_id=ingest_data, task_id=get_data_to_ingest_from_local_file_task, execution_date=20220612T032600, start_date=20220612T150248, end_date=20220612T150249
[2022-06-12 17:02:49,230] {local_task_job.py:156} INFO - Task exited with return code 0
[2022-06-12 17:02:49,454] {local_task_job.py:273} INFO - 1 downstream tasks scheduled from follow-on schedule check
