[2022-06-12 16:08:49,395] {taskinstance.py:1159} INFO - Dependencies all met for <TaskInstance: ingest_data.get_data_to_ingest_from_local_file_task scheduled__2022-06-11T22:14:00+00:00 [queued]>
[2022-06-12 16:08:49,423] {taskinstance.py:1159} INFO - Dependencies all met for <TaskInstance: ingest_data.get_data_to_ingest_from_local_file_task scheduled__2022-06-11T22:14:00+00:00 [queued]>
[2022-06-12 16:08:49,423] {taskinstance.py:1356} INFO - 
--------------------------------------------------------------------------------
[2022-06-12 16:08:49,423] {taskinstance.py:1357} INFO - Starting attempt 1 of 1
[2022-06-12 16:08:49,424] {taskinstance.py:1358} INFO - 
--------------------------------------------------------------------------------
[2022-06-12 16:08:49,476] {taskinstance.py:1377} INFO - Executing <Task(_PythonDecoratedOperator): get_data_to_ingest_from_local_file_task> on 2022-06-11 22:14:00+00:00
[2022-06-12 16:08:49,484] {standard_task_runner.py:52} INFO - Started process 2002 to run task
[2022-06-12 16:08:49,490] {standard_task_runner.py:79} INFO - Running: ['airflow', 'tasks', 'run', 'ingest_data', 'get_data_to_ingest_from_local_file_task', 'scheduled__2022-06-11T22:14:00+00:00', '--job-id', '182', '--raw', '--subdir', 'DAGS_FOLDER/ingestion_dag.py', '--cfg-path', '/tmp/tmp6spjrfe6', '--error-file', '/tmp/tmpp3iy2gny']
[2022-06-12 16:08:49,492] {standard_task_runner.py:80} INFO - Job 182: Subtask get_data_to_ingest_from_local_file_task
[2022-06-12 16:08:49,645] {task_command.py:370} INFO - Running <TaskInstance: ingest_data.get_data_to_ingest_from_local_file_task scheduled__2022-06-11T22:14:00+00:00 [running]> on host DESKTOP-GDPK8BL.localdomain
[2022-06-12 16:08:49,965] {taskinstance.py:1569} INFO - Exporting the following env vars:
AIRFLOW_CTX_DAG_OWNER=airflow
AIRFLOW_CTX_DAG_ID=ingest_data
AIRFLOW_CTX_TASK_ID=get_data_to_ingest_from_local_file_task
AIRFLOW_CTX_EXECUTION_DATE=2022-06-11T22:14:00+00:00
AIRFLOW_CTX_TRY_NUMBER=1
AIRFLOW_CTX_DAG_RUN_ID=scheduled__2022-06-11T22:14:00+00:00
[2022-06-12 16:08:50,038] {python.py:173} INFO - Done. Returned value was:           AT      V       AP     RH      PE
274    19.86  59.14  1016.12  69.32  449.82
35518  17.98  60.10  1009.61  84.11  452.57
26419  20.94  44.58  1016.98  59.65  463.69
34091  31.01  69.13  1000.93  62.96  425.69
31007  18.87  60.07  1015.15  70.91  453.27
[2022-06-12 16:08:50,145] {taskinstance.py:1395} INFO - Marking task as SUCCESS. dag_id=ingest_data, task_id=get_data_to_ingest_from_local_file_task, execution_date=20220611T221400, start_date=20220612T140849, end_date=20220612T140850
[2022-06-12 16:08:50,229] {local_task_job.py:156} INFO - Task exited with return code 0
[2022-06-12 16:08:50,435] {local_task_job.py:273} INFO - 1 downstream tasks scheduled from follow-on schedule check
