[2022-06-12 16:37:39,469] {taskinstance.py:1159} INFO - Dependencies all met for <TaskInstance: ingest_data.get_data_to_ingest_from_local_file_task scheduled__2022-06-12T01:07:00+00:00 [queued]>
[2022-06-12 16:37:39,531] {taskinstance.py:1159} INFO - Dependencies all met for <TaskInstance: ingest_data.get_data_to_ingest_from_local_file_task scheduled__2022-06-12T01:07:00+00:00 [queued]>
[2022-06-12 16:37:39,532] {taskinstance.py:1356} INFO - 
--------------------------------------------------------------------------------
[2022-06-12 16:37:39,533] {taskinstance.py:1357} INFO - Starting attempt 1 of 1
[2022-06-12 16:37:39,534] {taskinstance.py:1358} INFO - 
--------------------------------------------------------------------------------
[2022-06-12 16:37:39,627] {taskinstance.py:1377} INFO - Executing <Task(_PythonDecoratedOperator): get_data_to_ingest_from_local_file_task> on 2022-06-12 01:07:00+00:00
[2022-06-12 16:37:39,633] {standard_task_runner.py:52} INFO - Started process 4735 to run task
[2022-06-12 16:37:39,639] {standard_task_runner.py:79} INFO - Running: ['airflow', 'tasks', 'run', 'ingest_data', 'get_data_to_ingest_from_local_file_task', 'scheduled__2022-06-12T01:07:00+00:00', '--job-id', '527', '--raw', '--subdir', 'DAGS_FOLDER/ingestion_dag.py', '--cfg-path', '/tmp/tmpq9ymrtjd', '--error-file', '/tmp/tmpo8bhd8c6']
[2022-06-12 16:37:39,641] {standard_task_runner.py:80} INFO - Job 527: Subtask get_data_to_ingest_from_local_file_task
[2022-06-12 16:37:39,788] {task_command.py:370} INFO - Running <TaskInstance: ingest_data.get_data_to_ingest_from_local_file_task scheduled__2022-06-12T01:07:00+00:00 [running]> on host DESKTOP-GDPK8BL.localdomain
[2022-06-12 16:37:40,142] {taskinstance.py:1569} INFO - Exporting the following env vars:
AIRFLOW_CTX_DAG_OWNER=airflow
AIRFLOW_CTX_DAG_ID=ingest_data
AIRFLOW_CTX_TASK_ID=get_data_to_ingest_from_local_file_task
AIRFLOW_CTX_EXECUTION_DATE=2022-06-12T01:07:00+00:00
AIRFLOW_CTX_TRY_NUMBER=1
AIRFLOW_CTX_DAG_RUN_ID=scheduled__2022-06-12T01:07:00+00:00
[2022-06-12 16:37:40,210] {python.py:173} INFO - Done. Returned value was:           AT      V       AP     RH      PE
14016  28.26  63.13  1012.00  68.35  440.58
39598  27.31  59.54  1006.24  71.99  440.13
20081  11.70  25.36  1008.65  92.11  470.88
4987   21.37  81.56  1006.57  81.56  434.38
27806   5.41  40.07  1019.16  64.77  495.24
[2022-06-12 16:37:40,334] {taskinstance.py:1395} INFO - Marking task as SUCCESS. dag_id=ingest_data, task_id=get_data_to_ingest_from_local_file_task, execution_date=20220612T010700, start_date=20220612T143739, end_date=20220612T143740
[2022-06-12 16:37:40,422] {local_task_job.py:156} INFO - Task exited with return code 0
[2022-06-12 16:37:40,713] {local_task_job.py:273} INFO - 1 downstream tasks scheduled from follow-on schedule check
