[2022-06-12 17:44:02,597] {taskinstance.py:1159} INFO - Dependencies all met for <TaskInstance: ingest_data.get_data_to_ingest_from_local_file_task scheduled__2022-06-12T07:36:00+00:00 [queued]>
[2022-06-12 17:44:02,634] {taskinstance.py:1159} INFO - Dependencies all met for <TaskInstance: ingest_data.get_data_to_ingest_from_local_file_task scheduled__2022-06-12T07:36:00+00:00 [queued]>
[2022-06-12 17:44:02,635] {taskinstance.py:1356} INFO - 
--------------------------------------------------------------------------------
[2022-06-12 17:44:02,635] {taskinstance.py:1357} INFO - Starting attempt 1 of 1
[2022-06-12 17:44:02,636] {taskinstance.py:1358} INFO - 
--------------------------------------------------------------------------------
[2022-06-12 17:44:02,712] {taskinstance.py:1377} INFO - Executing <Task(_PythonDecoratedOperator): get_data_to_ingest_from_local_file_task> on 2022-06-12 07:36:00+00:00
[2022-06-12 17:44:02,718] {standard_task_runner.py:52} INFO - Started process 10508 to run task
[2022-06-12 17:44:02,728] {standard_task_runner.py:79} INFO - Running: ['airflow', 'tasks', 'run', 'ingest_data', 'get_data_to_ingest_from_local_file_task', 'scheduled__2022-06-12T07:36:00+00:00', '--job-id', '1305', '--raw', '--subdir', 'DAGS_FOLDER/ingestion_dag.py', '--cfg-path', '/tmp/tmp3bwyu10i', '--error-file', '/tmp/tmptwutwwtd']
[2022-06-12 17:44:02,730] {standard_task_runner.py:80} INFO - Job 1305: Subtask get_data_to_ingest_from_local_file_task
[2022-06-12 17:44:02,864] {task_command.py:370} INFO - Running <TaskInstance: ingest_data.get_data_to_ingest_from_local_file_task scheduled__2022-06-12T07:36:00+00:00 [running]> on host DESKTOP-GDPK8BL.localdomain
[2022-06-12 17:44:03,292] {taskinstance.py:1569} INFO - Exporting the following env vars:
AIRFLOW_CTX_DAG_OWNER=airflow
AIRFLOW_CTX_DAG_ID=ingest_data
AIRFLOW_CTX_TASK_ID=get_data_to_ingest_from_local_file_task
AIRFLOW_CTX_EXECUTION_DATE=2022-06-12T07:36:00+00:00
AIRFLOW_CTX_TRY_NUMBER=1
AIRFLOW_CTX_DAG_RUN_ID=scheduled__2022-06-12T07:36:00+00:00
[2022-06-12 17:44:03,367] {python.py:173} INFO - Done. Returned value was:           AT      V       AP     RH      PE
23287  31.20  73.17  1010.28  53.23  431.23
39618  25.16  60.23  1011.21  68.31  444.98
4047   19.68  62.96  1020.41  82.26  453.58
27581  22.49  58.82  1009.73  85.19  444.11
11859  22.87  74.22  1009.36  93.05  438.67
[2022-06-12 17:44:03,529] {taskinstance.py:1395} INFO - Marking task as SUCCESS. dag_id=ingest_data, task_id=get_data_to_ingest_from_local_file_task, execution_date=20220612T073600, start_date=20220612T154402, end_date=20220612T154403
[2022-06-12 17:44:03,629] {local_task_job.py:156} INFO - Task exited with return code 0
[2022-06-12 17:44:03,887] {local_task_job.py:273} INFO - 1 downstream tasks scheduled from follow-on schedule check
