[2022-06-15 19:12:16,176] {taskinstance.py:1159} INFO - Dependencies all met for <TaskInstance: loan_pred.get_data_to_ingest_from_local_file_task scheduled__2022-06-14T21:10:00+00:00 [queued]>
[2022-06-15 19:12:16,199] {taskinstance.py:1159} INFO - Dependencies all met for <TaskInstance: loan_pred.get_data_to_ingest_from_local_file_task scheduled__2022-06-14T21:10:00+00:00 [queued]>
[2022-06-15 19:12:16,199] {taskinstance.py:1356} INFO - 
--------------------------------------------------------------------------------
[2022-06-15 19:12:16,200] {taskinstance.py:1357} INFO - Starting attempt 1 of 1
[2022-06-15 19:12:16,200] {taskinstance.py:1358} INFO - 
--------------------------------------------------------------------------------
[2022-06-15 19:12:16,254] {taskinstance.py:1377} INFO - Executing <Task(_PythonDecoratedOperator): get_data_to_ingest_from_local_file_task> on 2022-06-14 21:10:00+00:00
[2022-06-15 19:12:16,259] {standard_task_runner.py:52} INFO - Started process 418 to run task
[2022-06-15 19:12:16,264] {standard_task_runner.py:79} INFO - Running: ['airflow', 'tasks', 'run', 'loan_pred', 'get_data_to_ingest_from_local_file_task', 'scheduled__2022-06-14T21:10:00+00:00', '--job-id', '1593', '--raw', '--subdir', 'DAGS_FOLDER/loan_pred.py', '--cfg-path', '/tmp/tmpuz2dgg_l', '--error-file', '/tmp/tmp6nm3q52e']
[2022-06-15 19:12:16,265] {standard_task_runner.py:80} INFO - Job 1593: Subtask get_data_to_ingest_from_local_file_task
[2022-06-15 19:12:16,394] {task_command.py:370} INFO - Running <TaskInstance: loan_pred.get_data_to_ingest_from_local_file_task scheduled__2022-06-14T21:10:00+00:00 [running]> on host DESKTOP-GDPK8BL.localdomain
[2022-06-15 19:12:16,831] {taskinstance.py:1569} INFO - Exporting the following env vars:
AIRFLOW_CTX_DAG_OWNER=airflow
AIRFLOW_CTX_DAG_ID=loan_pred
AIRFLOW_CTX_TASK_ID=get_data_to_ingest_from_local_file_task
AIRFLOW_CTX_EXECUTION_DATE=2022-06-14T21:10:00+00:00
AIRFLOW_CTX_TRY_NUMBER=1
AIRFLOW_CTX_DAG_RUN_ID=scheduled__2022-06-14T21:10:00+00:00
[2022-06-15 19:12:16,847] {python.py:173} INFO - Done. Returned value was:       Loan_ID Gender Married Dependents  ... LoanAmount Loan_Amount_Term  Credit_History  Property_Area
19   LP001115   Male      No          0  ...      100.0            180.0             1.0      Semiurban
135  LP001739   Male     Yes          0  ...      125.0            360.0             1.0          Urban
347  LP002885   Male      No          0  ...       70.0            360.0             1.0          Urban
122  LP001651   Male     Yes         3+  ...      135.0            360.0             1.0          Urban
73   LP001380   Male     Yes          0  ...      232.0            360.0             1.0          Rural

[5 rows x 12 columns]
[2022-06-15 19:12:17,032] {taskinstance.py:1395} INFO - Marking task as SUCCESS. dag_id=loan_pred, task_id=get_data_to_ingest_from_local_file_task, execution_date=20220614T211000, start_date=20220615T171216, end_date=20220615T171217
[2022-06-15 19:12:17,122] {local_task_job.py:156} INFO - Task exited with return code 0
[2022-06-15 19:12:17,359] {local_task_job.py:273} INFO - 1 downstream tasks scheduled from follow-on schedule check
