[2022-06-12 16:10:28,893] {taskinstance.py:1159} INFO - Dependencies all met for <TaskInstance: ingest_data.get_data_to_ingest_from_local_file_task scheduled__2022-06-11T22:24:00+00:00 [queued]>
[2022-06-12 16:10:28,921] {taskinstance.py:1159} INFO - Dependencies all met for <TaskInstance: ingest_data.get_data_to_ingest_from_local_file_task scheduled__2022-06-11T22:24:00+00:00 [queued]>
[2022-06-12 16:10:28,921] {taskinstance.py:1356} INFO - 
--------------------------------------------------------------------------------
[2022-06-12 16:10:28,922] {taskinstance.py:1357} INFO - Starting attempt 1 of 1
[2022-06-12 16:10:28,923] {taskinstance.py:1358} INFO - 
--------------------------------------------------------------------------------
[2022-06-12 16:10:28,975] {taskinstance.py:1377} INFO - Executing <Task(_PythonDecoratedOperator): get_data_to_ingest_from_local_file_task> on 2022-06-11 22:24:00+00:00
[2022-06-12 16:10:28,988] {standard_task_runner.py:79} INFO - Running: ['airflow', 'tasks', 'run', 'ingest_data', 'get_data_to_ingest_from_local_file_task', 'scheduled__2022-06-11T22:24:00+00:00', '--job-id', '202', '--raw', '--subdir', 'DAGS_FOLDER/ingestion_dag.py', '--cfg-path', '/tmp/tmpcks5tz_3', '--error-file', '/tmp/tmpdkkgm388']
[2022-06-12 16:10:28,982] {standard_task_runner.py:52} INFO - Started process 2172 to run task
[2022-06-12 16:10:28,996] {standard_task_runner.py:80} INFO - Job 202: Subtask get_data_to_ingest_from_local_file_task
[2022-06-12 16:10:29,155] {task_command.py:370} INFO - Running <TaskInstance: ingest_data.get_data_to_ingest_from_local_file_task scheduled__2022-06-11T22:24:00+00:00 [running]> on host DESKTOP-GDPK8BL.localdomain
[2022-06-12 16:10:29,525] {taskinstance.py:1569} INFO - Exporting the following env vars:
AIRFLOW_CTX_DAG_OWNER=airflow
AIRFLOW_CTX_DAG_ID=ingest_data
AIRFLOW_CTX_TASK_ID=get_data_to_ingest_from_local_file_task
AIRFLOW_CTX_EXECUTION_DATE=2022-06-11T22:24:00+00:00
AIRFLOW_CTX_TRY_NUMBER=1
AIRFLOW_CTX_DAG_RUN_ID=scheduled__2022-06-11T22:24:00+00:00
[2022-06-12 16:10:29,595] {python.py:173} INFO - Done. Returned value was:           AT      V       AP     RH      PE
214    15.55  42.03  1017.41  74.58  460.84
11980  28.19  71.97  1008.85  84.67  438.80
34779  23.47  69.71  1009.66  88.83  442.23
47787  25.94  66.49  1012.83  61.81  433.38
27619  11.17  44.77  1018.20  79.60  470.85
[2022-06-12 16:10:29,711] {taskinstance.py:1395} INFO - Marking task as SUCCESS. dag_id=ingest_data, task_id=get_data_to_ingest_from_local_file_task, execution_date=20220611T222400, start_date=20220612T141028, end_date=20220612T141029
[2022-06-12 16:10:29,774] {local_task_job.py:156} INFO - Task exited with return code 0
[2022-06-12 16:10:29,981] {local_task_job.py:273} INFO - 1 downstream tasks scheduled from follow-on schedule check
