[2022-06-12 16:20:41,995] {taskinstance.py:1159} INFO - Dependencies all met for <TaskInstance: ingest_data.get_data_to_ingest_from_local_file_task scheduled__2022-06-11T23:24:00+00:00 [queued]>
[2022-06-12 16:20:42,030] {taskinstance.py:1159} INFO - Dependencies all met for <TaskInstance: ingest_data.get_data_to_ingest_from_local_file_task scheduled__2022-06-11T23:24:00+00:00 [queued]>
[2022-06-12 16:20:42,031] {taskinstance.py:1356} INFO - 
--------------------------------------------------------------------------------
[2022-06-12 16:20:42,031] {taskinstance.py:1357} INFO - Starting attempt 1 of 1
[2022-06-12 16:20:42,032] {taskinstance.py:1358} INFO - 
--------------------------------------------------------------------------------
[2022-06-12 16:20:42,090] {taskinstance.py:1377} INFO - Executing <Task(_PythonDecoratedOperator): get_data_to_ingest_from_local_file_task> on 2022-06-11 23:24:00+00:00
[2022-06-12 16:20:42,096] {standard_task_runner.py:52} INFO - Started process 3192 to run task
[2022-06-12 16:20:42,104] {standard_task_runner.py:79} INFO - Running: ['airflow', 'tasks', 'run', 'ingest_data', 'get_data_to_ingest_from_local_file_task', 'scheduled__2022-06-11T23:24:00+00:00', '--job-id', '322', '--raw', '--subdir', 'DAGS_FOLDER/ingestion_dag.py', '--cfg-path', '/tmp/tmpe8jorhuc', '--error-file', '/tmp/tmp_29rzmmw']
[2022-06-12 16:20:42,106] {standard_task_runner.py:80} INFO - Job 322: Subtask get_data_to_ingest_from_local_file_task
[2022-06-12 16:20:42,263] {task_command.py:370} INFO - Running <TaskInstance: ingest_data.get_data_to_ingest_from_local_file_task scheduled__2022-06-11T23:24:00+00:00 [running]> on host DESKTOP-GDPK8BL.localdomain
[2022-06-12 16:20:42,623] {taskinstance.py:1569} INFO - Exporting the following env vars:
AIRFLOW_CTX_DAG_OWNER=airflow
AIRFLOW_CTX_DAG_ID=ingest_data
AIRFLOW_CTX_TASK_ID=get_data_to_ingest_from_local_file_task
AIRFLOW_CTX_EXECUTION_DATE=2022-06-11T23:24:00+00:00
AIRFLOW_CTX_TRY_NUMBER=1
AIRFLOW_CTX_DAG_RUN_ID=scheduled__2022-06-11T23:24:00+00:00
[2022-06-12 16:20:42,698] {python.py:173} INFO - Done. Returned value was:           AT      V       AP     RH      PE
36197  21.54  66.54  1004.99  92.87  440.80
39093  17.16  40.55  1000.26  72.21  461.58
43660  26.68  62.91  1012.33  60.78  441.04
24853   7.91  37.80  1020.59  61.00  483.49
3751   30.62  64.69  1006.23  52.06  435.84
[2022-06-12 16:20:42,799] {taskinstance.py:1395} INFO - Marking task as SUCCESS. dag_id=ingest_data, task_id=get_data_to_ingest_from_local_file_task, execution_date=20220611T232400, start_date=20220612T142041, end_date=20220612T142042
[2022-06-12 16:20:42,882] {local_task_job.py:156} INFO - Task exited with return code 0
[2022-06-12 16:20:43,099] {local_task_job.py:273} INFO - 1 downstream tasks scheduled from follow-on schedule check
