[2022-06-12 19:43:42,391] {taskinstance.py:1159} INFO - Dependencies all met for <TaskInstance: ingest_data.get_data_to_ingest_from_local_file_task scheduled__2022-06-12T08:38:00+00:00 [queued]>
[2022-06-12 19:43:42,426] {taskinstance.py:1159} INFO - Dependencies all met for <TaskInstance: ingest_data.get_data_to_ingest_from_local_file_task scheduled__2022-06-12T08:38:00+00:00 [queued]>
[2022-06-12 19:43:42,426] {taskinstance.py:1356} INFO - 
--------------------------------------------------------------------------------
[2022-06-12 19:43:42,427] {taskinstance.py:1357} INFO - Starting attempt 1 of 1
[2022-06-12 19:43:42,428] {taskinstance.py:1358} INFO - 
--------------------------------------------------------------------------------
[2022-06-12 19:43:42,483] {taskinstance.py:1377} INFO - Executing <Task(_PythonDecoratedOperator): get_data_to_ingest_from_local_file_task> on 2022-06-12 08:38:00+00:00
[2022-06-12 19:43:42,489] {standard_task_runner.py:52} INFO - Started process 11429 to run task
[2022-06-12 19:43:42,495] {standard_task_runner.py:79} INFO - Running: ['airflow', 'tasks', 'run', 'ingest_data', 'get_data_to_ingest_from_local_file_task', 'scheduled__2022-06-12T08:38:00+00:00', '--job-id', '1429', '--raw', '--subdir', 'DAGS_FOLDER/ingestion_dag.py', '--cfg-path', '/tmp/tmp5cb77oqt', '--error-file', '/tmp/tmpu6s3datr']
[2022-06-12 19:43:42,497] {standard_task_runner.py:80} INFO - Job 1429: Subtask get_data_to_ingest_from_local_file_task
[2022-06-12 19:43:42,657] {task_command.py:370} INFO - Running <TaskInstance: ingest_data.get_data_to_ingest_from_local_file_task scheduled__2022-06-12T08:38:00+00:00 [running]> on host DESKTOP-GDPK8BL.localdomain
[2022-06-12 19:43:43,101] {taskinstance.py:1569} INFO - Exporting the following env vars:
AIRFLOW_CTX_DAG_OWNER=airflow
AIRFLOW_CTX_DAG_ID=ingest_data
AIRFLOW_CTX_TASK_ID=get_data_to_ingest_from_local_file_task
AIRFLOW_CTX_EXECUTION_DATE=2022-06-12T08:38:00+00:00
AIRFLOW_CTX_TRY_NUMBER=1
AIRFLOW_CTX_DAG_RUN_ID=scheduled__2022-06-12T08:38:00+00:00
[2022-06-12 19:43:43,176] {python.py:173} INFO - Done. Returned value was:           AT      V       AP     RH      PE
45315  13.03  39.35  1015.34  79.18  474.02
42634  19.89  51.43  1007.33  92.08  448.98
43910  15.15  37.64  1014.37  89.82  463.98
16363  11.19  40.64  1020.57  84.49  472.86
13793  14.02  44.85  1016.54  75.73  469.53
[2022-06-12 19:43:43,357] {taskinstance.py:1395} INFO - Marking task as SUCCESS. dag_id=ingest_data, task_id=get_data_to_ingest_from_local_file_task, execution_date=20220612T083800, start_date=20220612T174342, end_date=20220612T174343
[2022-06-12 19:43:43,435] {local_task_job.py:156} INFO - Task exited with return code 0
[2022-06-12 19:43:43,645] {local_task_job.py:273} INFO - 1 downstream tasks scheduled from follow-on schedule check
