[2022-06-12 19:41:09,203] {taskinstance.py:1159} INFO - Dependencies all met for <TaskInstance: ingest_data.get_data_to_ingest_from_local_file_task scheduled__2022-06-12T08:21:00+00:00 [queued]>
[2022-06-12 19:41:09,236] {taskinstance.py:1159} INFO - Dependencies all met for <TaskInstance: ingest_data.get_data_to_ingest_from_local_file_task scheduled__2022-06-12T08:21:00+00:00 [queued]>
[2022-06-12 19:41:09,237] {taskinstance.py:1356} INFO - 
--------------------------------------------------------------------------------
[2022-06-12 19:41:09,237] {taskinstance.py:1357} INFO - Starting attempt 1 of 1
[2022-06-12 19:41:09,238] {taskinstance.py:1358} INFO - 
--------------------------------------------------------------------------------
[2022-06-12 19:41:09,291] {taskinstance.py:1377} INFO - Executing <Task(_PythonDecoratedOperator): get_data_to_ingest_from_local_file_task> on 2022-06-12 08:21:00+00:00
[2022-06-12 19:41:09,297] {standard_task_runner.py:52} INFO - Started process 11185 to run task
[2022-06-12 19:41:09,302] {standard_task_runner.py:79} INFO - Running: ['airflow', 'tasks', 'run', 'ingest_data', 'get_data_to_ingest_from_local_file_task', 'scheduled__2022-06-12T08:21:00+00:00', '--job-id', '1396', '--raw', '--subdir', 'DAGS_FOLDER/ingestion_dag.py', '--cfg-path', '/tmp/tmpo_jot3m1', '--error-file', '/tmp/tmpd1ci01mt']
[2022-06-12 19:41:09,304] {standard_task_runner.py:80} INFO - Job 1396: Subtask get_data_to_ingest_from_local_file_task
[2022-06-12 19:41:09,451] {task_command.py:370} INFO - Running <TaskInstance: ingest_data.get_data_to_ingest_from_local_file_task scheduled__2022-06-12T08:21:00+00:00 [running]> on host DESKTOP-GDPK8BL.localdomain
[2022-06-12 19:41:09,896] {taskinstance.py:1569} INFO - Exporting the following env vars:
AIRFLOW_CTX_DAG_OWNER=airflow
AIRFLOW_CTX_DAG_ID=ingest_data
AIRFLOW_CTX_TASK_ID=get_data_to_ingest_from_local_file_task
AIRFLOW_CTX_EXECUTION_DATE=2022-06-12T08:21:00+00:00
AIRFLOW_CTX_TRY_NUMBER=1
AIRFLOW_CTX_DAG_RUN_ID=scheduled__2022-06-12T08:21:00+00:00
[2022-06-12 19:41:09,982] {python.py:173} INFO - Done. Returned value was:           AT      V       AP     RH      PE
17006   8.72  36.25  1029.31  85.73  479.94
36635  14.09  41.66  1009.25  71.40  469.93
27099   5.74  45.87  1011.44  95.94  482.00
23850  10.51  44.78  1012.59  85.29  474.77
25900   7.64  41.17  1020.01  75.14  488.53
[2022-06-12 19:41:10,147] {taskinstance.py:1395} INFO - Marking task as SUCCESS. dag_id=ingest_data, task_id=get_data_to_ingest_from_local_file_task, execution_date=20220612T082100, start_date=20220612T174109, end_date=20220612T174110
[2022-06-12 19:41:10,280] {local_task_job.py:156} INFO - Task exited with return code 0
[2022-06-12 19:41:10,581] {local_task_job.py:273} INFO - 1 downstream tasks scheduled from follow-on schedule check
