[2022-06-12 17:30:26,526] {taskinstance.py:1159} INFO - Dependencies all met for <TaskInstance: ingest_data.get_data_to_ingest_from_local_file_task scheduled__2022-06-12T06:09:00+00:00 [queued]>
[2022-06-12 17:30:26,560] {taskinstance.py:1159} INFO - Dependencies all met for <TaskInstance: ingest_data.get_data_to_ingest_from_local_file_task scheduled__2022-06-12T06:09:00+00:00 [queued]>
[2022-06-12 17:30:26,561] {taskinstance.py:1356} INFO - 
--------------------------------------------------------------------------------
[2022-06-12 17:30:26,561] {taskinstance.py:1357} INFO - Starting attempt 1 of 1
[2022-06-12 17:30:26,562] {taskinstance.py:1358} INFO - 
--------------------------------------------------------------------------------
[2022-06-12 17:30:26,636] {taskinstance.py:1377} INFO - Executing <Task(_PythonDecoratedOperator): get_data_to_ingest_from_local_file_task> on 2022-06-12 06:09:00+00:00
[2022-06-12 17:30:26,642] {standard_task_runner.py:52} INFO - Started process 9224 to run task
[2022-06-12 17:30:26,655] {standard_task_runner.py:79} INFO - Running: ['airflow', 'tasks', 'run', 'ingest_data', 'get_data_to_ingest_from_local_file_task', 'scheduled__2022-06-12T06:09:00+00:00', '--job-id', '1131', '--raw', '--subdir', 'DAGS_FOLDER/ingestion_dag.py', '--cfg-path', '/tmp/tmpz7tubj5w', '--error-file', '/tmp/tmpxgsyb5je']
[2022-06-12 17:30:26,657] {standard_task_runner.py:80} INFO - Job 1131: Subtask get_data_to_ingest_from_local_file_task
[2022-06-12 17:30:26,812] {task_command.py:370} INFO - Running <TaskInstance: ingest_data.get_data_to_ingest_from_local_file_task scheduled__2022-06-12T06:09:00+00:00 [running]> on host DESKTOP-GDPK8BL.localdomain
[2022-06-12 17:30:27,276] {taskinstance.py:1569} INFO - Exporting the following env vars:
AIRFLOW_CTX_DAG_OWNER=airflow
AIRFLOW_CTX_DAG_ID=ingest_data
AIRFLOW_CTX_TASK_ID=get_data_to_ingest_from_local_file_task
AIRFLOW_CTX_EXECUTION_DATE=2022-06-12T06:09:00+00:00
AIRFLOW_CTX_TRY_NUMBER=1
AIRFLOW_CTX_DAG_RUN_ID=scheduled__2022-06-12T06:09:00+00:00
[2022-06-12 17:30:27,346] {python.py:173} INFO - Done. Returned value was:           AT      V       AP     RH      PE
26395  10.31  37.50  1008.55  99.31  474.16
28813   8.64  41.66  1014.14  80.44  481.89
25404  21.39  51.30  1013.39  89.05  452.70
46207  22.69  59.44  1012.97  83.47  446.43
25036  29.24  60.23  1009.62  59.71  438.24
[2022-06-12 17:30:27,510] {taskinstance.py:1395} INFO - Marking task as SUCCESS. dag_id=ingest_data, task_id=get_data_to_ingest_from_local_file_task, execution_date=20220612T060900, start_date=20220612T153026, end_date=20220612T153027
[2022-06-12 17:30:27,592] {local_task_job.py:156} INFO - Task exited with return code 0
[2022-06-12 17:30:27,815] {local_task_job.py:273} INFO - 1 downstream tasks scheduled from follow-on schedule check
