[2022-06-12 16:07:33,445] {taskinstance.py:1159} INFO - Dependencies all met for <TaskInstance: ingest_data.get_data_to_ingest_from_local_file_task scheduled__2022-06-11T22:07:00+00:00 [queued]>
[2022-06-12 16:07:33,485] {taskinstance.py:1159} INFO - Dependencies all met for <TaskInstance: ingest_data.get_data_to_ingest_from_local_file_task scheduled__2022-06-11T22:07:00+00:00 [queued]>
[2022-06-12 16:07:33,486] {taskinstance.py:1356} INFO - 
--------------------------------------------------------------------------------
[2022-06-12 16:07:33,487] {taskinstance.py:1357} INFO - Starting attempt 1 of 1
[2022-06-12 16:07:33,488] {taskinstance.py:1358} INFO - 
--------------------------------------------------------------------------------
[2022-06-12 16:07:33,805] {taskinstance.py:1377} INFO - Executing <Task(_PythonDecoratedOperator): get_data_to_ingest_from_local_file_task> on 2022-06-11 22:07:00+00:00
[2022-06-12 16:07:33,822] {standard_task_runner.py:52} INFO - Started process 1883 to run task
[2022-06-12 16:07:33,822] {standard_task_runner.py:79} INFO - Running: ['airflow', 'tasks', 'run', 'ingest_data', 'get_data_to_ingest_from_local_file_task', 'scheduled__2022-06-11T22:07:00+00:00', '--job-id', '168', '--raw', '--subdir', 'DAGS_FOLDER/ingestion_dag.py', '--cfg-path', '/tmp/tmp2258x_9_', '--error-file', '/tmp/tmp1whhfhzx']
[2022-06-12 16:07:33,856] {standard_task_runner.py:80} INFO - Job 168: Subtask get_data_to_ingest_from_local_file_task
[2022-06-12 16:07:34,168] {task_command.py:370} INFO - Running <TaskInstance: ingest_data.get_data_to_ingest_from_local_file_task scheduled__2022-06-11T22:07:00+00:00 [running]> on host DESKTOP-GDPK8BL.localdomain
[2022-06-12 16:07:35,408] {taskinstance.py:1569} INFO - Exporting the following env vars:
AIRFLOW_CTX_DAG_OWNER=airflow
AIRFLOW_CTX_DAG_ID=ingest_data
AIRFLOW_CTX_TASK_ID=get_data_to_ingest_from_local_file_task
AIRFLOW_CTX_EXECUTION_DATE=2022-06-11T22:07:00+00:00
AIRFLOW_CTX_TRY_NUMBER=1
AIRFLOW_CTX_DAG_RUN_ID=scheduled__2022-06-11T22:07:00+00:00
[2022-06-12 16:07:35,489] {python.py:173} INFO - Done. Returned value was:           AT      V       AP     RH      PE
11631   8.47  41.03  1021.72  70.16  485.10
27626  33.61  69.88  1007.40  42.51  435.99
40944  14.10  44.84  1025.09  79.42  468.22
8172   26.85  73.77  1001.20  90.13  431.24
46571  10.31  42.49  1009.43  78.36  479.64
[2022-06-12 16:07:35,621] {taskinstance.py:1395} INFO - Marking task as SUCCESS. dag_id=ingest_data, task_id=get_data_to_ingest_from_local_file_task, execution_date=20220611T220700, start_date=20220612T140733, end_date=20220612T140735
[2022-06-12 16:07:35,711] {local_task_job.py:156} INFO - Task exited with return code 0
[2022-06-12 16:07:35,976] {local_task_job.py:273} INFO - 1 downstream tasks scheduled from follow-on schedule check
