[2022-06-12 17:43:54,092] {taskinstance.py:1159} INFO - Dependencies all met for <TaskInstance: ingest_data.get_data_to_ingest_from_local_file_task scheduled__2022-06-12T07:35:00+00:00 [queued]>
[2022-06-12 17:43:54,129] {taskinstance.py:1159} INFO - Dependencies all met for <TaskInstance: ingest_data.get_data_to_ingest_from_local_file_task scheduled__2022-06-12T07:35:00+00:00 [queued]>
[2022-06-12 17:43:54,130] {taskinstance.py:1356} INFO - 
--------------------------------------------------------------------------------
[2022-06-12 17:43:54,131] {taskinstance.py:1357} INFO - Starting attempt 1 of 1
[2022-06-12 17:43:54,132] {taskinstance.py:1358} INFO - 
--------------------------------------------------------------------------------
[2022-06-12 17:43:54,200] {taskinstance.py:1377} INFO - Executing <Task(_PythonDecoratedOperator): get_data_to_ingest_from_local_file_task> on 2022-06-12 07:35:00+00:00
[2022-06-12 17:43:54,206] {standard_task_runner.py:52} INFO - Started process 10494 to run task
[2022-06-12 17:43:54,218] {standard_task_runner.py:79} INFO - Running: ['airflow', 'tasks', 'run', 'ingest_data', 'get_data_to_ingest_from_local_file_task', 'scheduled__2022-06-12T07:35:00+00:00', '--job-id', '1303', '--raw', '--subdir', 'DAGS_FOLDER/ingestion_dag.py', '--cfg-path', '/tmp/tmp0bq1_us4', '--error-file', '/tmp/tmpnaajd7h6']
[2022-06-12 17:43:54,220] {standard_task_runner.py:80} INFO - Job 1303: Subtask get_data_to_ingest_from_local_file_task
[2022-06-12 17:43:54,369] {task_command.py:370} INFO - Running <TaskInstance: ingest_data.get_data_to_ingest_from_local_file_task scheduled__2022-06-12T07:35:00+00:00 [running]> on host DESKTOP-GDPK8BL.localdomain
[2022-06-12 17:43:54,840] {taskinstance.py:1569} INFO - Exporting the following env vars:
AIRFLOW_CTX_DAG_OWNER=airflow
AIRFLOW_CTX_DAG_ID=ingest_data
AIRFLOW_CTX_TASK_ID=get_data_to_ingest_from_local_file_task
AIRFLOW_CTX_EXECUTION_DATE=2022-06-12T07:35:00+00:00
AIRFLOW_CTX_TRY_NUMBER=1
AIRFLOW_CTX_DAG_RUN_ID=scheduled__2022-06-12T07:35:00+00:00
[2022-06-12 17:43:54,914] {python.py:173} INFO - Done. Returned value was:           AT      V       AP     RH      PE
16074  32.91  73.56  1007.02  55.03  434.03
39504  32.10  69.98  1013.31  55.84  431.09
12637  18.64  52.08  1004.24  99.90  451.30
5739   12.87  45.51  1015.30  86.67  475.77
38511   7.64  42.28  1008.46  84.29  484.78
[2022-06-12 17:43:55,072] {taskinstance.py:1395} INFO - Marking task as SUCCESS. dag_id=ingest_data, task_id=get_data_to_ingest_from_local_file_task, execution_date=20220612T073500, start_date=20220612T154354, end_date=20220612T154355
[2022-06-12 17:43:55,157] {local_task_job.py:156} INFO - Task exited with return code 0
[2022-06-12 17:43:55,376] {local_task_job.py:273} INFO - 1 downstream tasks scheduled from follow-on schedule check
