[2022-06-12 16:26:37,477] {taskinstance.py:1159} INFO - Dependencies all met for <TaskInstance: ingest_data.get_data_to_ingest_from_local_file_task scheduled__2022-06-11T23:57:00+00:00 [queued]>
[2022-06-12 16:26:37,506] {taskinstance.py:1159} INFO - Dependencies all met for <TaskInstance: ingest_data.get_data_to_ingest_from_local_file_task scheduled__2022-06-11T23:57:00+00:00 [queued]>
[2022-06-12 16:26:37,507] {taskinstance.py:1356} INFO - 
--------------------------------------------------------------------------------
[2022-06-12 16:26:37,507] {taskinstance.py:1357} INFO - Starting attempt 1 of 1
[2022-06-12 16:26:37,509] {taskinstance.py:1358} INFO - 
--------------------------------------------------------------------------------
[2022-06-12 16:26:37,577] {taskinstance.py:1377} INFO - Executing <Task(_PythonDecoratedOperator): get_data_to_ingest_from_local_file_task> on 2022-06-11 23:57:00+00:00
[2022-06-12 16:26:37,584] {standard_task_runner.py:52} INFO - Started process 3706 to run task
[2022-06-12 16:26:37,591] {standard_task_runner.py:79} INFO - Running: ['airflow', 'tasks', 'run', 'ingest_data', 'get_data_to_ingest_from_local_file_task', 'scheduled__2022-06-11T23:57:00+00:00', '--job-id', '388', '--raw', '--subdir', 'DAGS_FOLDER/ingestion_dag.py', '--cfg-path', '/tmp/tmph9ollnss', '--error-file', '/tmp/tmp_e00h1j1']
[2022-06-12 16:26:37,592] {standard_task_runner.py:80} INFO - Job 388: Subtask get_data_to_ingest_from_local_file_task
[2022-06-12 16:26:37,741] {task_command.py:370} INFO - Running <TaskInstance: ingest_data.get_data_to_ingest_from_local_file_task scheduled__2022-06-11T23:57:00+00:00 [running]> on host DESKTOP-GDPK8BL.localdomain
[2022-06-12 16:26:38,093] {taskinstance.py:1569} INFO - Exporting the following env vars:
AIRFLOW_CTX_DAG_OWNER=airflow
AIRFLOW_CTX_DAG_ID=ingest_data
AIRFLOW_CTX_TASK_ID=get_data_to_ingest_from_local_file_task
AIRFLOW_CTX_EXECUTION_DATE=2022-06-11T23:57:00+00:00
AIRFLOW_CTX_TRY_NUMBER=1
AIRFLOW_CTX_DAG_RUN_ID=scheduled__2022-06-11T23:57:00+00:00
[2022-06-12 16:26:38,160] {python.py:173} INFO - Done. Returned value was:           AT      V       AP     RH      PE
36723  26.17  66.54  1002.23  75.60  433.81
29342  18.87  52.08  1005.25  99.19  449.61
7226   18.39  38.52  1019.66  66.93  453.89
38308  22.56  70.79  1005.85  93.09  435.14
28914  33.76  68.51  1011.33  38.35  429.83
[2022-06-12 16:26:38,283] {taskinstance.py:1395} INFO - Marking task as SUCCESS. dag_id=ingest_data, task_id=get_data_to_ingest_from_local_file_task, execution_date=20220611T235700, start_date=20220612T142637, end_date=20220612T142638
[2022-06-12 16:26:38,368] {local_task_job.py:156} INFO - Task exited with return code 0
[2022-06-12 16:26:38,569] {local_task_job.py:273} INFO - 1 downstream tasks scheduled from follow-on schedule check
