[2022-06-12 16:12:24,506] {taskinstance.py:1159} INFO - Dependencies all met for <TaskInstance: ingest_data.save_data_task scheduled__2022-06-11T22:34:00+00:00 [queued]>
[2022-06-12 16:12:24,535] {taskinstance.py:1159} INFO - Dependencies all met for <TaskInstance: ingest_data.save_data_task scheduled__2022-06-11T22:34:00+00:00 [queued]>
[2022-06-12 16:12:24,535] {taskinstance.py:1356} INFO - 
--------------------------------------------------------------------------------
[2022-06-12 16:12:24,536] {taskinstance.py:1357} INFO - Starting attempt 1 of 1
[2022-06-12 16:12:24,536] {taskinstance.py:1358} INFO - 
--------------------------------------------------------------------------------
[2022-06-12 16:12:24,600] {taskinstance.py:1377} INFO - Executing <Task(_PythonDecoratedOperator): save_data_task> on 2022-06-11 22:34:00+00:00
[2022-06-12 16:12:24,607] {standard_task_runner.py:52} INFO - Started process 2350 to run task
[2022-06-12 16:12:24,615] {standard_task_runner.py:79} INFO - Running: ['airflow', 'tasks', 'run', 'ingest_data', 'save_data_task', 'scheduled__2022-06-11T22:34:00+00:00', '--job-id', '223', '--raw', '--subdir', 'DAGS_FOLDER/ingestion_dag.py', '--cfg-path', '/tmp/tmpv3y3s02j', '--error-file', '/tmp/tmpb7ollo8f']
[2022-06-12 16:12:24,617] {standard_task_runner.py:80} INFO - Job 223: Subtask save_data_task
[2022-06-12 16:12:24,768] {task_command.py:370} INFO - Running <TaskInstance: ingest_data.save_data_task scheduled__2022-06-11T22:34:00+00:00 [running]> on host DESKTOP-GDPK8BL.localdomain
[2022-06-12 16:12:25,159] {taskinstance.py:1569} INFO - Exporting the following env vars:
AIRFLOW_CTX_DAG_OWNER=airflow
AIRFLOW_CTX_DAG_ID=ingest_data
AIRFLOW_CTX_TASK_ID=save_data_task
AIRFLOW_CTX_EXECUTION_DATE=2022-06-11T22:34:00+00:00
AIRFLOW_CTX_TRY_NUMBER=1
AIRFLOW_CTX_DAG_RUN_ID=scheduled__2022-06-11T22:34:00+00:00
[2022-06-12 16:12:25,174] {python.py:173} INFO - Done. Returned value was: None
[2022-06-12 16:12:25,206] {taskinstance.py:1395} INFO - Marking task as SUCCESS. dag_id=ingest_data, task_id=save_data_task, execution_date=20220611T223400, start_date=20220612T141224, end_date=20220612T141225
[2022-06-12 16:12:25,271] {local_task_job.py:156} INFO - Task exited with return code 0
[2022-06-12 16:12:25,444] {local_task_job.py:273} INFO - 0 downstream tasks scheduled from follow-on schedule check
