[2022-06-12 19:48:55,940] {taskinstance.py:1159} INFO - Dependencies all met for <TaskInstance: ingest_data.get_data_to_ingest_from_local_file_task scheduled__2022-06-12T09:11:00+00:00 [queued]>
[2022-06-12 19:48:55,972] {taskinstance.py:1159} INFO - Dependencies all met for <TaskInstance: ingest_data.get_data_to_ingest_from_local_file_task scheduled__2022-06-12T09:11:00+00:00 [queued]>
[2022-06-12 19:48:55,973] {taskinstance.py:1356} INFO - 
--------------------------------------------------------------------------------
[2022-06-12 19:48:55,973] {taskinstance.py:1357} INFO - Starting attempt 1 of 1
[2022-06-12 19:48:55,974] {taskinstance.py:1358} INFO - 
--------------------------------------------------------------------------------
[2022-06-12 19:48:56,035] {taskinstance.py:1377} INFO - Executing <Task(_PythonDecoratedOperator): get_data_to_ingest_from_local_file_task> on 2022-06-12 09:11:00+00:00
[2022-06-12 19:48:56,040] {standard_task_runner.py:52} INFO - Started process 11917 to run task
[2022-06-12 19:48:56,046] {standard_task_runner.py:79} INFO - Running: ['airflow', 'tasks', 'run', 'ingest_data', 'get_data_to_ingest_from_local_file_task', 'scheduled__2022-06-12T09:11:00+00:00', '--job-id', '1495', '--raw', '--subdir', 'DAGS_FOLDER/ingestion_dag.py', '--cfg-path', '/tmp/tmpf05cv1iu', '--error-file', '/tmp/tmpbkjlhu2p']
[2022-06-12 19:48:56,048] {standard_task_runner.py:80} INFO - Job 1495: Subtask get_data_to_ingest_from_local_file_task
[2022-06-12 19:48:56,208] {task_command.py:370} INFO - Running <TaskInstance: ingest_data.get_data_to_ingest_from_local_file_task scheduled__2022-06-12T09:11:00+00:00 [running]> on host DESKTOP-GDPK8BL.localdomain
[2022-06-12 19:48:56,658] {taskinstance.py:1569} INFO - Exporting the following env vars:
AIRFLOW_CTX_DAG_OWNER=airflow
AIRFLOW_CTX_DAG_ID=ingest_data
AIRFLOW_CTX_TASK_ID=get_data_to_ingest_from_local_file_task
AIRFLOW_CTX_EXECUTION_DATE=2022-06-12T09:11:00+00:00
AIRFLOW_CTX_TRY_NUMBER=1
AIRFLOW_CTX_DAG_RUN_ID=scheduled__2022-06-12T09:11:00+00:00
[2022-06-12 19:48:56,733] {python.py:173} INFO - Done. Returned value was:           AT      V       AP     RH      PE
12794   5.06  40.64  1021.49  93.70  483.73
16616   6.29  40.78  1024.75  96.37  478.29
36068  17.57  62.10  1019.51  86.14  453.30
2688    4.31  38.50  1011.75  82.08  492.92
41757  13.78  39.85  1012.70  71.99  474.90
[2022-06-12 19:48:56,903] {taskinstance.py:1395} INFO - Marking task as SUCCESS. dag_id=ingest_data, task_id=get_data_to_ingest_from_local_file_task, execution_date=20220612T091100, start_date=20220612T174855, end_date=20220612T174856
[2022-06-12 19:48:56,984] {local_task_job.py:156} INFO - Task exited with return code 0
[2022-06-12 19:48:57,193] {local_task_job.py:273} INFO - 1 downstream tasks scheduled from follow-on schedule check
