[2022-06-12 17:04:13,221] {taskinstance.py:1159} INFO - Dependencies all met for <TaskInstance: ingest_data.get_data_to_ingest_from_local_file_task scheduled__2022-06-12T03:35:00+00:00 [queued]>
[2022-06-12 17:04:13,248] {taskinstance.py:1159} INFO - Dependencies all met for <TaskInstance: ingest_data.get_data_to_ingest_from_local_file_task scheduled__2022-06-12T03:35:00+00:00 [queued]>
[2022-06-12 17:04:13,249] {taskinstance.py:1356} INFO - 
--------------------------------------------------------------------------------
[2022-06-12 17:04:13,249] {taskinstance.py:1357} INFO - Starting attempt 1 of 1
[2022-06-12 17:04:13,250] {taskinstance.py:1358} INFO - 
--------------------------------------------------------------------------------
[2022-06-12 17:04:13,307] {taskinstance.py:1377} INFO - Executing <Task(_PythonDecoratedOperator): get_data_to_ingest_from_local_file_task> on 2022-06-12 03:35:00+00:00
[2022-06-12 17:04:13,314] {standard_task_runner.py:52} INFO - Started process 6939 to run task
[2022-06-12 17:04:13,319] {standard_task_runner.py:79} INFO - Running: ['airflow', 'tasks', 'run', 'ingest_data', 'get_data_to_ingest_from_local_file_task', 'scheduled__2022-06-12T03:35:00+00:00', '--job-id', '823', '--raw', '--subdir', 'DAGS_FOLDER/ingestion_dag.py', '--cfg-path', '/tmp/tmpqxn_xx50', '--error-file', '/tmp/tmpt9qdsoc1']
[2022-06-12 17:04:13,321] {standard_task_runner.py:80} INFO - Job 823: Subtask get_data_to_ingest_from_local_file_task
[2022-06-12 17:04:13,481] {task_command.py:370} INFO - Running <TaskInstance: ingest_data.get_data_to_ingest_from_local_file_task scheduled__2022-06-12T03:35:00+00:00 [running]> on host DESKTOP-GDPK8BL.localdomain
[2022-06-12 17:04:13,912] {taskinstance.py:1569} INFO - Exporting the following env vars:
AIRFLOW_CTX_DAG_OWNER=airflow
AIRFLOW_CTX_DAG_ID=ingest_data
AIRFLOW_CTX_TASK_ID=get_data_to_ingest_from_local_file_task
AIRFLOW_CTX_EXECUTION_DATE=2022-06-12T03:35:00+00:00
AIRFLOW_CTX_TRY_NUMBER=1
AIRFLOW_CTX_DAG_RUN_ID=scheduled__2022-06-12T03:35:00+00:00
[2022-06-12 17:04:13,991] {python.py:173} INFO - Done. Returned value was:           AT      V       AP     RH      PE
32563  17.92  44.20  1018.97  53.80  455.37
9881   25.89  74.22  1007.43  81.55  433.73
23069  10.39  40.22  1009.77  83.27  478.58
25300  14.81  42.77  1017.83  75.09  463.06
30475  13.30  37.90   997.41  91.51  465.61
[2022-06-12 17:04:14,177] {taskinstance.py:1395} INFO - Marking task as SUCCESS. dag_id=ingest_data, task_id=get_data_to_ingest_from_local_file_task, execution_date=20220612T033500, start_date=20220612T150413, end_date=20220612T150414
[2022-06-12 17:04:14,260] {local_task_job.py:156} INFO - Task exited with return code 0
[2022-06-12 17:04:14,490] {local_task_job.py:273} INFO - 1 downstream tasks scheduled from follow-on schedule check
