[2022-06-12 16:54:24,079] {taskinstance.py:1159} INFO - Dependencies all met for <TaskInstance: ingest_data.get_data_to_ingest_from_local_file_task scheduled__2022-06-12T02:38:00+00:00 [queued]>
[2022-06-12 16:54:24,107] {taskinstance.py:1159} INFO - Dependencies all met for <TaskInstance: ingest_data.get_data_to_ingest_from_local_file_task scheduled__2022-06-12T02:38:00+00:00 [queued]>
[2022-06-12 16:54:24,108] {taskinstance.py:1356} INFO - 
--------------------------------------------------------------------------------
[2022-06-12 16:54:24,108] {taskinstance.py:1357} INFO - Starting attempt 1 of 1
[2022-06-12 16:54:24,109] {taskinstance.py:1358} INFO - 
--------------------------------------------------------------------------------
[2022-06-12 16:54:24,172] {taskinstance.py:1377} INFO - Executing <Task(_PythonDecoratedOperator): get_data_to_ingest_from_local_file_task> on 2022-06-12 02:38:00+00:00
[2022-06-12 16:54:24,178] {standard_task_runner.py:52} INFO - Started process 6092 to run task
[2022-06-12 16:54:24,184] {standard_task_runner.py:79} INFO - Running: ['airflow', 'tasks', 'run', 'ingest_data', 'get_data_to_ingest_from_local_file_task', 'scheduled__2022-06-12T02:38:00+00:00', '--job-id', '709', '--raw', '--subdir', 'DAGS_FOLDER/ingestion_dag.py', '--cfg-path', '/tmp/tmpc86h0_23', '--error-file', '/tmp/tmpg6gqhf2s']
[2022-06-12 16:54:24,185] {standard_task_runner.py:80} INFO - Job 709: Subtask get_data_to_ingest_from_local_file_task
[2022-06-12 16:54:24,383] {task_command.py:370} INFO - Running <TaskInstance: ingest_data.get_data_to_ingest_from_local_file_task scheduled__2022-06-12T02:38:00+00:00 [running]> on host DESKTOP-GDPK8BL.localdomain
[2022-06-12 16:54:24,848] {taskinstance.py:1569} INFO - Exporting the following env vars:
AIRFLOW_CTX_DAG_OWNER=airflow
AIRFLOW_CTX_DAG_ID=ingest_data
AIRFLOW_CTX_TASK_ID=get_data_to_ingest_from_local_file_task
AIRFLOW_CTX_EXECUTION_DATE=2022-06-12T02:38:00+00:00
AIRFLOW_CTX_TRY_NUMBER=1
AIRFLOW_CTX_DAG_RUN_ID=scheduled__2022-06-12T02:38:00+00:00
[2022-06-12 16:54:24,934] {python.py:173} INFO - Done. Returned value was:           AT      V       AP     RH      PE
23252  22.20  63.94  1017.38  56.17  445.60
33107  24.66  72.24  1011.35  77.45  434.33
6788   19.60  60.95  1015.40  84.26  456.06
23032  23.02  69.94  1007.94  64.66  439.40
19663  26.68  49.02  1008.40  68.01  441.54
[2022-06-12 16:54:25,085] {taskinstance.py:1395} INFO - Marking task as SUCCESS. dag_id=ingest_data, task_id=get_data_to_ingest_from_local_file_task, execution_date=20220612T023800, start_date=20220612T145424, end_date=20220612T145425
[2022-06-12 16:54:25,162] {local_task_job.py:156} INFO - Task exited with return code 0
[2022-06-12 16:54:25,439] {local_task_job.py:273} INFO - 1 downstream tasks scheduled from follow-on schedule check
