[2022-06-12 17:12:10,997] {taskinstance.py:1159} INFO - Dependencies all met for <TaskInstance: ingest_data.get_data_to_ingest_from_local_file_task scheduled__2022-06-12T04:18:00+00:00 [queued]>
[2022-06-12 17:12:11,127] {taskinstance.py:1159} INFO - Dependencies all met for <TaskInstance: ingest_data.get_data_to_ingest_from_local_file_task scheduled__2022-06-12T04:18:00+00:00 [queued]>
[2022-06-12 17:12:11,128] {taskinstance.py:1356} INFO - 
--------------------------------------------------------------------------------
[2022-06-12 17:12:11,128] {taskinstance.py:1357} INFO - Starting attempt 1 of 1
[2022-06-12 17:12:11,129] {taskinstance.py:1358} INFO - 
--------------------------------------------------------------------------------
[2022-06-12 17:12:11,248] {taskinstance.py:1377} INFO - Executing <Task(_PythonDecoratedOperator): get_data_to_ingest_from_local_file_task> on 2022-06-12 04:18:00+00:00
[2022-06-12 17:12:11,255] {standard_task_runner.py:52} INFO - Started process 7587 to run task
[2022-06-12 17:12:11,266] {standard_task_runner.py:79} INFO - Running: ['airflow', 'tasks', 'run', 'ingest_data', 'get_data_to_ingest_from_local_file_task', 'scheduled__2022-06-12T04:18:00+00:00', '--job-id', '910', '--raw', '--subdir', 'DAGS_FOLDER/ingestion_dag.py', '--cfg-path', '/tmp/tmpq51lt60h', '--error-file', '/tmp/tmpj0g7baa6']
[2022-06-12 17:12:11,268] {standard_task_runner.py:80} INFO - Job 910: Subtask get_data_to_ingest_from_local_file_task
[2022-06-12 17:12:11,483] {task_command.py:370} INFO - Running <TaskInstance: ingest_data.get_data_to_ingest_from_local_file_task scheduled__2022-06-12T04:18:00+00:00 [running]> on host DESKTOP-GDPK8BL.localdomain
[2022-06-12 17:12:12,226] {taskinstance.py:1569} INFO - Exporting the following env vars:
AIRFLOW_CTX_DAG_OWNER=airflow
AIRFLOW_CTX_DAG_ID=ingest_data
AIRFLOW_CTX_TASK_ID=get_data_to_ingest_from_local_file_task
AIRFLOW_CTX_EXECUTION_DATE=2022-06-12T04:18:00+00:00
AIRFLOW_CTX_TRY_NUMBER=1
AIRFLOW_CTX_DAG_RUN_ID=scheduled__2022-06-12T04:18:00+00:00
[2022-06-12 17:12:12,316] {python.py:173} INFO - Done. Returned value was:           AT      V       AP     RH      PE
3098   32.48  69.89  1013.98  46.39  434.13
20717  18.87  62.96  1020.55  82.87  455.22
15627  29.64  54.20  1013.00  39.56  438.12
15715  18.24  59.15  1012.00  84.40  449.48
37398  21.97  69.23  1012.25  86.45  443.85
[2022-06-12 17:12:12,507] {taskinstance.py:1395} INFO - Marking task as SUCCESS. dag_id=ingest_data, task_id=get_data_to_ingest_from_local_file_task, execution_date=20220612T041800, start_date=20220612T151210, end_date=20220612T151212
[2022-06-12 17:12:12,607] {local_task_job.py:156} INFO - Task exited with return code 0
[2022-06-12 17:12:12,813] {local_task_job.py:273} INFO - 1 downstream tasks scheduled from follow-on schedule check
