[2022-06-12 17:39:55,631] {taskinstance.py:1159} INFO - Dependencies all met for <TaskInstance: ingest_data.get_data_to_ingest_from_local_file_task scheduled__2022-06-12T07:10:00+00:00 [queued]>
[2022-06-12 17:39:55,660] {taskinstance.py:1159} INFO - Dependencies all met for <TaskInstance: ingest_data.get_data_to_ingest_from_local_file_task scheduled__2022-06-12T07:10:00+00:00 [queued]>
[2022-06-12 17:39:55,661] {taskinstance.py:1356} INFO - 
--------------------------------------------------------------------------------
[2022-06-12 17:39:55,661] {taskinstance.py:1357} INFO - Starting attempt 1 of 1
[2022-06-12 17:39:55,662] {taskinstance.py:1358} INFO - 
--------------------------------------------------------------------------------
[2022-06-12 17:39:55,713] {taskinstance.py:1377} INFO - Executing <Task(_PythonDecoratedOperator): get_data_to_ingest_from_local_file_task> on 2022-06-12 07:10:00+00:00
[2022-06-12 17:39:55,719] {standard_task_runner.py:52} INFO - Started process 10125 to run task
[2022-06-12 17:39:55,725] {standard_task_runner.py:79} INFO - Running: ['airflow', 'tasks', 'run', 'ingest_data', 'get_data_to_ingest_from_local_file_task', 'scheduled__2022-06-12T07:10:00+00:00', '--job-id', '1253', '--raw', '--subdir', 'DAGS_FOLDER/ingestion_dag.py', '--cfg-path', '/tmp/tmpdkl2koc7', '--error-file', '/tmp/tmphea6bpsp']
[2022-06-12 17:39:55,727] {standard_task_runner.py:80} INFO - Job 1253: Subtask get_data_to_ingest_from_local_file_task
[2022-06-12 17:39:55,893] {task_command.py:370} INFO - Running <TaskInstance: ingest_data.get_data_to_ingest_from_local_file_task scheduled__2022-06-12T07:10:00+00:00 [running]> on host DESKTOP-GDPK8BL.localdomain
[2022-06-12 17:39:56,348] {taskinstance.py:1569} INFO - Exporting the following env vars:
AIRFLOW_CTX_DAG_OWNER=airflow
AIRFLOW_CTX_DAG_ID=ingest_data
AIRFLOW_CTX_TASK_ID=get_data_to_ingest_from_local_file_task
AIRFLOW_CTX_EXECUTION_DATE=2022-06-12T07:10:00+00:00
AIRFLOW_CTX_TRY_NUMBER=1
AIRFLOW_CTX_DAG_RUN_ID=scheduled__2022-06-12T07:10:00+00:00
[2022-06-12 17:39:56,421] {python.py:173} INFO - Done. Returned value was:           AT      V       AP     RH      PE
42325   9.43  43.69  1017.28  91.80  478.48
11627  23.83  64.15  1020.93  63.86  447.95
20761   5.12  40.78  1025.45  96.88  481.28
36267   9.55  41.44  1015.07  85.94  481.75
41998  26.75  56.57  1013.76  57.93  443.92
[2022-06-12 17:39:56,584] {taskinstance.py:1395} INFO - Marking task as SUCCESS. dag_id=ingest_data, task_id=get_data_to_ingest_from_local_file_task, execution_date=20220612T071000, start_date=20220612T153955, end_date=20220612T153956
[2022-06-12 17:39:56,663] {local_task_job.py:156} INFO - Task exited with return code 0
[2022-06-12 17:39:56,880] {local_task_job.py:273} INFO - 1 downstream tasks scheduled from follow-on schedule check
