[2022-06-12 17:49:29,240] {taskinstance.py:1159} INFO - Dependencies all met for <TaskInstance: ingest_data.get_data_to_ingest_from_local_file_task scheduled__2022-06-12T08:10:00+00:00 [queued]>
[2022-06-12 17:49:29,276] {taskinstance.py:1159} INFO - Dependencies all met for <TaskInstance: ingest_data.get_data_to_ingest_from_local_file_task scheduled__2022-06-12T08:10:00+00:00 [queued]>
[2022-06-12 17:49:29,277] {taskinstance.py:1356} INFO - 
--------------------------------------------------------------------------------
[2022-06-12 17:49:29,277] {taskinstance.py:1357} INFO - Starting attempt 1 of 1
[2022-06-12 17:49:29,278] {taskinstance.py:1358} INFO - 
--------------------------------------------------------------------------------
[2022-06-12 17:49:29,348] {taskinstance.py:1377} INFO - Executing <Task(_PythonDecoratedOperator): get_data_to_ingest_from_local_file_task> on 2022-06-12 08:10:00+00:00
[2022-06-12 17:49:29,361] {standard_task_runner.py:79} INFO - Running: ['airflow', 'tasks', 'run', 'ingest_data', 'get_data_to_ingest_from_local_file_task', 'scheduled__2022-06-12T08:10:00+00:00', '--job-id', '1373', '--raw', '--subdir', 'DAGS_FOLDER/ingestion_dag.py', '--cfg-path', '/tmp/tmp6863hg52', '--error-file', '/tmp/tmp2vwd2m38']
[2022-06-12 17:49:29,364] {standard_task_runner.py:80} INFO - Job 1373: Subtask get_data_to_ingest_from_local_file_task
[2022-06-12 17:49:29,354] {standard_task_runner.py:52} INFO - Started process 11011 to run task
[2022-06-12 17:49:29,529] {task_command.py:370} INFO - Running <TaskInstance: ingest_data.get_data_to_ingest_from_local_file_task scheduled__2022-06-12T08:10:00+00:00 [running]> on host DESKTOP-GDPK8BL.localdomain
[2022-06-12 17:49:29,999] {taskinstance.py:1569} INFO - Exporting the following env vars:
AIRFLOW_CTX_DAG_OWNER=airflow
AIRFLOW_CTX_DAG_ID=ingest_data
AIRFLOW_CTX_TASK_ID=get_data_to_ingest_from_local_file_task
AIRFLOW_CTX_EXECUTION_DATE=2022-06-12T08:10:00+00:00
AIRFLOW_CTX_TRY_NUMBER=1
AIRFLOW_CTX_DAG_RUN_ID=scheduled__2022-06-12T08:10:00+00:00
[2022-06-12 17:49:30,069] {python.py:173} INFO - Done. Returned value was:           AT      V       AP     RH      PE
14192  16.31  42.28  1007.45  77.77  466.49
10320  17.47  58.16  1016.36  82.26  456.97
12397  22.05  48.14  1015.81  69.94  447.37
5486    5.79  39.61  1021.64  85.41  489.60
34414  21.16  50.66  1014.13  72.77  455.86
[2022-06-12 17:49:30,230] {taskinstance.py:1395} INFO - Marking task as SUCCESS. dag_id=ingest_data, task_id=get_data_to_ingest_from_local_file_task, execution_date=20220612T081000, start_date=20220612T154929, end_date=20220612T154930
[2022-06-12 17:49:30,307] {local_task_job.py:156} INFO - Task exited with return code 0
[2022-06-12 17:49:30,527] {local_task_job.py:273} INFO - 1 downstream tasks scheduled from follow-on schedule check
