[2022-06-12 17:44:12,068] {taskinstance.py:1159} INFO - Dependencies all met for <TaskInstance: ingest_data.get_data_to_ingest_from_local_file_task scheduled__2022-06-12T07:37:00+00:00 [queued]>
[2022-06-12 17:44:12,105] {taskinstance.py:1159} INFO - Dependencies all met for <TaskInstance: ingest_data.get_data_to_ingest_from_local_file_task scheduled__2022-06-12T07:37:00+00:00 [queued]>
[2022-06-12 17:44:12,106] {taskinstance.py:1356} INFO - 
--------------------------------------------------------------------------------
[2022-06-12 17:44:12,106] {taskinstance.py:1357} INFO - Starting attempt 1 of 1
[2022-06-12 17:44:12,107] {taskinstance.py:1358} INFO - 
--------------------------------------------------------------------------------
[2022-06-12 17:44:12,170] {taskinstance.py:1377} INFO - Executing <Task(_PythonDecoratedOperator): get_data_to_ingest_from_local_file_task> on 2022-06-12 07:37:00+00:00
[2022-06-12 17:44:12,184] {standard_task_runner.py:79} INFO - Running: ['airflow', 'tasks', 'run', 'ingest_data', 'get_data_to_ingest_from_local_file_task', 'scheduled__2022-06-12T07:37:00+00:00', '--job-id', '1307', '--raw', '--subdir', 'DAGS_FOLDER/ingestion_dag.py', '--cfg-path', '/tmp/tmprkdlb2sj', '--error-file', '/tmp/tmpwax5_t23']
[2022-06-12 17:44:12,184] {standard_task_runner.py:52} INFO - Started process 10524 to run task
[2022-06-12 17:44:12,186] {standard_task_runner.py:80} INFO - Job 1307: Subtask get_data_to_ingest_from_local_file_task
[2022-06-12 17:44:12,325] {task_command.py:370} INFO - Running <TaskInstance: ingest_data.get_data_to_ingest_from_local_file_task scheduled__2022-06-12T07:37:00+00:00 [running]> on host DESKTOP-GDPK8BL.localdomain
[2022-06-12 17:44:12,719] {taskinstance.py:1569} INFO - Exporting the following env vars:
AIRFLOW_CTX_DAG_OWNER=airflow
AIRFLOW_CTX_DAG_ID=ingest_data
AIRFLOW_CTX_TASK_ID=get_data_to_ingest_from_local_file_task
AIRFLOW_CTX_EXECUTION_DATE=2022-06-12T07:37:00+00:00
AIRFLOW_CTX_TRY_NUMBER=1
AIRFLOW_CTX_DAG_RUN_ID=scheduled__2022-06-12T07:37:00+00:00
[2022-06-12 17:44:12,804] {python.py:173} INFO - Done. Returned value was:           AT      V       AP     RH      PE
22959  32.51  69.98  1011.92  49.45  428.37
12432  23.19  48.60  1002.38  61.19  445.52
27163  25.33  71.32  1007.05  85.31  434.68
7294   18.89  43.56  1012.79  38.63  463.91
35152  16.73  58.59  1015.02  89.61  455.30
[2022-06-12 17:44:12,941] {taskinstance.py:1395} INFO - Marking task as SUCCESS. dag_id=ingest_data, task_id=get_data_to_ingest_from_local_file_task, execution_date=20220612T073700, start_date=20220612T154412, end_date=20220612T154412
[2022-06-12 17:44:13,007] {local_task_job.py:156} INFO - Task exited with return code 0
[2022-06-12 17:44:13,226] {local_task_job.py:273} INFO - 1 downstream tasks scheduled from follow-on schedule check
